[16/1/2021 17:13:14] /shutdown
[16/1/2021 17:22:48] /shutdown
[16/1/2021 17:23:16] /i Passe de Batalha Premium
[16/1/2021 17:23:37] /goto gennin
[16/1/2021 17:23:56] /goto premium task
[16/1/2021 17:25:1] /i 3965
[16/1/2021 17:25:29] /shutdown
[16/1/2021 17:25:59] /goto Jounin
[16/1/2021 17:26:3] /goto Jounnin
[16/1/2021 17:26:26] /goto Premium tasks
[16/1/2021 17:26:30] /goto premium task
[16/1/2021 17:33:19] /goto cursed ghost
[16/1/2021 17:33:40] /goto cursed ghost
[16/1/2021 17:33:50] /goto cursed ghost
[16/1/2021 17:33:59] /goto Premium task
[16/1/2021 17:35:8] /i star up
[16/1/2021 17:35:9] /i star up
[20/1/2021 1:42:41] /t
[20/1/2021 1:42:44] /down
[21/1/2021 2:43:58] /shutdown
[22/1/2021 1:45:10] /i lee boots
[22/1/2021 1:45:14] /i tajutus boots
[22/1/2021 1:45:18] /i taijutsu boots
[22/1/2021 1:45:25] /i Rock Boots
[22/1/2021 1:45:34] /i 2119
[22/1/2021 1:45:43] /i 2120
[22/1/2021 1:45:58] /i 2146
[22/1/2021 1:46:2] /i 2147
[23/1/2021 8:6:28] /down
[23/1/2021 8:6:30] /a 40
[23/1/2021 8:6:31] /a 20
[23/1/2021 8:6:32] /a 20
[23/1/2021 8:41:31] /i paper bomb
[25/1/2021 23:18:17] /t
[25/1/2021 23:18:21] /save
[25/1/2021 23:18:23] /shutdown
[25/1/2021 23:19:14] /i 11501
[25/1/2021 23:19:52] /t
[25/1/2021 23:19:54] /goto Jounnin
[25/1/2021 23:20:5] /t
[25/1/2021 23:21:16] /i star up
[25/1/2021 23:24:20] /shutdown
[25/1/2021 23:25:2] /goto Jounnin
[25/1/2021 23:25:15] /goto premium task
[25/1/2021 23:26:6] /i 3965
[26/1/2021 0:50:51] /goto sharkao
[26/1/2021 0:52:44] /i 11501
[26/1/2021 0:53:37] /i madara armor
[26/1/2021 0:53:39] /i madara legs
[26/1/2021 0:53:42] /i madara boots
[26/1/2021 0:53:44] /i rinnegan mask
[26/1/2021 0:54:13] /i 11466
[26/1/2021 0:54:18] /i 11467
[26/1/2021 0:54:43] /i 11508
[26/1/2021 0:54:52] /save
[26/1/2021 0:57:0] /save
[26/1/2021 0:57:1] /save
[26/1/2021 0:57:3] /shutdown
[26/1/2021 1:6:33] /shutdown
[26/1/2021 1:6:51] /i 11508
[26/1/2021 1:8:30] /shutdown
[26/1/2021 1:8:50] /i 11508
[26/1/2021 1:9:16] /goto Nejizada
[26/1/2021 1:9:37] /c Nejiizada
[26/1/2021 1:9:42] /goto premium task
[26/1/2021 1:9:45] /c nejiizada
[26/1/2021 1:10:56] /c kankuz
[26/1/2021 1:11:24] /m gennin
[26/1/2021 1:11:24] /m gennin
[26/1/2021 1:11:24] /m gennin
[26/1/2021 1:11:25] /m gennin
[26/1/2021 1:11:25] /m gennin
[26/1/2021 1:11:34] /i madara armor
[26/1/2021 1:11:43] /i hashirama armor
[26/1/2021 1:11:52] /i hashirama legs
[26/1/2021 1:11:57] /i hashirama boots
[26/1/2021 1:12:2] /i hanzou helmet
[26/1/2021 1:12:19] /m wolf
[26/1/2021 1:12:21] /m wolf
[26/1/2021 1:13:24] /goto premium task
[26/1/2021 1:13:26] /c kankuz
[26/1/2021 1:14:17] /c tentena
[26/1/2021 1:14:22] /c cegueta
[26/1/2021 1:15:14] /m wolf
[26/1/2021 1:15:24] /i hashirama armor
[26/1/2021 1:15:27] /m wolf
[26/1/2021 1:15:28] /m wolf
[26/1/2021 1:15:28] /m wolf
[26/1/2021 1:15:28] /m wolf
[26/1/2021 1:15:29] /m wolf
[26/1/2021 1:15:29] /m wolf
[26/1/2021 1:15:29] /m wolf
[26/1/2021 1:15:34] /i cetro rikkudou
[26/1/2021 1:15:37] /m wolf
[26/1/2021 1:15:38] /m wolf
[26/1/2021 1:15:39] /m wolf
[26/1/2021 1:15:39] /m wolf
[26/1/2021 1:15:40] /m wolf
[26/1/2021 1:15:41] /m wolf
[26/1/2021 1:15:41] /m wolf
[26/1/2021 1:15:42] /m wolf
[26/1/2021 1:15:47] /i kage gloves
[26/1/2021 1:15:54] /i naruto
[26/1/2021 1:15:56] /m naruto
[26/1/2021 1:16:17] /m naruto
[26/1/2021 1:16:19] /m naruto
[26/1/2021 1:16:32] /i hashirama legs
[26/1/2021 1:16:39] /i hashirama boots
[26/1/2021 1:16:53] /m naruto
[26/1/2021 1:16:54] /m naruto
[26/1/2021 1:17:34] /goto premium task
[26/1/2021 1:17:36] /c cegueta
[26/1/2021 1:20:33] /i 11501
[26/1/2021 1:20:37] /i 11501
[26/1/2021 1:20:38] /i 11501
[26/1/2021 1:20:38] /i 11501
[26/1/2021 1:20:45] /i 11501
[26/1/2021 1:20:46] /i 11501
[26/1/2021 1:20:52] /i 11501
[26/1/2021 1:20:52] /i 11501
[26/1/2021 1:20:53] /i 11501
[26/1/2021 1:20:54] /i 11501
[26/1/2021 1:21:28] /i 11501
[26/1/2021 1:21:28] /i 11501
[26/1/2021 1:21:28] /i 11501
[26/1/2021 1:22:22] /r
[26/1/2021 1:22:22] /r
[26/1/2021 1:22:23] /r
[26/1/2021 1:22:24] /r
[26/1/2021 1:22:24] /r
[26/1/2021 1:22:25] /r
[26/1/2021 1:22:26] /r
[26/1/2021 1:22:27] /r
[26/1/2021 1:22:28] /r
[26/1/2021 1:22:29] /r
[26/1/2021 1:22:29] /r
[26/1/2021 1:22:30] /r
[26/1/2021 1:22:31] /r
[26/1/2021 1:22:33] /r
[26/1/2021 1:22:35] /r
[26/1/2021 1:22:37] /r
[26/1/2021 1:22:46] /shutdown
[26/1/2021 1:23:12] /i 11508
[26/1/2021 1:25:42] /shutdown
[26/1/2021 1:35:58] /i 11508
[26/1/2021 2:2:42] /i 11508
[26/1/2021 2:3:5] /shutdown
[26/1/2021 2:3:35] /i 11508
[26/1/2021 2:4:7] /i star up
[26/1/2021 2:4:8] /i star up
[26/1/2021 2:4:58] /save
[26/1/2021 2:4:59] /shutdown
[26/1/2021 2:6:36] /c cegueta
[26/1/2021 2:6:41] /attr vocation 1
[26/1/2021 2:7:13] /i 11504
[26/1/2021 2:10:51] /i 11505
[26/1/2021 2:11:0] /i 11506
[26/1/2021 2:11:9] /i 11503
[26/1/2021 2:11:12] /i 11502
[26/1/2021 2:13:27] /newtype 641
[26/1/2021 2:14:12] /shutdown
[26/1/2021 2:14:31] /i 11504
[26/1/2021 2:14:37] /i 11503
[26/1/2021 2:24:44] /shutdown
[26/1/2021 2:27:9] /shutdown
[26/1/2021 2:27:39] /i 11502
[26/1/2021 2:28:21] /shutdown
[26/1/2021 2:30:9] /shutdown
[26/1/2021 2:33:14] /shutdown
[26/1/2021 2:35:50] /shutdown
[26/1/2021 2:42:6] /shutdown
[26/1/2021 2:45:50] /goto premiu task
[26/1/2021 2:45:55] /goto premium task
[26/1/2021 2:45:57] /c fuuton
[26/1/2021 2:46:15] /goto fuuton
[26/1/2021 2:46:22] /m naruto
[26/1/2021 2:51:22] /m naruto
[26/1/2021 2:51:24] /reload actions
[26/1/2021 2:51:38] /m naruto
[26/1/2021 2:51:43] /m naruto
[26/1/2021 3:5:5] /m naruto
[26/1/2021 3:5:18] /m naruto
[26/1/2021 3:5:27] /m naruto
[26/1/2021 3:5:39] /goto premium tasks
[26/1/2021 3:5:42] /goto premium task
[26/1/2021 3:5:45] /c fuuton
[26/1/2021 3:7:6] /goto naruto
[26/1/2021 3:7:11] /c fuuton
[26/1/2021 3:8:2] /n premium task
[26/1/2021 3:8:6] /c premium task
[26/1/2021 3:9:51] /shutdown
[27/1/2021 0:41:58] /t
[27/1/2021 1:57:38] /shutdown
[27/1/2021 2:9:8] /shutdown
[27/1/2021 2:11:38] /shutdown
[27/1/2021 2:12:4] /i susanoo I
[27/1/2021 2:12:8] /i 11503
[27/1/2021 2:12:12] /i 11502
[27/1/2021 2:12:25] /i gloves box
[27/1/2021 2:14:40] /shutdown
[29/1/2021 1:55:56] /shutdown
[29/1/2021 3:15:40] /shutdown
[29/1/2021 3:16:1] /i 11509
[30/1/2021 3:45:4] /shutdown
[30/1/2021 3:58:37] !missao
[30/1/2021 4:6:7] /i 11509
[30/1/2021 4:7:18] /newtype 150
[30/1/2021 4:7:31] /newtype 305
[30/1/2021 4:7:36] /newtype 306
[30/1/2021 4:7:39] /newtype 307
[30/1/2021 4:7:41] /newtype 308
[30/1/2021 4:7:42] /newtype 309
[30/1/2021 4:7:46] /newtype 354
[30/1/2021 4:7:47] /newtype 354
[30/1/2021 4:7:51] /newtype 356
[30/1/2021 4:7:55] /newtype 357
[30/1/2021 4:7:57] /newtype 358
[30/1/2021 4:8:0] /newtype 359
[30/1/2021 4:8:2] /newtype 360
[30/1/2021 4:8:4] /newtype 600
[30/1/2021 4:8:7] /newtype 541
[30/1/2021 4:8:12] /newtype 500
[30/1/2021 4:8:15] /newtype 147
[30/1/2021 4:8:17] /newtype 148
[30/1/2021 4:8:21] /newtype 149
[30/1/2021 4:8:23] /newtype 157
[30/1/2021 4:8:25] /newtype 158
[30/1/2021 4:8:27] /newtype 159
[30/1/2021 4:8:32] /newtype 162
[30/1/2021 4:8:36] /newtype 204
[30/1/2021 4:8:38] /newtype 205
[30/1/2021 4:8:41] /newtype 208
[30/1/2021 4:8:43] /newtype 209
[30/1/2021 4:8:45] /newtype 210
[30/1/2021 4:8:48] /newtype 212
[30/1/2021 4:8:51] /newtype 247
[30/1/2021 4:8:53] /newtype 249
[30/1/2021 4:9:0] /newtype 297
[30/1/2021 4:9:3] /newtype 278
[30/1/2021 4:9:5] /newtype 279
[30/1/2021 4:9:10] /newtype 293
[30/1/2021 4:9:13] /newtype 294
[30/1/2021 4:9:18] /newtype 293
[30/1/2021 4:9:20] /newtype 292
[30/1/2021 4:9:23] /newtype 290
[30/1/2021 4:9:26] /newtype 298
[30/1/2021 4:9:28] /newtype 299
[30/1/2021 4:9:34] /newtype 324
[30/1/2021 4:9:37] /newtype 325
[30/1/2021 4:9:38] /newtype 328
[30/1/2021 4:9:39] /newtype 329
[30/1/2021 4:9:42] /newtype 330
[30/1/2021 4:9:43] /newtype 331
[30/1/2021 4:9:44] /newtype 332
[30/1/2021 4:9:46] /newtype 333
[30/1/2021 4:9:47] /newtype 
[30/1/2021 4:9:49] /newtype 334
[30/1/2021 4:9:50] /newtype 335
[30/1/2021 4:9:53] /newtype 336
[30/1/2021 4:9:56] /newtype 338
[30/1/2021 4:9:59] /newtype 339
[30/1/2021 4:10:3] /newtype 340
[30/1/2021 4:10:7] /newtype 341
[30/1/2021 4:10:20] /newtype 339
[30/1/2021 4:10:26] /newtype 345
[30/1/2021 4:10:27] /newtype 346
[30/1/2021 4:10:28] /newtype 349
[30/1/2021 4:10:31] /newtype 351
[30/1/2021 4:10:32] /newtype 355
[30/1/2021 4:10:34] /newtype 352
[30/1/2021 4:10:37] /newtype 354
[30/1/2021 4:10:40] /newtype 353
[30/1/2021 4:10:42] /newtype 356
[30/1/2021 4:13:0] /shutdown
[30/1/2021 4:13:38] /n Electronic engineer
[30/1/2021 4:13:48] /n Electronic Engineer
[30/1/2021 4:17:0] /shutdown
[30/1/2021 4:17:37] /closeserver
[30/1/2021 4:20:33] /reload npc
[30/1/2021 4:21:2] /c max
[30/1/2021 4:21:24] /openserver
[30/1/2021 4:29:11] /reload npc
[30/1/2021 4:29:36] /shutdown
[30/1/2021 4:32:4] /reload npcs
[30/1/2021 4:32:58] /reload npc
[30/1/2021 4:33:20] /reload npc
[30/1/2021 4:35:1] /reload npc
[30/1/2021 4:35:34] /reload npc
[30/1/2021 4:36:4] /reload npc
[30/1/2021 4:39:20] /reload npc
[30/1/2021 4:43:28] /reload npc
[30/1/2021 4:45:59] /reload npc
[30/1/2021 4:47:22] /i fun coins
[30/1/2021 4:47:24] /i fun coin
[30/1/2021 4:47:46] /i fun coin
[30/1/2021 4:50:0] /reload npc
[30/1/2021 4:50:1] /t
[30/1/2021 4:50:35] /reload npc
[30/1/2021 4:51:31] /reload npc
[30/1/2021 4:53:11] /shutdown
[30/1/2021 4:54:45] /closeserver
[30/1/2021 5:17:28] /shutdown
[30/1/2021 5:18:29] /closeserver
[30/1/2021 5:45:39] /i master shuriken
[30/1/2021 5:56:30] /closeserver
