[05/11/2013 11:55:30] /a 5
[05/11/2013 11:55:31] /a 5
[05/11/2013 11:55:31] /a 5
[05/11/2013 11:55:31] /a 5
[05/11/2013 11:55:31] /a 5
[05/11/2013 11:55:32] /a 5
[05/11/2013 11:55:32] /a 5
[05/11/2013 11:55:32] /a 5
[05/11/2013 11:55:32] /a 5
[05/11/2013 11:55:32] /a 5
[05/11/2013 11:55:32] /a 5
[05/11/2013 11:55:32] /a 5
[05/11/2013 11:55:32] /a 5
[05/11/2013 11:55:32] /a 5
[05/11/2013 11:55:32] /a 5
[05/11/2013 11:55:32] /a 5
[05/11/2013 11:55:33] /a 5
[05/11/2013 11:55:33] /a 5
[05/11/2013 11:55:33] /a 5
[05/11/2013 11:55:33] /a 5
[05/11/2013 11:55:33] /a 5
[05/11/2013 11:55:33] /a 5
[05/11/2013 11:55:34] /a 5
[05/11/2013 11:56:10] /b Gente duvida so fala
[05/11/2013 11:56:43] /b Evento so com o adm nii em 
[05/11/2013 12:09:15] /t
[05/11/2013 15:11:31] /t
[05/11/2013 23:32:16] /a 5
[05/11/2013 23:32:17] /a 5
[05/11/2013 23:32:17] /a 5
[05/11/2013 23:32:18] /a 5
[05/11/2013 23:32:18] /a 5
[05/11/2013 23:32:18] /a 5
[05/11/2013 23:32:18] /a 5
[05/11/2013 23:32:18] /a 5
[05/11/2013 23:32:18] /a 5
[05/11/2013 23:32:18] /a 5
[05/11/2013 23:32:21] /a 5
[05/11/2013 23:32:22] /a 5
[05/11/2013 23:33:20] /goto
[05/11/2013 23:33:28] /m
[05/11/2013 23:34:06] /s
[05/11/2013 23:35:11] /owner
[05/11/2013 23:38:19] /owner Poring loko
[05/11/2013 23:38:58] /owner Poring loko 235
[05/11/2013 23:39:54] /t
[05/11/2013 23:43:32] /goto Poring loko
[05/11/2013 23:43:44] /t
[05/11/2013 23:43:54] /a
[05/11/2013 23:50:42] /t
[05/11/2013 23:52:27] /goto Poring loko
[05/11/2013 23:52:52] /t
[05/11/2013 23:59:08] /t
[06/11/2013 00:12:25] /goto [ADM] Mario
[06/11/2013 00:12:56] /t
[08/11/2013 00:01:00] /goto Poring loko
[08/11/2013 00:01:30] /t
[08/11/2013 00:03:25] /goto [ADM] Sai 
[08/11/2013 00:03:47] /goto Poring loko
[08/11/2013 00:04:36] /t
[08/11/2013 00:06:14] /goto Sakurana
[08/11/2013 00:13:16] /goto PoDeRoSo CaSTiGa 
[08/11/2013 00:14:55] /a 2
[08/11/2013 00:17:52] /t
