[29/6/2017 23:24:16] /goto kauas
[29/6/2017 23:25:15] /i explosion kunai
[29/6/2017 23:25:44] /t
[29/6/2017 23:25:49] /town 1
[29/6/2017 23:26:3] /c jounin
[29/6/2017 23:26:15] /m junnin
[29/6/2017 23:26:19] /m jounnin
[29/6/2017 23:27:6] /m jounnin
[29/6/2017 23:27:7] /m jounnin
[29/6/2017 23:27:42] /newtype 300
[29/6/2017 23:27:44] /newtype 302
[29/6/2017 23:27:48] /newtype 255
[29/6/2017 23:27:49] /newtype 254
[29/6/2017 23:28:11] /newtype 352
[29/6/2017 23:28:13] /newtype 351
[29/6/2017 23:28:18] /newtype 324
[29/6/2017 23:28:19] /newtype 323
[29/6/2017 23:28:22] /newtype 341
[29/6/2017 23:28:26] /newtype 354
[29/6/2017 23:28:27] /newtype 353
[29/6/2017 23:28:28] /newtype 352
[29/6/2017 23:28:29] /newtype 351
[29/6/2017 23:28:32] /newtype 365
[29/6/2017 23:28:33] /newtype 364
[29/6/2017 23:28:34] /newtype 363
[29/6/2017 23:28:35] /newtype 362
[29/6/2017 23:28:39] /newtype 235
[29/6/2017 23:28:40] /newtype 234
[29/6/2017 23:28:41] /newtype 233
[29/6/2017 23:28:43] /newtype 232
[29/6/2017 23:28:44] /newtype 231
[29/6/2017 23:28:46] /newtype 235
[29/6/2017 23:28:47] /newtype 234
[29/6/2017 23:28:48] /newtype 236
[29/6/2017 23:29:5] /m jounnin
[29/6/2017 23:29:7] /m jounnin
[29/6/2017 23:29:50] /i eletrix
[29/6/2017 23:29:52] /i eletric
[29/6/2017 23:29:54] /i eletric sword
[29/6/2017 23:30:5] /i eletric katana
[29/6/2017 23:30:18] /i ema staff
[29/6/2017 23:30:25] /i elma staff
[29/6/2017 23:30:31] /i emma staff
[29/6/2017 23:30:38] /i 2160
[29/6/2017 23:30:47] /i enchanted gloves
[29/6/2017 23:31:40] /i samehada sword
[29/6/2017 23:31:51] /t
[29/6/2017 23:31:53] /town 1
[29/6/2017 23:31:59] /t kauas
[29/6/2017 23:32:3] /r
[29/6/2017 23:33:10] /attr group 6
[29/6/2017 23:33:12] /r
[29/6/2017 23:34:7] /newtype 236
[29/6/2017 23:35:13] /goto [ADM] Kauas
[29/6/2017 23:35:25] /i samehada
[29/6/2017 23:35:35] /a 4
[29/6/2017 23:35:42] /t
[29/6/2017 23:35:46] /town 1
[29/6/2017 23:35:53] /c [ADM] Kauas
[29/6/2017 23:36:40] /t
[29/6/2017 23:36:49] /t
[29/6/2017 23:36:51] /town 1
[29/6/2017 23:39:44] /goto gaara boss
[29/6/2017 23:39:47] /t
[29/6/2017 23:39:51] /town 1
[29/6/2017 23:44:17] /i 2160
[29/6/2017 23:44:18] /i 2160
[29/6/2017 23:44:18] /i 2160
[29/6/2017 23:44:18] /i 2160
[29/6/2017 23:44:19] /i 2160
[29/6/2017 23:44:21] /i 2160
[29/6/2017 23:44:21] /i 2160
[29/6/2017 23:44:21] /i 2160
[29/6/2017 23:45:17] /ghost
[29/6/2017 23:46:10] /save
[29/6/2017 23:47:19] /goto Viper
[29/6/2017 23:47:37] /i kunai explosion
[29/6/2017 23:50:39] /goto jounnin
[29/6/2017 23:50:44] /c viper
[30/6/2017 0:1:38] /goto Juninho Rushz
[30/6/2017 0:1:40] /goto Juninho Rushz
[30/6/2017 0:1:41] /goto Juninho Rushz
[30/6/2017 0:1:42] /goto Juninho Rushz
[30/6/2017 0:1:42] /goto Juninho Rushz
[30/6/2017 0:1:43] /goto Juninho Rushz
[30/6/2017 0:1:44] /goto Juninho Rushz
[30/6/2017 0:1:45] /t
[30/6/2017 0:1:51] /town 1
[30/6/2017 0:3:21] /goto shinobi star
[30/6/2017 0:3:27] /c viper
[30/6/2017 0:5:54] /m Shinobi Star
[30/6/2017 0:5:54] /m Shinobi Star
[30/6/2017 0:5:55] /m Shinobi Star
[30/6/2017 0:5:55] /m Shinobi Star
[30/6/2017 0:5:55] /m Shinobi Star
[30/6/2017 0:5:56] /m Shinobi Star
[30/6/2017 0:5:56] /m Shinobi Star
[30/6/2017 0:5:56] /m Shinobi Star
[30/6/2017 0:5:56] /m Shinobi Star
[30/6/2017 0:5:56] /m Shinobi Star
[30/6/2017 0:5:57] /m Shinobi Star
[30/6/2017 0:5:57] /m Shinobi Star
[30/6/2017 0:5:57] /m Shinobi Star
[30/6/2017 0:5:57] /m Shinobi Star
[30/6/2017 0:5:57] /m Shinobi Star
[30/6/2017 0:5:58] /m Shinobi Star
[30/6/2017 0:5:58] /m Shinobi Star
[30/6/2017 0:6:0] /t
[30/6/2017 0:6:6] /m Shinobi Star
[30/6/2017 0:6:7] /m Shinobi Star
[30/6/2017 0:6:7] /m Shinobi Star
[30/6/2017 0:6:7] /m Shinobi Star
[30/6/2017 0:6:7] /m Shinobi Star
[30/6/2017 0:6:7] /m Shinobi Star
[30/6/2017 0:6:7] /m Shinobi Star
[30/6/2017 0:6:7] /m Shinobi Star
[30/6/2017 0:6:7] /m Shinobi Star
[30/6/2017 0:6:7] /m Shinobi Star
[30/6/2017 0:6:7] /m Shinobi Star
[30/6/2017 0:6:7] /m Shinobi Star
[30/6/2017 0:6:10] /a 5
[30/6/2017 0:6:10] /m Shinobi Star
[30/6/2017 0:6:11] /a 5
[30/6/2017 0:6:11] /m Shinobi Star
[30/6/2017 0:6:11] /a 5
[30/6/2017 0:6:11] /m Shinobi Star
[30/6/2017 0:6:11] /a 5
[30/6/2017 0:6:11] /m Shinobi Star
[30/6/2017 0:6:11] /a 5
[30/6/2017 0:6:11] /m Shinobi Star
[30/6/2017 0:6:12] /m Shinobi Star
[30/6/2017 0:6:12] /a 5
[30/6/2017 0:6:12] /m Shinobi Star
[30/6/2017 0:6:12] /a 5
[30/6/2017 0:6:12] /m Shinobi Star
[30/6/2017 0:6:13] /a 5
[30/6/2017 0:6:13] /m Shinobi Star
[30/6/2017 0:6:14] /a 5
[30/6/2017 0:6:15] /a 5
[30/6/2017 0:6:15] /m Shinobi Star
[30/6/2017 0:6:15] /m Shinobi Star
[30/6/2017 0:6:15] /m Shinobi Star
[30/6/2017 0:6:16] /m Shinobi Star
[30/6/2017 0:6:16] /m Shinobi Star
[30/6/2017 0:6:16] /m Shinobi Star
[30/6/2017 0:6:16] /m Shinobi Star
[30/6/2017 0:6:17] /m Shinobi Star
[30/6/2017 0:6:17] /m Shinobi Star
[30/6/2017 0:6:17] /m Shinobi Star
[30/6/2017 0:6:18] /m Shinobi Star
[30/6/2017 0:6:18] /m Shinobi Star
[30/6/2017 0:6:18] /m Shinobi Star
[30/6/2017 0:6:18] /m Shinobi Star
[30/6/2017 0:6:19] /m Shinobi Star
[30/6/2017 0:6:19] /m Shinobi Star
[30/6/2017 0:6:19] /m Shinobi Star
[30/6/2017 0:6:20] /m Shinobi Star
[30/6/2017 0:6:20] /m Shinobi Star
[30/6/2017 0:6:20] /m Shinobi Star
[30/6/2017 0:6:20] /m Shinobi Star
[30/6/2017 0:6:21] /m Shinobi Star
[30/6/2017 0:6:21] /m Shinobi Star
[30/6/2017 0:6:21] /m Shinobi Star
[30/6/2017 0:6:21] /m Shinobi Star
[30/6/2017 0:6:21] /m Shinobi Star
[30/6/2017 0:6:22] /m Shinobi Star
[30/6/2017 0:6:22] /m Shinobi Star
[30/6/2017 0:6:22] /m Shinobi Star
[30/6/2017 0:6:22] /m Shinobi Star
[30/6/2017 0:6:23] /t
[30/6/2017 0:6:53] /c viper
[30/6/2017 0:7:4] /town 1
[30/6/2017 0:7:47] /m Shinobi Star
[30/6/2017 0:7:54] /goto Shinobi Star
[30/6/2017 0:7:56] /goto Shinobi Star
[30/6/2017 0:7:57] /goto Shinobi Star
[30/6/2017 0:7:58] /goto Shinobi Star
[30/6/2017 0:8:0] /goto Shinobi Star
[30/6/2017 0:8:2] /a 5
[30/6/2017 0:8:2] /a 5
[30/6/2017 0:8:2] /a 5
[30/6/2017 0:8:2] /a 5
[30/6/2017 0:8:2] /a 5
[30/6/2017 0:8:2] /a 5
[30/6/2017 0:8:2] /a 5
[30/6/2017 0:8:2] /a 5
[30/6/2017 0:8:3] /a 5
[30/6/2017 0:8:3] /a 5
[30/6/2017 0:8:3] /a 5
[30/6/2017 0:8:3] /a 5
[30/6/2017 0:8:3] /a 5
[30/6/2017 0:8:3] /a 5
[30/6/2017 0:8:3] /a 5
[30/6/2017 0:8:4] /a 5
[30/6/2017 0:8:4] /a 5
[30/6/2017 0:8:4] /a 5
[30/6/2017 0:8:4] /a 5
[30/6/2017 0:8:4] /a 5
[30/6/2017 0:8:4] /a 5
[30/6/2017 0:8:4] /a 5
[30/6/2017 0:8:4] /a 5
[30/6/2017 0:8:4] /a 5
[30/6/2017 0:8:4] /a 5
[30/6/2017 0:8:4] /a 5
[30/6/2017 0:8:5] /a 5
[30/6/2017 0:8:5] /a 5
[30/6/2017 0:8:5] /a 5
[30/6/2017 0:8:6] /a 5
[30/6/2017 0:8:7] /goto Shinobi Star
[30/6/2017 0:8:8] /a 5
[30/6/2017 0:8:9] /a 5
[30/6/2017 0:8:9] /a 5
[30/6/2017 0:8:9] /a 5
[30/6/2017 0:8:9] /a 5
[30/6/2017 0:8:9] /a 5
[30/6/2017 0:8:9] /a 5
[30/6/2017 0:8:9] /a 5
[30/6/2017 0:8:9] /a 5
[30/6/2017 0:8:9] /a 5
[30/6/2017 0:8:9] /a 5
[30/6/2017 0:8:9] /a 5
[30/6/2017 0:8:9] /a 5
[30/6/2017 0:8:9] /a 5
[30/6/2017 0:8:9] /a 5
[30/6/2017 0:8:9] /a 5
[30/6/2017 0:8:9] /a 5
[30/6/2017 0:8:10] /a 5
[30/6/2017 0:8:10] /a 5
[30/6/2017 0:8:10] /a 5
[30/6/2017 0:8:10] /a 5
[30/6/2017 0:8:10] /a 5
[30/6/2017 0:8:10] /a 5
[30/6/2017 0:8:10] /a 5
[30/6/2017 0:8:10] /a 5
[30/6/2017 0:8:10] /a 5
[30/6/2017 0:8:10] /a 5
[30/6/2017 0:8:10] /a 5
[30/6/2017 0:8:10] /a 5
[30/6/2017 0:8:10] /a 5
[30/6/2017 0:8:10] /a 5
[30/6/2017 0:8:10] /a 5
[30/6/2017 0:8:10] /a 5
[30/6/2017 0:8:10] /a 5
[30/6/2017 0:8:10] /a 5
[30/6/2017 0:8:10] /a 5
[30/6/2017 0:8:10] /a 5
[30/6/2017 0:8:10] /a 5
[30/6/2017 0:8:10] /a 5
[30/6/2017 0:8:10] /a 5
[30/6/2017 0:8:10] /a 5
[30/6/2017 0:8:10] /a 5
[30/6/2017 0:8:10] /a 5
[30/6/2017 0:8:11] /a 5
[30/6/2017 0:8:11] /a 5
[30/6/2017 0:8:11] /a 5
[30/6/2017 0:8:11] /a 5
[30/6/2017 0:8:11] /a 5
[30/6/2017 0:8:12] /a 5
[30/6/2017 0:8:12] /a 5
[30/6/2017 0:8:12] /a 5
[30/6/2017 0:8:12] /a 5
[30/6/2017 0:8:12] /a 5
[30/6/2017 0:8:12] /a 5
[30/6/2017 0:8:12] /a 5
[30/6/2017 0:8:12] /a 5
[30/6/2017 0:8:12] /a 5
[30/6/2017 0:8:12] /a 5
[30/6/2017 0:8:12] /a 5
[30/6/2017 0:8:13] /a 5
[30/6/2017 0:8:13] /a 5
[30/6/2017 0:8:30] /c viper
[30/6/2017 0:8:38] /town 1
[30/6/2017 0:9:31] /save
[30/6/2017 0:9:51] /goto viper
[30/6/2017 0:9:52] /m Shinobi Star
[30/6/2017 0:9:53] /m Shinobi Star
[30/6/2017 0:9:53] /m Shinobi Star
[30/6/2017 0:9:53] /m Shinobi Star
[30/6/2017 0:9:54] /m Shinobi Star
[30/6/2017 0:9:54] /m Shinobi Star
[30/6/2017 0:9:54] /m Shinobi Star
[30/6/2017 0:9:55] /m Shinobi Star
[30/6/2017 0:10:14] /goto viper
[30/6/2017 0:10:14] /m Shinobi Star
[30/6/2017 0:10:15] /m Shinobi Star
[30/6/2017 0:10:15] /m Shinobi Star
[30/6/2017 0:10:16] /m Shinobi Star
[30/6/2017 0:10:16] /m Shinobi Star
[30/6/2017 0:10:17] /m Shinobi Star
[30/6/2017 0:10:17] /m Shinobi Star
[30/6/2017 0:10:18] /m Shinobi Star
[30/6/2017 0:10:18] /m Shinobi Star
[30/6/2017 0:10:18] /m Shinobi Star
[30/6/2017 0:10:18] /m Shinobi Star
[30/6/2017 0:10:18] /m Shinobi Star
[30/6/2017 0:10:18] /m Shinobi Star
[30/6/2017 0:10:18] /m Shinobi Star
[30/6/2017 0:10:19] /m Shinobi Star
[30/6/2017 0:10:19] /m Shinobi Star
[30/6/2017 0:10:19] /m Shinobi Star
[30/6/2017 0:10:19] /m Shinobi Star
[30/6/2017 0:10:19] /m Shinobi Star
[30/6/2017 0:10:19] /m Shinobi Star
[30/6/2017 0:10:19] /m Shinobi Star
[30/6/2017 0:10:19] /m Shinobi Star
[30/6/2017 0:10:19] /m Shinobi Star
[30/6/2017 0:10:19] /m Shinobi Star
[30/6/2017 0:10:19] /m Shinobi Star
[30/6/2017 0:10:19] /m Shinobi Star
[30/6/2017 0:10:19] /m Shinobi Star
[30/6/2017 0:10:19] /m Shinobi Star
[30/6/2017 0:10:19] /m Shinobi Star
[30/6/2017 0:10:19] /m Shinobi Star
[30/6/2017 0:10:19] /m Shinobi Star
[30/6/2017 0:10:19] /m Shinobi Star
[30/6/2017 0:10:19] /m Shinobi Star
[30/6/2017 0:10:20] /m Shinobi Star
[30/6/2017 0:10:20] /m Shinobi Star
[30/6/2017 0:10:20] /m Shinobi Star
[30/6/2017 0:10:20] /m Shinobi Star
[30/6/2017 0:10:20] /m Shinobi Star
[30/6/2017 0:10:20] /m Shinobi Star
[30/6/2017 0:10:20] /m Shinobi Star
[30/6/2017 0:10:20] /m Shinobi Star
[30/6/2017 0:10:20] /m Shinobi Star
[30/6/2017 0:10:20] /m Shinobi Star
[30/6/2017 0:10:20] /m Shinobi Star
[30/6/2017 0:10:20] /m Shinobi Star
[30/6/2017 0:10:20] /m Shinobi Star
[30/6/2017 0:10:20] /m Shinobi Star
[30/6/2017 0:10:20] /m Shinobi Star
[30/6/2017 0:10:20] /m Shinobi Star
[30/6/2017 0:10:20] /m Shinobi Star
[30/6/2017 0:10:20] /m Shinobi Star
[30/6/2017 0:10:20] /m Shinobi Star
[30/6/2017 0:10:20] /m Shinobi Star
[30/6/2017 0:10:21] /m Shinobi Star
[30/6/2017 0:10:21] /m Shinobi Star
[30/6/2017 0:10:21] /m Shinobi Star
[30/6/2017 0:10:21] /m Shinobi Star
[30/6/2017 0:10:21] /m Shinobi Star
[30/6/2017 0:10:21] /m Shinobi Star
[30/6/2017 0:10:21] /m Shinobi Star
[30/6/2017 0:10:21] /m Shinobi Star
[30/6/2017 0:10:21] /m Shinobi Star
[30/6/2017 0:10:21] /m Shinobi Star
[30/6/2017 0:10:21] /m Shinobi Star
[30/6/2017 0:10:21] /m Shinobi Star
[30/6/2017 0:10:21] /m Shinobi Star
[30/6/2017 0:10:21] /m Shinobi Star
[30/6/2017 0:10:21] /m Shinobi Star
[30/6/2017 0:10:21] /m Shinobi Star
[30/6/2017 0:10:21] /m Shinobi Star
[30/6/2017 0:10:21] /m Shinobi Star
[30/6/2017 0:10:21] /m Shinobi Star
[30/6/2017 0:10:21] /m Shinobi Star
[30/6/2017 0:10:21] /m Shinobi Star
[30/6/2017 0:10:21] /m Shinobi Star
[30/6/2017 0:10:22] /m Shinobi Star
[30/6/2017 0:10:22] /m Shinobi Star
[30/6/2017 0:10:22] /m Shinobi Star
[30/6/2017 0:10:22] /m Shinobi Star
[30/6/2017 0:10:22] /m Shinobi Star
[30/6/2017 0:10:22] /m Shinobi Star
[30/6/2017 0:10:22] /m Shinobi Star
[30/6/2017 0:10:22] /m Shinobi Star
[30/6/2017 0:10:22] /m Shinobi Star
[30/6/2017 0:10:22] /m Shinobi Star
[30/6/2017 0:10:22] /m Shinobi Star
[30/6/2017 0:10:22] /m Shinobi Star
[30/6/2017 0:10:22] /m Shinobi Star
[30/6/2017 0:10:22] /m Shinobi Star
[30/6/2017 0:10:26] /m Shinobi Star
[30/6/2017 0:10:26] /m Shinobi Star
[30/6/2017 0:10:26] /m Shinobi Star
[30/6/2017 0:10:26] /m Shinobi Star
[30/6/2017 0:10:26] /m Shinobi Star
[30/6/2017 0:10:27] /m Shinobi Star
[30/6/2017 0:10:27] /m Shinobi Star
[30/6/2017 0:10:27] /m Shinobi Star
[30/6/2017 0:10:27] /m Shinobi Star
[30/6/2017 0:10:27] /m Shinobi Star
[30/6/2017 0:10:28] /m Shinobi Star
[30/6/2017 0:10:28] /m Shinobi Star
[30/6/2017 0:10:28] /m Shinobi Star
[30/6/2017 0:10:28] /m Shinobi Star
[30/6/2017 0:10:29] /m Shinobi Star
[30/6/2017 0:10:29] /m Shinobi Star
[30/6/2017 0:10:29] /m Shinobi Star
[30/6/2017 0:10:29] /m Shinobi Star
[30/6/2017 0:10:29] /m Shinobi Star
[30/6/2017 0:10:30] /m Shinobi Star
[30/6/2017 0:10:31] /town 1
[30/6/2017 0:11:45] /t viper
[30/6/2017 0:12:13] /goto viper
[30/6/2017 0:12:15] /a 5
[30/6/2017 0:12:15] /a 5
[30/6/2017 0:12:15] /a 5
[30/6/2017 0:12:15] /a 5
[30/6/2017 0:12:16] /a 5
[30/6/2017 0:12:16] /a 5
[30/6/2017 0:12:16] /a 5
[30/6/2017 0:12:17] /a 5
[30/6/2017 0:12:17] /a 5
[30/6/2017 0:12:18] /down
[30/6/2017 0:12:18] /a 5
[30/6/2017 0:12:18] /a 5
[30/6/2017 0:12:18] /a 5
[30/6/2017 0:12:19] /a 5
[30/6/2017 0:12:19] /a 5
[30/6/2017 0:12:19] /a 5
[30/6/2017 0:12:20] /a 5
[30/6/2017 0:12:20] /a 5
[30/6/2017 0:12:20] /a 5
[30/6/2017 0:12:20] /a 5
[30/6/2017 0:12:20] /a 5
[30/6/2017 0:12:20] /a 5
[30/6/2017 0:12:20] /a 5
[30/6/2017 0:12:20] /a 5
[30/6/2017 0:12:20] /a 5
[30/6/2017 0:12:21] /a 5
[30/6/2017 0:12:21] /a 5
[30/6/2017 0:12:21] /a 5
[30/6/2017 0:12:21] /a 5
[30/6/2017 0:12:22] /a 5
[30/6/2017 0:12:22] /a 5
[30/6/2017 0:12:22] /a 5
[30/6/2017 0:12:23] /a 5
[30/6/2017 0:12:23] /a 5
[30/6/2017 0:12:24] /a 5
[30/6/2017 0:12:24] /a 5
[30/6/2017 0:12:24] /a 5
[30/6/2017 0:12:24] /a 5
[30/6/2017 0:12:24] /a 5
[30/6/2017 0:12:28] /a 5
[30/6/2017 0:12:29] /a 5
[30/6/2017 0:12:29] /a 5
[30/6/2017 0:12:29] /a 5
[30/6/2017 0:12:29] /a 5
[30/6/2017 0:12:29] /a 5
[30/6/2017 0:12:29] /a 5
[30/6/2017 0:12:29] /a 5
[30/6/2017 0:12:29] /a 5
[30/6/2017 0:12:29] /a 5
[30/6/2017 0:12:29] /a 5
[30/6/2017 0:12:30] /a 5
[30/6/2017 0:12:35] /goto perfect anbu
[30/6/2017 0:12:38] /goto perfect anbu
[30/6/2017 0:12:40] /town 1
[30/6/2017 0:17:13] /a 5
[30/6/2017 0:17:13] /a 5
[30/6/2017 0:17:14] /a 5
[30/6/2017 0:17:14] /a 5
[30/6/2017 0:17:14] /a 5
[30/6/2017 0:17:14] /a 5
[30/6/2017 0:17:14] /a 5
[30/6/2017 0:17:14] /a 5
[30/6/2017 0:17:14] /a 5
[30/6/2017 0:17:14] /a 5
[30/6/2017 0:17:14] /a 5
[30/6/2017 0:17:14] /a 5
[30/6/2017 0:17:14] /a 5
[30/6/2017 0:17:15] /a 5
[30/6/2017 0:17:15] /a 5
[30/6/2017 0:17:15] /a 5
[30/6/2017 0:17:16] /a 5
[30/6/2017 0:17:16] /a 5
[30/6/2017 0:17:16] /a 5
[30/6/2017 0:17:16] /a 5
[30/6/2017 0:17:16] /a 5
[30/6/2017 0:17:16] /a 5
[30/6/2017 0:17:17] /a 5
[30/6/2017 0:17:17] /a 5
[30/6/2017 0:17:17] /a 5
[30/6/2017 0:17:17] /a 5
[30/6/2017 0:17:17] /a 5
[30/6/2017 0:17:18] /a 5
[30/6/2017 0:17:18] /a 5
[30/6/2017 0:17:18] /a 5
[30/6/2017 0:17:19] /a 5
[30/6/2017 0:17:19] /a 5
[30/6/2017 0:17:19] /a 5
[30/6/2017 0:17:20] /a 5
[30/6/2017 0:17:20] /a 5
[30/6/2017 0:17:20] /a 5
[30/6/2017 0:17:21] /a 5
[30/6/2017 0:17:21] /a 5
[30/6/2017 0:17:21] /a 5
[30/6/2017 0:17:21] /a 5
[30/6/2017 0:17:22] /a 5
[30/6/2017 0:17:22] /a 5
[30/6/2017 0:17:22] /a 5
[30/6/2017 0:17:22] /a 5
[30/6/2017 0:17:22] /a 5
[30/6/2017 0:17:23] /a 5
[30/6/2017 0:17:23] /a 5
[30/6/2017 0:17:23] /a 5
[30/6/2017 0:17:24] /a 5
[30/6/2017 0:17:24] /a 5
[30/6/2017 0:17:27] /a 5
[30/6/2017 0:17:27] /a 5
[30/6/2017 0:17:27] /a 5
[30/6/2017 0:17:27] /a 5
[30/6/2017 0:17:28] /a 5
[30/6/2017 0:17:28] /a 5
[30/6/2017 0:17:29] /a 5
[30/6/2017 0:17:29] /a 5
[30/6/2017 0:17:29] /a 5
[30/6/2017 0:17:30] /a 5
[30/6/2017 0:17:30] /a 5
[30/6/2017 0:17:30] /a 5
[30/6/2017 0:17:31] /a 5
[30/6/2017 0:17:31] /a 5
[30/6/2017 0:17:31] /a 5
[30/6/2017 0:17:31] /a 5
[30/6/2017 0:17:31] /a 5
[30/6/2017 0:17:32] /a 5
[30/6/2017 0:17:32] /a 5
[30/6/2017 0:17:32] /a 5
[30/6/2017 0:17:33] /a 5
[30/6/2017 0:17:33] /a 5
[30/6/2017 0:17:33] /a 5
[30/6/2017 0:17:34] /a 5
[30/6/2017 0:17:34] /a 5
[30/6/2017 0:17:35] /a 5
[30/6/2017 0:17:35] /a 5
[30/6/2017 0:17:36] /a 5
[30/6/2017 0:17:36] /a 5
[30/6/2017 0:17:43] /c viper
[30/6/2017 18:50:47] /t
[30/6/2017 18:51:0] /save
[1/7/2017 22:14:10] /goto viper
[1/7/2017 22:14:31] /ghost
[1/7/2017 22:14:47] /addskill Juninho Rushz, magic level, 1
[1/7/2017 22:14:51] /addskill Juninho Rushz, magic level, 10
[1/7/2017 22:14:53] /addskill Juninho Rushz, magic level, 10
[1/7/2017 22:14:56] /addskill Juninho Rushz, magic level, 5
[1/7/2017 22:19:19] /a 6
[1/7/2017 22:19:19] /a 6
[1/7/2017 22:19:20] /a 6
[1/7/2017 22:19:20] /a 6
[1/7/2017 22:19:20] /a 6
[1/7/2017 22:19:21] /a 6
[1/7/2017 22:19:21] /a 6
[1/7/2017 22:19:21] /a 6
[1/7/2017 22:19:21] /a 6
[1/7/2017 22:19:21] /a 6
[1/7/2017 22:19:21] /a 6
[1/7/2017 22:19:21] /a 6
[1/7/2017 22:19:21] /a 6
[1/7/2017 22:19:21] /a 6
[1/7/2017 22:19:21] /a 6
[1/7/2017 22:19:22] /a 6
[1/7/2017 22:19:22] /a 6
[1/7/2017 22:19:23] /a 6
[1/7/2017 22:19:25] /a 6
[1/7/2017 22:19:25] /a 6
[1/7/2017 22:19:33] /a 6
[1/7/2017 22:19:33] /a 6
[1/7/2017 22:19:33] /a 6
[1/7/2017 22:19:33] /a 6
[1/7/2017 22:19:33] /a 6
[1/7/2017 22:19:34] /a 6
[1/7/2017 22:19:34] /a 6
[1/7/2017 22:19:34] /a 6
[1/7/2017 22:19:34] /a 6
[1/7/2017 22:19:34] /a 6
[1/7/2017 22:19:34] /a 6
[1/7/2017 22:19:34] /a 6
[1/7/2017 22:19:34] /a 6
[1/7/2017 22:19:34] /a 6
[1/7/2017 22:19:34] /a 6
[1/7/2017 22:19:34] /a 6
[1/7/2017 22:19:34] /a 6
[1/7/2017 22:19:36] /a 6
[1/7/2017 22:19:36] /a 6
[1/7/2017 22:19:36] /a 6
[1/7/2017 22:19:36] /a 6
[1/7/2017 22:19:36] /a 6
[1/7/2017 22:19:37] /a 6
[1/7/2017 22:19:37] /a 6
[1/7/2017 22:19:37] /a 6
[1/7/2017 22:19:38] /a 6
[1/7/2017 22:19:38] /a 6
[1/7/2017 22:19:38] /a 6
[1/7/2017 22:19:38] /a 6
[1/7/2017 22:19:39] /a 6
[1/7/2017 22:19:39] /a 6
[1/7/2017 22:19:40] /a 6
[1/7/2017 22:19:40] /a 6
[1/7/2017 22:19:40] /a 6
[1/7/2017 22:19:41] /a 6
[1/7/2017 22:19:41] /a 6
[1/7/2017 22:19:42] /a 6
[1/7/2017 22:19:42] /a 6
[1/7/2017 22:19:42] /a 6
[1/7/2017 22:19:43] /a 6
[1/7/2017 22:19:45] /a 6
[1/7/2017 22:19:46] /a 6
[1/7/2017 22:19:46] /a 6
[1/7/2017 22:19:46] /a 6
[1/7/2017 22:19:46] /a 6
[1/7/2017 22:19:47] /a 6
[1/7/2017 22:19:47] /a 6
[1/7/2017 22:19:47] /a 6
[1/7/2017 22:19:48] /a 6
[1/7/2017 22:19:48] /a 6
[1/7/2017 22:19:48] /a 6
[1/7/2017 22:19:49] /a 6
[1/7/2017 22:19:49] /a 6
[1/7/2017 22:19:49] /a 6
[1/7/2017 22:19:49] /a 6
[1/7/2017 22:19:49] /a 6
[1/7/2017 22:19:49] /a 6
[1/7/2017 22:19:49] /a 6
[1/7/2017 22:19:49] /a 6
[1/7/2017 22:19:49] /a 6
[1/7/2017 22:19:49] /a 6
[1/7/2017 22:19:49] /a 6
[1/7/2017 22:19:49] /a 6
[1/7/2017 22:19:49] /a 6
[1/7/2017 22:19:50] /a 6
[1/7/2017 22:19:50] /a 6
[1/7/2017 22:19:50] /a 6
[1/7/2017 22:19:50] /a 6
[1/7/2017 22:19:50] /a 6
[1/7/2017 22:19:50] /a 6
[1/7/2017 22:19:50] /a 6
[1/7/2017 22:19:50] /a 6
[1/7/2017 22:19:50] /a 6
[1/7/2017 22:19:51] /a 6
[1/7/2017 22:19:51] /a 6
[1/7/2017 22:19:51] /a 6
[1/7/2017 22:19:51] /a 6
[1/7/2017 22:19:51] /a 6
[1/7/2017 22:19:51] /a 6
[1/7/2017 22:19:51] /a 6
[1/7/2017 22:19:51] /a 6
[1/7/2017 22:19:51] /a 6
[1/7/2017 22:19:52] /a 6
[1/7/2017 22:19:52] /a 6
[1/7/2017 22:19:52] /a 6
[1/7/2017 22:19:52] /a 6
[1/7/2017 22:19:52] /a 6
[1/7/2017 22:19:52] /a 6
[1/7/2017 22:19:52] /a 6
[1/7/2017 22:19:52] /a 6
[1/7/2017 22:19:52] /a 6
[1/7/2017 22:19:52] /a 6
[1/7/2017 22:19:52] /a 6
[1/7/2017 22:19:52] /a 6
[1/7/2017 22:19:52] /a 6
[1/7/2017 22:21:11] /t
[1/7/2017 22:21:14] /town 1
[1/7/2017 22:21:30] /ghost
[1/7/2017 22:24:19] /i enma staff
[1/7/2017 22:24:22] /i enma staff
[1/7/2017 22:26:12] /i rock boots
[1/7/2017 22:26:21] /i rock boots
[1/7/2017 22:26:36] /i rock boots
[1/7/2017 22:27:41] /i minato tunic
[1/7/2017 22:29:45] /ghost
[1/7/2017 22:30:16] /a 2
[1/7/2017 22:30:36] /a 2
[1/7/2017 23:11:22] /goto madrugaoo
[1/7/2017 23:11:37] /goto madrugadaoo
[1/7/2017 23:11:57] /i 2160
[1/7/2017 23:11:58] /i 2160
[1/7/2017 23:11:58] /i 2160
[1/7/2017 23:11:58] /i 2160
[1/7/2017 23:11:59] /i 2160
[1/7/2017 23:11:59] /i 2160
[1/7/2017 23:11:59] /i 2160
[1/7/2017 23:12:0] /i 2160
[1/7/2017 23:12:7] /i 2160
[1/7/2017 23:12:8] /i 2160
[1/7/2017 23:12:9] /i 2160
[1/7/2017 23:12:11] /i backpack
[1/7/2017 23:12:13] /i backpack
[1/7/2017 23:52:13] /a 5
[1/7/2017 23:52:13] /a 5
[1/7/2017 23:52:14] /a 5
[1/7/2017 23:52:14] /a 5
[1/7/2017 23:52:14] /a 5
[1/7/2017 23:52:15] /a 5
[1/7/2017 23:52:15] /a 5
[1/7/2017 23:52:15] /a 5
[1/7/2017 23:52:15] /a 5
[1/7/2017 23:52:15] /a 5
[1/7/2017 23:52:15] /a 5
[1/7/2017 23:52:15] /a 5
[1/7/2017 23:52:15] /a 5
[1/7/2017 23:52:15] /a 5
[1/7/2017 23:52:15] /a 5
[1/7/2017 23:52:15] /a 5
[1/7/2017 23:52:15] /a 5
[1/7/2017 23:52:15] /a 5
[1/7/2017 23:52:15] /a 5
[1/7/2017 23:52:15] /a 5
[1/7/2017 23:52:15] /a 5
[1/7/2017 23:52:15] /a 5
[1/7/2017 23:52:15] /a 5
[1/7/2017 23:52:15] /a 5
[1/7/2017 23:52:15] /a 5
[1/7/2017 23:52:15] /a 5
[1/7/2017 23:52:16] /a 5
[1/7/2017 23:52:16] /a 5
[1/7/2017 23:52:16] /a 5
[1/7/2017 23:52:16] /a 5
[1/7/2017 23:52:16] /a 5
[1/7/2017 23:52:16] /a 5
[1/7/2017 23:52:16] /a 5
[1/7/2017 23:52:16] /a 5
[1/7/2017 23:52:16] /a 5
[1/7/2017 23:52:16] /a 5
[1/7/2017 23:52:16] /a 5
[1/7/2017 23:52:16] /a 5
[1/7/2017 23:52:16] /a 5
[1/7/2017 23:52:16] /a 5
[1/7/2017 23:52:16] /a 5
[1/7/2017 23:52:16] /a 5
[1/7/2017 23:52:16] /a 5
[1/7/2017 23:52:16] /a 5
[1/7/2017 23:52:16] /a 5
[1/7/2017 23:52:17] /a 5
[1/7/2017 23:52:17] /a 5
[1/7/2017 23:52:17] /a 5
[1/7/2017 23:52:18] /a 5
[1/7/2017 23:52:18] /a 5
[1/7/2017 23:52:18] /a 5
[1/7/2017 23:52:18] /a 5
[1/7/2017 23:52:18] /a 5
[1/7/2017 23:52:20] /a 5
[1/7/2017 23:52:20] /a 5
[1/7/2017 23:52:20] /a 5
[1/7/2017 23:52:20] /a 5
[1/7/2017 23:52:20] /a 5
[1/7/2017 23:52:20] /a 5
[1/7/2017 23:52:20] /a 5
[1/7/2017 23:52:20] /a 5
[1/7/2017 23:52:20] /a 5
[1/7/2017 23:52:20] /a 5
[1/7/2017 23:52:20] /a 5
[1/7/2017 23:52:20] /a 5
[1/7/2017 23:52:20] /a 5
[1/7/2017 23:52:20] /a 5
[1/7/2017 23:52:20] /a 5
[1/7/2017 23:52:21] /a 5
[1/7/2017 23:52:21] /a 5
[1/7/2017 23:52:21] /a 5
[1/7/2017 23:52:21] /a 5
[1/7/2017 23:52:21] /a 5
[1/7/2017 23:52:21] /a 5
[1/7/2017 23:52:21] /a 5
[1/7/2017 23:52:21] /a 5
[1/7/2017 23:52:21] /a 5
[1/7/2017 23:52:21] /a 5
[1/7/2017 23:52:21] /a 5
[1/7/2017 23:52:21] /a 5
[1/7/2017 23:52:21] /a 5
[1/7/2017 23:52:21] /a 5
[1/7/2017 23:52:21] /a 5
[1/7/2017 23:52:22] /a 5
[1/7/2017 23:52:22] /a 5
[1/7/2017 23:52:22] /a 5
[1/7/2017 23:52:22] /a 5
[1/7/2017 23:52:22] /a 5
[1/7/2017 23:52:23] /a 5
[1/7/2017 23:52:23] /a 5
[1/7/2017 23:52:23] /a 5
[1/7/2017 23:52:23] /a 5
[1/7/2017 23:52:24] /a 5
[1/7/2017 23:52:24] /a 5
[1/7/2017 23:52:24] /a 5
[1/7/2017 23:52:25] /a 5
[1/7/2017 23:52:25] /a 5
[1/7/2017 23:52:25] /a 5
[1/7/2017 23:52:25] /a 5
[1/7/2017 23:52:26] /a 5
[1/7/2017 23:52:26] /a 5
[1/7/2017 23:52:26] /a 5
[1/7/2017 23:52:26] /a 5
[1/7/2017 23:52:26] /a 5
[1/7/2017 23:52:26] /a 5
[1/7/2017 23:52:26] /a 5
[1/7/2017 23:52:26] /a 5
[1/7/2017 23:52:26] /a 5
[1/7/2017 23:52:26] /a 5
[1/7/2017 23:52:27] /a 5
[1/7/2017 23:52:27] /a 5
[1/7/2017 23:52:28] /a 5
[1/7/2017 23:52:28] /a 5
[1/7/2017 23:53:55] /a 5
[1/7/2017 23:53:55] /a 5
[1/7/2017 23:53:55] /a 5
[1/7/2017 23:53:55] /a 5
[1/7/2017 23:53:55] /a 5
[1/7/2017 23:53:55] /a 5
[1/7/2017 23:53:55] /a 5
[1/7/2017 23:53:55] /a 5
[1/7/2017 23:53:55] /a 5
[1/7/2017 23:53:55] /a 5
[1/7/2017 23:53:55] /a 5
[1/7/2017 23:53:55] /a 5
[1/7/2017 23:53:55] /a 5
[1/7/2017 23:53:55] /a 5
[1/7/2017 23:53:55] /a 5
[1/7/2017 23:53:56] /a 5
[1/7/2017 23:53:56] /a 5
[1/7/2017 23:53:56] /a 5
[1/7/2017 23:53:56] /a 5
[1/7/2017 23:53:56] /a 5
[1/7/2017 23:53:56] /a 5
[1/7/2017 23:53:56] /a 5
[1/7/2017 23:53:56] /a 5
[1/7/2017 23:53:56] /a 5
[1/7/2017 23:53:56] /a 5
[1/7/2017 23:53:56] /a 5
[1/7/2017 23:53:56] /a 5
[1/7/2017 23:53:56] /a 5
[1/7/2017 23:53:56] /a 5
[1/7/2017 23:53:56] /a 5
[1/7/2017 23:53:56] /a 5
[1/7/2017 23:53:56] /a 5
[1/7/2017 23:53:56] /a 5
[1/7/2017 23:53:56] /a 5
[1/7/2017 23:53:56] /a 5
[1/7/2017 23:53:56] /a 5
[1/7/2017 23:53:56] /a 5
[1/7/2017 23:53:56] /a 5
[1/7/2017 23:53:56] /a 5
[1/7/2017 23:53:57] /a 5
[1/7/2017 23:53:57] /a 5
[1/7/2017 23:53:57] /a 5
[1/7/2017 23:53:57] /a 5
[1/7/2017 23:53:58] /a 5
[1/7/2017 23:53:58] /a 5
[1/7/2017 23:53:58] /a 5
[1/7/2017 23:53:58] /a 5
[1/7/2017 23:53:58] /a 5
[1/7/2017 23:53:58] /a 5
[1/7/2017 23:53:58] /a 5
[1/7/2017 23:53:59] /a 5
[1/7/2017 23:53:59] /a 5
[1/7/2017 23:53:59] /a 5
[1/7/2017 23:53:59] /a 5
[1/7/2017 23:53:59] /a 5
[1/7/2017 23:53:59] /a 5
[1/7/2017 23:53:59] /a 5
[1/7/2017 23:53:59] /a 5
[1/7/2017 23:53:59] /a 5
[1/7/2017 23:53:59] /a 5
[1/7/2017 23:53:59] /a 5
[1/7/2017 23:53:59] /a 5
[1/7/2017 23:54:0] /a 5
[1/7/2017 23:54:0] /a 5
[1/7/2017 23:54:0] /a 5
[1/7/2017 23:54:0] /a 5
[1/7/2017 23:54:1] /a 5
[1/7/2017 23:54:1] /a 5
[1/7/2017 23:54:1] /a 5
[1/7/2017 23:54:1] /a 5
[1/7/2017 23:54:1] /a 5
[1/7/2017 23:54:1] /a 5
[1/7/2017 23:54:1] /a 5
[1/7/2017 23:54:1] /a 5
[1/7/2017 23:54:1] /a 5
[1/7/2017 23:54:1] /a 5
[1/7/2017 23:54:1] /a 5
[1/7/2017 23:54:1] /a 5
[1/7/2017 23:54:2] /a 5
[1/7/2017 23:54:2] /a 5
[1/7/2017 23:54:2] /a 5
[1/7/2017 23:54:2] /a 5
[1/7/2017 23:54:2] /a 5
[1/7/2017 23:54:2] /a 5
[1/7/2017 23:54:2] /a 5
[1/7/2017 23:54:2] /a 5
[1/7/2017 23:54:2] /a 5
[1/7/2017 23:54:3] /a 5
[1/7/2017 23:54:3] /a 5
[1/7/2017 23:54:3] /a 5
[1/7/2017 23:54:3] /a 5
[1/7/2017 23:54:3] /a 5
[1/7/2017 23:54:3] /a 5
[1/7/2017 23:54:3] /a 5
[1/7/2017 23:54:3] /a 5
[1/7/2017 23:54:3] /a 5
[1/7/2017 23:54:4] /a 5
[1/7/2017 23:54:4] /a 5
[1/7/2017 23:54:4] /a 5
[1/7/2017 23:54:4] /a 5
[1/7/2017 23:54:4] /a 5
[1/7/2017 23:54:4] /a 5
[1/7/2017 23:54:4] /a 5
[1/7/2017 23:54:4] /a 5
[1/7/2017 23:54:4] /a 5
[1/7/2017 23:54:4] /a 5
[1/7/2017 23:54:4] /a 5
[1/7/2017 23:54:4] /a 5
[1/7/2017 23:54:5] /a 5
[1/7/2017 23:54:5] /a 5
[1/7/2017 23:54:5] /a 5
[1/7/2017 23:54:6] /a 5
[1/7/2017 23:54:6] /a 5
[1/7/2017 23:54:6] /a 5
[1/7/2017 23:54:6] /a 5
[1/7/2017 23:54:6] /a 5
[1/7/2017 23:54:6] /a 5
[1/7/2017 23:54:6] /a 5
[1/7/2017 23:54:7] /a 5
[1/7/2017 23:54:18] /save
[1/7/2017 23:54:22] /save
[1/7/2017 23:56:20] /t
[1/7/2017 23:56:23] /town 1
[1/7/2017 23:56:29] /a 5
[1/7/2017 23:56:29] /a 5
[1/7/2017 23:56:29] /a 5
[1/7/2017 23:56:29] /a 5
[1/7/2017 23:56:29] /a 5
[1/7/2017 23:56:29] /a 5
[1/7/2017 23:56:30] /a 5
[1/7/2017 23:56:30] /a 5
[1/7/2017 23:56:30] /a 5
[1/7/2017 23:56:30] /a 5
[1/7/2017 23:56:30] /a 5
[1/7/2017 23:56:30] /a 5
[1/7/2017 23:56:30] /a 5
[1/7/2017 23:56:30] /a 5
[1/7/2017 23:56:30] /a 5
[1/7/2017 23:56:30] /a 5
[1/7/2017 23:56:30] /a 5
[1/7/2017 23:56:30] /a 5
[1/7/2017 23:56:30] /a 5
[1/7/2017 23:56:30] /a 5
[1/7/2017 23:56:30] /a 5
[1/7/2017 23:56:31] /a 5
[1/7/2017 23:56:31] /a 5
[1/7/2017 23:56:31] /a 5
[1/7/2017 23:56:31] /a 5
[1/7/2017 23:56:31] /a 5
[1/7/2017 23:56:31] /a 5
[1/7/2017 23:56:31] /a 5
[1/7/2017 23:56:31] /a 5
[1/7/2017 23:56:31] /a 5
[1/7/2017 23:56:31] /a 5
[1/7/2017 23:56:31] /a 5
[1/7/2017 23:56:31] /a 5
[1/7/2017 23:56:31] /a 5
[1/7/2017 23:56:31] /a 5
[1/7/2017 23:56:31] /a 5
[1/7/2017 23:56:31] /a 5
[1/7/2017 23:56:31] /a 5
[1/7/2017 23:56:31] /a 5
[1/7/2017 23:56:31] /a 5
[1/7/2017 23:56:31] /a 5
[1/7/2017 23:56:31] /a 5
[1/7/2017 23:56:31] /a 5
[1/7/2017 23:56:31] /a 5
[1/7/2017 23:56:31] /a 5
[1/7/2017 23:56:31] /a 5
[1/7/2017 23:56:31] /a 5
[1/7/2017 23:56:31] /a 5
[1/7/2017 23:56:31] /a 5
[1/7/2017 23:56:31] /a 5
[1/7/2017 23:56:31] /a 5
[1/7/2017 23:56:31] /a 5
[1/7/2017 23:56:32] /a 5
[1/7/2017 23:56:32] /a 5
[1/7/2017 23:56:32] /a 5
[1/7/2017 23:56:32] /a 5
[1/7/2017 23:56:32] /a 5
[1/7/2017 23:56:32] /a 5
[1/7/2017 23:56:32] /a 5
[1/7/2017 23:56:32] /a 5
[1/7/2017 23:56:32] /a 5
[1/7/2017 23:56:32] /a 5
[1/7/2017 23:56:32] /a 5
[1/7/2017 23:56:32] /a 5
[1/7/2017 23:56:32] /a 5
[1/7/2017 23:56:32] /a 5
[1/7/2017 23:56:32] /a 5
[1/7/2017 23:56:32] /a 5
[1/7/2017 23:56:32] /a 5
[1/7/2017 23:56:32] /a 5
[1/7/2017 23:56:32] /a 5
[1/7/2017 23:56:32] /a 5
[1/7/2017 23:56:32] /a 5
[1/7/2017 23:56:32] /a 5
[1/7/2017 23:56:32] /a 5
[1/7/2017 23:56:32] /a 5
[1/7/2017 23:56:32] /a 5
[1/7/2017 23:56:32] /a 5
[1/7/2017 23:56:32] /a 5
[1/7/2017 23:56:32] /a 5
[1/7/2017 23:56:32] /a 5
[1/7/2017 23:56:33] /a 5
[1/7/2017 23:56:33] /a 5
[1/7/2017 23:56:33] /a 5
[1/7/2017 23:56:33] /a 5
[1/7/2017 23:56:33] /a 5
[1/7/2017 23:56:33] /a 5
[1/7/2017 23:56:33] /a 5
[1/7/2017 23:56:33] /a 5
[1/7/2017 23:56:33] /a 5
[1/7/2017 23:56:33] /a 5
[1/7/2017 23:56:33] /a 5
[1/7/2017 23:56:33] /a 5
[1/7/2017 23:56:33] /a 5
[1/7/2017 23:56:33] /a 5
[1/7/2017 23:56:33] /a 5
[1/7/2017 23:56:33] /a 5
[1/7/2017 23:56:35] /town 1
[2/7/2017 8:20:59] /save
[10/9/2017 22:40:11] /i emma staff
[10/9/2017 22:40:22] /i emna staff
[10/9/2017 22:40:27] /i elma staff
[10/9/2017 22:41:30] /i 1695
[10/9/2017 22:41:33] /i 1695
[10/9/2017 22:41:36] /i 1695
[10/9/2017 22:41:39] /i 1695
[10/9/2017 22:41:42] /i 1695
[10/9/2017 22:41:44] /i 1695
[10/9/2017 22:41:47] /i 1695
[10/9/2017 22:41:49] /i 1695
[10/9/2017 22:41:51] /i 1695
[10/9/2017 22:41:54] /r
[10/9/2017 22:41:55] /r
[10/9/2017 22:41:57] /i 1695
[10/9/2017 22:41:58] /i 1695
[10/9/2017 22:42:0] /i 1695
[10/9/2017 22:42:2] /i 1695
[10/9/2017 22:42:4] /i 1695
[10/9/2017 22:42:7] /i 1695
[10/9/2017 22:42:12] /i 1695
[10/9/2017 22:42:15] /i 1695
[10/9/2017 22:42:19] /i 1695
[10/9/2017 22:42:23] /clean
[10/9/2017 22:42:51] /clean
[10/9/2017 22:42:58] /r
[10/9/2017 22:42:58] /r
[10/9/2017 22:42:58] /r
[10/9/2017 22:42:59] /r
[10/9/2017 22:42:59] /r
[10/9/2017 22:43:0] /r
[10/9/2017 22:43:0] /r
[10/9/2017 22:43:0] /r
[10/9/2017 22:43:2] /r
[10/9/2017 22:43:2] /r
[10/9/2017 22:43:3] /r
[10/9/2017 22:43:4] /r
[10/9/2017 22:43:4] /r
[10/9/2017 22:43:5] /r
[10/9/2017 22:43:6] /r
[10/9/2017 22:43:6] /r
[10/9/2017 22:43:7] /r
[10/9/2017 22:43:8] /r
[10/9/2017 22:43:9] /r
[10/9/2017 22:43:42] /clean
[10/9/2017 22:49:33] /i akatsuki coatt
[10/9/2017 22:50:1] /r
[10/9/2017 22:50:37] /i Akatsuki Hat
[10/9/2017 22:50:49] /i Akatsuki Robe
[10/9/2017 22:51:4] /i Akatsuki Ring
[10/9/2017 22:51:16] /i Akatsuki Legs
[10/9/2017 22:51:21] /i Akatsuki boots
[10/9/2017 22:51:32] /i Akatsuki coat
[10/9/2017 22:55:18] /attr group 6
[10/9/2017 22:55:19] /r
[10/9/2017 22:56:3] /t
[10/9/2017 22:56:7] /town 1
[10/9/2017 22:56:46] /m guardian one
[10/9/2017 22:57:7] /m guardian one
[10/9/2017 22:58:3] /down
[10/9/2017 22:58:4] /r
[10/9/2017 22:58:13] /a 10
[10/9/2017 22:58:14] /a 10
[10/9/2017 22:58:14] /a 10
[10/9/2017 22:58:14] /a 10
[10/9/2017 22:58:15] /up
[10/9/2017 22:58:20] /c nicks
[10/9/2017 22:59:6] /a 10
[10/9/2017 22:59:6] /a 10
[10/9/2017 22:59:6] /a 10
[10/9/2017 22:59:7] /t
[10/9/2017 22:59:10] /town 1
[10/9/2017 22:59:14] /a 10
[10/9/2017 22:59:15] /a 10
[10/9/2017 22:59:16] /a 10
[10/9/2017 22:59:16] /a 10
[10/9/2017 22:59:16] /a 10
[10/9/2017 22:59:16] /a 10
[10/9/2017 22:59:16] /a 10
[10/9/2017 22:59:16] /a 10
[10/9/2017 22:59:16] /a 10
[10/9/2017 22:59:16] /a 10
[10/9/2017 22:59:16] /a 10
[10/9/2017 22:59:16] /a 10
[10/9/2017 22:59:16] /a 10
[10/9/2017 22:59:16] /a 10
[10/9/2017 22:59:16] /a 10
[10/9/2017 22:59:16] /a 10
[10/9/2017 22:59:16] /a 10
[10/9/2017 22:59:16] /a 10
[10/9/2017 22:59:16] /a 10
[10/9/2017 22:59:16] /a 10
[10/9/2017 22:59:16] /a 10
[10/9/2017 22:59:16] /a 10
[10/9/2017 22:59:16] /a 10
[10/9/2017 22:59:17] /a 10
[10/9/2017 22:59:17] /a 10
[10/9/2017 22:59:17] /a 10
[10/9/2017 22:59:17] /a 10
[10/9/2017 22:59:17] /a 10
[10/9/2017 22:59:17] /a 10
[10/9/2017 22:59:17] /a 10
[10/9/2017 22:59:17] /a 10
[10/9/2017 22:59:18] /a 10
[10/9/2017 22:59:18] /a 10
[10/9/2017 22:59:18] /a 10
[10/9/2017 22:59:18] /a 10
[10/9/2017 22:59:18] /a 10
[10/9/2017 22:59:18] /a 10
[10/9/2017 22:59:18] /a 10
[10/9/2017 22:59:18] /a 10
[10/9/2017 22:59:18] /a 10
[10/9/2017 22:59:18] /a 10
[10/9/2017 22:59:19] /a 10
[10/9/2017 22:59:19] /a 10
[10/9/2017 22:59:19] /a 10
[10/9/2017 22:59:19] /a 10
[10/9/2017 22:59:19] /a 10
[10/9/2017 22:59:20] /a 10
[10/9/2017 22:59:20] /a 10
[10/9/2017 22:59:21] /a 10
[10/9/2017 22:59:21] /a 10
[10/9/2017 22:59:21] /a 10
[10/9/2017 22:59:21] /a 10
[10/9/2017 22:59:22] /a 10
[10/9/2017 22:59:22] /a 10
[10/9/2017 22:59:23] /a 10
[10/9/2017 22:59:23] /a 10
[10/9/2017 22:59:23] /a 10
[10/9/2017 22:59:24] /a 10
[10/9/2017 22:59:24] /a 10
[10/9/2017 22:59:24] /a 10
[10/9/2017 22:59:25] /a 10
[10/9/2017 22:59:25] /a 10
[10/9/2017 22:59:25] /a 10
[10/9/2017 22:59:25] /a 10
[10/9/2017 22:59:26] /a 10
[10/9/2017 22:59:26] /a 10
[10/9/2017 22:59:27] /a 10
[10/9/2017 22:59:27] /a 10
[10/9/2017 22:59:27] /a 10
[10/9/2017 22:59:27] /a 10
[10/9/2017 22:59:28] /a 10
[10/9/2017 22:59:28] /a 10
[10/9/2017 22:59:28] /a 10
[10/9/2017 22:59:28] /a 10
[10/9/2017 22:59:29] /a 10
[10/9/2017 22:59:29] /a 10
[10/9/2017 22:59:29] /a 10
[10/9/2017 22:59:30] /a 10
[10/9/2017 22:59:30] /a 10
[10/9/2017 22:59:31] /a 10
[10/9/2017 22:59:33] /a 10
[10/9/2017 22:59:37] /t
[10/9/2017 22:59:39] /town 1
[10/9/2017 23:14:53] /t
[10/9/2017 23:14:55] /town 1
[10/9/2017 23:15:30] /c nicks
[10/9/2017 23:16:50] /goto nicks
[10/9/2017 23:17:52] /c nicks
[10/9/2017 23:17:57] /c [ADM] Kauas
[10/9/2017 23:18:44] /c nicks
[10/9/2017 23:20:25] /c [ADM] Kauas
[10/9/2017 23:20:31] /c nicks
[10/9/2017 23:21:18] /a 10
[10/9/2017 23:21:18] /a 10
[10/9/2017 23:21:19] /a 10
[10/9/2017 23:21:19] /a 10
[10/9/2017 23:21:19] /a 10
[10/9/2017 23:21:19] /a 10
[10/9/2017 23:21:19] /a 10
[10/9/2017 23:21:19] /a 10
[10/9/2017 23:21:19] /a 10
[10/9/2017 23:21:19] /a 10
[10/9/2017 23:21:19] /a 10
[10/9/2017 23:21:19] /a 10
[10/9/2017 23:21:19] /a 10
[10/9/2017 23:21:19] /a 10
[10/9/2017 23:21:20] /a 10
[10/9/2017 23:21:21] /a 10
[10/9/2017 23:21:21] /a 10
[10/9/2017 23:21:21] /a 10
[10/9/2017 23:21:21] /a 10
[10/9/2017 23:21:22] /a 10
[10/9/2017 23:21:22] /a 10
[10/9/2017 23:21:22] /a 10
[10/9/2017 23:21:23] /a 10
[10/9/2017 23:21:25] /a 10
[10/9/2017 23:21:25] /a 10
[10/9/2017 23:21:25] /a 10
[10/9/2017 23:21:26] /a 10
[10/9/2017 23:21:27] /a 10
[10/9/2017 23:21:29] /c nicks
[10/9/2017 23:21:45] /c nicks
[10/9/2017 23:22:27] /a 3
[10/9/2017 23:22:29] /a 3
[10/9/2017 23:24:32] /goto nicks
[10/9/2017 23:24:33] /goto nicks
[10/9/2017 23:24:34] /goto nicks
[10/9/2017 23:24:35] /goto nicks
[10/9/2017 23:24:35] /goto nicks
[10/9/2017 23:24:36] /goto nicks
[10/9/2017 23:24:36] /goto nicks
[10/9/2017 23:24:37] /goto nicks
[10/9/2017 23:24:37] /goto nicks
[10/9/2017 23:24:38] /goto nicks
[10/9/2017 23:24:38] /goto nicks
[10/9/2017 23:24:39] /goto nicks
[10/9/2017 23:24:40] /goto nicks
[10/9/2017 23:24:41] /goto nicks
[10/9/2017 23:24:42] /goto nicks
[10/9/2017 23:24:42] /goto nicks
[10/9/2017 23:24:43] /goto nicks
[10/9/2017 23:24:44] /goto nicks
[10/9/2017 23:24:45] /goto nicks
[10/9/2017 23:25:15] /a 10
[10/9/2017 23:25:16] /a 10
[10/9/2017 23:25:16] /a 10
[10/9/2017 23:25:16] /a 10
[10/9/2017 23:25:16] /a 10
[10/9/2017 23:25:17] /a 10
[10/9/2017 23:25:17] /a 10
[10/9/2017 23:25:17] /a 10
[10/9/2017 23:25:17] /a 10
[10/9/2017 23:25:17] /a 10
[10/9/2017 23:25:17] /a 10
[10/9/2017 23:25:18] /a 10
[10/9/2017 23:25:18] /a 10
[10/9/2017 23:25:18] /a 10
[10/9/2017 23:25:18] /a 10
[10/9/2017 23:25:19] /a 10
[10/9/2017 23:25:19] /a 10
[10/9/2017 23:25:20] /a 10
[10/9/2017 23:25:20] /a 10
[10/9/2017 23:25:21] /a 10
[10/9/2017 23:25:21] /a 10
[10/9/2017 23:25:22] /a 10
[10/9/2017 23:25:23] /a 10
[10/9/2017 23:25:23] /a 10
[10/9/2017 23:25:23] /a 10
[10/9/2017 23:26:40] /town 1
[11/9/2017 22:56:25] /goto [ADM] Kauas
[11/9/2017 23:6:30] /c nicks
[11/9/2017 23:6:32] /c nicks
[11/9/2017 23:18:41] /i 4456
[11/9/2017 23:23:57] /goto [ADM] Kauas
[11/9/2017 23:59:23] /goto [ADM] Kauas
[12/9/2017 21:1:57] /goto [ADM] Kauas
[12/9/2017 21:1:59] /goto [ADM] Kauas
[12/9/2017 21:2:0] /goto [ADM] Kauas
[12/9/2017 21:35:20] /save
[12/9/2017 21:35:26] /save
[12/9/2017 21:35:31] /save
[12/9/2017 21:36:31] /c [ADM] Kauas
[12/9/2017 21:36:33] /c [ADM] Kauas
[12/9/2017 21:59:3] /goto [ADM] Kauas
[12/9/2017 21:59:10] /goto [ADM] Kauas
[12/9/2017 22:0:7] /save
[12/9/2017 22:0:53] /i backpack
[12/9/2017 22:0:56] /town 2
[12/9/2017 22:0:57] /town 3
[12/9/2017 22:0:58] /town 4
[12/9/2017 22:1:1] /town 5
[12/9/2017 22:1:2] /town 6
[12/9/2017 22:1:3] /town 7
[12/9/2017 22:1:4] /town 1
[12/9/2017 22:1:53] /a 2
[12/9/2017 22:4:24] /a 100
[12/9/2017 22:4:25] /a 100
[12/9/2017 22:4:26] /a 100
[12/9/2017 22:4:26] /a 100
[12/9/2017 22:4:26] /a 100
[12/9/2017 22:4:26] /a 100
[12/9/2017 22:4:27] /a 100
[12/9/2017 22:4:27] /a 100
[12/9/2017 22:4:27] /a 100
[12/9/2017 22:4:28] /a 100
[12/9/2017 22:4:29] /a 100
[12/9/2017 22:4:29] /a 100
[12/9/2017 22:4:30] /a 100
[12/9/2017 22:4:31] /a 100
[12/9/2017 22:4:32] /a 100
[12/9/2017 22:4:40] /a 10
[12/9/2017 22:4:40] /a 10
[12/9/2017 22:4:41] /a 10
[12/9/2017 22:4:42] /a 10
[12/9/2017 22:4:42] /a 10
[12/9/2017 22:4:42] /a 10
[12/9/2017 22:4:42] /a 10
[12/9/2017 22:4:42] /a 10
[12/9/2017 22:4:42] /a 10
[12/9/2017 22:4:42] /a 10
[12/9/2017 22:4:42] /a 10
[12/9/2017 22:4:42] /a 10
[12/9/2017 22:4:42] /a 10
[12/9/2017 22:4:42] /a 10
[12/9/2017 22:4:42] /a 10
[12/9/2017 22:4:42] /a 10
[12/9/2017 22:4:43] /a 10
[12/9/2017 22:4:43] /a 10
[12/9/2017 22:4:43] /a 10
[12/9/2017 22:4:43] /a 10
[12/9/2017 22:4:43] /a 10
[12/9/2017 22:4:43] /a 10
[12/9/2017 22:4:43] /a 10
[12/9/2017 22:4:44] /a 10
[12/9/2017 22:4:44] /a 10
[12/9/2017 22:4:44] /a 10
[12/9/2017 22:4:44] /a 10
[12/9/2017 22:4:44] /a 10
[12/9/2017 22:4:44] /a 10
[12/9/2017 22:4:44] /a 10
[12/9/2017 22:4:44] /a 10
[12/9/2017 22:4:44] /a 10
[12/9/2017 22:4:44] /a 10
[12/9/2017 22:4:44] /a 10
[12/9/2017 22:4:44] /a 10
[12/9/2017 22:4:44] /a 10
[12/9/2017 22:4:44] /a 10
[12/9/2017 22:4:44] /a 10
[12/9/2017 22:4:44] /a 10
[12/9/2017 22:4:44] /a 10
[12/9/2017 22:4:44] /a 10
[12/9/2017 22:4:44] /a 10
[12/9/2017 22:4:44] /a 10
[12/9/2017 22:4:46] /a 10
[12/9/2017 22:4:51] /a 10
[12/9/2017 22:4:51] /a 10
[12/9/2017 22:4:51] /a 10
[12/9/2017 22:4:51] /a 10
[12/9/2017 22:4:57] /c [ADM] Kauas
[12/9/2017 22:5:0] /c [ADM] Kauas
[12/9/2017 22:5:24] /c [ADM] Kauas
[12/9/2017 22:5:35] /c [ADM] Kauas
[12/9/2017 22:5:37] /c [ADM] Kauas
[12/9/2017 22:6:5] /c [ADM] Kauas
[12/9/2017 22:6:7] /c [ADM] Kauas
[12/9/2017 22:7:3] /goto [ADM] Kauas
[12/9/2017 22:7:18] /a 10
[12/9/2017 22:7:18] /a 10
[12/9/2017 22:7:18] /a 10
[12/9/2017 22:7:18] /a 10
[12/9/2017 22:7:18] /a 10
[12/9/2017 22:7:18] /a 10
[12/9/2017 22:7:18] /a 10
[12/9/2017 22:7:18] /a 10
[12/9/2017 22:7:19] /a 10
[12/9/2017 22:7:20] /a 10
[12/9/2017 22:7:20] /a 10
[12/9/2017 22:7:21] /a 10
[12/9/2017 22:7:21] /a 10
[12/9/2017 22:7:21] /a 10
[12/9/2017 22:7:21] /a 10
[12/9/2017 22:7:21] /a 10
[12/9/2017 22:7:21] /a 10
[12/9/2017 22:7:21] /a 10
[12/9/2017 22:7:21] /a 10
[12/9/2017 22:7:21] /a 10
[12/9/2017 22:7:21] /a 10
[12/9/2017 22:7:21] /a 10
[12/9/2017 22:7:21] /a 10
[12/9/2017 22:7:21] /a 10
[12/9/2017 22:7:22] /a 10
[12/9/2017 22:7:22] /a 10
[12/9/2017 22:7:22] /a 10
[12/9/2017 22:7:22] /a 10
[12/9/2017 22:7:22] /a 10
[12/9/2017 22:7:22] /a 10
[12/9/2017 22:7:23] /a 10
[12/9/2017 22:7:23] /a 10
[12/9/2017 22:7:23] /a 10
[12/9/2017 22:7:23] /a 10
[12/9/2017 22:7:23] /a 10
[12/9/2017 22:7:23] /a 10
[12/9/2017 22:7:23] /a 10
[12/9/2017 22:7:23] /a 10
[12/9/2017 22:7:23] /a 10
[12/9/2017 22:7:23] /a 10
[12/9/2017 22:7:26] /a 10
[12/9/2017 22:7:26] /a 10
[12/9/2017 22:7:26] /a 10
[12/9/2017 22:7:26] /a 10
[12/9/2017 22:7:26] /a 10
[12/9/2017 22:7:26] /a 10
[12/9/2017 22:7:26] /a 10
[12/9/2017 22:7:26] /a 10
[12/9/2017 22:7:27] /a 10
[12/9/2017 22:7:27] /a 10
[12/9/2017 22:7:27] /a 10
[12/9/2017 22:7:28] /a 10
[12/9/2017 22:7:28] /a 10
[12/9/2017 22:7:28] /a 10
[12/9/2017 22:7:28] /a 10
[12/9/2017 22:7:28] /a 10
[12/9/2017 22:7:28] /a 10
[12/9/2017 22:7:28] /a 10
[12/9/2017 22:7:28] /a 10
[12/9/2017 22:7:28] /a 10
[12/9/2017 22:7:29] /a 10
[12/9/2017 22:7:29] /a 10
[12/9/2017 22:7:29] /a 10
[12/9/2017 22:7:29] /a 10
[12/9/2017 22:7:29] /a 10
[12/9/2017 22:7:29] /a 10
[12/9/2017 22:7:29] /a 10
[12/9/2017 22:7:30] /a 10
[12/9/2017 22:7:30] /a 10
[12/9/2017 22:7:31] /a 10
[12/9/2017 22:7:31] /a 10
[12/9/2017 22:7:31] /a 10
[12/9/2017 22:7:31] /a 10
[12/9/2017 22:7:31] /a 10
[12/9/2017 22:7:31] /a 10
[12/9/2017 22:7:31] /a 10
[12/9/2017 22:7:31] /a 10
[12/9/2017 22:7:31] /a 10
[12/9/2017 22:7:31] /a 10
[12/9/2017 22:7:31] /a 10
[12/9/2017 22:7:31] /a 10
[12/9/2017 22:7:31] /a 10
[12/9/2017 22:7:32] /a 10
[12/9/2017 22:7:32] /a 10
[12/9/2017 22:7:32] /a 10
[12/9/2017 22:7:33] /a 10
[12/9/2017 22:7:33] /a 10
[12/9/2017 22:7:33] /a 10
[12/9/2017 22:7:33] /a 10
[12/9/2017 22:7:33] /a 10
[12/9/2017 22:7:33] /a 10
[12/9/2017 22:7:33] /a 10
[12/9/2017 22:7:33] /a 10
[12/9/2017 22:7:33] /a 10
[12/9/2017 22:7:33] /a 10
[12/9/2017 22:7:33] /a 10
[12/9/2017 22:7:33] /a 10
[12/9/2017 22:7:33] /a 10
[12/9/2017 22:7:33] /a 10
[12/9/2017 22:7:33] /a 10
[12/9/2017 22:7:33] /a 10
[12/9/2017 22:7:34] /a 10
[12/9/2017 22:7:35] /a 10
[12/9/2017 22:7:35] /a 10
[12/9/2017 22:7:35] /a 10
[12/9/2017 22:7:35] /a 10
[12/9/2017 22:7:35] /a 10
[12/9/2017 22:7:35] /a 10
[12/9/2017 22:7:35] /a 10
[12/9/2017 22:7:35] /a 10
[12/9/2017 22:7:35] /a 10
[12/9/2017 22:7:35] /a 10
[12/9/2017 22:7:35] /a 10
[12/9/2017 22:7:35] /a 10
[12/9/2017 22:7:35] /a 10
[12/9/2017 22:7:36] /a 10
[12/9/2017 22:7:36] /a 10
[12/9/2017 22:7:36] /a 10
[12/9/2017 22:7:36] /a 10
[12/9/2017 22:7:36] /a 10
[12/9/2017 22:7:36] /a 10
[12/9/2017 22:7:37] /a 10
[12/9/2017 22:7:37] /a 10
[12/9/2017 22:7:37] /a 10
[12/9/2017 22:7:38] /a 10
[12/9/2017 22:7:38] /a 10
[12/9/2017 22:7:38] /a 10
[12/9/2017 22:7:38] /a 10
[12/9/2017 22:7:38] /a 10
[12/9/2017 22:7:38] /a 10
[12/9/2017 22:7:38] /a 10
[12/9/2017 22:7:38] /a 10
[12/9/2017 22:7:38] /a 10
[12/9/2017 22:7:38] /a 10
[12/9/2017 22:7:39] /a 10
[12/9/2017 22:7:39] /a 10
[12/9/2017 22:7:39] /a 10
[12/9/2017 22:7:39] /a 10
[12/9/2017 22:7:39] /a 10
[12/9/2017 22:7:39] /a 10
[12/9/2017 22:7:39] /a 10
[12/9/2017 22:7:39] /a 10
[12/9/2017 22:7:39] /a 10
[12/9/2017 22:7:40] /a 10
[12/9/2017 22:7:41] /a 10
[12/9/2017 22:7:41] /a 10
[12/9/2017 22:7:41] /a 10
[12/9/2017 22:7:42] /a 10
[12/9/2017 22:7:42] /a 10
[12/9/2017 22:7:42] /a 10
[12/9/2017 22:7:42] /a 10
[12/9/2017 22:7:42] /a 10
[12/9/2017 22:7:42] /a 10
[12/9/2017 22:7:42] /a 10
[12/9/2017 22:7:42] /a 10
[12/9/2017 22:7:42] /a 10
[12/9/2017 22:7:42] /a 10
[12/9/2017 22:7:42] /a 10
[12/9/2017 22:7:42] /a 10
[12/9/2017 22:7:43] /a 10
[12/9/2017 22:7:43] /a 10
[12/9/2017 22:7:43] /a 10
[12/9/2017 22:7:44] /a 10
[12/9/2017 22:7:44] /a 10
[12/9/2017 22:7:44] /a 10
[12/9/2017 22:7:44] /a 10
[12/9/2017 22:7:44] /a 10
[12/9/2017 22:7:45] /a 10
[12/9/2017 22:7:45] /a 10
[12/9/2017 22:7:45] /a 10
[12/9/2017 22:7:45] /a 10
[12/9/2017 22:7:45] /a 10
[12/9/2017 22:7:45] /a 10
[12/9/2017 22:7:45] /a 10
[12/9/2017 22:7:45] /a 10
[12/9/2017 22:7:45] /a 10
[12/9/2017 22:7:45] /a 10
[12/9/2017 22:7:46] /a 10
[12/9/2017 22:7:46] /a 10
[12/9/2017 22:7:46] /a 10
[12/9/2017 22:7:46] /a 10
[12/9/2017 22:7:47] /a 10
[12/9/2017 22:7:47] /a 10
[12/9/2017 22:7:47] /a 10
[12/9/2017 22:7:47] /a 10
[12/9/2017 22:7:47] /a 10
[12/9/2017 22:7:47] /a 10
[12/9/2017 22:7:47] /a 10
[12/9/2017 22:7:47] /a 10
[12/9/2017 22:7:47] /a 10
[12/9/2017 22:7:47] /a 10
[12/9/2017 22:7:48] /a 10
[12/9/2017 22:7:48] /a 10
[12/9/2017 22:7:48] /a 10
[12/9/2017 22:7:49] /a 10
[12/9/2017 22:7:49] /a 10
[12/9/2017 22:7:49] /a 10
[12/9/2017 22:7:49] /a 10
[12/9/2017 22:7:49] /a 10
[12/9/2017 22:7:49] /a 10
[12/9/2017 22:7:49] /a 10
[12/9/2017 22:7:49] /a 10
[12/9/2017 22:7:50] /a 10
[12/9/2017 22:7:50] /a 10
[12/9/2017 22:7:50] /a 10
[12/9/2017 22:7:50] /a 10
[12/9/2017 22:7:50] /a 10
[12/9/2017 22:7:50] /a 10
[12/9/2017 22:7:50] /a 10
[12/9/2017 22:7:50] /a 10
[12/9/2017 22:7:50] /a 10
[12/9/2017 22:7:51] /a 10
[12/9/2017 22:7:51] /a 10
[12/9/2017 22:7:51] /a 10
[12/9/2017 22:7:52] /a 10
[12/9/2017 22:7:52] /a 10
[12/9/2017 22:7:52] /a 10
[12/9/2017 22:7:52] /a 10
[12/9/2017 22:7:52] /a 10
[12/9/2017 22:7:52] /a 10
[12/9/2017 22:7:52] /a 10
[12/9/2017 22:7:52] /a 10
[12/9/2017 22:7:52] /a 10
[12/9/2017 22:7:52] /a 10
[12/9/2017 22:7:52] /a 10
[12/9/2017 22:7:52] /a 10
[12/9/2017 22:7:53] /a 10
[12/9/2017 22:7:54] /a 10
[12/9/2017 22:7:54] /a 10
[12/9/2017 22:7:54] /a 10
[12/9/2017 22:7:54] /a 10
[12/9/2017 22:7:54] /a 10
[12/9/2017 22:7:54] /a 10
[12/9/2017 22:7:54] /a 10
[12/9/2017 22:7:55] /a 10
[12/9/2017 22:7:55] /a 10
[12/9/2017 22:7:55] /a 10
[12/9/2017 22:7:55] /a 10
[12/9/2017 22:7:55] /a 10
[12/9/2017 22:7:55] /a 10
[12/9/2017 22:7:55] /a 10
[12/9/2017 22:7:56] /a 10
[12/9/2017 22:7:56] /a 10
[12/9/2017 22:7:56] /a 10
[12/9/2017 22:7:56] /a 10
[12/9/2017 22:7:57] /a 10
[12/9/2017 22:7:57] /a 10
[12/9/2017 22:7:58] /a 10
[12/9/2017 22:7:58] /a 10
[12/9/2017 22:7:59] /a 10
[12/9/2017 22:7:59] /a 10
[12/9/2017 22:7:59] /a 10
[12/9/2017 22:7:59] /a 10
[12/9/2017 22:8:1] /a 10
[12/9/2017 22:8:1] /a 10
[12/9/2017 22:8:2] /a 10
[12/9/2017 22:8:2] /a 10
[12/9/2017 22:8:2] /a 10
[12/9/2017 22:8:2] /a 10
[12/9/2017 22:8:2] /a 10
[12/9/2017 22:42:1] /save
[12/9/2017 22:43:30] /a 10
[12/9/2017 22:43:30] /a 10
[12/9/2017 22:43:30] /a 10
[12/9/2017 22:43:33] /c [ADM] Kauas
[12/9/2017 22:43:35] /c [ADM] Kauas
[12/9/2017 22:43:40] /a 10
[12/9/2017 22:43:41] /a 10
[12/9/2017 22:43:41] /a 10
[12/9/2017 22:43:41] /a 10
[12/9/2017 22:43:41] /a 10
[12/9/2017 22:43:41] /a 10
[12/9/2017 22:43:41] /a 10
[12/9/2017 22:43:41] /a 10
[12/9/2017 22:43:41] /a 10
[12/9/2017 22:43:41] /a 10
[12/9/2017 22:43:41] /a 10
[12/9/2017 22:43:41] /a 10
[12/9/2017 22:43:41] /a 10
[12/9/2017 22:43:42] /a 10
[12/9/2017 22:43:42] /a 10
[12/9/2017 22:43:42] /a 10
[12/9/2017 22:43:42] /a 10
[12/9/2017 22:43:42] /a 10
[12/9/2017 22:43:42] /a 10
[12/9/2017 22:43:42] /a 10
[12/9/2017 22:43:42] /a 10
[12/9/2017 22:43:42] /a 10
[12/9/2017 22:43:43] /a 10
[12/9/2017 22:43:43] /a 10
[12/9/2017 22:43:43] /a 10
[12/9/2017 22:43:43] /a 10
[12/9/2017 22:43:43] /a 10
[12/9/2017 22:43:43] /a 10
[12/9/2017 22:43:43] /a 10
[12/9/2017 22:43:44] /a 10
[12/9/2017 22:43:44] /a 10
[12/9/2017 22:43:45] /a 10
[12/9/2017 22:43:45] /a 10
[12/9/2017 22:43:45] /a 10
[12/9/2017 22:43:45] /a 10
[12/9/2017 22:43:46] /a 10
[12/9/2017 22:43:46] /a 10
[12/9/2017 22:43:46] /a 10
[12/9/2017 22:43:46] /a 10
[12/9/2017 22:43:47] /a 10
[12/9/2017 22:43:48] /a 10
[12/9/2017 22:43:48] /a 10
[12/9/2017 22:43:48] /a 10
[12/9/2017 22:43:48] /a 10
[12/9/2017 22:43:49] /a 10
[12/9/2017 22:43:49] /a 10
[12/9/2017 22:43:50] /a 10
[12/9/2017 22:43:50] /a 10
[12/9/2017 22:43:50] /a 10
[12/9/2017 22:43:50] /a 10
[12/9/2017 22:43:52] /a 10
[12/9/2017 22:43:52] /a 10
[12/9/2017 22:43:52] /a 10
[12/9/2017 22:43:53] /a 10
[12/9/2017 22:43:53] /a 10
[12/9/2017 22:43:53] /a 10
[12/9/2017 22:43:53] /a 10
[12/9/2017 22:43:53] /a 10
[12/9/2017 22:43:54] /a 10
[12/9/2017 22:43:54] /a 10
[12/9/2017 22:43:54] /a 10
[12/9/2017 22:43:55] /a 10
[12/9/2017 22:43:55] /a 10
[12/9/2017 22:43:55] /a 10
[12/9/2017 22:43:55] /a 10
[12/9/2017 22:43:56] /a 10
[12/9/2017 22:43:56] /a 10
[12/9/2017 22:43:56] /a 10
[12/9/2017 22:43:57] /a 10
[12/9/2017 22:43:57] /a 10
[12/9/2017 22:43:58] /a 10
[12/9/2017 22:43:58] /a 10
[12/9/2017 22:43:59] /a 10
[12/9/2017 22:43:59] /a 10
[12/9/2017 22:43:59] /a 10
[12/9/2017 22:43:59] /a 10
[12/9/2017 22:44:0] /a 10
[12/9/2017 22:44:0] /a 10
[12/9/2017 22:44:1] /a 10
[12/9/2017 22:44:2] /a 10
[12/9/2017 22:44:23] /goto [ADM] Kauas
[12/9/2017 22:44:26] /goto [ADM] Kauas
[12/9/2017 22:44:27] /goto [ADM] Kauas
[12/9/2017 22:44:29] /a 10
[12/9/2017 22:44:29] /a 10
[12/9/2017 22:44:30] /a 10
[12/9/2017 22:44:30] /a 10
[12/9/2017 23:27:2] /save
[12/9/2017 23:28:20] /c [ADM] Kauas
[12/9/2017 23:29:46] /save
[13/9/2017 0:8:30] /save
[13/9/2017 0:9:0] /a 1
[13/9/2017 0:9:8] /a 2
[13/9/2017 0:9:14] /c [ADM] Kauas
[13/9/2017 0:9:19] /down
[13/9/2017 0:9:20] /a 10
[13/9/2017 0:11:17] /save
[13/9/2017 0:14:5] /goto [adm] kauas
[13/9/2017 0:19:48] /save
[13/9/2017 0:24:53] /c [ADM] Kauas
[13/9/2017 0:46:50] /save
[13/9/2017 0:50:16] /a 10
[13/9/2017 0:50:17] /a 10
[13/9/2017 0:50:17] /a 10
[13/9/2017 0:50:17] /a 10
[13/9/2017 0:50:17] /a 10
[13/9/2017 0:50:17] /a 10
[13/9/2017 0:50:17] /a 10
[13/9/2017 0:50:17] /a 10
[13/9/2017 0:50:17] /a 10
[13/9/2017 0:50:17] /a 10
[13/9/2017 0:50:17] /a 10
[13/9/2017 0:50:17] /a 10
[13/9/2017 0:50:17] /a 10
[13/9/2017 0:50:18] /a 10
[13/9/2017 0:50:18] /a 10
[13/9/2017 0:50:19] /a 10
[13/9/2017 0:50:19] /a 10
[13/9/2017 0:50:19] /a 10
[13/9/2017 0:50:19] /a 10
[13/9/2017 0:50:19] /a 10
[13/9/2017 0:50:19] /a 10
[13/9/2017 0:50:19] /a 10
[13/9/2017 0:50:19] /a 10
[13/9/2017 0:50:19] /a 10
[13/9/2017 0:50:19] /a 10
[13/9/2017 0:50:19] /a 10
[13/9/2017 0:50:20] /a 10
[13/9/2017 0:50:20] /a 10
[13/9/2017 0:50:20] /a 10
[13/9/2017 0:50:20] /a 10
[13/9/2017 0:50:20] /a 10
[13/9/2017 0:50:20] /a 10
[13/9/2017 0:50:20] /a 10
[13/9/2017 0:50:20] /a 10
[13/9/2017 0:50:21] /a 10
[13/9/2017 0:50:21] /a 10
[13/9/2017 0:50:22] /a 10
[13/9/2017 0:50:22] /a 10
[13/9/2017 0:50:22] /a 10
[13/9/2017 0:50:22] /a 10
[13/9/2017 0:50:22] /a 10
[13/9/2017 0:50:22] /a 10
[13/9/2017 0:50:22] /a 10
[13/9/2017 0:50:22] /a 10
[13/9/2017 0:50:22] /a 10
[13/9/2017 0:50:22] /a 10
[13/9/2017 0:50:22] /a 10
[13/9/2017 0:50:22] /a 10
[13/9/2017 0:50:22] /a 10
[13/9/2017 0:50:22] /a 10
[13/9/2017 0:50:22] /a 10
[13/9/2017 0:50:22] /a 10
[13/9/2017 0:50:23] /a 10
[13/9/2017 0:50:23] /a 10
[13/9/2017 0:50:24] /a 10
[13/9/2017 0:50:24] /a 10
[13/9/2017 0:50:25] /a 10
[13/9/2017 0:50:25] /a 10
[13/9/2017 0:50:25] /a 10
[13/9/2017 0:50:25] /a 10
[13/9/2017 0:50:25] /a 10
[13/9/2017 0:50:25] /a 10
[13/9/2017 0:50:25] /a 10
[13/9/2017 0:50:25] /a 10
[13/9/2017 0:50:25] /a 10
[13/9/2017 0:50:25] /a 10
[13/9/2017 0:50:25] /a 10
[13/9/2017 0:50:26] /a 10
[13/9/2017 0:50:27] /a 10
[13/9/2017 0:50:27] /a 10
[13/9/2017 0:50:27] /a 10
[13/9/2017 0:50:27] /a 10
[13/9/2017 0:50:27] /a 10
[13/9/2017 0:50:27] /a 10
[13/9/2017 0:50:27] /a 10
[13/9/2017 0:50:27] /a 10
[13/9/2017 0:50:27] /a 10
[13/9/2017 0:50:28] /a 10
[13/9/2017 0:50:28] /a 10
[13/9/2017 0:50:28] /a 10
[13/9/2017 0:50:28] /a 10
[13/9/2017 0:50:28] /a 10
[13/9/2017 0:50:29] /a 10
[13/9/2017 0:50:30] /a 10
[13/9/2017 0:50:30] /a 10
[13/9/2017 0:50:30] /a 10
[13/9/2017 0:50:31] /a 10
[13/9/2017 0:50:31] /a 10
[13/9/2017 0:50:31] /a 10
[13/9/2017 0:50:31] /a 10
[13/9/2017 0:50:31] /a 10
[13/9/2017 0:50:31] /a 10
[13/9/2017 0:50:31] /a 10
[13/9/2017 0:50:32] /a 10
[13/9/2017 0:50:32] /a 10
[13/9/2017 0:50:33] /a 10
[13/9/2017 0:50:34] /a 10
[13/9/2017 0:50:34] /a 10
[13/9/2017 0:50:34] /a 10
[13/9/2017 0:50:34] /a 10
[13/9/2017 0:50:34] /a 10
[13/9/2017 0:50:34] /a 10
[13/9/2017 0:50:34] /a 10
[13/9/2017 0:50:34] /a 10
[13/9/2017 0:50:34] /a 10
[13/9/2017 0:50:35] /a 10
[13/9/2017 0:50:35] /a 10
[13/9/2017 0:50:35] /a 10
[13/9/2017 0:50:35] /a 10
[13/9/2017 0:50:35] /a 10
[13/9/2017 0:50:35] /a 10
[13/9/2017 0:50:35] /a 10
[13/9/2017 0:50:35] /a 10
[13/9/2017 0:50:35] /a 10
[13/9/2017 0:50:35] /a 10
[13/9/2017 0:50:36] /a 10
[13/9/2017 0:50:37] /a 10
[13/9/2017 0:50:37] /a 10
[13/9/2017 0:50:37] /a 10
[13/9/2017 0:50:37] /a 10
[13/9/2017 0:50:37] /a 10
[13/9/2017 0:50:37] /a 10
[13/9/2017 0:50:37] /a 10
[13/9/2017 0:50:37] /a 10
[13/9/2017 0:50:37] /a 10
[13/9/2017 0:50:38] /a 10
[13/9/2017 0:50:38] /a 10
[13/9/2017 0:50:38] /a 10
[13/9/2017 0:50:39] /a 10
[13/9/2017 0:50:39] /a 10
[13/9/2017 0:50:39] /a 10
[13/9/2017 0:50:39] /a 10
[13/9/2017 0:50:40] /a 10
[13/9/2017 0:50:40] /a 10
[13/9/2017 0:50:40] /a 10
[13/9/2017 0:50:41] /a 10
[13/9/2017 0:50:41] /a 10
[13/9/2017 0:50:42] /a 10
[13/9/2017 0:50:43] /a 10
[13/9/2017 0:50:43] /a 10
[13/9/2017 0:51:18] /a 10
[13/9/2017 0:53:15] /a 10
[13/9/2017 0:53:16] /a 10
[13/9/2017 20:34:6] /c [ADM] Kauas
[13/9/2017 20:34:16] /goto [ADM] Kauas
[13/9/2017 20:34:18] /goto [ADM] Kauas
[13/9/2017 20:34:19] /goto [ADM] Kauas
[13/9/2017 20:34:20] /goto [ADM] Kauas
[13/9/2017 20:34:21] /goto [ADM] Kauas
[13/9/2017 20:34:22] /goto [ADM] Kauas
[13/9/2017 20:34:23] /goto [ADM] Kauas
[13/9/2017 20:34:24] /goto [ADM] Kauas
[13/9/2017 20:34:25] /goto [ADM] Kauas
[13/9/2017 20:34:26] /goto [ADM] Kauas
[13/9/2017 20:34:27] /goto [ADM] Kauas
[13/9/2017 20:35:31] /goto [ADM] Kauas
[13/9/2017 20:35:32] /goto [ADM] Kauas
[13/9/2017 20:35:33] /goto [ADM] Kauas
[13/9/2017 20:35:34] /goto [ADM] Kauas
[13/9/2017 20:35:35] /goto [ADM] Kauas
[13/9/2017 20:56:21] /save
[13/9/2017 20:59:14] /c hashirama
[13/9/2017 20:59:43] /a 32
[13/9/2017 20:59:45] /a 32
[13/9/2017 21:1:6] /goto hashirama
[13/9/2017 21:1:12] /a 2
[13/9/2017 21:1:45] /a 2
[13/9/2017 21:1:49] /a 2
[13/9/2017 21:1:50] /a 2
[13/9/2017 21:1:50] /a 2
[13/9/2017 21:1:50] /a 2
[13/9/2017 21:1:51] /a 2
[13/9/2017 21:1:51] /a 2
[13/9/2017 21:1:53] /a 2
[13/9/2017 21:1:54] /a 2
[13/9/2017 21:1:55] /a 2
[13/9/2017 21:1:55] /a 2
[13/9/2017 21:1:56] /a 2
[13/9/2017 21:1:58] /a 2
[13/9/2017 21:1:58] /a 2
[13/9/2017 21:1:59] /a 2
[13/9/2017 21:2:0] /a 2
[13/9/2017 21:15:35] /goto Hashirama
[13/9/2017 21:17:18] /m trainer
[13/9/2017 21:19:43] /m sasori
[13/9/2017 21:20:53] /c Hashirama
[13/9/2017 21:22:10] /save
[13/9/2017 21:25:47] /save
[13/9/2017 21:38:56] /t
[13/9/2017 21:38:58] /town 1
[13/9/2017 21:39:27] /addskill [ADM] William, level, 700
[13/9/2017 21:40:49] /goto [ADM] Kauas
[13/9/2017 21:40:57] /c [ADM] Kauas
[13/9/2017 21:44:51] /reload npcs
[13/9/2017 21:45:0] /t [ADM] Kauas
[13/9/2017 21:46:55] /c [ADM] Kauas
[13/9/2017 21:47:1] /down
[13/9/2017 21:48:2] /i 4177
[13/9/2017 21:49:48] /addskill Naruto, level, 700
[13/9/2017 21:50:31] /newtype [ADM] Kauas, 200
[13/9/2017 21:50:33] /newtype [ADM] Kauas, 203
[13/9/2017 21:50:40] /newtype 200, [ADM] Kauas
[13/9/2017 21:50:46] /newtype 250, [ADM] Kauas
[13/9/2017 22:7:12] /c nicks
[13/9/2017 22:13:54] /goto nicks
[13/9/2017 22:17:0] /newtype
[13/9/2017 22:17:1] /newtype 183
[13/9/2017 22:17:4] /newtype 183
[13/9/2017 22:17:10] /newtype 200
[13/9/2017 22:17:12] /newtype 183
[13/9/2017 22:17:15] /newtype 184
[13/9/2017 22:17:15] /newtype 185
[13/9/2017 22:17:16] /newtype 186
[13/9/2017 22:17:18] /newtype 234
[13/9/2017 22:17:20] /newtype 235
[13/9/2017 22:17:23] /newtype 134
[13/9/2017 22:17:24] /newtype 135
[13/9/2017 22:17:28] /newtype 183
[13/9/2017 22:17:47] /newtype 390
[13/9/2017 22:21:33] /goto nicks
[13/9/2017 22:21:50] /save
[13/9/2017 22:33:22] /newtype 321
[13/9/2017 22:33:27] /newtype 323
[13/9/2017 22:33:28] /newtype 324
[13/9/2017 22:33:29] /newtype 325
[13/9/2017 22:33:31] /newtype 326
[13/9/2017 22:33:32] /newtype 327
[13/9/2017 22:33:33] /newtype 328
[13/9/2017 22:33:38] /newtype 234
[13/9/2017 22:33:42] /newtype 252
[13/9/2017 22:34:54] /n tsunadi
[13/9/2017 22:35:0] /c tsunade
[13/9/2017 22:38:16] /town 1
[13/9/2017 22:38:30] /down
[13/9/2017 22:38:31] /a 10
[13/9/2017 22:38:31] /a 10
[13/9/2017 22:38:32] /a 10
[13/9/2017 22:38:32] /a 10
[13/9/2017 22:38:32] /a 10
[13/9/2017 22:38:32] /a 10
[13/9/2017 22:38:32] /a 10
[13/9/2017 22:38:33] /a 10
[13/9/2017 22:38:34] /a 10
[13/9/2017 22:38:34] /a 10
[13/9/2017 22:38:35] /a 10
[13/9/2017 22:38:35] /a 10
[13/9/2017 22:38:36] /a 10
[13/9/2017 22:38:36] /a 10
[13/9/2017 22:38:37] /a 10
[13/9/2017 22:38:37] /a 10
[13/9/2017 22:38:38] /a 10
[13/9/2017 22:38:39] /a 10
[13/9/2017 22:38:39] /a 10
[13/9/2017 22:38:39] /a 10
[13/9/2017 22:38:40] /a 10
[13/9/2017 22:38:40] /a 10
[13/9/2017 22:38:40] /a 10
[13/9/2017 22:38:41] /a 10
[13/9/2017 22:38:42] /a 10
[13/9/2017 22:38:42] /a 10
[13/9/2017 22:38:42] /a 10
[13/9/2017 22:38:43] /a 10
[13/9/2017 22:38:43] /a 10
[13/9/2017 22:38:44] /a 10
[13/9/2017 22:38:44] /a 10
[13/9/2017 22:38:44] /a 10
[13/9/2017 22:38:45] /a 10
[13/9/2017 22:38:46] /a 10
[13/9/2017 22:38:46] /a 10
[13/9/2017 22:38:46] /a 10
[13/9/2017 22:38:47] /a 10
[13/9/2017 22:38:47] /a 10
[13/9/2017 22:46:23] /goto nicks
[13/9/2017 22:46:26] /goto nicks
[13/9/2017 22:46:34] /goto Hashirama
[13/9/2017 23:39:10] /town 1
[13/9/2017 23:39:20] /a 2
[13/9/2017 23:40:5] /a 3
[13/9/2017 23:40:6] /i 11365
[13/9/2017 23:40:25] /save
[13/9/2017 23:40:44] /up
[13/9/2017 23:40:48] /a 2
[13/9/2017 23:40:49] /up
[13/9/2017 23:42:21] /save
[13/9/2017 23:45:24] /goto [ADM] Kauas
[13/9/2017 23:50:43] /c Sharkey
[13/9/2017 23:56:42] /c Sharkey
[14/9/2017 0:0:41] /town 1
[14/9/2017 0:0:57] /down
[14/9/2017 0:0:58] /a 10
[14/9/2017 0:0:58] /a 10
[14/9/2017 0:0:59] /a 10
[14/9/2017 0:0:59] /a 10
[14/9/2017 0:0:59] /a 10
[14/9/2017 0:1:0] /a 10
[14/9/2017 0:1:1] /up
[14/9/2017 0:1:2] /a 10
[14/9/2017 0:1:3] /a 10
[14/9/2017 0:1:3] /a 10
[14/9/2017 0:1:4] /a 10
[14/9/2017 0:1:4] /a 10
[14/9/2017 0:1:4] /a 10
[14/9/2017 0:1:5] /a 10
[14/9/2017 0:1:5] /a 10
[14/9/2017 0:1:5] /a 10
[14/9/2017 0:1:5] /a 10
[14/9/2017 0:1:5] /a 10
[14/9/2017 0:1:5] /a 10
[14/9/2017 0:1:5] /a 10
[14/9/2017 0:1:5] /a 10
[14/9/2017 0:1:5] /a 10
[14/9/2017 0:1:6] /a 10
[14/9/2017 0:1:6] /a 10
[14/9/2017 0:1:6] /a 10
[14/9/2017 0:1:6] /a 10
[14/9/2017 0:1:6] /a 10
[14/9/2017 0:1:7] /a 10
[14/9/2017 0:1:7] /a 10
[14/9/2017 0:1:8] /a 10
[14/9/2017 0:1:8] /a 10
[14/9/2017 0:1:8] /a 10
[14/9/2017 0:1:9] /a 10
[14/9/2017 0:1:9] /a 10
[14/9/2017 0:1:10] /a 10
[14/9/2017 0:1:11] /a 10
[14/9/2017 0:1:11] /a 10
[14/9/2017 0:1:11] /a 10
[14/9/2017 0:1:12] /a 10
[14/9/2017 0:1:13] /a 10
[14/9/2017 0:1:14] /a 10
[14/9/2017 0:1:14] /a 10
[14/9/2017 0:1:15] /down
[14/9/2017 0:1:15] /a 10
[14/9/2017 0:1:16] /a 10
[14/9/2017 0:1:16] /a 10
[14/9/2017 0:1:16] /a 10
[14/9/2017 0:1:16] /a 10
[14/9/2017 0:1:16] /a 10
[14/9/2017 0:1:16] /a 10
[14/9/2017 0:1:16] /a 10
[14/9/2017 0:1:16] /a 10
[14/9/2017 0:1:16] /a 10
[14/9/2017 0:1:16] /a 10
[14/9/2017 0:1:16] /a 10
[14/9/2017 0:1:16] /a 10
[14/9/2017 0:1:16] /a 10
[14/9/2017 0:1:16] /a 10
[14/9/2017 0:1:16] /a 10
[14/9/2017 0:1:17] /a 10
[14/9/2017 0:1:17] /a 10
[14/9/2017 0:1:18] /a 10
[14/9/2017 0:1:18] /a 10
[14/9/2017 0:1:18] /a 10
[14/9/2017 0:1:19] /a 10
[14/9/2017 0:1:19] /a 10
[14/9/2017 0:1:19] /a 10
[14/9/2017 0:1:19] /a 10
[14/9/2017 0:1:19] /a 10
[14/9/2017 0:1:19] /a 10
[14/9/2017 0:1:19] /a 10
[14/9/2017 0:1:20] /a 10
[14/9/2017 0:1:20] /a 10
[14/9/2017 0:1:21] /a 10
[14/9/2017 0:1:22] /a 10
[14/9/2017 0:1:23] /a 10
[14/9/2017 0:1:24] /a 10
[14/9/2017 0:1:24] /a 10
[14/9/2017 0:1:25] /a 10
[14/9/2017 0:1:25] /a 10
[14/9/2017 0:1:26] /a 10
[14/9/2017 0:1:27] /a 10
[14/9/2017 0:1:28] /a 10
[14/9/2017 0:1:29] /a 10
[14/9/2017 0:1:29] /a 10
[14/9/2017 0:1:29] /a 10
[14/9/2017 0:1:30] /a 10
[14/9/2017 0:1:30] /a 10
[14/9/2017 0:1:30] /a 10
[14/9/2017 0:1:36] /town 1
[14/9/2017 0:2:33] /i gold
[14/9/2017 0:2:39] /i gold coin
[14/9/2017 0:2:47] /i 2159
[14/9/2017 0:2:50] /i 2158
[14/9/2017 0:2:51] /i 2157
[14/9/2017 0:10:14] /down
[14/9/2017 0:10:15] /a 10
[14/9/2017 0:10:16] /a 10
[14/9/2017 0:10:19] /a 10
[14/9/2017 0:10:19] /a 10
[14/9/2017 0:10:19] /a 10
[14/9/2017 0:10:20] /a 10
[14/9/2017 0:10:20] /a 10
[14/9/2017 0:10:20] /a 10
[14/9/2017 0:10:20] /a 10
[14/9/2017 0:10:20] /a 10
[14/9/2017 0:10:20] /a 10
[14/9/2017 0:10:21] /a 10
[14/9/2017 0:10:21] /a 10
[14/9/2017 0:10:21] /a 10
[14/9/2017 0:10:21] /a 10
[14/9/2017 0:10:21] /a 10
[14/9/2017 0:10:21] /a 10
[14/9/2017 0:10:21] /a 10
[14/9/2017 0:10:21] /a 10
[14/9/2017 0:10:21] /a 10
[14/9/2017 0:10:21] /a 10
[14/9/2017 0:10:21] /a 10
[14/9/2017 0:10:21] /a 10
[14/9/2017 0:10:21] /a 10
[14/9/2017 0:10:21] /a 10
[14/9/2017 0:10:22] /a 10
[14/9/2017 0:10:22] /a 10
[14/9/2017 0:10:22] /a 10
[14/9/2017 0:10:23] /a 10
[14/9/2017 0:10:24] /a 10
[14/9/2017 0:10:25] /a 10
[14/9/2017 0:12:15] /save
[14/9/2017 0:19:52] /t
[14/9/2017 0:19:54] /town 1
[14/9/2017 0:19:56] /save
[14/9/2017 0:19:57] /save
[14/9/2017 0:20:9] /goto sharkey
[14/9/2017 0:20:11] /goto sharkey
[14/9/2017 0:20:27] /goto sharkey
[14/9/2017 0:20:29] /goto sharkey
[14/9/2017 0:20:30] /goto sharkey
[14/9/2017 0:20:31] /goto sharkey
[14/9/2017 0:20:31] /goto sharkey
[14/9/2017 0:20:32] /goto sharkey
[14/9/2017 0:20:32] /goto sharkey
[14/9/2017 0:20:33] /goto sharkey
[14/9/2017 0:20:48] /goto sharkey
[14/9/2017 0:48:6] /save
[14/9/2017 23:26:37] /a 2
[14/9/2017 23:26:38] /a 2
[14/9/2017 23:26:46] /a 2
[14/9/2017 23:26:46] /a 2
[14/9/2017 23:26:47] /a 2
[14/9/2017 23:26:53] /town 1
[14/9/2017 23:54:8] /town 1
[14/9/2017 23:57:7] /town 1
[14/9/2017 23:57:10] /down
[14/9/2017 23:57:10] /down
[14/9/2017 23:58:8] /save
[14/9/2017 23:58:44] /save
[15/9/2017 0:2:14] /down
[15/9/2017 0:2:15] /down
[15/9/2017 0:2:15] /down
[15/9/2017 0:2:17] /down
[15/9/2017 1:0:18] /save
[15/9/2017 1:3:34] /a 10
[15/9/2017 1:3:35] /a 10
[15/9/2017 1:3:35] /a 10
[15/9/2017 1:3:35] /a 10
[15/9/2017 1:3:35] /a 10
[15/9/2017 1:3:35] /a 10
[15/9/2017 1:3:36] /a 10
[15/9/2017 1:3:36] /a 10
[15/9/2017 1:3:36] /a 10
[15/9/2017 1:3:36] /a 10
[15/9/2017 1:3:36] /a 10
[15/9/2017 1:3:36] /a 10
[15/9/2017 1:3:36] /a 10
[15/9/2017 1:3:36] /a 10
[15/9/2017 1:3:36] /a 10
[15/9/2017 1:3:36] /a 10
[15/9/2017 1:3:36] /a 10
[15/9/2017 1:3:36] /a 10
[15/9/2017 1:3:37] /a 10
[15/9/2017 1:3:38] /a 10
[15/9/2017 1:3:38] /a 10
[15/9/2017 1:3:39] /a 10
[15/9/2017 1:3:39] /a 10
[15/9/2017 1:3:40] /a 10
[15/9/2017 1:3:40] /a 10
[15/9/2017 1:3:40] /a 10
[15/9/2017 1:3:40] /a 10
[15/9/2017 1:3:40] /a 10
[15/9/2017 1:3:40] /a 10
[15/9/2017 1:3:40] /a 10
[15/9/2017 1:3:40] /a 10
[15/9/2017 1:3:40] /a 10
[15/9/2017 1:3:41] /a 10
[15/9/2017 1:3:42] /a 10
[15/9/2017 1:3:42] /a 10
[15/9/2017 1:3:42] /a 10
[15/9/2017 1:3:42] /a 10
[15/9/2017 1:3:42] /a 10
[15/9/2017 1:3:42] /a 10
[15/9/2017 1:3:42] /a 10
[15/9/2017 1:3:42] /a 10
[15/9/2017 1:3:43] /a 10
[15/9/2017 1:3:43] /a 10
[15/9/2017 1:3:44] /a 10
[15/9/2017 1:3:44] /a 10
[15/9/2017 1:3:44] /a 10
[15/9/2017 1:3:44] /a 10
[15/9/2017 1:3:44] /a 10
[15/9/2017 1:3:45] /a 10
[15/9/2017 1:3:46] /a 10
[15/9/2017 1:3:46] /a 10
[15/9/2017 1:3:46] /a 10
[15/9/2017 1:3:47] /a 10
[15/9/2017 1:3:47] /a 10
[15/9/2017 1:3:47] /a 10
[15/9/2017 1:45:51] /save
[15/9/2017 21:52:29] /goto kauas
[15/9/2017 21:52:31] /r
[15/9/2017 21:52:49] /goto [ADM] Kauas
[15/9/2017 21:54:31] /r
[15/9/2017 21:54:34] /r
[15/9/2017 21:54:51] /goto [ADM] Kauas
[15/9/2017 21:56:2] /c nicks
[15/9/2017 21:56:22] /c nicks
[15/9/2017 21:56:24] /c nicks
[15/9/2017 21:56:25] /c nicks
[15/9/2017 21:56:25] /c nicks
[15/9/2017 21:56:26] /c nicks
[15/9/2017 21:56:26] /c nicks
[15/9/2017 21:57:8] /goto [ADM] Kauas
[15/9/2017 21:59:31] /goto Nicks
[15/9/2017 21:59:32] /goto Nicks
[15/9/2017 21:59:59] /a 2
[15/9/2017 22:0:13] /goto Nicks
[15/9/2017 22:0:22] /goto [ADM] Kauas
[15/9/2017 22:4:3] /goto sharkey
[15/9/2017 22:22:31] /c [ADM] Kauas
[15/9/2017 22:22:43] /a 10
[15/9/2017 22:22:43] /a 10
[15/9/2017 22:22:43] /a 10
[15/9/2017 22:22:44] /a 10
[15/9/2017 22:22:44] /a 10
[15/9/2017 22:22:44] /a 10
[15/9/2017 22:22:44] /a 10
[15/9/2017 22:22:45] /a 10
[15/9/2017 22:22:45] /a 10
[15/9/2017 22:48:25] /save
[15/9/2017 22:48:27] /save
[15/9/2017 22:52:31] /town 1
[15/9/2017 22:53:49] /a 10
[15/9/2017 22:53:50] /a 10
[15/9/2017 22:53:50] /a 10
[15/9/2017 22:53:50] /a 10
[15/9/2017 22:53:50] /a 10
[15/9/2017 22:53:50] /a 10
[15/9/2017 22:53:50] /a 10
[15/9/2017 22:53:50] /a 10
[15/9/2017 22:53:50] /a 10
[15/9/2017 22:53:50] /a 10
[15/9/2017 22:53:50] /a 10
[15/9/2017 22:53:50] /a 10
[15/9/2017 22:53:50] /a 10
[15/9/2017 22:53:50] /a 10
[15/9/2017 22:53:50] /a 10
[15/9/2017 22:53:50] /a 10
[15/9/2017 22:53:50] /a 10
[15/9/2017 22:53:50] /a 10
[15/9/2017 22:53:50] /a 10
[15/9/2017 22:53:50] /a 10
[15/9/2017 22:53:50] /a 10
[15/9/2017 22:53:50] /a 10
[15/9/2017 22:53:50] /a 10
[15/9/2017 22:53:50] /a 10
[15/9/2017 22:53:51] /a 10
[15/9/2017 22:53:51] /a 10
[15/9/2017 22:53:51] /a 10
[15/9/2017 22:53:51] /a 10
[15/9/2017 22:53:51] /a 10
[15/9/2017 22:53:51] /a 10
[15/9/2017 22:53:51] /a 10
[15/9/2017 22:53:51] /a 10
[15/9/2017 22:53:51] /a 10
[15/9/2017 22:53:51] /a 10
[15/9/2017 22:53:51] /a 10
[15/9/2017 22:53:51] /a 10
[15/9/2017 22:53:52] /a 10
[15/9/2017 22:53:52] /a 10
[15/9/2017 22:53:52] /a 10
[15/9/2017 22:53:52] /a 10
[15/9/2017 22:53:52] /a 10
[15/9/2017 22:53:52] /a 10
[15/9/2017 22:53:52] /a 10
[15/9/2017 22:53:53] /a 10
[15/9/2017 22:53:53] /a 10
[15/9/2017 22:53:53] /a 10
[15/9/2017 22:53:53] /a 10
[15/9/2017 22:53:53] /a 10
[15/9/2017 22:53:53] /a 10
[15/9/2017 22:53:54] /a 10
[15/9/2017 22:53:54] /a 10
[15/9/2017 22:53:55] /a 10
[15/9/2017 22:53:55] /a 10
[15/9/2017 22:53:55] /a 10
[15/9/2017 22:55:19] /save
[15/9/2017 22:57:20] /a 10
[15/9/2017 22:57:21] /a 10
[17/9/2017 23:34:51] /m trainer
[17/9/2017 23:37:35] /c bob marley
[17/9/2017 23:37:42] /m trainer
[17/9/2017 23:39:0] /r
[17/9/2017 23:39:13] /c naruto
[17/9/2017 23:39:24] /c naruto
[17/9/2017 23:40:25] /r
[17/9/2017 23:43:4] /save
[17/9/2017 23:44:19] /c kisame
[17/9/2017 23:44:28] /m trainer
[17/9/2017 23:44:29] /r
[17/9/2017 23:53:10] /m trainer
[18/9/2017 0:5:36] /reload talkactions
[18/9/2017 0:9:11] /m trainer
[18/9/2017 0:11:16] /reload talkactions
[18/9/2017 0:15:54] /m trainer
[18/9/2017 0:18:35] /m trainre
[18/9/2017 0:18:37] /m trainer
[18/9/2017 0:40:32] /m trainer
[18/9/2017 0:45:41] /m trainer
[18/9/2017 1:29:27] /m trainer
[18/9/2017 3:2:41] /m trainer
[18/9/2017 3:15:23] /m trainer
[18/9/2017 3:45:14] /m trainer
[18/9/2017 3:46:44] /c viper
[18/9/2017 4:10:15] /m trainer
[18/9/2017 4:10:20] /m trainer
[18/9/2017 4:10:34] /addskill Viper, fist, 100
[18/9/2017 4:11:2] /addskill Viper, level, 100
[18/9/2017 4:11:25] /addskill Viper, fist fighting, 100
[18/9/2017 4:11:59] /addskill Viper, fist, 100
[18/9/2017 4:12:5] /addskill Viper, fist, 100
[18/9/2017 4:13:13] /addskill Viper, club, 10
[18/9/2017 4:13:35] /addskill Viper, fighting, 10
[18/9/2017 4:13:47] /addskill Viper, fighting, 100
[18/9/2017 4:13:55] /addskill Viper, fighting, 10
[18/9/2017 4:13:57] /addskill Viper, fighting, 10
[18/9/2017 4:13:58] /addskill Viper, fighting, 10
[18/9/2017 4:14:0] /addskill Viper, fighting, 10
[18/9/2017 4:14:1] /addskill Viper, fighting, 10
[18/9/2017 4:14:3] /addskill Viper, fighting, 10
[18/9/2017 4:14:10] /addskill Viper, fighting, 10
[18/9/2017 4:14:13] /addskill Viper, fighting, 10
[18/9/2017 4:14:14] /addskill Viper, fighting, 10
[18/9/2017 4:14:17] /addskill Viper, fighting, 10
[18/9/2017 4:14:24] /addskill Viper, fighting, 1
[18/9/2017 4:14:25] /addskill Viper, fighting, 1
[18/9/2017 4:14:26] /addskill Viper, fighting, 1
[18/9/2017 4:14:26] /addskill Viper, fighting, 1
[18/9/2017 4:14:27] /addskill Viper, fighting, 1
[18/9/2017 4:14:27] /addskill Viper, fighting, 1
[18/9/2017 4:14:27] /addskill Viper, fighting, 1
[18/9/2017 4:14:28] /addskill Viper, fighting, 1
[18/9/2017 4:14:29] /addskill Viper, fighting, 1
[18/9/2017 4:14:30] /addskill Viper, fighting, 1
[18/9/2017 4:14:32] /addskill Viper, fighting, 1
[18/9/2017 11:35:37] /m trainer
[18/9/2017 11:35:45] /i backpack
[18/9/2017 11:37:34] /m perfect anbu
[18/9/2017 11:37:54] /r
[18/9/2017 11:38:13] /i sasori
[18/9/2017 11:38:17] /m sasori
[18/9/2017 11:38:35] /r
[18/9/2017 11:38:53] /m kisame
[18/9/2017 11:39:7] /r
[18/9/2017 11:39:14] /m itachi
[18/9/2017 11:39:27] /r
[18/9/2017 11:39:31] /m otibo
[18/9/2017 11:39:36] /m obito
[18/9/2017 11:39:48] /r
[18/9/2017 11:39:50] /r
[18/9/2017 11:39:54] /m obito boss
[18/9/2017 11:40:3] /m tobirama
[18/9/2017 11:40:8] /m tobi boss
[18/9/2017 11:40:15] /r
[18/9/2017 11:42:27] /addskill Bob Marley, fighting, 50
[18/9/2017 11:42:30] /addskill Bob Marley, fighting, 5
[18/9/2017 11:42:32] /addskill Bob Marley, fighting, 5
[18/9/2017 11:42:34] /addskill Bob Marley, fighting, 1
[18/9/2017 11:42:35] /addskill Bob Marley, fighting, 1
[18/9/2017 11:42:35] /addskill Bob Marley, fighting, 1
[18/9/2017 11:42:36] /addskill Bob Marley, fighting, 1
[19/9/2017 22:2:39] /a 10
[19/9/2017 22:2:39] /a 10
[19/9/2017 22:2:40] /a 10
[19/9/2017 22:2:40] /a 10
[19/9/2017 22:2:40] /a 10
[19/9/2017 22:2:40] /a 10
[19/9/2017 22:2:40] /a 10
[19/9/2017 22:2:40] /a 10
[19/9/2017 22:2:40] /a 10
[19/9/2017 22:2:40] /a 10
[19/9/2017 22:2:40] /a 10
[19/9/2017 22:2:40] /a 10
[19/9/2017 22:2:40] /a 10
[19/9/2017 22:2:40] /a 10
[19/9/2017 22:2:40] /a 10
[19/9/2017 22:2:40] /a 10
[19/9/2017 22:2:40] /a 10
[19/9/2017 22:2:40] /a 10
[19/9/2017 22:2:40] /a 10
[19/9/2017 22:2:40] /a 10
[19/9/2017 22:2:40] /a 10
[19/9/2017 22:2:40] /a 10
[19/9/2017 22:2:40] /a 10
[19/9/2017 22:2:41] /a 10
[19/9/2017 22:2:41] /a 10
[19/9/2017 22:2:41] /a 10
[19/9/2017 22:2:41] /a 10
[19/9/2017 22:2:41] /a 10
[19/9/2017 22:2:41] /a 10
[19/9/2017 22:2:41] /a 10
[19/9/2017 22:2:41] /a 10
[19/9/2017 22:2:42] /a 10
[19/9/2017 22:2:42] /a 10
[19/9/2017 22:2:42] /a 10
[19/9/2017 22:2:42] /a 10
[19/9/2017 22:2:42] /a 10
[19/9/2017 22:2:42] /a 10
[19/9/2017 22:2:42] /a 10
[19/9/2017 22:2:42] /a 10
[19/9/2017 22:2:42] /a 10
[19/9/2017 22:2:42] /a 10
[19/9/2017 22:2:42] /a 10
[19/9/2017 22:2:42] /a 10
[19/9/2017 22:2:43] /a 10
[19/9/2017 22:2:44] /a 10
[19/9/2017 22:2:44] /a 10
[19/9/2017 22:2:44] /a 10
[19/9/2017 22:2:44] /a 10
[19/9/2017 22:2:44] /a 10
[19/9/2017 22:2:44] /a 10
[19/9/2017 22:2:44] /a 10
[19/9/2017 22:2:44] /a 10
[19/9/2017 22:2:44] /a 10
[19/9/2017 22:2:44] /a 10
[19/9/2017 22:2:44] /a 10
[19/9/2017 22:2:44] /a 10
[19/9/2017 22:2:44] /a 10
[19/9/2017 22:2:44] /a 10
[19/9/2017 22:2:44] /a 10
[19/9/2017 22:2:44] /a 10
[19/9/2017 22:2:46] /a 10
[19/9/2017 22:2:46] /a 10
[19/9/2017 22:2:46] /a 10
[19/9/2017 22:2:46] /a 10
[19/9/2017 22:2:46] /a 10
[19/9/2017 22:2:46] /a 10
[19/9/2017 22:2:46] /a 10
[19/9/2017 22:2:47] /a 10
[19/9/2017 22:2:47] /a 10
[19/9/2017 22:2:48] /a 10
[19/9/2017 22:2:48] /a 10
[19/9/2017 22:2:48] /a 10
[19/9/2017 22:2:48] /a 10
[19/9/2017 22:2:49] /a 10
[19/9/2017 22:2:49] /a 10
[19/9/2017 22:2:50] /a 10
[19/9/2017 22:2:50] /a 10
[19/9/2017 22:2:50] /a 10
[19/9/2017 22:2:50] /a 10
[19/9/2017 22:2:51] /a 10
[19/9/2017 22:2:51] /a 10
[19/9/2017 22:2:51] /a 10
[19/9/2017 22:2:51] /a 10
[19/9/2017 22:2:51] /a 10
[19/9/2017 22:2:51] /a 10
[19/9/2017 22:2:51] /a 10
[19/9/2017 22:2:51] /a 10
[19/9/2017 22:2:51] /a 10
[19/9/2017 22:2:51] /a 10
[19/9/2017 22:2:51] /a 10
[19/9/2017 22:3:6] /a 3
[19/9/2017 22:3:7] /up
[19/9/2017 22:3:10] /a 2
[19/9/2017 22:3:12] /up
[19/9/2017 22:3:27] /down
[19/9/2017 22:3:29] /down
[19/9/2017 22:3:31] /a 10
[19/9/2017 22:3:31] /a 10
[19/9/2017 22:3:32] /a 10
[19/9/2017 22:3:33] /a 10
[19/9/2017 22:5:43] /save
[19/9/2017 22:13:3] /r
[19/9/2017 22:16:22] /m anbu
[19/9/2017 22:16:50] /r
[19/9/2017 22:16:55] /r
[19/9/2017 22:16:57] /r
[19/9/2017 22:16:58] /r
[19/9/2017 22:17:0] /r
[19/9/2017 22:19:58] /c viper
[19/9/2017 22:27:35] /a 10
[19/9/2017 22:27:36] /a 10
[19/9/2017 22:27:36] /a 10
[19/9/2017 22:27:36] /a 10
[19/9/2017 22:27:36] /a 10
[19/9/2017 22:27:37] /a 10
[19/9/2017 22:27:38] /a 10
[19/9/2017 22:27:40] /a 10
[19/9/2017 22:27:40] /a 10
[19/9/2017 22:27:41] /a 10
[19/9/2017 22:27:41] /a 10
[19/9/2017 22:27:42] /a 10
[19/9/2017 22:34:34] /a 10
[19/9/2017 22:34:34] /a 10
[19/9/2017 22:34:34] /a 10
[19/9/2017 22:34:34] /a 10
[19/9/2017 22:34:35] /a 10
[19/9/2017 22:34:35] /a 10
[19/9/2017 22:34:35] /a 10
[19/9/2017 22:34:35] /a 10
[19/9/2017 22:34:35] /a 10
[19/9/2017 22:34:35] /a 10
[19/9/2017 22:34:35] /a 10
[19/9/2017 22:34:35] /a 10
[19/9/2017 22:34:35] /a 10
[19/9/2017 22:34:35] /a 10
[19/9/2017 22:34:35] /a 10
[19/9/2017 22:34:35] /a 10
[19/9/2017 22:34:36] /a 10
[19/9/2017 22:34:36] /a 10
[19/9/2017 22:34:36] /a 10
[19/9/2017 22:34:36] /a 10
[19/9/2017 22:34:36] /a 10
[19/9/2017 22:34:36] /a 10
[19/9/2017 22:34:36] /a 10
[19/9/2017 22:34:36] /a 10
[19/9/2017 22:34:36] /a 10
[19/9/2017 22:34:36] /a 10
[19/9/2017 22:34:36] /a 10
[19/9/2017 22:34:36] /a 10
[19/9/2017 22:34:36] /a 10
[19/9/2017 22:34:37] /a 10
[19/9/2017 22:34:37] /a 10
[19/9/2017 22:34:37] /a 10
[19/9/2017 22:34:37] /a 10
[19/9/2017 22:34:37] /a 10
[19/9/2017 22:34:38] /a 10
[19/9/2017 22:34:38] /a 10
[19/9/2017 22:34:38] /a 10
[19/9/2017 22:34:39] /a 10
[19/9/2017 22:34:39] /a 10
[19/9/2017 22:34:39] /a 10
[19/9/2017 22:34:40] /a 10
[19/9/2017 22:34:40] /a 10
[19/9/2017 22:34:40] /a 10
[19/9/2017 22:34:41] /a 10
[19/9/2017 22:34:41] /a 10
[19/9/2017 22:34:41] /a 10
[19/9/2017 22:34:41] /a 10
[19/9/2017 22:34:41] /a 10
[19/9/2017 22:34:41] /a 10
[19/9/2017 22:34:41] /a 10
[19/9/2017 22:34:41] /a 10
[19/9/2017 22:34:41] /a 10
[19/9/2017 22:34:41] /a 10
[19/9/2017 22:34:42] /a 10
[19/9/2017 22:34:42] /a 10
[19/9/2017 22:34:42] /a 10
[19/9/2017 22:34:42] /a 10
[19/9/2017 22:34:43] /a 10
[19/9/2017 22:34:43] /a 10
[19/9/2017 22:34:43] /a 10
[19/9/2017 22:34:43] /a 10
[19/9/2017 22:34:44] /a 10
[19/9/2017 22:34:44] /a 10
[19/9/2017 22:34:44] /a 10
[19/9/2017 22:34:44] /a 10
[19/9/2017 22:34:44] /a 10
[19/9/2017 22:34:44] /a 10
[19/9/2017 22:34:45] /a 10
[19/9/2017 22:34:45] /a 10
[19/9/2017 22:34:45] /a 10
[19/9/2017 22:34:46] /a 10
[19/9/2017 22:34:48] /a 10
[19/9/2017 22:34:59] /goto cheetos
[19/9/2017 22:35:36] /a 2
[19/9/2017 22:35:39] /a 2
[19/9/2017 22:35:47] /m yeti
[19/9/2017 22:35:50] /town 2
[19/9/2017 22:36:39] /goto sakura
[19/9/2017 22:36:46] /save
[19/9/2017 22:36:58] /save
[19/9/2017 22:40:36] /i 4747
[19/9/2017 22:41:28] /newtype 300
[19/9/2017 22:41:30] /newtype 2
[19/9/2017 22:41:31] /newtype 1
[19/9/2017 22:41:33] /newtype 100
[19/9/2017 22:41:36] /newtype 75
[19/9/2017 22:42:17] /newtype 20
[19/9/2017 22:42:49] /newtype 66
[19/9/2017 22:42:55] /newtype 20
[19/9/2017 22:43:30] /town 1
[19/9/2017 22:49:6] /town 1
[19/9/2017 22:50:54] /town 1
[19/9/2017 22:51:46] /c [ADM] Kauas
[19/9/2017 22:52:12] /c Sasuke uchiha
[19/9/2017 22:52:17] /c Sakura
[19/9/2017 22:55:8] /newtype 394
[19/9/2017 22:56:33] /save
[19/9/2017 22:58:6] /newtype 20
[19/9/2017 23:0:13] /c /r
[19/9/2017 23:0:15] /r
[19/9/2017 23:1:10] /c sasuke
[19/9/2017 23:1:17] /c anbu
[19/9/2017 23:1:23] /c chouji
[19/9/2017 23:1:29] /c gaara
[19/9/2017 23:1:38] /c hashirama
[19/9/2017 23:1:56] /c itachi
[19/9/2017 23:2:8] /c kakashi
[19/9/2017 23:2:15] /c kakuro
[19/9/2017 23:2:19] /c kankuro
[19/9/2017 23:2:24] /c killer bee
[19/9/2017 23:2:34] /c kisame
[19/9/2017 23:2:51] /c sakura
[19/9/2017 23:3:7] /c shikamaru
[19/9/2017 23:3:12] /c shino
[19/9/2017 23:3:19] /c tenten
[19/9/2017 23:3:29] /c ten ten
[19/9/2017 23:3:33] /r
[19/9/2017 23:3:48] /c deidara
[19/9/2017 23:3:55] /c hinata
[19/9/2017 23:4:5] /c jiraya
[19/9/2017 23:4:17] /c konnan
[19/9/2017 23:4:21] /c konan
[19/9/2017 23:4:26] /c madara
[19/9/2017 23:4:32] /c minato
[19/9/2017 23:4:39] /c nagato
[19/9/2017 23:4:46] /c obito
[19/9/2017 23:4:55] /c sai
[19/9/2017 23:5:2] /c temari
[19/9/2017 23:8:16] /newtype 20, Naruto Uzumaki
[19/9/2017 23:9:52] /addskill Naruto Uzumaki, level, 1500
[19/9/2017 23:9:57] /addskill Kakashi Hatake, level, 1500
[19/9/2017 23:10:18] /addskill Sakura, level, 300
[19/9/2017 23:10:22] /addskill Sakura, level, 500
[19/9/2017 23:10:39] /addskill Sasuke uchiha, level, 800
[19/9/2017 23:10:48] /r
[19/9/2017 23:12:15] /i 2123
[19/9/2017 23:17:13] /a 10
[19/9/2017 23:17:13] /a 10
[19/9/2017 23:17:13] /a 10
[19/9/2017 23:17:13] /a 10
[19/9/2017 23:17:13] /a 10
[19/9/2017 23:17:13] /a 10
[19/9/2017 23:17:14] /a 10
[19/9/2017 23:17:14] /a 10
[19/9/2017 23:17:14] /a 10
[19/9/2017 23:17:15] /a 10
[19/9/2017 23:17:15] /a 10
[19/9/2017 23:17:15] /a 10
[19/9/2017 23:17:15] /a 10
[19/9/2017 23:17:16] /a 10
[19/9/2017 23:17:16] /a 10
[19/9/2017 23:17:16] /a 10
[19/9/2017 23:17:16] /a 10
[19/9/2017 23:17:17] /a 10
[19/9/2017 23:17:17] /a 10
[19/9/2017 23:17:17] /a 10
[19/9/2017 23:17:17] /a 10
[19/9/2017 23:17:17] /a 10
[19/9/2017 23:17:18] /a 10
[19/9/2017 23:17:18] /a 10
[19/9/2017 23:17:18] /a 10
[19/9/2017 23:17:18] /a 10
[19/9/2017 23:17:19] /a 10
[19/9/2017 23:17:19] /a 10
[19/9/2017 23:17:19] /a 10
[19/9/2017 23:17:19] /a 10
[19/9/2017 23:17:20] /a 10
[19/9/2017 23:17:20] /a 10
[19/9/2017 23:17:20] /a 10
[19/9/2017 23:17:20] /a 10
[19/9/2017 23:17:20] /a 10
[19/9/2017 23:17:20] /a 10
[19/9/2017 23:17:20] /a 10
[19/9/2017 23:17:21] /a 10
[19/9/2017 23:17:21] /a 10
[19/9/2017 23:17:21] /a 10
[19/9/2017 23:17:21] /a 10
[19/9/2017 23:17:22] /a 10
[19/9/2017 23:17:22] /a 10
[19/9/2017 23:17:22] /a 10
[19/9/2017 23:17:22] /a 10
[19/9/2017 23:17:22] /a 10
[19/9/2017 23:17:22] /a 10
[19/9/2017 23:17:23] /a 10
[19/9/2017 23:17:23] /a 10
[19/9/2017 23:17:23] /a 10
[19/9/2017 23:17:23] /a 10
[19/9/2017 23:17:23] /a 10
[19/9/2017 23:17:23] /a 10
[19/9/2017 23:17:23] /a 10
[19/9/2017 23:17:24] /a 10
[19/9/2017 23:17:24] /a 10
[19/9/2017 23:17:24] /a 10
[19/9/2017 23:17:24] /a 10
[19/9/2017 23:17:24] /a 10
[19/9/2017 23:17:24] /a 10
[19/9/2017 23:17:25] /a 10
[19/9/2017 23:17:25] /a 10
[19/9/2017 23:17:26] /a 10
[19/9/2017 23:17:26] /a 10
[19/9/2017 23:17:26] /a 10
[19/9/2017 23:17:26] /a 10
[19/9/2017 23:17:26] /a 10
[19/9/2017 23:17:27] /a 10
[19/9/2017 23:17:27] /a 10
[19/9/2017 23:17:27] /a 10
[19/9/2017 23:17:27] /a 10
[19/9/2017 23:17:27] /a 10
[19/9/2017 23:17:27] /a 10
[19/9/2017 23:17:28] /a 10
[19/9/2017 23:17:28] /a 10
[19/9/2017 23:17:28] /a 10
[19/9/2017 23:17:29] /a 10
[19/9/2017 23:17:29] /a 10
[19/9/2017 23:17:31] /a 10
[19/9/2017 23:17:31] /a 10
[19/9/2017 23:17:31] /a 10
[19/9/2017 23:17:32] /a 10
[19/9/2017 23:17:32] /a 10
[19/9/2017 23:17:32] /a 10
[19/9/2017 23:17:32] /a 10
[19/9/2017 23:17:32] /a 10
[19/9/2017 23:17:32] /a 10
[19/9/2017 23:17:32] /a 10
[19/9/2017 23:17:32] /a 10
[19/9/2017 23:17:32] /a 10
[19/9/2017 23:17:32] /a 10
[19/9/2017 23:17:32] /a 10
[19/9/2017 23:17:32] /a 10
[19/9/2017 23:17:32] /a 10
[19/9/2017 23:17:32] /a 10
[19/9/2017 23:17:32] /a 10
[19/9/2017 23:17:32] /a 10
[19/9/2017 23:17:33] /a 10
[19/9/2017 23:17:33] /a 10
[19/9/2017 23:17:33] /a 10
[19/9/2017 23:17:33] /a 10
[19/9/2017 23:17:33] /a 10
[19/9/2017 23:17:33] /a 10
[19/9/2017 23:17:33] /a 10
[19/9/2017 23:17:33] /a 10
[19/9/2017 23:17:33] /a 10
[19/9/2017 23:17:34] /a 10
[19/9/2017 23:17:34] /a 10
[19/9/2017 23:17:34] /a 10
[19/9/2017 23:17:34] /a 10
[19/9/2017 23:17:34] /a 10
[19/9/2017 23:17:35] /a 10
[19/9/2017 23:17:35] /a 10
[19/9/2017 23:17:35] /a 10
[19/9/2017 23:17:35] /a 10
[19/9/2017 23:17:35] /a 10
[19/9/2017 23:17:35] /a 10
[19/9/2017 23:17:36] /a 10
[19/9/2017 23:17:37] /a 10
[19/9/2017 23:17:37] /a 10
[19/9/2017 23:17:37] /a 10
[19/9/2017 23:17:37] /a 10
[19/9/2017 23:17:37] /a 10
[19/9/2017 23:17:37] /a 10
[19/9/2017 23:17:37] /a 10
[19/9/2017 23:17:37] /a 10
[19/9/2017 23:17:37] /a 10
[19/9/2017 23:17:37] /a 10
[19/9/2017 23:17:37] /a 10
[19/9/2017 23:17:37] /a 10
[19/9/2017 23:17:37] /a 10
[19/9/2017 23:17:37] /a 10
[19/9/2017 23:17:37] /a 10
[19/9/2017 23:17:38] /a 10
[19/9/2017 23:17:38] /a 10
[19/9/2017 23:17:38] /a 10
[19/9/2017 23:17:38] /a 10
[19/9/2017 23:17:39] /a 10
[19/9/2017 23:17:39] /a 10
[19/9/2017 23:17:40] /a 10
[19/9/2017 23:17:40] /a 10
[19/9/2017 23:17:40] /a 10
[19/9/2017 23:17:40] /a 10
[19/9/2017 23:17:40] /a 10
[19/9/2017 23:17:41] /a 10
[19/9/2017 23:17:41] /a 10
[19/9/2017 23:17:41] /a 10
[19/9/2017 23:17:41] /a 10
[19/9/2017 23:17:41] /a 10
[19/9/2017 23:17:41] /a 10
[19/9/2017 23:17:42] /a 10
[19/9/2017 23:17:42] /a 10
[19/9/2017 23:17:42] /a 10
[19/9/2017 23:17:52] /a 10
[19/9/2017 23:17:53] /a 10
[19/9/2017 23:17:53] /a 10
[19/9/2017 23:17:53] /a 10
[19/9/2017 23:17:53] /a 10
[19/9/2017 23:17:53] /a 10
[19/9/2017 23:17:54] /a 10
[19/9/2017 23:17:54] /a 10
[19/9/2017 23:17:54] /a 10
[19/9/2017 23:17:54] /a 10
[19/9/2017 23:17:54] /a 10
[19/9/2017 23:17:54] /a 10
[19/9/2017 23:17:54] /a 10
[19/9/2017 23:17:54] /a 10
[19/9/2017 23:17:54] /a 10
[19/9/2017 23:17:54] /a 10
[19/9/2017 23:17:54] /a 10
[19/9/2017 23:17:54] /a 10
[19/9/2017 23:17:55] /a 10
[19/9/2017 23:17:55] /a 10
[19/9/2017 23:17:55] /a 10
[19/9/2017 23:17:55] /a 10
[19/9/2017 23:17:56] /a 10
[19/9/2017 23:17:56] /a 10
[19/9/2017 23:17:57] /a 10
[19/9/2017 23:17:57] /a 10
[19/9/2017 23:17:58] /a 10
[19/9/2017 23:17:59] /a 10
[19/9/2017 23:17:59] /a 10
[19/9/2017 23:18:3] /c sakura
[19/9/2017 23:18:15] /c Kakashi Hatake
[19/9/2017 23:18:23] /c sasuke uchira
[19/9/2017 23:18:33] /c Sasuke uchiha
[19/9/2017 23:18:38] /c naruto uzumaki
[19/9/2017 23:18:57] /save
[19/9/2017 23:24:55] /addskill Kakashi Hatake, magic, 100
[19/9/2017 23:25:15] /addskill Kakashi Hatake, magic, 30
[19/9/2017 23:25:17] /addskill Kakashi Hatake, magic, 30
[19/9/2017 23:25:31] /addskill Kakashi Hatake, magic, 130
[19/9/2017 23:25:44] /addskill Naruto Uzumaki, magic, 130
[19/9/2017 23:26:0] /addskill Kakashi Hatake, magic, 20
[19/9/2017 23:26:27] /r
[19/9/2017 23:26:29] /addskill Kakashi Hatake, magic, 20
[19/9/2017 23:26:38] /addskill Naruto Uzumaki, magic, 20
[19/9/2017 23:26:40] /addskill Naruto Uzumaki, magic, 20
[19/9/2017 23:26:42] /addskill Naruto Uzumaki, magic, 20
[19/9/2017 23:27:42] /r
[19/9/2017 23:29:21] /kick Naruto Uzumaki
[19/9/2017 23:30:49] /a 10
[19/9/2017 23:30:49] /a 10
[19/9/2017 23:30:49] /a 10
[19/9/2017 23:30:49] /a 10
[19/9/2017 23:30:49] /a 10
[19/9/2017 23:30:49] /a 10
[19/9/2017 23:30:50] /a 10
[19/9/2017 23:30:50] /a 10
[19/9/2017 23:30:50] /a 10
[19/9/2017 23:30:50] /a 10
[19/9/2017 23:30:50] /a 10
[19/9/2017 23:30:50] /a 10
[19/9/2017 23:30:50] /a 10
[19/9/2017 23:30:50] /a 10
[19/9/2017 23:30:50] /a 10
[19/9/2017 23:30:50] /a 10
[19/9/2017 23:30:50] /a 10
[19/9/2017 23:30:50] /a 10
[19/9/2017 23:30:50] /a 10
[19/9/2017 23:30:50] /a 10
[19/9/2017 23:30:50] /a 10
[19/9/2017 23:30:50] /a 10
[19/9/2017 23:30:50] /a 10
[19/9/2017 23:30:50] /a 10
[19/9/2017 23:30:50] /a 10
[19/9/2017 23:30:51] /a 10
[19/9/2017 23:30:51] /a 10
[19/9/2017 23:30:51] /a 10
[19/9/2017 23:30:52] /a 10
[19/9/2017 23:30:52] /a 10
[19/9/2017 23:30:52] /a 10
[19/9/2017 23:30:52] /a 10
[19/9/2017 23:30:52] /a 10
[19/9/2017 23:30:52] /a 10
[19/9/2017 23:30:52] /a 10
[19/9/2017 23:30:52] /a 10
[19/9/2017 23:30:52] /a 10
[19/9/2017 23:30:52] /a 10
[19/9/2017 23:30:52] /a 10
[19/9/2017 23:30:52] /a 10
[19/9/2017 23:30:52] /a 10
[19/9/2017 23:30:52] /a 10
[19/9/2017 23:30:52] /a 10
[19/9/2017 23:30:52] /a 10
[19/9/2017 23:30:53] /a 10
[19/9/2017 23:30:54] /a 10
[19/9/2017 23:30:54] /a 10
[19/9/2017 23:30:54] /a 10
[19/9/2017 23:30:55] /a 10
[19/9/2017 23:30:56] /a 10
[19/9/2017 23:30:56] /a 10
[19/9/2017 23:30:56] /a 10
[19/9/2017 23:30:56] /a 10
[19/9/2017 23:30:56] /a 10
[19/9/2017 23:30:56] /a 10
[19/9/2017 23:30:56] /a 10
[19/9/2017 23:30:56] /a 10
[19/9/2017 23:30:56] /a 10
[19/9/2017 23:30:56] /a 10
[19/9/2017 23:30:56] /a 10
[19/9/2017 23:30:56] /a 10
[19/9/2017 23:30:56] /a 10
[19/9/2017 23:30:56] /a 10
[19/9/2017 23:30:56] /a 10
[19/9/2017 23:30:56] /a 10
[19/9/2017 23:30:56] /a 10
[19/9/2017 23:30:56] /a 10
[19/9/2017 23:30:56] /a 10
[19/9/2017 23:30:56] /a 10
[19/9/2017 23:30:56] /a 10
[19/9/2017 23:30:56] /a 10
[19/9/2017 23:30:57] /a 10
[19/9/2017 23:30:57] /a 10
[19/9/2017 23:30:57] /a 10
[19/9/2017 23:30:57] /a 10
[19/9/2017 23:30:57] /a 10
[19/9/2017 23:30:57] /a 10
[19/9/2017 23:30:57] /a 10
[19/9/2017 23:30:57] /a 10
[19/9/2017 23:30:57] /a 10
[19/9/2017 23:30:57] /a 10
[19/9/2017 23:30:57] /a 10
[19/9/2017 23:30:57] /a 10
[19/9/2017 23:30:57] /a 10
[19/9/2017 23:30:57] /a 10
[19/9/2017 23:30:57] /a 10
[19/9/2017 23:30:57] /a 10
[19/9/2017 23:30:57] /a 10
[19/9/2017 23:30:58] /a 10
[19/9/2017 23:30:58] /a 10
[19/9/2017 23:30:58] /a 10
[19/9/2017 23:31:0] /a 10
[19/9/2017 23:31:1] /a 10
[19/9/2017 23:31:2] /a 10
[19/9/2017 23:31:2] /a 10
[19/9/2017 23:31:2] /a 10
[19/9/2017 23:31:2] /a 10
[19/9/2017 23:31:2] /a 10
[19/9/2017 23:31:2] /a 10
[19/9/2017 23:31:2] /a 10
[19/9/2017 23:31:2] /a 10
[19/9/2017 23:31:2] /a 10
[19/9/2017 23:31:2] /a 10
[19/9/2017 23:31:2] /a 10
[19/9/2017 23:31:2] /a 10
[19/9/2017 23:31:2] /a 10
[19/9/2017 23:31:2] /a 10
[19/9/2017 23:31:2] /a 10
[19/9/2017 23:31:2] /a 10
[19/9/2017 23:31:2] /a 10
[19/9/2017 23:31:3] /a 10
[19/9/2017 23:31:3] /a 10
[19/9/2017 23:31:3] /a 10
[19/9/2017 23:31:3] /a 10
[19/9/2017 23:31:3] /a 10
[19/9/2017 23:31:3] /a 10
[19/9/2017 23:31:3] /a 10
[19/9/2017 23:31:3] /a 10
[19/9/2017 23:31:3] /a 10
[19/9/2017 23:31:4] /a 10
[19/9/2017 23:31:4] /a 10
[19/9/2017 23:31:4] /a 10
[19/9/2017 23:31:4] /a 10
[19/9/2017 23:31:4] /a 10
[19/9/2017 23:31:4] /a 10
[19/9/2017 23:31:4] /a 10
[19/9/2017 23:31:5] /a 10
[19/9/2017 23:31:5] /a 10
[19/9/2017 23:31:5] /a 10
[19/9/2017 23:31:5] /a 10
[19/9/2017 23:31:5] /a 10
[19/9/2017 23:31:5] /a 10
[19/9/2017 23:31:5] /a 10
[19/9/2017 23:31:5] /a 10
[19/9/2017 23:31:5] /a 10
[19/9/2017 23:31:5] /a 10
[19/9/2017 23:31:5] /a 10
[19/9/2017 23:31:5] /a 10
[19/9/2017 23:31:5] /a 10
[19/9/2017 23:31:5] /a 10
[19/9/2017 23:31:5] /a 10
[19/9/2017 23:31:5] /a 10
[19/9/2017 23:31:5] /a 10
[19/9/2017 23:31:5] /a 10
[19/9/2017 23:31:5] /a 10
[19/9/2017 23:31:5] /a 10
[19/9/2017 23:31:5] /a 10
[19/9/2017 23:31:5] /a 10
[19/9/2017 23:31:5] /a 10
[19/9/2017 23:31:6] /a 10
[19/9/2017 23:31:6] /a 10
[19/9/2017 23:31:6] /a 10
[19/9/2017 23:31:6] /a 10
[19/9/2017 23:31:7] /a 10
[19/9/2017 23:31:7] /a 10
[19/9/2017 23:31:7] /a 10
[19/9/2017 23:31:7] /a 10
[19/9/2017 23:31:8] /a 10
[19/9/2017 23:31:8] /a 10
[19/9/2017 23:31:8] /a 10
[19/9/2017 23:31:16] /c kakashi hakate
[19/9/2017 23:31:23] /c sakura
[19/9/2017 23:31:31] /c sasuke uchiha
[19/9/2017 23:31:39] /c kakashi hatake
[19/9/2017 23:31:47] /c naruto uzumaki
[19/9/2017 23:31:52] /r
[19/9/2017 23:32:2] /newtype 394
[19/9/2017 23:35:49] /town 2
[19/9/2017 23:35:54] /town 1
[19/9/2017 23:36:42] /c sakura
[19/9/2017 23:36:50] /c kakashi hakate
[19/9/2017 23:36:59] /c kakashi hatake
[19/9/2017 23:37:4] /c naruto uzumaki
[19/9/2017 23:39:30] /addskill Sasuke, level, 800
[19/9/2017 23:39:42] /addskill Sasuke, magic, 130
[19/9/2017 23:39:59] /addskill Sasuke, magic, 20
[19/9/2017 23:40:2] /addskill Sasuke, magic, 20
[19/9/2017 23:40:4] /addskill Sasuke, magic, 20
[19/9/2017 23:44:23] /reload spells
[19/9/2017 23:44:52] /reload spells
[20/9/2017 0:13:33] /newtype 394, Camera Man
[20/9/2017 0:17:0] /newtype 20
[20/9/2017 0:17:7] /newtype 394, camera man
[20/9/2017 0:18:28] /attr health 9999999
[20/9/2017 0:18:34] /attr health 9999999
[20/9/2017 0:20:18] /newtype 394, camera man
[20/9/2017 0:21:1] /addskill camera man, level, 10
[20/9/2017 0:21:11] /addskill camera man, level, 10
[20/9/2017 0:21:13] /addskill camera man, level, 10
[20/9/2017 0:21:23] /addskill camera man, level, 10
[20/9/2017 0:21:23] /addskill camera man, level, 10
[20/9/2017 0:21:35] /addskill camera man, level, 10
[20/9/2017 0:21:35] /addskill camera man, level, 10
[20/9/2017 0:22:54] /newtype 252
[20/9/2017 0:26:58] /addskill camera man, level, 100
[20/9/2017 0:27:48] /addskill camera man, level, 100
[20/9/2017 0:27:49] /addskill camera man, level, 100
[20/9/2017 0:28:11] /newtype 394. camera man
[20/9/2017 0:28:16] /newtype 394, camera man
[20/9/2017 21:47:34] /town 1
[20/9/2017 21:47:36] /town 2
[20/9/2017 21:47:39] /down
[20/9/2017 21:47:42] /down
[20/9/2017 21:48:12] /goto [ADM] Kauas
[20/9/2017 21:50:59] /save
[20/9/2017 21:55:27] /goto [ADM] Kauas
[20/9/2017 21:56:53] /goto [ADM] Kauas
[20/9/2017 21:57:54] /goto [ADM] Kauas
[20/9/2017 22:0:53] /goto [ADM] Kauas
[20/9/2017 22:1:9] /up
[20/9/2017 22:1:30] /goto [ADM] Kauas
[20/9/2017 22:2:58] /down
[20/9/2017 22:3:1] /a 10
[20/9/2017 22:3:1] /a 10
[20/9/2017 22:3:2] /a 10
[20/9/2017 22:3:2] /a 10
[20/9/2017 22:3:2] /a 10
[20/9/2017 22:3:2] /a 10
[20/9/2017 22:3:2] /a 10
[20/9/2017 22:3:2] /a 10
[20/9/2017 22:3:2] /a 10
[20/9/2017 22:3:2] /a 10
[20/9/2017 22:3:2] /a 10
[20/9/2017 22:3:2] /a 10
[20/9/2017 22:3:2] /a 10
[20/9/2017 22:3:2] /a 10
[20/9/2017 22:3:2] /a 10
[20/9/2017 22:3:2] /a 10
[20/9/2017 22:3:3] /a 10
[20/9/2017 22:3:3] /a 10
[20/9/2017 22:3:3] /a 10
[20/9/2017 22:3:3] /a 10
[20/9/2017 22:3:3] /a 10
[20/9/2017 22:3:3] /a 10
[20/9/2017 22:3:4] /a 10
[20/9/2017 22:3:5] /a 10
[20/9/2017 22:3:6] /a 10
[20/9/2017 22:3:6] /a 10
[20/9/2017 22:3:6] /a 10
[20/9/2017 22:3:6] /a 10
[20/9/2017 22:3:6] /a 10
[20/9/2017 22:3:6] /a 10
[20/9/2017 22:3:7] /a 10
[20/9/2017 22:3:8] /a 10
[20/9/2017 22:3:8] /a 10
[20/9/2017 22:3:8] /a 10
[20/9/2017 22:3:10] /town 1
[20/9/2017 22:3:14] /a 10
[20/9/2017 22:3:14] /a 10
[20/9/2017 22:3:15] /a 10
[20/9/2017 22:3:15] /a 10
[20/9/2017 22:3:15] /a 10
[20/9/2017 22:3:15] /a 10
[20/9/2017 22:3:15] /a 10
[20/9/2017 22:3:16] /a 10
[20/9/2017 22:3:16] /a 10
[20/9/2017 22:3:16] /a 10
[20/9/2017 22:3:16] /a 10
[20/9/2017 22:3:16] /a 10
[20/9/2017 22:3:16] /a 10
[20/9/2017 22:3:16] /a 10
[20/9/2017 22:3:16] /a 10
[20/9/2017 22:3:16] /a 10
[20/9/2017 22:3:16] /a 10
[20/9/2017 22:3:16] /a 10
[20/9/2017 22:3:16] /a 10
[20/9/2017 22:3:16] /a 10
[20/9/2017 22:3:16] /a 10
[20/9/2017 22:3:16] /a 10
[20/9/2017 22:3:17] /a 10
[20/9/2017 22:3:17] /a 10
[20/9/2017 22:3:17] /a 10
[20/9/2017 22:3:18] /a 10
[20/9/2017 22:3:19] /a 10
[20/9/2017 22:3:20] /up
[20/9/2017 22:9:35] /goto [ADM] Kauas
[20/9/2017 22:9:59] /goto [ADM] Kauas
[20/9/2017 22:10:0] /goto [ADM] Kauas
[20/9/2017 22:10:1] /goto [ADM] Kauas
[20/9/2017 22:10:14] /save
[20/9/2017 22:10:14] /save
[20/9/2017 22:10:15] /save
[20/9/2017 22:13:3] /town 4
[20/9/2017 22:13:4] /town 5
[20/9/2017 22:13:25] /c [ADM] Kauas
[20/9/2017 22:17:1] /save
[20/9/2017 22:18:9] /town 2
[20/9/2017 22:18:10] /down
[20/9/2017 22:18:11] /down
[20/9/2017 22:18:14] /a 10
[20/9/2017 22:18:14] /a 10
[20/9/2017 22:18:14] /a 10
[20/9/2017 22:18:15] /a 10
[20/9/2017 22:18:15] /a 10
[20/9/2017 22:18:24] /save
[20/9/2017 22:18:25] /save
[20/9/2017 22:26:35] /r
[24/9/2017 0:17:48] /town 1
[24/9/2017 1:1:8] /town 2
[24/9/2017 1:1:9] /down
[24/9/2017 1:1:10] /down
[24/9/2017 1:1:10] /down
[24/9/2017 1:1:20] /a 10
[24/9/2017 1:1:20] /a 10
[24/9/2017 1:1:21] /a 10
[24/9/2017 1:1:22] /a 10
[24/9/2017 1:2:46] /r
[24/9/2017 1:7:59] /town 2
[24/9/2017 1:8:0] /down
[24/9/2017 1:8:1] /down
[24/9/2017 1:8:2] /a 10
[24/9/2017 1:8:2] /a 10
[24/9/2017 1:8:3] /a 10
[24/9/2017 1:8:3] /a 10
[24/9/2017 1:8:3] /a 10
[24/9/2017 1:8:4] /a 10
[24/9/2017 1:8:4] /a 10
[24/9/2017 1:8:28] /a 10
[24/9/2017 1:8:28] /a 10
[24/9/2017 1:8:31] /a 10
[24/9/2017 1:8:32] /a 10
[24/9/2017 1:8:33] /a 10
[24/9/2017 1:8:34] /a 10
[24/9/2017 1:9:11] /r
[24/9/2017 1:10:36] /town 2
[24/9/2017 1:10:38] /save
[24/9/2017 1:10:39] /town
[24/9/2017 1:10:41] /down
[24/9/2017 1:10:42] /down
[24/9/2017 1:10:42] /down
[24/9/2017 1:10:43] /a 10
[24/9/2017 1:10:43] /a 10
[24/9/2017 1:10:43] /a 10
[24/9/2017 1:10:44] /a 10
[24/9/2017 1:10:44] /a 10
[24/9/2017 1:11:31] /save
[24/9/2017 1:31:22] /i backpack
[24/9/2017 1:31:29] /i 2160
[24/9/2017 1:31:30] /i 2160
[24/9/2017 1:31:30] /i 2160
[24/9/2017 1:32:34] /r
[24/9/2017 1:36:14] /save
[25/9/2017 0:17:49] /addskill [ADM] William, attack speed, 10
[25/9/2017 0:18:9] /addskill [ADM] William, fist fighting, 10
[25/9/2017 0:18:23] /addskill [ADM] William, ninjutsu, 10
[25/9/2017 0:19:35] /i sword
[25/9/2017 0:19:38] /i backpack
[25/9/2017 0:19:45] /i kinai explosion
[25/9/2017 0:19:52] /i kunai explosion
[25/9/2017 0:20:6] /i emna staff
[25/9/2017 0:20:12] /i enma staff
[25/9/2017 0:20:24] /i itachi gloves
[25/9/2017 0:20:47] /i sound gloves
[25/9/2017 0:20:56] /attr set attack 999
[25/9/2017 0:21:2] /attr attack 999
[25/9/2017 0:21:5] /attr attack 999
[29/9/2017 23:6:35] /a 10
[29/9/2017 23:6:35] /a 10
[29/9/2017 23:6:35] /a 10
[29/9/2017 23:6:35] /a 10
[29/9/2017 23:6:35] /a 10
[29/9/2017 23:6:36] /a 10
[29/9/2017 23:6:36] /a 10
[29/9/2017 23:6:36] /a 10
[29/9/2017 23:6:36] /a 10
[29/9/2017 23:6:37] /a 10
[29/9/2017 23:6:37] /a 10
[29/9/2017 23:6:37] /a 10
[29/9/2017 23:6:37] /a 10
[29/9/2017 23:6:37] /a 10
[29/9/2017 23:6:37] /a 10
[29/9/2017 23:6:37] /a 10
[29/9/2017 23:6:37] /a 10
[29/9/2017 23:6:37] /a 10
[29/9/2017 23:6:37] /a 10
[29/9/2017 23:6:38] /a 10
[29/9/2017 23:6:38] /a 10
[29/9/2017 23:6:40] /a 10
[29/9/2017 23:7:34] /town 2
[29/9/2017 23:7:36] /down
[29/9/2017 23:7:37] /down
[29/9/2017 23:7:38] /a 10
[29/9/2017 23:7:39] /a 10
[29/9/2017 23:7:39] /a 10
[29/9/2017 23:7:40] /a 10
[29/9/2017 23:7:40] /a 10
[29/9/2017 23:7:40] /a 10
[29/9/2017 23:15:31] /a 10
[29/9/2017 23:15:32] /a 10
[29/9/2017 23:15:32] /a 10
[29/9/2017 23:15:32] /a 10
[29/9/2017 23:15:32] /a 10
[29/9/2017 23:15:32] /a 10
[29/9/2017 23:15:32] /a 10
[29/9/2017 23:15:32] /a 10
[29/9/2017 23:15:32] /a 10
[29/9/2017 23:15:32] /a 10
[29/9/2017 23:15:32] /a 10
[29/9/2017 23:15:32] /a 10
[29/9/2017 23:15:32] /a 10
[29/9/2017 23:15:33] /a 10
[29/9/2017 23:15:34] /up
[29/9/2017 23:15:45] /a 10
[29/9/2017 23:15:46] /a 10
[29/9/2017 23:15:47] /a 10
[29/9/2017 23:16:38] /down
[29/9/2017 23:16:39] /a 10
[29/9/2017 23:16:39] /a 10
[29/9/2017 23:16:39] /a 10
[29/9/2017 23:16:39] /a 10
[29/9/2017 23:16:39] /a 10
[29/9/2017 23:16:39] /a 10
[29/9/2017 23:16:39] /a 10
[29/9/2017 23:16:39] /a 10
[29/9/2017 23:16:39] /a 10
[29/9/2017 23:16:39] /a 10
[29/9/2017 23:16:39] /a 10
[29/9/2017 23:16:39] /a 10
[29/9/2017 23:16:39] /a 10
[29/9/2017 23:16:39] /a 10
[29/9/2017 23:16:40] /a 10
[29/9/2017 23:16:40] /a 10
[29/9/2017 23:16:40] /a 10
[29/9/2017 23:16:40] /a 10
[29/9/2017 23:16:40] /a 10
[29/9/2017 23:16:40] /a 10
[29/9/2017 23:16:40] /a 10
[29/9/2017 23:16:40] /a 10
[29/9/2017 23:16:40] /a 10
[29/9/2017 23:16:41] /a 10
[29/9/2017 23:16:41] /a 10
[29/9/2017 23:16:41] /a 10
[29/9/2017 23:16:41] /a 10
[29/9/2017 23:16:41] /a 10
[29/9/2017 23:16:41] /a 10
[29/9/2017 23:16:41] /a 10
[29/9/2017 23:16:41] /a 10
[29/9/2017 23:16:41] /a 10
[29/9/2017 23:16:41] /a 10
[29/9/2017 23:16:41] /a 10
[29/9/2017 23:16:41] /a 10
[29/9/2017 23:16:41] /a 10
[29/9/2017 23:16:41] /a 10
[29/9/2017 23:16:41] /a 10
[29/9/2017 23:16:41] /a 10
[29/9/2017 23:16:41] /a 10
[29/9/2017 23:16:41] /a 10
[29/9/2017 23:16:41] /a 10
[29/9/2017 23:16:41] /a 10
[29/9/2017 23:16:41] /a 10
[29/9/2017 23:16:41] /a 10
[29/9/2017 23:16:41] /a 10
[29/9/2017 23:16:41] /a 10
[29/9/2017 23:16:41] /a 10
[29/9/2017 23:16:41] /a 10
[29/9/2017 23:16:42] /a 10
[29/9/2017 23:16:42] /a 10
[29/9/2017 23:16:43] /a 10
[29/9/2017 23:16:43] /a 10
[29/9/2017 23:16:43] /a 10
[29/9/2017 23:16:44] /a 10
[29/9/2017 23:16:44] /a 10
[29/9/2017 23:16:44] /a 10
[29/9/2017 23:16:44] /a 10
[29/9/2017 23:16:45] /a 10
[29/9/2017 23:16:46] /a 10
[29/9/2017 23:16:49] /up
[29/9/2017 23:16:54] /r
[29/9/2017 23:16:59] /i 6999
[29/9/2017 23:17:0] /i 6999
[29/9/2017 23:17:0] /i 6999
[29/9/2017 23:17:1] /i 6999
[29/9/2017 23:17:1] /i 6999
[29/9/2017 23:17:3] /i 6999
[29/9/2017 23:17:4] /r
[29/9/2017 23:17:6] /r
[29/9/2017 23:17:7] /i 6999
[29/9/2017 23:17:10] /r
[29/9/2017 23:17:16] /i 6999
[29/9/2017 23:17:17] /i 6999
[29/9/2017 23:17:17] /i 6999
[29/9/2017 23:17:17] /i 6999
[29/9/2017 23:17:17] /i 6999
[29/9/2017 23:17:18] /i 6999
[29/9/2017 23:17:18] /i 6999
[29/9/2017 23:17:18] /i 6999
[29/9/2017 23:17:18] /i 6999
[29/9/2017 23:17:19] /i 6999
[29/9/2017 23:17:20] /i 6999
[29/9/2017 23:17:21] /i 6999
[29/9/2017 23:17:22] /i 6999
[29/9/2017 23:17:22] /i 6999
[29/9/2017 23:17:23] /i 6999
[29/9/2017 23:17:24] /i 6999
[29/9/2017 23:17:24] /i 6999
[29/9/2017 23:17:25] /i 6999
[29/9/2017 23:17:25] /i 6999
[29/9/2017 23:17:26] /i 6999
[29/9/2017 23:17:26] /i 6999
[29/9/2017 23:17:26] /i 6999
[1/10/2017 3:54:41] /newtype 252
[1/10/2017 3:54:46] /newtype 232
[1/10/2017 3:54:48] /newtype 234
[1/10/2017 3:54:49] /newtype 235
[1/10/2017 3:54:52] /newtype 231
[1/10/2017 3:54:56] /newtype 251
[1/10/2017 3:54:57] /newtype 254
[1/10/2017 3:54:58] /newtype 253
[1/10/2017 3:54:59] /newtype 252
[1/10/2017 3:55:0] /newtype 251
[1/10/2017 3:55:3] /newtype 237
[1/10/2017 3:55:5] /newtype 238
[1/10/2017 3:55:6] /newtype 239
[1/10/2017 3:55:7] /newtype 230
[1/10/2017 3:55:11] /newtype 222
[1/10/2017 3:55:12] /newtype 223
[1/10/2017 3:55:12] /newtype 22
[1/10/2017 3:55:14] /newtype 224
[1/10/2017 3:55:15] /newtype 225
[1/10/2017 3:55:16] /newtype 226
[1/10/2017 3:55:17] /newtype 227
[1/10/2017 3:55:18] /newtype 228
[1/10/2017 3:55:20] /newtype 229
[1/10/2017 3:55:26] /newtype 282
[1/10/2017 3:55:28] /newtype 284
[1/10/2017 3:55:30] /newtype 285
[1/10/2017 3:55:31] /newtype 286
[1/10/2017 3:55:32] /newtype 287
[1/10/2017 3:55:33] /newtype 288
[1/10/2017 3:55:38] /newtype 289
[1/10/2017 3:55:39] /newtype 280
[1/10/2017 3:55:42] /newtype 
[1/10/2017 3:56:29] /newtype 236
[1/10/2017 3:56:47] /newtype 23
[1/10/2017 3:58:0] /newtype 56
[1/10/2017 3:58:9] /newtype 236
