[23/10/2013 13:48:48] /newtype 20
[23/10/2013 13:49:10] /newtype 7
[23/10/2013 13:49:21] /save
[23/10/2013 13:50:16] /newtype 376
[23/10/2013 13:54:40] /m hachibi
[23/10/2013 14:03:39] /n hashirama blesser
[23/10/2013 14:06:04] /ghost
[23/10/2013 14:06:27] /b Acabou o evento uparam demais
[23/10/2013 14:10:09] /ghost
[23/10/2013 14:11:00] /mode 2
[23/10/2013 14:11:03] /mode 1
[23/10/2013 14:11:41] /goto crazy'lost
[23/10/2013 14:11:54] /goto mangekyou itachi
[23/10/2013 14:11:55] /ghost
[23/10/2013 14:11:57] /ghost
[23/10/2013 14:12:07] /ghost
[23/10/2013 14:12:09] /ghost
[23/10/2013 14:12:12] /mode 2
[23/10/2013 14:12:13] /t
[23/10/2013 14:15:01] /goto mangekyou itachi
[23/10/2013 14:15:04] /up
[23/10/2013 14:15:06] /up
[23/10/2013 14:15:13] /a
[23/10/2013 14:17:07] /t
[23/10/2013 14:18:02] /save
[23/10/2013 14:20:29] /ghost
[23/10/2013 14:22:01] /save
[23/10/2013 14:22:47] /m kazekage boss
[23/10/2013 14:22:52] /r
[23/10/2013 14:23:02] /m kazekage boss
[23/10/2013 14:23:08] /r
[23/10/2013 14:23:10] /m kazekage boss
[23/10/2013 14:23:15] /r
[23/10/2013 14:23:18] /m kazekage boss
[23/10/2013 14:23:22] /r
[23/10/2013 14:23:24] /m kazekage boss
[23/10/2013 14:23:31] /r
[23/10/2013 14:23:35] /m kazekage boss
[23/10/2013 14:23:39] /r
[23/10/2013 14:23:40] /m kazekage boss
[23/10/2013 14:23:43] /r
[23/10/2013 14:24:48] /ghost
[23/10/2013 14:26:32] /ghost
[23/10/2013 14:28:27] /reload monster
[23/10/2013 14:28:49] /goto Astraildagordafreda
[23/10/2013 14:29:00] /a
[23/10/2013 14:29:01] /a
[23/10/2013 14:29:01] /a
[23/10/2013 14:29:22] /t
[23/10/2013 14:34:52] /save
[23/10/2013 14:35:50] /newtype 200
[23/10/2013 14:35:53] /newtype 201
[23/10/2013 14:35:57] /newtype 190
[23/10/2013 14:36:01] /newtype 160
[23/10/2013 14:36:04] /newtype 150
[23/10/2013 14:36:07] /newtype 155
[23/10/2013 14:36:10] /newtype 165
[23/10/2013 14:36:58] /newtype 1skip
[23/10/2013 14:37:10] /goto shikamaru uchiha
[23/10/2013 14:37:48] /newtype 20
[23/10/2013 14:39:18] /save
[23/10/2013 14:40:05] /ghost
[23/10/2013 14:40:25] /a
[23/10/2013 14:47:31] /save
[23/10/2013 14:48:15] /ghost
[23/10/2013 14:52:27] /ghost
[23/10/2013 14:54:29] /ghost
[23/10/2013 15:01:47] /goto shikamaru
[23/10/2013 15:01:50] /goto shikamaru uchiha
[23/10/2013 15:03:02] /ghost
[23/10/2013 15:03:06] /goto chikamaru uchiha
[23/10/2013 15:03:12] /goto shikamaru uchiha
[23/10/2013 15:03:23] /save
[23/10/2013 15:03:57] /m trainer
[23/10/2013 15:04:58] /r
[23/10/2013 15:06:00] /t
[23/10/2013 15:06:28] /ghost
[23/10/2013 15:07:35] /goto mauro
[23/10/2013 15:11:07] /goto mauro
[23/10/2013 15:11:12] /ghost
[23/10/2013 15:11:54] /ghost
[23/10/2013 15:11:56] /t
[23/10/2013 15:12:43] /goto anti nob
[23/10/2013 15:12:48] /ghost
[23/10/2013 15:13:54] /ghost
[23/10/2013 15:16:50] /save
[23/10/2013 15:17:29] /goto shikamaru uchiha
[23/10/2013 15:17:39] /t
[23/10/2013 23:42:17] /save
[23/10/2013 23:42:23] /newtype 20
[23/10/2013 23:42:25] /ghost
[23/10/2013 23:43:48] /b Dúvidas no help
[23/10/2013 23:44:25] /t
[23/10/2013 23:44:28] /goto staminer
[23/10/2013 23:44:30] /up
[23/10/2013 23:44:39] /c shikamaru uchiha
[23/10/2013 23:46:58] /addskill shikamaru uchiha, level, 1
[23/10/2013 23:47:38] /m kazekage boss
[23/10/2013 23:47:54] /r
[23/10/2013 23:48:01] /c shikamaru uchiha
[23/10/2013 23:48:34] /save
[23/10/2013 23:48:38] /addskill shikamaru uchiha, level, 1
[23/10/2013 23:48:38] /addskill shikamaru uchiha, level, 1
[23/10/2013 23:48:39] /addskill shikamaru uchiha, level, 1
[23/10/2013 23:48:39] /addskill shikamaru uchiha, level, 1
[23/10/2013 23:48:40] /addskill shikamaru uchiha, level, 1
[23/10/2013 23:48:40] /addskill shikamaru uchiha, level, 1
[23/10/2013 23:48:40] /addskill shikamaru uchiha, level, 1
[23/10/2013 23:48:41] /addskill shikamaru uchiha, level, 1
[23/10/2013 23:48:45] /reload config
[23/10/2013 23:48:55] /m raikage boss
[23/10/2013 23:49:04] /r
[23/10/2013 23:49:10] /c shikamaru uchiha
[23/10/2013 23:50:27] /save
[23/10/2013 23:50:35] /b Server Jájá volta....
[23/10/2013 23:50:38] /save
[23/10/2013 23:50:46] /addskill shikamaru uchiha, level, 1
[23/10/2013 23:50:46] /addskill shikamaru uchiha, level, 1
[23/10/2013 23:50:47] /addskill shikamaru uchiha, level, 1
[23/10/2013 23:50:47] /addskill shikamaru uchiha, level, 1
[23/10/2013 23:50:47] /addskill shikamaru uchiha, level, 1
[23/10/2013 23:50:48] /addskill shikamaru uchiha, level, 1
[23/10/2013 23:50:48] /addskill shikamaru uchiha, level, 1
[23/10/2013 23:50:48] /addskill shikamaru uchiha, level, 1
[23/10/2013 23:50:50] /addskill shikamaru uchiha, level, 1
[23/10/2013 23:50:50] /addskill shikamaru uchiha, level, 1
[23/10/2013 23:50:51] /addskill shikamaru uchiha, level, 1
[23/10/2013 23:50:51] /addskill shikamaru uchiha, level, 1
[23/10/2013 23:50:52] /addskill shikamaru uchiha, level, 1
[23/10/2013 23:50:52] /addskill shikamaru uchiha, level, 1
[23/10/2013 23:50:53] /addskill shikamaru uchiha, level, 1
[23/10/2013 23:50:56] /save
[23/10/2013 23:52:03] /m shikamaru nara
[23/10/2013 23:52:08] /m raikage boss
[23/10/2013 23:52:11] /newtype 20
[23/10/2013 23:52:14] /r
[23/10/2013 23:52:20] /c shikamaru nara
[23/10/2013 23:52:25] /c shikamaru uchiha
[23/10/2013 23:53:46] /addskill shikamaru uchiha, level, 1
[23/10/2013 23:53:46] /addskill shikamaru uchiha, level, 1
[23/10/2013 23:53:47] /addskill shikamaru uchiha, level, 1
[23/10/2013 23:53:47] /addskill shikamaru uchiha, level, 1
[23/10/2013 23:53:47] /addskill shikamaru uchiha, level, 1
[23/10/2013 23:53:48] /addskill shikamaru uchiha, level, 1
[23/10/2013 23:53:48] /addskill shikamaru uchiha, level, 1
[23/10/2013 23:53:58] /addskill shikamaru uchiha, level, 1
[23/10/2013 23:53:59] /addskill shikamaru uchiha, level, 1
[23/10/2013 23:54:05] /n hashirama blesser
[23/10/2013 23:54:09] /i gold bar
[23/10/2013 23:54:23] /m raikage boss
[23/10/2013 23:54:25] /r
[23/10/2013 23:54:30] /r
[23/10/2013 23:54:35] /c shikamaru uchiha
[23/10/2013 23:55:47] /reload config
[23/10/2013 23:55:56] /addskill shikamaru nara, level, 2
[23/10/2013 23:56:02] /addskill shikamaru uchiha, level, 2
[23/10/2013 23:56:03] /addskill shikamaru uchiha, level, 2
[23/10/2013 23:56:04] /addskill shikamaru uchiha, level, 2
[23/10/2013 23:56:06] /addskill shikamaru uchiha, level, 1
[23/10/2013 23:56:23] /n hashirama blesser
[23/10/2013 23:56:32] /r
[23/10/2013 23:56:37] /m raikage boss
[23/10/2013 23:56:45] /r
[23/10/2013 23:56:50] /c shikamaru uchiha
[23/10/2013 23:57:22] /reload config
[23/10/2013 23:57:28] /n hashirama blesser
[23/10/2013 23:57:44] /r
[23/10/2013 23:57:49] /m raikage boss
[23/10/2013 23:57:57] /r
[23/10/2013 23:58:08] /c shikamaru uchiha
[23/10/2013 23:58:42] /save
[24/10/2013 00:01:34] /save
[24/10/2013 00:02:04] /save
[24/10/2013 00:02:24] /b Galera to arrumando o lost level, vai dar mais uma caidinha...
[24/10/2013 00:02:26] /save
[24/10/2013 00:03:25] /addskill shikamaru uchiha
[24/10/2013 00:03:25] /addskill shikamaru uchiha
[24/10/2013 00:03:30] /addskill shikamaru uchiha, level, 1
[24/10/2013 00:03:30] /addskill shikamaru uchiha, level, 1
[24/10/2013 00:03:31] /addskill shikamaru uchiha, level, 1
[24/10/2013 00:03:31] /addskill shikamaru uchiha, level, 1
[24/10/2013 00:03:31] /addskill shikamaru uchiha, level, 1
[24/10/2013 00:03:32] /addskill shikamaru uchiha, level, 1
[24/10/2013 00:03:33] /addskill shikamaru uchiha, level, 1
[24/10/2013 00:03:33] /addskill shikamaru uchiha, level, 1
[24/10/2013 00:03:33] /addskill shikamaru uchiha, level, 1
[24/10/2013 00:03:34] /addskill shikamaru uchiha, level, 1
[24/10/2013 00:03:34] /addskill shikamaru uchiha, level, 1
[24/10/2013 00:03:35] /addskill shikamaru uchiha, level, 1
[24/10/2013 00:03:35] /addskill shikamaru uchiha, level, 1
[24/10/2013 00:03:37] /addskill shikamaru uchiha, level, 1
[24/10/2013 00:03:37] /addskill shikamaru uchiha, level, 1
[24/10/2013 00:03:46] /n hashirama blesser
[24/10/2013 00:04:06] /m raikage boss
[24/10/2013 00:04:13] /r
[24/10/2013 00:04:18] /c shikamaru uchiha
[24/10/2013 00:04:45] /addskill shikamaru uchiha, level, 3
[24/10/2013 00:04:53] /m raikage boss
[24/10/2013 00:05:00] /r
[24/10/2013 00:05:04] /c shikamaru uchiha
[24/10/2013 00:05:22] /addskill shikamaru uchiha, level, 6
[24/10/2013 00:05:24] /r
[24/10/2013 00:05:43] /r
[24/10/2013 00:06:11] /m gold bar
[24/10/2013 00:06:19] /i sasuke legrobe
[24/10/2013 00:06:34] /i kazekage coat
[24/10/2013 00:06:41] /newtype 20
[24/10/2013 00:06:43] /save
[24/10/2013 00:06:50] /i gold bar
[24/10/2013 00:08:04] /t
[24/10/2013 00:08:36] /ghost
[24/10/2013 00:09:47] /save
[24/10/2013 00:09:52] /mc
[24/10/2013 00:12:55] /save
[24/10/2013 00:16:49] /save
[24/10/2013 00:22:57] /reload spells
[24/10/2013 00:23:43] /reload spells
[24/10/2013 00:25:28] /reload spells
[24/10/2013 00:26:09] /n hashirama blesser
[24/10/2013 00:28:04] /save
[24/10/2013 00:29:07] /b Nukeeer
[24/10/2013 00:32:15] /goto shikamaru uchiha
[24/10/2013 00:32:17] /goto shikamaru uchiha
[24/10/2013 00:32:20] /a
[24/10/2013 00:36:57] /save
[24/10/2013 00:37:00] /goto shikamaru uchiha
[24/10/2013 00:37:50] /save
[24/10/2013 00:39:54] /save
[24/10/2013 00:47:47] /save
[24/10/2013 00:50:26] /save
[24/10/2013 00:55:24] /save
[24/10/2013 01:16:32] /save
[24/10/2013 01:21:13] /save
[24/10/2013 01:21:34] /goto berserker
[24/10/2013 01:21:36] /r
[24/10/2013 01:21:58] /r
[24/10/2013 01:24:55] /goto sasuke akatsuki
[24/10/2013 01:25:02] /r
[24/10/2013 01:26:39] /goto Michale Graves
[24/10/2013 01:27:19] /goto Michale Graves
[24/10/2013 01:27:20] /goto Michale Graves
[24/10/2013 01:28:07] /goto Michale Graves
[24/10/2013 01:28:20] /addskill michale graves, level, 5
[24/10/2013 01:28:47] /t
[24/10/2013 01:39:08] /mc
[24/10/2013 01:41:16] /save
[24/10/2013 01:46:26] /save
[24/10/2013 01:54:02] /save
[24/10/2013 01:58:33] /save
[24/10/2013 01:58:52] /save
[24/10/2013 01:59:23] /save
[24/10/2013 02:00:03] /save
[24/10/2013 02:01:06] /goto shikamaru uchiha
[24/10/2013 02:01:12] /goto shikamaru uchiha
[24/10/2013 02:01:13] /goto shikamaru uchiha
[24/10/2013 02:01:24] /r
[24/10/2013 02:01:28] /t
[24/10/2013 02:02:09] /save
[24/10/2013 02:02:19] /b Opa :D
[24/10/2013 02:22:38] /save
[24/10/2013 02:25:49] /save
[24/10/2013 02:46:29] /newtype 20
[24/10/2013 02:46:30] /ghost
[24/10/2013 02:48:54] /save
[24/10/2013 02:51:06] /goto manopope
[24/10/2013 02:51:20] /i bag
[24/10/2013 02:51:48] /t
[24/10/2013 02:54:14] /addskill haruno sakura, level, 50
[24/10/2013 02:55:17] /save
[24/10/2013 02:55:23] /ghost
[24/10/2013 02:57:32] /save
[24/10/2013 02:59:38] /goto demoniaac
[24/10/2013 02:59:40] /goto demoniaac
[24/10/2013 02:59:57] /t
[24/10/2013 03:06:06] /save
[24/10/2013 03:09:03] /save
[24/10/2013 03:09:34] /save
[24/10/2013 03:09:43] /b Jaja volta uma caidinha para mim testar uma coisa
[24/10/2013 03:09:45] /save
[24/10/2013 03:09:48] /save
[24/10/2013 03:14:02] /goto kurtz
[24/10/2013 03:14:16] /save
[24/10/2013 08:51:48] /t
[24/10/2013 11:38:21] /newtype 20
[24/10/2013 11:38:23] /ghost
[24/10/2013 11:40:43] /goto haruno sakura
[24/10/2013 11:41:27] /t
[24/10/2013 11:43:32] /mc
[24/10/2013 11:47:16] /t buneco
[24/10/2013 11:47:17] /t buneco
[24/10/2013 11:47:19] /t
[24/10/2013 11:48:00] /n hashirama blesser
[24/10/2013 11:49:20] /save
[24/10/2013 12:01:54] /reload actions
[24/10/2013 12:04:33] /reload actions
[24/10/2013 12:05:48] /newtype 20
[24/10/2013 12:06:03] /b Phills seram VIP
[24/10/2013 12:08:38] /a
[24/10/2013 12:08:44] /a
[24/10/2013 12:08:45] /a
[24/10/2013 12:08:46] /a
[24/10/2013 12:13:03] /a
[24/10/2013 12:23:13] /reload actions
[24/10/2013 12:24:16] /save
[24/10/2013 12:30:39] /b Evento Invasão em Konoha
[24/10/2013 12:30:44] /newtype 20
[24/10/2013 12:30:46] /save
[24/10/2013 12:31:00] /b Evento Invasão em Konoha
[24/10/2013 12:31:29] /b Evento Invasão em Konoha
[24/10/2013 12:31:29] /b Evento Invasão em Konoha
[24/10/2013 12:31:30] /b Evento Invasão em Konoha
[24/10/2013 12:31:45] /t blocker
[24/10/2013 12:31:52] /b Evento Invasão em Konoha
[24/10/2013 12:31:53] /b Evento Invasão em Konoha
[24/10/2013 12:32:04] /goto luckky
[24/10/2013 12:32:20] /goto lukky
[24/10/2013 12:32:34] /t
[24/10/2013 12:32:57] /goto sua mae
[24/10/2013 12:33:19] /t
[24/10/2013 12:33:34] /save
[24/10/2013 12:33:44] /mc
[24/10/2013 12:37:05] /reload monster
[24/10/2013 12:37:08] /m obito
[24/10/2013 12:37:18] /b GOGOOOO
[24/10/2013 12:38:23] /goto blocker
[24/10/2013 12:38:38] /mode 1
[24/10/2013 12:38:42] /r
[24/10/2013 12:39:01] /i kunai explosion
[24/10/2013 12:39:27] /reload actions
[24/10/2013 12:49:13] /reload monster
[24/10/2013 12:49:45] /reload monster
[24/10/2013 12:50:00] /b EVENTO EM KONOHA..
[24/10/2013 12:50:00] /b EVENTO EM KONOHA..
[24/10/2013 12:50:10] /b EVENTO EM KONOHA..
[24/10/2013 12:50:11] /b EVENTO EM KONOHA..
[24/10/2013 12:50:11] /b EVENTO EM KONOHA..
[24/10/2013 12:50:16] /b Não puxo ninguem
[24/10/2013 12:50:20] /b Não puxo ninguem
[24/10/2013 12:50:21] /b Não puxo ninguem
[24/10/2013 12:51:24] /b EVENTO INVASÃO
[24/10/2013 12:52:41] /b GOGOGO
[24/10/2013 12:52:43] /ghost
[24/10/2013 12:52:51] /reload monster
[24/10/2013 12:52:53] /m obito
[24/10/2013 12:54:59] /save
[24/10/2013 12:55:08] /b EVENTO INVASÃO EM KONOHA
[24/10/2013 12:56:43] /b EVENTO INVASÃO EM KONOHA
[24/10/2013 12:57:12] /b EVENTO INVASÃO EM KONOHA
[24/10/2013 13:00:49] /ghost
[24/10/2013 13:04:59] /ghost
[24/10/2013 13:05:01] /addskill mokuton bunshin, 50
[24/10/2013 13:05:06] /addskill mokuton bunshin, level, 50
[24/10/2013 13:05:26] /save
[24/10/2013 13:05:44] /b EVENTO EM KONOHA
[24/10/2013 13:08:13] /b Mais um
[24/10/2013 13:08:26] /b EVENTO INVASÃO KONOHA
[24/10/2013 13:08:29] /t
[24/10/2013 13:08:30] /up
[24/10/2013 13:08:33] /c mokuton bunshin
[24/10/2013 13:08:49] /t mokuton bunshin
[24/10/2013 13:08:51] /t
[24/10/2013 13:09:25] /reload monster
[24/10/2013 13:09:42] /m obito
[24/10/2013 13:13:15] /goto mokuton bunshin
[24/10/2013 13:13:16] /addskill mokuton bunshin, level, 20
[24/10/2013 13:13:24] /ghost
[24/10/2013 13:14:01] /ghost
[24/10/2013 13:17:09] /goto bunshin
[24/10/2013 13:17:10] /ghost
[24/10/2013 13:19:56] /goto Astraildagordafreda
[24/10/2013 13:20:21] /mode 2
[24/10/2013 13:20:26] /ghost
[24/10/2013 13:23:23] /save
[24/10/2013 13:24:54] /goto orfeu
[24/10/2013 13:25:00] /i gaara coat
[24/10/2013 13:25:05] /save
[24/10/2013 13:26:18] /t
[24/10/2013 13:30:58] /save
[24/10/2013 13:31:31] /save
[24/10/2013 13:31:43] /b Server Já volta arrumar umas coisinhas...
[24/10/2013 13:31:47] /save
[24/10/2013 13:32:36] /newtype 20
[24/10/2013 13:32:37] /t
[24/10/2013 13:33:00] /goto demoniaac
[24/10/2013 13:33:03] /ghost
[24/10/2013 13:33:36] /m bot afk
[24/10/2013 13:33:37] /m bot afk
[24/10/2013 13:33:37] /m bot afk
[24/10/2013 13:33:43] /r
[24/10/2013 13:33:44] /r
[24/10/2013 13:33:46] /r
[24/10/2013 13:33:49] /c demoniaac
[24/10/2013 13:34:07] /newtype 300, demoniaac
[24/10/2013 13:34:21] /newtype 24, demoniaac
[24/10/2013 13:34:35] /addskill demoniaac, level, 1
[24/10/2013 13:34:36] /addskill demoniaac, level, 1
[24/10/2013 13:34:37] /addskill demoniaac, level, 1
[24/10/2013 13:34:38] /addskill demoniaac, level, 1
[24/10/2013 13:34:52] /n blesser
[24/10/2013 13:35:04] /n hashirama blesser
[24/10/2013 13:35:11] /r
[24/10/2013 13:35:12] /t
[24/10/2013 13:35:14] /ghost
[24/10/2013 13:35:45] /ghost
[24/10/2013 13:35:46] /ghost
[24/10/2013 13:36:03] /goto tebenzo tecuro
[24/10/2013 13:36:04] /ghost
[24/10/2013 13:36:10] /down
[24/10/2013 13:36:11] /t
[24/10/2013 13:36:13] /ghost
[24/10/2013 13:36:20] /goto ultrabook
[24/10/2013 13:36:29] /goto tebenzo tecuro
[24/10/2013 13:36:51] /down
[24/10/2013 13:37:07] /down
[24/10/2013 13:37:11] /n tsunade
[24/10/2013 13:37:35] /c tebenzo tecuro
[24/10/2013 13:38:10] /m bot afk
[24/10/2013 13:38:15] /r
[24/10/2013 13:38:16] /r
[24/10/2013 13:38:18] /r
[24/10/2013 13:38:18] /r
[24/10/2013 13:38:24] /r
[24/10/2013 13:38:25] /r
[24/10/2013 13:38:36] /r
[24/10/2013 13:38:39] /r
[24/10/2013 13:39:06] /m kazekage boss
[24/10/2013 13:39:26] /c kazekage boss
[24/10/2013 13:39:26] /c kazekage boss
[24/10/2013 13:39:27] /c kazekage boss
[24/10/2013 13:39:27] /c kazekage boss
[24/10/2013 13:39:27] /c kazekage boss
[24/10/2013 13:39:28] /c kazekage boss
[24/10/2013 13:39:28] /c kazekage boss
[24/10/2013 13:39:28] /c kazekage boss
[24/10/2013 13:39:28] /c kazekage boss
[24/10/2013 13:39:29] /c kazekage boss
[24/10/2013 13:39:29] /c kazekage boss
[24/10/2013 13:39:33] /c kazekage boss
[24/10/2013 13:39:33] /c kazekage boss
[24/10/2013 13:39:33] /c kazekage boss
[24/10/2013 13:39:33] /c kazekage boss
[24/10/2013 13:39:33] /c kazekage boss
[24/10/2013 13:39:33] /c kazekage boss
[24/10/2013 13:39:34] /c kazekage boss
[24/10/2013 13:39:34] /c kazekage boss
[24/10/2013 13:39:34] /c kazekage boss
[24/10/2013 13:39:34] /c kazekage boss
[24/10/2013 13:39:34] /c kazekage boss
[24/10/2013 13:39:34] /c kazekage boss
[24/10/2013 13:39:34] /c kazekage boss
[24/10/2013 13:39:35] /c kazekage boss
[24/10/2013 13:39:35] /c kazekage boss
[24/10/2013 13:39:35] /c kazekage boss
[24/10/2013 13:39:35] /c kazekage boss
[24/10/2013 13:39:35] /c kazekage boss
[24/10/2013 13:39:36] /c kazekage boss
[24/10/2013 13:39:36] /c kazekage boss
[24/10/2013 13:39:36] /c kazekage boss
[24/10/2013 13:39:36] /c kazekage boss
[24/10/2013 13:39:36] /c kazekage boss
[24/10/2013 13:39:36] /c kazekage boss
[24/10/2013 13:39:36] /c kazekage boss
[24/10/2013 13:39:37] /c kazekage boss
[24/10/2013 13:39:37] /c kazekage boss
[24/10/2013 13:39:37] /c kazekage boss
[24/10/2013 13:39:37] /c kazekage boss
[24/10/2013 13:39:37] /c kazekage boss
[24/10/2013 13:39:37] /c kazekage boss
[24/10/2013 13:39:37] /c kazekage boss
[24/10/2013 13:39:38] /c kazekage boss
[24/10/2013 13:39:38] /c kazekage boss
[24/10/2013 13:39:38] /c kazekage boss
[24/10/2013 13:39:38] /c kazekage boss
[24/10/2013 13:39:38] /c kazekage boss
[24/10/2013 13:39:38] /c kazekage boss
[24/10/2013 13:39:39] /c kazekage boss
[24/10/2013 13:39:39] /c kazekage boss
[24/10/2013 13:39:39] /c kazekage boss
[24/10/2013 13:39:39] /c kazekage boss
[24/10/2013 13:39:39] /c kazekage boss
[24/10/2013 13:39:39] /c kazekage boss
[24/10/2013 13:39:40] /c kazekage boss
[24/10/2013 13:39:40] /c kazekage boss
[24/10/2013 13:39:40] /c kazekage boss
[24/10/2013 13:39:40] /c kazekage boss
[24/10/2013 13:39:40] /c kazekage boss
[24/10/2013 13:39:40] /c kazekage boss
[24/10/2013 13:39:41] /c kazekage boss
[24/10/2013 13:39:41] /c kazekage boss
[24/10/2013 13:39:41] /c kazekage boss
[24/10/2013 13:39:41] /c kazekage boss
[24/10/2013 13:39:41] /c kazekage boss
[24/10/2013 13:39:41] /c kazekage boss
[24/10/2013 13:39:42] /c kazekage boss
[24/10/2013 13:39:42] /c kazekage boss
[24/10/2013 13:39:42] /c kazekage boss
[24/10/2013 13:39:42] /c kazekage boss
[24/10/2013 13:39:42] /c kazekage boss
[24/10/2013 13:39:42] /c kazekage boss
[24/10/2013 13:39:43] /c kazekage boss
[24/10/2013 13:39:43] /c kazekage boss
[24/10/2013 13:39:43] /c kazekage boss
[24/10/2013 13:39:43] /c kazekage boss
[24/10/2013 13:39:44] /c kazekage boss
[24/10/2013 13:39:44] /c kazekage boss
[24/10/2013 13:39:44] /c kazekage boss
[24/10/2013 13:39:44] /c kazekage boss
[24/10/2013 13:39:45] /c kazekage boss
[24/10/2013 13:39:45] /c kazekage boss
[24/10/2013 13:39:45] /c kazekage boss
[24/10/2013 13:39:45] /c kazekage boss
[24/10/2013 13:39:45] /c kazekage boss
[24/10/2013 13:39:46] /c kazekage boss
[24/10/2013 13:39:46] /c kazekage boss
[24/10/2013 13:39:46] /c kazekage boss
[24/10/2013 13:39:46] /c kazekage boss
[24/10/2013 13:39:47] /c kazekage boss
[24/10/2013 13:39:47] /c kazekage boss
[24/10/2013 13:39:47] /c kazekage boss
[24/10/2013 13:39:47] /c kazekage boss
[24/10/2013 13:39:47] /c kazekage boss
[24/10/2013 13:39:47] /c kazekage boss
[24/10/2013 13:39:47] /c kazekage boss
[24/10/2013 13:39:48] /c kazekage boss
[24/10/2013 13:39:48] /c kazekage boss
[24/10/2013 13:39:48] /c kazekage boss
[24/10/2013 13:39:48] /c kazekage boss
[24/10/2013 13:39:48] /c kazekage boss
[24/10/2013 13:39:48] /c kazekage boss
[24/10/2013 13:39:49] /c kazekage boss
[24/10/2013 13:39:49] /c kazekage boss
[24/10/2013 13:39:49] /c kazekage boss
[24/10/2013 13:39:49] /c kazekage boss
[24/10/2013 13:39:49] /c kazekage boss
[24/10/2013 13:39:50] /c kazekage boss
[24/10/2013 13:39:50] /c kazekage boss
[24/10/2013 13:39:50] /c kazekage boss
[24/10/2013 13:39:55] /c kazekage boss
[24/10/2013 13:39:56] /c kazekage boss
[24/10/2013 13:39:56] /c kazekage boss
[24/10/2013 13:39:56] /c kazekage boss
[24/10/2013 13:39:56] /c kazekage boss
[24/10/2013 13:39:56] /c kazekage boss
[24/10/2013 13:39:57] /c kazekage boss
[24/10/2013 13:39:57] /c kazekage boss
[24/10/2013 13:39:57] /c kazekage boss
[24/10/2013 13:39:57] /c kazekage boss
[24/10/2013 13:39:57] /c kazekage boss
[24/10/2013 13:39:58] /c kazekage boss
[24/10/2013 13:40:00] /c kazekage boss
[24/10/2013 13:40:00] /c kazekage boss
[24/10/2013 13:40:00] /c kazekage boss
[24/10/2013 13:40:01] /c kazekage boss
[24/10/2013 13:40:01] /c kazekage boss
[24/10/2013 13:40:20] /c kazekage boss
[24/10/2013 13:40:35] /c kazekage boss
[24/10/2013 13:40:41] /c kazekage boss
[24/10/2013 13:40:53] /c kazekage boss
[24/10/2013 13:41:04] /c kazekage boss
[24/10/2013 13:41:04] /c kazekage boss
[24/10/2013 13:41:12] /a
[24/10/2013 13:41:44] /t
[24/10/2013 13:41:50] /goto makerzin makako
[24/10/2013 13:41:54] /r
[24/10/2013 13:41:56] /t
[24/10/2013 13:43:02] /t
[24/10/2013 13:43:03] /up
[24/10/2013 13:43:09] /t
[24/10/2013 13:43:20] /goto kazekage boss
[24/10/2013 13:43:25] /down
[24/10/2013 13:43:40] /m uchiha itachi
[24/10/2013 13:43:43] /m uchiha itachi
[24/10/2013 13:43:47] /m uchiha itachi
[24/10/2013 13:44:26] /c kazekage boss
[24/10/2013 13:44:26] /c kazekage boss
[24/10/2013 13:44:26] /c kazekage boss
[24/10/2013 13:44:26] /c kazekage boss
[24/10/2013 13:44:31] /c kazekage boss
[24/10/2013 13:44:34] /c kazekage boss
[24/10/2013 13:44:46] /c kazekage boss
[24/10/2013 13:44:59] /c kazekage boss
[24/10/2013 13:45:03] /t
[24/10/2013 13:45:10] /goto kazekabe boss
[24/10/2013 13:45:15] /goto kazekage boss
[24/10/2013 13:46:36] /r
[24/10/2013 13:46:37] /r
[24/10/2013 13:46:39] /r
[24/10/2013 13:46:40] /r
[24/10/2013 13:46:41] /r
[24/10/2013 13:46:42] /r
[24/10/2013 13:46:44] /t
[24/10/2013 13:46:58] /goto makerzin makako
[24/10/2013 13:47:04] /down makerzin makako
[24/10/2013 13:47:10] /c makerzin makako
[24/10/2013 13:47:10] /t
[24/10/2013 13:47:26] /goto mokuton bunshin
[24/10/2013 13:47:28] /r
[24/10/2013 13:47:30] /r
[24/10/2013 13:47:56] /t
[24/10/2013 13:48:16] /save
[24/10/2013 13:52:24] /t
[24/10/2013 13:53:13] /mc
[24/10/2013 14:09:08] /ghost
[24/10/2013 14:09:09] /ghost
[24/10/2013 14:17:38] /goto orfeu
[24/10/2013 14:17:48] /i ultimate glove
[24/10/2013 14:17:51] /t
[24/10/2013 14:18:49] /i obito mask
[24/10/2013 14:22:21] /goto tebenzo tecuro
[24/10/2013 14:23:07] /ghost
[24/10/2013 14:23:18] /ghost
[24/10/2013 14:23:27] /t
[24/10/2013 14:24:51] /goto tebenzo tecuro
[24/10/2013 14:25:13] /t
[24/10/2013 14:26:44] /goto tebenzo tecuro
[24/10/2013 14:28:16] /i wafer
[24/10/2013 14:28:23] /t
[24/10/2013 14:28:25] /ghost
[24/10/2013 14:28:53] /newtype 20
[24/10/2013 14:29:53] /m trainer
[24/10/2013 14:30:29] /ghost
[24/10/2013 14:30:32] /r
[24/10/2013 14:30:37] /goto mokuton bunshin
[24/10/2013 14:30:41] /i hashirama armor
[24/10/2013 14:31:25] /i 2533
[24/10/2013 14:31:38] /t
[24/10/2013 14:32:16] /save
[24/10/2013 14:39:59] /save
[24/10/2013 14:44:15] /save
[24/10/2013 14:47:09] /name Astraildagordafreda, Ospadreabusamt
[24/10/2013 14:47:19] /kick astraildagordafreda
[24/10/2013 14:58:01] /save
[24/10/2013 15:07:49] /i gaara sand
[24/10/2013 15:09:16] /m trainer
[24/10/2013 15:12:48] /reload spells
[24/10/2013 15:12:53] /r
[24/10/2013 15:13:13] /m trainer
[24/10/2013 15:13:56] /r
[24/10/2013 15:23:20] /save
[24/10/2013 15:23:43] /b Server Já volta, novos items adicionados, amanha pela tarde terá quests..
[24/10/2013 15:23:46] /save
[24/10/2013 15:23:48] /b Server Já volta, novos items adicionados, amanha pela tarde terá quests..
[24/10/2013 15:23:52] /save
[24/10/2013 15:34:43] /m trainer
[24/10/2013 15:34:54] /ghost
[24/10/2013 15:35:17] /ghost
[24/10/2013 15:37:55] /ghost
[24/10/2013 15:37:58] /r
[24/10/2013 15:38:26] /t
[24/10/2013 15:38:27] /up
[24/10/2013 15:38:41] /c mangekyou itachi
[24/10/2013 15:38:42] /m kazekage boss
[24/10/2013 15:38:43] /m kazekage boss
[24/10/2013 15:38:43] /m kazekage boss
[24/10/2013 15:38:43] /m kazekage boss
[24/10/2013 15:38:43] /m kazekage boss
[24/10/2013 15:38:55] /r
[24/10/2013 15:38:55] /r
[24/10/2013 15:38:55] /r
[24/10/2013 15:38:55] /r
[24/10/2013 15:38:56] /r
[24/10/2013 15:38:56] /r
[24/10/2013 15:38:56] /r
[24/10/2013 15:38:57] /r
[24/10/2013 15:38:57] /r
[24/10/2013 15:38:57] /r
[24/10/2013 15:38:57] /r
[24/10/2013 15:38:57] /r
[24/10/2013 15:38:58] /r
[24/10/2013 15:38:58] /r
[24/10/2013 15:38:59] /r
[24/10/2013 15:38:59] /r
[24/10/2013 15:38:59] /r
[24/10/2013 15:39:00] /r
[24/10/2013 15:39:00] /r
[24/10/2013 15:39:01] /r
[24/10/2013 15:39:02] /r
[24/10/2013 15:39:03] /r
[24/10/2013 15:39:03] /r
[24/10/2013 15:39:03] /r
[24/10/2013 15:39:03] /r
[24/10/2013 15:39:03] /r
[24/10/2013 15:39:03] /r
[24/10/2013 15:39:04] /r
[24/10/2013 15:39:05] /r
[24/10/2013 15:39:05] /r
[24/10/2013 15:39:05] /r
[24/10/2013 15:39:05] /r
[24/10/2013 15:39:05] /r
[24/10/2013 15:39:05] /r
[24/10/2013 15:39:05] /r
[24/10/2013 15:39:06] /r
[24/10/2013 15:39:07] /r
[24/10/2013 15:39:07] /r
[24/10/2013 15:39:07] /r
[24/10/2013 15:39:07] /r
[24/10/2013 15:39:08] /r
[24/10/2013 15:39:08] /r
[24/10/2013 15:39:08] /r
[24/10/2013 15:39:08] /r
[24/10/2013 15:39:10] /r
[24/10/2013 15:39:11] /r
[24/10/2013 15:39:11] /r
[24/10/2013 15:39:11] /r
[24/10/2013 15:39:12] /r
[24/10/2013 15:39:12] /r
[24/10/2013 15:39:12] /r
[24/10/2013 15:39:12] /r
[24/10/2013 15:39:12] /r
[24/10/2013 15:39:12] /r
[24/10/2013 15:39:13] /t
[24/10/2013 15:39:21] /ghost
[24/10/2013 15:42:23] /goto lord anormal
[24/10/2013 15:42:23] /ghost
[24/10/2013 15:42:36] /newtype 20
[24/10/2013 15:42:54] /goto staminer
[24/10/2013 15:42:56] /t
[24/10/2013 15:43:00] /goto staminer
[24/10/2013 15:43:01] /up
[24/10/2013 15:43:05] /c lord anormal
[24/10/2013 15:43:08] /m trainer
[24/10/2013 15:43:19] /addskill lord anormal, level, 1
[24/10/2013 15:43:19] /addskill lord anormal, level, 1
[24/10/2013 15:43:20] /addskill lord anormal, level, 1
[24/10/2013 15:43:20] /addskill lord anormal, level, 1
[24/10/2013 15:43:20] /addskill lord anormal, level, 1
[24/10/2013 15:43:21] /addskill lord anormal, level, 1
[24/10/2013 15:43:21] /addskill lord anormal, level, 1
[24/10/2013 15:43:22] /addskill lord anormal, level, 1
[24/10/2013 15:43:23] /addskill lord anormal, level, 1
[24/10/2013 15:44:03] /i gaara sand
[24/10/2013 15:51:28] /save
[24/10/2013 15:52:18] /save
[24/10/2013 15:52:42] /b Jájá volta o server bugou um item..
[24/10/2013 15:52:44] /save
[24/10/2013 15:52:49] /save
[24/10/2013 15:52:57] /save
[24/10/2013 15:53:44] /newtype 20
[24/10/2013 15:53:51] /m trainer
[24/10/2013 15:55:34] /save
[24/10/2013 15:56:25] /r
[24/10/2013 15:56:27] /r
[24/10/2013 15:56:51] /m kazekage boss
[24/10/2013 15:57:13] /r
[24/10/2013 15:57:27] /m kazekage boss
[24/10/2013 15:57:30] /m kazekage boss
[24/10/2013 15:57:36] /r
[24/10/2013 15:57:37] /r
[24/10/2013 15:57:41] /c lord anormal
[24/10/2013 15:57:55] /m kazekage boss
[24/10/2013 15:58:13] /c lord anormal
[24/10/2013 15:58:25] /r
[24/10/2013 15:58:27] /c lord anormal
[24/10/2013 15:58:52] /t lord anormal
[24/10/2013 15:58:53] /t
[24/10/2013 15:58:53] /ghost
[24/10/2013 15:59:10] /n hashirama blesser
[24/10/2013 16:00:29] /i gold bar
[24/10/2013 16:00:49] /i gold bar
[24/10/2013 16:02:22] /reload npc
[24/10/2013 16:04:13] /goto lord anormal
[24/10/2013 16:04:14] /addskill lord anormal, magic, 1
[24/10/2013 16:04:38] /t
[24/10/2013 16:04:50] /save
[24/10/2013 16:11:02] /goto ospadreabusamt
[24/10/2013 16:11:04] /ghost
[24/10/2013 16:13:14] /newtype 294
[24/10/2013 16:13:17] /newtype 194
[24/10/2013 16:22:15] /newtype 20
[24/10/2013 16:23:16] /reload talk
[24/10/2013 16:23:17] /reload mods
[24/10/2013 16:23:32] /save
[24/10/2013 16:25:46] /t
[24/10/2013 16:25:47] /up
[24/10/2013 16:26:09] /goto staminer
[24/10/2013 16:26:11] /r
[24/10/2013 16:26:13] /t
[24/10/2013 16:26:16] /goto staminer
[24/10/2013 16:26:18] /ghost
[24/10/2013 16:30:32] /ghost
[24/10/2013 16:30:33] /ghost
[24/10/2013 16:36:09] /ghost
[24/10/2013 16:37:27] /ghost
[24/10/2013 16:48:06] /save
[24/10/2013 16:48:41] /save
[24/10/2013 16:50:13] /save
[24/10/2013 16:55:40] /save
[24/10/2013 16:56:05] /save
[24/10/2013 16:57:48] /save
[24/10/2013 17:00:32] /ghost
[24/10/2013 17:01:11] /save
[24/10/2013 17:01:52] /save
[24/10/2013 17:02:02] /save
[24/10/2013 17:04:12] /save
[24/10/2013 17:05:04] /save
[24/10/2013 17:08:00] /save
[24/10/2013 17:08:11] /m trainer
[24/10/2013 17:08:26] /save
[24/10/2013 17:08:31] /r
[24/10/2013 17:09:05] /save
[24/10/2013 17:10:49] /save
[24/10/2013 17:11:24] /save
[24/10/2013 17:11:29] /ghost
[24/10/2013 17:11:51] /save
[24/10/2013 17:12:09] /goto account manager
[24/10/2013 17:12:33] /ghost
[24/10/2013 17:12:38] /save
[24/10/2013 17:14:04] /save
[24/10/2013 17:15:32] /save
[24/10/2013 17:16:32] /save
[24/10/2013 17:18:07] /save
[24/10/2013 17:18:52] /i obito tunic
[24/10/2013 17:19:26] /i hashirama armor
[24/10/2013 17:19:33] /i yondaime coat
[24/10/2013 17:20:07] /r
[24/10/2013 17:20:09] /r
[24/10/2013 17:20:10] /r
[24/10/2013 17:20:45] /ghost
[24/10/2013 17:21:39] /t
[24/10/2013 17:22:07] /save
[24/10/2013 17:22:56] /save
[24/10/2013 17:24:14] /save
[24/10/2013 17:26:19] /save
[24/10/2013 17:28:05] /save
[24/10/2013 17:28:59] /save
[24/10/2013 17:32:07] /save
[24/10/2013 17:35:36] /save
[24/10/2013 17:36:29] /goto sua mae
[24/10/2013 17:37:01] /save
[24/10/2013 17:41:03] /save
[24/10/2013 17:41:35] /goto account manager
[24/10/2013 17:41:44] /r
[24/10/2013 17:41:44] /goto account manager
[24/10/2013 17:41:48] /r
[24/10/2013 17:42:04] /ghost
[24/10/2013 17:43:13] /ghost
[24/10/2013 17:45:18] /save
[24/10/2013 17:49:25] /save
[24/10/2013 17:49:30] /t
[24/10/2013 17:51:09] /save
[24/10/2013 17:52:40] /goto zerijs
[24/10/2013 17:52:45] /ghost
[24/10/2013 17:52:58] /i obito tunic
[24/10/2013 17:53:08] /i hashirama armor
[24/10/2013 17:53:20] /i yondaime coat
[24/10/2013 17:54:23] /i obito tunic
[24/10/2013 17:55:18] /save
[24/10/2013 17:58:21] /save
[24/10/2013 18:01:20] /reload mods
[24/10/2013 18:01:47] /b Como todos estão reclamando da quantidade de task da Akatsuki Hat, uchiha itachi = [0/5000] 
[24/10/2013 18:01:56] /b Como todos estão reclamando da quantidade de task da Akatsuki Hat, uchiha itachi = [0/5000] 
[24/10/2013 18:01:57] /ghost
[24/10/2013 18:04:42] /goto zerijs
[24/10/2013 18:05:53] /goto Zerijs
[24/10/2013 18:07:11] /goto Zerijs
[24/10/2013 18:07:21] /save
[24/10/2013 18:08:00] /goto bunshin
[24/10/2013 18:08:13] /r
[24/10/2013 18:08:30] /i konoha backpack
[24/10/2013 18:08:40] /i raikage gloves
[24/10/2013 18:08:41] /i raikage glove
[24/10/2013 18:08:49] /i sasuke sword
[24/10/2013 18:08:55] /i nidaime armor
[24/10/2013 18:08:58] /i vital boots
[24/10/2013 18:09:01] /i gold bar
[24/10/2013 18:09:02] /i gold bar
[24/10/2013 18:09:03] /i gold bar
[24/10/2013 18:09:03] /i gold bar
[24/10/2013 18:09:04] /i gold bar
[24/10/2013 18:09:12] /ghost
[24/10/2013 18:09:15] /ghost
[24/10/2013 18:20:49] /b Nova Página do site De Tasks, http://ntoabs.no-ip.org//index.php/p/v/task
[24/10/2013 18:21:11] /b Nova Página do site De Tasks, http://ntoabs.no-ip.org//index.php/p/v/task
[24/10/2013 18:23:03] /save
[24/10/2013 18:32:44] /b Morfeu Procura team para hidan boss
[24/10/2013 18:33:43] /b Morfeu Procura team para hidan boss
[24/10/2013 18:34:48] /save
[24/10/2013 18:38:13] /b 18:50 Morfeu [249]: Procuro team Hidan boss, :Morfeu, Bunshin , Skin Mwk vamos ir quer Quiser só mandar pvt.
[24/10/2013 18:38:26] /b 18:50 Morfeu [249]: Procuro team Hidan boss, :Morfeu, Bunshin , Skin Mwk vamos ir quer Quiser só mandar pvt.
[24/10/2013 18:41:15] /ghost
[24/10/2013 18:42:28] /ghost
[24/10/2013 18:48:39] /t
[24/10/2013 18:48:41] /up
[24/10/2013 18:48:45] /c maiquin kill
[24/10/2013 18:48:48] /i itachi
[24/10/2013 18:49:07] /t
[24/10/2013 18:50:40] /b Quero aproveitar que está todos on novamente, e dizer que a exp terá um sistema diferente, atualmente o evento precisa matar o bixo até o fim sem morrer para ganhar a exp, isso desvalorisa muito o evento pelo fato de muitos morrerem e perderem a exp.
[24/10/2013 18:50:49] /b Quero aproveitar que está todos on novamente, e dizer que a exp terá um sistema diferente, atualmente o evento precisa matar o bixo até o fim sem morrer para ganhar a exp, isso desvalorisa muito o evento pelo fato de muitos morrerem e perderem a exp.
[24/10/2013 18:51:07] /b Quero aproveitar que está todos on novamente, e dizer que a exp terá um sistema diferente, atualmente o evento precisa matar o bixo até o fim sem morrer para ganhar a exp, isso desvalorisa muito o evento pelo fato de muitos morrerem e perderem a exp.
[24/10/2013 18:51:33] /b Então vou por o sistema de EXP POR HIT, Cada hit dado já upara o equivalente de exp do bixo
[24/10/2013 18:51:40] /b Então vou por o sistema de EXP POR HIT, Cada hit dado já upara o equivalente de exp do bixo
[24/10/2013 18:51:52] /b Então vou por o sistema de EXP POR HIT, Cada hit dado já upara o equivalente de exp do bixo
[24/10/2013 18:52:01] /b Quero aproveitar que está todos on novamente, e dizer que a exp terá um sistema diferente, atualmente o evento precisa matar o bixo até o fim sem morrer para ganhar a exp, isso desvalorisa muito o evento pelo fato de muitos morrerem e perderem a exp.
[24/10/2013 18:52:17] /b Então vou por o sistema de EXP POR HIT, Cada hit dado já upara o equivalente de exp do bixo
[24/10/2013 18:52:33] /b Me diz oque acham no help channel
[24/10/2013 18:52:52] /b Me diz oque acham no help channel
[24/10/2013 18:53:06] /t maiquin kill
[24/10/2013 18:56:31] /goto maiquin kill
[24/10/2013 18:56:34] /i gaara coat
[24/10/2013 18:56:41] /r
[24/10/2013 18:56:43] /t
[24/10/2013 18:59:38] /b E o sistema de montar Team BOSS, irei montar um NPC que vc irá pagar 10 golds, e ele anuncia que vc quer fazer tal task :D
[24/10/2013 18:59:49] /b E o sistema de montar Team BOSS, irei montar um NPC que vc irá pagar 10 golds, e ele anuncia que vc quer fazer tal task :D
[24/10/2013 19:00:16] /b E o sistema de montar Team BOSS, irei montar um NPC que vc irá pagar 10 golds, e ele anuncia que vc quer fazer tal task :D
[24/10/2013 19:00:49] /save
[24/10/2013 19:01:16] /b E o sistema de montar Team BOSS, irei montar um NPC que vc irá pagar 10 golds, e ele anuncia que vc quer fazer tal task :D
[24/10/2013 19:09:33] /save
[24/10/2013 19:11:04] /save
[24/10/2013 19:12:35] /b Galerinha, vou saindo bom jogo a todos :D
[24/10/2013 19:25:20] /t
[24/10/2013 19:25:21] /up
[24/10/2013 19:25:23] /save
[24/10/2013 19:26:03] /save
[24/10/2013 19:31:03] /save
[24/10/2013 19:36:03] /save
[24/10/2013 19:41:03] /save
[24/10/2013 19:45:17] /t
[24/10/2013 19:51:17] /t ultrabook
[24/10/2013 19:51:55] /goto ultrabook
[24/10/2013 19:53:14] /goto ultrabook
[24/10/2013 19:53:32] /up
[24/10/2013 19:53:39] /down
[24/10/2013 19:59:09] /name Account Manager, Noobtentouclonar
[24/10/2013 20:00:04] /r
[24/10/2013 20:09:39] /name Account Manager, Account Manage
[24/10/2013 20:09:41] /r
[24/10/2013 20:15:55] /goto account manager
[24/10/2013 20:18:05] /r
[24/10/2013 20:18:58] /goto account manager
[24/10/2013 20:19:00] /goto account manager
[24/10/2013 20:19:00] /goto account manager
[24/10/2013 20:19:00] /goto account manager
[24/10/2013 20:19:01] /t
[24/10/2013 20:19:05] /goto account manager
[24/10/2013 20:19:07] /goto account manager
[24/10/2013 20:19:40] /goto account manager
[24/10/2013 20:20:33] /goto account manager
[24/10/2013 20:21:14] /goto account manager
[24/10/2013 20:22:42] /goto account manager
[24/10/2013 20:23:29] /goto account manager
[24/10/2013 20:23:30] /goto account manager
[24/10/2013 20:24:05] /goto account manager
[24/10/2013 20:24:13] /t
[24/10/2013 20:24:14] /goto account manager
[24/10/2013 20:25:04] /goto account manager
[24/10/2013 20:25:25] /save
[24/10/2013 20:26:44] /goto account manager
[24/10/2013 20:29:48] /t
[24/10/2013 20:29:49] /up
[24/10/2013 20:30:01] /ghost
[24/10/2013 20:30:09] /i konoha backpack
[24/10/2013 20:30:25] /save
[24/10/2013 20:30:39] /c [adm] mario
[24/10/2013 20:31:01] /i wafer
[24/10/2013 20:31:40] /ghost
[24/10/2013 20:31:41] /t
[24/10/2013 20:46:16] /goto account manager
[24/10/2013 20:50:39] /goto account manager
[24/10/2013 20:50:46] /t
[24/10/2013 20:50:52] /goto lord anormal
[24/10/2013 20:51:00] /mc
[24/10/2013 20:54:56] /t lord anormal
[24/10/2013 20:55:33] /c naruto boss
[24/10/2013 20:55:42] /addskill naruto boss
[24/10/2013 20:55:47] /addskill naruto boss, level, 1
[24/10/2013 20:55:50] /addskill naruto boss, level, 100
[24/10/2013 21:09:17] /newtype 20
[24/10/2013 21:12:34] /goto lord anormal
[24/10/2013 21:12:46] /goto fernandozerah
[24/10/2013 21:12:58] /c lord anormal
[24/10/2013 21:17:16] /save
[24/10/2013 21:17:27] /goto Pimenta
[24/10/2013 21:19:49] /ghost
[24/10/2013 21:20:42] /ghost
[24/10/2013 21:29:12] /save
[24/10/2013 21:29:12] /t
[24/10/2013 21:30:02] /goto fernandozerah
[24/10/2013 21:31:04] /goto fernandozerah
[24/10/2013 21:36:37] /goto kurtz
[24/10/2013 21:36:45] /goto fuuton atarashi
[24/10/2013 21:36:57] /t
[24/10/2013 21:37:46] /goto yakuza lndr
[24/10/2013 21:38:07] /goto yakuza kakashi
[24/10/2013 21:38:14] /goto yakusa kakashi
[24/10/2013 21:38:56] /t
[24/10/2013 21:47:37] /save
[24/10/2013 21:55:44] /save
[24/10/2013 21:57:53] /t
[24/10/2013 21:57:53] /up
[24/10/2013 21:58:04] /goto igorzin uchiha
[24/10/2013 21:58:12] /i itachi
[24/10/2013 21:58:18] /c igorzin uchiha
[24/10/2013 21:59:21] /t
[24/10/2013 21:59:22] /up
[24/10/2013 21:59:26] /c igorzin uchiha
[24/10/2013 21:59:41] /t igorzin uchiha
[24/10/2013 21:59:46] /t
[24/10/2013 22:01:20] /t
[24/10/2013 22:01:21] /up
[24/10/2013 22:01:33] /goto shino uchiha
[24/10/2013 22:01:36] /t
[24/10/2013 22:26:18] /goto yakuza gaara
[24/10/2013 22:26:33] /t
[24/10/2013 22:28:53] /goto lord anormal
[24/10/2013 22:28:58] /ghost
[24/10/2013 22:30:07] /m obito
[24/10/2013 22:30:09] /r
[24/10/2013 22:30:12] /r
[24/10/2013 22:30:16] /r
[24/10/2013 22:30:19] /ghost
[24/10/2013 22:30:20] /t
[24/10/2013 22:42:45] /goto king anbu
[24/10/2013 22:42:50] /up
[24/10/2013 22:42:53] /c king anbu
[24/10/2013 22:43:05] /c Fujironacombi
[24/10/2013 22:43:09] /i anbu
[24/10/2013 22:43:34] /t Fujironacombi
[24/10/2013 22:43:55] /t
[24/10/2013 22:51:26] /b Galerinha antes de ir deitar vou fazer uma pequena invasão aqui em konohagakure
[24/10/2013 22:51:54] /t demoniaac
[24/10/2013 22:52:24] /b Galerinha antes de ir deitar vou fazer uma pequena invasão aqui em konohagakure
[24/10/2013 22:53:27] /mode 1
[24/10/2013 22:53:36] /b Todos em konoha ?
[24/10/2013 22:53:47] /t fujironacombi
[24/10/2013 22:54:40] /kick fujironacombi
[24/10/2013 22:54:49] /m obito
[24/10/2013 22:56:52] /reload monster
[24/10/2013 22:56:59] /m obito
[24/10/2013 22:58:30] /save
[24/10/2013 23:00:01] /reload monster
[24/10/2013 23:01:04] /save
[24/10/2013 23:01:22] /m kyuubi
[24/10/2013 23:02:51] /save
[24/10/2013 23:06:11] /m obito
[24/10/2013 23:12:12] /m obito
[24/10/2013 23:13:37] /c obito
[24/10/2013 23:13:38] /c obito
[24/10/2013 23:13:42] /a
[24/10/2013 23:13:43] /c obito
[24/10/2013 23:14:01] /c obito
[24/10/2013 23:15:26] /save
[24/10/2013 23:17:21] /save
[24/10/2013 23:18:02] /b O Boss que irei sumonar, não recomendo level 250-
[24/10/2013 23:18:10] /b O Boss que irei sumonar, não recomendo level 250-
[24/10/2013 23:18:24] /b O Boss que irei sumonar, não recomendo level 250-
[24/10/2013 23:22:41] /save
[24/10/2013 23:23:37] /m obito
[24/10/2013 23:24:32] /save
[24/10/2013 23:32:21] /mode 2
[24/10/2013 23:35:32] /save
[24/10/2013 23:51:20] /save
[24/10/2013 23:51:32] /b FALA AI SE EU NÃO GANHEI DOS NUKER ?
[24/10/2013 23:52:11] /b NUKA AI VAI VAMO Q VAMO GOGO INOVAR O SERVER :DDDDDDDDDDDD
[24/10/2013 23:52:51] /goto yakuza lndr
[24/10/2013 23:53:02] /kick yakuza lndr
[24/10/2013 23:53:03] /goto yakuza lndr
[24/10/2013 23:53:05] /goto yakuza lndr
[24/10/2013 23:53:06] /goto yakuza lndr
[24/10/2013 23:53:07] /goto yakuza lndr
[24/10/2013 23:53:08] /goto yakuza lndr
[24/10/2013 23:53:09] /goto yakuza lndr
[24/10/2013 23:53:09] /goto yakuza lndr
[24/10/2013 23:53:10] /goto yakuza lndr
[24/10/2013 23:53:13] /goto 
[24/10/2013 23:53:16] /goto yakuza lndr
[24/10/2013 23:53:34] /goto yakuza lndr
[24/10/2013 23:54:38] /goto yakuza lndr
[25/10/2013 00:02:09] /goto yakuza lndr
[25/10/2013 00:02:10] /t
[25/10/2013 00:02:16] /save
[25/10/2013 00:09:46] /reload spells
[25/10/2013 00:16:30] /save
[25/10/2013 00:26:46] /reload spells
[25/10/2013 00:26:49] /goto berserker
[25/10/2013 00:26:56] /goto shino uchiha
[25/10/2013 00:27:12] /t
[25/10/2013 00:28:31] /reload spells
[25/10/2013 00:28:34] /goto ramones
[25/10/2013 00:28:38] /goto ramones
[25/10/2013 00:28:39] /goto ramones
[25/10/2013 00:28:40] /goto ramones
[25/10/2013 00:28:41] /goto ramones
[25/10/2013 00:28:42] /goto ramones
[25/10/2013 00:28:43] /goto ramones
[25/10/2013 00:28:44] /goto ramones
[25/10/2013 00:28:46] /goto ramones
[25/10/2013 00:28:49] /goto ramones
[25/10/2013 00:28:51] /goto ramones
[25/10/2013 00:28:52] /goto ramones
[25/10/2013 00:28:53] /goto ramones
[25/10/2013 00:28:55] /goto ramones
[25/10/2013 00:28:58] /goto ramones
[25/10/2013 00:28:59] /goto ramones
[25/10/2013 00:29:00] /goto ramones
[25/10/2013 00:29:01] /goto ramones
[25/10/2013 00:29:02] /goto ramones
[25/10/2013 00:29:03] /goto ramones
[25/10/2013 00:29:05] /goto ramones
[25/10/2013 00:29:06] /goto ramones
[25/10/2013 00:29:07] /goto ramones
[25/10/2013 00:29:08] /goto ramones
[25/10/2013 00:29:09] /goto ramones
[25/10/2013 00:29:10] /goto ramones
[25/10/2013 00:29:12] /goto ramones
[25/10/2013 00:29:12] /goto ramones
[25/10/2013 00:29:14] /goto ramones
[25/10/2013 00:29:15] /goto ramones
[25/10/2013 00:29:17] /goto ramones
[25/10/2013 00:29:18] /goto ramones
[25/10/2013 00:29:19] /goto ramones
[25/10/2013 00:29:20] /goto ramones
[25/10/2013 00:29:22] /goto ramones
[25/10/2013 00:29:23] /goto ramones
[25/10/2013 00:29:24] /goto ramones
[25/10/2013 00:29:25] /goto ramones
[25/10/2013 00:29:26] /goto ramones
[25/10/2013 00:29:29] /goto ramones
[25/10/2013 00:29:45] /newtype 20
[25/10/2013 00:30:05] /ghost
[25/10/2013 00:30:29] /a
[25/10/2013 00:30:29] /a
[25/10/2013 00:30:32] /c ramones
[25/10/2013 00:30:38] /c shino uchiha
[25/10/2013 00:30:45] /reload spells
[25/10/2013 00:32:09] /reload spells
[25/10/2013 00:33:09] /reload spells
[25/10/2013 00:34:13] /ghost
[25/10/2013 00:34:15] /ghost
[25/10/2013 00:34:41] /ghost
[25/10/2013 00:39:13] /reload spells
[25/10/2013 00:41:27] /goto berserker
[25/10/2013 00:43:01] /goto berserker
[25/10/2013 00:45:47] /goto berserker
[25/10/2013 00:45:51] /goto berserker
[25/10/2013 00:46:00] /goto berserker
[25/10/2013 00:46:17] /goto berserker
[25/10/2013 00:46:22] /goto berserker
[25/10/2013 00:46:27] /goto berserker
[25/10/2013 00:46:31] /goto berserker
[25/10/2013 00:46:38] /goto berserker
[25/10/2013 00:46:40] /goto berserker
[25/10/2013 00:46:44] /goto berserker
[25/10/2013 00:46:46] /goto berserker
[25/10/2013 00:57:40] /reload monster
[25/10/2013 00:57:42] /reload spells
[25/10/2013 00:57:46] /goto berserker
[25/10/2013 00:57:51] /a 40
[25/10/2013 00:57:55] /c berserker
[25/10/2013 00:57:55] /ghost
[25/10/2013 00:58:45] /reload spells
[25/10/2013 00:59:12] /r
[25/10/2013 00:59:18] /reload monster
[25/10/2013 00:59:26] /m trainer
[25/10/2013 01:02:05] /r
[25/10/2013 01:03:12] /reload spells
[25/10/2013 01:03:23] /ghost
[25/10/2013 01:04:26] /m trainer
[25/10/2013 01:04:53] /save
[25/10/2013 01:05:07] /r
[25/10/2013 01:06:04] /goto berserker
[25/10/2013 01:07:16] /goto berserker
[25/10/2013 01:09:07] /goto berserker
[25/10/2013 01:09:57] /save
[25/10/2013 01:13:39] /goto san
[25/10/2013 01:25:25] /save
[25/10/2013 02:19:55] /a 2
[25/10/2013 02:19:57] /a 2
[25/10/2013 02:21:24] /addskill ultrabook , magic
[25/10/2013 02:21:50] /addskill ultrabook , sword
[25/10/2013 02:27:28] /n staminer
[25/10/2013 02:27:33] /c demoniaac
[25/10/2013 02:27:46] /i konoha backpack
[25/10/2013 02:27:49] /i gold bar
[25/10/2013 02:27:49] /i gold bar
[25/10/2013 02:27:49] /i gold bar
[25/10/2013 02:27:50] /i gold bar
[25/10/2013 02:27:50] /i gold bar
[25/10/2013 02:27:50] /i gold bar
[25/10/2013 02:27:50] /i gold bar
[25/10/2013 02:27:51] /i gold bar
[25/10/2013 02:27:51] /i gold bar
[25/10/2013 02:28:08] /i gold bar
[25/10/2013 02:28:08] /i gold bar
[25/10/2013 02:28:08] /i gold bar
[25/10/2013 02:28:09] /i gold bar
[25/10/2013 02:28:34] /t demoniaac
[25/10/2013 02:28:39] /r
[25/10/2013 02:29:27] /r
[25/10/2013 02:29:30] /c demoniaac
[25/10/2013 02:29:45] /i sasuke legrobe
[25/10/2013 02:29:55] /i eletric katana
[25/10/2013 02:30:00] /i vital boots
[25/10/2013 02:30:06] /i kakashi mask
[25/10/2013 02:30:22] /i nidaime armor
[25/10/2013 02:30:33] /t demoniacc
[25/10/2013 02:30:36] /t demoniaac
[25/10/2013 09:42:18] /t
[25/10/2013 10:48:04] /goto arthax
[25/10/2013 10:52:15] /goto account manager
[25/10/2013 11:08:27] /save
[25/10/2013 11:08:59] /goto leeo'uchiha
[25/10/2013 11:09:12] /save
[25/10/2013 11:11:50] /save
[25/10/2013 11:13:00] /save
[25/10/2013 11:15:41] /goto demoniaac
[25/10/2013 11:15:51] /goto ultrabook
[25/10/2013 11:18:23] /ghost
[25/10/2013 11:23:00] /r
[25/10/2013 11:23:02] /r
[25/10/2013 11:23:03] /r
[25/10/2013 11:23:04] /r
[25/10/2013 11:23:06] /r
[25/10/2013 11:24:45] /ghost
[25/10/2013 11:42:37] /unban yakuza sasuke
[25/10/2013 11:46:42] /save
[25/10/2013 11:47:16] /name [ADM] Nii. (Lindo), [ADM] Nii.
[25/10/2013 11:49:32] /mc
[25/10/2013 11:51:31] /goto demoniaac
[25/10/2013 11:51:42] /ghost
[25/10/2013 11:51:43] /ghost
[25/10/2013 11:51:46] /goto healista
[25/10/2013 11:51:48] /t
[25/10/2013 11:53:10] /goto igorzin uchiha
[25/10/2013 11:53:12] /goto igorzin uchiha
[25/10/2013 11:53:13] /goto igorzin uchiha
[25/10/2013 11:53:15] /goto igorzin uchiha
[25/10/2013 11:53:17] /t
[25/10/2013 11:53:26] /newtype 20
[25/10/2013 11:53:28] /ghost
[25/10/2013 12:02:41] /save
[25/10/2013 12:05:01] /ghost
[25/10/2013 12:05:05] /goto salamandra
[25/10/2013 12:05:12] /goto salamandra
[25/10/2013 12:05:13] /goto salamandra
[25/10/2013 12:05:15] /goto salamandra
[25/10/2013 12:05:17] /goto salamandra
[25/10/2013 12:05:19] /goto salamandra
[25/10/2013 12:05:20] /goto salamandra
[25/10/2013 12:05:22] /goto salamandra
[25/10/2013 12:05:23] /goto salamandra
[25/10/2013 12:05:36] /t
[25/10/2013 12:24:55] /save
[25/10/2013 12:25:18] /ghost
[25/10/2013 12:27:48] /ghost
[25/10/2013 12:31:56] /save
[25/10/2013 12:32:14] /save
[25/10/2013 12:32:57] /save
[25/10/2013 12:33:53] /save
[25/10/2013 12:35:51] /save
[25/10/2013 12:36:16] /save
[25/10/2013 12:37:55] /goto demoniaac
[25/10/2013 12:38:09] /ghost
