[18/10/2013 23:08:31] /newtype 278
[18/10/2013 23:08:33] /newtype 279
[18/10/2013 23:24:58] /a 3
[18/10/2013 23:25:04] /r
[18/10/2013 23:25:05] /r
[18/10/2013 23:25:06] /r
[18/10/2013 23:29:25] /r
[19/10/2013 12:21:47] /r
[19/10/2013 12:21:48] /r
[19/10/2013 12:22:08] /a 4
[19/10/2013 12:22:09] /a 4
[19/10/2013 12:22:09] /a 4
[19/10/2013 12:22:10] /a 4
[19/10/2013 12:22:10] /a 4
[19/10/2013 12:22:10] /a 4
[19/10/2013 12:22:12] /a 4
[19/10/2013 12:22:13] /a 4
[19/10/2013 12:22:13] /a 4
[19/10/2013 12:22:14] /a 4
[19/10/2013 12:22:14] /a 4
[19/10/2013 12:22:15] /a 4
[19/10/2013 12:22:15] /a 4
[19/10/2013 12:22:16] /a 4
[19/10/2013 12:22:17] /a 4
[19/10/2013 12:22:18] /a 4
[19/10/2013 12:22:19] /a 4
[19/10/2013 12:22:20] /a 4
[19/10/2013 12:22:26] /a 4
[19/10/2013 12:22:45] /r
[19/10/2013 12:22:46] /r
[19/10/2013 12:22:48] /r
[19/10/2013 12:22:50] /r
[19/10/2013 12:22:51] /r
[19/10/2013 12:22:52] /r
[19/10/2013 12:22:53] /r
[19/10/2013 12:22:58] /clean
[19/10/2013 12:22:59] /r
[19/10/2013 12:23:01] /r
[19/10/2013 12:23:03] /r
[19/10/2013 12:23:04] /r
[19/10/2013 12:23:05] /r
[19/10/2013 12:23:07] /r
[19/10/2013 12:23:08] /r
[19/10/2013 12:23:10] /r
[19/10/2013 12:23:12] /r
[19/10/2013 12:23:21] /goto [adm] nii.
[19/10/2013 12:23:27] /a
[19/10/2013 12:23:32] /a
[19/10/2013 12:23:37] /a 1
[19/10/2013 12:23:47] /a 3
[19/10/2013 12:23:48] /a 3
[19/10/2013 12:23:49] /a 3
[19/10/2013 12:23:51] /a 3
[19/10/2013 12:23:52] /a 3
[19/10/2013 12:23:55] /a 3
[19/10/2013 12:23:55] /a 3
[19/10/2013 12:23:56] /a 3
[19/10/2013 12:23:57] /a 1
[19/10/2013 12:23:58] /a 1
[19/10/2013 12:23:58] /a 1
[19/10/2013 12:25:55] /a 3
[19/10/2013 12:26:01] /a 3
[19/10/2013 12:29:09] /addskill bob marley, level, 400
[19/10/2013 12:29:33] /i hashirama armor
[19/10/2013 12:30:45] /r
[19/10/2013 12:30:47] /r
[19/10/2013 12:30:48] /r
[19/10/2013 12:30:49] /r
[19/10/2013 12:30:51] /r
[19/10/2013 12:31:49] /a 
[19/10/2013 12:32:17] /addskill bob marley, magic, 200
[19/10/2013 12:33:15] /goto bob marley
[19/10/2013 12:33:18] /addskill bob marley, magic, 200
[19/10/2013 12:33:20] /goto bob marley
[19/10/2013 12:34:01] /addskill bob marley, magic, 200
[19/10/2013 12:34:04] /addskill bob marley, magic, 200
[19/10/2013 12:34:07] /addskill bob marley, magic, 200
[19/10/2013 12:35:56] /a 3
[19/10/2013 12:35:58] /a
[19/10/2013 12:36:02] /a 20
[19/10/2013 12:36:09] /a 6
[19/10/2013 12:36:14] /a 4
[19/10/2013 12:37:56] /goto bob marley
[19/10/2013 14:46:59] /a 5
[19/10/2013 14:47:00] /a 5
