[4/9/2015 2:41:45] /goto peace
[4/9/2015 2:44:8] /t
[4/9/2015 2:44:9] /ghost
[4/9/2015 2:44:14] /newtype 101
[4/9/2015 2:44:15] /newtype 102
[4/9/2015 2:44:47] /goto peace
[4/9/2015 2:49:13] /mc
[4/9/2015 2:53:1] /mc
[4/9/2015 2:53:38] /ghost
[4/9/2015 2:53:39] /goto seu pai
[4/9/2015 2:53:56] /t
[4/9/2015 2:54:3] /ghost
[4/9/2015 2:58:5] /save
[4/9/2015 2:58:9] /reload globalevents
[4/9/2015 2:58:29] /reload spells
[4/9/2015 2:58:39] /ghost
[4/9/2015 3:0:52] /ghost
[4/9/2015 3:5:30] /b Aproveitem o Double Exp
[4/9/2015 3:8:40] /reload mods
[4/9/2015 3:8:59] /save
[4/9/2015 3:12:19] /newtype 408
[4/9/2015 3:12:24] /newtype 400
[4/9/2015 3:13:33] /ghost
[4/9/2015 3:13:35] /ghost
[4/9/2015 3:16:6] /goto seu pai
[4/9/2015 3:16:11] /newtype 101
[4/9/2015 3:17:6] /reload spells
[4/9/2015 3:17:19] /b Big Regeneration e Concentrate lv 100
[4/9/2015 3:17:42] /b Alguma duvida antes de eu sair ?
[4/9/2015 3:19:50] /b Pronto 1 dia de vip pra geral
[4/9/2015 3:20:12] /b Agora fui
[4/9/2015 8:11:23] /newtype 101
[4/9/2015 8:11:39] /mkick
[4/9/2015 8:11:57] /goto melancolic bahiano
[4/9/2015 8:12:4] /kick melancolic bahiano
[4/9/2015 8:12:6] /t
[4/9/2015 8:13:25] /b Bom Dia :D
[4/9/2015 8:13:37] /b Bom Dia :D
[4/9/2015 8:19:6] /goto aqua sem gas
[4/9/2015 9:22:20] /item hiruzen helmet
[4/9/2015 9:22:23] /item hiruzen
[4/9/2015 9:56:27] /down
[4/9/2015 9:56:54] /item backpack
[4/9/2015 9:57:4] /item konoha backpack
[4/9/2015 9:57:15] /item gold bar
[4/9/2015 9:57:16] /item gold bar
[4/9/2015 9:57:16] /item gold bar
[4/9/2015 9:57:17] /item gold bar
[4/9/2015 9:57:19] /item phill
[4/9/2015 9:57:24] /item soldado philll
[4/9/2015 9:57:25] /item soldado philll
[4/9/2015 9:57:32] /item gold bar
[4/9/2015 9:57:32] /item gold bar
[4/9/2015 9:57:33] /item gold bar
[4/9/2015 9:57:45] /item madara armor
[4/9/2015 9:57:52] /item hashirama armor
[4/9/2015 9:58:0] /item obito tunic
[4/9/2015 9:58:8] /item rinnengan mask
[4/9/2015 9:58:26] /item rinengan mask
[4/9/2015 9:58:37] /item hashirama legs
[4/9/2015 9:58:44] /item obito legs
[4/9/2015 9:58:53] /item konoha backpack
[4/9/2015 9:59:2] /item nidaime armor
[4/9/2015 9:59:11] /item sasuke legrobe
[4/9/2015 9:59:21] /item vital boots
[4/9/2015 9:59:26] /item anbu glove
[4/9/2015 9:59:34] /item raikage glove
[4/9/2015 9:59:45] /item enchanted glove
[4/9/2015 9:59:54] /item madara glove
[4/9/2015 10:0:9] /item yondaime legs
[4/9/2015 10:0:36] /t
[4/9/2015 13:35:35] /reload spells
[4/9/2015 13:37:13] /reload spells
[4/9/2015 13:37:48] /reload spells
[4/9/2015 16:53:50] /ghost
[4/9/2015 16:53:55] /newtype 1-1
[4/9/2015 16:53:58] /newtype 101
[4/9/2015 16:55:6] /ghost
[4/9/2015 16:56:57] /b Oque tão achando do map ?
[4/9/2015 16:57:22] /goto kage konan
[4/9/2015 16:57:26] /ghost
[4/9/2015 16:59:20] /ghost
[4/9/2015 16:59:21] /t
[4/9/2015 17:0:52] /ghost
[4/9/2015 17:6:39] /goto space mode
[4/9/2015 17:6:49] /a
[4/9/2015 17:6:50] /a
[4/9/2015 17:6:51] /a
[4/9/2015 17:6:51] /a
[4/9/2015 17:6:52] /a
[4/9/2015 17:6:52] /a
[4/9/2015 17:7:55] /b Primeiro Player a Doar para o Servidor, Space Mode :D
[4/9/2015 17:8:28] /item hashirama
[4/9/2015 17:8:33] /item hashirama armor
[4/9/2015 17:8:44] /item obito mask
[4/9/2015 17:9:3] /item hashirama legs
[4/9/2015 17:9:11] /item madara boots
[4/9/2015 17:9:16] /item vital boots
[4/9/2015 17:9:33] /item bag
[4/9/2015 17:9:44] /item sealed sword
[4/9/2015 17:10:9] /item madara glove
[4/9/2015 17:11:17] /ghost
[4/9/2015 17:11:19] /goto babylon
[4/9/2015 17:11:21] /goto babylon
[4/9/2015 17:11:21] /goto babylon
[4/9/2015 17:11:22] /goto babylon
[4/9/2015 17:11:23] /goto babylon
[4/9/2015 17:11:23] /goto babylon
[4/9/2015 17:11:24] /goto babylon
[4/9/2015 17:11:24] /goto babylon
[4/9/2015 17:11:25] /goto babylon
[4/9/2015 17:11:25] /goto babylon
[4/9/2015 17:11:26] /t
[4/9/2015 18:20:26] /goto eternal gates
[4/9/2015 18:20:41] /item konoha backpack
[4/9/2015 18:20:47] /item madara boots
[4/9/2015 18:21:0] /item obito boots
[4/9/2015 18:21:10] /item madara boots
[4/9/2015 18:21:18] /item obito mask
[4/9/2015 18:21:26] /item stamina
[4/9/2015 18:21:32] /item stamina potion
[4/9/2015 18:21:44] /n staminer
[4/9/2015 18:21:51] /t
[4/9/2015 18:22:35] /up
[4/9/2015 18:23:4] /goto staminere
[4/9/2015 18:23:5] /goto staminer
[4/9/2015 18:23:7] /r
[4/9/2015 18:23:32] /item tobi mask
[4/9/2015 18:23:35] /item tobi mask
[4/9/2015 18:23:35] /item tobi mask
[4/9/2015 18:23:49] /item konoha backpack
[4/9/2015 18:23:52] /item konoha backpack
[4/9/2015 18:23:52] /item konoha backpack
[4/9/2015 18:23:56] /r
[4/9/2015 18:23:59] /r
[4/9/2015 18:24:3] /item pergaminho stamina
[4/9/2015 18:24:4] /item pergaminho stamina
[4/9/2015 18:24:4] /item pergaminho stamina
[4/9/2015 18:24:56] /t
[4/9/2015 18:25:22] /t
[4/9/2015 19:27:17] /b Double exp 00:00 encerra em
[4/9/2015 19:29:8] /reload spells
[4/9/2015 19:49:40] /t
[4/9/2015 19:49:59] /goto hozzz
[4/9/2015 19:50:1] /t
[4/9/2015 19:50:8] /goto allahur akbar
[4/9/2015 19:50:12] /t
[4/9/2015 19:50:18] /goto space mode
[4/9/2015 19:50:20] /t
[4/9/2015 19:52:15] /goto skarvuscza
[4/9/2015 19:52:17] /t
[4/9/2015 20:25:44] /up
[4/9/2015 20:25:45] /up
[4/9/2015 20:26:11] /t
[4/9/2015 20:57:33] /item konoha backpack
[4/9/2015 20:57:39] /item tobi mask
[4/9/2015 20:57:46] /item nidaime armor
[4/9/2015 20:57:51] /item sasuke legrobe
[4/9/2015 20:57:55] /item vital boots
[4/9/2015 20:58:2] /item hashirama armor
[4/9/2015 20:58:14] /item sasuke sword
[4/9/2015 20:58:24] /item eletric katana
[4/9/2015 20:58:40] /item kunai
[4/9/2015 21:6:18] /goto sealed power
[4/9/2015 21:6:24] /item konoha backpack
[4/9/2015 21:6:25] /item konoha backpack
[4/9/2015 21:6:32] /item gold bar
[4/9/2015 21:6:33] /item gold bar
[4/9/2015 21:6:34] /item gold bar
[4/9/2015 21:6:34] /item gold bar
[4/9/2015 21:6:35] /item gold bar
[4/9/2015 21:6:35] /item gold bar
[4/9/2015 21:6:36] /item gold bar
[4/9/2015 21:6:37] /item gold bar
[4/9/2015 21:6:43] /item soldado phill
[4/9/2015 21:6:44] /item soldado phill
[4/9/2015 21:6:44] /item soldado phill
[4/9/2015 21:6:44] /item soldado phill
[4/9/2015 21:6:45] /item soldado phill
[4/9/2015 21:7:35] /goto sealed power
[4/9/2015 21:10:12] /t
[4/9/2015 21:13:4] /goto sealed power
[4/9/2015 21:13:44] /t
[4/9/2015 21:20:21] /up
[4/9/2015 21:20:23] /up
[4/9/2015 21:32:34] /down
[4/9/2015 21:32:34] /down
[4/9/2015 21:32:44] /item sealed sword
[4/9/2015 21:32:46] /up
[4/9/2015 21:32:46] /up
[4/9/2015 22:7:19] /goto space mode
[4/9/2015 22:7:47] /t
[4/9/2015 22:15:1] /goto peace
[4/9/2015 22:15:29] /goto peace
[4/9/2015 22:15:30] /goto peace
[4/9/2015 22:15:31] /goto peace
[4/9/2015 22:15:33] /goto peace
[4/9/2015 22:15:34] /goto peace
[4/9/2015 22:15:36] /goto peace
[4/9/2015 22:15:37] /goto peace
[4/9/2015 22:16:6] /goto peace
[4/9/2015 22:16:7] /goto peace
[4/9/2015 22:16:11] /t
[4/9/2015 22:52:8] /goto space mode
[4/9/2015 22:52:12] /goto space mode
[4/9/2015 22:52:14] /goto space mode
[4/9/2015 22:52:15] /goto space mode
[4/9/2015 22:52:16] /goto space mode
[4/9/2015 22:52:17] /goto space mode
[4/9/2015 22:52:17] /goto space mode
[4/9/2015 22:52:18] /goto space mode
[4/9/2015 22:52:19] /goto space mode
[4/9/2015 22:52:19] /goto space mode
[4/9/2015 22:52:20] /goto space mode
[4/9/2015 22:52:20] /goto space mode
[4/9/2015 22:52:21] /goto space mode
[4/9/2015 22:52:21] /goto space mode
[4/9/2015 22:52:22] /goto space mode
[4/9/2015 22:52:22] /goto space mode
[4/9/2015 22:52:23] /goto space mode
[4/9/2015 22:52:23] /goto space mode
[4/9/2015 22:52:24] /goto space mode
[4/9/2015 22:52:24] /goto space mode
[4/9/2015 22:52:25] /goto space mode
[4/9/2015 22:52:25] /goto space mode
[4/9/2015 22:52:25] /goto space mode
[4/9/2015 22:52:26] /goto space mode
[4/9/2015 22:52:26] /goto space mode
[4/9/2015 22:52:27] /goto space mode
[4/9/2015 22:52:28] /goto space mode
[4/9/2015 22:52:28] /goto space mode
[4/9/2015 22:52:29] /goto space mode
[4/9/2015 22:52:29] /goto space mode
[4/9/2015 22:52:30] /goto space mode
[4/9/2015 22:52:30] /goto space mode
[4/9/2015 22:52:31] /goto space mode
[4/9/2015 22:52:31] /goto space mode
[4/9/2015 22:52:32] /goto space mode
[4/9/2015 22:52:33] /goto space mode
[4/9/2015 22:52:35] /goto space mode
[4/9/2015 22:52:36] /goto space mode
[4/9/2015 22:52:41] /t
[4/9/2015 23:16:54] /goto peace
[4/9/2015 23:16:56] /goto peace
[4/9/2015 23:16:57] /goto peace
[4/9/2015 23:16:58] /goto peace
[4/9/2015 23:17:0] /goto peace
[4/9/2015 23:17:1] /goto peace
[4/9/2015 23:17:2] /goto peace
[4/9/2015 23:17:3] /goto peace
[4/9/2015 23:17:4] /goto peace
[4/9/2015 23:17:6] /goto peace
[4/9/2015 23:17:7] /goto peace
[4/9/2015 23:17:9] /goto peace
[4/9/2015 23:17:12] /goto peace
[4/9/2015 23:17:13] /goto peace
[4/9/2015 23:17:15] /goto peace
[4/9/2015 23:17:17] /goto peace
[4/9/2015 23:17:19] /goto peace
[4/9/2015 23:17:22] /goto peace
[4/9/2015 23:17:24] /goto peace
[4/9/2015 23:17:27] /goto peace
[4/9/2015 23:18:24] /goto tobi
[4/9/2015 23:18:30] /goto tobi boss
[4/9/2015 23:19:2] /goto peace
[4/9/2015 23:19:3] /goto peace
[4/9/2015 23:19:4] /goto peace
[4/9/2015 23:19:31] /goto peace
[4/9/2015 23:19:33] /goto peace
[4/9/2015 23:19:34] /goto peace
[4/9/2015 23:19:35] /goto peace
[4/9/2015 23:19:35] /goto peace
[4/9/2015 23:19:36] /goto peace
[4/9/2015 23:19:37] /t
[4/9/2015 23:19:41] /goto kikage
[4/9/2015 23:19:44] /t
[4/9/2015 23:32:50] /goto kikage
[4/9/2015 23:32:56] /goto peace
[4/9/2015 23:33:11] /goto anbu zks
[4/9/2015 23:33:25] /goto kage konan
[4/9/2015 23:33:28] /goto kage konan
[4/9/2015 23:33:29] /goto kage konan
[4/9/2015 23:33:30] /goto kage konan
[4/9/2015 23:33:32] /goto kage konan
[4/9/2015 23:33:33] /goto kage konan
[4/9/2015 23:33:34] /goto kage konan
[4/9/2015 23:33:36] /goto kage konan
[4/9/2015 23:33:37] /t
[4/9/2015 23:34:0] /goto babylon
[4/9/2015 23:34:15] /t
[4/9/2015 23:34:24] /goto angel
[4/9/2015 23:34:29] /goto kage gaara
[4/9/2015 23:34:32] /goto kage gaara
[4/9/2015 23:34:33] /goto kage gaara
[4/9/2015 23:34:34] /goto kage gaara
[4/9/2015 23:34:35] /goto kage gaara
[4/9/2015 23:34:36] /goto kage gaara
[4/9/2015 23:34:38] /goto kage gaara
[4/9/2015 23:34:38] /goto kage gaara
[4/9/2015 23:34:41] /goto kage gaara
[4/9/2015 23:34:46] /goto kage kakashi
[4/9/2015 23:34:47] /goto kage kakashi
[4/9/2015 23:35:9] /goto kage kakashi
[4/9/2015 23:35:11] /goto kage kakashi
[4/9/2015 23:35:12] /goto kage kakashi
[4/9/2015 23:35:14] /goto kage kakashi
[4/9/2015 23:35:15] /goto kage kakashi
[4/9/2015 23:35:16] /goto kage kakashi
[4/9/2015 23:35:17] /goto kage kakashi
[4/9/2015 23:35:22] /goto kage kakashi
[4/9/2015 23:35:23] /goto kage kakashi
[4/9/2015 23:35:24] /goto kage kakashi
[4/9/2015 23:35:24] /goto kage kakashi
[4/9/2015 23:35:25] /goto kage kakashi
[4/9/2015 23:35:25] /goto kage kakashi
[4/9/2015 23:35:26] /goto kage kakashi
[4/9/2015 23:35:27] /goto kage kakashi
[4/9/2015 23:35:32] /goto kage konan
[4/9/2015 23:35:35] /goto kage konan
[4/9/2015 23:35:37] /goto kage konan
[4/9/2015 23:35:52] /goto kikage
[4/9/2015 23:42:19] /newtype 101
[4/9/2015 23:42:20] /ghost
[4/9/2015 23:45:47] /item bag
[4/9/2015 23:46:24] /item madara glove
[4/9/2015 23:46:26] /item madara gloves
[4/9/2015 23:46:32] /item obito mask
[4/9/2015 23:51:2] /ghost
[4/9/2015 23:51:59] /b Amanha tem Client Novo em galera :D quest nova tbm
[4/9/2015 23:54:5] /reload spells
[4/9/2015 23:58:49] /b Dúvidas? Help Channel
[5/9/2015 0:8:23] /clean
[5/9/2015 3:12:24] /goto sealed power
[5/9/2015 3:12:36] /item staminer
[5/9/2015 3:12:41] /n staminer
[5/9/2015 3:12:50] /r
[5/9/2015 3:12:51] /t
[5/9/2015 12:36:36] /b Bom dia
[5/9/2015 12:36:48] /b Qualquer Dúvida no Help 
[5/9/2015 12:45:39] /b Dúvidas no help
[5/9/2015 13:8:23] /reload stages
[5/9/2015 13:8:54] /goto teste server
[5/9/2015 13:9:9] /kick teste server
[5/9/2015 13:9:10] /t
[5/9/2015 13:9:20] /r
[5/9/2015 13:9:20] /r
[5/9/2015 13:9:21] /r
[5/9/2015 13:9:21] /r
[5/9/2015 13:9:21] /r
[5/9/2015 13:9:22] /r
[5/9/2015 13:9:22] /r
[5/9/2015 13:9:22] /r
[5/9/2015 13:9:22] /r
[5/9/2015 13:9:23] /r
[5/9/2015 13:9:23] /r
[5/9/2015 13:9:24] /r
[5/9/2015 13:9:24] /r
[5/9/2015 13:9:24] /r
[5/9/2015 13:9:25] /r
[5/9/2015 13:9:25] /r
[5/9/2015 13:9:25] /r
[5/9/2015 13:9:26] /r
[5/9/2015 13:9:26] /r
[5/9/2015 13:9:27] /r
[5/9/2015 13:9:27] /r
[5/9/2015 13:9:30] /r
[5/9/2015 13:9:30] /r
[5/9/2015 13:9:30] /r
[5/9/2015 13:9:32] /r
[5/9/2015 13:9:33] /r
[5/9/2015 13:9:34] /r
[5/9/2015 13:9:34] /r
[5/9/2015 13:20:14] /save
[5/9/2015 13:41:32] /reload spells
[5/9/2015 13:42:7] /goto babylon
[5/9/2015 13:42:14] /mc
[5/9/2015 13:42:57] /b Jutsus 350 de algumas voc free
[5/9/2015 13:52:35] /newtype 101
[5/9/2015 13:53:3] /ghost
[5/9/2015 13:53:10] /newtype 102
[5/9/2015 13:53:36] /ghost
[5/9/2015 13:53:37] /ghost
[5/9/2015 13:53:58] /a 6
[5/9/2015 13:54:37] /ghost
[5/9/2015 13:56:2] /goto peace
[5/9/2015 13:56:11] /goto peace
[5/9/2015 13:56:51] /goto peace
[5/9/2015 13:57:31] /mute peace, 30
[5/9/2015 13:57:33] /goto peace
[5/9/2015 13:57:59] /m perfect anbu
[5/9/2015 13:58:34] /ghost
[5/9/2015 13:58:36] /ghost
[5/9/2015 13:58:45] /t
[5/9/2015 13:58:50] /goto peace
[5/9/2015 14:14:33] /ghost
[5/9/2015 14:38:59] /ghost
[5/9/2015 14:39:33] /clean
[5/9/2015 14:53:9] /t
[5/9/2015 14:53:12] /item kisame
[5/9/2015 14:54:17] /ghost
[5/9/2015 14:54:23] /newtype 101
[5/9/2015 14:54:25] /newtype 102
[5/9/2015 14:55:41] /ghost
[5/9/2015 14:57:16] /ghost
[5/9/2015 14:57:45] /ghost
[5/9/2015 15:4:4] /b Já Tem Kisame no Sv :D
[5/9/2015 15:4:16] /b Já Tem Kisame no Sv :D
[5/9/2015 15:6:42] /reload vocations
[5/9/2015 15:9:14] /b Eventinho em Konoha
[5/9/2015 15:9:17] /mode 1
[5/9/2015 15:9:56] /b Evento Invasão
[5/9/2015 15:10:25] /newtype 102
[5/9/2015 15:10:32] /a
[5/9/2015 15:10:33] /a
[5/9/2015 15:10:35] /m obito
[5/9/2015 15:10:37] /a
[5/9/2015 15:10:37] /a
[5/9/2015 15:10:58] /b Já em Konoha
[5/9/2015 15:12:32] /a
[5/9/2015 15:12:33] /a
[5/9/2015 15:12:37] /m kyuubi
[5/9/2015 15:12:40] /a
[5/9/2015 15:12:41] /a
[5/9/2015 15:13:12] /c bob marley
[5/9/2015 15:13:17] /i bag
[5/9/2015 15:13:28] /i hashirama legs
[5/9/2015 15:13:32] /i hashirama armor
[5/9/2015 15:13:35] /i obito mask
[5/9/2015 15:13:53] /i vital boots
[5/9/2015 15:14:13] /i madara glove
[5/9/2015 15:15:15] /m hachibi
[5/9/2015 15:15:34] /a
[5/9/2015 15:15:34] /a
[5/9/2015 15:15:37] /c hachibi
[5/9/2015 15:15:38] /a
[5/9/2015 15:15:38] /a
[5/9/2015 15:16:47] /b Jája Newclient
[5/9/2015 15:16:49] /b Jája Newclient
[5/9/2015 15:16:50] /b Jája Newclient
[5/9/2015 15:16:50] /b Jája Newclient
[5/9/2015 15:16:51] /b Jája Newclient
[5/9/2015 15:16:51] /b Jája Newclient/b Jája Newclient/b Jája Newclient
[5/9/2015 15:17:6] /save
[5/9/2015 15:18:1] /mode 1
[5/9/2015 15:22:7] /a
[5/9/2015 15:22:7] /a
[5/9/2015 15:22:10] /m obito
[5/9/2015 15:22:11] /a
[5/9/2015 15:22:12] /a
[5/9/2015 15:23:0] /a
[5/9/2015 15:23:0] /a
[5/9/2015 15:23:5] /m kyuubi
[5/9/2015 15:23:7] /a
[5/9/2015 15:26:56] /b New Client, http://www.mediafire.com/download/hobky00ne87hsd6/NTO+Client.rar
[5/9/2015 15:27:0] /b New Client, http://www.mediafire.com/download/hobky00ne87hsd6/NTO+Client.rar
[5/9/2015 15:27:32] /b As transforms 600 estão nesse client
[5/9/2015 15:28:31] /b Evento Pvp Mais tarde
[5/9/2015 15:28:35] /mode 2
[5/9/2015 15:33:19] /t
[5/9/2015 15:36:13] /ghost
[5/9/2015 15:37:35] /b Galera a Vocação Vip foi retirada, quem tiver Dias premium vai poder usar as vocações melhors
[5/9/2015 15:38:8] /save
[5/9/2015 15:38:39] /save
[5/9/2015 15:38:48] /b galera vou reiniciar o server aqui
[5/9/2015 15:38:52] /b Rapidex
[5/9/2015 15:39:17] /b Pra evitar perca de itens use o comando !save
[5/9/2015 15:39:25] /save
[5/9/2015 15:39:37] /save
[5/9/2015 15:41:50] /ghost
[5/9/2015 15:41:58] /goto bob marley
[5/9/2015 15:42:44] /ghost
[5/9/2015 15:42:49] /i kisame
[5/9/2015 15:43:54] /t
[5/9/2015 15:44:44] /newtype 102
[5/9/2015 15:45:10] /b Lembrando que as vocações Novas só podem ser usadas por quem tem dias premium
[5/9/2015 15:47:21] /b galera da pra upar as vocs vip
[5/9/2015 15:47:29] /b mas não tem os jutsus de atack melhores
[5/9/2015 15:47:52] /b assim da pra todo mundo ver as vantagens que vip tem
[5/9/2015 15:50:22] /ghost
[5/9/2015 15:51:20] /b GALERA MADARA, ANBU, ITACHI, BEE, NAGATO, KISAME, HASHIRAMA SÃO VIP 
[5/9/2015 15:54:42] /reload spells
[5/9/2015 15:54:43] /ghost
[5/9/2015 15:54:45] /ghost
[5/9/2015 15:55:11] /b Se alguem criar madara só vai poder usar os jutsus inferiores 
[5/9/2015 15:56:18] /b Bee, Itachi, Nagato, Hashirama, Madara, Kisame, Anbu são premium
[5/9/2015 15:57:36] /b pra quem ta com o client meio bugado, baixe o novo
[5/9/2015 15:57:38] /b http://www.mediafire.com/download/hobky00ne87hsd6/NTO_Client.rar
[5/9/2015 16:4:35] /save
[5/9/2015 16:7:44] /i tsunade coat
[5/9/2015 16:18:23] /i hashirama legs
[5/9/2015 16:20:5] /i backpack
[5/9/2015 16:20:13] /i hashirama armor
[5/9/2015 16:20:20] /i hashirama legs
[5/9/2015 16:20:51] /i madara boots
[5/9/2015 16:21:8] /i vital boots
[5/9/2015 16:21:25] /i obito mask
[5/9/2015 16:21:28] /i bashousen
[5/9/2015 16:21:41] /i gold bar
[5/9/2015 16:21:42] /i gold bar
[5/9/2015 16:21:42] /i gold bar
[5/9/2015 16:21:42] /i gold bar
[5/9/2015 16:21:43] /i gold bar
[5/9/2015 16:21:43] /i gold bar
[5/9/2015 16:21:43] /i gold bar
[5/9/2015 16:21:43] /i gold bar
[5/9/2015 16:21:47] /i gold bar
[5/9/2015 16:21:47] /i gold bar
[5/9/2015 16:21:48] /i gold bar
[5/9/2015 16:21:48] /i gold bar
[5/9/2015 16:21:48] /i gold bar
[5/9/2015 16:21:49] /i gold bar
[5/9/2015 16:21:50] /i gold bar
[5/9/2015 16:21:51] /i gold bar
[5/9/2015 16:24:1] /i bag
[5/9/2015 16:24:13] /i killer bee
[5/9/2015 16:25:22] /a
[5/9/2015 16:25:24] /a
[5/9/2015 16:25:27] /a
[5/9/2015 16:25:32] /r
[5/9/2015 16:25:54] /t
[5/9/2015 16:26:30] /goto sua mae
[5/9/2015 16:26:34] /attr vocation 12
[5/9/2015 16:26:44] /save
[5/9/2015 16:27:45] /t
[5/9/2015 16:27:47] /up
[5/9/2015 16:27:50] /t
[5/9/2015 16:31:34] /goto peace
[5/9/2015 16:32:46] /reload spells
[5/9/2015 16:34:1] /goto skarvuscza
[5/9/2015 16:34:4] /a
[5/9/2015 16:34:4] /a
[5/9/2015 16:34:5] /a
[5/9/2015 16:34:5] /a
[5/9/2015 16:34:5] /a
[5/9/2015 16:36:6] /reload monster
[5/9/2015 16:36:10] /m konoha elite jounnin
[5/9/2015 16:42:28] /reload spells
[5/9/2015 16:45:58] /reload spells
[5/9/2015 16:46:6] /goto killer lolz
[5/9/2015 16:46:9] /goto killer lolz
[5/9/2015 16:46:11] /r
[5/9/2015 16:46:15] /ghost
[5/9/2015 16:46:32] /goto killer lolz
[5/9/2015 16:46:59] /ghost
[5/9/2015 16:47:0] /t
[5/9/2015 16:53:58] /goto spark
[5/9/2015 16:54:2] /goto spark
[5/9/2015 16:55:24] /t
[5/9/2015 17:4:7] /mc
[5/9/2015 17:11:26] /b Vou reiniciar aqui pra add uma nova task e uma nova quest ok 
[5/9/2015 17:11:28] /save
[5/9/2015 17:11:37] /save
[5/9/2015 17:20:55] /b Desculpem tava atualizando konoha e adicionando quest e task
[5/9/2015 17:21:20] /b Não está dando rollback pois salvei o server e avisei voces antes galera
[5/9/2015 17:22:7] /ghost
[5/9/2015 17:22:13] /newtype 1-2
[5/9/2015 17:22:17] /newtype 101
[5/9/2015 17:24:8] /newtype 90
[5/9/2015 17:24:10] /newtype 91
[5/9/2015 17:24:18] /newtype 90
[5/9/2015 17:24:52] /newtype 379
[5/9/2015 17:24:56] /newtype 380
[5/9/2015 17:25:12] /newtype 279
[5/9/2015 17:25:16] /newtype 280
[5/9/2015 17:25:18] /newtype 281
[5/9/2015 17:25:19] /newtype 282
[5/9/2015 17:25:21] /newtype 283
[5/9/2015 17:26:13] /newtype 247
[5/9/2015 17:26:26] /newtype 257
[5/9/2015 17:26:57] /goto tsunade lendary sannin
[5/9/2015 17:27:7] /goto konoha elite jounnin
[5/9/2015 17:27:12] /a 2
[5/9/2015 17:27:15] /a 6
[5/9/2015 17:28:20] /reload monster
[5/9/2015 17:28:31] /m tsunade lendary sannin
[5/9/2015 17:29:2] /a
[5/9/2015 17:29:41] /save
[5/9/2015 17:31:17] /t
[5/9/2015 17:31:23] /goto tsunade lendary sannin
[5/9/2015 17:31:26] /t
[5/9/2015 17:33:1] /save
[5/9/2015 17:36:39] /ghost
[5/9/2015 17:36:41] /ghost
[5/9/2015 17:39:55] /t
[5/9/2015 17:39:57] /up
[5/9/2015 17:40:2] /up
[5/9/2015 17:40:10] /m manda
[5/9/2015 17:40:14] /t
[5/9/2015 17:40:23] /ghost
[5/9/2015 17:40:59] /reload npc
[5/9/2015 17:41:5] /r
[5/9/2015 17:41:10] /n hashirama blesse
[5/9/2015 17:41:12] /n hashirama blesser
[5/9/2015 17:41:20] /goto tenten
[5/9/2015 17:41:23] /goto tsunade
[5/9/2015 17:41:25] /t
[5/9/2015 17:44:10] /ghost
[5/9/2015 17:44:12] /ghost
[5/9/2015 17:44:27] /goto peace
[5/9/2015 17:44:40] /mc
[5/9/2015 17:53:45] /goto yellow flash
[5/9/2015 17:53:56] /goto anbu zks
[5/9/2015 17:54:3] /goto babylon
[5/9/2015 17:54:21] /goto koala
[5/9/2015 17:54:22] /t
[5/9/2015 17:54:47] /goto spark
[5/9/2015 17:54:52] /goto spark
[5/9/2015 17:54:53] /goto spark
[5/9/2015 17:54:54] /goto spark
[5/9/2015 17:56:38] /t
[5/9/2015 17:56:49] /goto spark
[5/9/2015 17:56:52] /t
[5/9/2015 18:8:26] /goto tsunade lendary sannin
[5/9/2015 18:8:30] /r
[5/9/2015 18:8:57] /ghost
[5/9/2015 18:8:58] /ghost
[5/9/2015 18:9:0] /t
[5/9/2015 18:9:22] /b Dúvidas no Help
[5/9/2015 18:11:41] /ghost
[5/9/2015 18:11:44] /newtype 102
[5/9/2015 18:13:3] /goto guida
[5/9/2015 18:15:9] /i akatsuki coat
[5/9/2015 18:34:30] /ghost
[5/9/2015 18:51:14] /ghost
[5/9/2015 18:52:24] /b Vou reiniciar o servidor rapidinho aqui ;d
[5/9/2015 18:52:42] /save
[5/9/2015 19:6:49] /reload globalevents
[5/9/2015 19:6:57] /b galera eventinho agora anoite
[5/9/2015 19:8:11] /b Evento Pvp daqui 10 minutos na arena de sunagakure
[5/9/2015 19:8:14] /t 2
[5/9/2015 19:8:15] /t 1
[5/9/2015 19:8:18] /t sunagakure
[5/9/2015 19:14:2] /t
[5/9/2015 19:16:42] /goto black rock lee
[5/9/2015 19:16:46] /a
[5/9/2015 19:18:48] /t
[5/9/2015 19:33:4] /goto tobi boss
[5/9/2015 19:36:37] /t
[5/9/2015 19:48:21] /goto sealed power
[5/9/2015 19:48:32] /i obito legs
[5/9/2015 19:48:38] /t
[5/9/2015 19:48:46] /goto sealed power
[5/9/2015 19:48:53] /t
[5/9/2015 19:52:39] /a 4
[5/9/2015 19:52:41] /a 2
[5/9/2015 19:52:53] /ghost
[5/9/2015 19:53:8] /goto bob marley
[5/9/2015 19:53:12] /goto bob marley
[5/9/2015 19:53:12] /goto bob marley
[5/9/2015 19:53:19] /t
[5/9/2015 19:55:29] /up
[5/9/2015 19:55:31] /up
[5/9/2015 19:55:31] /up
[5/9/2015 19:55:38] /i gold bar
[5/9/2015 19:55:43] /r 100
[5/9/2015 19:55:49] /i sealed sword
[5/9/2015 19:56:2] /i gunbai
[5/9/2015 19:56:5] /t
[5/9/2015 19:56:30] /ghost
[5/9/2015 19:56:39] /newtype 26
[5/9/2015 19:56:41] /newtype 23
[5/9/2015 19:56:42] /newtype 21
[5/9/2015 19:56:45] /newtype 28
[5/9/2015 19:56:46] /newtype 29
[5/9/2015 19:56:49] /newtype 30
[5/9/2015 19:56:51] /newtype 31
[5/9/2015 19:56:56] /r
[5/9/2015 19:57:6] /newtype 34
[5/9/2015 19:57:8] /newtype 38
[5/9/2015 19:57:15] /r
[5/9/2015 19:57:49] /newtype 39
[5/9/2015 19:57:53] /newtype 48
[5/9/2015 19:57:58] /newtype 50
[5/9/2015 19:58:1] /newtype 51
[5/9/2015 19:59:53] /goto kerlmex
[5/9/2015 19:59:54] /t
[5/9/2015 20:0:2] /ghost
[5/9/2015 20:0:19] /goto gui runsha facil
[5/9/2015 20:0:22] /t
[5/9/2015 20:0:37] /goto black freeza
[5/9/2015 20:0:51] /goto kage kakashi
[5/9/2015 20:0:52] /t
[5/9/2015 20:11:11] /goto kage sasuke
[5/9/2015 20:11:13] /t
[5/9/2015 20:11:46] /c account manager
[5/9/2015 20:11:50] /c account manager
[5/9/2015 20:11:53] /c account manager
[5/9/2015 20:11:55] /c account manager
[5/9/2015 20:18:35] /goto kerlmex
[5/9/2015 20:18:45] /goto gui runsha facil
[5/9/2015 20:18:47] /t
[5/9/2015 20:18:51] /goto kage gaara
[5/9/2015 20:18:55] /goto kage gaara
[5/9/2015 20:18:58] /goto kage gaara
[5/9/2015 20:18:59] /t
[5/9/2015 20:19:9] /goto narutao
[5/9/2015 20:19:12] /goto seu pai
[5/9/2015 20:19:16] /goto sua mae
[5/9/2015 20:19:18] /goto sua mae
[5/9/2015 20:19:19] /goto sua mae
[5/9/2015 20:19:20] /goto sua mae
[5/9/2015 20:19:21] /goto sua mae
[5/9/2015 20:19:21] /goto sua mae
[5/9/2015 20:19:22] /goto sua mae
[5/9/2015 20:19:23] /goto sua mae
[5/9/2015 20:19:23] /goto sua mae
[5/9/2015 20:19:24] /goto sua mae
[5/9/2015 20:19:24] /goto sua mae
[5/9/2015 20:19:25] /goto sua mae
[5/9/2015 20:19:25] /goto sua mae
[5/9/2015 20:19:25] /goto sua mae
[5/9/2015 20:19:26] /goto sua mae
[5/9/2015 20:19:26] /goto sua mae
[5/9/2015 20:19:27] /goto sua mae
[5/9/2015 20:19:27] /goto sua mae
[5/9/2015 20:19:28] /goto sua mae
[5/9/2015 20:19:28] /goto sua mae
[5/9/2015 20:19:29] /goto sua mae
[5/9/2015 20:19:29] /goto sua mae
[5/9/2015 20:19:29] /goto sua mae
[5/9/2015 20:19:30] /goto sua mae
[5/9/2015 20:19:30] /goto sua mae
[5/9/2015 20:19:31] /goto sua mae
[5/9/2015 20:19:33] /goto sua mae
[5/9/2015 20:19:34] /goto sua mae
[5/9/2015 20:19:34] /goto sua mae
[5/9/2015 20:19:35] /goto sua mae
[5/9/2015 20:19:35] /goto sua mae
[5/9/2015 20:19:36] /goto sua mae
[5/9/2015 20:19:36] /goto sua mae
[5/9/2015 20:19:37] /goto sua mae
[5/9/2015 20:19:37] /goto sua mae
[5/9/2015 20:19:38] /goto sua mae
[5/9/2015 20:19:38] /goto sua mae
[5/9/2015 20:19:39] /goto sua mae
[5/9/2015 20:19:39] /goto sua mae
[5/9/2015 20:19:44] /goto sua mae
[5/9/2015 20:19:45] /goto sua mae
[5/9/2015 20:19:45] /goto sua mae
[5/9/2015 20:19:46] /goto sua mae
[5/9/2015 20:19:47] /goto sua mae
[5/9/2015 20:19:47] /goto sua mae
[5/9/2015 20:19:48] /goto sua mae
[5/9/2015 20:19:49] /goto sua mae
[5/9/2015 20:19:49] /goto sua mae
[5/9/2015 20:19:50] /goto sua mae
[5/9/2015 20:19:51] /goto sua mae
[5/9/2015 20:19:51] /goto sua mae
[5/9/2015 20:19:52] /goto sua mae
[5/9/2015 20:19:53] /goto sua mae
[5/9/2015 20:19:53] /goto sua mae
[5/9/2015 20:19:54] /goto sua mae
[5/9/2015 20:19:55] /goto sua mae
[5/9/2015 20:19:55] /goto sua mae
[5/9/2015 20:19:56] /goto sua mae
[5/9/2015 20:19:57] /goto sua mae
[5/9/2015 20:19:57] /goto sua mae
[5/9/2015 20:19:58] /goto sua mae
[5/9/2015 20:19:58] /goto sua mae
[5/9/2015 20:19:59] /goto sua mae
[5/9/2015 20:20:0] /goto sua mae
[5/9/2015 20:20:0] /goto sua mae
[5/9/2015 20:20:1] /goto sua mae
[5/9/2015 20:20:2] /goto sua mae
[5/9/2015 20:20:3] /goto sua mae
[5/9/2015 20:20:3] /goto sua mae
[5/9/2015 20:20:7] /goto sua mae
[5/9/2015 20:21:46] /goto skarvuscza
[5/9/2015 20:22:42] /t
[5/9/2015 20:23:31] /goto kerlmex
[5/9/2015 20:23:37] /i gold bar
[5/9/2015 20:23:45] /t
[5/9/2015 20:25:5] /goto kerlmex
[5/9/2015 20:25:6] /goto kerlmex
[5/9/2015 20:25:7] /goto kerlmex
[5/9/2015 20:25:8] /goto kerlmex
[5/9/2015 20:25:8] /t
[5/9/2015 20:25:27] /t eternal gates
[5/9/2015 20:25:32] /r
[5/9/2015 21:19:31] /goto seu pai
[5/9/2015 21:19:35] /goto sua mae
[5/9/2015 21:19:39] /goto sua mae
[5/9/2015 21:19:40] /goto sua mae
[5/9/2015 21:19:41] /goto sua mae
[5/9/2015 21:19:42] /up
[5/9/2015 21:19:46] /t
[5/9/2015 21:20:8] /goto eternal gates
[5/9/2015 21:20:11] /t eternal gates
[5/9/2015 21:23:11] /t sealed power
[5/9/2015 21:31:24] /kick eternal gates
[5/9/2015 21:31:31] /t eternal gates
[5/9/2015 21:31:34] /t
[5/9/2015 22:7:7] /goto kage sasuke
[5/9/2015 22:7:16] /goto gui runsha facil
[5/9/2015 22:7:36] /a 20
[5/9/2015 22:8:0] /goto perfect anbu
[5/9/2015 22:8:8] /goto gui runsha facil
[5/9/2015 22:8:12] /a 40
[5/9/2015 22:8:15] /a 4
[5/9/2015 22:8:16] /a 4
[5/9/2015 22:8:17] /a 4
[5/9/2015 22:8:28] /c sealed power
[5/9/2015 22:9:10] /goto perfect anbu
[5/9/2015 22:9:26] /r
[5/9/2015 22:9:27] /r
[5/9/2015 22:9:29] /goto perfect anbu
[5/9/2015 22:9:32] /r
[5/9/2015 22:9:36] /r
[5/9/2015 22:9:37] /goto perfect anbu
[5/9/2015 22:9:39] /r
[5/9/2015 22:9:40] /goto perfect anbu
[5/9/2015 22:9:44] /t
[5/9/2015 22:9:50] /goto kikai
[5/9/2015 22:9:58] /a 30
[5/9/2015 22:10:0] /a 50
[5/9/2015 22:10:4] /a 10
[5/9/2015 22:10:5] /a 10
[5/9/2015 22:10:5] /a 10
[5/9/2015 22:10:6] /a 10
[5/9/2015 22:10:8] /a 10
[5/9/2015 22:10:8] /a 10
[5/9/2015 22:10:9] /a 10
[5/9/2015 22:10:10] /a 10
[5/9/2015 22:10:10] /a 10
[5/9/2015 22:10:11] /a 10
[5/9/2015 22:10:12] /a 10
[5/9/2015 22:10:12] /a 10
[5/9/2015 22:10:13] /a 10
[5/9/2015 22:10:14] /a 10
[5/9/2015 22:10:14] /a 10
[5/9/2015 22:10:15] /a 10
[5/9/2015 22:10:17] /a 60
[5/9/2015 22:10:18] /a 60
[5/9/2015 22:10:20] /a 70
[5/9/2015 22:10:22] /a 100
[5/9/2015 22:10:25] /a 140
[5/9/2015 22:10:27] /a 40
[5/9/2015 22:10:29] /a 60
[5/9/2015 22:10:32] /a 6
[5/9/2015 22:10:32] /a 6
[5/9/2015 22:10:33] /a 6
[5/9/2015 22:10:33] /a 6
[5/9/2015 22:10:33] /a 6
[5/9/2015 22:10:34] /a 6
[5/9/2015 22:10:34] /a 6
[5/9/2015 22:10:34] /a 6
[5/9/2015 22:10:37] /a 10
[5/9/2015 22:10:39] /a 7
[5/9/2015 22:10:41] /a 8
[5/9/2015 22:10:45] /a  5
[5/9/2015 22:10:46] /a  5
[5/9/2015 22:10:46] /a  5
[5/9/2015 22:10:48] /a 10
[5/9/2015 22:10:50] /a 20
[5/9/2015 22:10:53] /a 30
[5/9/2015 22:10:55] /a 30
[5/9/2015 22:10:58] /a 10
[5/9/2015 22:10:59] /a 10
[5/9/2015 22:10:59] /a 10
[5/9/2015 22:11:0] /a 10
[5/9/2015 22:11:2] /a 10
[5/9/2015 22:11:3] /down
[5/9/2015 22:15:39] /kick sealed power
[5/9/2015 22:15:47] /c sealed power
[5/9/2015 22:15:49] /t
[5/9/2015 22:16:29] /up
[5/9/2015 22:16:30] /up
[5/9/2015 22:16:31] /up
[5/9/2015 22:16:33] /i samehada sword
[5/9/2015 22:16:42] /i samehada
[5/9/2015 22:16:48] /r
[5/9/2015 22:16:58] /i konohabackpack
[5/9/2015 22:17:5] /i konoha backack
[5/9/2015 22:17:11] /i konoha backpack
[5/9/2015 22:17:14] /i samehada
[5/9/2015 22:17:25] /goto sealed power
[5/9/2015 22:17:33] /t
[5/9/2015 22:19:7] /goto kage na ru to
[5/9/2015 22:19:23] /goto kage gaara
[5/9/2015 22:19:25] /t
[5/9/2015 22:20:23] /t eternal gates
[5/9/2015 22:23:37] /goto sua mae
[5/9/2015 22:23:42] /t
[5/9/2015 22:40:20] /goto perfect anbu
[5/9/2015 22:40:24] /down
[5/9/2015 22:40:33] /c sealed power
[5/9/2015 22:40:42] /t
[5/9/2015 22:45:30] /goto kage gaara
[5/9/2015 22:45:32] /goto kage gaara
[5/9/2015 22:45:34] /goto kage gaara
[5/9/2015 22:45:35] /goto kage gaara
[5/9/2015 22:45:36] /goto kage gaara
[5/9/2015 22:45:37] /goto kage gaara
[5/9/2015 22:45:38] /goto kage gaara
[5/9/2015 22:45:39] /goto kage gaara
[5/9/2015 22:45:40] /goto kage gaara
[5/9/2015 22:45:42] /t
[5/9/2015 22:52:51] /a 2
[5/9/2015 22:52:55] /a 20
[5/9/2015 22:53:16] /owner eternal gates
[5/9/2015 22:53:24] /i gold bar
[5/9/2015 22:53:25] /i gold bar
[5/9/2015 22:53:35] /clean
[5/9/2015 22:53:39] /i gold bar
[5/9/2015 22:53:40] /i gold bar
[5/9/2015 22:53:41] /i gold bar
[5/9/2015 22:53:42] /i gold bar
[5/9/2015 22:53:43] /i gold bar
[5/9/2015 22:53:44] /i gold bar
[5/9/2015 22:53:44] /i gold bar
[5/9/2015 22:54:2] /i gold bar
[5/9/2015 22:54:22] /t
[5/9/2015 23:28:32] /goto kage gaara
[5/9/2015 23:28:48] /goto seu ai
[5/9/2015 23:28:50] /goto seu pai
[5/9/2015 23:28:54] /goto sua mae
[5/9/2015 23:29:5] /goto kage konan
[5/9/2015 23:29:7] /t
[5/9/2015 23:29:12] /goto bob marley
[5/9/2015 23:29:14] /t
[5/9/2015 23:29:58] /ghost
[5/9/2015 23:30:12] /newtype 712
[5/9/2015 23:30:19] /newtype 16
[5/9/2015 23:30:21] /newtype 17
[5/9/2015 23:30:23] /newtype 27
[5/9/2015 23:30:25] /newtype 63
[5/9/2015 23:30:27] /newtype 61
[5/9/2015 23:30:30] /newtype 63
[5/9/2015 23:30:47] /kick eternal gates
[5/9/2015 23:31:1] /newtype 87
[5/9/2015 23:31:3] /newtype 89
[5/9/2015 23:31:7] /newtype 80
[5/9/2015 23:31:10] /newtype 91
[5/9/2015 23:31:12] /newtype 100
[5/9/2015 23:31:15] /newtype 156
[5/9/2015 23:31:18] /newtype 18
[5/9/2015 23:31:20] /newtype 87
[5/9/2015 23:31:22] /newtype 76
[5/9/2015 23:31:29] /a 2
[5/9/2015 23:31:29] /a 2
[5/9/2015 23:31:30] /a 2
[5/9/2015 23:31:31] /a 2
[5/9/2015 23:31:31] /a 2
[5/9/2015 23:31:31] /a 2
[5/9/2015 23:31:31] /a 2
[5/9/2015 23:31:32] /a 2
[5/9/2015 23:31:32] /a 2
[5/9/2015 23:31:32] /a 2
[5/9/2015 23:31:32] /a 2
[5/9/2015 23:31:33] /a 2
[5/9/2015 23:31:33] /a 2
[5/9/2015 23:31:35] /a 2
[5/9/2015 23:31:35] /a 2
[5/9/2015 23:31:35] /a 2
[5/9/2015 23:31:37] /a 2
[5/9/2015 23:31:38] /a 2
[5/9/2015 23:31:38] /a 2
[5/9/2015 23:31:39] /a 2
[5/9/2015 23:31:40] /a 2
[5/9/2015 23:32:1] /newtype 165
[5/9/2015 23:32:4] /newtype 124
[5/9/2015 23:32:12] /a 6
[5/9/2015 23:32:13] /a 6
[5/9/2015 23:32:14] /a 6
[5/9/2015 23:32:14] /a 6
[5/9/2015 23:32:14] /a 6
[5/9/2015 23:32:16] /a 6
[5/9/2015 23:32:16] /a 6
[5/9/2015 23:32:18] /a 6
[5/9/2015 23:32:18] /a 6
[5/9/2015 23:32:19] /a 6
[5/9/2015 23:32:19] /a 6
[5/9/2015 23:32:22] /ghost
[5/9/2015 23:32:25] /goto kage gaara
[5/9/2015 23:32:49] /goto kage gaara
[5/9/2015 23:32:49] /goto kage gaara
[5/9/2015 23:32:50] /goto kage gaara
[5/9/2015 23:32:51] /goto kage gaara
[5/9/2015 23:32:52] /goto kage gaara
[5/9/2015 23:32:53] /goto kage gaara
[5/9/2015 23:32:54] /goto kage gaara
[5/9/2015 23:32:55] /goto kage gaara
[5/9/2015 23:32:58] /goto kage gaara
[5/9/2015 23:32:59] /goto kage gaara
[5/9/2015 23:33:0] /goto kage gaara
[5/9/2015 23:33:1] /goto kage gaara
[5/9/2015 23:33:3] /goto kage gaara
[5/9/2015 23:33:4] /goto kage gaara
[5/9/2015 23:33:5] /goto kage gaara
[5/9/2015 23:33:6] /goto kage gaara
[5/9/2015 23:33:8] /goto kage gaara
[5/9/2015 23:33:38] /ghost
[5/9/2015 23:33:43] /a 3
[5/9/2015 23:33:44] /a 3
[5/9/2015 23:33:44] /a 3
[5/9/2015 23:33:45] /a 3
[5/9/2015 23:33:47] /a 3
[5/9/2015 23:33:48] /a 3
[5/9/2015 23:33:48] /a 3
[5/9/2015 23:33:51] /a 3
[5/9/2015 23:33:51] /a 3
[5/9/2015 23:35:54] /ghost
[5/9/2015 23:36:5] /goto kage gaara
[5/9/2015 23:36:6] /goto kage gaara
[5/9/2015 23:36:6] /goto kage gaara
[5/9/2015 23:36:7] /goto kage gaara
[5/9/2015 23:36:8] /goto kage gaara
[5/9/2015 23:36:9] /goto kage gaara
[5/9/2015 23:36:10] /goto kage gaara
[5/9/2015 23:36:11] /goto kage gaara
[5/9/2015 23:36:12] /goto kage gaara
[5/9/2015 23:36:13] /goto kage gaara
[5/9/2015 23:36:14] /goto kage gaara
[5/9/2015 23:36:14] /goto kage gaara
[5/9/2015 23:36:25] /goto kage gaara
[5/9/2015 23:36:26] /goto kage gaara
[5/9/2015 23:36:27] /goto kage gaara
[5/9/2015 23:36:29] /t
[5/9/2015 23:38:27] /goto kage gaara
[5/9/2015 23:39:20] /t
[6/9/2015 1:20:35] /goto bob marley
[6/9/2015 1:20:37] /goto bob marley
[6/9/2015 1:20:37] /goto bob marley
[6/9/2015 1:20:38] /goto bob marley
[6/9/2015 1:20:39] /goto bob marley
[6/9/2015 1:20:40] /goto bob marley
[6/9/2015 1:20:40] /goto bob marley
[6/9/2015 1:20:41] /t
[6/9/2015 1:20:45] /goto sua mae
[6/9/2015 1:20:49] /goto seu pai
[6/9/2015 1:20:56] /goto fast
[6/9/2015 1:21:4] /goto kamikaze
[6/9/2015 1:21:7] /t
[6/9/2015 1:35:6] /goto babylon
[6/9/2015 1:35:10] /t
[6/9/2015 1:48:10] /goto babylon
[6/9/2015 1:48:19] /goto babylon
[6/9/2015 1:48:51] /down
[6/9/2015 1:48:52] /down
[6/9/2015 1:49:0] /goto babylon
[6/9/2015 1:49:7] /goto babylon
[6/9/2015 1:49:43] /t
[6/9/2015 1:59:23] /goto kage gaara
[6/9/2015 1:59:25] /t
[6/9/2015 2:4:21] /goto sealed power
[6/9/2015 2:4:32] /c scarvuscza
[6/9/2015 2:4:41] /c scarvuscza
[6/9/2015 2:4:55] /a 2
[6/9/2015 2:5:3] /c skarvuscza
[6/9/2015 2:5:5] /t
[6/9/2015 3:13:52] /goto eternal gates
[6/9/2015 3:13:56] /c sealed power
[6/9/2015 3:14:5] /t eternal gates
[6/9/2015 3:14:7] /t
[6/9/2015 3:38:44] /goto pauzudo
[6/9/2015 3:38:54] /goto kage na ru to
[6/9/2015 3:38:59] /goto kage gaara
[6/9/2015 3:39:4] /goto foxes
[6/9/2015 3:39:12] /goto sua mae
[6/9/2015 3:39:16] /goto bob marley
[6/9/2015 3:39:19] /goto fast
[6/9/2015 3:39:24] /a 40
[6/9/2015 3:39:26] /a 40
[6/9/2015 3:39:29] /a 10
[6/9/2015 3:39:36] /c eternal gates
[6/9/2015 3:46:12] /goto foxes
[6/9/2015 3:46:29] /c eternal gates
[6/9/2015 3:47:1] /a 10
[6/9/2015 3:47:2] /a 10
[6/9/2015 3:47:2] /a 10
[6/9/2015 3:47:3] /a 10
[6/9/2015 3:47:3] /a 10
[6/9/2015 3:47:5] /a 10
[6/9/2015 3:47:6] /a 10
[6/9/2015 3:47:6] /a 10
[6/9/2015 3:47:7] /a 10
[6/9/2015 3:47:9] /a 1
[6/9/2015 3:47:9] /a 1
[6/9/2015 3:47:14] /c eternal gates
[6/9/2015 3:47:23] /t
[6/9/2015 3:49:19] /goto anbu zks
[6/9/2015 3:49:32] /goto kage sasuke
[6/9/2015 3:49:40] /goto babylon
[6/9/2015 3:49:46] /goto killer lolz
[6/9/2015 3:49:53] /t
[6/9/2015 3:50:47] /goto rock lee op
[6/9/2015 3:50:50] /t
[6/9/2015 3:51:14] /goto sealed power
[6/9/2015 3:51:17] /down
[6/9/2015 3:51:17] /down
[6/9/2015 3:51:22] /a 5
[6/9/2015 3:51:35] /c eternal gates
[6/9/2015 3:51:50] /t
[6/9/2015 3:54:39] /goto sealed power
[6/9/2015 3:54:42] /down
[6/9/2015 3:54:42] /down
[6/9/2015 3:54:43] /down
[6/9/2015 3:54:43] /down
[6/9/2015 3:54:44] /down
[6/9/2015 3:54:45] /down
[6/9/2015 3:54:48] /a 6
[6/9/2015 3:54:49] /a 6
[6/9/2015 3:54:53] /c eternal gates
[6/9/2015 3:54:54] /t
[6/9/2015 4:0:0] /goto sealed power
[6/9/2015 4:0:27] /i konoha backpack
[6/9/2015 4:0:29] /i pergaminho stamina
[6/9/2015 4:0:29] /i pergaminho stamina
[6/9/2015 4:0:30] /i pergaminho stamina
[6/9/2015 4:0:30] /i pergaminho stamina
[6/9/2015 4:0:31] /i pergaminho stamina
[6/9/2015 4:0:36] /i soldado phill
[6/9/2015 4:0:36] /i soldado phill
[6/9/2015 4:0:37] /i soldado phill
[6/9/2015 4:0:37] /i soldado phill
[6/9/2015 4:0:41] /i gold bat
[6/9/2015 4:0:43] /i gold bar
[6/9/2015 4:0:43] /i gold bar
[6/9/2015 4:0:44] /i gold bar
[6/9/2015 4:0:44] /i gold bar
[6/9/2015 4:0:58] /t
[6/9/2015 4:4:9] /goto kage na ru to
[6/9/2015 4:4:14] /goto babylon
[6/9/2015 4:4:21] /goto kage sasuke
[6/9/2015 4:4:26] /goto fuck you
[6/9/2015 4:4:32] /goto bob marley
[6/9/2015 4:4:40] /goto yellow flash
[6/9/2015 4:4:51] /goto lider guard
[6/9/2015 4:4:57] /goto eternal gate
[6/9/2015 4:4:59] /goto eternal gates
[6/9/2015 4:5:5] /n staminer
[6/9/2015 4:5:20] /goto yellow flash
[6/9/2015 4:5:24] /c eternal gates
[6/9/2015 4:6:15] /goto sua mae
[6/9/2015 4:6:20] /goto rock lee op
[6/9/2015 4:6:29] /c eternal gates
[6/9/2015 4:6:38] /goto kage kakashi
[6/9/2015 4:6:42] /c eternal gates
[6/9/2015 4:8:7] /goto killer lolz
[6/9/2015 4:8:11] /c eternal gates
[6/9/2015 4:8:44] /goto pauzudo
[6/9/2015 4:8:48] /c eternal gates
[6/9/2015 4:10:14] /t
[6/9/2015 4:10:29] /goto staminer
[6/9/2015 4:10:33] /c eternal gates
[6/9/2015 4:10:35] /t
[6/9/2015 4:10:51] /goto staminer
[6/9/2015 4:10:52] /r
[6/9/2015 4:10:55] /r
[6/9/2015 4:10:56] /t
[6/9/2015 12:46:14] /b Boa tarde
[6/9/2015 12:46:44] /b Dúvidas no Help
[6/9/2015 12:46:50] /ghost
[6/9/2015 12:46:54] /newtype 102
[6/9/2015 12:47:6] /ghost
[6/9/2015 12:47:7] /ghost
[6/9/2015 12:47:33] /r
[6/9/2015 12:48:24] /reload spells
[6/9/2015 12:49:24] /b Galera pra evitar RollBack, use o comando !save
[6/9/2015 13:9:39] /save
[6/9/2015 13:12:5] /goto sua mae
[6/9/2015 13:12:23] /a
[6/9/2015 13:15:51] /reload spells
[6/9/2015 13:16:6] /t
[6/9/2015 13:16:13] /newtype 102
[6/9/2015 13:24:46] /t
[6/9/2015 13:24:47] /up
[6/9/2015 13:24:48] /up
[6/9/2015 13:24:50] /m trainer
[6/9/2015 13:27:34] /reload spells
[6/9/2015 13:29:3] /t
[6/9/2015 13:29:53] /goto spark
[6/9/2015 13:29:56] /goto spark
[6/9/2015 13:30:21] /goto spark
[6/9/2015 13:30:21] /ghost
[6/9/2015 13:30:23] /ghost
[6/9/2015 13:30:25] /ghost
[6/9/2015 13:30:26] /goto spark
[6/9/2015 13:31:35] /t
[6/9/2015 13:40:32] /ghost
[6/9/2015 13:40:34] /ghost
[6/9/2015 13:58:9] /ghost
[6/9/2015 14:8:52] /t
[6/9/2015 14:8:53] /up
[6/9/2015 14:8:54] /ban Kage Sasuke, Ofença a Staff
[6/9/2015 14:9:11] /ghost
[6/9/2015 14:18:2] /ghost
[6/9/2015 14:21:39] /ban kage konan
[6/9/2015 14:26:29] /ban kage gaara
[6/9/2015 14:27:47] /goto killer lolz
[6/9/2015 14:27:48] /goto killer lolz
[6/9/2015 14:27:50] /goto killer lolz
[6/9/2015 14:28:53] /t
[6/9/2015 14:28:54] /ghost
[6/9/2015 14:33:16] /b Evento Invasão as 14:30
[6/9/2015 14:33:41] /mc
[6/9/2015 14:33:56] /b Evento Invasão as 14:30
[6/9/2015 14:41:24] /mode 1
[6/9/2015 14:41:29] /a
[6/9/2015 14:41:29] /a
[6/9/2015 14:41:32] /m kyuubi
[6/9/2015 14:41:41] /b Evento Começou em Konoha
[6/9/2015 14:44:53] /save
[6/9/2015 14:47:17] /m hachibi
[6/9/2015 14:50:40] /a 6
[6/9/2015 14:50:44] /m kyuubi
[6/9/2015 14:50:46] /a
[6/9/2015 14:54:38] /mode 2
[6/9/2015 15:30:35] /reload spells
[6/9/2015 15:32:22] /reload spells
[6/9/2015 15:46:25] /save
[6/9/2015 16:5:22] /newtype 201
[6/9/2015 16:5:24] /newtype 202
[6/9/2015 16:5:25] /newtype 203
[6/9/2015 16:5:26] /newtype 204
[6/9/2015 16:5:33] /a 2
[6/9/2015 16:5:45] /newtype 204
[6/9/2015 16:5:54] /goto kage gaara
[6/9/2015 16:5:59] /goto peace
[6/9/2015 16:6:5] /goto bob marley
[6/9/2015 16:6:7] /t
[6/9/2015 16:15:53] /goto skarvuscza
[6/9/2015 16:15:56] /t
[6/9/2015 16:28:13] /goto bob marley
[6/9/2015 16:28:15] /goto bob marley
[6/9/2015 16:28:16] /goto bob marley
[6/9/2015 16:28:18] /goto bob marley
[6/9/2015 16:28:19] /goto bob marley
[6/9/2015 16:28:21] /goto bob marley
[6/9/2015 16:28:23] /goto bob marley
[6/9/2015 16:28:24] /goto bob marley
[6/9/2015 16:28:25] /goto bob marley
[6/9/2015 16:28:27] /goto bob marley
[6/9/2015 16:28:29] /goto bob marley
[6/9/2015 16:28:30] /goto bob marley
[6/9/2015 16:28:33] /goto bob marley
[6/9/2015 16:29:4] /t
[6/9/2015 16:30:55] /goto bob marley
[6/9/2015 16:31:9] /goto rock lee op
[6/9/2015 16:31:12] /goto rock lee op
[6/9/2015 16:31:13] /goto rock lee op
[6/9/2015 16:31:13] /goto rock lee op
[6/9/2015 16:31:14] /goto rock lee op
[6/9/2015 16:31:15] /goto rock lee op
[6/9/2015 16:31:16] /goto rock lee op
[6/9/2015 16:31:38] /t
[6/9/2015 16:32:26] /goto bob marley
[6/9/2015 16:32:28] /goto bob marley
[6/9/2015 16:32:29] /goto bob marley
[6/9/2015 16:32:30] /goto bob marley
[6/9/2015 16:32:30] /goto bob marley
[6/9/2015 16:32:32] /t
[6/9/2015 16:32:37] /i konoha backpack
[6/9/2015 16:32:39] /i kisame
[6/9/2015 16:32:50] /goto sealed power
[6/9/2015 16:33:13] /t
[6/9/2015 16:33:18] /goto bob marley
[6/9/2015 16:33:19] /goto bob marley
[6/9/2015 16:35:25] /goto bob marley
[6/9/2015 16:35:26] /goto bob marley
[6/9/2015 16:35:27] /goto bob marley
[6/9/2015 16:35:28] /goto bob marley
[6/9/2015 16:35:29] /goto bob marley
[6/9/2015 16:35:30] /goto bob marley
[6/9/2015 16:35:32] /goto bob marley
[6/9/2015 16:35:33] /goto bob marley
[6/9/2015 16:35:34] /goto bob marley
[6/9/2015 16:35:34] /goto bob marley
[6/9/2015 16:35:35] /goto bob marley
[6/9/2015 16:35:36] /goto bob marley
[6/9/2015 16:35:36] /goto bob marley
[6/9/2015 16:35:37] /goto bob marley
[6/9/2015 16:35:38] /goto bob marley
[6/9/2015 16:35:39] /goto bob marley
[6/9/2015 16:35:40] /goto bob marley
[6/9/2015 16:35:40] /goto bob marley
[6/9/2015 16:35:41] /goto bob marley
[6/9/2015 16:35:41] /goto bob marley
[6/9/2015 16:35:42] /goto bob marley
[6/9/2015 16:35:46] /goto bob marley
[6/9/2015 16:35:47] /goto bob marley
[6/9/2015 16:35:48] /goto bob marley
[6/9/2015 16:35:57] /t
[6/9/2015 16:36:1] /ghost
[6/9/2015 16:36:8] /newtype 207
[6/9/2015 16:36:12] /newtype 202
[6/9/2015 16:36:14] /newtype 205
[6/9/2015 16:36:16] /newtype 204
[6/9/2015 16:36:42] /a 7
[6/9/2015 16:36:43] /a 7
[6/9/2015 16:36:44] /a 7
[6/9/2015 16:36:44] /a 7
[6/9/2015 16:36:52] /c bob marley
[6/9/2015 16:36:57] /m trainer
[6/9/2015 16:43:7] /ghost
[6/9/2015 16:46:5] /ghost
[6/9/2015 16:46:20] /newtype 195
[6/9/2015 16:46:23] /newtype 198
[6/9/2015 16:46:26] /newtype 197
[6/9/2015 16:46:31] /newtype 241
[6/9/2015 16:47:4] /c angel
[6/9/2015 16:47:7] /r
[6/9/2015 16:47:14] /r
[6/9/2015 16:52:30] /r
[6/9/2015 16:52:43] /i 7653
[6/9/2015 16:53:1] /i 208
[6/9/2015 16:53:2] /i 207
[6/9/2015 16:53:8] /i 204
[6/9/2015 16:53:16] /newtype 204
[6/9/2015 16:53:35] /i 100
[6/9/2015 16:53:39] /r
[6/9/2015 16:53:46] /a 1
[6/9/2015 16:53:52] /i 103
[6/9/2015 16:54:46] /r
[6/9/2015 16:54:47] /r
[6/9/2015 16:54:48] /r
[6/9/2015 16:55:12] /ghost
[6/9/2015 16:55:43] /t
[6/9/2015 17:1:2] /goto bob marley
[6/9/2015 17:1:4] /goto bob marley
[6/9/2015 17:1:7] /goto bob marley
[6/9/2015 17:1:8] /goto bob marley
[6/9/2015 17:1:9] /goto bob marley
[6/9/2015 17:1:10] /goto bob marley
[6/9/2015 17:1:10] /goto bob marley
[6/9/2015 17:1:11] /goto bob marley
[6/9/2015 17:1:12] /goto bob marley
[6/9/2015 17:1:13] /goto bob marley
[6/9/2015 17:1:13] /goto bob marley
[6/9/2015 17:1:14] /goto bob marley
[6/9/2015 17:1:15] /t
[6/9/2015 17:6:34] /goto bob marley
[6/9/2015 17:12:37] /t
[6/9/2015 17:15:29] /goto bob marley
[6/9/2015 17:15:34] /goto bob marley
[6/9/2015 17:15:41] /goto bob marley
[6/9/2015 17:15:43] /goto bob marley
[6/9/2015 17:15:45] /goto bob marley
[6/9/2015 17:15:46] /goto bob marley
[6/9/2015 17:15:47] /goto bob marley
[6/9/2015 17:15:53] /goto bob marley
[6/9/2015 17:15:54] /goto bob marley
[6/9/2015 17:15:57] /goto bob marley
[6/9/2015 17:16:12] /goto bob marley
[6/9/2015 17:16:14] /goto bob marley
[6/9/2015 17:16:15] /goto bob marley
[6/9/2015 17:16:16] /goto bob marley
[6/9/2015 17:16:17] /goto bob marley
[6/9/2015 17:16:17] /goto bob marley
[6/9/2015 17:16:18] /goto bob marley
[6/9/2015 17:16:19] /goto bob marley
[6/9/2015 17:16:20] /goto bob marley
[6/9/2015 17:16:21] /goto bob marley
[6/9/2015 17:16:22] /goto bob marley
[6/9/2015 17:16:22] /goto bob marley
[6/9/2015 17:16:23] /goto bob marley
[6/9/2015 17:16:26] /goto bob marley
[6/9/2015 17:16:27] /goto bob marley
[6/9/2015 17:16:28] /goto bob marley
[6/9/2015 17:16:29] /goto bob marley
[6/9/2015 17:16:30] /goto bob marley
[6/9/2015 17:16:31] /goto bob marley
[6/9/2015 17:16:32] /goto bob marley
[6/9/2015 17:16:32] /goto bob marley
[6/9/2015 17:16:33] /goto bob marley
[6/9/2015 17:16:34] /goto bob marley
[6/9/2015 17:16:35] /goto bob marley
[6/9/2015 17:16:36] /goto bob marley
[6/9/2015 17:16:37] /goto bob marley
[6/9/2015 17:16:38] /goto bob marley
[6/9/2015 17:16:38] /goto bob marley
[6/9/2015 17:16:40] /t
[6/9/2015 17:16:42] /goto bob marley
[6/9/2015 17:16:43] /goto bob marley
[6/9/2015 17:16:45] /goto bob marley
[6/9/2015 17:16:46] /goto bob marley
[6/9/2015 17:16:47] /goto bob marley
[6/9/2015 17:16:49] /goto bob marley
[6/9/2015 17:16:50] /goto bob marley
[6/9/2015 17:16:51] /goto bob marley
[6/9/2015 17:16:52] /goto bob marley
[6/9/2015 17:16:53] /goto bob marley
[6/9/2015 17:16:54] /goto bob marley
[6/9/2015 17:16:55] /goto bob marley
[6/9/2015 17:16:55] /goto bob marley
[6/9/2015 17:16:56] /goto bob marley
[6/9/2015 17:16:57] /goto bob marley
[6/9/2015 17:16:58] /goto bob marley
[6/9/2015 17:16:59] /goto bob marley
[6/9/2015 17:16:59] /goto bob marley
[6/9/2015 17:17:0] /goto bob marley
[6/9/2015 17:17:1] /goto bob marley
[6/9/2015 17:17:4] /goto bob marley
[6/9/2015 17:17:4] /goto bob marley
[6/9/2015 17:17:5] /goto bob marley
[6/9/2015 17:17:6] /goto bob marley
[6/9/2015 17:17:7] /goto bob marley
[6/9/2015 17:17:8] /goto bob marley
[6/9/2015 17:17:9] /goto bob marley
[6/9/2015 17:17:9] /goto bob marley
[6/9/2015 17:17:10] /goto bob marley
[6/9/2015 17:17:11] /goto bob marley
[6/9/2015 17:17:12] /goto bob marley
[6/9/2015 17:17:13] /goto bob marley
[6/9/2015 17:17:14] /goto bob marley
[6/9/2015 17:17:16] /goto bob marley
[6/9/2015 17:17:17] /goto bob marley
[6/9/2015 17:17:18] /goto bob marley
[6/9/2015 17:17:19] /goto bob marley
[6/9/2015 17:17:21] /t
[6/9/2015 17:17:59] /goto bob marley
[6/9/2015 17:18:1] /goto bob marley
[6/9/2015 17:18:27] /goto bob marley
[6/9/2015 17:18:30] /goto bob marley
[6/9/2015 17:18:36] /goto bob marley
[6/9/2015 17:18:45] /goto bob marley
[6/9/2015 17:21:54] /goto bob marley/goto bob marley
[6/9/2015 17:23:51] /goto peace
[6/9/2015 17:23:53] /goto peace
[6/9/2015 17:23:55] /goto peace
[6/9/2015 17:23:56] /goto peace
[6/9/2015 17:24:1] /goto bob marley
[6/9/2015 17:24:5] /goto peace
[6/9/2015 17:24:6] /goto bob marley
[6/9/2015 17:24:8] /goto peace
[6/9/2015 17:24:9] /goto peace
[6/9/2015 17:24:11] /goto peace
[6/9/2015 17:24:38] /t
[6/9/2015 17:25:45] /goto bob marley
[6/9/2015 17:25:49] /goto peace
[6/9/2015 17:25:50] /goto bob marley
[6/9/2015 17:25:52] /goto peace
[6/9/2015 17:25:53] /goto bob marley
[6/9/2015 17:25:55] /goto bob marley
[6/9/2015 17:25:58] /goto bob marley
[6/9/2015 17:26:0] /goto bob marley
[6/9/2015 17:26:2] /goto peace
[6/9/2015 17:26:4] /goto peace
[6/9/2015 17:26:5] /goto peace
[6/9/2015 17:26:6] /t
[6/9/2015 17:31:24] /i vital boots
[6/9/2015 17:47:5] /i obito tunic
[6/9/2015 17:47:10] /i hashirama armor
[6/9/2015 17:47:13] /i obito legs
[6/9/2015 17:47:24] /i vital boots
[6/9/2015 17:47:29] /i tobi mask
[6/9/2015 17:47:29] /i tobi mask
[6/9/2015 17:47:30] /i tobi mask
[6/9/2015 17:47:35] /i obito mask
[6/9/2015 17:48:6] /i gold bar
[6/9/2015 17:48:7] /i gold bar
[6/9/2015 17:48:8] /i gold bar
[6/9/2015 17:48:59] /i konoha backpack
[6/9/2015 17:49:6] /i eletric katana
[6/9/2015 17:49:12] /i sasuke sword
[6/9/2015 17:49:38] /i kunai
[6/9/2015 17:50:13] /t
[6/9/2015 18:15:39] /t
[6/9/2015 18:15:41] /up
[6/9/2015 18:19:52] /r
[6/9/2015 18:19:54] /r
[6/9/2015 18:22:29] /goto feared
[6/9/2015 18:22:32] /t
[6/9/2015 18:23:11] /goto feared
[6/9/2015 18:23:13] /goto feared
[6/9/2015 18:23:13] /goto feared
[6/9/2015 18:23:18] /kick feared
[6/9/2015 18:23:19] /t
[6/9/2015 18:29:5] /goto eternal gates
[6/9/2015 18:29:19] /i nidaime armor
[6/9/2015 18:29:22] /i sasuke legs
[6/9/2015 18:29:29] /i sasuke legrobe
[6/9/2015 18:29:36] /t
[6/9/2015 18:30:2] /goto eternal gates
[6/9/2015 18:30:14] /i akatsuki mask
[6/9/2015 18:30:23] /i vital boots
[6/9/2015 18:30:28] /t
[6/9/2015 18:34:18] /goto feared
[6/9/2015 18:34:21] /goto feared
[6/9/2015 18:34:22] /goto feared
[6/9/2015 18:34:23] /goto feared
[6/9/2015 18:34:24] /goto feared
[6/9/2015 18:34:25] /goto feared
[6/9/2015 18:34:26] /goto feared
[6/9/2015 18:34:27] /goto feared
[6/9/2015 18:34:28] /goto feared
[6/9/2015 18:34:29] /goto feared
[6/9/2015 18:34:29] /goto feared
[6/9/2015 18:34:30] /goto feared
[6/9/2015 18:34:31] /goto feared
[6/9/2015 18:34:32] /goto feared
[6/9/2015 18:34:33] /goto feared
[6/9/2015 18:34:33] /goto feared
[6/9/2015 18:34:34] /goto feared
[6/9/2015 18:34:37] /goto feared
[6/9/2015 18:34:38] /goto feared
[6/9/2015 18:34:39] /goto feared
[6/9/2015 18:34:40] /goto feared
[6/9/2015 18:34:40] /goto feared
[6/9/2015 18:34:45] /goto feared
[6/9/2015 18:34:46] /goto feared
[6/9/2015 18:34:47] /goto feared
[6/9/2015 18:34:48] /goto feared
[6/9/2015 18:34:50] /goto feared
[6/9/2015 18:34:52] /t
[6/9/2015 18:37:35] /goto bob marley
[6/9/2015 18:42:50] /ghost
[6/9/2015 18:43:24] /newtype 251
[6/9/2015 18:44:39] /newtype 252
[6/9/2015 18:46:34] /goto peace
[6/9/2015 18:46:36] /t
[6/9/2015 18:46:54] /newtype 253
[6/9/2015 18:46:58] /newtype 254
[6/9/2015 19:7:57] /ghost
[6/9/2015 19:9:59] /b Galera vocação nagato e hashirama vão ser passados pra free
[6/9/2015 19:10:34] /b Galera vocação nagato e hashirama vão ser passados pra free
[6/9/2015 19:20:35] /ghost
[6/9/2015 19:36:45] /save
[6/9/2015 19:37:29] /reload creaturescripts
[6/9/2015 19:37:32] /reload talk
[6/9/2015 19:38:26] /b Galera vou reiniciar o servidor pra fixar o !deathlist
[6/9/2015 19:39:2] /save
[6/9/2015 19:43:53] /b Vocação Hashirama e Nagato agora são free
[6/9/2015 19:44:10] /goto peace
[6/9/2015 19:44:26] /goto anbu zks
[6/9/2015 19:44:28] /goto anbu zkss
[6/9/2015 19:45:19] /t
[6/9/2015 19:45:20] /up
[6/9/2015 19:45:20] /up
[6/9/2015 19:45:34] /c extremes
[6/9/2015 19:45:35] /ghost
[6/9/2015 19:45:39] /newtype 102
[6/9/2015 19:45:54] /m black anbu
[6/9/2015 19:48:12] /c extremes
[6/9/2015 19:51:52] /reload talk
[6/9/2015 19:51:56] /reload creaturescripts
[6/9/2015 19:52:0] /c extremes
[6/9/2015 19:54:35] /reload creaturescripts
[6/9/2015 19:54:38] /c extremes
[6/9/2015 19:58:28] /reload creature scripts
[6/9/2015 19:58:36] /reload talk
[6/9/2015 19:58:40] /c extremes
[6/9/2015 19:59:28] /reload talk
[6/9/2015 19:59:34] /reload mods
[6/9/2015 20:3:21] /reload creaturescripts
[6/9/2015 20:3:59] /reload creaturescripts
[6/9/2015 20:4:1] /reload talk
[6/9/2015 20:4:4] /c extremes
[6/9/2015 20:4:22] /c extremes
[6/9/2015 20:4:36] /c extremes
[6/9/2015 20:4:59] /c extremes
[6/9/2015 20:8:13] /save
[6/9/2015 20:8:16] /reload talk
[6/9/2015 20:16:3] /b Ta dando umas caidas q to arrumando o !deathlist
[6/9/2015 20:29:15] /reload talk
[6/9/2015 20:29:20] /reload creaturescripts
[6/9/2015 20:29:31] /save
[6/9/2015 20:29:48] /reload talk
[6/9/2015 20:34:29] /save
[6/9/2015 20:34:32] /reload talk
[6/9/2015 20:34:37] /reload creaturescripts
[6/9/2015 20:35:13] /reload talk
[6/9/2015 20:35:19] /save
[6/9/2015 20:37:22] /reload spells
[6/9/2015 20:37:26] /reload talk
[6/9/2015 20:37:34] /reload creature scripts
[6/9/2015 20:37:37] /save
[6/9/2015 20:47:31] /reload talk
[6/9/2015 20:47:36] /reload creaturescripts
[6/9/2015 20:47:37] /save
[6/9/2015 20:53:17] /reload creaturescripts
[6/9/2015 20:53:21] /save
[6/9/2015 20:59:30] /ghost
[6/9/2015 20:59:35] /goto kage na ru to
[6/9/2015 20:59:43] /down
[6/9/2015 20:59:43] /down
[6/9/2015 20:59:43] /down
[6/9/2015 20:59:45] /down
[6/9/2015 20:59:46] /down
[6/9/2015 20:59:46] /down
[6/9/2015 20:59:49] /a 6
[6/9/2015 20:59:51] /a 6
[6/9/2015 21:0:6] /c eternal gates
[6/9/2015 21:0:8] /t
[6/9/2015 21:0:9] /up
[6/9/2015 21:0:10] /up
[6/9/2015 21:37:12] /goto otario
[6/9/2015 21:37:28] /c eternal gates
[6/9/2015 21:38:45] /up
[6/9/2015 21:38:52] /t
[6/9/2015 21:38:57] /goto otario
[6/9/2015 21:38:59] /t
[6/9/2015 21:39:6] /a 3
[6/9/2015 21:39:21] /goto angel
[6/9/2015 21:40:2] /goto bob marley
[6/9/2015 21:40:8] /goto black freeza
[6/9/2015 21:40:18] /goto runsho facil
[6/9/2015 21:40:23] /goto anteiku
[6/9/2015 21:40:27] /goto an tei ku
[6/9/2015 21:40:33] /goto angel
[6/9/2015 21:40:35] /t
[6/9/2015 21:42:21] /goto otario
[6/9/2015 21:42:23] /t
[6/9/2015 21:42:51] /goto peace
[6/9/2015 21:44:15] /goto otario
[6/9/2015 21:44:20] /goto angel
[6/9/2015 21:44:23] /goto peace
[6/9/2015 21:44:37] /t
[6/9/2015 21:44:55] /t cazaquistao
[6/9/2015 21:45:30] /goto peace
[6/9/2015 21:45:35] /goto peace
[6/9/2015 21:45:37] /goto peace
[6/9/2015 21:46:28] /goto cazaquistao
[6/9/2015 21:46:39] /goto eternal gates
[6/9/2015 21:46:41] /r
[6/9/2015 21:46:48] /c cazaquistao
[6/9/2015 21:46:56] /t eternal gates
[6/9/2015 21:47:46] /goto peace
[6/9/2015 21:48:10] /t eternal gates
[6/9/2015 21:56:46] /goto peace
[6/9/2015 21:56:48] /t
[6/9/2015 22:12:28] /goto peace
[6/9/2015 22:12:32] /goto kikage
[6/9/2015 22:12:51] /goto rock leeop
[6/9/2015 22:12:56] /goto rock lee op
[6/9/2015 22:13:12] /goto kage kakashi
[6/9/2015 22:13:25] /goto fuck you
[6/9/2015 22:13:31] /t
[6/9/2015 22:27:43] /t eternal gates
[6/9/2015 22:28:24] /goto kikage
[6/9/2015 22:28:34] /goto runsho facil
[6/9/2015 22:28:44] /goto rock lee op
[6/9/2015 22:28:57] /goto kage na ru to
[6/9/2015 22:29:5] /goto killer lolz
[6/9/2015 22:29:14] /goto bob marley
[6/9/2015 22:29:17] /goto fuck you
[6/9/2015 22:29:25] /c eternal gates
[6/9/2015 22:29:57] /goto fuck you
[6/9/2015 22:30:8] /goto fuck you
[6/9/2015 22:30:11] /goto kage kakashi
[6/9/2015 22:30:23] /down
[6/9/2015 22:30:25] /a 5
[6/9/2015 22:30:26] /a 5
[6/9/2015 22:30:27] /a 5
[6/9/2015 22:30:27] /a 5
[6/9/2015 22:30:28] /a 5
[6/9/2015 22:30:29] /a 5
[6/9/2015 22:30:29] /a 5
[6/9/2015 22:30:30] /a 5
[6/9/2015 22:30:30] /a 5
[6/9/2015 22:30:31] /a 5
[6/9/2015 22:30:31] /a 5
[6/9/2015 22:30:33] /a 5
[6/9/2015 22:30:33] /a 5
[6/9/2015 22:30:33] /a 5
[6/9/2015 22:30:34] /a 5
[6/9/2015 22:30:34] /a 5
[6/9/2015 22:30:35] /a 5
[6/9/2015 22:30:35] /a 5
[6/9/2015 22:30:48] /c eternal gates
[6/9/2015 22:31:41] /goto anteiku
[6/9/2015 22:35:8] /goto otario
[6/9/2015 22:35:18] /goto rock lee op
[6/9/2015 22:36:16] /c eternal gates
[6/9/2015 22:37:8] /t
[6/9/2015 22:37:11] /a 4
[6/9/2015 23:19:38] /t cazaquistao
[6/9/2015 23:21:57] /i pergaminho stamina
[6/9/2015 23:22:27] /goto perfect anbu
[6/9/2015 23:22:30] /down
[6/9/2015 23:22:56] /c cazaquistao
[6/9/2015 23:23:16] /t
[6/9/2015 23:23:24] /goto peace
[6/9/2015 23:24:0] /c eternal gates
[6/9/2015 23:25:27] /t
[6/9/2015 23:59:34] /a 5
[7/9/2015 0:0:0] /goto spark
[7/9/2015 0:0:5] /i madara glove
[7/9/2015 0:0:11] /t
[7/9/2015 0:0:24] /i soldado phill
[7/9/2015 0:0:24] /i soldado phill
[7/9/2015 0:0:25] /i soldado phill
[7/9/2015 0:0:25] /i soldado phill
[7/9/2015 0:0:25] /i soldado phill
[7/9/2015 0:0:26] /i soldado phill
[7/9/2015 0:0:26] /i soldado phill
[7/9/2015 0:0:26] /i soldado phill
[7/9/2015 0:0:27] /i soldado phill
[7/9/2015 0:0:28] /i soldado phill
[7/9/2015 0:0:29] /i soldado phill
[7/9/2015 0:0:29] /i soldado phill
[7/9/2015 0:0:30] /i soldado phill
[7/9/2015 0:0:30] /i soldado phill
[7/9/2015 0:0:30] /i soldado phill
[7/9/2015 0:0:31] /i soldado phill
[7/9/2015 0:0:31] /i soldado phill
[7/9/2015 0:0:32] /i soldado phill
[7/9/2015 0:0:32] /i soldado phill
[7/9/2015 0:0:32] /i soldado phill
[7/9/2015 0:0:33] /i soldado phill
[7/9/2015 0:0:33] /i soldado phill
[7/9/2015 0:0:34] /i soldado phill
[7/9/2015 0:0:34] /i soldado phill
[7/9/2015 0:0:35] /i soldado phill
[7/9/2015 0:0:35] /i soldado phill
[7/9/2015 0:0:35] /i soldado phill
[7/9/2015 0:0:36] /i soldado phill
[7/9/2015 0:0:36] /i soldado phill
[7/9/2015 0:0:38] /i soldado phill
[7/9/2015 0:0:51] /i soldado phill
[7/9/2015 0:0:52] /i soldado phill
[7/9/2015 0:0:52] /i soldado phill
[7/9/2015 0:0:52] /i soldado phill
[7/9/2015 0:0:53] /i soldado phill
[7/9/2015 0:0:53] /i soldado phill
[7/9/2015 0:0:54] /i soldado phill
[7/9/2015 0:0:54] /i soldado phill
[7/9/2015 0:0:54] /i soldado phill
[7/9/2015 0:0:55] /i soldado phill
[7/9/2015 0:0:56] /i soldado phill
[7/9/2015 0:0:56] /i soldado phill
[7/9/2015 0:0:57] /i soldado phill
[7/9/2015 0:0:57] /i soldado phill
[7/9/2015 0:0:57] /i soldado phill
[7/9/2015 0:0:58] /i soldado phill
[7/9/2015 0:0:59] /i soldado phill
[7/9/2015 0:0:59] /i soldado phill
[7/9/2015 0:1:0] /i soldado phill
[7/9/2015 0:1:0] /i soldado phill
[7/9/2015 0:1:0] /i soldado phill
[7/9/2015 0:1:0] /i soldado phill
[7/9/2015 0:1:1] /i soldado phill
[7/9/2015 0:1:1] /i soldado phill
[7/9/2015 0:1:2] /i soldado phill
[7/9/2015 0:1:3] /i soldado phill
[7/9/2015 0:1:3] /i soldado phill
[7/9/2015 0:1:4] /i soldado phill
[7/9/2015 0:1:5] /i soldado phill
[7/9/2015 0:1:6] /i soldado phill
[7/9/2015 0:1:6] /i soldado phill
[7/9/2015 0:1:6] /i soldado phill
[7/9/2015 0:1:7] /i soldado phill
[7/9/2015 0:1:8] /i soldado phill
[7/9/2015 0:1:9] /i soldado phill
[7/9/2015 0:1:9] /i soldado phill
[7/9/2015 0:1:10] /i soldado phill
[7/9/2015 0:1:10] /i soldado phill
[7/9/2015 0:1:11] /i soldado phill
[7/9/2015 0:1:11] /i soldado phill
[7/9/2015 0:1:12] /i soldado phill
[7/9/2015 0:1:12] /i soldado phill
[7/9/2015 0:1:12] /i soldado phill
[7/9/2015 0:1:13] /i soldado phill
[7/9/2015 0:1:19] /i soldado phill
[7/9/2015 0:1:20] /i soldado phill
[7/9/2015 0:1:20] /i soldado phill
[7/9/2015 0:1:20] /i soldado phill
[7/9/2015 0:1:20] /i soldado phill
[7/9/2015 0:1:20] /i soldado phill
[7/9/2015 0:1:20] /i soldado phill
[7/9/2015 0:1:20] /i soldado phill
[7/9/2015 0:1:20] /i soldado phill
[7/9/2015 0:1:21] /i soldado phill
[7/9/2015 0:1:21] /i soldado phill
[7/9/2015 0:1:21] /i soldado phill
[7/9/2015 0:1:21] /i soldado phill
[7/9/2015 0:1:21] /i soldado phill
[7/9/2015 0:1:21] /i soldado phill
[7/9/2015 0:1:21] /i soldado phill
[7/9/2015 0:1:21] /i soldado phill
[7/9/2015 0:1:21] /i soldado phill
[7/9/2015 0:1:21] /i soldado phill
[7/9/2015 0:1:22] /i soldado phill
[7/9/2015 0:1:22] /i soldado phill
[7/9/2015 0:1:22] /i soldado phill
[7/9/2015 0:1:22] /i soldado phill
[7/9/2015 0:1:22] /i soldado phill
[7/9/2015 0:1:22] /i soldado phill
[7/9/2015 0:1:22] /i soldado phill
[7/9/2015 0:1:22] /i soldado phill
[7/9/2015 0:1:22] /i soldado phill
[7/9/2015 0:1:22] /i soldado phill
[7/9/2015 0:1:22] /i soldado phill
[7/9/2015 0:1:22] /i soldado phill
[7/9/2015 0:1:22] /i soldado phill
[7/9/2015 0:1:22] /i soldado phill
[7/9/2015 0:1:22] /i soldado phill
[7/9/2015 0:1:22] /i soldado phill
[7/9/2015 0:1:22] /i soldado phill
[7/9/2015 0:1:22] /i soldado phill
[7/9/2015 0:1:22] /i soldado phill
[7/9/2015 0:1:22] /i soldado phill
[7/9/2015 0:1:22] /i soldado phill
[7/9/2015 0:1:22] /i soldado phill
[7/9/2015 0:1:22] /i soldado phill
[7/9/2015 0:1:22] /i soldado phill
[7/9/2015 0:1:22] /i soldado phill
[7/9/2015 0:1:22] /i soldado phill
[7/9/2015 0:1:22] /i soldado phill
[7/9/2015 0:1:22] /i soldado phill
[7/9/2015 0:1:23] /i soldado phill
[7/9/2015 0:1:23] /i soldado phill
[7/9/2015 0:1:23] /i soldado phill
[7/9/2015 0:1:23] /i soldado phill
[7/9/2015 0:1:23] /i soldado phill
[7/9/2015 0:1:23] /i soldado phill
[7/9/2015 0:1:23] /i soldado phill
[7/9/2015 0:1:23] /i soldado phill
[7/9/2015 0:1:23] /i soldado phill
[7/9/2015 0:1:23] /i soldado phill
[7/9/2015 0:1:23] /i soldado phill
[7/9/2015 0:1:23] /i soldado phill
[7/9/2015 0:1:23] /i soldado phill
[7/9/2015 0:1:23] /i soldado phill
[7/9/2015 0:1:23] /i soldado phill
[7/9/2015 0:1:23] /i soldado phill
[7/9/2015 0:1:23] /i soldado phill
[7/9/2015 0:1:23] /i soldado phill
[7/9/2015 0:1:23] /i soldado phill
[7/9/2015 0:1:23] /i soldado phill
[7/9/2015 0:1:23] /i soldado phill
[7/9/2015 0:1:23] /i soldado phill
[7/9/2015 0:1:23] /i soldado phill
[7/9/2015 0:1:23] /i soldado phill
[7/9/2015 0:1:23] /i soldado phill
[7/9/2015 0:1:24] /i soldado phill
[7/9/2015 0:1:24] /i soldado phill
[7/9/2015 0:1:24] /i soldado phill
[7/9/2015 0:1:24] /i soldado phill
[7/9/2015 0:1:24] /i soldado phill
[7/9/2015 0:1:24] /i soldado phill
[7/9/2015 0:1:24] /i soldado phill
[7/9/2015 0:1:24] /i soldado phill
[7/9/2015 0:1:24] /i soldado phill
[7/9/2015 0:1:24] /i soldado phill
[7/9/2015 0:1:24] /i soldado phill
[7/9/2015 0:1:24] /i soldado phill
[7/9/2015 0:1:24] /i soldado phill
[7/9/2015 0:1:24] /i soldado phill
[7/9/2015 0:1:24] /i soldado phill
[7/9/2015 0:1:24] /i soldado phill
[7/9/2015 0:1:24] /i soldado phill
[7/9/2015 0:1:25] /i soldado phill
[7/9/2015 0:1:25] /i soldado phill
[7/9/2015 0:1:25] /i soldado phill
[7/9/2015 0:1:25] /i soldado phill
[7/9/2015 0:1:25] /i soldado phill
[7/9/2015 0:1:25] /i soldado phill
[7/9/2015 0:1:25] /i soldado phill
[7/9/2015 0:1:25] /i soldado phill
[7/9/2015 0:1:26] /i soldado phill
[7/9/2015 0:1:26] /i soldado phill
[7/9/2015 0:1:26] /i soldado phill
[7/9/2015 0:1:26] /i soldado phill
[7/9/2015 0:1:26] /i soldado phill
[7/9/2015 0:1:26] /i soldado phill
[7/9/2015 0:1:27] /i soldado phill
[7/9/2015 0:1:27] /i soldado phill
[7/9/2015 0:1:27] /i soldado phill
[7/9/2015 0:1:27] /i soldado phill
[7/9/2015 0:1:27] /i soldado phill
[7/9/2015 0:1:27] /i soldado phill
[7/9/2015 0:1:27] /i soldado phill
[7/9/2015 0:1:27] /i soldado phill
[7/9/2015 0:1:27] /i soldado phill
[7/9/2015 0:1:27] /i soldado phill
[7/9/2015 0:1:27] /i soldado phill
[7/9/2015 0:1:27] /i soldado phill
[7/9/2015 0:1:27] /i soldado phill
[7/9/2015 0:1:27] /i soldado phill
[7/9/2015 0:1:27] /i soldado phill
[7/9/2015 0:1:27] /i soldado phill
[7/9/2015 0:1:27] /i soldado phill
[7/9/2015 0:1:27] /i soldado phill
[7/9/2015 0:1:27] /i soldado phill
[7/9/2015 0:1:27] /i soldado phill
[7/9/2015 0:1:27] /i soldado phill
[7/9/2015 0:1:27] /i soldado phill
[7/9/2015 0:1:28] /i soldado phill
[7/9/2015 0:1:28] /i soldado phill
[7/9/2015 0:1:28] /i soldado phill
[7/9/2015 0:1:28] /i soldado phill
[7/9/2015 0:1:28] /i soldado phill
[7/9/2015 0:1:28] /i soldado phill
[7/9/2015 0:1:28] /i soldado phill
[7/9/2015 0:1:28] /i soldado phill
[7/9/2015 0:1:28] /i soldado phill
[7/9/2015 0:1:28] /i soldado phill
[7/9/2015 0:1:28] /i soldado phill
[7/9/2015 0:1:28] /i soldado phill
[7/9/2015 0:1:28] /i soldado phill
[7/9/2015 0:1:28] /i soldado phill
[7/9/2015 0:1:28] /i soldado phill
[7/9/2015 0:1:28] /i soldado phill
[7/9/2015 0:1:28] /i soldado phill
[7/9/2015 0:1:28] /i soldado phill
[7/9/2015 0:1:28] /i soldado phill
[7/9/2015 0:1:28] /i soldado phill
[7/9/2015 0:1:28] /i soldado phill
[7/9/2015 0:1:28] /i soldado phill
[7/9/2015 0:1:28] /i soldado phill
[7/9/2015 0:1:28] /i soldado phill
[7/9/2015 0:1:28] /i soldado phill
[7/9/2015 0:1:28] /i soldado phill
[7/9/2015 0:1:28] /i soldado phill
[7/9/2015 0:1:28] /i soldado phill
[7/9/2015 0:1:29] /i soldado phill
[7/9/2015 0:1:29] /i soldado phill
[7/9/2015 0:1:29] /i soldado phill
[7/9/2015 0:1:29] /i soldado phill
[7/9/2015 0:1:29] /i soldado phill
[7/9/2015 0:1:29] /i soldado phill
[7/9/2015 0:1:29] /i soldado phill
[7/9/2015 0:1:29] /i soldado phill
[7/9/2015 0:1:29] /i soldado phill
[7/9/2015 0:1:29] /i soldado phill
[7/9/2015 0:1:29] /i soldado phill
[7/9/2015 0:1:29] /i soldado phill
[7/9/2015 0:1:29] /i soldado phill
[7/9/2015 0:1:29] /i soldado phill
[7/9/2015 0:1:29] /i soldado phill
[7/9/2015 0:1:29] /i soldado phill
[7/9/2015 0:1:29] /i soldado phill
[7/9/2015 0:1:29] /i soldado phill
[7/9/2015 0:1:29] /i soldado phill
[7/9/2015 0:1:29] /i soldado phill
[7/9/2015 0:1:29] /i soldado phill
[7/9/2015 0:1:29] /i soldado phill
[7/9/2015 0:1:29] /i soldado phill
[7/9/2015 0:1:29] /i soldado phill
[7/9/2015 0:1:29] /i soldado phill
[7/9/2015 0:1:29] /i soldado phill
[7/9/2015 0:1:29] /i soldado phill
[7/9/2015 0:1:29] /i soldado phill
[7/9/2015 0:1:29] /i soldado phill
[7/9/2015 0:1:30] /i soldado phill
[7/9/2015 0:1:30] /i soldado phill
[7/9/2015 0:1:30] /i soldado phill
[7/9/2015 0:1:30] /i soldado phill
[7/9/2015 0:1:30] /i soldado phill
[7/9/2015 0:1:30] /i soldado phill
[7/9/2015 0:1:30] /i soldado phill
[7/9/2015 0:1:30] /i soldado phill
[7/9/2015 0:1:30] /i soldado phill
[7/9/2015 0:1:30] /i soldado phill
[7/9/2015 0:1:30] /i soldado phill
[7/9/2015 0:1:30] /i soldado phill
[7/9/2015 0:1:30] /i soldado phill
[7/9/2015 0:1:30] /i soldado phill
[7/9/2015 0:1:31] /i soldado phill
[7/9/2015 0:1:31] /i soldado phill
[7/9/2015 0:1:31] /i soldado phill
[7/9/2015 0:1:31] /i soldado phill
[7/9/2015 0:1:31] /i soldado phill
[7/9/2015 0:1:31] /i soldado phill
[7/9/2015 0:1:31] /i soldado phill
[7/9/2015 0:1:31] /i soldado phill
[7/9/2015 0:1:31] /i soldado phill
[7/9/2015 0:1:31] /i soldado phill
[7/9/2015 0:1:31] /i soldado phill
[7/9/2015 0:1:31] /i soldado phill
[7/9/2015 0:1:31] /i soldado phill
[7/9/2015 0:1:31] /i soldado phill
[7/9/2015 0:1:31] /i soldado phill
[7/9/2015 0:1:31] /i soldado phill
[7/9/2015 0:1:31] /i soldado phill
[7/9/2015 0:1:32] /i soldado phill
[7/9/2015 0:1:32] /i soldado phill
[7/9/2015 0:1:32] /i soldado phill
[7/9/2015 0:1:32] /i soldado phill
[7/9/2015 0:1:32] /i soldado phill
[7/9/2015 0:1:32] /i soldado phill
[7/9/2015 0:1:32] /i soldado phill
[7/9/2015 0:1:32] /i soldado phill
[7/9/2015 0:1:32] /i soldado phill
[7/9/2015 0:1:32] /i soldado phill
[7/9/2015 0:1:32] /i soldado phill
[7/9/2015 0:1:32] /i soldado phill
[7/9/2015 0:1:32] /i soldado phill
[7/9/2015 0:1:32] /i soldado phill
[7/9/2015 0:1:32] /i soldado phill
[7/9/2015 0:1:32] /i soldado phill
[7/9/2015 0:1:32] /i soldado phill
[7/9/2015 0:1:32] /i soldado phill
[7/9/2015 0:1:32] /i soldado phill
[7/9/2015 0:1:32] /i soldado phill
[7/9/2015 0:1:32] /i soldado phill
[7/9/2015 0:1:32] /i soldado phill
[7/9/2015 0:1:32] /i soldado phill
[7/9/2015 0:1:32] /i soldado phill
[7/9/2015 0:1:33] /i soldado phill
[7/9/2015 0:1:33] /i soldado phill
[7/9/2015 0:1:33] /i soldado phill
[7/9/2015 0:1:33] /i soldado phill
[7/9/2015 0:1:33] /i soldado phill
[7/9/2015 0:1:33] /i soldado phill
[7/9/2015 0:1:33] /i soldado phill
[7/9/2015 0:1:33] /i soldado phill
[7/9/2015 0:1:33] /i soldado phill
[7/9/2015 0:1:33] /i soldado phill
[7/9/2015 0:1:33] /i soldado phill
[7/9/2015 0:1:33] /i soldado phill
[7/9/2015 0:1:33] /i soldado phill
[7/9/2015 0:1:33] /i soldado phill
[7/9/2015 0:1:33] /i soldado phill
[7/9/2015 0:1:33] /i soldado phill
[7/9/2015 0:1:33] /i soldado phill
[7/9/2015 0:1:33] /i soldado phill
[7/9/2015 0:1:33] /i soldado phill
[7/9/2015 0:1:33] /i soldado phill
[7/9/2015 0:1:33] /i soldado phill
[7/9/2015 0:1:33] /i soldado phill
[7/9/2015 0:1:33] /i soldado phill
[7/9/2015 0:1:33] /i soldado phill
[7/9/2015 0:1:33] /i soldado phill
[7/9/2015 0:1:33] /i soldado phill
[7/9/2015 0:1:33] /i soldado phill
[7/9/2015 0:1:33] /i soldado phill
[7/9/2015 0:1:33] /i soldado phill
[7/9/2015 0:1:33] /i soldado phill
[7/9/2015 0:1:34] /i soldado phill
[7/9/2015 0:1:34] /i soldado phill
[7/9/2015 0:1:34] /i soldado phill
[7/9/2015 0:1:34] /i soldado phill
[7/9/2015 0:1:34] /i soldado phill
[7/9/2015 0:1:34] /i soldado phill
[7/9/2015 0:1:34] /i soldado phill
[7/9/2015 0:1:34] /i soldado phill
[7/9/2015 0:1:34] /i soldado phill
[7/9/2015 0:1:34] /i soldado phill
[7/9/2015 0:1:34] /i soldado phill
[7/9/2015 0:1:34] /i soldado phill
[7/9/2015 0:1:34] /i soldado phill
[7/9/2015 0:1:34] /i soldado phill
[7/9/2015 0:1:34] /i soldado phill
[7/9/2015 0:1:34] /i soldado phill
[7/9/2015 0:1:35] /t
[7/9/2015 0:16:45] /goto anbu zkss
[7/9/2015 0:16:49] /t
[7/9/2015 0:17:15] /goto anbu zkss
[7/9/2015 0:17:18] /t
[7/9/2015 0:17:49] /goto peace
[7/9/2015 0:17:50] /t
[7/9/2015 0:18:7] /t
[7/9/2015 0:39:38] /goto peace
[7/9/2015 0:39:42] /goto anbu zkss
[7/9/2015 0:39:45] /goto anbu zkss
[7/9/2015 0:39:46] /goto anbu zkss
[7/9/2015 0:39:47] /goto anbu zkss
[7/9/2015 0:39:48] /goto anbu zkss
[7/9/2015 0:39:51] /goto bob marley
[7/9/2015 0:39:54] /goto anbu zkss
[7/9/2015 0:39:55] /goto anbu zkss
[7/9/2015 0:39:56] /goto anbu zkss
[7/9/2015 0:39:57] /goto anbu zkss
[7/9/2015 0:39:58] /goto anbu zkss
[7/9/2015 0:39:59] /goto anbu zkss
[7/9/2015 0:40:0] /goto anbu zkss
[7/9/2015 0:40:1] /goto anbu zkss
[7/9/2015 0:40:2] /goto anbu zkss
[7/9/2015 0:40:3] /goto anbu zkss
[7/9/2015 0:40:4] /goto anbu zkss
[7/9/2015 0:40:5] /goto anbu zkss
[7/9/2015 0:40:6] /goto anbu zkss
[7/9/2015 0:40:7] /goto anbu zkss
[7/9/2015 0:40:8] /goto anbu zkss
[7/9/2015 0:40:9] /goto anbu zkss
[7/9/2015 0:40:10] /goto anbu zkss
[7/9/2015 0:40:11] /goto anbu zkss
[7/9/2015 0:40:13] /goto anbu zkss
[7/9/2015 0:40:25] /goto anbu zkss
[7/9/2015 0:40:27] /goto anbu zkss
[7/9/2015 0:40:28] /goto anbu zkss
[7/9/2015 0:40:29] /goto anbu zkss
[7/9/2015 0:40:30] /goto anbu zkss
[7/9/2015 0:40:30] /goto anbu zkss
[7/9/2015 0:40:31] /goto anbu zkss
[7/9/2015 0:40:32] /goto anbu zkss
[7/9/2015 0:40:33] /goto anbu zkss
[7/9/2015 0:40:33] /goto anbu zkss
[7/9/2015 0:40:34] /goto anbu zkss
[7/9/2015 0:40:35] /goto anbu zkss
[7/9/2015 0:40:36] /goto anbu zkss
[7/9/2015 0:40:37] /goto anbu zkss
[7/9/2015 0:40:38] /goto anbu zkss
[7/9/2015 0:40:39] /goto anbu zkss
[7/9/2015 0:40:40] /goto anbu zkss
[7/9/2015 0:40:48] /goto peace
[7/9/2015 0:40:53] /goto bob marley
[7/9/2015 0:40:56] /goto bob marley
[7/9/2015 0:40:57] /goto bob marley
[7/9/2015 0:40:58] /goto bob marley
[7/9/2015 0:40:59] /goto bob marley
[7/9/2015 0:41:0] /goto bob marley
[7/9/2015 0:41:1] /goto bob marley
[7/9/2015 0:41:2] /goto bob marley
[7/9/2015 0:41:3] /goto bob marley
[7/9/2015 0:41:3] /goto bob marley
[7/9/2015 0:41:4] /t
[7/9/2015 2:49:37] /goto eternal gates
[7/9/2015 2:49:38] /ghost
[7/9/2015 2:50:30] /t
[7/9/2015 2:51:16] /ghost
[7/9/2015 3:36:6] /i backpack
[7/9/2015 3:37:11] /i madara armor
[7/9/2015 3:37:22] /i obito tunic
[7/9/2015 3:37:25] /i hashirama armor
[7/9/2015 3:37:30] /i hashirama legs
[7/9/2015 3:37:39] /i obito legs
[7/9/2015 3:37:42] /i obito mask
[7/9/2015 3:37:49] /i vital boots
[7/9/2015 3:38:7] /i gold bar
[7/9/2015 3:38:9] /i gold bar
[7/9/2015 3:38:10] /i vital boots
[7/9/2015 3:38:10] /i vital boots
[7/9/2015 3:38:11] /i vital boots
[7/9/2015 3:38:11] /i vital boots
[7/9/2015 3:38:26] /i gold bar
[7/9/2015 3:38:26] /i gold bar
[7/9/2015 3:38:27] /i gold bar
[7/9/2015 3:38:27] /i gold bar
[7/9/2015 3:38:28] /i gold bar
[7/9/2015 3:38:28] /i gold bar
[7/9/2015 3:38:28] /i gold bar
[7/9/2015 3:38:42] /i backpack
[7/9/2015 3:38:57] /i elite shuriken
[7/9/2015 3:38:58] /i elite shuriken
[7/9/2015 3:38:59] /i elite shuriken
[7/9/2015 3:39:1] /i elite shuriken
[7/9/2015 3:39:7] /i soldado phill
[7/9/2015 3:39:9] /i soldado phill
[7/9/2015 3:39:10] /i soldado phill
[7/9/2015 3:39:10] /i soldado phill
[7/9/2015 12:23:53] /b bom dia
[7/9/2015 12:23:55] /t
[7/9/2015 12:33:57] /ghost
[7/9/2015 12:45:28] /reload spells
[7/9/2015 13:44:54] /ghost
[7/9/2015 13:52:18] /ghost
[7/9/2015 13:52:20] /ghost
[7/9/2015 13:52:28] /up
[7/9/2015 13:52:36] /newtype 102
[7/9/2015 13:58:49] /t
[7/9/2015 14:7:47] /b Evento Invasão
[7/9/2015 14:7:53] /b Evento Invasão
[7/9/2015 14:8:46] /mode 1
[7/9/2015 14:8:52] /ghost
[7/9/2015 14:9:0] /b Evento Invasão
[7/9/2015 14:9:21] /c runsho facil
[7/9/2015 14:9:36] /c runsho vacil
[7/9/2015 14:9:43] /c runsho facil
[7/9/2015 14:10:3] /c fuginumaboa
[7/9/2015 14:10:59] /c brenoroludo
[7/9/2015 14:11:10] /b Mais alguem pro evento ?
[7/9/2015 14:11:39] /c will
[7/9/2015 14:12:24] /b Mais alguem pro evento ?
[7/9/2015 14:12:42] /a
[7/9/2015 14:12:42] /a
[7/9/2015 14:12:43] /a
[7/9/2015 14:12:44] /a
[7/9/2015 14:12:50] /m kyuubi
[7/9/2015 14:16:48] /a 7
[7/9/2015 14:16:52] /m hachibi
[7/9/2015 14:16:56] /a 7
[7/9/2015 14:17:0] /a
[7/9/2015 14:17:0] /a
[7/9/2015 14:17:3] /a
[7/9/2015 14:22:17] /a
[7/9/2015 14:22:17] /a
[7/9/2015 14:22:21] /m obito
[7/9/2015 14:23:2] /m kyuubi
[7/9/2015 14:28:49] /m obito
[7/9/2015 14:29:22] /mode 2
[7/9/2015 14:29:32] /t
[7/9/2015 14:29:39] /b Evento Items
[7/9/2015 14:29:49] /i backpack
[7/9/2015 14:30:15] /i soldado phills
[7/9/2015 14:30:18] /i soldado phill
[7/9/2015 14:30:19] /i soldado phill
[7/9/2015 14:30:19] /i soldado phill
[7/9/2015 14:30:20] /i soldado phill
[7/9/2015 14:30:32] /i nidaime armor
[7/9/2015 14:30:41] /i life potion
[7/9/2015 14:30:49] /i akatsuki legs
[7/9/2015 14:30:56] /i akatsuki ring
[7/9/2015 14:31:7] /i kakashi mask
[7/9/2015 14:31:14] /i vital boots
[7/9/2015 19:44:51] /b Eai rapaziadinhaaa
[7/9/2015 19:44:59] /b fiquei off o dia todo desculpa ai
[7/9/2015 19:45:31] /b Falem cmg no help ai 
[7/9/2015 19:58:57] /reload globalevents
[7/9/2015 19:59:31] /reload config
[7/9/2015 20:0:6] /t
[7/9/2015 20:5:18] /b Galera to com um problema no meu pc não to conseguindo abrir o help
[7/9/2015 20:5:31] /b falem no Chat
[7/9/2015 20:11:5] /b Ae dúvidas no Help
[7/9/2015 20:20:51] /b Evento Invasão 20:30
[7/9/2015 20:20:54] /ghost
[7/9/2015 20:25:50] /mode 1
[7/9/2015 20:27:3] /b Viram que tem novo site ?
[7/9/2015 20:29:12] /goto hezz
[7/9/2015 20:29:22] /i hashirama armor
[7/9/2015 20:29:27] /i hashirama legs
[7/9/2015 20:29:30] /i obito mask
[7/9/2015 20:29:33] /i vital boots
[7/9/2015 20:29:42] /t
[7/9/2015 20:30:18] /t
[7/9/2015 20:30:19] /up
[7/9/2015 20:30:35] /newtype 102
[7/9/2015 20:31:7] /m trainer
[7/9/2015 20:31:11] /r
[7/9/2015 20:31:26] /m trainer
[7/9/2015 20:31:43] /r
[7/9/2015 20:31:49] /a
[7/9/2015 20:31:49] /a
[7/9/2015 20:31:49] /a
[7/9/2015 20:31:52] /ghost
[7/9/2015 20:33:14] /b 7 minutos pro evento
[7/9/2015 20:33:43] /b Evento Invasão
[7/9/2015 20:34:12] /c anteiku
[7/9/2015 20:34:34] /a
[7/9/2015 20:34:35] /a
[7/9/2015 20:34:46] /a 3
[7/9/2015 20:39:56] /m kyuubi
[7/9/2015 20:39:59] /m hachibi
[7/9/2015 20:40:1] /a 7
[7/9/2015 20:40:6] /m kyuubi
[7/9/2015 20:40:8] /m hachibi
[7/9/2015 20:40:11] /a
[7/9/2015 20:40:18] /b Evento Começou
[7/9/2015 20:42:13] /a
[7/9/2015 20:42:14] /a
[7/9/2015 20:42:16] /r
[7/9/2015 20:42:16] /r
[7/9/2015 20:42:17] /r
[7/9/2015 20:42:17] /r
[7/9/2015 20:42:17] /r
[7/9/2015 20:42:17] /r
[7/9/2015 20:42:18] /r
[7/9/2015 20:42:18] /r
[7/9/2015 20:42:18] /r
[7/9/2015 20:42:18] /r
[7/9/2015 20:42:18] /r
[7/9/2015 20:42:19] /r
[7/9/2015 20:42:19] /r
[7/9/2015 20:42:19] /r
[7/9/2015 20:42:21] /a
[7/9/2015 20:42:32] /a
[7/9/2015 20:42:32] /a
[7/9/2015 20:42:37] /c hachibi
[7/9/2015 20:42:39] /a
[7/9/2015 20:43:8] /c the brigade
[7/9/2015 20:44:48] /c unknow
[7/9/2015 20:45:2] /goto unknow
[7/9/2015 20:48:12] /a
[7/9/2015 20:48:13] /a
[7/9/2015 20:48:16] /m obito
[7/9/2015 20:48:18] /a
[7/9/2015 20:49:0] /a
[7/9/2015 20:49:3] /m kyuubi
[7/9/2015 20:49:5] /a
[7/9/2015 20:49:5] /a
[7/9/2015 20:50:16] /b Quest Akatsuki é Quest, Primeiro vc vai na parte 1 pegar o anel que deixa voce entrar na akatsuki, depois vai na parte 2 
[7/9/2015 20:51:2] /b O Otario vai blocar a quest
[7/9/2015 20:51:7] /b O Otario vai blocar a quest
[7/9/2015 20:52:55] /c eternal gates
[7/9/2015 20:53:0] /c only sux
[7/9/2015 20:53:41] /b Otario vai bloca quest akatsuki
[7/9/2015 20:54:9] /mode 2
[7/9/2015 20:55:31] /i madara bashousen
[7/9/2015 20:55:37] /i bashousen
[7/9/2015 20:55:47] /goto eternal gates
[7/9/2015 20:55:55] /ghost
[7/9/2015 20:55:57] /goto eternal gates
[7/9/2015 20:55:59] /goto eternal gates
[7/9/2015 20:56:2] /goto eternal gates
[7/9/2015 20:56:4] /goto eternal gates
[7/9/2015 20:56:9] /goto eternal gates
[7/9/2015 20:56:10] /goto eternal gates
[7/9/2015 20:56:11] /goto eternal gates
[7/9/2015 20:56:15] /goto eternal gates
[7/9/2015 20:56:17] /goto eternal gates
[7/9/2015 20:56:17] /goto eternal gates
[7/9/2015 20:56:18] /goto eternal gates
[7/9/2015 20:56:18] /goto eternal gates
[7/9/2015 20:56:19] /goto eternal gates
[7/9/2015 20:56:20] /goto eternal gates
[7/9/2015 20:56:20] /goto eternal gates
[7/9/2015 20:56:21] /goto eternal gates
[7/9/2015 20:56:21] /goto eternal gates
[7/9/2015 20:56:22] /goto eternal gates
[7/9/2015 20:56:22] /goto eternal gates
[7/9/2015 20:56:23] /goto eternal gates
[7/9/2015 20:56:24] /goto eternal gates
[7/9/2015 20:56:24] /goto eternal gates
[7/9/2015 20:56:25] /goto eternal gates
[7/9/2015 20:56:25] /goto eternal gates
[7/9/2015 20:56:26] /goto eternal gates
[7/9/2015 20:56:26] /goto eternal gates
[7/9/2015 20:56:27] /goto eternal gates
[7/9/2015 20:56:28] /goto eternal gates
[7/9/2015 20:56:29] /goto eternal gates
[7/9/2015 20:56:30] /goto eternal gates
[7/9/2015 20:56:30] /goto eternal gates
[7/9/2015 20:56:47] /b Tenham cuidado, o bixo da primeira parte é mt forte
[7/9/2015 20:57:38] /goto obito uchiha
[7/9/2015 20:57:42] /goto obito uchiha
[7/9/2015 20:57:56] /goto obito uchiha
[7/9/2015 20:58:0] /goto obito uchiha
[7/9/2015 20:58:3] /goto obito uchiha
[7/9/2015 21:2:55] /ghost
[7/9/2015 21:3:15] /a
[7/9/2015 21:3:16] /a
[7/9/2015 21:3:16] /a
[7/9/2015 21:3:22] /a
[7/9/2015 21:4:22] /a
[7/9/2015 21:4:23] /a
[7/9/2015 21:5:13] /a
[7/9/2015 21:5:48] /up
[7/9/2015 21:6:0] /c uchihah
[7/9/2015 21:6:3] /c unknow
[7/9/2015 21:6:6] /c will
[7/9/2015 21:6:11] /c haruno chan
[7/9/2015 21:6:15] /c konan fodan
[7/9/2015 21:6:24] /ghost
[7/9/2015 21:7:14] /goto otario
[7/9/2015 21:10:6] /m uchiha bunshin
[7/9/2015 21:10:58] /a 5
[7/9/2015 21:11:0] /a 5
[7/9/2015 21:12:58] /a
[7/9/2015 21:12:58] /a
[7/9/2015 21:12:59] /a
[7/9/2015 21:13:1] /a
[7/9/2015 21:13:4] /r
[7/9/2015 21:13:5] /r
[7/9/2015 21:13:5] /r
[7/9/2015 21:13:5] /r
[7/9/2015 21:13:7] /r
[7/9/2015 21:13:18] /ghost
[7/9/2015 21:13:19] /a
[7/9/2015 21:13:20] /a
[7/9/2015 21:13:20] /a
[7/9/2015 21:13:20] /a
[7/9/2015 21:13:20] /a
[7/9/2015 21:13:21] /a
[7/9/2015 21:13:22] /a
[7/9/2015 21:17:51] /goto eternal gates
[7/9/2015 21:17:56] /goto otario
[7/9/2015 21:18:13] /c will
[7/9/2015 21:18:18] /c eternal gates
[7/9/2015 21:18:23] /c uchihah
[7/9/2015 21:20:42] /goto otario
[7/9/2015 21:20:49] /c uchihah
[7/9/2015 21:20:59] /goto otario
[7/9/2015 21:23:58] /goto otario
[7/9/2015 21:25:36] /goto otario
[7/9/2015 21:27:4] /c uchihah
[7/9/2015 21:27:10] /r
[7/9/2015 21:27:18] /t uchihah
[7/9/2015 21:27:22] /goto otario
[7/9/2015 21:27:28] /c uchiha
[7/9/2015 21:27:29] /c uchihah
[7/9/2015 21:30:18] /goto uchihah
[7/9/2015 21:30:41] /i 2145
[7/9/2015 21:31:53] /ghost
[7/9/2015 21:33:38] /t
[7/9/2015 21:33:46] /ghost
[7/9/2015 22:0:18] /b Galera ta dando um erro desconhecido aqui
[7/9/2015 22:0:37] /b Por hora vamos usar o comando !save para não dar nenhum problema
[7/9/2015 22:0:55] /b com esse comando vc salva seu char
[7/9/2015 22:9:4] /t
[7/9/2015 22:20:34] /b Galera vou reiniciar o sv jaja arrumei uma parada aqui ve se para de cair
[7/9/2015 22:21:36] /save
[7/9/2015 22:53:35] /ghost
[7/9/2015 22:57:4] /ghost
[7/9/2015 23:20:17] /b Galera os jutsus tão sem efeito ?
[7/9/2015 23:20:52] /goto the brigade
[7/9/2015 23:26:0] /goto kage na ru to
[7/9/2015 23:26:15] /goto kage sasuke
[7/9/2015 23:26:29] /goto kage kakashi
[7/9/2015 23:27:7] /m uchiha bunshin
[7/9/2015 23:27:8] /m uchiha bunshin
[7/9/2015 23:28:2] /t
[7/9/2015 23:28:22] /b Vou reiniciar
[7/9/2015 23:28:26] /b pra arrumar os efeitos
[7/9/2015 23:28:54] /save
[7/9/2015 23:30:9] /save
[7/9/2015 23:30:16] /b Vou botar o Hashirama free tbm
[8/9/2015 0:2:0] /b Efeitos ainda não pegando ? diga no help
[8/9/2015 0:2:29] /b Já volta perai
[8/9/2015 0:2:31] /save
[8/9/2015 0:2:44] /goto rock lee op
[8/9/2015 0:2:51] /goto kage kakashi
[8/9/2015 0:6:40] /t
[8/9/2015 0:7:18] /save
[8/9/2015 0:7:23] /reload lib
[8/9/2015 0:8:3] /goto the brigade
[8/9/2015 0:8:20] /m itachi bunshin
[8/9/2015 0:8:27] /m itachi bunshin
[8/9/2015 0:8:41] /m uchiha bunshin
[8/9/2015 0:8:49] /m hoshigaki bunshin
[8/9/2015 0:8:50] /m hoshigaki bunshin
[8/9/2015 0:8:59] /m hoshigaki bunshin
[8/9/2015 0:9:43] /t
[8/9/2015 0:10:20] /b server já volta ai
[8/9/2015 0:10:22] /save
[8/9/2015 0:10:35] /goto babylon
[8/9/2015 0:10:46] /up
[8/9/2015 0:10:49] /down
[8/9/2015 0:11:0] /save
[8/9/2015 0:11:56] /t
[8/9/2015 0:17:10] /t
[8/9/2015 0:17:14] /up
[8/9/2015 0:17:15] /up
[8/9/2015 0:28:8] /b tnc tem alguma coisa bugadona
[8/9/2015 0:28:14] /t
[8/9/2015 0:28:20] /ghost
[8/9/2015 0:29:10] /ghost
[8/9/2015 0:32:18] /ghost
[8/9/2015 0:33:18] /t ateiku
[8/9/2015 0:35:28] /t anteiku
[8/9/2015 0:36:7] /ghost
[8/9/2015 0:38:17] /b Pra compensar as caidas galera vou tentar a ultima vez arrumar ele aqui, e reiniciar, ai faço um eventinho invasão
[8/9/2015 0:45:23] /closeserver
[8/9/2015 0:46:20] /t
[8/9/2015 0:46:24] /mode 1
[8/9/2015 0:46:41] /b Eventinho ai galera desculpa qualquer coisa ai
[8/9/2015 0:46:53] /t anteiku
[8/9/2015 0:47:51] /goto bob marley
[8/9/2015 0:48:0] /i hashirama armor
[8/9/2015 0:48:6] /i hashirama legs
[8/9/2015 0:48:11] /i vital boots
[8/9/2015 0:48:22] /i obito mask
[8/9/2015 0:48:33] /i obito legs
[8/9/2015 0:48:36] /i obito tunic
[8/9/2015 0:49:8] /t
[8/9/2015 0:49:15] /c lee klz
[8/9/2015 0:49:22] /i nidaime armor
[8/9/2015 0:49:50] /i gaara coat
[8/9/2015 0:50:6] /i kazekage coat
[8/9/2015 0:50:18] /ghost
[8/9/2015 0:50:27] /r
[8/9/2015 0:50:33] /a 3
[8/9/2015 0:50:40] /newtype 257
[8/9/2015 0:51:25] /b não vou devolver mais os items, use o comando !save
[8/9/2015 0:51:44] /t cazaquistao
[8/9/2015 0:52:5] /t
[8/9/2015 0:52:8] /c hokage
[8/9/2015 0:52:14] /i nidaime armor
[8/9/2015 0:52:31] /a 2
[8/9/2015 0:52:43] /b vai começar
[8/9/2015 0:52:50] /m kyuubi
[8/9/2015 0:53:0] /save
[8/9/2015 0:54:39] /m hashibi
[8/9/2015 0:54:47] /m hachibi
[8/9/2015 0:54:52] /ghost
[8/9/2015 0:54:52] /m hachibi
[8/9/2015 0:55:8] /a 2
[8/9/2015 0:55:11] /m obito
[8/9/2015 0:55:50] /m kyuubi
[8/9/2015 0:58:5] /save
[8/9/2015 0:58:6] /m obito
[8/9/2015 0:58:16] /mode 1
[8/9/2015 0:58:27] /m obito
[8/9/2015 0:58:32] /ghost
[8/9/2015 0:58:33] /m obito
[8/9/2015 0:58:40] /m obito
[8/9/2015 0:58:44] /a
[8/9/2015 0:58:44] /a
[8/9/2015 0:58:45] /a
[8/9/2015 0:58:45] /m obito
[8/9/2015 0:59:29] /a
[8/9/2015 0:59:30] /a
[8/9/2015 0:59:32] /a
[8/9/2015 0:59:33] /a
[8/9/2015 0:59:33] /m obito
[8/9/2015 0:59:43] /m obito
[8/9/2015 1:0:8] /a
[8/9/2015 1:0:9] /a
[8/9/2015 1:0:9] /a
[8/9/2015 1:0:18] /c fuck you
[8/9/2015 1:0:24] /c kage na ru to
[8/9/2015 1:0:29] /mode 2
[8/9/2015 1:0:52] /b Não esqueçam do comando !save
[8/9/2015 1:1:13] /b bless não tem no ot ainda
[8/9/2015 1:2:59] /reload spells
[8/9/2015 1:4:24] /goto eternal gates
[8/9/2015 1:4:30] /ghost
[8/9/2015 1:4:46] /m tsunade lendary sannin
[8/9/2015 1:8:22] /reload monster
[8/9/2015 1:9:12] /a 60
[8/9/2015 1:9:17] /a 60
[8/9/2015 1:9:28] /c tsunade lendary sannin
[8/9/2015 1:9:29] /c tsunade lendary sannin
[8/9/2015 1:9:30] /c tsunade lendary sannin
[8/9/2015 1:9:30] /c tsunade lendary sannin
[8/9/2015 1:9:30] /c tsunade lendary sannin
[8/9/2015 1:9:31] /c tsunade lendary sannin
[8/9/2015 1:9:31] /c tsunade lendary sannin
[8/9/2015 1:9:31] /c tsunade lendary sannin
[8/9/2015 1:9:32] /c tsunade lendary sannin
[8/9/2015 1:9:32] /c tsunade lendary sannin
[8/9/2015 1:9:32] /c tsunade lendary sannin
[8/9/2015 1:9:33] /c tsunade lendary sannin
[8/9/2015 1:9:33] /c tsunade lendary sannin
[8/9/2015 1:9:33] /c tsunade lendary sannin
[8/9/2015 1:9:33] /c tsunade lendary sannin
[8/9/2015 1:9:34] /c tsunade lendary sannin
[8/9/2015 1:9:34] /c tsunade lendary sannin
[8/9/2015 1:9:34] /c tsunade lendary sannin
[8/9/2015 1:9:35] /c tsunade lendary sannin
[8/9/2015 1:9:35] /c tsunade lendary sannin
[8/9/2015 1:9:35] /c tsunade lendary sannin
[8/9/2015 1:9:36] /c tsunade lendary sannin
[8/9/2015 1:9:36] /c tsunade lendary sannin
[8/9/2015 1:9:36] /c tsunade lendary sannin
[8/9/2015 1:9:36] /c tsunade lendary sannin
[8/9/2015 1:9:37] /c tsunade lendary sannin
[8/9/2015 1:9:37] /c tsunade lendary sannin
[8/9/2015 1:9:37] /c tsunade lendary sannin
[8/9/2015 1:9:38] /c tsunade lendary sannin
[8/9/2015 1:9:38] /c tsunade lendary sannin
[8/9/2015 1:9:38] /c tsunade lendary sannin
[8/9/2015 1:9:40] /a 60
[8/9/2015 1:9:40] /c tsunade lendary sannin
[8/9/2015 1:9:43] /r
[8/9/2015 1:9:46] /a 60
[8/9/2015 1:11:11] /goto spark
[8/9/2015 1:11:22] /a
[8/9/2015 1:11:24] /reload spells
[8/9/2015 1:11:26] /a
[8/9/2015 1:11:56] /newtype 257
[8/9/2015 1:15:30] /t
[8/9/2015 1:16:27] /reload spells
[8/9/2015 1:30:39] /goto otario
[8/9/2015 1:30:49] /goto the brigade
[8/9/2015 1:31:3] /a 5
[8/9/2015 1:31:8] /c the brigade
[8/9/2015 1:31:11] /c kage kakashi
[8/9/2015 1:31:14] /c kage na ru to
[8/9/2015 1:31:17] /c anteiku
[8/9/2015 1:31:20] /c babylon
[8/9/2015 1:31:37] /t
[8/9/2015 1:31:38] /ghost
[8/9/2015 1:32:10] /ghost
[8/9/2015 1:32:11] /ghost
[8/9/2015 1:32:14] /ghost
[8/9/2015 1:32:14] /ghost
[8/9/2015 1:32:16] /ghost
[8/9/2015 1:32:16] /ghost
[8/9/2015 1:32:18] /ghost
[8/9/2015 1:32:19] /ghost
[8/9/2015 1:32:20] /ghost
[8/9/2015 1:32:21] /ghost
[8/9/2015 1:32:23] /t
[8/9/2015 1:32:40] /goto babylon
[8/9/2015 1:32:58] /t
[8/9/2015 1:45:23] /b Essa semana ai eu adianto o Speed Attack 
[8/9/2015 4:48:36] /t eternal gates
[8/9/2015 4:55:29] /goto anbu zkss
[8/9/2015 4:55:30] /t
