[26/04/2012 22:16:04] /i 2129
[26/04/2012 22:16:33] /ghost
[26/04/2012 22:16:43] /ghost
[26/04/2012 22:22:26] /a
[26/04/2012 22:22:27] /a
[26/04/2012 22:22:33] /a
[26/04/2012 22:22:49] /a
[26/04/2012 22:22:51] /a
[26/04/2012 22:22:55] /a
[26/04/2012 22:22:55] /a
[26/04/2012 22:23:29] /t
[26/04/2012 22:26:13] /c killer bee
[26/04/2012 22:26:21] /ghost
[26/04/2012 22:26:35] /c killer bee
[26/04/2012 22:26:57] /c killer bee
[26/04/2012 22:27:02] /t
[26/04/2012 22:27:02] /c killer bee
[26/04/2012 22:27:32] /b lu viadin
[26/04/2012 22:28:01] /t
[26/04/2012 22:28:07] /c killer bee
[26/04/2012 22:28:08] /c killer bee
[26/04/2012 22:28:08] /c killer bee
[26/04/2012 22:28:08] /c killer bee
[26/04/2012 22:28:31] /t
[26/04/2012 22:28:35] /c killer bee
[26/04/2012 22:29:17] /c killer bee
[26/04/2012 22:29:41] /c killer bee
[26/04/2012 22:30:02] /c killer bee
[26/04/2012 22:30:56] /c killer bee
[26/04/2012 22:31:20] /c killer bee
[26/04/2012 22:31:32] /c killer bee
[26/04/2012 22:32:48] /c killer bee
[26/04/2012 22:34:18] /ghost
[26/04/2012 22:35:53] /c killer bee
[26/04/2012 22:36:03] /ghost
[26/04/2012 22:36:08] /a
[26/04/2012 22:36:10] /a
[26/04/2012 22:36:13] /c killer bee
[26/04/2012 22:36:24] /t
[26/04/2012 22:36:53] /a
[26/04/2012 22:36:54] /a
[26/04/2012 22:36:55] /c gabii
[26/04/2012 22:37:01] /t
[26/04/2012 22:37:14] /b kosakaoksa
[26/04/2012 22:37:29] /b ksoaksaos
[26/04/2012 22:37:45] /ghost
[26/04/2012 22:37:56] /ghost
[26/04/2012 22:38:09] /a
[26/04/2012 22:38:14] /a
[26/04/2012 22:38:14] /a
[26/04/2012 22:38:21] /c killer bee
[26/04/2012 22:38:38] /a
[26/04/2012 22:38:39] /a
[26/04/2012 22:38:49] /t
[26/04/2012 22:39:39] /a
[26/04/2012 22:39:40] /a
[26/04/2012 22:40:24] /t
[26/04/2012 22:40:26] /c killer bee
[26/04/2012 22:40:29] /c killer bee
[26/04/2012 22:40:35] /c killer bee
[26/04/2012 22:41:11] /i 2652
[26/04/2012 22:41:20] /i 2652
[26/04/2012 22:42:13] /ghost
[26/04/2012 22:45:18] /i 6840
[26/04/2012 22:45:26] /i 6840
[26/04/2012 22:45:49] /c killer bee
[26/04/2012 22:49:01] /i 6840
[26/04/2012 22:49:11] /i 6839
[26/04/2012 22:49:26] /i 405
[26/04/2012 22:49:34] /a
[26/04/2012 22:49:36] /i 6840
[26/04/2012 22:52:27] /a
[26/04/2012 22:52:28] /r
[26/04/2012 22:52:29] /r
[26/04/2012 22:52:43] /r 6840
[26/04/2012 22:52:53] /r 6840
[26/04/2012 22:52:58] /i 6840
[26/04/2012 22:53:03] /r 680
[26/04/2012 22:53:06] /i 6840
[26/04/2012 22:53:11] /r 6840
[26/04/2012 22:53:20] /r 6840
[26/04/2012 22:53:25] /r 6840
[26/04/2012 22:53:33] /r 6840
[26/04/2012 22:53:51] /r 1887
[26/04/2012 22:54:03] /i 1887
[26/04/2012 22:54:21] /r 405
[26/04/2012 22:54:29] /r 405
[26/04/2012 22:54:36] /r 405
[26/04/2012 22:57:31] /i 1388
[26/04/2012 22:57:39] /r 1887
[26/04/2012 22:57:48] /r 1388
[26/04/2012 22:57:54] /r 1388
[26/04/2012 22:58:33] /i 1887
[26/04/2012 22:59:32] /i 1387
[26/04/2012 22:59:39] /r 1387
[26/04/2012 22:59:53] /i 1887
[26/04/2012 23:01:43] /i 1887
[26/04/2012 23:01:49] /i 1887
[26/04/2012 23:01:55] /r 1887
[26/04/2012 23:02:04] /r 1887
[26/04/2012 23:02:10] /r 1887
[26/04/2012 23:02:17] /r 1887
[26/04/2012 23:02:35] /r 1887
[26/04/2012 23:02:46] /i 1388
[26/04/2012 23:02:54] /r 1388
[26/04/2012 23:03:20] /i 1387
[26/04/2012 23:03:29] /t
[26/04/2012 23:04:00] /r 1387
[26/04/2012 23:04:33] /t
[26/04/2012 23:04:50] /i 1386
[26/04/2012 23:04:55] /i 1386
[26/04/2012 23:05:01] /r 1386
[26/04/2012 23:05:04] /r 1386
[26/04/2012 23:06:00] /i 2390
[26/04/2012 23:06:15] /c killer bee
[26/04/2012 23:07:12] /t
[26/04/2012 23:07:59] /i 2433
[26/04/2012 23:10:07] /c oni oni
[26/04/2012 23:11:59] /m uchiha itachi
[26/04/2012 23:12:21] /m naruto
[26/04/2012 23:12:30] /m kyuubi no youko
[26/04/2012 23:12:41] /m kyuubi no youko
[26/04/2012 23:13:37] /m ichibi no shukako
[26/04/2012 23:13:50] /m 6 caudas kyuubi
[26/04/2012 23:14:02] /m 4 caudas
[26/04/2012 23:14:13] /m 4 caudas kyuubi
[26/04/2012 23:14:31] /m tayuya boss
[26/04/2012 23:15:02] /m sasori akat
[26/04/2012 23:15:36] /m Susanou itachi
[26/04/2012 23:16:22] /m hokage
[26/04/2012 23:16:48] /m hokage
[26/04/2012 23:18:33] /ghost
[26/04/2012 23:27:54] /ghost
[26/04/2012 23:28:08] /newtype
[26/04/2012 23:28:22] /newtype
[26/04/2012 23:29:08] /newtype 58
[26/04/2012 23:29:31] /newtype 4
[26/04/2012 23:29:34] /newtype 66
[26/04/2012 23:29:36] /newtype 54
[26/04/2012 23:29:40] /newtype 55
[26/04/2012 23:29:43] /newtype 33
[26/04/2012 23:29:46] /newtype 87
[26/04/2012 23:29:49] /newtype 99
[26/04/2012 23:29:51] /newtype 45
[26/04/2012 23:29:54] /newtype 111
[26/04/2012 23:29:59] /newtype 12
[26/04/2012 23:30:01] /newtype 1
[26/04/2012 23:30:05] /newtype 3
[26/04/2012 23:30:07] /newtype 4
[26/04/2012 23:30:10] /newtype 5
[26/04/2012 23:30:12] /newtype 6
[26/04/2012 23:30:14] /newtype 7
[26/04/2012 23:30:15] /newtype 8
[26/04/2012 23:30:17] /newtype 9
[26/04/2012 23:30:20] /newtype 10
[26/04/2012 23:30:23] /newtype 20
[26/04/2012 23:30:30] /newtype 22
[26/04/2012 23:30:32] /newtype 21
[26/04/2012 23:30:34] /newtype 22
[26/04/2012 23:30:37] /newtype 23
[26/04/2012 23:30:38] /newtype 24
[26/04/2012 23:30:41] /newtype 25
[26/04/2012 23:30:46] /newtype 76
[26/04/2012 23:30:54] /newtype 78
[26/04/2012 23:31:00] /newtype 76
[26/04/2012 23:31:02] /newtype 77
[26/04/2012 23:31:05] /newtype 7
[26/04/2012 23:31:08] /newtype 75
[26/04/2012 23:32:39] /newtype 4418
[26/04/2012 23:33:51] /newtype 4366
[26/04/2012 23:34:04] /newtype 66
[26/04/2012 23:34:06] /newtype 77
[26/04/2012 23:34:08] /newtype 88
[26/04/2012 23:34:10] /newtype 99
[26/04/2012 23:34:12] /newtype 00
[26/04/2012 23:34:14] /newtype 11
[26/04/2012 23:34:16] /newtype 22
[26/04/2012 23:34:19] /newtype 33
[26/04/2012 23:34:21] /newtype 44
[26/04/2012 23:35:44] /newtype 65
[26/04/2012 23:35:46] /newtype 76
[26/04/2012 23:35:48] /newtype 87
[26/04/2012 23:35:50] /newtype 98
[26/04/2012 23:35:52] /newtype 21
[26/04/2012 23:35:54] /newtype 43
[26/04/2012 23:35:56] /newtype 54
[26/04/2012 23:35:57] /newtype 65
[26/04/2012 23:35:59] /newtype 23
[26/04/2012 23:36:02] /newtype 45
[26/04/2012 23:36:03] /newtype 56
[26/04/2012 23:36:05] /newtype 67
[26/04/2012 23:36:06] /newtype 78
[27/04/2012 12:29:58] /newtype 43
[27/04/2012 12:30:04] /newtype 567
[27/04/2012 12:30:15] /newtype 67
[27/04/2012 12:30:56] /c killer bee
[27/04/2012 12:35:36] /i 1429
[27/04/2012 12:35:46] /r 1429
[27/04/2012 12:35:50] /i 1428
[27/04/2012 12:36:16] /c killer bee
[27/04/2012 12:36:40] /a
[27/04/2012 12:36:41] /a
[27/04/2012 12:36:41] /a
[27/04/2012 12:36:44] /a
[27/04/2012 12:36:44] /a
[27/04/2012 12:36:45] /a
[27/04/2012 12:36:46] /a
[27/04/2012 12:36:48] /t
[27/04/2012 12:37:48] /r 1428
[27/04/2012 12:37:53] /i 1429
[27/04/2012 12:40:14] /addskill Uzumaki Naruto,level,1
[27/04/2012 12:40:19] /addskill Uzumaki Naruto,level,100
[27/04/2012 13:44:00] /c killer bee
[27/04/2012 14:03:49] /save
[27/04/2012 14:44:09] /ghost
[27/04/2012 14:45:07] /addskill Neji,level,1
[27/04/2012 14:45:12] /addskill Neji,level,99
[27/04/2012 14:46:22] /i 
[27/04/2012 14:46:27] /i 2127
[27/04/2012 14:46:37] /i 2125
[27/04/2012 14:47:04] /a
[27/04/2012 14:47:05] /a
[27/04/2012 14:47:32] /t
[27/04/2012 14:59:00] /save
[27/04/2012 15:50:56] /c sony
[27/04/2012 15:51:45] /i 2127
[27/04/2012 15:52:02] /i 2125
[27/04/2012 15:52:28] /m sasori boss
[27/04/2012 16:52:29] /c killer bee
[27/04/2012 16:52:48] /t
[27/04/2012 16:54:30] /ghost
[27/04/2012 17:11:01] /c sony
[27/04/2012 17:11:16] /c http://www.dbobrasil.com.br/naruto
[27/04/2012 17:11:24] /c chapalirous
[27/04/2012 17:11:32] /ghost
[27/04/2012 17:11:52] /i 1429
[27/04/2012 17:11:58] /i 1429
[27/04/2012 17:12:23] /ghost
[27/04/2012 17:12:57] /a
[27/04/2012 17:12:58] /a
[27/04/2012 17:13:08] /i 1387
[27/04/2012 17:13:18] /r 1387
[27/04/2012 17:13:29] /r 1387
[27/04/2012 17:13:31] /t
[27/04/2012 17:13:40] /a
[27/04/2012 17:13:41] /a
[27/04/2012 17:13:53] /i 1387
[27/04/2012 17:13:58] /t
[27/04/2012 17:14:02] /a
[27/04/2012 17:14:03] /a
[27/04/2012 17:14:05] /t
[27/04/2012 17:14:23] /i 1387
[27/04/2012 17:14:30] /a
[27/04/2012 17:14:31] /a
[27/04/2012 17:14:47] /t
[27/04/2012 17:15:14] /c sony
[27/04/2012 17:17:45] /t
[27/04/2012 17:19:01] /i 6313
[27/04/2012 17:19:10] /r 6313
[27/04/2012 17:19:24] /i 6730
[27/04/2012 17:19:36] /i 6730
[27/04/2012 17:19:37] /t
[27/04/2012 17:19:51] /c sony
[27/04/2012 18:39:31] /save
[27/04/2012 18:48:39] /ghost
[27/04/2012 18:50:37] /c neji
[27/04/2012 18:51:04] /goto sony
[27/04/2012 18:51:30] /goto uzumaki naruto
[27/04/2012 18:51:51] /t
[27/04/2012 18:53:32] /goto sony
[27/04/2012 18:54:21] /r 1386
[27/04/2012 18:54:28] /i 1386
[27/04/2012 18:54:41] /r 1386
[27/04/2012 18:55:00] /r 2711
[27/04/2012 18:55:11] /r 2021
[27/04/2012 18:55:18] /r 1386
[27/04/2012 18:55:28] /i 1386
[27/04/2012 18:55:43] /t 1386
[27/04/2012 18:55:51] /r 1386
[27/04/2012 18:56:00] /r 9043
[27/04/2012 18:56:17] /r 2707
[27/04/2012 18:56:27] /i 1386
[27/04/2012 18:56:46] /up
[27/04/2012 18:56:56] /i 1386
[27/04/2012 18:57:10] /r 2703
[27/04/2012 18:57:23] /r 1386
[27/04/2012 18:57:32] /r 1284
[27/04/2012 18:57:36] /r 1284
[27/04/2012 18:58:04] /goto neji
[27/04/2012 18:59:17] /goto neji
[27/04/2012 19:00:12] /goto sony
[27/04/2012 19:00:30] /a
[27/04/2012 19:01:00] /t
[27/04/2012 19:01:27] /goto sony
[27/04/2012 19:01:30] /a
[27/04/2012 19:01:37] /m konan boss
[27/04/2012 19:02:07] /c sony
[27/04/2012 19:02:30] /c sony
[27/04/2012 19:02:34] /t
[27/04/2012 19:03:57] /goto Poollidance
[27/04/2012 19:04:16] /addskill neji,level,2
[27/04/2012 19:04:32] /addskill neji,level,76
[27/04/2012 19:04:38] /goto neji
[27/04/2012 19:06:19] /goto sony
[27/04/2012 19:06:49] /addskill sony,level,24
[27/04/2012 19:31:06] /t
[27/04/2012 19:31:28] /c Zianks
[27/04/2012 19:31:50] /addskill Zianks,level,24
[27/04/2012 19:59:05] /a
[27/04/2012 19:59:06] /a
[27/04/2012 19:59:11] /a
[27/04/2012 19:59:12] /a
[27/04/2012 19:59:17] /a
[27/04/2012 19:59:19] /a
[27/04/2012 19:59:25] /a
[27/04/2012 19:59:28] /a
[27/04/2012 19:59:29] /a
[27/04/2012 19:59:30] /a
[27/04/2012 19:59:31] /a
[27/04/2012 19:59:38] /c neji
[27/04/2012 20:00:31] /a
[27/04/2012 20:00:33] /a
[27/04/2012 20:00:34] /a
[27/04/2012 20:00:35] /a
[27/04/2012 20:00:36] /a
[27/04/2012 20:00:48] /c miller
[27/04/2012 20:01:22] /c miller
[27/04/2012 20:01:50] /ghost
[27/04/2012 20:01:58] /ghost
[27/04/2012 20:03:16] /goto miller
[27/04/2012 20:03:44] /t
[27/04/2012 20:05:03] /ghost
[27/04/2012 20:05:54] /addskill zianks,level,10
[27/04/2012 20:06:50] /b me mandem idéias para evento
[27/04/2012 20:07:11] /goto onetwo
[27/04/2012 20:07:22] /up
[27/04/2012 20:07:39] /i 1386
[27/04/2012 20:08:31] /a
[27/04/2012 20:08:35] /a
[27/04/2012 20:08:42] /a
[27/04/2012 20:08:45] /a
[27/04/2012 20:09:05] /i 5258
[27/04/2012 20:09:13] /r 5258
[27/04/2012 20:09:21] /r 5258
[27/04/2012 20:10:18] /a
[27/04/2012 20:10:21] /a
[27/04/2012 20:10:30] /down
[27/04/2012 20:10:39] /down
[27/04/2012 20:10:44] /down
[27/04/2012 20:11:01] /r 5258
[27/04/2012 20:11:07] /r 5258
[27/04/2012 20:11:14] /r 5258
[27/04/2012 20:11:22] /i 5258
[27/04/2012 20:11:48] /down
[27/04/2012 20:11:59] /r 873
[27/04/2012 20:12:13] /i 5258
[27/04/2012 20:12:23] /down
[27/04/2012 20:12:35] /c onetwo
[27/04/2012 20:12:49] /ghost
[27/04/2012 20:13:21] /down
[27/04/2012 20:14:36] /t
[27/04/2012 20:16:04] /goto miller
[27/04/2012 20:16:42] /goto assim vc mata o papai
[27/04/2012 20:16:58] /goto Assim vc Mata Papai 
[27/04/2012 20:17:13] /t
[27/04/2012 20:17:52] /c kankuro psicotico 
[27/04/2012 20:18:08] /addskill kankuro psicotico,level,100
[27/04/2012 20:18:49] /ghost
[27/04/2012 20:18:54] /ghost
[27/04/2012 20:19:43] /c kankuro psicotico
[27/04/2012 20:20:21] /t
[27/04/2012 20:20:46] /c Assim vc Mata Papai 
[27/04/2012 20:22:42] /b vo fazer evento pvp quem quizer vem arena
[27/04/2012 20:22:44] /t
[27/04/2012 20:23:23] /r 4526
[27/04/2012 20:23:29] /r 4526
[27/04/2012 20:23:47] /r 2629
[27/04/2012 20:25:08] /c miller
[27/04/2012 20:26:08] /goto kankuro psicotico
[27/04/2012 20:26:42] /c kankuro psicotico
[27/04/2012 20:27:33] /addskill ankuro psicotico,level 88
[27/04/2012 20:28:36] /goto kankuro psicotico
[27/04/2012 20:28:53] /addskill kankuro psicotico,level,80
[27/04/2012 20:30:50] /ghost
[27/04/2012 20:31:02] /b vem arena
[27/04/2012 20:33:02] /addskill zianks,level,12
[27/04/2012 20:36:06] /t
[27/04/2012 20:36:10] /b vem konoha
[27/04/2012 20:36:28] /b vai ter invação
[27/04/2012 20:36:38] /b todo mundo na dp
[27/04/2012 20:36:52] /m kyuubi
[27/04/2012 20:37:23] /m tobi boss
[27/04/2012 20:37:30] /ghost
[27/04/2012 20:38:40] /b vai para a dp
[27/04/2012 20:38:58] /m konan boss
[27/04/2012 20:39:22] /t
[27/04/2012 20:40:36] /t
[27/04/2012 20:40:39] /clean
[27/04/2012 20:41:06] /b muito lag
[27/04/2012 20:41:19] /b querem qual boss agr?
[27/04/2012 20:41:54] /clean
[27/04/2012 20:42:02] /m pain boss
[27/04/2012 20:42:19] /a
[27/04/2012 20:42:23] /a
[27/04/2012 20:42:27] /a
[27/04/2012 20:42:45] /addskill zianks,level,20
[27/04/2012 20:43:05] /a
[27/04/2012 20:43:06] /a
[27/04/2012 20:43:06] /a
[27/04/2012 20:43:07] /a
[27/04/2012 20:43:08] /a
[27/04/2012 20:43:10] /a
[27/04/2012 20:43:13] /a
[27/04/2012 20:43:14] /a
[27/04/2012 20:43:23] /a
[27/04/2012 20:44:19] /m orochimaru boss
[27/04/2012 20:44:31] /a
[27/04/2012 20:44:32] /a
[27/04/2012 20:44:33] /a
[27/04/2012 20:44:33] /a
[27/04/2012 20:44:34] /a
[27/04/2012 20:44:41] /a
[27/04/2012 20:44:45] /a
[27/04/2012 20:44:54] /a
[27/04/2012 20:44:55] /a
[27/04/2012 20:45:40] /m sasori boss
[27/04/2012 20:46:43] /m zetsu boss
[27/04/2012 20:46:55] /m deidara boss
[27/04/2012 20:47:21] /goto zianks
[27/04/2012 20:47:44] /goto zianks
[27/04/2012 20:48:24] /goto kankuro psicotico
[27/04/2012 20:48:43] /goto kankuro psicotico
[27/04/2012 20:49:45] /t
[27/04/2012 20:50:02] /goto sony
[27/04/2012 20:50:11] /goto kankuro psicotico
[27/04/2012 20:50:45] /r 5103
[27/04/2012 20:51:12] /a
[27/04/2012 20:51:42] /up
[27/04/2012 20:51:54] /i 1386
[27/04/2012 20:52:11] /m orochimaru boss
[27/04/2012 20:52:15] /down
[27/04/2012 20:52:18] /down
[27/04/2012 20:52:32] /a
[27/04/2012 20:52:59] /t
[27/04/2012 20:55:25] /m uchiha itachi
[27/04/2012 20:55:51] /m uchiha itachi
[27/04/2012 20:56:11] /a
[27/04/2012 20:56:36] /t
[27/04/2012 20:58:04] /m kakuzu boss
[27/04/2012 20:59:26] /m kisame boss
[27/04/2012 20:59:51] /m hidan boss
[27/04/2012 21:00:22] /m orochimaru boss
[27/04/2012 21:01:05] /m yondaime
[27/04/2012 21:02:00] /m kakegake
[27/04/2012 21:03:22] /c killer bee
[27/04/2012 21:03:54] /m 4 caudas kyuubi
[27/04/2012 21:04:47] /newtype 656
[27/04/2012 21:05:02] /newtype 98
[27/04/2012 21:05:24] /newtype 75
[27/04/2012 21:09:18] /addskill zianks,level,75
[27/04/2012 21:09:50] /newtype 99
[27/04/2012 21:10:02] /newtype 100
[27/04/2012 21:10:09] /newtype 101
[27/04/2012 21:10:34] /newtype 54
[27/04/2012 21:10:38] /ghost
[27/04/2012 21:10:46] /newtype 75
[27/04/2012 21:10:56] /m tobi boss
[27/04/2012 21:11:02] /m tobi boss
[27/04/2012 21:11:08] /b kyuubi
[27/04/2012 21:12:06] /newtype 343
[27/04/2012 21:12:14] /newtype 456]
[27/04/2012 21:12:19] /newtype 456
[27/04/2012 21:12:39] /newtype 75
[27/04/2012 21:12:46] /m kyuubi
[27/04/2012 21:13:10] /m shukako
[27/04/2012 21:14:24] /m ichibi no shukako
[27/04/2012 21:14:48] /a
[27/04/2012 21:14:48] /a
[27/04/2012 21:14:49] /a
[27/04/2012 21:15:10] /c killer bee
[27/04/2012 21:15:21] /m ichibi no shukako
[27/04/2012 21:15:50] /t
[27/04/2012 21:16:16] /t
[27/04/2012 21:16:24] /c explosive
[27/04/2012 21:17:03] /addskill explosive,level,250
[27/04/2012 21:17:29] /attr group 6
[27/04/2012 21:19:45] /m yondaime
[27/04/2012 21:19:55] /ghost
[27/04/2012 21:20:39] /t
[27/04/2012 21:21:02] /goto sony
[27/04/2012 21:21:14] /c poollidance
[27/04/2012 21:21:40] /t
[27/04/2012 21:53:19] /a
[27/04/2012 21:53:25] /a
[27/04/2012 21:53:25] /a
[27/04/2012 21:53:30] /a
[27/04/2012 21:53:34] /a
[27/04/2012 21:53:49] /r
[27/04/2012 21:53:59] /a
[27/04/2012 21:53:59] /a
[27/04/2012 22:54:18] /goto Poollidance
[27/04/2012 22:57:26] /t
[27/04/2012 22:57:33] /c uzumaki naruto
[27/04/2012 22:58:03] /addskill uzumaki naruto,level,17
[27/04/2012 22:58:21] /c
[27/04/2012 22:58:28] /c sony
[27/04/2012 22:58:55] /addskill sony,level,40
[27/04/2012 23:15:28] /goto uzumaki naruto
[27/04/2012 23:15:36] /m kyuubi
[27/04/2012 23:15:55] /save
[27/04/2012 23:17:17] /m uchiha itachi
[27/04/2012 23:18:12] /m madara boss
[27/04/2012 23:18:26] /m pain boss 6
[27/04/2012 23:18:42] /m sasori akat
[27/04/2012 23:18:58] /m tayuya boss
[27/04/2012 23:19:23] /m zetsu
[27/04/2012 23:19:29] /m hidan
[27/04/2012 23:19:41] /m Nidaime
[27/04/2012 23:19:59] /m Jiraya
[27/04/2012 23:20:31] /m karasu max
[27/04/2012 23:21:34] /b galera ot vai fikar off
[27/04/2012 23:21:43] /b amanha cedo volta
[27/04/2012 23:22:02] /b floo
[27/04/2012 23:22:05] /save
[28/04/2012 07:41:12] /a
[28/04/2012 07:41:13] /a
[28/04/2012 07:41:14] /a
[28/04/2012 07:41:14] /a
[28/04/2012 07:41:15] /a
[28/04/2012 07:41:27] /a
[28/04/2012 07:42:40] /a
[28/04/2012 07:42:42] /a
[28/04/2012 07:42:42] /a
[28/04/2012 07:42:42] /a
[28/04/2012 07:42:42] /a
[28/04/2012 07:42:42] /a
[28/04/2012 07:42:42] /a
[28/04/2012 07:42:42] /a
[28/04/2012 07:42:42] /a
[28/04/2012 07:42:42] /a
[28/04/2012 07:42:42] /a
[28/04/2012 07:42:42] /a
[28/04/2012 07:42:42] /a
[28/04/2012 07:42:42] /a
[28/04/2012 07:42:42] /a
[28/04/2012 07:42:42] /a
[28/04/2012 07:42:42] /a
[28/04/2012 07:42:42] /a
[28/04/2012 07:42:44] /a
[28/04/2012 07:42:44] /a
[28/04/2012 07:42:44] /a
[28/04/2012 07:42:44] /a
[28/04/2012 07:42:45] /a
[28/04/2012 07:42:50] /a
[28/04/2012 07:42:50] /a
[28/04/2012 07:42:50] /a
[28/04/2012 07:42:50] /a
[28/04/2012 07:42:51] /t
[28/04/2012 07:43:05] /t
[28/04/2012 07:43:13] /i 1387
[28/04/2012 07:43:19] /t
[28/04/2012 07:43:29] /r 1387
[28/04/2012 07:48:48] /a
[28/04/2012 07:48:49] /a
[28/04/2012 07:48:49] /a
[28/04/2012 07:49:06] /i gamaken
[28/04/2012 07:49:16] /a
[28/04/2012 07:49:21] /a
[28/04/2012 07:49:21] /a
[28/04/2012 07:49:22] /a
[28/04/2012 07:49:22] /a
[28/04/2012 07:49:22] /a
[28/04/2012 07:49:22] /a
[28/04/2012 07:49:22] /a
[28/04/2012 07:49:23] /a
[28/04/2012 07:49:23] /a
[28/04/2012 07:49:23] /a
[28/04/2012 07:49:23] /a
[28/04/2012 07:49:23] /a
[28/04/2012 07:49:23] /a
[28/04/2012 07:49:24] /a
[28/04/2012 07:49:25] /a
[28/04/2012 07:49:25] /a
[28/04/2012 07:49:25] /a
[28/04/2012 07:49:25] /a
[28/04/2012 07:49:25] /a
[28/04/2012 07:49:25] /a
[28/04/2012 07:49:25] /a
[28/04/2012 07:49:26] /a
[28/04/2012 07:49:26] /a
[28/04/2012 07:49:26] /a
[28/04/2012 07:49:26] /a
[28/04/2012 07:49:26] /a
[28/04/2012 07:49:26] /a
[28/04/2012 07:49:26] /a
[28/04/2012 07:49:26] /a
[28/04/2012 07:49:26] /a
[28/04/2012 07:49:26] /a
[28/04/2012 07:49:26] /a
[28/04/2012 07:49:26] /a
[28/04/2012 07:49:26] /a
[28/04/2012 07:49:27] /a
[28/04/2012 07:49:27] /a
[28/04/2012 07:49:27] /a
[28/04/2012 07:49:27] /a
[28/04/2012 07:49:27] /a
[28/04/2012 07:49:27] /a
[28/04/2012 07:49:27] /a
[28/04/2012 07:49:27] /a
[28/04/2012 07:49:28] /a
[28/04/2012 07:49:30] /a
[28/04/2012 07:49:31] /a
[28/04/2012 07:49:32] /a
[28/04/2012 07:50:58] /clean
[28/04/2012 07:51:23] /a
[28/04/2012 07:51:23] /a
[28/04/2012 07:51:26] /a
[28/04/2012 07:52:59] /i
[28/04/2012 07:53:17] /ghost
[28/04/2012 07:53:20] /ghost
[28/04/2012 07:53:31] /goto sasuke uchih
[28/04/2012 07:53:35] /goto sasuke uchiha
[28/04/2012 07:54:01] /t
[28/04/2012 07:54:33] /t
[28/04/2012 07:55:33] /ghost
[28/04/2012 07:57:34] /addskill sasuke uchiha,level,2
[28/04/2012 07:57:49] /m red sholin
[28/04/2012 07:57:56] /m red shaolin
[28/04/2012 07:59:02] /addskill sasuke uchiha,level,25
[28/04/2012 07:59:27] /addskill lord zeus,level,50
[28/04/2012 08:01:20] /ghost
[28/04/2012 08:01:48] /m red shaolin
[28/04/2012 08:02:21] /b vo fazer evento pvp
[28/04/2012 08:02:47] /r 2699
[28/04/2012 08:02:54] /ghost
[28/04/2012 08:03:05] /c lord zeus
[28/04/2012 08:05:37] /m tobi boss
[28/04/2012 08:06:58] /m yondaime
[28/04/2012 08:07:35] /m trainer
[28/04/2012 08:08:53] /m sasori boss
[28/04/2012 08:09:47] /c clone
[28/04/2012 08:10:10] /newtype 44
[28/04/2012 08:10:46] /c lord zeus
[28/04/2012 08:11:17] /t
[28/04/2012 08:11:27] /c lord zeus
[28/04/2012 08:12:16] /addskill clone,level,124
[28/04/2012 08:12:58] /addskill lord zeus,level,50
[28/04/2012 08:13:09] /newtype 45
[28/04/2012 08:13:18] /newtype 43
[28/04/2012 08:13:26] /newtype 47
[28/04/2012 08:13:55] /a
[28/04/2012 08:13:56] /a
[28/04/2012 08:14:14] /m 4 caudas
[28/04/2012 08:16:23] /addskill clone,ninjutsu,50
[28/04/2012 08:17:00] /addskill clone,magic,40
[28/04/2012 08:18:27] /addskill clone,magic,30
[28/04/2012 08:19:01] /newtype 35
[28/04/2012 08:19:08] /newtype 38
[28/04/2012 08:19:17] /newtype 876
[28/04/2012 08:19:22] /newtype 123
[28/04/2012 08:19:32] /ghost
[28/04/2012 08:22:26] /m kakuzu boss
[28/04/2012 08:23:02] /c [GOD] demonic
[28/04/2012 08:25:46] /t
[28/04/2012 08:25:54] /a
[28/04/2012 08:34:58] /a
[28/04/2012 08:36:09] /b para ser vips falem !buypremium
[28/04/2012 08:41:15] /t
[28/04/2012 08:41:24] /goto [god] demonic
[28/04/2012 08:41:30] /a
[28/04/2012 08:42:05] /t
[28/04/2012 08:42:36] /a
[28/04/2012 08:42:36] /a
[28/04/2012 08:42:55] /r 437
[28/04/2012 08:43:04] /t
[28/04/2012 08:43:11] /a
[28/04/2012 08:45:09] /t
[28/04/2012 08:45:16] /a
[28/04/2012 08:52:56] /goto [god] demonic
[28/04/2012 08:53:06] /save
[28/04/2012 08:54:39] /t
[28/04/2012 08:56:49] /t
[28/04/2012 08:58:34] /goto [god] demonic
[28/04/2012 09:00:12] /i 1387
[28/04/2012 09:00:29] /i 1387
[28/04/2012 09:01:15] /down
[28/04/2012 09:01:49] /attr destination
[28/04/2012 09:02:59] /attr destination 265 710 5
[28/04/2012 09:03:27] /attr destination 264 711 6
[28/04/2012 09:03:48] /t
[28/04/2012 09:18:59] /m kyuubi
[28/04/2012 09:20:38] /addskill uzumaki naruto,level,3
[28/04/2012 09:21:02] /m kyuubi
[28/04/2012 09:24:26] /c kankuroo psicotico
[28/04/2012 09:24:33] /c kankuro psicotico
[28/04/2012 09:25:00] /addskill kankuro psicotico,level,12
[28/04/2012 09:25:05] /t
[28/04/2012 09:25:23] /m tobi boss
[28/04/2012 10:11:57] /addskill uzumaki naruto,level,3
[28/04/2012 10:12:10] /a
[28/04/2012 10:12:13] /a
[28/04/2012 10:12:21] /up
[28/04/2012 10:12:37] /c sony
[28/04/2012 10:12:45] /c uzumaki naruto
[28/04/2012 10:17:08] /m kyuubi
[28/04/2012 10:17:36] /newtype 234
[28/04/2012 10:17:43] /newtype 231
[28/04/2012 10:17:50] /newtype 29
[28/04/2012 10:18:13] /goto sony
[28/04/2012 10:18:18] /ghost
[28/04/2012 10:19:30] /newtype 57
[28/04/2012 10:20:02] /newtype 234
[28/04/2012 10:20:11] /newtype 78
[28/04/2012 10:20:17] /newtype 87
[28/04/2012 10:23:02] /c onetwo
[28/04/2012 10:23:06] /ghost
[28/04/2012 10:23:10] /ghost
[28/04/2012 10:23:34] /m orochimaru boss
[28/04/2012 10:24:35] /newtype 75
[28/04/2012 10:24:48] /m orochimaru boss
[28/04/2012 10:25:31] /m unknow akatsuki
[28/04/2012 10:25:51] /m tobi boss
[28/04/2012 10:26:27] /m unknow akatsuki
[28/04/2012 10:27:29] /m sasuke boss
[28/04/2012 10:27:59] /m zabuza
[28/04/2012 10:28:03] /m haku
[28/04/2012 10:28:28] /m pain boss 5
[28/04/2012 10:29:52] /attr ban
[28/04/2012 10:33:30] /m pain 5
[28/04/2012 10:33:43] /m pain boss 5
[28/04/2012 10:37:59] /m pain boss 6
[28/04/2012 10:38:48] /c [god] oni_oni
[28/04/2012 10:39:27] /m shukaku
[28/04/2012 10:39:41] /m kazekage
[28/04/2012 10:40:27] /m 4 caudas kyuubi
[28/04/2012 10:40:45] /goto onetwo
[28/04/2012 10:41:55] /ghost
[28/04/2012 11:13:17] /ghost
[28/04/2012 11:13:20] /ghost
[28/04/2012 12:31:19] /b Pessoal ot fikara off motivo: vamos arrumar as spells
[28/04/2012 12:31:35] /save
[28/04/2012 12:31:56] /b flow
[28/04/2012 12:32:00] /b :D
[28/04/2012 14:22:27] /t
[28/04/2012 14:22:51] /i 1387
[28/04/2012 14:22:54] /t
[28/04/2012 14:23:33] /attr destination 1029 911 6
[28/04/2012 14:24:22] /m orochimaru boss
[28/04/2012 14:25:28] /m haku
[28/04/2012 14:26:44] /goto onetwo
[28/04/2012 14:27:02] /ghost
[28/04/2012 14:27:38] /up
[28/04/2012 14:27:48] /i 1386
[28/04/2012 14:32:52] /m orochimaru boss
[28/04/2012 14:33:28] /m orochimaru boss
[28/04/2012 14:34:20] /addskill onetwo,level,27
[28/04/2012 14:34:34] /addskill onetwo,level,1
[28/04/2012 14:34:43] /m orochimaru boss
[28/04/2012 14:36:22] /t
[28/04/2012 14:39:34] /save
[28/04/2012 14:42:02] /b galera transformações são transformar2-transformar3-4-5... :D
[28/04/2012 15:31:33] /ghost
[28/04/2012 15:32:09] /b galera naum fikem bravo por causa que o ot ta saindo pq tem gente tentanu roubar
[28/04/2012 15:32:57] /t
[28/04/2012 15:33:07] /i 1386
[28/04/2012 15:33:27] /i 1387
[28/04/2012 15:33:34] /t
[28/04/2012 15:34:06] /attr destination 1029 906 6
[28/04/2012 15:35:18] /i 1387
[28/04/2012 15:35:45] /attr destination 263 711 6
[28/04/2012 15:35:56] /i 1387
[28/04/2012 15:36:16] /attr destination 262 710 5
[28/04/2012 15:36:21] /t
[28/04/2012 15:36:26] /save
[28/04/2012 15:37:07] /i 1025
[28/04/2012 15:37:08] /i 1025
[28/04/2012 15:37:10] /i 1025
[28/04/2012 15:37:24] /i 2711
[28/04/2012 15:37:36] /i 1387
[28/04/2012 15:37:39] /t
[28/04/2012 15:38:19] /attr destination 1023 906 6
[28/04/2012 15:38:29] /save
[28/04/2012 15:39:02] /i 1025
[28/04/2012 15:39:03] /i 1025
[28/04/2012 15:39:08] /i 1025
[28/04/2012 15:39:13] /a
[28/04/2012 15:39:14] /a
[28/04/2012 15:39:23] /r 1025
[28/04/2012 15:39:42] /r 1025
[28/04/2012 15:39:52] /i 1025
[28/04/2012 15:39:56] /r
[28/04/2012 15:40:04] /i 1026
[28/04/2012 15:40:08] /r
[28/04/2012 15:40:11] /r
[28/04/2012 15:40:13] /r
[28/04/2012 15:40:15] /i 1025
[28/04/2012 15:40:16] /i 1025
[28/04/2012 15:40:17] /i 1025
[28/04/2012 15:40:28] /i 1387
[28/04/2012 15:40:30] /t
[28/04/2012 15:41:08] /attr destination 1030 914 6
[28/04/2012 15:42:15] /newtype 75
[28/04/2012 15:51:03] /t
[28/04/2012 15:54:50] /b
[28/04/2012 15:54:55] /b
[28/04/2012 15:55:24] /a
[28/04/2012 15:56:06] /t
[28/04/2012 15:56:27] /goto vixi
[28/04/2012 15:56:57] /up
[28/04/2012 15:56:59] /t
[28/04/2012 15:57:09] /goto ninja
[28/04/2012 15:57:16] /t
[28/04/2012 15:57:48] /r
[28/04/2012 15:58:14] /r
[28/04/2012 15:58:18] /r
[28/04/2012 15:58:19] /r
[28/04/2012 15:58:42] /a
[28/04/2012 15:58:46] /a
[28/04/2012 15:58:47] /up
[28/04/2012 15:59:02] /a
[28/04/2012 15:59:03] /a
[28/04/2012 15:59:04] /a
[28/04/2012 15:59:06] /down
[28/04/2012 15:59:16] /m yondaime
[28/04/2012 15:59:29] /c viadinhoooooo
[28/04/2012 15:59:54] /c viadinhooooo
[28/04/2012 16:00:16] /c viadinhooooo
[28/04/2012 16:00:25] /c viadinhooooo
[28/04/2012 16:29:45] /a
[28/04/2012 16:29:45] /a
[28/04/2012 16:29:56] /up
[28/04/2012 16:31:00] /a
[28/04/2012 16:31:02] /t
[28/04/2012 16:32:07] /up
[28/04/2012 16:33:17] /c onetwo
[28/04/2012 16:33:59] /t
[28/04/2012 16:35:01] /a
[28/04/2012 16:35:02] /a
[28/04/2012 16:37:21] /t
[28/04/2012 16:40:34] /addskill Zianks,level,54
[28/04/2012 16:45:31] /m tobi boss
[28/04/2012 16:46:44] /ghost
[28/04/2012 16:48:26] /ghost
[28/04/2012 16:48:54] /c onetwo
[28/04/2012 16:49:53] /m tobi boss
[28/04/2012 16:50:47] /m tobi
[28/04/2012 16:51:30] /addskill zianks,level,3
[28/04/2012 16:55:02] /addskill zianks,level,3
[28/04/2012 16:55:09] /m yondaime
[28/04/2012 16:57:06] /t
[28/04/2012 17:21:21] /i trainer
[28/04/2012 17:21:31] /i trainer kakashi
[28/04/2012 17:22:09] /m kyuubi
[28/04/2012 17:30:29] /c gaararpg
[28/04/2012 17:30:45] /ghost
[28/04/2012 17:31:21] /addskill gaararpg,level,42
[28/04/2012 17:34:42] /addskill gaararpg,level,50
[28/04/2012 17:38:11] /c gaararpg
[28/04/2012 17:39:17] /t
[28/04/2012 17:39:21] /ghost
[28/04/2012 18:35:29] /goto anbu
[28/04/2012 18:35:52] /addskill anbu,level, 69
[28/04/2012 18:37:11] /i 2152
[28/04/2012 18:37:17] /i 2160
[28/04/2012 18:40:40] /addskill anbu,level,3
[28/04/2012 18:45:25] /c sasuke uchiha
[28/04/2012 18:45:37] /addskill sasuke uchiha,level,25
[28/04/2012 18:45:48] /addskill sasuke uchiha,level,2
[28/04/2012 19:54:38] /goto bijuu
[28/04/2012 19:56:05] /goto mike
[28/04/2012 19:56:18] /goto mike
[28/04/2012 19:57:28] /c mike
[28/04/2012 19:57:40] /t
[28/04/2012 19:58:14] /goto zianks
[28/04/2012 19:58:23] /i 1387
[28/04/2012 19:58:29] /t
[28/04/2012 19:58:52] /attr destination 1028 910 6
[28/04/2012 19:59:19] /ghost
[28/04/2012 20:00:48] /i 2127
[28/04/2012 20:01:17] /i 2125
[28/04/2012 20:01:37] /i 2127
[28/04/2012 20:02:39] /newtype 50
[28/04/2012 20:02:47] /newtype 36
[28/04/2012 20:02:54] /newtype 67
[28/04/2012 20:03:08] /ghost
[28/04/2012 23:10:01] /goto mike
[28/04/2012 23:10:12] /t
[28/04/2012 23:10:28] /goto uzumaki naruto
[28/04/2012 23:11:00] /t
[28/04/2012 23:11:28] /goto poollidance
[28/04/2012 23:11:50] /t
[28/04/2012 23:11:58] /goto mike
[28/04/2012 23:12:05] /m yondaime
[28/04/2012 23:12:24] /goto mike
[28/04/2012 23:14:48] /goto uchiha madara
[28/04/2012 23:15:28] /goto zianks
[28/04/2012 23:16:30] /m kakuzu boss
[28/04/2012 23:16:40] /m kakuzu boss
[28/04/2012 23:18:28] /m kakuzu boss
[28/04/2012 23:20:30] /t
[29/04/2012 00:10:15] /save
[29/04/2012 00:11:15] /save
[29/04/2012 08:06:16] /goto natsu dragneel
[29/04/2012 08:23:22] /t
[29/04/2012 08:24:52] /i 1740
[29/04/2012 08:25:01] /i 1988
[29/04/2012 08:26:10] /goto fusion
[29/04/2012 08:26:30] /a
[29/04/2012 08:26:31] /a
[29/04/2012 08:26:34] /r
[29/04/2012 08:26:39] /r
[29/04/2012 08:26:39] /r
[29/04/2012 08:26:42] /r
[29/04/2012 08:26:46] /a
[29/04/2012 08:26:47] /a
[29/04/2012 08:27:56] /t
[29/04/2012 08:28:57] /c relampago dourado
[29/04/2012 08:29:42] /t
[29/04/2012 08:30:06] /save
[29/04/2012 11:52:47] /ghost
[29/04/2012 11:55:37] /goto sasuke amaterasu
[29/04/2012 11:56:04] /a
[29/04/2012 11:56:58] /m sasori boss
[29/04/2012 11:57:12] /goto [god] japa
[29/04/2012 11:59:42] /newtype 75
[29/04/2012 12:00:49] /m sasori boss
[29/04/2012 12:01:01] /m unknow akatsuki
[29/04/2012 12:01:26] /a
[29/04/2012 12:01:27] /a
[29/04/2012 12:01:36] /m unknow akatsuki
[29/04/2012 12:01:37] /m unknow akatsuki
[29/04/2012 12:01:37] /m unknow akatsuki
[29/04/2012 12:01:42] /m unknow akatsuki
[29/04/2012 12:01:42] /m unknow akatsuki
[29/04/2012 12:01:43] /m unknow akatsuki
[29/04/2012 12:01:43] /m unknow akatsuki
[29/04/2012 12:01:47] /a
[29/04/2012 13:11:36] /t
[29/04/2012 13:12:26] /a
[29/04/2012 13:12:43] /a
[29/04/2012 13:12:57] /newtype 165
[29/04/2012 13:13:14] /a
[29/04/2012 13:14:08] /newtype 86
[29/04/2012 13:15:46] /newtype zianks,76
[29/04/2012 13:16:02] /newtype zianks,75
[29/04/2012 13:16:19] /newtype 75,zianks
[29/04/2012 13:16:40] /ghost
[29/04/2012 13:17:01] /newtype 85
[29/04/2012 13:17:10] /newtype 84
[29/04/2012 13:17:17] /newtype 89
[29/04/2012 13:17:21] /t
[29/04/2012 19:22:22] /ghost
[29/04/2012 19:22:28] /ghost
[29/04/2012 19:24:33] /a
[29/04/2012 19:24:39] /a
[29/04/2012 19:25:01] /t
[29/04/2012 19:26:17] /t
[29/04/2012 19:31:07] /goto turus
[29/04/2012 19:31:15] /up
[29/04/2012 19:31:24] /i 1386
[29/04/2012 19:31:27] /r
[29/04/2012 19:31:39] /i 1387
[29/04/2012 19:31:55] /attr destination 262 711 6
[29/04/2012 19:32:18] /attr destination 261 711 6
[29/04/2012 19:32:50] /save
[29/04/2012 19:32:51] /t
[29/04/2012 19:33:20] /i 1387
[29/04/2012 19:33:22] /t
[29/04/2012 19:33:44] /attr destination 1028 908 6
[29/04/2012 19:34:00] /goto neji
[29/04/2012 19:41:02] /c naruto uzumaki
[29/04/2012 19:41:18] /c naruto amaterasu
[29/04/2012 19:41:34] /addskill naruto amaterasu.level,15
[29/04/2012 19:42:28] /addskill naruto amaterasu,level,15
[29/04/2012 19:48:12] /newtype 87
[29/04/2012 19:48:22] /newtype 88
[29/04/2012 19:48:26] /newtype 89
[29/04/2012 19:48:35] /newtype 86
[29/04/2012 19:56:44] /save
[29/04/2012 20:21:37] /mode 2
[29/04/2012 20:31:35] /b fikem susegados
[29/04/2012 20:43:24] /save
[29/04/2012 20:55:27] /goto [cm] daniele
[29/04/2012 20:55:52] /attr [CM] Daniele,group,5
[29/04/2012 21:08:12] /attr [cm] daniele,group,5
[29/04/2012 21:08:25] /attr [cm] daniele,group 5
[29/04/2012 21:09:11] /attr group 5
[29/04/2012 21:17:13] /newtype 57
[29/04/2012 21:17:18] /newtype 27
[29/04/2012 21:17:25] /newtype 97
[29/04/2012 21:17:52] /ghost
[29/04/2012 21:19:11] /newtype 211
[29/04/2012 21:19:44] /newtype 212
[29/04/2012 21:20:23] /goto hokake
[29/04/2012 21:20:32] /c hokake
[29/04/2012 21:21:18] /attr group 6
[29/04/2012 21:21:36] /newtype 244
[29/04/2012 21:23:08] /m madara
[29/04/2012 21:23:13] /m madara boss
[29/04/2012 21:24:07] /t
[29/04/2012 21:26:19] /ghost
[29/04/2012 21:28:06] /c tobiiw
[29/04/2012 21:29:05] /goto hyzak
[29/04/2012 21:29:16] /r
[29/04/2012 21:29:21] /a
[29/04/2012 21:29:22] /a
[29/04/2012 21:29:27] /a
[29/04/2012 21:29:28] /a
[29/04/2012 21:29:35] /r
[29/04/2012 21:29:40] /a
[29/04/2012 21:29:41] /a
[29/04/2012 21:29:43] /a
[29/04/2012 21:29:44] /a
[29/04/2012 21:29:46] /a
[29/04/2012 21:29:47] /a
[29/04/2012 21:29:50] /a
[29/04/2012 21:30:02] /i 2160
[29/04/2012 21:30:06] /i 2160
[29/04/2012 21:30:31] /t
[29/04/2012 21:30:59] /newtype 11
[29/04/2012 21:31:06] /newtype 213
[29/04/2012 21:32:18] /newtype 214
[29/04/2012 21:32:22] /newtype 215
[29/04/2012 21:32:28] /newtype 216
[29/04/2012 21:32:34] /newtype 217
[29/04/2012 21:32:40] /newtype 218
[29/04/2012 21:32:46] /newtype 219
[29/04/2012 21:32:55] /newtype 220
[29/04/2012 21:33:12] /newtype 221
[29/04/2012 21:33:25] /newtype 222
[29/04/2012 21:33:55] /newtype 223
[29/04/2012 21:34:00] /newtype 224
[29/04/2012 21:34:10] /newtype 225
[29/04/2012 21:34:18] /newtype 226
[29/04/2012 21:34:26] /newtype 227
[29/04/2012 21:34:32] /newtype 228
[29/04/2012 21:34:38] /newtype 229
[29/04/2012 21:34:43] /newtype 213
[29/04/2012 21:34:45] /t
[29/04/2012 21:34:55] /newtype 157
[29/04/2012 21:35:05] /newtype 2213
[29/04/2012 21:35:09] /newtype 213
[29/04/2012 21:35:15] /a
[29/04/2012 21:35:16] /a
[29/04/2012 21:37:54] /ghost
[29/04/2012 21:38:43] /ghost
[29/04/2012 21:40:51] /goto hyzak
[29/04/2012 21:41:31] /a
[29/04/2012 21:41:36] /a
[29/04/2012 21:41:50] /a
[29/04/2012 21:42:04] /t
[29/04/2012 21:42:25] /c kimarou
[29/04/2012 21:43:06] /ghost
[29/04/2012 21:45:10] /ghost
[29/04/2012 21:45:31] /goto hyzak
[29/04/2012 21:45:52] /a
[29/04/2012 21:46:03] /a
[29/04/2012 21:46:18] /t
[29/04/2012 21:48:50] /a
[29/04/2012 21:48:58] /a
[29/04/2012 21:48:58] /a
[29/04/2012 21:50:05] /a
[29/04/2012 21:50:05] /a
[29/04/2012 21:50:06] /a
[29/04/2012 21:50:06] /a
[29/04/2012 21:50:07] /a
[29/04/2012 21:50:07] /a
[29/04/2012 21:50:08] /a
[29/04/2012 21:50:09] /a
[29/04/2012 21:50:09] /a
[29/04/2012 21:50:12] /a
[29/04/2012 21:50:12] /a
[29/04/2012 21:50:13] /a
[29/04/2012 21:50:17] /a
[29/04/2012 21:50:17] /a
[29/04/2012 21:50:23] /a
[29/04/2012 21:50:23] /a
[29/04/2012 21:50:23] /a
[29/04/2012 21:50:23] /a
[29/04/2012 21:50:24] /a
[29/04/2012 21:50:24] /a
[29/04/2012 21:50:25] /a
[29/04/2012 21:50:26] /a
[29/04/2012 21:50:26] /a
[29/04/2012 21:50:30] /i 411
[29/04/2012 21:50:40] /t
[29/04/2012 21:52:07] /goto naruto amaterasu
[29/04/2012 21:52:36] /m uchiha itachi
[29/04/2012 21:52:58] /m susano itachi
[29/04/2012 21:53:07] /m itachi susano
[29/04/2012 21:53:40] /m susanoo itachi
[29/04/2012 21:53:56] /m Susanou itachi
[29/04/2012 21:54:24] /m zetsu
[29/04/2012 21:54:39] /m tutor
[29/04/2012 21:55:47] /m saimaime
[29/04/2012 21:55:52] /m sandaime
[29/04/2012 21:56:01] /m sandaime
[29/04/2012 21:56:14] /m nidaime
[29/04/2012 21:56:31] /m mutanted shinobi
[29/04/2012 21:57:24] /m kyuubi nen
[29/04/2012 21:57:32] /m kyuubi summon
[29/04/2012 21:58:04] /goto naruto amaterasu
[29/04/2012 21:58:38] /m hidan
[29/04/2012 21:58:52] /m gama bunta
[29/04/2012 21:59:30] /m Black Kage
[29/04/2012 21:59:51] /goto naruto amaterasu
[29/04/2012 22:01:46] /c kimarou
[29/04/2012 22:01:56] /addskill kimarou,lvel,75
[29/04/2012 22:02:10] /t
[29/04/2012 22:02:47] /goto naruto amaterasu
[29/04/2012 22:03:04] /save
[29/04/2012 22:04:28] /m 6 caudas kyuubi
[29/04/2012 22:05:28] /m 6 caudas kyuubi
[29/04/2012 22:07:23] /goto naruto amaterasu
[29/04/2012 22:07:29] /r
[29/04/2012 22:07:43] /up
[29/04/2012 22:08:00] /i 1386
[29/04/2012 22:08:09] /r
[29/04/2012 22:08:15] /r
[29/04/2012 22:08:17] /r
[29/04/2012 22:08:19] /t
[29/04/2012 22:08:41] /t
[29/04/2012 22:10:00] /c mitchie
[29/04/2012 22:10:19] /attr vocation 50
[29/04/2012 22:10:48] /attr vocation 60
[29/04/2012 22:11:25] /goto daniele
[29/04/2012 22:12:23] /m kyuubi
[29/04/2012 22:13:05] /i 4530
[29/04/2012 22:13:17] /i 4526
[29/04/2012 22:13:29] /i 4526
[29/04/2012 22:13:39] /i 1385
[29/04/2012 22:13:42] /t
[29/04/2012 22:13:54] /goto sasuke amaterasu
[30/04/2012 09:57:38] /t
[30/04/2012 09:59:18] /addskill level,50
[30/04/2012 09:59:40] /addskill mipth,level50
[30/04/2012 09:59:55] /addskill mipth,level,50
[30/04/2012 10:00:29] /goto sasuke amaterasu
[30/04/2012 10:00:32] /t
[30/04/2012 10:03:12] /attr vocation 13
[30/04/2012 10:03:57] /attr vocation 21
[30/04/2012 10:04:05] /attr vocation 21
[30/04/2012 10:04:40] /attr vocation 21
[30/04/2012 10:06:25] /goto uchiha madara
[30/04/2012 10:06:39] /attr vocation 21
[30/04/2012 10:06:58] /attr vocation 50
[30/04/2012 10:07:06] /a
[30/04/2012 10:07:07] /a
[30/04/2012 10:07:22] /a
[30/04/2012 10:07:23] /a
[30/04/2012 10:08:24] /goto uzumaki naruto
[30/04/2012 10:09:36] /c kimarou
[30/04/2012 10:09:49] /addskill kimarou,level,5
[30/04/2012 10:17:06] /a
[30/04/2012 10:17:20] /ghost
[30/04/2012 10:18:13] /a
[30/04/2012 10:18:45] /attr vocation 60
[30/04/2012 10:19:09] /attr vocation 58
[30/04/2012 10:19:56] /attr vocation 60
[30/04/2012 10:20:10] /a
[30/04/2012 10:20:12] /a
[30/04/2012 10:20:33] /a
[30/04/2012 10:20:34] /a
[30/04/2012 10:21:42] /attr vocation 6
[30/04/2012 10:21:54] /attr vocatio 8
[30/04/2012 10:22:16] /attr vocation 8
[30/04/2012 10:25:31] /save
[30/04/2012 10:25:45] /save
[30/04/2012 10:28:52] /attr vocation 60
[30/04/2012 10:30:18] /ghost
[30/04/2012 10:31:16] /attr vocation 26
[30/04/2012 10:37:36] /m kyuuni
[30/04/2012 10:37:39] /m kyuubi
[30/04/2012 10:38:26] /b daki a pouco vai ter invasão em konoha !!
[30/04/2012 11:41:17] /ghost
[30/04/2012 11:42:06] /i 2433
[30/04/2012 11:42:16] /i 2129
[30/04/2012 11:42:23] /i 2652
[30/04/2012 11:43:34] /a
[30/04/2012 11:43:40] /t
[30/04/2012 11:43:54] /a
[30/04/2012 11:43:58] /a
[30/04/2012 11:44:05] /r
[30/04/2012 11:44:06] /a
[30/04/2012 11:45:15] /t
[30/04/2012 11:45:36] /c uzumaki naruto
[30/04/2012 11:45:40] /c mike
[30/04/2012 11:51:14] /attr uzumaki naruto,level,8
[30/04/2012 11:51:26] /addskill uzumaki naruto,level,8
[30/04/2012 11:53:24] /i 2129
[30/04/2012 11:53:31] /i 2652
[30/04/2012 11:53:38] /i 2433
[30/04/2012 13:48:36] /b galera server estara fexando
[30/04/2012 13:48:58] /b vamos começar arrumar as spells e editar um pokinho o map
[30/04/2012 13:49:50] /save
[30/04/2012 13:50:02] /b floo galerinha
[30/04/2012 15:43:49] /down
[30/04/2012 15:44:13] /t
[30/04/2012 15:44:19] /i 411
[30/04/2012 15:45:04] /a
[30/04/2012 15:45:10] /a
[30/04/2012 15:45:16] /a
[30/04/2012 15:45:22] /a
[30/04/2012 15:45:28] /a
[30/04/2012 15:45:34] /a
[30/04/2012 15:45:43] /a
[30/04/2012 15:46:08] /t
[30/04/2012 15:50:36] /i 411
[30/04/2012 15:52:40] /c mike
[30/04/2012 15:53:13] /ghost
[30/04/2012 15:53:16] /ghost
[30/04/2012 15:53:54] /attr vocation 13
[30/04/2012 15:58:37] /b akatski:300 +
[30/04/2012 15:59:05] /b bijuus : lvl 500 +
[30/04/2012 16:00:38] /c kimarou
[30/04/2012 17:49:21] /save
[30/04/2012 17:55:14] /attr group 1
[30/04/2012 17:56:02] /i 4526
[30/04/2012 18:00:30] /c uzumaki naruto
[30/04/2012 18:00:40] /attr vocation 21
[30/04/2012 18:00:49] /attr vocation 13
[30/04/2012 18:07:00] /newtype 223
[30/04/2012 18:07:09] /newtype 213
[30/04/2012 18:07:32] /c mike
[30/04/2012 18:07:39] /attr vocation 13
[30/04/2012 18:07:48] /attr vocation 13
[30/04/2012 18:13:32] /goto mike
[30/04/2012 18:14:19] /a
[30/04/2012 18:15:03] /i 2129
[30/04/2012 18:16:18] /a
[30/04/2012 18:17:42] /a
[30/04/2012 18:18:07] /m kyuubi
[30/04/2012 18:18:18] /m kyuubi
[30/04/2012 18:18:43] /a
[30/04/2012 18:18:52] /a
[30/04/2012 18:19:09] /a
[30/04/2012 18:19:30] /a
[30/04/2012 18:19:45] /m konan boss
[30/04/2012 18:19:55] /m itachi uchiha
[30/04/2012 18:20:01] /m uchiha itachi
[30/04/2012 18:20:12] /c mike
[30/04/2012 18:22:19] /a
[30/04/2012 18:22:45] !buyvip
