[04/06/2012 21:18:20] /newtype 51
[04/06/2012 21:32:11] /r
[04/06/2012 21:32:15] /r
[04/06/2012 21:32:20] /r
[04/06/2012 21:32:25] /bc
[04/06/2012 21:34:09] /b oi
[04/06/2012 21:34:33] /bc
[04/06/2012 21:34:38] /bc ee
[04/06/2012 21:34:54] /bc orgs ,tobi
[04/06/2012 21:35:10] /bc              as orgs estao disponiveis
[04/06/2012 21:35:15] /b
[04/06/2012 21:35:21] /b lala
[04/06/2012 22:03:41] /n tobi
[04/06/2012 22:03:45] /m tobi
[04/06/2012 22:04:00] /m uchiha itachi
[04/06/2012 22:04:06] /m konan
[04/06/2012 22:04:11] /m konann
[04/06/2012 22:04:16] /m konnan
[04/06/2012 22:04:21] /m sasori
[04/06/2012 22:04:26] /m deidara boss
[04/06/2012 22:04:37] /m sasori boss
[04/06/2012 22:04:45] /m kisame
[04/06/2012 22:04:50] /m kisame boss
[04/06/2012 22:05:00] /m sasuke akatsuki
[04/06/2012 22:05:20] /m konan boss
[04/06/2012 22:05:27] /m pain boss
[04/06/2012 22:05:30] /r
[04/06/2012 22:05:32] /r
[04/06/2012 22:05:34] /r
[04/06/2012 22:05:35] /r
[04/06/2012 22:05:37] /r
[04/06/2012 22:05:39] /r
[04/06/2012 22:05:40] /r
[04/06/2012 22:05:42] /r
[04/06/2012 22:05:52] /up
[04/06/2012 22:06:02] /m tobi
[04/06/2012 22:06:16] /m itacho boss
[04/06/2012 22:06:20] /m itachi boss
[04/06/2012 22:06:26] /m uchiha itachi
[04/06/2012 22:06:31] /r
[04/06/2012 22:06:37] /m uchiha itachi
[04/06/2012 22:06:51] /m sasuke akatsuki
[04/06/2012 22:07:11] /m deidara boss
[04/06/2012 22:07:14] /r
[04/06/2012 22:07:24] /m deidara boss
[04/06/2012 22:07:35] /m sasori boss
[04/06/2012 22:07:39] /r
[04/06/2012 22:07:41] /r
[04/06/2012 22:07:42] /r
[04/06/2012 22:07:47] /r
[04/06/2012 22:07:52] /r
[04/06/2012 22:07:56] /a 2
[04/06/2012 22:08:03] /up
[04/06/2012 22:08:13] /m pain boss
[04/06/2012 22:08:18] /r
[04/06/2012 22:08:24] /m pain boss
[04/06/2012 22:08:38] /m konan boss
[04/06/2012 22:08:50] /m tobi
[04/06/2012 22:08:59] /m deidara boss
[04/06/2012 22:09:10] /m sasori boss
[04/06/2012 22:09:22] /m zetsu boss
[04/06/2012 22:09:25] /m zetsu
[04/06/2012 22:09:32] /m zetzu boss
[04/06/2012 22:09:38] /m zetsuu
[04/06/2012 22:10:11] /m sasuke akatsuki
[04/06/2012 22:10:20] /t
[04/06/2012 22:10:35] /a 43
[04/06/2012 22:10:45] /a 10
[04/06/2012 22:10:53] /m naruto
[04/06/2012 22:11:48] /a 10
[04/06/2012 22:11:52] /a 20
[04/06/2012 22:11:57] /a 10
[04/06/2012 22:12:01] /a 25
[04/06/2012 22:12:14] /a 50
[04/06/2012 22:14:16] /t
[04/06/2012 22:14:26] /c kakashi mangekyo
[04/06/2012 22:14:37] /up
[04/06/2012 22:14:41] /a 2
[04/06/2012 22:14:43] /up
[04/06/2012 22:14:57] /m uchiha itachi
[04/06/2012 22:15:04] /m kisame boss
[04/06/2012 22:15:22] /m orochimaru akatsuki
[04/06/2012 22:15:49] /c kakashi mangekyou
[04/06/2012 22:15:55] /c kakashi mangekyo
[04/06/2012 22:16:20] /r
[04/06/2012 22:16:22] /r
[04/06/2012 22:16:24] /r
[04/06/2012 22:16:25] /r
[04/06/2012 22:16:27] /r
[04/06/2012 22:16:28] /r
[04/06/2012 22:16:30] /r
[04/06/2012 22:16:32] /r
[04/06/2012 22:16:34] /r
[04/06/2012 22:16:37] /r
[04/06/2012 22:17:13] /goto kakashi mangekyo
[04/06/2012 22:19:00] /r
[04/06/2012 22:19:54] /attr vocation 51
[04/06/2012 22:21:33] /c clone
[04/06/2012 22:21:40] /c hinata
[04/06/2012 22:21:53] /attr vocation 13
[04/06/2012 22:22:13] /addskill hinata,level,150
[04/06/2012 22:22:35] /addskill hinata,level,50
[04/06/2012 22:22:49] /addskill hinata,level,10
[04/06/2012 22:26:16] /c hinata
[04/06/2012 22:26:35] /addskill hinata,level,250
[04/06/2012 22:26:43] /attr vocation 13
[04/06/2012 22:28:16] /r
[04/06/2012 22:28:33] /m 4 caudas kyuubi
[04/06/2012 22:34:31] /i yondaime coat
[04/06/2012 22:38:10] /ghost
[04/06/2012 22:38:23] /attr vocation 6
[04/06/2012 22:38:33] /attr vocation 4
[04/06/2012 22:41:50] /attr vocation 60
[04/06/2012 22:44:58] /attr vocation 55
[04/06/2012 22:45:11] /attr vocation 51
[04/06/2012 22:45:35] /attr vocation 26
[04/06/2012 22:48:53] /attr vocation 1
[04/06/2012 22:51:35] /addskill hinata,level,200
[04/06/2012 23:00:41] /attr vocation 10
[04/06/2012 23:00:55] /attr vocation 10
[04/06/2012 23:05:50] /attr vocation 7
[04/06/2012 23:09:25] /attr vocation 21
[05/06/2012 10:00:58] /m hidan boss
[05/06/2012 10:01:04] /m hidan
[05/06/2012 10:01:08] /m tobi
[05/06/2012 10:01:53] /r
[05/06/2012 10:02:49] /m 4 caudas
[05/06/2012 10:03:02] /r
[05/06/2012 10:03:08] /m konan boss
[05/06/2012 10:03:50] /m yondaime
[05/06/2012 10:04:03] /m naruto akat
[05/06/2012 10:04:08] /m sasuke akatsuki
[05/06/2012 10:04:16] /m sannin
[05/06/2012 10:04:23] /r
[05/06/2012 10:04:27] /r
[05/06/2012 10:04:29] /r
[05/06/2012 10:04:38] /m tobi
[05/06/2012 10:04:51] /m konan boss
[05/06/2012 10:04:58] /m deidara boss
[05/06/2012 10:05:05] /m sasori boss
[05/06/2012 10:05:10] /m hidan boss
[05/06/2012 10:05:14] /m kakuzu boss
[05/06/2012 10:05:25] /m pain 3
[05/06/2012 10:05:27] /m pain
[05/06/2012 10:05:31] /m pain boss
[05/06/2012 10:05:34] /r
[05/06/2012 10:05:44] /m pain boss
[05/06/2012 10:05:53] /m uchiha itachi
[05/06/2012 10:05:58] /m kisame boss
[05/06/2012 10:06:10] /m sasuke akatsuki
[05/06/2012 10:06:20] /m yondaime
[05/06/2012 10:06:27] /m jiraya
[05/06/2012 10:06:33] /m jiraya boss
[05/06/2012 10:06:39] /m tsunade
[05/06/2012 10:06:45] /m naruto
[05/06/2012 10:06:54] /m nindaime 
[05/06/2012 10:07:08] /m killer bee
[05/06/2012 10:07:11] /r
[05/06/2012 10:07:16] /m killer bee
[05/06/2012 10:07:22] /m temari
[05/06/2012 10:07:28] /m ten ten
[05/06/2012 10:07:31] /r
[05/06/2012 10:07:36] /m ten ten
[05/06/2012 10:07:58] /newtype 83
[05/06/2012 10:08:06] /newtype 84
[05/06/2012 10:08:13] /m kiba
[05/06/2012 10:08:24] /newtype 92
[05/06/2012 10:08:35] /m madara
[05/06/2012 10:08:39] /m madara boss
[05/06/2012 10:08:45] /newtype 102
[05/06/2012 10:08:52] /newtype 200
[05/06/2012 10:09:04] /m kyuubi
[05/06/2012 10:09:36] /m gaara
[05/06/2012 10:09:38] /r
[05/06/2012 10:09:43] /m gaara boss
[05/06/2012 10:09:53] /a 2
[05/06/2012 10:09:55] /r
[05/06/2012 10:10:01] /m gaara boss
[05/06/2012 10:10:05] /r
[05/06/2012 10:10:07] /r
[05/06/2012 10:10:11] /m kiba boss
[05/06/2012 10:10:20] /m zetsu boss
[05/06/2012 10:10:28] /m sakura akatsuki
[05/06/2012 10:10:33] /r
[05/06/2012 10:10:40] /m naruto akatasuki
[05/06/2012 10:10:45] /m sakura
[05/06/2012 10:10:56] /m  sakura akatsuki
[05/06/2012 10:11:57] /bc 4 Grande Guerra Akatsuki vs Konoha
[05/06/2012 10:12:50] /addskill [ADM] Deidara,leve,5000
[05/06/2012 10:13:10] /newtype 53
[05/06/2012 10:13:20] /newtype  81
[05/06/2012 10:13:29] /newtype 73
[05/06/2012 10:19:29] /m all boss
[05/06/2012 10:19:33] /m tobi
[05/06/2012 10:19:46] /m sasuke akatsuki
[05/06/2012 10:19:53] /m naruto sennin
[05/06/2012 10:19:59] /m naruto sannin
[05/06/2012 10:20:03] /m naruto
[05/06/2012 10:20:09] /m sakura akatsuki
[05/06/2012 10:20:18] /m 4 caudas kyuubi
[05/06/2012 10:20:25] /m shukako
[05/06/2012 10:20:32] /m pain boss
[05/06/2012 10:20:40] /m konan boss
[05/06/2012 10:20:50] /m deidara boss
[05/06/2012 10:22:17] /goto 4 caudas kyuubi
[05/06/2012 10:22:29] /m 4 caudas kyuubi
[05/06/2012 10:22:30] /m 4 caudas kyuubi
[05/06/2012 10:22:31] /m 4 caudas kyuubi
[05/06/2012 10:22:32] /m 4 caudas kyuubi
[05/06/2012 10:22:33] /m 4 caudas kyuubi
[05/06/2012 10:22:36] /m 4 caudas kyuubi
[05/06/2012 10:22:37] /m 4 caudas kyuubi
[05/06/2012 10:22:41] /a 2
[05/06/2012 10:22:47] /m tobi
[05/06/2012 10:22:51] /m 4 caudas kyuubi
[05/06/2012 10:22:52] /m 4 caudas kyuubi
[05/06/2012 10:22:54] /m 4 caudas kyuubi
[05/06/2012 10:22:58] /r
[05/06/2012 10:23:00] /m 4 caudas kyuubi
[05/06/2012 10:23:02] /m 4 caudas kyuubi
[05/06/2012 10:23:03] /m 4 caudas kyuubi
[05/06/2012 10:23:04] /m 4 caudas kyuubi
[05/06/2012 10:23:05] /m 4 caudas kyuubi
[05/06/2012 10:23:06] /m 4 caudas kyuubi
[05/06/2012 10:23:08] /m 4 caudas kyuubi
[05/06/2012 10:23:11] /r
[05/06/2012 10:23:14] /m 4 caudas kyuubi
[05/06/2012 10:23:16] /m 4 caudas kyuubi
[05/06/2012 10:23:16] /m 4 caudas kyuubi
[05/06/2012 10:23:17] /m 4 caudas kyuubi
[05/06/2012 10:23:18] /m 4 caudas kyuubi
[05/06/2012 10:23:19] /m 4 caudas kyuubi
[05/06/2012 10:23:25] /a 2
[08/06/2012 14:55:44] /c hinata
[08/06/2012 14:55:53] /attr vocation5
[08/06/2012 14:56:05] /attr vocation 5
[08/06/2012 15:12:38] /attr vocation 6
[08/06/2012 15:12:47] /attr vocaion 7
[08/06/2012 15:13:03] /attr vocation 8
[08/06/2012 15:16:41] /attr vocation 9
[08/06/2012 16:03:18] /clean
[08/06/2012 16:03:30] /attr vocation  12
[08/06/2012 16:03:41] /attr vocation  23
[08/06/2012 16:03:46] /attr vocation 25
[08/06/2012 16:03:50] /attr vocation  25
[08/06/2012 16:03:58] /attr vocation  20
[08/06/2012 16:04:04] /attr vocation  19
[08/06/2012 16:04:07] /attr vocation  18
[08/06/2012 16:04:11] /attr vocation  26
[08/06/2012 16:04:17] /attr vocation  27
[08/06/2012 16:04:22] /attr vocation  28
[08/06/2012 16:04:27] /attr vocation  29
[08/06/2012 16:04:31] /attr vocation  30
[08/06/2012 16:04:35] /attr vocation  22
[08/06/2012 16:04:40] /attr vocation  23
[08/06/2012 16:04:51] /attr vocation 1
[08/06/2012 16:04:53] /attr vocation  2
[08/06/2012 16:04:59] /attr vocation  13
[08/06/2012 16:05:03] /attr vocation 14
[08/06/2012 16:05:07] /attr vocation  15
[08/06/2012 16:05:11] /attr vocation 16
[08/06/2012 16:05:15] /attr vocation  17
[08/06/2012 16:05:18] /attr vocation  18
[08/06/2012 16:05:23] /attr vocation 26
[08/06/2012 16:05:30] /attr vocation 24
[08/06/2012 16:05:40] /attr vocation 23
[08/06/2012 16:08:33] /attr vocation 7
[08/06/2012 16:14:37] /attr vocation 7
[08/06/2012 16:16:41] /addskill hinata,level,105
[08/06/2012 16:30:38] /attr vocation 50
[08/06/2012 23:09:22] /newtype 56
[08/06/2012 23:09:26] /newtype 57
[08/06/2012 23:09:30] /newtype 58
[08/06/2012 23:09:33] /newtype 59
[08/06/2012 23:09:36] /newtype 60
[08/06/2012 23:09:42] /newtype 61
[08/06/2012 23:09:46] /newtype 62
[08/06/2012 23:09:48] /newtype 63
[08/06/2012 23:09:51] /newtype 64
[08/06/2012 23:09:53] /newtype 65
[08/06/2012 23:09:55] /newtype 66
[08/06/2012 23:09:57] /newtype 67
[08/06/2012 23:09:59] /newtype 68
[08/06/2012 23:10:02] /newtype 69
[08/06/2012 23:10:06] /newtype 70
[08/06/2012 23:10:14] /newtype 71
[08/06/2012 23:10:16] /newtype 72
[08/06/2012 23:10:19] /newtype 73
[08/06/2012 23:10:21] /newtype 74
[08/06/2012 23:10:23] /newtype 75
[08/06/2012 23:10:26] /newtype 76
[08/06/2012 23:10:30] /newtype 77
[08/06/2012 23:10:32] /newtype 78
[08/06/2012 23:10:35] /newtype 79
[08/06/2012 23:10:37] /newtype 80
[08/06/2012 23:10:41] /newtype 52
[08/06/2012 23:10:43] /newtype 53
[08/06/2012 23:10:49] /newtype 57
[08/06/2012 23:10:53] /newtype 72
[08/06/2012 23:10:56] /newtype 70
[08/06/2012 23:10:58] /newtype 73
[08/06/2012 23:11:45] /newtype 51
[08/06/2012 23:23:34] /m sasuke akatsuki
[08/06/2012 23:23:40] /m sasori boss
[08/06/2012 23:23:44] /m pain boss
[08/06/2012 23:23:47] /m tobi
[08/06/2012 23:23:52] /m konnan boss
[08/06/2012 23:23:56] /m konan boss
[08/06/2012 23:24:02] /m deidara boss
[08/06/2012 23:24:08] /r
[08/06/2012 23:24:18] /m zetsu boss
[08/06/2012 23:24:29] /m kakuzu boss
[08/06/2012 23:24:45] /m uchiha itachi
[08/06/2012 23:24:52] /m kisame boss
[08/06/2012 23:24:58] /a
[08/06/2012 23:26:56] /r
[08/06/2012 23:28:30] /m hidan boss
[08/06/2012 23:28:34] /m hidan
[08/06/2012 23:28:43] /m hidan bos
[08/06/2012 23:28:48] /n hidan boss
[08/06/2012 23:28:53] /n zetsu boss
[08/06/2012 23:29:14] /r
[08/06/2012 23:30:05] /r
[08/06/2012 23:30:31] /m madara
[08/06/2012 23:30:34] /m yondaime
[08/06/2012 23:30:46] /m naruto
[08/06/2012 23:30:59] /m tsunade
[08/06/2012 23:31:04] /m killer bee
[08/06/2012 23:32:31] /bc Quem vençe essa luta ?
