[6/6/2020 18:34:59] /ghost
[6/6/2020 18:35:4] /ghost
[6/6/2020 18:35:7] /ghost
[6/6/2020 18:35:12] /b BOA NOITE
[6/6/2020 18:36:54] /a
[6/6/2020 18:43:5] /b Pra compar aol é !jam , valor 10gold
[6/6/2020 18:45:9] /b 75 PLAYER DO 50 GOLD PRA GERAL 
[6/6/2020 18:46:17] /goto anbu
[6/6/2020 18:47:8] /b Glr algumas caves estao com o bicho bugado, mas tamos arrumando aos poucos peço paciencia a todos obrigada <3
[6/6/2020 18:47:15] /t
[6/6/2020 18:48:16] /goto vintage
[6/6/2020 18:49:1] /i 100 gold
[6/6/2020 18:49:11] /i 2138
[6/6/2020 18:49:14] /goto vintage
[6/6/2020 18:49:17] /goto vintage
[6/6/2020 18:49:19] /i 2138
[6/6/2020 18:49:22] /i 2138
[6/6/2020 18:49:32] /t
[6/6/2020 18:51:3] /a
[6/6/2020 18:51:14] /a
[6/6/2020 18:51:14] /a
[6/6/2020 18:52:17] /b Todos os itens que estao no site, seram tambem adquirido em quest pelo game
[6/6/2020 18:52:23] /i 2523
[6/6/2020 18:52:36] /goto morfetico
[6/6/2020 18:53:18] /t
[6/6/2020 18:53:23] /i gold bar
[6/6/2020 18:53:25] /i gold bar
[6/6/2020 18:54:7] /goto kikkai
[6/6/2020 18:54:10] /goto kikai
[6/6/2020 18:54:13] /goto kikkai
[6/6/2020 18:54:20] /goto Kikaii
[6/6/2020 18:54:31] /goto Gorila
[6/6/2020 18:58:56] /t
[6/6/2020 19:0:49] /goto vintage
[6/6/2020 19:1:15] /goto New Dawn
[6/6/2020 19:2:11] /goto carlos bolsonaro
[6/6/2020 19:2:50] /newtype 3
[6/6/2020 19:2:54] /newtype 4
[6/6/2020 19:2:55] /newtype 6
[6/6/2020 19:2:57] /newtype 8
[6/6/2020 19:2:59] /newtype 12
[6/6/2020 19:3:1] /newtype 12
[6/6/2020 19:3:2] /newtype 13
[6/6/2020 19:3:6] /newtype 13
[6/6/2020 19:3:7] /newtype 14
[6/6/2020 19:3:9] /newtype 15
[6/6/2020 19:3:11] /newtype 16
[6/6/2020 19:3:13] /newtype 20
[6/6/2020 19:4:4] /t
[6/6/2020 19:4:56] /goto Pica Curvada
[6/6/2020 19:5:31] /a
[6/6/2020 19:5:32] /a
[6/6/2020 19:5:50] /t
[6/6/2020 19:10:7] /goto Obito Safado
[6/6/2020 19:11:13] /t
[6/6/2020 19:16:18] /b Galera, o server vai ficar off pra manutençoes.Voltaremos amanha por volta das 12:00 peço desculpa a todos e peço um pouco de paciencia.Nao pensamos que iamos sofrer tanto ataque tao rapido 
[6/6/2020 19:16:25] /b Galera, o server vai ficar off pra manutençoes.Voltaremos amanha por volta das 12:00 peço desculpa a todos e peço um pouco de paciencia.Nao pensamos que iamos sofrer tanto ataque tao rapido 
[6/6/2020 19:16:26] /b Galera, o server vai ficar off pra manutençoes.Voltaremos amanha por volta das 12:00 peço desculpa a todos e peço um pouco de paciencia.Nao pensamos que iamos sofrer tanto ataque tao rapido 
[6/6/2020 19:17:6] /b Pegamos o ip de quem esta nukando ja rlx
[6/6/2020 19:18:12] /b Glr o site esta off , vamos ter que mexer nele e pra isso o sv precisa ficar off sinto muito
[6/6/2020 19:18:15] /save
[6/6/2020 19:18:30] /b Estaremos no discord respodendo todas as duvidas
[6/6/2020 19:18:35] /b Boa Noite <3
[6/6/2020 19:18:40] /save
[6/6/2020 19:18:41] /save
[6/6/2020 19:18:41] /save
[6/6/2020 19:18:42] /save
[6/6/2020 19:18:44] /save
[6/6/2020 19:18:46] /save
[6/6/2020 19:18:48] /save
[6/6/2020 19:18:53] /save
[6/6/2020 19:18:56] /save
[6/6/2020 19:18:58] /save
[6/6/2020 19:18:58] /save
[7/6/2020 11:46:41] /closeserver
[7/6/2020 11:57:19] /clean
[7/6/2020 11:57:24] /i 1999
[7/6/2020 11:57:38] /closeserver
[7/6/2020 11:59:45] /i 199
[7/6/2020 11:59:48] /i 1999
[7/6/2020 11:59:53] /i 1999
[7/6/2020 12:1:32] /i obito mask
[7/6/2020 12:5:22] /clean
[7/6/2020 12:6:33] /clean
[7/6/2020 12:7:58] /i obito mask
[7/6/2020 12:9:38] /clean
[7/6/2020 12:14:17] /i /r
[7/6/2020 12:14:41] /clean
[7/6/2020 12:14:48] /i anbu
[7/6/2020 12:14:50] /i itachi
[7/6/2020 12:14:53] /i jiraya
[7/6/2020 12:14:54] /i minato
[7/6/2020 12:14:55] /i madara
[7/6/2020 12:15:0] /i hashirama
[7/6/2020 12:15:1] /i hidan
[7/6/2020 12:15:5] /i tobirama
[7/6/2020 12:15:6] /i tsunade
[7/6/2020 12:15:37] /i killer bee
[7/6/2020 12:41:56] /i itachi
[7/6/2020 15:47:16] /t
[7/6/2020 15:48:24] /b Tem Novo cliente!baixem no site
[7/6/2020 15:48:53] /ghost
[7/6/2020 15:48:54] /ghost
[7/6/2020 15:48:58] /goto topteam
[7/6/2020 15:51:50] /b Cliente novo glr, quem tiver on e puder avisar agradeço
[7/6/2020 15:51:53] /goto danilo
[7/6/2020 15:52:52] /goto danilo
[7/6/2020 15:54:6] /t
[7/6/2020 15:56:2] /goto naruto and love
[7/6/2020 15:56:17] /b PESSOAL CLIENTE NOVO NO SITE!
[7/6/2020 15:56:20] /t
[7/6/2020 15:56:44] /i obito armor
[7/6/2020 15:58:17] /b 50 player on vou dar 2 dias de vip pra todo mundo
[7/6/2020 16:3:44] /b 50 player vou dar vip e gold pra geral
[7/6/2020 16:5:8] /c Japonei padeiro
[7/6/2020 16:5:58] /b Glr nao vou dar vip pra geral agora pq só tem 15 players , quando tiver pelo menos uns 30 eu dou vip
[7/6/2020 16:10:47] /t
[7/6/2020 16:11:7] /additem gold, 50
[7/6/2020 16:11:15] /i gold
[7/6/2020 16:11:20] /i gold bar
[7/6/2020 16:11:26] /additem 2160, 50
[7/6/2020 16:15:2] /c kyufen
[7/6/2020 16:16:59] /b Voc vips adicionada no sv
[7/6/2020 16:17:18] /b Porem estamos sofrendo attack ainda do msm jeito...
[7/6/2020 16:33:29] /goto naruto and love
[7/6/2020 16:35:38] /save
[7/6/2020 16:36:20] /a
[7/6/2020 16:36:20] /a
[7/6/2020 16:36:20] /a
[7/6/2020 16:36:21] /a
[7/6/2020 16:36:21] /a
[7/6/2020 16:36:21] /a
[7/6/2020 16:36:23] /a
[7/6/2020 16:38:2] /goto japonei padeiro
[7/6/2020 16:39:24] /c morfetico
[7/6/2020 16:42:40] /save
[7/6/2020 16:42:42] /save
[7/6/2020 16:43:54] /b glr site voltou aproveita ai quem for criar conta baixar o cliente novo , e divulga pra rapaziada 50 players on 2 dias de vip pra all
[7/6/2020 16:44:33] /t
[7/6/2020 16:46:3] /b Glr o shop ta em promoçao o set esqueci de falar
[7/6/2020 16:53:38] /t morfetico
[7/6/2020 23:39:48] /t
[7/6/2020 23:40:6] /i 1999
[7/6/2020 23:41:39] /i obito coat
[7/6/2020 23:41:42] /i obito armor
[7/6/2020 23:41:46] /i obito boots
[7/6/2020 23:43:8] /i yondaime coat
[7/6/2020 23:43:18] /t carlos bolsonaro
[7/6/2020 23:44:2] /i obito coat
[7/6/2020 23:44:13] /i obito tunic
[7/6/2020 23:44:21] /i obito armor
[7/6/2020 23:44:56] /i obito mask
[7/6/2020 23:45:21] /i madara armor
[7/6/2020 23:45:32] /i madara legs
[7/6/2020 23:45:39] /i madara mask
[7/6/2020 23:45:46] /i kurama tunic
[7/6/2020 23:45:49] /i kurama tunic
[7/6/2020 23:46:9] /i madaraboots
[7/6/2020 23:46:14] /i madara boots
[7/6/2020 23:46:29] /i obito legs
[7/6/2020 23:46:38] /i obito head band
[7/6/2020 23:46:41] /i obito head bad
[7/6/2020 23:48:28] /goto [adm] gui
[7/6/2020 23:48:30] /goto [adm] gui
[7/6/2020 23:48:31] /goto [adm] gui
[7/6/2020 23:48:32] /goto [adm] gui
[7/6/2020 23:48:34] /goto [adm] gui
[7/6/2020 23:48:36] /goto [adm] gui
[7/6/2020 23:48:38] /goto [adm] gui
[7/6/2020 23:48:41] /a
[7/6/2020 23:48:41] /a
[7/6/2020 23:48:42] /a
[7/6/2020 23:48:42] /a
[7/6/2020 23:48:44] /goto [adm] gui
[7/6/2020 23:48:45] /goto [adm] gui
[7/6/2020 23:48:46] /goto [adm] gui
[7/6/2020 23:48:47] /goto [adm] gui
[7/6/2020 23:48:48] /goto [adm] gui
[7/6/2020 23:48:48] /goto [adm] gui
[7/6/2020 23:48:49] /goto [adm] gui
[7/6/2020 23:48:50] /goto [adm] gui
[7/6/2020 23:48:52] /goto [adm] gui
[7/6/2020 23:48:53] /goto [adm] gui
[7/6/2020 23:48:54] /goto [adm] gui
[7/6/2020 23:48:55] /goto [adm] gui
[7/6/2020 23:48:56] /goto [adm] gui
[7/6/2020 23:48:56] /goto [adm] gui
[7/6/2020 23:48:57] /goto [adm] gui
[7/6/2020 23:48:58] /goto [adm] gui
[7/6/2020 23:48:58] /goto [adm] gui
[7/6/2020 23:48:59] /goto [adm] gui
[7/6/2020 23:49:0] /goto [adm] gui
[7/6/2020 23:49:1] /goto [adm] gui
[7/6/2020 23:49:2] /goto [adm] gui
[7/6/2020 23:49:2] /goto [adm] gui
[7/6/2020 23:49:3] /goto [adm] gui
[7/6/2020 23:49:4] /goto [adm] gui
[7/6/2020 23:49:17] /goto [adm] gui
[7/6/2020 23:49:18] /goto [adm] gui
[7/6/2020 23:49:19] /goto [adm] gui
[7/6/2020 23:49:24] /goto [adm] gui
[7/6/2020 23:49:43] /a 6743
[7/6/2020 23:49:45] /a 64
[7/6/2020 23:49:47] /a 43
[7/6/2020 23:49:49] /a 6743
[7/6/2020 23:49:51] /goto [adm] gui
[7/6/2020 23:51:40] /goto [adm] gui
[7/6/2020 23:51:48] /m wolf
[7/6/2020 23:51:52] /i wolf
[7/6/2020 23:51:59] /s wolf
[7/6/2020 23:52:7] /a
[7/6/2020 23:52:8] /a
[7/6/2020 23:52:11] /m wolf
[7/6/2020 23:52:15] /a
[7/6/2020 23:52:15] /a
[7/6/2020 23:52:16] /a
[7/6/2020 23:52:29] /a
[7/6/2020 23:52:29] /a
[7/6/2020 23:52:33] /m kyuubi
[7/6/2020 23:52:37] /a
[7/6/2020 23:52:37] /a
[7/6/2020 23:52:37] /a
[7/6/2020 23:54:5] /i madara boots
[7/6/2020 23:54:10] /i hashirama boots
[7/6/2020 23:56:15] /i sennin legs
[7/6/2020 23:56:21] /i sennin legs
[7/6/2020 23:56:29] /i sasuke legs robe
[7/6/2020 23:56:42] /i yondaime legs
[7/6/2020 23:56:46] /i gaara legs
[7/6/2020 23:56:54] /i sasuke legs
[7/6/2020 23:57:2] /i akatsuki legs
[7/6/2020 23:57:23] /i sasuke legsrobe
[7/6/2020 23:57:29] /i sasuke legsrobe
[7/6/2020 23:57:31] /i sasuke legsrobe
[7/6/2020 23:57:38] /i tobirama legs
[7/6/2020 23:57:56] /i minato boots
[7/6/2020 23:58:7] /i yondaime boots
[7/6/2020 23:58:39] /i naruto legs
[7/6/2020 23:58:47] /i sennin legs
[7/6/2020 23:58:51] /i gennin legs
[7/6/2020 23:59:59] /i gold bar
[8/6/2020 0:2:45] /i rock boots
[8/6/2020 0:3:18] /i unknow boots
[8/6/2020 0:3:38] /i kage boots
[8/6/2020 0:3:49] /i m boots
[8/6/2020 0:4:19] /i speed boots
[8/6/2020 0:4:28] /i sennin boots
[8/6/2020 0:4:41] /i vital boots
[8/6/2020 0:5:38] /i hiruzen helmet
[8/6/2020 0:6:5] /i hanzou helmet
[8/6/2020 0:7:4] /i kazegake helmet
[8/6/2020 0:7:10] /i kazekage helmet
[8/6/2020 0:7:22] /a
[8/6/2020 0:7:27] /a
[8/6/2020 0:7:47] /i jiraya mask
[8/6/2020 0:7:50] /i white mask
[8/6/2020 0:8:21] /i tobi maskk
[8/6/2020 0:8:42] /i kakashi mask
[8/6/2020 0:8:58] /i tobi mask
[8/6/2020 0:12:16] /i orochimaru tunic
[8/6/2020 0:12:26] /i tsunade coat
[8/6/2020 0:12:46] /a
[8/6/2020 0:12:47] /a
[8/6/2020 0:13:18] /i hiruzen helmet
[8/6/2020 0:13:28] /i 7463
[8/6/2020 0:13:35] /i 7902
[8/6/2020 0:13:49] /i 2125
[8/6/2020 0:13:58] /i 2408
[8/6/2020 0:14:7] /i 2397
[8/6/2020 0:14:14] /i 2463
[8/6/2020 0:14:20] /i 2479
[8/6/2020 0:14:28] /i 2127
[8/6/2020 0:14:36] /i 7402
[8/6/2020 0:14:46] /i 2648
[8/6/2020 0:14:52] /i 2392
[8/6/2020 0:14:58] /i 2433
[8/6/2020 0:15:15] /i 8862
[8/6/2020 0:15:19] /r
[8/6/2020 0:15:23] /r
[8/6/2020 0:15:29] /i 8865
[8/6/2020 0:15:54] /i 7457
[8/6/2020 0:16:3] /i 2652
[8/6/2020 0:16:9] /i 2659
[8/6/2020 0:16:24] /i 2376
[8/6/2020 0:16:33] /i 2516
[8/6/2020 0:16:41] /i 2480
[8/6/2020 0:16:59] /i 7416
[8/6/2020 0:17:11] /i 2146
[8/6/2020 0:17:27] /i 2145
[8/6/2020 0:17:57] /i 2146
[8/6/2020 0:18:8] /i 2129
[8/6/2020 0:18:33] /i nidaime armor
[8/6/2020 0:22:18] /i 2145
[8/6/2020 0:22:20] /i 2145
[8/6/2020 0:22:52] /goto morfetico
[8/6/2020 0:23:10] /goto [adm] guih
[8/6/2020 0:23:12] /goto [adm] gui
[8/6/2020 0:23:40] /goto black anbu
[8/6/2020 0:24:2] /goto black anbu
[8/6/2020 0:25:5] /goto sword master
[8/6/2020 0:25:41] /goto carlos bolsonaro
[8/6/2020 0:26:53] /i perfect anbu
[8/6/2020 0:26:58] /goto perfect anbu
[8/6/2020 0:27:21] /goto black snake
[8/6/2020 0:28:15] /a 2
[8/6/2020 0:29:14] /goto mutante creature
[8/6/2020 0:29:18] /goto mutant creature
[8/6/2020 0:29:53] /goto kakusouke
[8/6/2020 0:29:56] /goto gorila
[8/6/2020 0:30:2] /goto Gorila
[8/6/2020 0:30:8] /goto perfect anbu
[8/6/2020 0:30:9] /goto perfect anbu
[8/6/2020 0:30:9] /goto perfect anbu
[8/6/2020 0:30:15] /t
[8/6/2020 0:33:6] /a
[8/6/2020 0:33:7] /a
[8/6/2020 0:33:7] /a
[8/6/2020 0:33:8] /a
[8/6/2020 0:33:10] /up
[8/6/2020 0:33:15] /up
[8/6/2020 0:34:0] /cliport
[8/6/2020 0:34:57] /c [adm] gui
[8/6/2020 0:35:41] /a
[8/6/2020 0:35:49] /goto [adm] gui
[8/6/2020 0:36:44] /t
[8/6/2020 0:38:43] /save
[8/6/2020 0:42:5] /goto trainer
[8/6/2020 0:42:40] /c three
[8/6/2020 0:43:22] /i obito mask
[8/6/2020 0:43:39] /goto trainer
[8/6/2020 0:44:35] /c morfertico
[8/6/2020 0:44:40] /i morfetico
[8/6/2020 0:44:46] /c morfetico
[8/6/2020 0:45:13] /t
[8/6/2020 0:51:0] /t
[8/6/2020 0:53:42] /goto danilo
[8/6/2020 0:55:16] /t
[8/6/2020 0:57:7] /t
[8/6/2020 1:4:4] /goto danilo
[8/6/2020 1:4:31] /goto danilo
[8/6/2020 1:4:32] /goto danilo
[8/6/2020 1:4:33] /goto danilo
[8/6/2020 1:4:34] /goto danilo
[8/6/2020 1:4:36] /goto danilo
[8/6/2020 1:4:37] /goto danilo
[8/6/2020 1:5:0] /goto naruto and love
[8/6/2020 1:5:14] /goto skt kami original
[8/6/2020 1:5:20] /goto skt kami origami
[8/6/2020 1:5:44] /t
[8/6/2020 1:9:17] /cliport
[8/6/2020 1:14:11] /b Galera pra quem nao ta conseguindo abrir 2 cliente ,e nao conseguiu baixar o NeoMc, esta la no disc uma sala com o Neo mc.
[8/6/2020 1:15:16] /b Caso o site nao abra pra voces feche todo o navegador e abra dnv que ele volta.
[8/6/2020 1:19:0] /t
[8/6/2020 1:20:54] /b Desculpa galera sem querer deu um erro, e sim deu um rolback mas nao foi grande coisa...
[8/6/2020 1:21:18] /i gold bar
[8/6/2020 1:22:30] /goto danilo
[8/6/2020 1:22:48] /i chakra armor
[8/6/2020 1:24:16] /i chakra legs
[8/6/2020 1:24:36] /additem 2160,100
[8/6/2020 1:24:43] /b Pra nao dropar a chakra armor 
[8/6/2020 1:24:45] /b Pra nao dropar a chakra armor 
[8/6/2020 1:24:45] /b Pra nao dropar a chakra armor 
[8/6/2020 1:24:46] /b Pra nao dropar a chakra armor 
[8/6/2020 1:24:47] /b Pra nao dropar a chakra armor 
[8/6/2020 1:25:6] /save
[8/6/2020 1:28:5] /mc
[8/6/2020 1:30:24] /goto shodai
[8/6/2020 1:32:19] /goto carlos bolsonaro
[8/6/2020 1:35:41] /t
[8/6/2020 1:36:44] /goto naruto and love
[8/6/2020 1:38:30] /t
[8/6/2020 1:40:20] /t three
[8/6/2020 6:11:54] /goto carlos bolsonaro
[8/6/2020 6:12:52] /t
[8/6/2020 6:13:3] /i 1999
[8/6/2020 6:13:12] /i gold bar
[8/6/2020 6:13:16] /i gold bar
[8/6/2020 6:13:19] /i gold bar
[8/6/2020 6:13:22] /i gold bar
[8/6/2020 6:13:24] /i gold bar
[8/6/2020 6:13:30] /i 2145
[8/6/2020 6:13:33] /i 2145
[8/6/2020 6:13:36] /i 2145
[8/6/2020 6:13:38] /i 2145
[8/6/2020 6:13:40] /i 2145
[8/6/2020 6:13:55] /i 2195
[8/6/2020 6:14:0] /i 2195
[8/6/2020 6:14:5] /i 2195
[8/6/2020 6:14:9] /i 2195
[8/6/2020 6:14:18] /goto morfetico
[8/6/2020 6:14:21] /goto morfetico
[8/6/2020 6:14:47] /t
[8/6/2020 6:15:44] /goto Ozama Joga Facil 
[8/6/2020 6:16:6] /goto dick vigarista
[8/6/2020 6:16:26] /goto crowley
[8/6/2020 6:16:48] /goto huzzz
[8/6/2020 6:16:53] /goto huzz
[8/6/2020 6:17:5] /goto ozama random fofinho
[8/6/2020 6:18:13] /t
[8/6/2020 6:31:41] /save
[8/6/2020 6:42:21] /goto seis caminhos
[8/6/2020 6:42:29] /goto seis caminhos
[8/6/2020 6:42:30] /goto seis caminhos
[8/6/2020 6:42:36] /goto seis caminhos
[8/6/2020 6:42:37] /goto seis caminhos
[8/6/2020 6:42:38] /t
[8/6/2020 6:42:48] /c seis caminhos
[8/6/2020 6:42:55] /c seis caminho
[8/6/2020 6:43:3] /c seis caminhos
[8/6/2020 6:44:1] /save
[8/6/2020 6:45:17] /i 1999
[8/6/2020 6:45:27] /i hashirama armor
[8/6/2020 6:46:4] /i hashirama legs
[8/6/2020 6:46:14] /i madara boots
[8/6/2020 6:46:36] /i 2192
[8/6/2020 6:46:48] /save
[8/6/2020 6:47:8] /goto octopus
[8/6/2020 6:48:19] /t
[8/6/2020 6:48:28] /save
[8/6/2020 6:48:33] /save
[8/6/2020 6:48:37] /save
[8/6/2020 18:46:55] /i stamina refil
[8/6/2020 18:46:58] /i stamina potion
[8/6/2020 18:47:19] /i 2195
[8/6/2020 18:47:23] /i 2195
[8/6/2020 18:47:26] /goto morfetico
[8/6/2020 18:47:29] /goto morfetico
[8/6/2020 18:47:31] /goto morfetico
[8/6/2020 18:47:44] /t
[8/6/2020 18:49:5] /goto ozama random fofinho
[8/6/2020 18:49:19] /t
[8/6/2020 19:14:58] /goto shar
[8/6/2020 19:15:2] /goto shark
[8/6/2020 19:15:6] /t
[8/6/2020 19:24:45] /t morfetico
[8/6/2020 19:25:40] /attr attack,200
[8/6/2020 19:26:37] /attr set attack
[8/6/2020 19:31:49] /t ozama random fofinho
[8/6/2020 19:32:4] /goto kya
[8/6/2020 19:32:35] /goto kyodai
[8/6/2020 19:32:43] /a
[8/6/2020 19:32:43] /a
[8/6/2020 19:32:46] /a 2
[8/6/2020 19:33:4] /c Ozama Random Fofinho 
[8/6/2020 19:33:19] /a 20
[8/6/2020 19:33:22] /a 20
[8/6/2020 19:33:22] /a 20
[8/6/2020 19:33:27] /goto Ozama Random Fofinho 
[8/6/2020 19:33:35] /t
[8/6/2020 19:33:54] /goto ozama joga facil
[8/6/2020 19:33:58] /c Ozama Random Fofinho 
[8/6/2020 19:34:2] /t
[8/6/2020 19:34:33] /goto Ozama Random Fofinho
[8/6/2020 19:37:8] /c morfetico
[8/6/2020 19:38:47] /t
[8/6/2020 20:2:12] /goto shodai
[8/6/2020 20:2:45] /t
[8/6/2020 20:3:45] /goto hidan boss
[8/6/2020 20:4:18] /goto coca cola miks
[8/6/2020 20:4:58] /a
[8/6/2020 20:4:59] /a
[8/6/2020 20:6:8] /c Morfetico
[8/6/2020 20:6:15] /c jAPONEI PADEIRO
[8/6/2020 20:20:42] /t
[8/6/2020 20:29:51] /t morfetico
[8/6/2020 20:40:47] /goto jao
[8/6/2020 20:40:49] /goto jao
[8/6/2020 20:40:51] /goto jao
[8/6/2020 20:41:13] /i 2201
[8/6/2020 20:41:43] /save
[8/6/2020 20:50:59] /goto Ozama Random Fofinho
[8/6/2020 20:51:47] /c morfetico
[8/6/2020 20:52:20] /t
[8/6/2020 20:55:9] /goto naruto and love
[8/6/2020 21:1:32] /b skip
[8/6/2020 21:2:15] /t
[8/6/2020 21:3:9] /ghost
[8/6/2020 21:4:29] /ghost
[8/6/2020 21:4:42] /goto elite guard
[8/6/2020 21:4:46] /goto lider guard
[8/6/2020 21:15:54] /c morfetico
[8/6/2020 21:17:30] /t
[8/6/2020 21:18:57] /c morfetico
[8/6/2020 21:19:37] /t
[8/6/2020 21:20:50] /b Olhem no disc e deixem as vocs que voces testaram e achar que estao desbalanceadas que iremos ver todas
[8/6/2020 21:25:21] /goto naruto and love
[8/6/2020 21:26:19] /t
[8/6/2020 21:35:25] /b Galera transformar muda o dano hein só lembrando
[8/6/2020 21:52:45] /goto naruto and love
[8/6/2020 21:53:1] /t
[8/6/2020 21:58:7] /goto naruto and love
[8/6/2020 22:0:6] /t
[8/6/2020 22:0:49] /save
[8/6/2020 23:3:22] /b Galera estamos mexendo ja em algumas vocs que voces tanto falaram que estava fracas, quando o server der ss voces vao percebe mudança em algumas, entao caso a vocaçao esteja fraca ou muito buffada manda no disc la.
[8/6/2020 23:5:16] /goto naruto and love
[8/6/2020 23:5:40] /r
[8/6/2020 23:8:9] /t
[8/6/2020 23:10:22] /save
[8/6/2020 23:14:53] /i 2195
[8/6/2020 23:14:54] /i 2195
[8/6/2020 23:14:55] /i 2195
[8/6/2020 23:14:56] /i 2195
[8/6/2020 23:14:56] /i 2195
[8/6/2020 23:14:59] /goto morfetico
[8/6/2020 23:16:19] /t
[8/6/2020 23:21:31] /goto ozama random fofinho
[8/6/2020 23:22:17] /goto ozama random fofinho
[8/6/2020 23:22:23] /goto lyzer
[8/6/2020 23:23:57] /t
[8/6/2020 23:24:32] /goto ozama random fofinho
[8/6/2020 23:26:56] /goto ozama random fofinho
[8/6/2020 23:26:57] /goto ozama random fofinho
[8/6/2020 23:26:58] /goto ozama random fofinho
[8/6/2020 23:27:0] /goto ozama random fofinho
[8/6/2020 23:28:40] /t
[8/6/2020 23:52:11] /save
[8/6/2020 23:53:10] /goto nagato
[8/6/2020 23:53:16] /m trainer
[8/6/2020 23:55:18] /t
[8/6/2020 23:55:32] /save
[8/6/2020 23:58:50] /goto crowley
[8/6/2020 23:58:53] /ghost
[8/6/2020 23:58:59] /save
[9/6/2020 0:28:4] /t
[9/6/2020 0:29:4] /b Desculpa pessoal é que deu um erro no ip, tivemos que reiniciar a força pois alguns players nao conseguiam conectar
[9/6/2020 0:32:44] /a
[9/6/2020 0:32:44] /a
[9/6/2020 0:32:45] /a
[9/6/2020 0:33:28] /ghost
[9/6/2020 0:35:53] /b Pra aceitar guild tem que deslogar o char e aceita no site pessoal.
[9/6/2020 0:35:53] /b Pra aceitar guild tem que deslogar o char e aceita no site pessoal.
[9/6/2020 0:37:36] /goto master shinobi
[9/6/2020 0:39:19] /goto ozama random fofinho
[9/6/2020 0:39:35] /goto ozama random fofinho
[9/6/2020 0:39:52] /goto naruto and love
[9/6/2020 0:41:3] /c carlos bolsonaro
[9/6/2020 0:41:36] /r
[9/6/2020 0:43:48] /a 50
[9/6/2020 0:44:40] /c Morfetico
[9/6/2020 0:46:45] /goto cobra-no-cu
[9/6/2020 0:47:20] /r
[9/6/2020 0:47:31] /m gaara boos
[9/6/2020 0:49:16] /m gaara boos
[9/6/2020 0:50:34] /s hachibi
[9/6/2020 0:50:35] /s hachibi
[9/6/2020 0:50:36] /s hachibi
[9/6/2020 0:50:37] /s hachibi
[9/6/2020 0:52:9] /goto kyodai
[9/6/2020 0:52:16] /a 20
[9/6/2020 0:52:45] /c morfetico
[9/6/2020 0:54:12] /t
[9/6/2020 0:55:3] /goto naruto and love
[9/6/2020 0:55:15] /goto [adm] guih
[9/6/2020 0:55:16] /goto [adm] gui
[9/6/2020 0:56:57] /goto naruto and love
[9/6/2020 0:58:49] /goto naruto and love
[9/6/2020 0:58:53] /goto naruto and love
[9/6/2020 0:58:55] /goto naruto and love
[9/6/2020 0:58:57] /goto naruto and love
[9/6/2020 0:59:42] /c morfetico
[9/6/2020 1:3:31] /t
[9/6/2020 1:3:39] /goto naruto and love
[9/6/2020 1:7:39] /goto naruto and love
[9/6/2020 1:12:53] /goto poison
[9/6/2020 1:14:13] /t poison
[9/6/2020 1:15:5] /goto naruto and love
[9/6/2020 1:15:55] /goto Ozama Random Fofinho
[9/6/2020 1:17:43] /c morfetico
[9/6/2020 1:22:17] /goto Ozama Random Fofinho
[9/6/2020 1:23:32] /goto Ozama Random Fofinho
[9/6/2020 1:23:33] /goto Ozama Random Fofinho
[9/6/2020 1:23:48] /c morfetico
[9/6/2020 1:25:6] /c morfetico
[9/6/2020 1:37:28] /goto poison
[9/6/2020 1:43:56] /t nagato
[9/6/2020 1:44:6] /t cobra-no-cu
[9/6/2020 1:44:7] /t
[9/6/2020 1:45:13] /b Galera nao esqueçam Transform muda o dano aqui. E antes de ir fazer a task tem que pegar no ultimo andar do templo com a tsunade a task e depois de feita só ir nela e falar entregar
[9/6/2020 1:45:14] /b Galera nao esqueçam Transform muda o dano aqui. E antes de ir fazer a task tem que pegar no ultimo andar do templo com a tsunade a task e depois de feita só ir nela e falar entregar
[9/6/2020 1:45:15] /b Galera nao esqueçam Transform muda o dano aqui. E antes de ir fazer a task tem que pegar no ultimo andar do templo com a tsunade a task e depois de feita só ir nela e falar entregar
[9/6/2020 1:45:47] /c cobra-no-cu
[9/6/2020 1:47:44] /c shark
[9/6/2020 1:54:56] /t lyzer
[9/6/2020 1:57:9] /goto naruto and love
[9/6/2020 1:57:15] /t
[9/6/2020 1:57:29] /c nagato
[9/6/2020 1:59:11] /c octopus
[9/6/2020 2:1:5] /c shodai
[9/6/2020 2:5:55] /newtype 34
[9/6/2020 2:5:57] /newtype 35
[9/6/2020 2:5:59] /newtype 100
[9/6/2020 2:6:1] /newtype 101
[9/6/2020 2:6:4] /newtype 103
[9/6/2020 2:6:7] /newtype 102
[9/6/2020 2:6:11] /newtype 101
[9/6/2020 2:6:17] /ghost
[9/6/2020 2:11:13] /additem 2160,50
[9/6/2020 2:11:37] /b Boa noite bom jogo a todos <3
[9/6/2020 2:11:46] /b Boa noite bom jogo a todos <3
[9/6/2020 2:11:58] /ghost
[9/6/2020 2:13:18] /goto naruto and love
[9/6/2020 2:14:33] /goto carlos bolsonaro
[9/6/2020 2:14:37] /goto naruto and love
[9/6/2020 2:14:49] /c carlos bolsonaro
[9/6/2020 2:17:1] /goto crowley
[9/6/2020 2:18:23] /goto [adm] gui
[9/6/2020 2:19:49] /up
[9/6/2020 2:19:50] /up
[9/6/2020 2:19:53] /a
[9/6/2020 2:19:56] /t
[9/6/2020 6:28:18] /goto jao
[9/6/2020 6:28:57] /i 2219
[9/6/2020 6:33:37] /goto naruto and love
[9/6/2020 6:43:54] /goto alucardzinmuathai
[9/6/2020 6:44:8] /goto Alucardzinmuaythai
[9/6/2020 6:44:21] /t
[9/6/2020 6:44:37] /c jao
[9/6/2020 6:44:42] /c Alucardzinmuaythai
[9/6/2020 6:45:13] /r
[9/6/2020 6:45:16] /c shodai
[9/6/2020 6:47:48] /c Alucardzinmuaythai
[9/6/2020 6:47:54] /goto jao
[9/6/2020 6:48:6] /c shodai
[9/6/2020 6:51:25] /t
[9/6/2020 6:51:42] /t shodai
[9/6/2020 6:52:1] /goto jao
[9/6/2020 6:52:2] /r
[9/6/2020 6:52:7] /t
[9/6/2020 6:53:12] /c morfetico
[9/6/2020 6:53:51] /goto Octopus
[9/6/2020 6:55:7] /c shodai
[9/6/2020 6:55:14] /t
[9/6/2020 17:44:7] /goto crowley
[9/6/2020 17:44:41] /goto crowley
[9/6/2020 17:45:3] /ghost
[9/6/2020 17:45:59] /r
[9/6/2020 17:46:1] /r
[9/6/2020 17:46:3] /r
[9/6/2020 17:46:4] /r
[9/6/2020 17:46:25] /i 2199
[9/6/2020 17:46:36] /i 1999
[9/6/2020 17:47:18] /i 1999
[9/6/2020 17:48:18] /ghost
[9/6/2020 17:48:28] /goto crowley
[9/6/2020 17:48:42] /mc
[9/6/2020 17:51:12] /t
[9/6/2020 17:57:41] /goto crowley
[9/6/2020 18:1:47] /goto crowley
[9/6/2020 18:1:58] /goto anbu zks
[9/6/2020 18:2:21] /goto anbu zks
[9/6/2020 18:2:22] /goto anbu zks
[9/6/2020 18:2:24] /goto anbu zks
[9/6/2020 18:2:25] /goto anbu zks
[9/6/2020 18:2:27] /goto anbu zks
[9/6/2020 18:2:29] /goto anbu zks
[9/6/2020 18:2:30] /goto anbu zks
[9/6/2020 18:2:32] /goto anbu zks
[9/6/2020 18:2:34] /goto anbu zks
[9/6/2020 18:2:35] /goto anbu zks
[9/6/2020 18:2:36] /goto anbu zks
[9/6/2020 18:2:38] /goto anbu zks
[9/6/2020 18:2:39] /goto anbu zks
[9/6/2020 18:2:40] /goto anbu zks
[9/6/2020 18:2:41] /goto anbu zks
[9/6/2020 18:2:43] /goto anbu zks
[9/6/2020 18:2:44] /goto anbu zks
[9/6/2020 18:2:45] /goto anbu zks
[9/6/2020 18:2:47] /goto anbu zks
[9/6/2020 18:2:48] /goto anbu zks
[9/6/2020 18:2:49] /goto anbu zks
[9/6/2020 18:2:51] /goto anbu zks
[9/6/2020 18:2:53] /goto anbu zks
[9/6/2020 18:2:56] /goto anbu zks
[9/6/2020 18:2:58] /goto anbu zks
[9/6/2020 18:3:1] /goto anbu zks
[9/6/2020 18:3:2] /goto anbu zks
[9/6/2020 18:3:4] /goto anbu zks
[9/6/2020 18:3:6] /goto anbu zks
[9/6/2020 18:3:8] /goto anbu zks
[9/6/2020 18:3:10] /goto anbu zks
[9/6/2020 18:3:11] /goto anbu zks
[9/6/2020 18:3:18] /goto anbu zks
[9/6/2020 18:4:14] /goto anbu zks
[9/6/2020 18:4:15] /goto anbu zks
[9/6/2020 18:4:17] /goto anbu zks
[9/6/2020 18:4:19] /goto anbu zks
[9/6/2020 18:4:20] /goto anbu zks
[9/6/2020 18:4:22] /goto anbu zks
[9/6/2020 18:4:25] /goto anbu zks
[9/6/2020 18:4:26] /goto anbu zks
[9/6/2020 18:4:30] /goto anbu zks
[9/6/2020 18:4:32] /goto anbu zks
[9/6/2020 18:4:34] /goto anbu zks
[9/6/2020 18:4:36] /goto anbu zks
[9/6/2020 18:9:29] /goto uchiha itachi
[9/6/2020 18:10:12] /c morfetico
[9/6/2020 18:10:33] /goto uchiha itachi
[9/6/2020 18:10:37] /goto crowley
[9/6/2020 18:11:5] /t
[9/6/2020 18:13:47] /goto [adm] nii
[9/6/2020 18:14:7] /goto [adm] Nii
[9/6/2020 18:14:18] /goto [ADM] Nii.
[9/6/2020 18:17:37] /t
[9/6/2020 18:21:28] /mc
[9/6/2020 18:53:0] /goto rock lee
[9/6/2020 19:6:24] /t
[9/6/2020 19:8:15] /goto nelsonzao
[9/6/2020 19:9:29] /t morfetico
[9/6/2020 19:9:49] /goto sasuke akatsuki boss
[9/6/2020 19:9:59] /c morfetico
[9/6/2020 19:13:32] /goto rock lee
[9/6/2020 19:13:38] /c morfetico
[9/6/2020 19:16:57] /up
[9/6/2020 19:17:3] /c opkdor
[9/6/2020 19:19:25] /mc
[9/6/2020 19:22:57] /goto sasuke akatsuki boss
[9/6/2020 19:24:7] /goto opkdor
[9/6/2020 19:27:4] /goto morfetico
[9/6/2020 19:27:24] /goto shodai
[9/6/2020 19:27:30] /c morfetico
[9/6/2020 19:27:43] /goto opkdor
[9/6/2020 19:34:5] /t morfetico
[9/6/2020 19:36:23] /goto raikage boss
[9/6/2020 19:41:51] /goto morfetico
[9/6/2020 19:42:51] /t
[9/6/2020 19:42:56] /t opkdor
[9/6/2020 19:45:34] /r
[9/6/2020 19:45:41] /goto raikage boss
[9/6/2020 19:46:1] /t
[9/6/2020 19:46:7] /goto shodai
[9/6/2020 19:46:12] /c japonei padeiro
[9/6/2020 19:48:13] /goto opkdor
[9/6/2020 19:50:25] /i kunai explosion
[9/6/2020 19:53:22] /goto japonei padeiro
[9/6/2020 19:53:25] /i nidaime armor
[9/6/2020 19:53:30] /i nidaime armor
[9/6/2020 19:53:52] /up
[9/6/2020 19:53:54] /up
[9/6/2020 19:53:55] /up
[9/6/2020 19:54:45] /goto japonei padeiro
[9/6/2020 19:55:46] /c opkdor
[9/6/2020 19:58:49] /goto jao
[9/6/2020 20:0:48] /goto jao
[9/6/2020 20:2:19] /c morfetico
[9/6/2020 20:3:22] /goto poison
[9/6/2020 20:8:32] /t opkdor
[9/6/2020 20:9:17] /c morfetico
[9/6/2020 20:14:13] /goto jao
[9/6/2020 20:16:14] /goto anbu zks
[9/6/2020 20:29:0] /goto anbu zks
[9/6/2020 20:29:4] /goto anbu zks
[9/6/2020 20:32:31] /goto anbu zks
[9/6/2020 20:35:29] /goto jao
[9/6/2020 20:45:40] /goto okpdor
[9/6/2020 20:45:44] /goto opkdor
[9/6/2020 20:46:9] /c opkdor
[9/6/2020 20:46:14] /up
[9/6/2020 20:46:16] /c opkdor
[9/6/2020 20:46:33] /c morfetico
[9/6/2020 20:48:58] /t opkdor
[9/6/2020 20:49:1] /t morfetico
[9/6/2020 20:49:46] /t
[9/6/2020 21:9:27] /t shodai
[9/6/2020 21:9:47] /t gabigol
[9/6/2020 21:15:42] /goto uchiha itachi
[9/6/2020 21:16:30] /c morfetico
[9/6/2020 21:17:1] /t
[9/6/2020 21:17:49] /goto opkdor
[9/6/2020 21:17:56] /i emma staff
[9/6/2020 21:18:23] /i emma staff
[9/6/2020 21:19:13] /i enma staff
[9/6/2020 21:19:37] /t
[9/6/2020 21:21:11] /c opkdor
[9/6/2020 21:21:24] /i 1999
[9/6/2020 21:21:37] /i 2195
[9/6/2020 21:21:39] /i 2195
[9/6/2020 21:21:44] /i 2195
[9/6/2020 21:21:45] /i 2195
[9/6/2020 21:21:53] /i 2145
[9/6/2020 21:21:55] /i 2145
[9/6/2020 21:21:58] /i 2145
[9/6/2020 21:32:36] /goto Nelsonzao
[9/6/2020 21:33:22] /t
[9/6/2020 21:39:48] /goto octopus
[9/6/2020 21:40:22] /goto shark
[9/6/2020 21:41:5] /t
[9/6/2020 21:41:27] /goto seis caminho
[9/6/2020 21:41:42] /goto seis caminhos
[9/6/2020 21:41:48] /t
[9/6/2020 21:47:10] /c rock lee
[9/6/2020 21:47:19] /goto sasuke boss
[9/6/2020 21:49:34] /goto rock lee
[9/6/2020 21:49:38] /goto japonei padeiro
[9/6/2020 21:49:43] /goto rock lee
[9/6/2020 21:49:59] /goto rock lee
[9/6/2020 21:50:5] /goto rock lee
[9/6/2020 21:50:5] /goto rock lee
[9/6/2020 21:50:11] /goto sasuke boss
[9/6/2020 21:50:31] /c japonei divulgas
[9/6/2020 21:50:33] /c rock lee
[9/6/2020 21:53:23] /ghost
[9/6/2020 21:53:35] /ghost
[9/6/2020 21:56:3] /t
[9/6/2020 21:59:15] /goto jiraya boss
[9/6/2020 22:0:16] /c rock lee
[9/6/2020 22:0:24] /c japonei divulgas
[9/6/2020 22:1:21] /c japonei divulgas
[9/6/2020 22:12:59] /attr attack,1000
[9/6/2020 22:13:3] /attr attack,1000
[9/6/2020 22:13:5] /attr attack,1000
[9/6/2020 22:13:7] /attr attack,1000
[9/6/2020 22:13:25] /attr attack,20
[9/6/2020 22:13:35] /attr set attack,10
[9/6/2020 22:14:14] /t rock lee
[9/6/2020 22:14:46] /i 1600
[9/6/2020 22:14:53] /r
[9/6/2020 22:15:10] /i minato legs
[9/6/2020 22:15:20] /i minato boots
[9/6/2020 22:16:1] /i yondaime coat
[9/6/2020 22:16:7] /i yondaime tunic
[9/6/2020 22:16:13] /i minato tunic
[9/6/2020 22:17:39] /t
[9/6/2020 22:19:13] /goto [adm] gui
[9/6/2020 22:19:36] /t
[9/6/2020 22:28:13] /goto lyzer
[9/6/2020 22:28:23] /goto lyzer
[9/6/2020 22:31:21] /t
[9/6/2020 22:31:25] /goto lyze
[9/6/2020 22:31:34] /goto lyzer
[9/6/2020 22:32:20] /goto poison
[9/6/2020 22:32:29] /goto lyzer
[9/6/2020 22:33:8] /mc
[9/6/2020 22:33:20] /goto poison
[9/6/2020 22:33:23] /c lyzer
[9/6/2020 22:40:35] /t
[9/6/2020 22:52:54] /i elite shuriken
[9/6/2020 22:53:9] /c lyzer
[10/6/2020 0:4:15] /goto uchiha itachi
[10/6/2020 0:4:33] /c morfetico
[10/6/2020 0:5:10] /t
[10/6/2020 0:9:24] /goto shodai
[10/6/2020 0:9:31] /goto [adm] gui
[10/6/2020 0:9:38] /r
[10/6/2020 0:11:11] /t
[10/6/2020 0:22:28] /goto crowley
[10/6/2020 0:25:32] /goto shodai
[10/6/2020 0:25:36] /goto gabigol
[10/6/2020 0:25:40] /m trainer
[10/6/2020 0:25:52] /c morfetico
[10/6/2020 0:28:55] /t morfetico
[10/6/2020 0:29:48] /t
[10/6/2020 0:29:52] /goto crowley
[10/6/2020 0:29:59] /t
[10/6/2020 6:33:7] /goto perfect anbu
[10/6/2020 6:33:10] /t
[10/6/2020 6:35:50] /t
[10/6/2020 6:36:39] /goto lider guard
[10/6/2020 6:37:0] /t
[10/6/2020 6:38:28] /c opkdor
[10/6/2020 6:40:18] /goto octopus
[10/6/2020 6:40:23] /goto jao
[10/6/2020 6:40:30] /goto anbu zks
[10/6/2020 6:41:55] /c Shadow Darkness
[10/6/2020 6:42:2] /t Shadow Darkness
[10/6/2020 6:42:5] /goto Shadow Darkness
[10/6/2020 6:43:4] /c Shadow Darkness
[10/6/2020 6:46:37] /goto black anbu
[10/6/2020 6:46:39] /t
[10/6/2020 20:23:14] /t
[10/6/2020 20:23:36] /goto jao
[10/6/2020 20:29:36] /m uchiha bunshin
[10/6/2020 20:29:38] /m uchiha bunshin
[10/6/2020 20:29:39] /m uchiha bunshin
[10/6/2020 20:29:40] /m uchiha bunshin
[10/6/2020 20:29:41] /m uchiha bunshin
[10/6/2020 20:29:48] /m hoshigaki bunshin
[10/6/2020 20:29:50] /m hoshigaki bunshin
[10/6/2020 20:29:51] /m hoshigaki bunshin
[10/6/2020 20:29:53] /m hoshigaki bunshin
[10/6/2020 20:29:55] /m hoshigaki bunshin
[10/6/2020 20:30:57] /m hoshigaki bunshin
[10/6/2020 20:30:58] /m hoshigaki bunshin
[10/6/2020 20:31:4] /m hoshigaki bunshin
[10/6/2020 20:31:5] /m uchiha bunshin
[10/6/2020 20:31:7] /m uchiha bunshin
[10/6/2020 20:31:8] /m uchiha bunshin
[10/6/2020 20:31:10] /m uchiha bunshin
[10/6/2020 20:31:12] /m hoshigaki bunshin
[10/6/2020 20:31:14] /m hoshigaki bunshin
[10/6/2020 20:31:22] /goto jao
[10/6/2020 20:34:35] /t opkdor
[10/6/2020 20:35:29] /goto lider guard
[10/6/2020 20:35:31] /t
[10/6/2020 20:36:10] /c opkdor
[10/6/2020 20:46:51] /goto jao
[10/6/2020 20:47:4] /goto jao
[10/6/2020 20:51:24] /goto Anbu zks
[10/6/2020 20:51:52] /i 7374
[10/6/2020 20:52:2] /t
[10/6/2020 21:16:14] /goto jao
[10/6/2020 21:17:10] /m uchiha bunshin
[10/6/2020 21:17:12] /m uchiha bunshin
[10/6/2020 21:17:13] /m uchiha bunshin
[10/6/2020 21:17:14] /m uchiha bunshin
[10/6/2020 21:17:15] /m uchiha bunshin
[10/6/2020 21:17:16] /m uchiha bunshin
[10/6/2020 21:17:17] /m uchiha bunshin
[10/6/2020 21:17:18] /m uchiha bunshin
[10/6/2020 21:17:19] /m uchiha bunshin
[10/6/2020 21:17:21] /m uchiha bunshin
[10/6/2020 21:17:22] /m uchiha bunshin
[10/6/2020 21:17:23] /m uchiha bunshin
[10/6/2020 21:17:47] /m hoshigaki bunshin
[10/6/2020 21:17:47] /m hoshigaki bunshin
[10/6/2020 21:17:48] /m hoshigaki bunshin
[10/6/2020 21:17:50] /m hoshigaki bunshin
[10/6/2020 21:17:51] /m hoshigaki bunshin
[10/6/2020 21:17:52] /m hoshigaki bunshin
[10/6/2020 21:17:53] /m hoshigaki bunshin
[10/6/2020 21:17:54] /m hoshigaki bunshin
[10/6/2020 21:17:55] /m hoshigaki bunshin
[10/6/2020 21:18:2] /goto jao
[10/6/2020 21:29:15] /c gabigol
[10/6/2020 21:29:20] /c jao
[10/6/2020 21:29:59] /t jao
[10/6/2020 21:30:30] /m itachi
[10/6/2020 21:30:37] /m itachi
[10/6/2020 21:30:51] /m itachi/r
[10/6/2020 21:30:53] /r
[10/6/2020 21:30:55] /r
[10/6/2020 21:37:28] /m itachi 
[10/6/2020 21:37:29] /m itachi 
[10/6/2020 21:37:40] /r
[10/6/2020 21:37:42] /r
[10/6/2020 21:37:42] /t
[10/6/2020 21:38:4] /t
[10/6/2020 21:38:11] /i 1596
[10/6/2020 21:38:18] /i 1596
[10/6/2020 21:38:26] /i 1596
[10/6/2020 21:38:30] /r
[10/6/2020 21:38:34] /t japonei padeiro
[10/6/2020 21:39:42] /t
[10/6/2020 21:39:49] /goto japonei padeiro
[10/6/2020 21:40:41] /down
[10/6/2020 21:40:50] /up
[10/6/2020 21:40:59] /t
[10/6/2020 21:54:9] /goto shark
[10/6/2020 21:54:28] /goto tiu san socorro
[10/6/2020 21:57:58] /goto kimimaro boss
[10/6/2020 21:58:3] /goto Kimimaru boss
[10/6/2020 21:58:17] /c Shadow darkness
[10/6/2020 21:58:27] /s kyuubi
[10/6/2020 21:58:30] /s kyuubi
[10/6/2020 21:58:30] /s kyuubi
[10/6/2020 21:58:31] /s kyuubi
[10/6/2020 21:58:31] /s kyuubi
[10/6/2020 21:58:32] /s kyuubi
[10/6/2020 21:59:42] /t shadow darkness
[10/6/2020 21:59:44] /t
[10/6/2020 22:0:7] /goto poison
[10/6/2020 22:2:43] /t
[11/6/2020 16:5:34] /goto anbu zks
[11/6/2020 16:5:47] /t
[11/6/2020 16:5:53] /goto [adm] nii.
[11/6/2020 16:6:33] /goto [adm] nii.
[11/6/2020 16:14:49] /goto [adm] nii.
[11/6/2020 16:15:3] /goto tiu san socorro
[11/6/2020 16:15:29] /c morfetico
[11/6/2020 16:19:44] /goto naruto and love
[11/6/2020 16:20:5] /c morfetico
[11/6/2020 16:20:56] /goto shark
[11/6/2020 16:21:12] /goto shark
[11/6/2020 16:21:14] /goto shark
[11/6/2020 16:21:15] /goto shark
[11/6/2020 16:21:17] /goto shark
[11/6/2020 16:21:21] /goto shark
[11/6/2020 16:21:23] /goto shark
[11/6/2020 16:21:24] /goto shark
[11/6/2020 16:21:26] /goto shark
[11/6/2020 16:21:28] /goto shark
[11/6/2020 16:21:30] /goto shark
[11/6/2020 16:21:32] /goto shark
[11/6/2020 16:21:34] /goto shark
[11/6/2020 16:21:36] /goto shark
[11/6/2020 16:21:37] /goto shark
[11/6/2020 16:21:39] /goto shark
[11/6/2020 16:21:42] /goto shark
[11/6/2020 16:21:44] /goto shark
[11/6/2020 16:21:46] /goto shark
[11/6/2020 16:21:49] /goto shark
[11/6/2020 16:21:51] /goto shark
[11/6/2020 16:21:54] /goto shark
[11/6/2020 16:21:57] /goto shark
[11/6/2020 16:29:1] /goto shark
[11/6/2020 16:29:52] /c morfetico
[11/6/2020 16:29:53] /r
[11/6/2020 16:29:56] /r
[11/6/2020 16:40:37] /goto shark
[11/6/2020 16:41:8] /c morfetico
[11/6/2020 16:45:8] /goto shark
[11/6/2020 16:45:16] /goto morfetico
[11/6/2020 16:45:22] /i 2145
[11/6/2020 16:45:32] /i 2145
[11/6/2020 16:46:4] /goto shark
[11/6/2020 16:46:28] /goto shark
[11/6/2020 16:52:3] /goto shark
[11/6/2020 16:58:6] /goto shark
[11/6/2020 17:28:16] /i 1999
[11/6/2020 17:28:25] /i 8866
[11/6/2020 17:28:33] /i 8851
[11/6/2020 17:50:41] /goto naruto and love
[11/6/2020 17:51:52] /goto uchiha itachi
[11/6/2020 17:52:23] /c morfetico
[11/6/2020 18:7:38] /t
[11/6/2020 19:14:22] /i 1999
[11/6/2020 19:14:32] /i 2195
[11/6/2020 19:14:36] /i 2195
[11/6/2020 19:14:39] /i 2195
[11/6/2020 19:14:42] /i 2195
[11/6/2020 19:14:44] /i 2195
[11/6/2020 19:14:46] /i 2195
[11/6/2020 19:14:48] /i 2195
[11/6/2020 19:14:49] /i 2195
[11/6/2020 19:14:51] /i 2195
[11/6/2020 19:14:53] /i 2195
[11/6/2020 19:14:55] /i 2195
[11/6/2020 19:15:2] /i 2195
[11/6/2020 19:15:4] /i 2195
[11/6/2020 19:15:12] /i 2145
[11/6/2020 19:15:15] /i 2145
[11/6/2020 19:15:17] /i 2145
[11/6/2020 19:15:19] /i 2145
[11/6/2020 19:15:22] /i 2145
[11/6/2020 19:15:24] /i 2145
[11/6/2020 19:15:27] /i 2145
[11/6/2020 19:15:35] /goto morfetico
[11/6/2020 19:16:18] /goto tiu san socorro
[11/6/2020 19:16:31] /goto they quetinho
[11/6/2020 19:18:24] /goto octopus
[11/6/2020 19:18:28] /t
[11/6/2020 20:27:12] /goto opkdor
[11/6/2020 20:44:18] /i 1596
[11/6/2020 20:44:25] /i 1596
[11/6/2020 21:18:48] /mc
[11/6/2020 22:24:53] /t
[11/6/2020 23:9:40] /goto uchiha itachi
[11/6/2020 23:10:12] /goto uchiha itachi
[11/6/2020 23:10:13] /goto uchiha itachi
[11/6/2020 23:10:29] /goto uchiha itachi
[11/6/2020 23:10:51] /goto [adm] gui
[11/6/2020 23:11:38] /goto hidan boss
[11/6/2020 23:12:8] /c morfetico
[11/6/2020 23:12:31] /t
[11/6/2020 23:14:55] /goto vintedois naregua
[11/6/2020 23:15:29] /b 50 PLAYERS ONLINE VOU SORTEAR 1 MES DE VIP 
[11/6/2020 23:15:31] /b 50 PLAYERS ONLINE VOU SORTEAR 1 MES DE VIP 
[11/6/2020 23:15:32] /b 50 PLAYERS ONLINE VOU SORTEAR 1 MES DE VIP 
[11/6/2020 23:15:32] /b 50 PLAYERS ONLINE VOU SORTEAR 1 MES DE VIP 
[11/6/2020 23:15:33] /b 50 PLAYERS ONLINE VOU SORTEAR 1 MES DE VIP 
[11/6/2020 23:19:39] /t
[12/6/2020 6:31:17] /goto white zetsu
[12/6/2020 6:31:44] /goto black snake
[12/6/2020 6:32:50] /goto white zetsu
[12/6/2020 6:32:57] /goto black snake
[12/6/2020 6:33:2] /goto white zetsu
[12/6/2020 6:33:7] /r
[12/6/2020 6:33:10] /goto black snake
[12/6/2020 6:33:13] /goto white zetsu
[12/6/2020 6:33:30] /c morfetico
[12/6/2020 6:35:4] /c morfetico
[12/6/2020 6:36:21] /goto naruto and love
[12/6/2020 6:36:32] /goto [adm] gui
[12/6/2020 6:38:56] /c morfetico
[12/6/2020 6:39:13] /c morfetico
[12/6/2020 6:42:18] /t
[12/6/2020 17:22:52] /goto white zetsu
[12/6/2020 17:23:9] /c morfetico
[12/6/2020 17:27:43] /t
[12/6/2020 17:33:31] /goto anbu zks
[12/6/2020 17:33:41] /goto naruto and love
[12/6/2020 17:34:48] /goto tiu san socorro
[12/6/2020 17:41:47] /t
[12/6/2020 18:39:38] /goto white zetsu
[12/6/2020 18:40:1] /c morfetico
[12/6/2020 18:41:9] /i 1999
[12/6/2020 18:41:19] /i 2145
[12/6/2020 18:41:20] /i 2145
[12/6/2020 18:41:22] /i 2145
[12/6/2020 18:41:31] /i 2145
[12/6/2020 18:41:32] /i 2145
[12/6/2020 18:41:32] /i 2145
[12/6/2020 18:41:33] /i 2145
[12/6/2020 18:41:46] /i 2145
[12/6/2020 18:41:53] /i 2145
[12/6/2020 18:45:20] /t
[12/6/2020 21:10:29] /t
[12/6/2020 21:10:38] /i 1596
[12/6/2020 21:10:41] /i 1596
[12/6/2020 22:29:51] /goto tiu san  socorro
[12/6/2020 22:29:59] /goto tiu san socorro
[12/6/2020 22:31:25] /goto rock lee
[12/6/2020 22:31:57] /i 1999
[12/6/2020 22:32:15] /i obito armor
[12/6/2020 22:32:20] /i obito coat
[12/6/2020 22:32:30] /i obito tunic
[12/6/2020 22:32:33] /i obito legs
[12/6/2020 22:32:37] /i obito boots
[12/6/2020 22:32:43] /i obito mask
[12/6/2020 22:33:59] /r
[12/6/2020 22:34:2] /r
[12/6/2020 22:34:14] /i 1026
[12/6/2020 22:34:23] /r
[12/6/2020 22:34:24] /r
[12/6/2020 22:34:29] /i 1026
[12/6/2020 22:34:38] /i 2784
[12/6/2020 22:34:42] /i 2784
[12/6/2020 22:34:48] /r
[12/6/2020 22:34:50] /i 2784
[12/6/2020 22:35:13] /i raikage gloves
[12/6/2020 22:35:23] /i raikage glove
[12/6/2020 22:35:59] /b Boa Noite!!!!
[12/6/2020 22:36:0] /b Boa Noite!!!!
[12/6/2020 22:36:0] /b Boa Noite!!!!
[12/6/2020 22:36:28] /r
[12/6/2020 22:40:0] /goto ritual deus jashin
[12/6/2020 22:41:9] /b Boa Noite!!!!
[12/6/2020 22:41:10] /b Boa Noite!!!!
[12/6/2020 22:41:10] /b Boa Noite!!!!
[12/6/2020 22:52:53] /t
[13/6/2020 14:36:47] /goto tiu san socorro
[13/6/2020 14:36:53] /goto naruto and love
[13/6/2020 14:37:25] /addskill level,morfetico,9
[13/6/2020 14:37:31] /addskill level,morfetico,9
[13/6/2020 14:37:43] /addskill morfetico,level,9
[13/6/2020 14:38:38] /goto tiu san socorro
[13/6/2020 14:38:58] /c morfetico
[13/6/2020 14:41:39] /t
[13/6/2020 14:42:9] /t
[13/6/2020 14:51:45] /t morfetico
[13/6/2020 15:23:10] /goto [adm] gui
[13/6/2020 18:6:34] /t
[13/6/2020 18:7:5] /t
