[12/10/2013 00:09:48] /b Aos que acabaram de entrar, aproveitem double exp!
[12/10/2013 00:25:19] /ghost
[12/10/2013 00:25:20] /ghost
[12/10/2013 00:25:23] /goto sua mae
[12/10/2013 00:25:27] /t
[12/10/2013 00:25:49] /addskill credibillity, magic
[12/10/2013 00:25:53] /addskill credibillity, magic
[12/10/2013 00:25:53] /addskill credibillity, magic
[12/10/2013 00:25:53] /addskill credibillity, magic
[12/10/2013 00:25:53] /addskill credibillity, magic
[12/10/2013 00:25:53] /addskill credibillity, magic
[12/10/2013 00:26:13] /ghost
[12/10/2013 00:26:22] /newtype 455
[12/10/2013 00:26:26] /newtype 355
[12/10/2013 00:26:36] /newtype 101
[12/10/2013 00:27:04] /up
[12/10/2013 00:28:06] /newtype 101
[12/10/2013 00:37:35] /ghost
[12/10/2013 00:38:32] /goto fatallity
[12/10/2013 00:38:34] /goto fatallity
[12/10/2013 00:38:35] /goto fatallity
[12/10/2013 00:38:36] /goto fatallity
[12/10/2013 00:38:37] /goto fatallity
[12/10/2013 00:38:38] /goto fatallity
[12/10/2013 00:38:39] /goto fatallity
[12/10/2013 00:38:40] /goto fatallity
[12/10/2013 00:38:41] /goto fatallity
[12/10/2013 00:38:42] /goto fatallity
[12/10/2013 00:38:42] /goto fatallity
[12/10/2013 00:38:43] /goto fatallity
[12/10/2013 00:38:43] /goto fatallity
[12/10/2013 00:38:43] /goto fatallity
[12/10/2013 00:38:45] /ghost
[12/10/2013 00:38:46] /goto fatallity
[12/10/2013 00:38:47] /goto fatallity
[12/10/2013 00:38:47] /goto fatallity
[12/10/2013 00:38:47] /goto fatallity
[12/10/2013 00:38:48] /goto fatallity
[12/10/2013 00:38:48] /goto fatallity
[12/10/2013 00:38:48] /goto fatallity
[12/10/2013 00:38:49] /goto fatallity
[12/10/2013 00:38:49] /goto fatallity
[12/10/2013 00:38:49] /goto fatallity
[12/10/2013 00:38:50] /goto fatallity
[12/10/2013 00:38:50] /goto fatallity
[12/10/2013 00:38:51] /goto fatallity
[12/10/2013 00:38:51] /goto fatallity
[12/10/2013 00:38:51] /goto fatallity
[12/10/2013 00:38:52] /goto fatallity
[12/10/2013 00:38:52] /goto fatallity
[12/10/2013 00:38:53] /goto fatallity
[12/10/2013 00:38:53] /goto fatallity
[12/10/2013 00:38:55] /ghost
[12/10/2013 00:38:56] /goto fatallity
[12/10/2013 00:38:57] /goto fatallity
[12/10/2013 00:38:58] /goto fatallity
[12/10/2013 00:38:58] /goto fatallity
[12/10/2013 00:38:59] /goto fatallity
[12/10/2013 00:39:01] /goto fatallity
[12/10/2013 00:39:03] /goto fatallity
[12/10/2013 00:39:05] /goto fatallity
[12/10/2013 00:39:10] /goto fatallity
[12/10/2013 00:39:20] /goto fatallity
[12/10/2013 00:39:21] /goto fatallity
[12/10/2013 00:39:23] /goto fatallity
[12/10/2013 00:39:25] /goto fatallity
[12/10/2013 00:39:26] /goto fatallity
[12/10/2013 00:39:27] /goto fatallity
[12/10/2013 00:39:28] /goto fatallity
[12/10/2013 00:39:30] /goto fatallity
[12/10/2013 00:39:31] /goto fatallity
[12/10/2013 00:39:32] /goto fatallity
[12/10/2013 00:39:34] /goto fatallity
[12/10/2013 00:39:35] /goto fatallity
[12/10/2013 00:39:36] /goto fatallity
[12/10/2013 00:39:37] /goto fatallity
[12/10/2013 00:39:38] /goto fatallity
[12/10/2013 00:39:39] /goto fatallity
[12/10/2013 00:39:40] /goto fatallity
[12/10/2013 00:39:41] /goto fatallity
[12/10/2013 00:39:43] /goto fatallity
[12/10/2013 00:39:44] /goto fatallity
[12/10/2013 00:40:13] /i itachi
[12/10/2013 00:40:18] /i anbu
[12/10/2013 00:42:27] /a 9
[12/10/2013 00:42:28] /a 9
[12/10/2013 00:42:33] /m trainer
[12/10/2013 00:49:44] /ghost
[12/10/2013 00:49:45] /ghost
[12/10/2013 00:50:45] /i purple backpack
[12/10/2013 00:50:48] /i itachi
[12/10/2013 00:50:52] /i anbu
[12/10/2013 00:51:00] /i killer bee
[12/10/2013 00:51:09] /i purple backpack
[12/10/2013 00:51:34] /i backpack
[12/10/2013 00:52:43] /i backpack
[12/10/2013 00:52:48] /i backpack
[12/10/2013 00:53:30] /newtype 202
[12/10/2013 00:53:34] /newtype 102
[12/10/2013 00:53:36] /newtype 100
[12/10/2013 00:53:40] /newtype 103
[12/10/2013 00:53:42] /newtype 104
[12/10/2013 00:53:43] /newtype 105
[12/10/2013 00:53:44] /newtype 106
[12/10/2013 00:53:48] /newtype 107
[12/10/2013 00:53:50] /newtype 108
[12/10/2013 00:53:51] /newtype 109
[12/10/2013 00:53:54] /newtype 1250
[12/10/2013 00:53:58] /newtype 250
[12/10/2013 00:54:00] /newtype 251
[12/10/2013 00:54:06] /newtype 252
[12/10/2013 00:54:08] /newtype 253
[12/10/2013 00:54:10] /newtype 254
[12/10/2013 00:54:12] /newtype 255
[12/10/2013 00:54:15] /newtype 254
[12/10/2013 00:54:41] /newtype 101
[12/10/2013 00:54:52] /addskill credibillity, magic
[12/10/2013 00:54:54] /addskill credibillity, magic
[12/10/2013 00:54:54] /addskill credibillity, magic
[12/10/2013 00:54:54] /addskill credibillity, magic
[12/10/2013 00:54:55] /addskill credibillity, magic
[12/10/2013 00:54:55] /addskill credibillity, magic
[12/10/2013 00:54:56] /addskill credibillity, magic
[12/10/2013 00:54:56] /addskill credibillity, magic
[12/10/2013 00:54:56] /addskill credibillity, magic
[12/10/2013 00:54:57] /addskill credibillity, magic
[12/10/2013 00:55:00] /addskill credibillity, magic
[12/10/2013 00:55:01] /addskill credibillity, magic
[12/10/2013 00:55:01] /addskill credibillity, magic
[12/10/2013 00:55:01] /addskill credibillity, magic
[12/10/2013 00:55:02] /addskill credibillity, magic
[12/10/2013 00:55:44] /goto uchiha
[12/10/2013 00:55:49] /ghost
[12/10/2013 00:56:06] /a 2
[12/10/2013 00:57:02] /newtype 399
[12/10/2013 00:57:10] /newtype 398
[12/10/2013 00:57:20] /newtype 397
[12/10/2013 00:57:22] /newtype 396
[12/10/2013 00:57:24] /newtype 395
[12/10/2013 00:58:12] /newtype 400
[12/10/2013 00:58:28] /newtype 2
[12/10/2013 00:58:39] /newtype 510
[12/10/2013 00:58:54] /newtype 320
[12/10/2013 00:59:12] /newtype 321
[12/10/2013 00:59:17] /newtype 322
[12/10/2013 00:59:18] /newtype 323
[12/10/2013 00:59:20] /newtype 324
[12/10/2013 00:59:36] /newtype 250
[12/10/2013 00:59:39] /newtype 251
[12/10/2013 00:59:40] /newtype 252
[12/10/2013 00:59:41] /newtype 253
[12/10/2013 00:59:43] /newtype 254
[12/10/2013 01:01:42] /newtype 320
[12/10/2013 01:01:45] /newtype 310
[12/10/2013 01:02:38] /newtype 101
[12/10/2013 01:04:19] /up
[12/10/2013 01:04:20] /up
[12/10/2013 01:06:31] /addskill credibillity, level
[12/10/2013 01:06:33] /addskill credibillity, level
[12/10/2013 01:06:33] /addskill credibillity, level
[12/10/2013 01:06:34] /addskill credibillity, level
[12/10/2013 01:06:34] /addskill credibillity, level
[12/10/2013 01:06:34] /addskill credibillity, level
[12/10/2013 01:06:35] /addskill credibillity, level
[12/10/2013 01:06:35] /addskill credibillity, level
[12/10/2013 01:06:36] /addskill credibillity, level
[12/10/2013 01:06:37] /addskill credibillity, level
[12/10/2013 01:06:38] /addskill credibillity, level
[12/10/2013 01:06:38] /addskill credibillity, level
[12/10/2013 01:06:39] /addskill credibillity, level
[12/10/2013 01:06:39] /addskill credibillity, level
[12/10/2013 01:06:40] /addskill credibillity, level
[12/10/2013 01:06:42] /addskill credibillity, level
[12/10/2013 01:06:42] /addskill credibillity, level
[12/10/2013 01:06:43] /addskill credibillity, level
[12/10/2013 01:06:44] /addskill credibillity, level
[12/10/2013 01:06:44] /addskill credibillity, level
[12/10/2013 01:06:45] /addskill credibillity, level
[12/10/2013 01:06:46] /addskill credibillity, level
[12/10/2013 01:06:46] /addskill credibillity, level
[12/10/2013 01:06:47] /addskill credibillity, level
[12/10/2013 01:06:47] /addskill credibillity, level
[12/10/2013 01:07:19] /down
[12/10/2013 01:07:22] /down
[12/10/2013 01:07:24] /a 50
[12/10/2013 01:07:27] /a 50
[12/10/2013 01:07:31] /a 50
[12/10/2013 01:07:33] /a 20
[12/10/2013 01:07:35] /a 20
[12/10/2013 01:07:40] /a 10
[12/10/2013 01:07:43] /a 10
[12/10/2013 01:07:46] /a 10
[12/10/2013 01:07:49] /a 10
[12/10/2013 01:07:50] /a 10
[12/10/2013 01:07:53] /a 20
[12/10/2013 01:07:56] /a 20
[12/10/2013 01:08:17] /c credibillity
[12/10/2013 01:09:07] /t
[12/10/2013 01:13:02] /goto burning alone
[12/10/2013 01:13:04] /ghost
[12/10/2013 01:13:07] /goto burning alone
[12/10/2013 01:13:08] /goto burning alone
[12/10/2013 01:13:24] /addskill burning alone, magic
[12/10/2013 01:13:30] /addskill burning alone, magic
[12/10/2013 01:13:30] /addskill burning alone, magic
[12/10/2013 01:13:31] /addskill burning alone, magic
[12/10/2013 01:13:32] /addskill burning alone, magic
[12/10/2013 01:13:33] /addskill burning alone, magic
[12/10/2013 01:13:34] /addskill burning alone, magic
[12/10/2013 01:13:34] /addskill burning alone, magic
[12/10/2013 01:13:35] /addskill burning alone, magic
[12/10/2013 01:14:06] /goto burning alone
[12/10/2013 01:14:09] /r
[12/10/2013 01:14:14] /r
[12/10/2013 01:15:20] /goto burning alone
[12/10/2013 01:15:22] /goto burning alone
[12/10/2013 01:15:24] /goto burning alone
[12/10/2013 01:15:26] /goto burning alone
[12/10/2013 01:15:27] /goto burning alone
[12/10/2013 01:15:30] /goto burning alone
[12/10/2013 01:15:30] /goto burning alone
[12/10/2013 01:15:32] /goto burning alone
[12/10/2013 01:15:33] /goto burning alone
[12/10/2013 01:15:33] /goto burning alone
[12/10/2013 01:15:34] /goto burning alone
[12/10/2013 01:15:35] /goto burning alone
[12/10/2013 01:15:36] /goto burning alone
[12/10/2013 01:15:37] /goto burning alone
[12/10/2013 01:15:39] /goto burning alone
[12/10/2013 01:15:40] /goto burning alone
[12/10/2013 01:15:42] /goto burning alone
[12/10/2013 01:15:44] /goto burning alone
[12/10/2013 01:15:45] /goto burning alone
[12/10/2013 01:15:46] /goto burning alone
[12/10/2013 01:15:47] /goto burning alone
[12/10/2013 01:15:48] /goto burning alone
[12/10/2013 01:15:51] /goto seu pai
[12/10/2013 01:16:02] /goto burning alone
[12/10/2013 01:16:03] /goto burning alone
[12/10/2013 01:16:04] /goto burning alone
[12/10/2013 01:16:05] /goto burning alone
[12/10/2013 01:16:06] /goto burning alone
[12/10/2013 01:16:07] /goto burning alone
[12/10/2013 01:16:08] /goto burning alone
[12/10/2013 01:16:09] /goto burning alone
[12/10/2013 01:16:10] /goto burning alone
[12/10/2013 01:16:12] /goto burning alone
[12/10/2013 01:16:12] /goto burning alone
[12/10/2013 01:16:13] /goto burning alone
[12/10/2013 01:16:14] /goto burning alone
[12/10/2013 01:16:15] /goto burning alone
[12/10/2013 01:16:18] /goto chimbica vuadora
[12/10/2013 01:16:22] /goto chimbica voadora
[12/10/2013 01:16:34] /t
[12/10/2013 01:16:39] /goto chimbica voadora
[12/10/2013 01:16:53] /t
[12/10/2013 01:17:15] /goto burning alone
[12/10/2013 01:17:20] /i purple backpack
[12/10/2013 01:17:26] /i soldado phill
[12/10/2013 01:17:27] /i soldado phill
[12/10/2013 01:17:27] /i soldado phill
[12/10/2013 01:17:27] /i soldado phill
[12/10/2013 01:17:28] /i soldado phill
[12/10/2013 01:17:28] /i soldado phill
[12/10/2013 01:17:34] /i soldado phill
[12/10/2013 01:17:34] /i soldado phill
[12/10/2013 01:17:35] /i soldado phill
[12/10/2013 01:17:35] /i soldado phill
[12/10/2013 01:17:36] /i soldado phill
[12/10/2013 01:17:36] /i soldado phill
[12/10/2013 01:17:37] /i soldado phill
[12/10/2013 01:17:37] /i soldado phill
[12/10/2013 01:17:38] /i soldado phill
[12/10/2013 01:17:39] /i soldado phill
[12/10/2013 01:17:39] /i soldado phill
[12/10/2013 01:17:40] /i soldado phill
[12/10/2013 01:17:40] /i soldado phill
[12/10/2013 01:17:41] /i soldado phill
[12/10/2013 01:17:42] /i soldado phill
[12/10/2013 01:17:42] /i soldado phill
[12/10/2013 01:17:43] /i soldado phill
[12/10/2013 01:17:53] /i purple backpack
[12/10/2013 01:18:10] /i chakra eletric katana
[12/10/2013 01:18:18] /i eletric katana
[12/10/2013 01:18:55] /i purple backpack
[12/10/2013 01:19:07] /i soldado phill
[12/10/2013 01:19:08] /i soldado phill
[12/10/2013 01:19:08] /i soldado phill
[12/10/2013 01:19:08] /i soldado phill
[12/10/2013 01:19:10] /i soldado phill
[12/10/2013 01:19:10] /i soldado phill
[12/10/2013 01:19:11] /i soldado phill
[12/10/2013 01:19:11] /i soldado phill
[12/10/2013 01:19:12] /i soldado phill
[12/10/2013 01:19:12] /i soldado phill
[12/10/2013 01:19:12] /i soldado phill
[12/10/2013 01:19:13] /i soldado phill
[12/10/2013 01:19:13] /i soldado phill
[12/10/2013 01:19:14] /i soldado phill
[12/10/2013 01:19:14] /i soldado phill
[12/10/2013 01:19:15] /i soldado phill
[12/10/2013 01:19:15] /i soldado phill
[12/10/2013 01:19:15] /i soldado phill
[12/10/2013 01:19:16] /i soldado phill
[12/10/2013 01:19:16] /i soldado phill
[12/10/2013 01:19:17] /i soldado phill
[12/10/2013 01:19:17] /i soldado phill
[12/10/2013 01:19:24] /i soldado phill
[12/10/2013 01:19:36] /i konoha backpack
[12/10/2013 01:20:07] /i eletric katana
[12/10/2013 01:20:11] /r
[12/10/2013 01:20:21] /r
[12/10/2013 01:20:23] /r
[12/10/2013 01:20:29] /goto burning alone
[12/10/2013 01:20:33] /goto burning alone
[12/10/2013 01:20:37] /goto burning alone
[12/10/2013 01:20:38] /goto burning alone
[12/10/2013 01:23:07] /goto burning alone
[12/10/2013 01:23:23] /goto sua mae
[12/10/2013 01:23:26] /t
[12/10/2013 01:23:31] /ghost
[12/10/2013 01:23:32] /ghost
[12/10/2013 01:23:34] /goto sua mae
[12/10/2013 01:23:36] /goto burning alone
[12/10/2013 01:24:19] /goto burning alone
[12/10/2013 01:24:21] /goto burning alone
[12/10/2013 01:24:22] /goto burning alone
[12/10/2013 01:24:22] /goto burning alone
[12/10/2013 01:24:23] /goto burning alone
[12/10/2013 01:24:23] /goto burning alone
[12/10/2013 01:24:25] /t
[12/10/2013 01:24:32] /i killer bee
[12/10/2013 01:24:54] /newtype 250
[12/10/2013 01:24:57] /newtype 150
[12/10/2013 01:25:00] /newtype 151
[12/10/2013 01:25:03] /newtype 152
[12/10/2013 01:25:04] /newtype 153
[12/10/2013 01:25:05] /newtype 154
[12/10/2013 01:25:23] /newtype 155
[12/10/2013 01:25:24] /newtype 156
[12/10/2013 01:25:25] /newtype 157
[12/10/2013 01:25:26] /newtype 158
[12/10/2013 01:25:27] /newtype 159
[12/10/2013 01:25:34] /newtype 160
[12/10/2013 01:25:36] /newtype 161
[12/10/2013 01:25:38] /newtype 162
[12/10/2013 01:25:39] /newtype 163
[12/10/2013 01:25:41] /newtype 164
[12/10/2013 01:25:42] /newtype 165
[12/10/2013 01:25:43] /newtype 166
[12/10/2013 01:25:44] /newtype 167
[12/10/2013 01:25:46] /newtype 168
[12/10/2013 01:25:47] /newtype 169
[12/10/2013 01:25:53] /newtype 170
[12/10/2013 01:25:55] /newtype 171
[12/10/2013 01:25:56] /newtype 172
[12/10/2013 01:25:59] /newtype 180
[12/10/2013 01:26:03] /newtype 190
[12/10/2013 01:26:09] /newtype 80
[12/10/2013 01:26:12] /newtype 81
[12/10/2013 01:26:13] /newtype 82
[12/10/2013 01:26:14] /newtype 83
[12/10/2013 01:26:15] /newtype 84
[12/10/2013 01:26:16] /newtype 85
[12/10/2013 01:26:20] /newtype 86
[12/10/2013 01:26:33] /goto burning alone
[12/10/2013 01:26:58] /goto burning alone
[12/10/2013 01:27:02] /goto burning alone
[12/10/2013 01:27:03] /goto burning alone
[12/10/2013 01:27:36] /goto burning alone
[12/10/2013 01:27:43] /ghost
[12/10/2013 01:27:44] /goto burning alone
[12/10/2013 01:27:52] /ghost
[12/10/2013 01:27:56] /a 1
[12/10/2013 01:27:59] /a 1
[12/10/2013 01:28:00] /a 1
[12/10/2013 01:28:01] /a 1
[12/10/2013 01:28:04] /a 1
[12/10/2013 01:28:08] /a 1
[12/10/2013 01:29:50] /goto chimbica voadora
[12/10/2013 01:29:58] /goto chimbica vuadora
[12/10/2013 01:30:46] /goto burning alone
[12/10/2013 01:30:47] /goto burning alone
[12/10/2013 01:30:53] /a 3
[12/10/2013 01:31:32] /goto doug roludo
[12/10/2013 01:32:06] /t
[12/10/2013 01:43:39] /ghost
[12/10/2013 01:43:39] /ghost
[12/10/2013 01:43:43] /goto sua mae
[12/10/2013 01:43:45] /goto sua mae
[12/10/2013 01:43:51] /goto burning alone
[12/10/2013 01:44:54] /goto sua mae
[12/10/2013 01:44:57] /goto burning alone
[12/10/2013 01:46:24] /goto sua mae
[12/10/2013 01:46:34] /goto burning alone
[12/10/2013 01:46:51] /goto sua mae
[12/10/2013 01:46:56] /goto burning alone
[12/10/2013 01:47:08] /goto sua mae
[12/10/2013 01:47:14] /goto burning alone
[12/10/2013 01:48:22] /a 3
[12/10/2013 01:48:32] /goto sua mae
[12/10/2013 01:48:34] /a 3
[12/10/2013 01:48:39] /goto burning alone
[12/10/2013 01:48:44] /up
[12/10/2013 01:48:49] /down
[12/10/2013 01:50:09] /goto sua mae
[12/10/2013 01:50:15] /goto burning alone
[12/10/2013 01:50:36] /goto sua mae
[12/10/2013 01:50:38] /goto burning alone
[12/10/2013 01:50:45] /goto lord anormal
[12/10/2013 01:51:08] /goto burning alone
[12/10/2013 01:52:07] /goto lord anormal
[12/10/2013 01:52:09] /goto burning alone
[12/10/2013 01:53:40] /a 2
[12/10/2013 01:58:09] /a 2
[12/10/2013 02:08:33] /goto itz coca coca
[12/10/2013 02:08:45] /t
[12/10/2013 02:10:46] /up
[12/10/2013 02:10:54] /down
[12/10/2013 02:12:31] /ghost
[12/10/2013 02:12:32] /ghost
[12/10/2013 02:12:43] /newtype 101
[12/10/2013 02:29:55] /goto seu pai
[12/10/2013 02:30:19] /goto seu pai
[12/10/2013 02:30:46] /t
[12/10/2013 02:31:08] /addskill credibillity, level
[12/10/2013 02:31:14] /addskill credibillity, level
[12/10/2013 02:31:17] /addskill credibillity, level
[12/10/2013 02:31:17] /addskill credibillity, level
[12/10/2013 02:31:18] /addskill credibillity, level
[12/10/2013 02:32:17] /i kakashi mask
[12/10/2013 02:32:28] /i explosive kunai
[12/10/2013 02:32:35] /i kunai explosive
[12/10/2013 02:32:57] /i explosive kunai
[12/10/2013 02:33:06] /i explosive kunai
[12/10/2013 02:33:12] /i kunai explosive
[12/10/2013 02:33:22] /i kunai explosion[
[12/10/2013 02:33:24] /i kunai explosion
