[22/10/2017 17:56:15] /a 14
[22/10/2017 17:56:19] /a 14
[22/10/2017 23:38:4] /t
[22/10/2017 23:38:18] /mc
[25/10/2017 16:51:18] /t
[25/10/2017 16:51:31] /newtype 262
[25/10/2017 16:51:39] /newtype 236
[4/11/2017 0:15:24] /ghost
[4/11/2017 0:15:31] /ghost
[4/11/2017 0:17:5] /ghost
[4/11/2017 0:17:9] /goto poison winx
[4/11/2017 0:17:36] /goto demon
[4/11/2017 0:17:44] /t
[4/11/2017 0:41:22] /ghost
[4/11/2017 0:48:11] /r
[4/11/2017 0:48:16] /m trainer
[4/11/2017 0:48:21] /r
[4/11/2017 0:48:23] /m trainer
[4/11/2017 0:48:28] /r
[4/11/2017 0:48:29] /m trainer
[4/11/2017 0:48:33] /r
[4/11/2017 0:48:35] /m trainer
[4/11/2017 0:48:37] /m trainer
[4/11/2017 0:49:34] /r
[4/11/2017 0:49:40] /m trainer
[4/11/2017 0:49:49] /t
[4/11/2017 0:49:56] /ghost
[4/11/2017 0:50:24] /ghost
[5/11/2017 0:4:22] /ghost
[5/11/2017 4:16:0] /ghost
[5/11/2017 12:8:10] /t
[5/11/2017 12:8:12] /down
[5/11/2017 12:8:27] /ghost
[5/11/2017 12:15:28] /a 2
[5/11/2017 12:15:51] /mc
[5/11/2017 12:19:51] /i orochimaru tunic
[5/11/2017 12:20:1] /i orochimaru tunic
[5/11/2017 12:20:5] /i orochimaru tunic
[5/11/2017 12:20:10] /i orochimaru tunic
[5/11/2017 12:20:16] /i orochimaru tunic
[5/11/2017 12:20:21] /i orochimaru tunic
[5/11/2017 12:20:35] /i orochimaru tunic
[5/11/2017 12:20:37] /i orochimaru tunic
[5/11/2017 12:20:45] /i orochimaru tunic
[5/11/2017 12:20:50] /i orochimaru tunic
[5/11/2017 12:20:56] /i orochimaru tunic
[5/11/2017 12:21:3] /i orochimaru tunic
[5/11/2017 12:21:8] /i orochimaru tunic
[5/11/2017 12:21:9] /i orochimaru tunic
[5/11/2017 12:21:13] /i orochimaru tunic
[5/11/2017 12:21:25] /i orochimaru tunic
[5/11/2017 12:21:28] /i orochimaru tunic
[5/11/2017 12:21:33] /i orochimaru tunic
[5/11/2017 12:21:39] /i orochimaru tunic
[5/11/2017 12:21:42] /i orochimaru tunic
[5/11/2017 12:21:50] /i orochimaru tunic
[5/11/2017 12:21:55] /i orochimaru tunic
[5/11/2017 12:21:59] /i orochimaru tunic
[5/11/2017 12:22:10] /i orochimaru tunic
[5/11/2017 12:22:16] /i orochimaru tunic
[5/11/2017 12:22:21] /i orochimaru tunic
[5/11/2017 12:22:21] /i orochimaru tunic
[5/11/2017 12:22:33] /i orochimaru tunic
[5/11/2017 12:22:34] /i orochimaru tunic
[5/11/2017 12:23:6] /i orochimaru tunic
[5/11/2017 12:23:6] /i orochimaru tunic
[5/11/2017 12:23:16] /i orochimaru tunic
[5/11/2017 19:37:22] /ghost
[5/11/2017 19:38:22] /goto [ADM] Nii.
[5/11/2017 19:38:26] /t
[7/11/2017 21:5:19] /ghost
[7/11/2017 21:5:20] /ghost
[7/11/2017 21:7:16] /t
[7/11/2017 21:7:19] /ghost
[7/11/2017 22:38:51] /ghost
[7/11/2017 22:40:37] /ghost
[9/11/2017 12:41:49] /ghost
[9/11/2017 12:41:50] /ghost
[9/11/2017 12:42:7] /ghost
