[29/04/2012 20:47:40] /b Vip  Compra Comigo Agora
[29/04/2012 20:47:59] /b 10kk
[29/04/2012 20:50:31] !buyvip
[29/04/2012 20:54:43] /b Adm Vem Aqui
[29/04/2012 20:55:07] /b Calma Gente Sou Só 1
[29/04/2012 20:55:17] /ghost
[29/04/2012 20:55:22] /ghost
[29/04/2012 20:55:56] /b Gente Vou Organizar Aqui
[29/04/2012 21:10:16] /newtype 302
[29/04/2012 21:10:19] /newtype 301
[29/04/2012 21:10:21] /newtype 300
[29/04/2012 21:10:24] /newtype 299
[29/04/2012 21:10:33] /newtype 307
[29/04/2012 21:10:36] /newtype 306
[29/04/2012 21:10:37] /newtype 305
[29/04/2012 21:10:40] /newtype 304
[29/04/2012 21:10:47] /newtype 303
[29/04/2012 21:10:56] /newtype 302
[29/04/2012 21:10:59] /newtype 298
[29/04/2012 21:11:01] /newtype 297
[29/04/2012 21:11:03] /newtype 296
[29/04/2012 21:11:04] /newtype 295
[29/04/2012 21:11:07] /newtype 294
[29/04/2012 21:11:10] /newtype 293
[29/04/2012 21:11:15] /newtype 292
[29/04/2012 21:11:16] /newtype 291
[29/04/2012 21:11:19] /newtype 290
[29/04/2012 21:11:36] /c mitchie
[29/04/2012 21:11:41] /newtype 289
[29/04/2012 21:11:42] /newtype 288
[29/04/2012 21:11:44] /newtype 286
[29/04/2012 21:11:48] /newtype 285
[29/04/2012 21:11:52] /newtype 284
[29/04/2012 21:11:53] /newtype 283
[29/04/2012 21:11:55] /newtype 22
[29/04/2012 21:11:57] /newtype 282
[29/04/2012 21:11:59] /newtype 281
[29/04/2012 21:12:00] /newtype 280
[29/04/2012 21:12:15] /newtype 279
[29/04/2012 21:12:20] /newtype 279
[29/04/2012 21:12:24] /newtype 278
[29/04/2012 21:12:26] /newtype 277
[29/04/2012 21:12:29] /newtype 276
[29/04/2012 21:12:30] /newtype 27
[29/04/2012 21:12:32] /newtype 24
[29/04/2012 21:12:41] /newtype 275
[29/04/2012 21:12:43] /newtype 274
[29/04/2012 21:12:44] /newtype 273
[29/04/2012 21:12:50] /newtype 271
[29/04/2012 21:12:54] /newtype 270
[29/04/2012 21:12:59] /newtype 269
[29/04/2012 21:13:01] /newtype 268
[29/04/2012 21:13:07] /newtype 267
[29/04/2012 21:13:07] /newtype 266
[29/04/2012 21:13:08] /newtype 265
[29/04/2012 21:13:09] /newtype 264
[29/04/2012 21:13:11] /newtype 263
[29/04/2012 21:13:21] /newtype 26
[29/04/2012 21:13:25] /newtype 262
[29/04/2012 21:13:31] /newtype 21
[29/04/2012 21:13:31] /newtype 261
[29/04/2012 21:13:34] /newtype 260
[29/04/2012 21:13:36] /newtype 249
[29/04/2012 21:13:38] /newtype 248
[29/04/2012 21:13:40] /newtype 247
[29/04/2012 21:13:43] /newtype 246
[29/04/2012 21:13:49] /newtype 245
[29/04/2012 21:13:52] /newtype 244
[29/04/2012 21:13:54] /newtype 243
[29/04/2012 21:13:56] /newtype 244
[29/04/2012 21:15:10] /newtype 242
[29/04/2012 21:15:12] /newtype 241
[29/04/2012 21:15:13] /newtype 240
[29/04/2012 21:15:16] /newtype 239
[29/04/2012 21:15:17] /newtype 23
[29/04/2012 21:15:21] /newtype 238
[29/04/2012 21:15:23] /newtype 237
[29/04/2012 21:15:24] /newtype 236
[29/04/2012 21:15:25] /newtype 23
[29/04/2012 21:15:26] /newtype 24
[29/04/2012 21:15:28] /newtype 235
[29/04/2012 21:15:31] /newtype 234
[29/04/2012 21:15:34] /newtype 233
[29/04/2012 21:15:36] /newtype 23
[29/04/2012 21:15:38] /newtype 21
[29/04/2012 21:15:42] /newtype 231
[29/04/2012 21:15:47] /newtype 230
[29/04/2012 21:15:50] /newtype 229
[29/04/2012 21:15:53] /newtype 228
[29/04/2012 21:15:54] /newtype 227
[29/04/2012 21:15:56] /newtype 226
[29/04/2012 21:15:58] /newtype 225
[29/04/2012 21:16:00] /newtype 224
[29/04/2012 21:16:16] /newtype 223
[29/04/2012 21:16:21] /newtype 222
[29/04/2012 21:16:21] /newtype 221
[29/04/2012 21:16:24] /newtype 22
[29/04/2012 21:16:26] /newtype 22
[29/04/2012 21:16:29] /newtype 220
[29/04/2012 21:16:32] /newtype 219
[29/04/2012 21:16:34] /newtype 218
[29/04/2012 21:16:36] /newtype 217
[29/04/2012 21:16:40] /newtype 216
[29/04/2012 21:16:44] /newtype 215
[29/04/2012 21:16:46] /newtype 214
[29/04/2012 21:16:49] /newtype 213
[29/04/2012 21:16:51] /newtype 212
[29/04/2012 21:17:05] /newtype 211
[29/04/2012 21:17:12] /newtype 210
[29/04/2012 21:17:16] /newtype 2099
[29/04/2012 21:17:18] /newtype 209
[29/04/2012 21:17:19] /newtype 208
[29/04/2012 21:17:21] /newtype 207
[29/04/2012 21:17:24] /newtype 205
[29/04/2012 21:17:25] /newtype 206
[29/04/2012 21:17:27] /newtype 204
[29/04/2012 21:17:29] /newtype 203
[29/04/2012 21:17:30] /newtype 202
[29/04/2012 21:17:35] /newtype 201
[29/04/2012 21:17:39] /newtype 200
[29/04/2012 21:17:48] /newtype 199
[29/04/2012 21:17:53] /newtype 198
[29/04/2012 21:18:20] /newtype 197
[29/04/2012 21:18:28] /newtype 19
[29/04/2012 21:18:30] /newtype 195
[29/04/2012 21:18:35] /newtype 196
[29/04/2012 21:18:45] /newtype 194
[29/04/2012 21:18:48] /newtype 193
[29/04/2012 21:19:11] /newtype 211
[29/04/2012 21:19:14] /newtype 212
[29/04/2012 21:19:24] /newtype 192
[29/04/2012 21:19:26] /newtype 191
[29/04/2012 21:19:29] /newtype 190
[29/04/2012 21:19:36] /newtype 189
[29/04/2012 21:19:40] /newtype 187
[29/04/2012 21:19:42] /newtype 188
[29/04/2012 21:19:46] /newtype 184
[29/04/2012 21:19:50] /newtype 150
[29/04/2012 21:19:52] /newtype 151
[29/04/2012 21:20:04] /b Gente To tentando
[29/04/2012 21:20:06] /b Ajudar vCS
[29/04/2012 21:20:13] /newtype 244
[29/04/2012 21:20:57] /b Quem achar os bugs da city gaha1 gold
[29/04/2012 21:21:05] /goto [ADM] Rikudou Sannin
[29/04/2012 21:21:35] /t
[29/04/2012 21:21:52] /i 2160
[29/04/2012 21:23:35] /c [ADM] Rikudou
[29/04/2012 21:23:40] /c [ADM] Rikudou Sannin
[29/04/2012 21:23:47] /c Hyzak
[29/04/2012 21:24:51] /a
[29/04/2012 21:25:00] /t
[29/04/2012 21:25:11] /newtype 310
[29/04/2012 21:25:14] /newtype 311
[29/04/2012 21:25:30] /newtype 312
[29/04/2012 21:25:33] /newtype 313
[29/04/2012 21:25:35] /newtype 314
[29/04/2012 21:25:37] /newtype 31
[29/04/2012 21:25:38] /newtype 315
[29/04/2012 21:25:40] /newtype 316
[29/04/2012 21:25:41] /newtype 317
[29/04/2012 21:25:44] /newtype 318
[29/04/2012 21:25:50] /newtype 319
[29/04/2012 21:26:12] /newtype 320
[29/04/2012 21:26:46] /newtype 321
[29/04/2012 21:26:48] /newtype 322
[29/04/2012 21:26:52] /newtype 323
[29/04/2012 21:26:58] /newtype 324
[29/04/2012 21:27:01] /newtype 326
[29/04/2012 21:27:04] /newtype 327
[29/04/2012 21:27:10] /newtype 32
[29/04/2012 21:27:10] /newtype 328
[29/04/2012 21:27:14] /newtype 329
[29/04/2012 21:27:24] /newtype 319
[29/04/2012 21:27:45] /i 2160
[29/04/2012 21:27:50] !buyvip
[29/04/2012 21:27:53] /i 2160
[29/04/2012 21:27:54] /i 2160
[29/04/2012 21:27:55] /i 2160
[29/04/2012 21:27:56] /i 2160
[29/04/2012 21:27:57] /i 2160
[29/04/2012 21:27:59] !buyvip
