[06/05/2012 11:25:16] /attr vocation 13
[06/05/2012 11:50:34] /r
[06/05/2012 11:51:22] /r
[06/05/2012 11:51:46] /r
[06/05/2012 11:51:54] /r
[06/05/2012 11:51:58] /r
[06/05/2012 11:52:11] /r
[06/05/2012 11:52:16] /r
[06/05/2012 11:52:17] /r
[06/05/2012 11:52:18] /r
[06/05/2012 11:52:20] /r
[06/05/2012 11:52:21] /r
[06/05/2012 11:52:22] /r
[06/05/2012 11:52:23] /r
[06/05/2012 11:52:23] /r
[06/05/2012 11:52:25] /r
[06/05/2012 11:52:27] /r
[06/05/2012 11:53:40] /r
[06/05/2012 11:54:12] /addskill ultimate mangekyou,level,500
[06/05/2012 11:54:41] /attr vocation 12
[06/05/2012 11:54:53] /attr vocation 13
[06/05/2012 12:07:00] /addskill ultimate mangekyou,skill,130
[06/05/2012 12:08:00] /addskill ultimate mangekyou,skill,130
[06/05/2012 12:08:05] /addskill ultimate mangekyou,skill,130
[06/05/2012 12:08:30] /addskill ultimate mangekyou,sword,130
[06/05/2012 12:09:21] /r sasori
[06/05/2012 12:09:34] /r sasori boss
[06/05/2012 12:09:50] /m yondaime
[06/05/2012 12:10:33] /m killer bee
[06/05/2012 12:10:45] /clean
[06/05/2012 12:11:23] /m 2129
[06/05/2012 12:11:41] /m 2129
[06/05/2012 12:12:45] /m 2480
[06/05/2012 12:19:39] /addskill ultimate mangekyou,sword,130
[06/05/2012 12:20:28] /addskill ultimate mangekyou,sword,1
[06/05/2012 12:20:30] /addskill ultimate mangekyou,sword,1
[06/05/2012 12:20:30] /addskill ultimate mangekyou,sword,1
[06/05/2012 12:20:31] /addskill ultimate mangekyou,sword,1
[06/05/2012 12:20:31] /addskill ultimate mangekyou,sword,1
[06/05/2012 12:20:32] /addskill ultimate mangekyou,sword,1
[06/05/2012 12:20:32] /addskill ultimate mangekyou,sword,1
[06/05/2012 12:20:33] /addskill ultimate mangekyou,sword,1
[06/05/2012 12:20:33] /addskill ultimate mangekyou,sword,1
[06/05/2012 12:20:33] /addskill ultimate mangekyou,sword,1
[06/05/2012 12:20:34] /addskill ultimate mangekyou,sword,1
[06/05/2012 12:20:34] /addskill ultimate mangekyou,sword,1
[06/05/2012 12:20:35] /addskill ultimate mangekyou,sword,1
[06/05/2012 12:20:35] /addskill ultimate mangekyou,sword,1
[06/05/2012 12:20:51] /addskill ultimate mangekyou,sword,1
[06/05/2012 12:20:51] /addskill ultimate mangekyou,sword,1
[06/05/2012 12:20:51] /addskill ultimate mangekyou,sword,1
[06/05/2012 12:20:51] /addskill ultimate mangekyou,sword,1
[06/05/2012 12:20:51] /addskill ultimate mangekyou,sword,1
[06/05/2012 12:20:51] /addskill ultimate mangekyou,sword,1
[06/05/2012 12:20:52] /addskill ultimate mangekyou,sword,1
[06/05/2012 12:20:52] /addskill ultimate mangekyou,sword,1
[06/05/2012 12:20:52] /addskill ultimate mangekyou,sword,1
[06/05/2012 12:20:52] /addskill ultimate mangekyou,sword,1
[06/05/2012 12:20:52] /addskill ultimate mangekyou,sword,1
[06/05/2012 12:20:52] /addskill ultimate mangekyou,sword,1
[06/05/2012 12:20:52] /addskill ultimate mangekyou,sword,1
[06/05/2012 12:20:52] /addskill ultimate mangekyou,sword,1
[06/05/2012 12:20:52] /addskill ultimate mangekyou,sword,1
[06/05/2012 12:20:53] /addskill ultimate mangekyou,sword,1
[06/05/2012 12:20:53] /addskill ultimate mangekyou,sword,1
[06/05/2012 12:20:53] /addskill ultimate mangekyou,sword,1
[06/05/2012 12:20:53] /addskill ultimate mangekyou,sword,1
[06/05/2012 12:20:53] /addskill ultimate mangekyou,sword,1
[06/05/2012 12:20:53] /addskill ultimate mangekyou,sword,1
[06/05/2012 12:20:53] /addskill ultimate mangekyou,sword,1
[06/05/2012 12:20:53] /addskill ultimate mangekyou,sword,1
[06/05/2012 12:20:54] /addskill ultimate mangekyou,sword,1
[06/05/2012 12:20:54] /addskill ultimate mangekyou,sword,1
[06/05/2012 12:20:54] /addskill ultimate mangekyou,sword,1
[06/05/2012 12:20:54] /addskill ultimate mangekyou,sword,1
[06/05/2012 12:20:54] /addskill ultimate mangekyou,sword,1
[06/05/2012 12:20:54] /addskill ultimate mangekyou,sword,1
[06/05/2012 12:20:54] /addskill ultimate mangekyou,sword,1
[06/05/2012 12:20:54] /addskill ultimate mangekyou,sword,1
[06/05/2012 12:20:54] /addskill ultimate mangekyou,sword,1
[06/05/2012 12:20:55] /addskill ultimate mangekyou,sword,1
[06/05/2012 12:20:55] /addskill ultimate mangekyou,sword,1
[06/05/2012 12:20:55] /addskill ultimate mangekyou,sword,1
[06/05/2012 12:20:55] /addskill ultimate mangekyou,sword,1
[06/05/2012 12:20:55] /addskill ultimate mangekyou,sword,1
[06/05/2012 12:20:55] /addskill ultimate mangekyou,sword,1
[06/05/2012 12:20:55] /addskill ultimate mangekyou,sword,1
[06/05/2012 12:20:55] /addskill ultimate mangekyou,sword,1
[06/05/2012 12:20:55] /addskill ultimate mangekyou,sword,1
[06/05/2012 12:20:56] /addskill ultimate mangekyou,sword,1
[06/05/2012 12:20:56] /addskill ultimate mangekyou,sword,1
[06/05/2012 12:20:58] /addskill ultimate mangekyou,sword,1
[06/05/2012 12:20:58] /addskill ultimate mangekyou,sword,1
[06/05/2012 12:20:58] /addskill ultimate mangekyou,sword,1
[06/05/2012 12:20:58] /addskill ultimate mangekyou,sword,1
[06/05/2012 12:20:58] /addskill ultimate mangekyou,sword,1
[06/05/2012 12:20:59] /addskill ultimate mangekyou,sword,1
[06/05/2012 12:20:59] /addskill ultimate mangekyou,sword,1
[06/05/2012 12:20:59] /addskill ultimate mangekyou,sword,1
[06/05/2012 12:20:59] /addskill ultimate mangekyou,sword,1
[06/05/2012 12:20:59] /addskill ultimate mangekyou,sword,1
[06/05/2012 12:20:59] /addskill ultimate mangekyou,sword,1
[06/05/2012 12:20:59] /addskill ultimate mangekyou,sword,1
[06/05/2012 12:20:59] /addskill ultimate mangekyou,sword,1
[06/05/2012 12:21:00] /addskill ultimate mangekyou,sword,1
[06/05/2012 12:21:00] /addskill ultimate mangekyou,sword,1
[06/05/2012 12:21:00] /addskill ultimate mangekyou,sword,1
[06/05/2012 12:21:00] /addskill ultimate mangekyou,sword,1
[06/05/2012 12:21:00] /addskill ultimate mangekyou,sword,1
[06/05/2012 12:21:00] /addskill ultimate mangekyou,sword,1
[06/05/2012 12:21:00] /addskill ultimate mangekyou,sword,1
[06/05/2012 12:21:03] /addskill ultimate mangekyou,sword,1
[06/05/2012 12:21:04] /addskill ultimate mangekyou,sword,1
[06/05/2012 12:21:05] /addskill ultimate mangekyou,sword,1
[06/05/2012 12:21:05] /addskill ultimate mangekyou,sword,1
[06/05/2012 12:21:06] /addskill ultimate mangekyou,sword,1
[06/05/2012 12:21:06] /addskill ultimate mangekyou,sword,1
[06/05/2012 12:21:07] /addskill ultimate mangekyou,sword,1
[06/05/2012 12:21:07] /addskill ultimate mangekyou,sword,1
[06/05/2012 12:21:08] /addskill ultimate mangekyou,sword,1
[06/05/2012 12:21:08] /addskill ultimate mangekyou,sword,1
[06/05/2012 12:21:09] /addskill ultimate mangekyou,sword,1
[06/05/2012 12:21:09] /addskill ultimate mangekyou,sword,1
[06/05/2012 12:21:10] /addskill ultimate mangekyou,sword,1
[06/05/2012 12:21:10] /addskill ultimate mangekyou,sword,1
[06/05/2012 12:21:11] /addskill ultimate mangekyou,sword,1
[06/05/2012 12:21:11] /addskill ultimate mangekyou,sword,1
[06/05/2012 12:21:12] /addskill ultimate mangekyou,sword,1
[06/05/2012 12:21:12] /addskill ultimate mangekyou,sword,1
[06/05/2012 12:21:13] /addskill ultimate mangekyou,sword,1
[06/05/2012 12:21:13] /addskill ultimate mangekyou,sword,1
[06/05/2012 12:21:14] /addskill ultimate mangekyou,sword,1
[06/05/2012 12:21:14] /addskill ultimate mangekyou,sword,1
[06/05/2012 12:21:15] /addskill ultimate mangekyou,sword,1
[06/05/2012 12:21:24] /addskill ultimate mangekyou,sword,1
[06/05/2012 12:21:25] /addskill ultimate mangekyou,sword,1
[06/05/2012 12:21:26] /addskill ultimate mangekyou,sword,1
[06/05/2012 12:21:27] /addskill ultimate mangekyou,sword,1
[06/05/2012 12:21:40] /addskill ultimate mangekyou,sword,1
[06/05/2012 12:21:41] /addskill ultimate mangekyou,sword,1
[06/05/2012 12:21:41] /addskill ultimate mangekyou,sword,1
[06/05/2012 12:21:42] /addskill ultimate mangekyou,sword,1
[06/05/2012 12:21:42] /addskill ultimate mangekyou,sword,1
[06/05/2012 12:21:43] /addskill ultimate mangekyou,sword,1
[06/05/2012 12:21:43] /addskill ultimate mangekyou,sword,1
[06/05/2012 12:21:43] /addskill ultimate mangekyou,sword,1
[06/05/2012 12:21:44] /addskill ultimate mangekyou,sword,1
[06/05/2012 12:21:44] /addskill ultimate mangekyou,sword,1
[06/05/2012 12:21:45] /addskill ultimate mangekyou,sword,1
[06/05/2012 12:21:45] /addskill ultimate mangekyou,sword,1
[06/05/2012 12:21:59] /addskill ultimate mangekyou,sword,1
[06/05/2012 12:22:01] /addskill ultimate mangekyou,sword,1
[06/05/2012 12:22:02] /addskill ultimate mangekyou,sword,1
[06/05/2012 12:22:03] /addskill ultimate mangekyou,sword,1
[06/05/2012 12:22:03] /addskill ultimate mangekyou,sword,1
[06/05/2012 12:22:05] /addskill ultimate mangekyou,sword,1
[06/05/2012 12:22:06] /addskill ultimate mangekyou,sword,1
[06/05/2012 12:22:21] /addskill ultimate mangekyou,sword,1
[06/05/2012 12:22:22] /addskill ultimate mangekyou,sword,1
[06/05/2012 12:22:22] /addskill ultimate mangekyou,sword,1
[06/05/2012 12:22:23] /addskill ultimate mangekyou,sword,1
[06/05/2012 12:22:23] /addskill ultimate mangekyou,sword,1
[06/05/2012 12:22:24] /addskill ultimate mangekyou,sword,1
[06/05/2012 12:22:30] /addskill ultimate mangekyou,sword,1
[06/05/2012 12:22:31] /addskill ultimate mangekyou,sword,1
[06/05/2012 12:22:32] /addskill ultimate mangekyou,sword,1
[06/05/2012 12:22:33] /addskill ultimate mangekyou,sword,1
[06/05/2012 12:22:36] /addskill ultimate mangekyou,sword,1
[06/05/2012 12:22:37] /addskill ultimate mangekyou,sword,1
[06/05/2012 12:22:38] /addskill ultimate mangekyou,sword,1
[06/05/2012 12:22:39] /addskill ultimate mangekyou,sword,1
[06/05/2012 12:22:39] /addskill ultimate mangekyou,sword,1
[06/05/2012 12:22:40] /addskill ultimate mangekyou,sword,1
[06/05/2012 12:22:40] /addskill ultimate mangekyou,sword,1
[06/05/2012 12:22:41] /addskill ultimate mangekyou,sword,1
[06/05/2012 12:22:41] /addskill ultimate mangekyou,sword,1
[06/05/2012 12:23:03] /addskill ultimate mangekyou,sword,1
[06/05/2012 12:23:05] /addskill ultimate mangekyou,sword,1
[06/05/2012 12:23:06] /addskill ultimate mangekyou,sword,1
[06/05/2012 12:23:18] /addskill ultimate mangekyou,sword,1
[06/05/2012 12:28:21] /addskill ultimate mangekyou,sword,127
[06/05/2012 12:28:41] /addskill ultimate mangekyou,sword,1
[06/05/2012 12:28:45] /addskill ultimate mangekyou,sword,1
[06/05/2012 12:28:48] /addskill ultimate mangekyou,sword,1
[06/05/2012 12:29:02] /addskill ultimate mangekyou,sword
[06/05/2012 12:29:13] /addskill ultimate mangekyou,sword 1
[06/05/2012 12:29:23] /addskill ultimate mangekyou,sword
[06/05/2012 12:29:28] /addskill ultimate mangekyou,sword 1
[06/05/2012 12:29:45] /addskill ultimate mangekyou,skill 1
[06/05/2012 12:30:01] /addskill ultimate mangekyou, 1
[06/05/2012 12:30:17] /addskill ultimate mangekyou,sword ability,1
[06/05/2012 12:30:48] /addskill Ultimate Mangekyou,sword,1
[06/05/2012 12:30:57] /addskill Ultimate Mangekyou,sword,1
[06/05/2012 12:30:58] /addskill Ultimate Mangekyou,sword,1
[06/05/2012 12:30:59] /addskill Ultimate Mangekyou,sword,1
[06/05/2012 12:30:59] /addskill Ultimate Mangekyou,sword,1
[06/05/2012 12:31:02] /addskill Ultimate Mangekyou,sword,1
[06/05/2012 12:31:04] /addskill Ultimate Mangekyou,sword,1
[06/05/2012 12:31:08] /addskill Ultimate Mangekyou,sword,1
[06/05/2012 12:34:04] /addskill Ultimate Mangekyou,sword,120
[06/05/2012 12:34:26] /addskill Ultimate Mangekyou,sword,1
[06/05/2012 12:34:36] /addskill Ultimate Mangekyou,sword,120
[06/05/2012 12:34:59] /addskill Ultimate Mangekyou
[06/05/2012 12:38:07] /addskill Ultimate Mangekyou,sword,120
[06/05/2012 12:38:21] /attr vocation 10
[06/05/2012 12:39:21] /i samehada
[06/05/2012 12:42:15] /i samehada
[06/05/2012 13:03:55] /i 2129
[06/05/2012 13:04:15] /attr vocation 13
[06/05/2012 13:11:52] /i 2129
[06/05/2012 13:18:47] /i 2480
[06/05/2012 13:18:55] /i itachi gloves
[06/05/2012 13:23:30] /i 2399
[06/05/2012 13:23:50] /i 2129
[06/05/2012 13:24:05] /i 2480
[06/05/2012 13:25:22] /attr vocation 13
[06/05/2012 13:26:51] /i 2160
[06/05/2012 13:27:04] /i 2160
[06/05/2012 13:27:05] /i 2160
[06/05/2012 13:27:05] /i 2160
[06/05/2012 13:27:06] /i 2160
[06/05/2012 13:27:06] /i 2160
[06/05/2012 13:27:07] /i 2160
[06/05/2012 13:27:07] /i 2160
[06/05/2012 13:27:07] /i 2160
[06/05/2012 13:27:08] /i 2160
[06/05/2012 13:27:08] /i 2160
[06/05/2012 13:27:08] /i 2160
[06/05/2012 13:27:09] /i 2160
[06/05/2012 13:27:09] /i 2160
[06/05/2012 13:27:09] /i 2160
[06/05/2012 13:27:10] /i 2160
[06/05/2012 13:27:10] /i 2160
[06/05/2012 13:27:10] /i 2160
[06/05/2012 13:27:12] /i 2160
[06/05/2012 13:27:27] /i 2160
[06/05/2012 13:27:28] /i 2160
[06/05/2012 13:27:29] /i 2160
[06/05/2012 13:28:15] /newtype 25
[06/05/2012 13:28:24] /newtype 1
[06/05/2012 13:28:29] /newtype 2
[06/05/2012 13:28:32] /newtype 3
[06/05/2012 13:28:35] /newtype 4
[06/05/2012 13:28:37] /newtype 7
[06/05/2012 13:28:39] /newtype 8
[06/05/2012 13:28:44] /newtype 85
[06/05/2012 13:28:48] /newtype 70
[06/05/2012 13:28:51] /newtype 14
[06/05/2012 13:28:56] /newtype 13
[06/05/2012 13:28:59] /newtype 76
[06/05/2012 13:29:02] /newtype 80
[06/05/2012 13:29:06] /newtype 67
[06/05/2012 13:29:11] /newtype 86
[06/05/2012 13:29:19] /newtype 87
[06/05/2012 13:29:24] /newtype 88
[06/05/2012 13:29:28] /newtype 89
[06/05/2012 13:31:18] /newtype 90
[06/05/2012 13:34:29] /addskill kakashi hatake,100
[06/05/2012 13:35:12] /i kuni
[06/05/2012 13:35:21] /i kunai
[06/05/2012 15:34:53] /m naruto
[06/05/2012 15:35:01] /m naruto
[06/05/2012 15:35:01] /m naruto
[06/05/2012 15:35:02] /m naruto
[06/05/2012 15:35:02] /m naruto
[06/05/2012 15:35:04] /m naruto
[06/05/2012 15:35:12] /m naruto
[06/05/2012 15:35:12] /m naruto
[06/05/2012 15:35:13] /m naruto
[06/05/2012 15:35:13] /m naruto
[06/05/2012 15:36:55] /m yondaime
[06/05/2012 15:37:00] /m yondaime
[06/05/2012 15:37:11] /m pain4
[06/05/2012 15:37:22] /m pain
[06/05/2012 15:37:28] /m pein
[06/05/2012 15:37:32] /m yondaime
[06/05/2012 15:37:32] /m yondaime
[06/05/2012 16:37:56] /newtype 20
[06/05/2012 16:38:09] /newtype 39
[06/05/2012 16:38:16] /newtype 25
[06/05/2012 16:38:23] /newtype 43
[06/05/2012 16:38:29] /newtype 86
[06/05/2012 16:38:34] /newtype 87
[06/05/2012 16:38:37] /newtype 88
[06/05/2012 16:38:39] /newtype 89
[06/05/2012 16:38:44] /newtype 90
[06/05/2012 16:38:48] /newtype 86
[06/05/2012 16:38:51] /newtype 87
[06/05/2012 16:38:54] /newtype 85
[06/05/2012 16:40:22] /newtype 
[06/05/2012 16:50:13] /m yondaime
[06/05/2012 16:50:14] /m yondaime
[06/05/2012 16:50:47] /m yondaime
[06/05/2012 16:55:23] /addskill nomedochar,level,1
[06/05/2012 16:56:13] /addskill Mitchie ,level,1
[06/05/2012 16:56:54] /addskill Mitchie ,level,9
[06/05/2012 16:57:38] /addskill master bee ,level,15
[06/05/2012 16:58:14] /goto
[06/05/2012 16:58:36] /goto mitchie
[06/05/2012 16:58:57] /r
[06/05/2012 16:59:09] /t
[06/05/2012 16:59:27] /goto mitchie
[06/05/2012 17:00:46] /i
[06/05/2012 17:01:02] /r
[06/05/2012 17:02:38] /addskill [god]modo senin ,level,1
[06/05/2012 17:02:40] /addskill [god]modo senin ,level,1
[06/05/2012 17:02:49] /addskill [god] modo senin ,level,1
[06/05/2012 17:02:50] /addskill [god] modo senin ,level,1
[06/05/2012 17:02:52] /addskill [god] modo senin ,level,1
[06/05/2012 17:02:53] /addskill [god] modo senin ,level,1
[06/05/2012 17:03:02] /addskill [god] Modo senin ,level,1
[06/05/2012 17:03:04] /addskill [god] Modo senin ,level,1
[06/05/2012 17:03:06] /addskill [god] Modo senin ,level,1
[06/05/2012 17:03:20] /a
[06/05/2012 17:05:48] /t
[06/05/2012 17:06:48] /i 6629
[06/05/2012 17:07:19] /i 6629
[06/05/2012 17:07:41] /i 6627
[06/05/2012 17:07:47] /t
[06/05/2012 17:09:38] /r
[06/05/2012 17:15:07] /addskill [god] Modo senin ,level,1
[06/05/2012 17:15:22] /addskill  ,level,1
[06/05/2012 17:25:36] /attr group 6
[07/05/2012 17:40:14] /goto Raaamos
[07/05/2012 17:40:45] /down
[07/05/2012 17:40:55] /t
[07/05/2012 17:41:05] /down
[07/05/2012 17:41:10] /r
[07/05/2012 17:41:12] /t
[07/05/2012 17:41:20] /r
[07/05/2012 17:41:24] /r
[07/05/2012 17:54:21] /i 2160
[07/05/2012 17:54:22] /i 2160
[07/05/2012 17:54:23] /i 2160
[07/05/2012 17:54:23] /i 2160
[07/05/2012 17:54:24] /i 2160
[07/05/2012 17:54:57] /r kunao
[07/05/2012 17:55:04] /r kunao
[07/05/2012 17:56:03] /i bandit
[07/05/2012 18:09:04] /newtype 87
[07/05/2012 18:09:09] /newtype 86
[07/05/2012 21:02:32] /m anrut
[07/05/2012 21:02:39] /m naruto
[07/05/2012 21:03:07] /r
[07/05/2012 21:03:12] /r
[07/05/2012 21:03:39] /m naruto
[07/05/2012 21:04:35] /r
[07/05/2012 21:05:43] /i 2127
