[14/9/2016 8:23:56] /t
[14/9/2016 8:28:22] /t
[14/9/2016 8:28:27] /t
[14/9/2016 8:43:42] /a /r
[14/9/2016 8:43:44] /r
[14/9/2016 8:43:48] /r
[14/9/2016 8:43:49] /a 2
[14/9/2016 8:43:50] /a 2
[14/9/2016 8:43:50] /a 2
[14/9/2016 8:43:50] /a 2
[14/9/2016 8:43:50] /a 2
[14/9/2016 8:43:51] /a 2
[14/9/2016 8:43:51] /a 2
[14/9/2016 8:43:51] /a 2
[14/9/2016 8:43:52] /a 2
[14/9/2016 8:43:52] /a 2
[14/9/2016 8:43:54] /a 2
[14/9/2016 8:43:54] /a 2
[14/9/2016 8:43:54] /a 2
[14/9/2016 8:43:54] /a 2
[14/9/2016 8:43:55] /a 2
[14/9/2016 8:43:55] /a 2
[14/9/2016 8:43:55] /a 2
[14/9/2016 8:43:55] /a 2
[14/9/2016 8:43:56] /a 2
[14/9/2016 8:43:56] /a 2
[14/9/2016 8:43:56] /a 2
[14/9/2016 8:43:56] /a 2
[14/9/2016 8:43:56] /a 2
[14/9/2016 8:43:56] /a 2
[14/9/2016 8:43:56] /a 2
[14/9/2016 8:43:56] /a 2
[14/9/2016 8:43:57] /a 2
[14/9/2016 8:43:57] /a 2
[14/9/2016 8:43:57] /a 2
[14/9/2016 8:43:58] /a 2
[14/9/2016 8:43:58] /a 2
[14/9/2016 8:43:58] /a 2
[14/9/2016 8:43:59] /a 2
[14/9/2016 8:44:0] /up
[14/9/2016 8:44:1] /up
[14/9/2016 8:44:2] /a 2
[14/9/2016 8:44:2] /a 2
[14/9/2016 8:44:4] /a 2
[14/9/2016 8:44:5] /a 2
[14/9/2016 8:44:5] /a 2
[14/9/2016 8:44:5] /a 2
[14/9/2016 8:44:6] /a 2
[14/9/2016 8:44:6] /a 2
[14/9/2016 8:44:6] /a 2
[14/9/2016 8:44:6] /a 2
[14/9/2016 8:44:7] /a 2
[14/9/2016 8:44:8] /a 2
[14/9/2016 8:44:8] /a 2
[14/9/2016 8:44:10] /a 2
[14/9/2016 8:44:12] /a 2
[14/9/2016 8:44:15] /a 2
[14/9/2016 8:44:16] /r
[14/9/2016 8:44:25] /t
[14/9/2016 8:45:2] /a 2
[14/9/2016 8:45:2] /a 2
[14/9/2016 8:45:3] /a 2
[14/9/2016 8:45:3] /a 2
[14/9/2016 8:45:3] /a 2
[14/9/2016 8:45:3] /a 2
[14/9/2016 8:45:3] /a 2
[14/9/2016 8:45:3] /a 2
[14/9/2016 8:45:4] /a 2
[14/9/2016 8:45:4] /a 2
[14/9/2016 8:45:4] /a 2
[14/9/2016 8:45:5] /a 2
[14/9/2016 8:45:5] /a 2
[14/9/2016 8:45:5] /a 2
[14/9/2016 8:45:6] /a 2
[14/9/2016 8:45:6] /a 2
[14/9/2016 8:45:6] /a 2
[14/9/2016 8:45:6] /a 2
[14/9/2016 8:45:7] /a 2
[14/9/2016 8:45:7] /a 2
[14/9/2016 8:45:7] /a 2
[14/9/2016 8:45:8] /a 2
[14/9/2016 8:45:10] /a 2
[14/9/2016 8:45:10] /a 2
[14/9/2016 8:45:11] /a 2
[14/9/2016 8:45:11] /a 2
[14/9/2016 8:45:12] /a 2
[14/9/2016 8:45:12] /a 2
[14/9/2016 8:45:12] /a 2
[14/9/2016 8:45:12] /a 2
[14/9/2016 8:45:13] /a 2
[14/9/2016 8:45:13] /a 2
[14/9/2016 8:45:14] /a 2
[14/9/2016 8:45:14] /a 2
[14/9/2016 8:45:15] /a 2
[14/9/2016 8:45:15] /a 2
[14/9/2016 8:45:15] /a 2
[14/9/2016 8:45:16] /a 2
[14/9/2016 8:45:16] /a 2
[14/9/2016 8:45:17] /a 2
[14/9/2016 8:45:17] /a 2
[14/9/2016 8:45:17] /a 2
[14/9/2016 8:45:17] /a 2
[14/9/2016 8:45:17] /a 2
[14/9/2016 8:45:17] /a 2
[14/9/2016 8:45:17] /a 2
[14/9/2016 8:45:18] /a 2
[14/9/2016 8:45:18] /a 2
[14/9/2016 8:45:18] /a 2
[14/9/2016 8:45:19] /a 2
[14/9/2016 8:45:19] /a 2
[14/9/2016 8:45:19] /a 2
[14/9/2016 8:45:20] /a 2
[14/9/2016 8:45:20] /a 2
[14/9/2016 8:45:33] /down
[14/9/2016 8:45:33] /a 2
[14/9/2016 8:45:34] /a 2
[14/9/2016 8:45:34] /a 2
[14/9/2016 8:45:34] /a 2
[14/9/2016 8:45:34] /a 2
[14/9/2016 8:45:34] /a 2
[14/9/2016 8:45:35] /a 2
[14/9/2016 8:45:35] /a 2
[14/9/2016 8:45:35] /a 2
[14/9/2016 8:45:35] /a 2
[14/9/2016 8:45:35] /a 2
[14/9/2016 8:45:35] /a 2
[14/9/2016 8:45:35] /a 2
[14/9/2016 8:45:36] /a 2
[14/9/2016 8:45:37] /a 2
[14/9/2016 8:45:37] /a 2
[14/9/2016 8:45:37] /a 2
[14/9/2016 8:45:38] /a 2
[14/9/2016 8:45:38] /a 2
[14/9/2016 8:45:38] /a 2
[14/9/2016 8:45:39] /a 2
[14/9/2016 8:45:40] /a 2
[14/9/2016 8:45:41] /up
[14/9/2016 8:45:42] /up
[14/9/2016 8:45:42] /up
[14/9/2016 8:45:56] /goto tsunade
[14/9/2016 8:45:59] /goto tsunade
[14/9/2016 8:46:0] /goto tsunade
[14/9/2016 8:46:2] /goto
[14/9/2016 8:46:23] /m tsunade
[14/9/2016 8:46:53] /t
[14/9/2016 10:1:30] /a 100
[14/9/2016 10:1:31] /a 100
[14/9/2016 10:1:35] /a 100
[14/9/2016 10:1:36] /a 100
[14/9/2016 10:1:38] /a 100
[14/9/2016 10:1:38] /a 100
[14/9/2016 10:1:39] /a 100
[14/9/2016 10:1:41] /a 100
[14/9/2016 10:1:47] /a 10
[14/9/2016 10:1:49] /a 10
[14/9/2016 10:1:50] /a 10
[14/9/2016 10:1:50] /a 10
[14/9/2016 10:1:51] /a 10
[14/9/2016 10:1:52] /a 10
[14/9/2016 10:1:53] /a 10
[14/9/2016 10:1:54] /a 10
[14/9/2016 10:2:0] /a 10
[14/9/2016 10:2:1] /a 10
[14/9/2016 10:2:2] /a 10
[14/9/2016 10:2:3] /a 10
[14/9/2016 10:2:4] /a 10
[14/9/2016 10:2:5] /a 10
[14/9/2016 10:2:6] /a 10
[14/9/2016 10:2:6] /a 10
[14/9/2016 10:2:7] /a 10
[14/9/2016 10:2:23] /t
[14/9/2016 10:2:30] /ghost
[14/9/2016 10:2:32] /ghost
[14/9/2016 10:4:23] /goto Dead Space
[14/9/2016 10:4:28] /t
[14/9/2016 10:13:33] /ghost
[14/9/2016 10:15:22] /newtype 111
[14/9/2016 10:15:31] /newtype 112
[14/9/2016 10:15:37] /newtype 113
[14/9/2016 10:15:42] /newtype 109
[14/9/2016 10:16:9] /newtype 1
[14/9/2016 10:16:11] /newtype 2
[14/9/2016 10:16:13] /newtype 3
[14/9/2016 10:16:14] /newtype 4
[14/9/2016 10:16:15] /newtype 5
[14/9/2016 10:16:17] /newtype 6
[14/9/2016 10:16:20] /newtype 7
[14/9/2016 10:16:21] /newtype 8
[14/9/2016 10:16:24] /newtype 10
[14/9/2016 10:16:26] /newtype 11
[14/9/2016 10:16:28] /newtype 12
[14/9/2016 10:16:30] /newtype 13
[14/9/2016 10:16:32] /newtype 19
[14/9/2016 10:16:37] /newtype 40
[14/9/2016 10:16:42] /newtype 41
[14/9/2016 10:16:50] /newtype 43
[14/9/2016 10:22:31] /ghost
[14/9/2016 10:22:53] /a 2
[14/9/2016 10:22:55] /a 3
[14/9/2016 10:24:57] /b Duvidas no HELP =)
[14/9/2016 10:28:46] /b Site Provisorio, > http://ntoabs.wixsite.com/ntoabs <
[14/9/2016 10:31:19] /b Convide 5 amigos e ganhe um Brinde especial... 
[14/9/2016 10:34:46] /newtype 50
[14/9/2016 10:34:48] /newtype 51
[14/9/2016 10:34:49] /newtype 52
[14/9/2016 10:34:50] /newtype 53
[14/9/2016 10:34:52] /newtype 54
[14/9/2016 10:34:53] /newtype 55
[14/9/2016 10:34:55] /newtype 56
[14/9/2016 10:34:57] /newtype 57
[14/9/2016 10:35:0] /newtype 58
[14/9/2016 10:35:2] /newtype 59
[14/9/2016 10:35:3] /newtype 50
[14/9/2016 10:35:8] /newtype 110
[14/9/2016 10:35:11] /newtype 111
[14/9/2016 10:36:12] /newtype 300
[14/9/2016 10:36:13] /newtype 303
[14/9/2016 10:36:15] /newtype 22
[14/9/2016 10:36:17] /newtype 222
[14/9/2016 10:36:19] /newtype 21
[14/9/2016 10:36:21] /newtype 223
[14/9/2016 10:36:23] /newtype 211
[14/9/2016 10:36:26] /newtype 189
[14/9/2016 10:36:29] /newtype 182
[14/9/2016 10:36:31] /newtype 134
[14/9/2016 10:36:33] /newtype 133
[14/9/2016 10:36:34] /newtype 132
[14/9/2016 10:36:37] /newtype 131
[14/9/2016 10:36:39] /newtype 130
[14/9/2016 10:36:41] /newtype 129
[14/9/2016 10:36:43] /newtype 123
[14/9/2016 10:36:45] /newtype 124
[14/9/2016 10:36:46] /newtype 125
[14/9/2016 10:36:47] /newtype 12
[14/9/2016 10:36:50] /newtype 126
[14/9/2016 10:36:52] /newtype 177
[14/9/2016 10:36:56] /newtype 123
[14/9/2016 10:36:58] /newtype 142
[14/9/2016 10:37:30] /b Duvidas no HELP ;D
[14/9/2016 10:40:44] /a 10
[14/9/2016 10:40:45] /a 10
[14/9/2016 10:40:45] /a 10
[14/9/2016 10:40:46] /a 10
[14/9/2016 10:40:46] /a 10
[14/9/2016 10:40:47] /a 10
[14/9/2016 10:40:48] /a 10
[14/9/2016 10:40:48] /a 10
[14/9/2016 10:40:50] /a 10
[14/9/2016 10:40:51] /a 10
[14/9/2016 10:40:51] /a 10
[14/9/2016 10:40:53] /a 10
[14/9/2016 10:40:53] /a 10
[14/9/2016 10:40:54] /a 10
[14/9/2016 10:40:54] /a 10
[14/9/2016 10:40:55] /a 10
[14/9/2016 10:40:56] /a 10
[14/9/2016 10:40:57] /a 10
[14/9/2016 10:40:57] /a 10
[14/9/2016 10:40:59] /a 10
[14/9/2016 10:40:59] /a 10
[14/9/2016 10:41:0] /a 10
[14/9/2016 10:41:0] /a 10
[14/9/2016 10:41:1] /a 10
[14/9/2016 10:41:2] /a 10
[14/9/2016 10:41:4] /a 10
[14/9/2016 10:42:8] /m madara
[14/9/2016 10:42:19] /goto Isaac Newton
[14/9/2016 10:42:29] /goto Isaac Newton
[14/9/2016 10:42:39] /goto Isaac Newton
[14/9/2016 10:42:41] /goto Isaac Newton
[14/9/2016 10:42:42] /goto Isaac Newton
[14/9/2016 10:42:44] /goto Isaac Newton
[14/9/2016 10:42:46] /goto Isaac Newton
[14/9/2016 10:42:53] /goto Isaac Newton
[14/9/2016 10:43:1] /goto Isaac Newton
[14/9/2016 10:43:1] /ghost
[14/9/2016 10:43:6] /ghost
[14/9/2016 10:43:7] /goto Isaac Newton
[14/9/2016 10:43:9] /goto Isaac Newton
[14/9/2016 10:43:10] /goto Isaac Newton
[14/9/2016 10:43:11] /goto Isaac Newton
[14/9/2016 10:43:12] /goto Isaac Newton
[14/9/2016 10:43:13] /goto Isaac Newton
[14/9/2016 10:43:14] /goto Isaac Newton
[14/9/2016 10:43:15] /goto Isaac Newton
[14/9/2016 10:43:16] /goto Isaac Newton
[14/9/2016 10:43:17] /goto Isaac Newton
[14/9/2016 10:43:18] /goto Isaac Newton
[14/9/2016 10:43:19] /goto Isaac Newton
[14/9/2016 10:43:19] /goto Isaac Newton
[14/9/2016 10:43:20] /goto Isaac Newton
[14/9/2016 10:43:20] /goto Isaac Newton
[14/9/2016 10:43:21] /goto Isaac Newton
[14/9/2016 10:43:26] /goto Isaac Newton
[14/9/2016 10:43:32] /m Shinobi Of The Blades
[14/9/2016 10:43:36] /goto Isaac Newton
[14/9/2016 10:43:37] /goto Isaac Newton
[14/9/2016 10:43:39] /goto Isaac Newton
[14/9/2016 10:43:40] /goto Isaac Newton
[14/9/2016 10:43:41] /goto Isaac Newton
[14/9/2016 10:43:41] /goto Isaac Newton
[14/9/2016 10:43:43] /goto Isaac Newton
[14/9/2016 10:43:44] /goto Isaac Newton
[14/9/2016 10:43:45] /goto Isaac Newton
[14/9/2016 10:43:45] /goto Isaac Newton
[14/9/2016 10:43:46] /goto Isaac Newton
[14/9/2016 10:43:49] /goto Isaac Newton
[14/9/2016 10:46:44] /goto Isaac Newton
[14/9/2016 10:46:58] /goto Isaac Newton
[14/9/2016 10:47:2] /ghost
[14/9/2016 10:47:42] /goto Mordecai
[14/9/2016 10:48:20] /t
[14/9/2016 10:58:49] /goto madara
[14/9/2016 11:4:54] /ghost
[14/9/2016 11:8:56] /ghost
[14/9/2016 11:8:58] /ghost
[14/9/2016 11:9:7] /ghost
[14/9/2016 11:9:8] /ghost
[14/9/2016 11:9:12] /goto mordecai
[14/9/2016 11:9:18] /ghost
[14/9/2016 11:10:48] /up
[14/9/2016 11:13:38] /t
[14/9/2016 11:18:44] /newtype 241
[14/9/2016 11:18:45] /newtype 242
[14/9/2016 11:18:46] /newtype 243
[14/9/2016 11:18:47] /newtype 244
[14/9/2016 11:18:48] /newtype 245
[14/9/2016 11:18:49] /newtype 246
[14/9/2016 11:18:50] /newtype 247
[14/9/2016 11:18:51] /newtype 248
[14/9/2016 11:18:53] /newtype 249
[14/9/2016 11:18:56] /newtype 251
[14/9/2016 11:18:57] /newtype 252
[14/9/2016 11:18:58] /newtype 253
[14/9/2016 11:18:59] /newtype 254
[14/9/2016 11:19:0] /newtype 255
[14/9/2016 11:19:1] /newtype 256
[14/9/2016 11:19:2] /newtype 257
[14/9/2016 11:19:3] /newtype 258
[14/9/2016 11:19:4] /newtype 259
[14/9/2016 11:19:6] /newtype 250
[14/9/2016 11:19:9] /newtype 231
[14/9/2016 11:19:10] /newtype 232
[14/9/2016 11:19:11] /newtype 233
[14/9/2016 11:19:12] /newtype 234
[14/9/2016 11:19:14] /newtype 236
[14/9/2016 11:19:20] /newtype 261
[14/9/2016 11:19:21] /newtype 262
[14/9/2016 11:19:22] /newtype 263
[14/9/2016 11:19:22] /newtype 264
[14/9/2016 11:19:23] /newtype 265
[14/9/2016 11:19:24] /newtype 266
[14/9/2016 11:19:25] /newtype 267
[14/9/2016 11:19:27] /newtype 269
[14/9/2016 11:19:29] /newtype 260
[14/9/2016 11:20:16] /newtype 30
[14/9/2016 11:21:1] /newtype 139
[14/9/2016 11:21:13] /newtype 142
[14/9/2016 11:21:23] /newtype 145
[14/9/2016 11:21:27] /newtype 142
[14/9/2016 11:30:27] /ghost
[14/9/2016 11:32:36] /b itens iniciais no templo com dead space, ele vai ajuda voces
[14/9/2016 12:16:23] /ghost
[14/9/2016 12:17:15] /ghost
[14/9/2016 12:18:45] /goto tiu tu
[14/9/2016 12:18:50] /goto tiu tu
[14/9/2016 12:18:55] /goto tiu lu
[14/9/2016 12:19:3] /ghost
[14/9/2016 12:19:9] /newtype 142
[14/9/2016 12:19:28] /t tiu lu
[14/9/2016 12:19:37] /t
[14/9/2016 12:41:3] /goto Viper
[14/9/2016 12:47:46] /r
[14/9/2016 12:50:6] /t
[14/9/2016 13:8:43] /ghost
[14/9/2016 13:10:5] /ghost
[14/9/2016 13:10:8] /ghost
[14/9/2016 13:58:13] /goto Dead Sakura
[14/9/2016 13:58:19] /r
[14/9/2016 13:58:40] /goto Tiu Lu
[14/9/2016 13:59:4] /t
[14/9/2016 13:59:28] /goto Tiu Lu
[14/9/2016 13:59:42] /t
[14/9/2016 14:0:12] /goto Tiu Lu
[14/9/2016 14:0:27] /goto Dead Sakura
[14/9/2016 14:0:37] /goto Dead Sakura
[14/9/2016 14:0:38] /goto Dead Sakura
[14/9/2016 14:0:40] /goto Dead Sakura
[14/9/2016 14:0:42] /goto Dead Sakura
[14/9/2016 14:0:44] /goto Dead Sakura
[14/9/2016 14:0:45] /goto Dead Sakura
[14/9/2016 14:0:45] /goto Dead Sakura
[14/9/2016 14:0:46] /goto Dead Sakura
[14/9/2016 14:0:47] /goto Dead Sakura
[14/9/2016 14:0:48] /goto Dead Sakura
[14/9/2016 14:0:48] /goto Dead Sakura
[14/9/2016 14:0:49] /goto Dead Sakura
[14/9/2016 14:0:49] /goto Dead Sakura
[14/9/2016 14:0:50] /goto Dead Sakura
[14/9/2016 14:0:51] /goto Dead Sakura
[14/9/2016 14:0:52] /goto Dead Sakura
[14/9/2016 14:0:52] /goto Dead Sakura
[14/9/2016 14:0:53] /goto Dead Sakura
[14/9/2016 14:0:53] /goto Dead Sakura
[14/9/2016 14:0:54] /goto Dead Sakura
[14/9/2016 14:0:54] /goto Dead Sakura
[14/9/2016 14:0:55] /goto Dead Sakura
[14/9/2016 14:0:56] /goto Dead Sakura
[14/9/2016 14:0:57] /goto Dead Sakura
[14/9/2016 14:0:58] /goto Dead Sakura
[14/9/2016 14:0:58] /goto Dead Sakura
[14/9/2016 14:0:59] /goto Dead Sakura
[14/9/2016 14:1:0] /goto Dead Sakura
[14/9/2016 14:1:0] /goto Dead Sakura
[14/9/2016 14:1:2] /goto Dead Sakura
[14/9/2016 14:1:3] /goto Dead Sakura
[14/9/2016 14:1:3] /goto Dead Sakura
[14/9/2016 14:1:4] /goto Dead Sakura
[14/9/2016 14:1:4] /goto Dead Sakura
[14/9/2016 14:1:5] /goto Dead Sakura
[14/9/2016 14:1:5] /goto Dead Sakura
[14/9/2016 14:1:6] /goto Dead Sakura
[14/9/2016 14:1:6] /goto Dead Sakura
[14/9/2016 14:1:7] /goto Dead Sakura
[14/9/2016 14:1:7] /goto Dead Sakura
[14/9/2016 14:1:8] /goto Dead Sakura
[14/9/2016 14:1:8] /goto Dead Sakura
[14/9/2016 14:1:8] /goto Dead Sakura
[14/9/2016 14:1:9] /goto Dead Sakura
[14/9/2016 14:1:9] /goto Dead Sakura
[14/9/2016 14:1:10] /goto Dead Sakura
[14/9/2016 14:1:10] /goto Dead Sakura
[14/9/2016 14:1:11] /goto Dead Sakura
[14/9/2016 14:1:11] /goto Dead Sakura
[14/9/2016 14:1:12] /goto Dead Sakura
[14/9/2016 14:1:12] /goto Dead Sakura
[14/9/2016 14:1:13] /goto Dead Sakura
[14/9/2016 14:1:14] /goto Dead Sakura
[14/9/2016 14:1:16] /goto Dead Sakura
[14/9/2016 14:1:18] /goto Dead Sakura
[14/9/2016 14:7:23] /a 100
[14/9/2016 14:7:26] /a 100
[14/9/2016 14:7:31] /a 20
[14/9/2016 14:7:32] /a 20
[14/9/2016 14:7:32] /a 20
[14/9/2016 14:7:33] /a 20
[14/9/2016 14:7:35] /a 20
[14/9/2016 14:7:36] /a 20
[14/9/2016 14:9:49] /goto Dead Sakura
[14/9/2016 14:9:50] /goto Dead Sakura
[14/9/2016 14:9:51] /goto Dead Sakura
[14/9/2016 14:9:51] /goto Dead Sakura
[14/9/2016 14:9:52] /goto Dead Sakura
[14/9/2016 14:9:52] /goto Dead Sakura
[14/9/2016 14:13:4] /goto Dead Sakura
[14/9/2016 14:27:59] /t
[14/9/2016 14:28:10] /goto Tiu Lu
[14/9/2016 14:28:12] /r
[14/9/2016 14:28:18] /t Tiu Lu
[14/9/2016 14:28:22] /t
[14/9/2016 14:42:6] /b DUVIDAS NO HELP ;D
[14/9/2016 14:43:2] /b DUVIDAS NO HELP ;D
[14/9/2016 14:43:14] /b DUVIDAS NO HELP ;D
[14/9/2016 14:50:21] /b Web Site Oficial > http://ntoabs.wixsite.com/ntoabs <
[14/9/2016 14:51:23] /b Duvidas no Help
[14/9/2016 14:51:39] /t Tiu Lu
[14/9/2016 14:52:38] /goto Dead Sakura
[14/9/2016 14:54:41] /goto Dead Sakura
[14/9/2016 14:54:43] /goto Dead Sakura
[14/9/2016 14:54:44] /goto Dead Sakura
[14/9/2016 14:54:45] /goto Dead Sakura
[14/9/2016 14:54:46] /goto Dead Sakura
[14/9/2016 14:54:46] /goto Dead Sakura
[14/9/2016 14:54:47] /goto Dead Sakura
[14/9/2016 14:54:48] /goto Dead Sakura
[14/9/2016 14:54:48] /goto Dead Sakura
[14/9/2016 14:54:49] /goto Dead Sakura
[14/9/2016 14:54:50] /goto Dead Sakura
[14/9/2016 14:54:51] /goto Dead Sakura
[14/9/2016 14:54:52] /goto Dead Sakura
[14/9/2016 14:54:53] /goto Dead Sakura
[14/9/2016 14:54:54] /goto Dead Sakura
[14/9/2016 14:54:57] /goto Dead Sakura
[14/9/2016 14:54:58] /goto Dead Sakura
[14/9/2016 14:54:59] /goto Dead Sakura
[14/9/2016 14:55:0] /goto Dead Sakura
[14/9/2016 14:55:0] /goto Dead Sakura
[14/9/2016 14:55:3] /goto Dead Sakura
[14/9/2016 14:55:3] /goto Dead Sakura
[14/9/2016 14:57:20] /b Web Site Oficial > http://ntoabs.wixsite.com/ntoabs <
[14/9/2016 14:57:36] /goto Dead Sakura
[14/9/2016 14:57:38] /goto Dead Sakura
[14/9/2016 14:57:39] /goto Dead Sakura
[14/9/2016 14:57:40] /goto Dead Sakura
[14/9/2016 14:57:41] /goto Dead Sakura
[14/9/2016 14:57:41] /goto Dead Sakura
[14/9/2016 14:57:42] /goto Dead Sakura
[14/9/2016 14:57:43] /goto Dead Sakura
[14/9/2016 14:57:46] /goto Dead Sakura
[14/9/2016 14:57:46] /goto Dead Sakura
[14/9/2016 14:57:47] /goto Dead Sakura
[14/9/2016 14:57:47] /goto Dead Sakura
[14/9/2016 14:57:48] /goto Dead Sakura
[14/9/2016 14:57:48] /goto Dead Sakura
[14/9/2016 14:57:49] /goto Dead Sakura
[14/9/2016 14:57:49] /goto Dead Sakura
[14/9/2016 14:57:58] /goto Dead Sakura
[14/9/2016 14:58:0] /goto Dead Sakura
[14/9/2016 14:58:1] /goto Dead Sakura
[14/9/2016 14:58:1] /goto Dead Sakura
[14/9/2016 14:58:18] /goto Dead Sakura
[14/9/2016 14:58:29] /goto Dead Sakura
[14/9/2016 14:58:30] /goto Dead Sakura
[14/9/2016 14:58:31] /goto Dead Sakura
[14/9/2016 14:58:32] /goto Dead Sakura
[14/9/2016 14:58:33] /goto Dead Sakura
[14/9/2016 14:58:34] /goto Dead Sakura
[14/9/2016 14:58:35] /goto Dead Sakura
[14/9/2016 14:58:35] /goto Dead Sakura
[14/9/2016 14:58:35] /goto Dead Sakura
[14/9/2016 14:58:36] /goto Dead Sakura
[14/9/2016 14:58:36] /goto Dead Sakura
[14/9/2016 14:58:37] /goto Dead Sakura
[14/9/2016 14:58:38] /goto Dead Sakura
[14/9/2016 14:58:38] /goto Dead Sakura
[14/9/2016 14:58:39] /goto Dead Sakura
[14/9/2016 14:58:40] /goto Dead Sakura
[14/9/2016 14:58:40] /goto Dead Sakura
[14/9/2016 14:58:41] /goto Dead Sakura
[14/9/2016 14:58:41] /goto Dead Sakura
[14/9/2016 14:58:42] /goto Dead Sakura
[14/9/2016 14:58:42] /goto Dead Sakura
[14/9/2016 14:58:43] /goto Dead Sakura
[14/9/2016 14:58:43] /goto Dead Sakura
[14/9/2016 14:58:43] /goto Dead Sakura
[14/9/2016 14:58:44] /goto Dead Sakura
[14/9/2016 14:58:44] /goto Dead Sakura
[14/9/2016 14:58:45] /goto Dead Sakura
[14/9/2016 14:58:45] /goto Dead Sakura
[14/9/2016 14:58:46] /goto Dead Sakura
[14/9/2016 14:58:46] /goto Dead Sakura
[14/9/2016 14:58:47] /goto Dead Sakura
[14/9/2016 14:58:47] /goto Dead Sakura
[14/9/2016 14:58:48] /goto Dead Sakura
[14/9/2016 14:58:48] /goto Dead Sakura
[14/9/2016 14:58:51] /goto Dead Sakura
[14/9/2016 14:58:56] /goto Dead Sakura
[14/9/2016 14:58:57] /goto Dead Sakura
[14/9/2016 14:58:59] /goto Dead Sakura
[14/9/2016 14:58:59] /goto Dead Sakura
[14/9/2016 14:58:59] /goto Dead Sakura
[14/9/2016 14:59:0] /goto Dead Sakura
[14/9/2016 14:59:0] /goto Dead Sakura
[14/9/2016 14:59:1] /goto Dead Sakura
[14/9/2016 14:59:1] /goto Dead Sakura
[14/9/2016 14:59:2] /goto Dead Sakura
[14/9/2016 14:59:2] /goto Dead Sakura
[14/9/2016 14:59:3] /goto Dead Sakura
[14/9/2016 14:59:3] /goto Dead Sakura
[14/9/2016 14:59:4] /goto Dead Sakura
[14/9/2016 14:59:6] /goto Dead Sakura
[14/9/2016 14:59:7] /goto Dead Sakura
[14/9/2016 15:4:37] /goto Dead Sakura
[14/9/2016 15:4:56] /t
[14/9/2016 15:5:0] /goto Rhero
[14/9/2016 15:7:16] /goto tiu san
[14/9/2016 15:7:19] /goto tiu lu
[14/9/2016 15:7:21] /r
[14/9/2016 15:9:50] /goto tiu lu
[14/9/2016 15:10:8] /t
[14/9/2016 15:11:3] /t
[14/9/2016 15:14:31] /b Itens Iniciantes para quem ainda nao tem, tipo CHAKRA ARMOR e GAARA LEGS So fala no help
[14/9/2016 15:18:6] /goto Alex Rushxzs
[14/9/2016 15:18:9] /r
[14/9/2016 15:18:15] /t
[14/9/2016 15:18:17] /t Alex Rushxzs
[14/9/2016 15:22:53] /up
[14/9/2016 15:22:54] /up
[14/9/2016 15:23:29] /b Itens Iniciantes para quem ainda nao tem, tipo CHAKRA ARMOR e GAARA LEGS So fala no help
[14/9/2016 15:29:10] /goto Chepenoz
[14/9/2016 15:29:15] /goto Chepenoz
[14/9/2016 15:29:15] /goto Chepenoz
[14/9/2016 15:29:16] /goto Chepenoz
[14/9/2016 15:29:16] /goto Chepenoz
[14/9/2016 15:29:24] /goto Chepenoz
[14/9/2016 15:29:25] /goto Chepenoz
[14/9/2016 15:29:26] /goto Chepenoz
[14/9/2016 15:29:27] /goto Chepenoz
[14/9/2016 15:29:28] /goto Chepenoz
[14/9/2016 15:29:28] /goto Chepenoz
[14/9/2016 15:29:29] /goto Chepenoz
[14/9/2016 15:29:35] /goto Chepenoz
[14/9/2016 15:29:44] /t
[14/9/2016 15:31:39] /b Itens Iniciantes para quem ainda nao tem, tipo CHAKRA ARMOR e GAARA LEGS So fala no help
[14/9/2016 15:37:2] /save
[14/9/2016 18:22:37] /b Boa Noite, esta tendo algum bug no SERVER, pode ser um ITEM ou um TELEPORTE, que esta derrubando o SERVER si alguem perceber algo bugado mim manda PM Pliss
[14/9/2016 18:22:59] /b Boa Noite, esta tendo algum bug no SERVER, pode ser um ITEM ou um TELEPORTE, que esta derrubando o SERVER si alguem perceber algo bugado mim manda PM Pliss
[14/9/2016 18:23:2] /b Boa Noite, esta tendo algum bug no SERVER, pode ser um ITEM ou um TELEPORTE, que esta derrubando o SERVER si alguem perceber algo bugado mim manda PM Pliss
[14/9/2016 18:23:24] /b TS> Quem tiver Duvida pode entra tbm :::> tarantasteam.ts3gamer.host
[14/9/2016 18:24:58] /b TS> Quem tiver Duvida pode entra tbm :::> tarantasteam.ts3gamer.host
[14/9/2016 18:25:0] /b Boa Noite, esta tendo algum bug no SERVER, pode ser um ITEM ou um TELEPORTE, que esta derrubando o SERVER si alguem perceber algo bugado mim manda PM Pliss
[14/9/2016 18:25:2] /b TS> Quem tiver Duvida pode entra tbm :::> tarantasteam.ts3gamer.host
[14/9/2016 18:25:31] /b Boa Noite, esta tendo algum bug no SERVER, pode ser um ITEM ou um TELEPORTE, que esta derrubando o SERVER si alguem perceber algo bugado mim manda PM Pliss
[14/9/2016 18:25:32] /b TS> Quem tiver Duvida pode entra tbm :::> tarantasteam.ts3gamer.host
[14/9/2016 18:26:1] /b Boa Noite, esta tendo algum bug no SERVER, pode ser um ITEM ou um TELEPORTE, que esta derrubando o SERVER si alguem perceber algo bugado mim manda PM Pliss
[14/9/2016 18:26:2] /b TS> Quem tiver Duvida pode entra tbm :::> tarantasteam.ts3gamer.host
[14/9/2016 18:26:12] /b Amigos volto em 10 minutos =D 
[14/9/2016 18:46:44] /b Boa Noite, esta tendo algum bug no SERVER, pode ser um ITEM ou um TELEPORTE, que esta derrubando o SERVER si alguem perceber algo bugado mim manda PM Pliss
[14/9/2016 18:46:47] /b TS> Quem tiver Duvida pode entra tbm :::> tarantasteam.ts3gamer.host
[14/9/2016 18:47:32] /b Duvidas no Help !
[14/9/2016 19:18:44] /up
[14/9/2016 19:46:13] /goto Viper
[14/9/2016 19:48:11] /goto kakashi sensei
[14/9/2016 19:48:38] /goto ezequiel
[14/9/2016 19:48:51] /t
[14/9/2016 19:51:49] /b Site provisorio, http://ntoabs.wixsite.com/ntoabs
[14/9/2016 19:52:1] /b Site provisorio, http://ntoabs.wixsite.com/ntoabs
[14/9/2016 19:54:29] /b Site provisorio, http://ntoabs.wixsite.com/ntoabs
[14/9/2016 19:56:52] /goto Tiu Lu
[14/9/2016 19:57:9] /goto Dead Space
[14/9/2016 19:57:17] /t
[14/9/2016 20:27:50] /b Site provisorio, http://ntoabs.wixsite.com/ntoabs
[14/9/2016 20:28:19] /b Site provisorio, http://ntoabs.wixsite.com/ntoabs
[14/9/2016 20:29:11] /b NARUTO ABSOLUT ! TESTE SERVER 13/09/2016 á 25/09/2016 DEPOIS DO DIA 25 SERÁ RESETADO O TESTE SERVER E COMEÇARÁ O SERVER DEDICADO !
[14/9/2016 20:44:42] /t Dead Space
[14/9/2016 20:46:46] /goto Mokuton Bunshin
[14/9/2016 20:46:50] /goto Mokuton Bunshin
[14/9/2016 20:46:52] /goto Mokuton Bunshin
[14/9/2016 20:46:54] /goto Mokuton Bunshin
[14/9/2016 20:46:55] /goto Mokuton Bunshin
[14/9/2016 20:47:13] /t
[14/9/2016 20:52:19] /a 10
[14/9/2016 20:52:20] /a 10
[14/9/2016 20:52:20] /a 10
[14/9/2016 20:52:21] /a 10
[14/9/2016 20:52:21] /a 10
[14/9/2016 20:52:22] /a 10
[14/9/2016 20:52:22] /a 10
[14/9/2016 20:52:28] /a 10
[14/9/2016 20:52:29] /a 10
[14/9/2016 20:52:29] /a 10
[14/9/2016 20:52:30] /a 10
[14/9/2016 20:52:31] /a 10
[14/9/2016 20:52:31] /a 10
[14/9/2016 20:52:31] /a 10
[14/9/2016 20:52:32] /a 10
[14/9/2016 20:52:32] /a 10
[14/9/2016 20:52:32] /a 10
[14/9/2016 20:52:33] /a 10
[14/9/2016 20:52:34] /a 10
[14/9/2016 20:52:34] /a 10
[14/9/2016 20:52:34] /a 10
[14/9/2016 20:52:35] /a 10
[14/9/2016 20:52:36] /a 10
[14/9/2016 20:52:36] /a 10
[14/9/2016 20:52:37] /a 10
[14/9/2016 20:52:37] /a 10
[14/9/2016 20:52:38] /a 10
[14/9/2016 20:52:38] /a 10
[14/9/2016 20:52:39] /a 10
[14/9/2016 20:52:39] /a 10
[14/9/2016 20:52:40] /a 10
[14/9/2016 20:52:40] /a 10
[14/9/2016 20:52:41] /a 10
[14/9/2016 20:52:41] /a 10
[14/9/2016 20:52:42] /a 10
[14/9/2016 20:52:43] /a 10
[14/9/2016 20:52:45] /a 10
[14/9/2016 20:52:45] /a 10
[14/9/2016 20:52:45] /a 10
[14/9/2016 20:52:49] /t
[14/9/2016 20:52:49] /t
[14/9/2016 20:52:54] /a 100
[14/9/2016 20:53:2] /a 100
[14/9/2016 20:53:4] /a 100
[14/9/2016 20:53:5] /a 100
[14/9/2016 20:53:6] /a 100
[14/9/2016 20:53:9] /a 10
[14/9/2016 20:53:12] /a 10
[14/9/2016 20:53:13] /a 10
[14/9/2016 20:53:13] /a 10
[14/9/2016 20:53:14] /a 10
[14/9/2016 20:53:15] /a 10
[14/9/2016 20:53:15] /a 10
[14/9/2016 20:53:16] /a 10
[14/9/2016 20:53:17] /a 10
[14/9/2016 20:53:17] /a 10
[14/9/2016 20:53:21] /a 10
[14/9/2016 20:53:43] /t
[14/9/2016 21:1:18] /goto Isaac Newton
[14/9/2016 21:1:20] /goto Isaac Newton
[14/9/2016 21:1:21] /goto Isaac Newton
[14/9/2016 21:1:21] /goto Isaac Newton
[14/9/2016 21:1:22] /goto Isaac Newton
[14/9/2016 21:1:22] /goto Isaac Newton
[14/9/2016 21:1:23] /goto Isaac Newton
[14/9/2016 21:1:23] /goto Isaac Newton
[14/9/2016 21:1:24] /goto Isaac Newton
[14/9/2016 21:1:24] /goto Isaac Newton
[14/9/2016 21:1:25] /goto Isaac Newton
[14/9/2016 21:1:25] /goto Isaac Newton
[14/9/2016 21:1:26] /goto Isaac Newton
[14/9/2016 21:1:26] /goto Isaac Newton
[14/9/2016 21:1:28] /goto Isaac Newton
[14/9/2016 21:1:29] /goto Isaac Newton
[14/9/2016 21:1:30] /goto Isaac Newton
[14/9/2016 21:1:32] /goto Isaac Newton
[14/9/2016 21:1:32] /goto Isaac Newton
[14/9/2016 21:1:33] /goto Isaac Newton
[14/9/2016 21:1:34] /goto Isaac Newton
[14/9/2016 21:1:35] /goto Isaac Newton
[14/9/2016 21:1:35] /goto Isaac Newton
[14/9/2016 21:1:36] /goto Isaac Newton
[14/9/2016 21:1:42] /goto Isaac Newton
[14/9/2016 21:1:44] /goto Isaac Newton
[14/9/2016 21:1:46] /goto Isaac Newton
[14/9/2016 21:1:47] /goto Isaac Newton
[14/9/2016 21:1:53] /goto Isaac Newton
[14/9/2016 21:2:4] /goto Isaac Newton
[14/9/2016 21:2:5] /goto Isaac Newton
[14/9/2016 21:2:9] /goto Isaac Newton
[14/9/2016 21:2:10] /goto Isaac Newton
[14/9/2016 21:2:10] /goto Isaac Newton
[14/9/2016 21:2:11] /goto Isaac Newton
[14/9/2016 21:2:12] /goto Isaac Newton
[14/9/2016 21:2:21] /goto Isaac Newton
[14/9/2016 21:2:21] /goto Isaac Newton
[14/9/2016 21:2:22] /goto Isaac Newton
[14/9/2016 21:2:23] /goto Isaac Newton
[14/9/2016 21:2:27] /goto Isaac Newton
[14/9/2016 21:2:28] /goto Isaac Newton
[14/9/2016 21:2:29] /goto Isaac Newton
[14/9/2016 21:2:29] /goto Isaac Newton
[14/9/2016 21:2:30] /goto Isaac Newton
[14/9/2016 21:2:31] /goto Isaac Newton
[14/9/2016 21:2:45] /goto Isaac Newton
[14/9/2016 21:2:46] /goto Isaac Newton
[14/9/2016 21:2:47] /goto Isaac Newton
[14/9/2016 21:2:47] /goto Isaac Newton
[14/9/2016 21:2:48] /goto Isaac Newton
[14/9/2016 21:2:49] /goto Isaac Newton
[14/9/2016 21:2:54] /goto Isaac Newton
[14/9/2016 21:2:56] /goto Isaac Newton
[14/9/2016 21:3:12] /goto Alex Rushxzs
[14/9/2016 21:4:0] /t
[14/9/2016 21:4:56] /goto Galileu Galilei
[14/9/2016 21:4:59] /r
[14/9/2016 21:5:1] /t
[14/9/2016 21:5:6] /t Galileu Galilei
[14/9/2016 21:8:13] /goto Alex Rushxzs
[14/9/2016 21:8:17] /ghost
[14/9/2016 21:8:28] /a 5
[14/9/2016 21:8:30] /a 5
[14/9/2016 21:8:30] /a 5
[14/9/2016 21:8:32] /a 5
[14/9/2016 21:8:32] /a 5
[14/9/2016 21:8:33] /a 5
[14/9/2016 21:8:37] /a 5
[14/9/2016 21:8:37] /a 5
[14/9/2016 21:8:38] /a 5
[14/9/2016 21:8:39] /a 5
[14/9/2016 21:8:40] /a 5
[14/9/2016 21:8:41] /a 5
[14/9/2016 21:8:41] /a 5
[14/9/2016 21:8:42] /a 5
[14/9/2016 21:8:43] /a 5
[14/9/2016 21:8:43] /a 5
[14/9/2016 21:8:44] /a 5
[14/9/2016 21:8:47] /a 5
[14/9/2016 21:9:20] /a 5
[14/9/2016 21:9:21] /a 5
[14/9/2016 21:9:22] /a 5
[14/9/2016 21:9:22] /a 5
[14/9/2016 21:9:25] /a 5
[14/9/2016 21:9:26] /a 5
[14/9/2016 21:9:28] /a 5
[14/9/2016 21:9:29] /a 5
[14/9/2016 21:9:45] /ghost
[14/9/2016 21:9:49] /t
[14/9/2016 21:19:22] /goto Tobirama Boss
[14/9/2016 21:20:19] /t
[14/9/2016 21:36:51] /goto silk
[14/9/2016 21:36:53] /a 4
[14/9/2016 21:36:54] /a 4
[14/9/2016 21:36:55] /a 4
[14/9/2016 21:37:13] /goto tobi boss
[14/9/2016 21:37:22] /goto tobi boss
[14/9/2016 21:37:38] /m tobi boss
[14/9/2016 21:38:8] /t
[14/9/2016 21:39:53] /goto silk
[14/9/2016 21:40:8] /a 3
[14/9/2016 21:40:10] /a 3
[14/9/2016 21:40:12] /a 3
[14/9/2016 21:40:34] /a 20
[14/9/2016 21:40:36] /a 20
[14/9/2016 21:40:37] /a 20
[14/9/2016 21:40:41] /a 4
[14/9/2016 21:40:45] /t
[14/9/2016 21:45:55] /t Mokuton Bunshin
[14/9/2016 23:14:10] /ghost
[14/9/2016 23:14:11] /ghost
[14/9/2016 23:14:15] /goto dead space
[14/9/2016 23:14:49] /up
[14/9/2016 23:15:11] /t
[15/9/2016 0:55:49] /b madruga boa em rsrs
[15/9/2016 0:55:53] /ghost
[15/9/2016 0:55:59] /newtype 40
[15/9/2016 0:58:7] /newtype 142
[15/9/2016 0:59:31] /a 3
[15/9/2016 1:0:19] /t
[15/9/2016 1:0:28] /goto Senjuu Hashirama
[15/9/2016 1:1:39] /goto Vodka Do Trab
[15/9/2016 1:3:33] /b galera ta lag assim, por que como ta em teste, ta em um pc e net 50mb
[15/9/2016 1:3:42] /t
[15/9/2016 1:4:4] /goto Vodka Do Trab
[15/9/2016 1:4:20] /t
[15/9/2016 1:4:29] /b to indo dormi, amanha voltarei ai
[15/9/2016 1:4:32] /b to indo dormi, amanha voltarei ai
[15/9/2016 1:5:10] /b to indo dormi, amanha voltarei ai
[15/9/2016 9:50:13] /ghost
[15/9/2016 9:50:14] /ghost
[15/9/2016 9:50:44] /newtype 142
[15/9/2016 9:54:3] /ghost
[15/9/2016 10:3:56] /save
[15/9/2016 10:4:30] /b dei salve por isso travou
[15/9/2016 10:4:59] /b ja voltamos
[15/9/2016 11:40:30] /ghost
[15/9/2016 11:40:31] /ghost
[15/9/2016 11:40:39] /newtype 142
[15/9/2016 11:40:43] /goto katsu
[15/9/2016 11:40:48] /t
[15/9/2016 11:41:9] /goto bunshin
[15/9/2016 11:41:15] /t
[15/9/2016 11:41:36] /ghost
[15/9/2016 11:41:51] /a 3
[15/9/2016 13:29:42] /t Galileu Galilei 
[15/9/2016 17:25:14] /t Gordin
[15/9/2016 17:49:9] /ghost
[15/9/2016 17:49:13] /t Dead Space
[15/9/2016 23:0:30] /b Boa Noite, Duvidas no HELP !!! 
[15/9/2016 23:10:3] /b Para ter informação de task digite !task
[15/9/2016 23:12:1] /b DUVIDAS NO HELP
[15/9/2016 23:14:41] /b AVISO, Serve em modo BETA, não temos um Host por isso da umas travadas, mais qndo o server tiver 100% ON , vamos coloca um bom Host !!! 
[15/9/2016 23:16:15] /b AVISO, Serve em modo BETA, não temos um Host por isso da umas travadas, mais qndo o server tiver 100% ON , vamos coloca um bom Host !!! 
[15/9/2016 23:23:45] /b Traga sua Equipe de 5 Player's e ganhe um item VIP. 
[15/9/2016 23:26:2] /b Traga sua Equipe de 5 Player's e ganhe um item VIP. Não vale para MC's e todos os player tem quer esta LEVEL 250+
[15/9/2016 23:37:4] /b Vlw Galera bom UP e otima noite para vcs !
[16/9/2016 14:5:7] /goto sakura dead
[16/9/2016 14:5:21] /t
[16/9/2016 14:5:48] /goto sakura dead
[16/9/2016 14:6:3] /t
[16/9/2016 15:50:52] /ghost
[16/9/2016 15:50:54] /ghost
[16/9/2016 16:55:46] /ghost
[16/9/2016 16:56:0] /newtype 142
[16/9/2016 16:56:31] /goto Alex Rushxzs
[16/9/2016 16:56:34] /goto Alex Rushxzs
[16/9/2016 16:56:37] /t
[16/9/2016 16:57:58] /goto roman
[16/9/2016 16:58:9] /goto roman
[16/9/2016 16:58:37] /a 5
[16/9/2016 16:58:37] /a 5
[16/9/2016 16:58:37] /a 5
[16/9/2016 16:58:37] /a 5
[16/9/2016 16:58:37] /a 5
[16/9/2016 16:58:37] /a 5
[16/9/2016 16:58:37] /a 5
[16/9/2016 16:58:37] /a 5
[16/9/2016 16:58:37] /a 5
[16/9/2016 16:58:37] /a 5
[16/9/2016 16:58:38] /a 5
[16/9/2016 16:58:38] /a 5
[16/9/2016 16:58:38] /a 5
[16/9/2016 16:58:38] /a 5
[16/9/2016 16:58:38] /a 5
[16/9/2016 16:58:38] /a 5
[16/9/2016 16:58:38] /a 5
[16/9/2016 16:58:38] /a 5
[16/9/2016 16:58:38] /a 5
[16/9/2016 16:58:38] /a 5
[16/9/2016 16:58:38] /a 5
[16/9/2016 16:58:38] /a 5
[16/9/2016 16:58:38] /a 5
[16/9/2016 16:58:38] /a 5
[16/9/2016 16:58:38] /a 5
[16/9/2016 16:58:38] /a 5
[16/9/2016 16:58:38] /a 5
[16/9/2016 16:58:38] /a 5
[16/9/2016 16:58:38] /a 5
[16/9/2016 16:58:38] /a 5
[16/9/2016 16:58:38] /a 5
[16/9/2016 16:58:38] /a 5
[16/9/2016 16:58:38] /a 5
[16/9/2016 16:58:38] /a 5
[16/9/2016 16:58:38] /a 5
[16/9/2016 16:58:38] /a 5
[16/9/2016 16:58:38] /a 5
[16/9/2016 16:58:39] /a 5
[16/9/2016 16:58:39] /a 5
[16/9/2016 16:58:39] /a 5
[16/9/2016 16:58:39] /a 5
[16/9/2016 16:58:39] /a 5
[16/9/2016 16:58:39] /a 5
[16/9/2016 16:58:39] /a 5
[16/9/2016 16:58:40] /a 5
[16/9/2016 16:58:40] /a 5
[16/9/2016 16:58:40] /a 5
[16/9/2016 16:58:40] /a 5
[16/9/2016 16:58:40] /a 5
[16/9/2016 16:58:40] /a 5
[16/9/2016 16:58:40] /a 5
[16/9/2016 16:58:40] /a 5
[16/9/2016 16:58:41] /a 5
[16/9/2016 16:58:41] /a 5
[16/9/2016 16:58:41] /a 5
[16/9/2016 16:58:41] /a 5
[16/9/2016 16:58:41] /a 5
[16/9/2016 16:58:41] /a 5
[16/9/2016 16:58:41] /a 5
[16/9/2016 16:58:41] /a 5
[16/9/2016 16:58:41] /a 5
[16/9/2016 16:58:41] /a 5
[16/9/2016 16:58:42] /a 5
[16/9/2016 16:58:42] /a 5
[16/9/2016 16:58:42] /a 5
[16/9/2016 16:58:42] /a 5
[16/9/2016 16:58:42] /a 5
[16/9/2016 16:58:42] /a 5
[16/9/2016 16:58:42] /a 5
[16/9/2016 16:58:42] /a 5
[16/9/2016 16:58:42] /a 5
[16/9/2016 16:58:42] /a 5
[16/9/2016 16:58:42] /a 5
[16/9/2016 16:58:42] /a 5
[16/9/2016 16:58:42] /a 5
[16/9/2016 16:58:42] /a 5
[16/9/2016 16:58:42] /a 5
[16/9/2016 16:58:43] /a 5
[16/9/2016 16:58:43] /a 5
[16/9/2016 16:58:43] /a 5
[16/9/2016 16:58:43] /a 5
[16/9/2016 16:58:43] /a 5
[16/9/2016 16:58:43] /a 5
[16/9/2016 16:58:43] /a 5
[16/9/2016 16:58:43] /a 5
[16/9/2016 16:58:43] /a 5
[16/9/2016 16:58:43] /a 5
[16/9/2016 16:58:43] /a 5
[16/9/2016 16:58:43] /a 5
[16/9/2016 16:58:43] /a 5
[16/9/2016 16:58:43] /a 5
[16/9/2016 16:58:43] /a 5
[16/9/2016 16:58:43] /a 5
[16/9/2016 16:58:43] /a 5
[16/9/2016 16:58:44] /a 5
[16/9/2016 16:58:44] /a 5
[16/9/2016 16:58:44] /a 5
[16/9/2016 16:58:44] /a 5
[16/9/2016 16:58:44] /a 5
[16/9/2016 16:58:44] /a 5
[16/9/2016 16:58:44] /a 5
[16/9/2016 16:58:44] /a 5
[16/9/2016 16:58:44] /a 5
[16/9/2016 16:58:44] /a 5
[16/9/2016 16:58:44] /a 5
[16/9/2016 16:58:44] /a 5
[16/9/2016 16:58:44] /a 5
[16/9/2016 16:58:44] /a 5
[16/9/2016 16:58:44] /a 5
[16/9/2016 16:58:44] /a 5
[16/9/2016 16:58:45] /a 5
[16/9/2016 16:58:45] /a 5
[16/9/2016 16:58:45] /a 5
[16/9/2016 16:58:45] /a 5
[16/9/2016 16:58:45] /a 5
[16/9/2016 16:58:45] /a 5
[16/9/2016 16:58:45] /a 5
[16/9/2016 16:58:45] /a 5
[16/9/2016 16:58:46] /a 5
[16/9/2016 16:58:47] /a 5
[16/9/2016 16:58:47] /a 5
[16/9/2016 16:58:47] /a 5
[16/9/2016 16:58:47] /a 5
[16/9/2016 16:58:48] /a 5
[16/9/2016 16:58:48] /a 5
[16/9/2016 16:58:48] /a 5
[16/9/2016 16:58:48] /a 5
[16/9/2016 16:58:49] /a 5
[16/9/2016 16:58:49] /a 5
[16/9/2016 16:58:49] /a 5
[16/9/2016 16:58:49] /a 5
[16/9/2016 16:58:50] /a 5
[16/9/2016 16:58:51] /a 5
[16/9/2016 16:58:53] /a 5
[16/9/2016 16:58:53] /a 5
[16/9/2016 16:58:54] /a 5
[16/9/2016 16:58:55] /a 5
[16/9/2016 16:58:55] /a 5
[16/9/2016 16:58:56] /a 5
[16/9/2016 16:58:56] /a 5
[16/9/2016 16:58:56] /a 5
[16/9/2016 16:58:56] /a 5
[16/9/2016 16:58:56] /a 5
[16/9/2016 16:58:59] /a 5
[16/9/2016 16:58:59] /a 5
[16/9/2016 16:58:59] /a 5
[16/9/2016 16:58:59] /a 5
[16/9/2016 16:59:0] /a 5
[16/9/2016 16:59:1] /a 5
[16/9/2016 16:59:1] /a 5
[16/9/2016 16:59:1] /a 5
[16/9/2016 16:59:3] /a 5
[16/9/2016 16:59:3] /a 5
[16/9/2016 16:59:3] /a 5
[16/9/2016 16:59:3] /a 5
[16/9/2016 16:59:4] /a 5
[16/9/2016 16:59:4] /a 5
[16/9/2016 16:59:4] /a 5
[16/9/2016 16:59:4] /a 5
[16/9/2016 16:59:5] /a 5
[16/9/2016 16:59:13] /a 5
[16/9/2016 16:59:14] /a 5
[16/9/2016 16:59:14] /a 5
[16/9/2016 16:59:15] /a 5
[16/9/2016 16:59:15] /a 5
[16/9/2016 16:59:16] /a 5
[16/9/2016 16:59:17] /a 5
[16/9/2016 16:59:17] /a 5
[16/9/2016 16:59:20] /a 5
[16/9/2016 16:59:21] /a 5
[16/9/2016 16:59:47] /ghost
[16/9/2016 17:0:10] /t
[16/9/2016 17:0:18] /ghost
[16/9/2016 21:57:14] /ghost
[16/9/2016 21:57:23] /goto sakura dead
[16/9/2016 21:57:29] /a 2
[16/9/2016 21:57:32] /t
[16/9/2016 22:20:50] /goto sakura dead
[16/9/2016 22:21:2] /t
[17/9/2016 20:49:9] /ghost
[17/9/2016 20:49:14] /ghost
[17/9/2016 21:3:37] /b Boa noite, desculpa a demora na volta do serv. 
[17/9/2016 21:3:44] /b Boa noite, desculpa a demora na volta do serv. 
[17/9/2016 21:6:53] /b Duvidas no HELP
[17/9/2016 21:8:36] /goto Da Quebrada
[17/9/2016 21:8:40] /goto Da Quebrada
[17/9/2016 21:8:41] /goto Da Quebrada
[17/9/2016 21:8:42] /goto Da Quebrada
[17/9/2016 21:8:43] /goto Da Quebrada
[17/9/2016 21:8:48] /t
[17/9/2016 21:9:9] /t Alex Rushxzs 
[17/9/2016 21:9:51] /goto Alex Rushxzs 
[17/9/2016 21:10:5] /goto Alex Rushxzs 
[17/9/2016 21:10:7] /goto Alex Rushxzs 
[17/9/2016 21:10:7] /goto Alex Rushxzs 
[17/9/2016 21:10:8] /goto Alex Rushxzs 
[17/9/2016 21:10:9] /goto Alex Rushxzs 
[17/9/2016 21:10:9] /goto Alex Rushxzs 
[17/9/2016 21:10:10] /goto Alex Rushxzs 
[17/9/2016 21:10:10] /goto Alex Rushxzs 
[17/9/2016 21:10:11] /goto Alex Rushxzs 
[17/9/2016 21:10:12] /goto Alex Rushxzs 
[17/9/2016 21:10:12] /goto Alex Rushxzs 
[17/9/2016 21:10:13] /goto Alex Rushxzs 
[17/9/2016 21:10:13] /goto Alex Rushxzs 
[17/9/2016 21:10:14] /goto Alex Rushxzs 
[17/9/2016 21:10:14] /goto Alex Rushxzs 
[17/9/2016 21:10:15] /goto Alex Rushxzs 
[17/9/2016 21:10:15] /goto Alex Rushxzs 
[17/9/2016 21:10:16] /goto Alex Rushxzs 
[17/9/2016 21:10:17] /goto Alex Rushxzs 
[17/9/2016 21:10:17] /goto Alex Rushxzs 
[17/9/2016 21:10:18] /goto Alex Rushxzs 
[17/9/2016 21:10:19] /goto Alex Rushxzs 
[17/9/2016 21:10:19] /goto Alex Rushxzs 
[17/9/2016 21:10:20] /goto Alex Rushxzs 
[17/9/2016 21:10:21] /goto Alex Rushxzs 
[17/9/2016 21:10:33] /goto Alex Rushxzs 
[17/9/2016 21:10:34] /goto Alex Rushxzs 
[17/9/2016 21:10:35] /goto Alex Rushxzs 
[17/9/2016 21:10:38] /goto Alex Rushxzs 
[17/9/2016 21:10:41] /goto Alex Rushxzs 
[17/9/2016 21:10:42] /goto Alex Rushxzs 
[17/9/2016 21:10:43] /goto Alex Rushxzs 
[17/9/2016 21:10:56] /goto Alex Rushxzs 
[17/9/2016 21:10:59] /goto Alex Rushxzs 
[17/9/2016 21:11:15] /goto Alex Rushxzs 
[17/9/2016 21:11:32] /t
[17/9/2016 21:18:46] /r
[17/9/2016 21:19:14] /t
[17/9/2016 21:19:18] /goto Galileu Galilei
[17/9/2016 21:19:31] /goto Galileu Galilei
[17/9/2016 21:19:34] /goto Galileu Galilei
[17/9/2016 21:19:36] /goto Galileu Galilei
[17/9/2016 21:20:1] /t
[17/9/2016 21:20:14] /goto Galileu Galilei
[17/9/2016 21:20:20] /t
[17/9/2016 21:22:47] /t Dead Space
[17/9/2016 21:26:41] /b Duvidas no HELP
[17/9/2016 21:28:3] /t
[17/9/2016 21:28:8] /t Juninho
[17/9/2016 21:28:14] /t Juninho
[17/9/2016 21:28:16] /t Juninho
[17/9/2016 21:30:0] /b Duvidas no HELP
[17/9/2016 21:43:49] /goto viper
[17/9/2016 21:43:51] /a 2
[17/9/2016 21:43:57] /a 1
[17/9/2016 21:44:0] /t
[17/9/2016 21:45:40] /b 21:45 Rolona [336]: alguem pra fazer taks ou algu do tipo pm aki
[17/9/2016 21:52:42] /b Vou sair aqui jaja volto !!! 
[17/9/2016 21:55:25] /t Dead Space
[17/9/2016 22:4:16] /goto Veritas
[17/9/2016 22:4:21] /t
[17/9/2016 22:5:31] /goto Veritas
[17/9/2016 22:11:31] /t
[17/9/2016 22:12:33] /t
[17/9/2016 22:12:37] /r
[17/9/2016 22:16:23] /newtype 64
[17/9/2016 22:16:27] /newtype 311
[17/9/2016 22:16:29] /newtype 312
[17/9/2016 22:16:30] /newtype 313
[17/9/2016 22:16:31] /newtype 364
[17/9/2016 22:16:33] /newtype 364
[17/9/2016 22:16:34] /newtype 363
[17/9/2016 22:16:36] /newtype 362
[17/9/2016 22:16:37] /newtype 361
[17/9/2016 22:16:42] /newtype 350
[17/9/2016 22:16:43] /newtype 351
[17/9/2016 22:16:44] /newtype 352
[17/9/2016 22:16:45] /newtype 353
[17/9/2016 22:16:46] /newtype 354
[17/9/2016 22:16:48] /newtype 355
[17/9/2016 22:16:49] /newtype 356
[17/9/2016 22:16:50] /newtype 356
[17/9/2016 22:16:56] /newtype 231
[17/9/2016 22:16:58] /newtype 232
[17/9/2016 22:16:59] /newtype 234
[17/9/2016 22:17:0] /newtype 235
[17/9/2016 22:17:2] /newtype 2356
[17/9/2016 22:17:3] /newtype 236
[17/9/2016 22:17:4] /newtype 237
[17/9/2016 22:17:5] /newtype 238
[17/9/2016 22:17:6] /newtype 239
[17/9/2016 22:17:7] /newtype 230
[17/9/2016 22:17:11] /newtype 21
[17/9/2016 22:17:13] /newtype 78
[17/9/2016 22:17:17] /newtype 90
[17/9/2016 22:17:18] /newtype 91
[17/9/2016 22:17:20] /newtype 92
[17/9/2016 22:17:22] /newtype 93
[17/9/2016 22:17:24] /newtype 95
[17/9/2016 22:17:29] /newtype 171
[17/9/2016 22:17:31] /newtype 172
[17/9/2016 22:17:34] /newtype 179
[17/9/2016 22:17:38] /newtype 180
[17/9/2016 22:17:40] /newtype 181
[17/9/2016 22:17:43] /newtype 122
[17/9/2016 22:17:48] /newtype 121
[17/9/2016 22:17:49] /newtype 14
[17/9/2016 22:17:51] /newtype 145
[17/9/2016 22:17:54] /newtype 146
[17/9/2016 22:17:57] /newtype 145
[17/9/2016 22:18:5] /goto viper
[17/9/2016 22:18:10] /ghost
[17/9/2016 22:18:17] /ghost
[17/9/2016 22:18:20] /t
[17/9/2016 22:22:5] /ghost
[17/9/2016 22:22:36] /b galera eu ia fazer boss, mais nao tenho comando mode 2
[17/9/2016 22:22:41] /b pra deixa no-pvp
[17/9/2016 22:24:23] /b voces que boss, e promete nao mata um ao outro ??
[17/9/2016 22:25:31] /b vou por na areana, quem eu ver atkando o proximo, vou coloca no telhado
[17/9/2016 22:25:46] /b all areana
[17/9/2016 22:25:48] /r
[17/9/2016 22:25:50] /r
[17/9/2016 22:25:53] /r
[17/9/2016 22:25:53] /r
[17/9/2016 22:25:56] /r
[17/9/2016 22:25:59] /r
[17/9/2016 22:26:2] /r
[17/9/2016 22:26:34] /b all
[17/9/2016 22:26:53] /b esquece vey namoral, da nem pra fazer nada
[17/9/2016 22:27:10] /r
[17/9/2016 22:28:39] /t
[17/9/2016 22:28:41] /r
[17/9/2016 22:28:49] /b vai da certo nao kk
[17/9/2016 22:28:56] /b antes de eu coloca ja tavam se matando
[17/9/2016 22:29:21] /ghost
[18/9/2016 1:17:55] /newtype 287
[18/9/2016 1:18:0] /ghost
[18/9/2016 1:18:33] /newtype 287
[18/9/2016 1:19:27] /m training
[18/9/2016 1:19:36] /m trainer
[18/9/2016 1:19:59] /r
[18/9/2016 1:21:21] /m trainer
[18/9/2016 1:21:36] /r
[18/9/2016 1:21:45] /m trainer
[18/9/2016 1:21:59] /r
[18/9/2016 1:22:45] /r
[18/9/2016 1:22:48] /r
[18/9/2016 1:22:49] /r
[18/9/2016 1:23:29] /t
[18/9/2016 1:24:35] /b fica 1 minuto ai, depois tiro
[18/9/2016 1:24:38] /b cara enjuado
[18/9/2016 1:24:52] /goto Alex Rushxzs
[18/9/2016 1:25:18] /t
[18/9/2016 1:35:52] /newtype 142, Mondelight
[18/9/2016 1:36:32] /newtype 142
[18/9/2016 1:37:48] /newtype 287, Mondelight
[18/9/2016 1:38:5] /goto mondelight
[18/9/2016 1:38:5] /newtype 287, Mondelight
[18/9/2016 1:38:9] /t
[18/9/2016 1:40:52] /newtype 393
[18/9/2016 1:40:58] /goto Merith
[18/9/2016 10:51:45] /ghost
[18/9/2016 10:53:17] /goto tiu lu
[18/9/2016 10:53:19] /goto tiu lu
[18/9/2016 10:53:20] /goto tiu lu
[18/9/2016 10:53:22] /goto tiu lu
[18/9/2016 10:53:39] /ghost
[18/9/2016 10:54:31] /r
[18/9/2016 10:54:33] /r
[18/9/2016 10:56:51] /t
[18/9/2016 10:58:7] /ghost
[18/9/2016 11:3:58] /a 2
[18/9/2016 11:4:1] /up
[18/9/2016 11:4:4] /r
[18/9/2016 11:4:5] /r
[18/9/2016 11:4:7] /r
[18/9/2016 11:4:38] /t
[18/9/2016 11:44:19] /goto Hades
[18/9/2016 11:44:23] /t
[18/9/2016 11:45:21] /b Duvidas no HELP
[18/9/2016 12:7:2] /b JáJá volto vou almoça !!
[18/9/2016 13:27:43] /b Boa Tarde, Duvidas no HELP ! 
[18/9/2016 13:42:46] /b Duvidas no HELP ! 
[18/9/2016 13:47:45] /goto Tsunade
[18/9/2016 13:47:46] /goto Tsunade
[18/9/2016 13:47:47] /goto Tsunade
[18/9/2016 13:47:49] /goto Tsunade
[18/9/2016 13:47:49] /goto Tsunade
[18/9/2016 13:47:51] /goto Tsunade 1
[18/9/2016 13:52:23] /goto Tsunade
[18/9/2016 13:54:38] /t
[18/9/2016 14:8:46] /goto Mazamanios
[18/9/2016 14:8:51] /t
[18/9/2016 14:14:5] /goto Dead Space
[18/9/2016 14:14:12] /r
[18/9/2016 14:14:23] /t
[18/9/2016 15:31:2] /t silk
[18/9/2016 16:44:31] /goto alex~
[18/9/2016 16:44:49] /ghost
[18/9/2016 16:45:25] /a 2
[18/9/2016 16:45:26] /a 2
[18/9/2016 16:45:27] /a 2
[18/9/2016 16:45:57] /a 2
[18/9/2016 16:46:28] /a 2
[18/9/2016 16:46:44] /a 2
[18/9/2016 16:46:44] /a 2
[18/9/2016 16:47:1] /a 2
[18/9/2016 16:47:1] /a 2
[18/9/2016 16:47:1] /a 2
[18/9/2016 16:47:2] /a 2
[18/9/2016 16:47:18] /ghost
[18/9/2016 16:47:34] /down
[18/9/2016 16:47:35] /down
[18/9/2016 16:47:41] /down
[18/9/2016 16:48:2] /t
[18/9/2016 16:48:33] /goto alex~
[18/9/2016 16:48:34] /goto alex~
[18/9/2016 16:48:35] /goto alex~
[18/9/2016 16:48:36] /goto alex~
[18/9/2016 16:48:36] /goto alex~
[18/9/2016 16:48:37] /goto alex~
[18/9/2016 16:48:37] /goto alex~
[18/9/2016 16:48:38] /goto alex~
[18/9/2016 16:48:39] /goto alex~
[18/9/2016 16:48:39] /goto alex~
[18/9/2016 16:48:42] /goto alex~
[18/9/2016 16:48:43] /goto alex~
[18/9/2016 16:48:46] /goto alex~
[18/9/2016 16:48:47] /goto alex~
[18/9/2016 16:48:58] /t
[18/9/2016 16:49:0] /goto alex~
[18/9/2016 16:49:2] /goto alex~
[18/9/2016 16:49:3] /goto alex~
[18/9/2016 16:49:4] /goto alex~
[18/9/2016 16:49:6] /goto alex~
[18/9/2016 16:49:7] /goto alex~
[18/9/2016 16:49:8] /goto alex~
[18/9/2016 16:49:9] /goto alex~
[18/9/2016 16:49:10] /goto alex~
[18/9/2016 16:49:11] /goto alex~
[18/9/2016 16:49:19] /goto alex~
[18/9/2016 16:49:22] /goto alex~
[18/9/2016 16:49:24] /goto alex~
[18/9/2016 16:49:25] /goto alex~
[18/9/2016 16:49:26] /goto alex~
[18/9/2016 16:49:28] /goto alex~
[18/9/2016 16:49:30] /goto alex~
[18/9/2016 16:49:42] /t
[18/9/2016 16:50:12] /b DUVIDAS NO HELP
[18/9/2016 17:15:54] /b Duvidas no HELP!
[18/9/2016 17:21:33] /ghost
[18/9/2016 17:24:47] /r
[18/9/2016 17:27:29] /ghost
[18/9/2016 17:32:15] /goto Bliz the Day
[18/9/2016 17:33:30] /t
[18/9/2016 17:35:48] /goto silk
[18/9/2016 17:40:27] /t
[18/9/2016 17:41:44] /goto Guuh Eeh Lenda
[18/9/2016 17:41:46] /goto Guuh Eeh Lenda
[18/9/2016 17:41:47] /goto Guuh Eeh Lenda
[18/9/2016 17:41:48] /goto Guuh Eeh Lenda
[18/9/2016 17:41:50] /goto Guuh Eeh Lenda
[18/9/2016 17:41:54] /a 50
[18/9/2016 17:41:56] /a 50
[18/9/2016 17:41:59] /a 10
[18/9/2016 17:42:0] /a 10
[18/9/2016 17:42:1] /a 10
[18/9/2016 17:42:2] /a 10
[18/9/2016 17:42:6] /goto Guuh Eeh Lenda
[18/9/2016 17:42:14] /goto Master Shinob
[18/9/2016 17:42:17] /goto Master Shinobi
[18/9/2016 17:42:20] /goto Guuh Eeh Lenda
[18/9/2016 17:44:11] /t
[18/9/2016 17:52:44] /goto blitz~
[18/9/2016 17:52:46] /goto blitz~
[18/9/2016 17:52:53] /goto blit~
[18/9/2016 17:52:55] /goto blit~
[18/9/2016 17:53:4] /goto bliz~
[18/9/2016 17:53:7] /goto bliz~
[18/9/2016 17:53:7] /goto bliz~
[18/9/2016 17:53:8] /goto bliz~
[18/9/2016 17:53:9] /goto bliz~
[18/9/2016 17:53:9] /goto bliz~
[18/9/2016 17:53:9] /goto bliz~
[18/9/2016 17:53:10] /goto bliz~
[18/9/2016 17:53:10] /goto bliz~
[18/9/2016 17:53:11] /goto bliz~
[18/9/2016 17:53:12] /goto bliz~
[18/9/2016 17:53:12] /goto bliz~
[18/9/2016 17:53:13] /goto bliz~
[18/9/2016 17:53:13] /goto bliz~
[18/9/2016 17:53:14] /goto bliz~
[18/9/2016 17:53:15] /t
[18/9/2016 17:55:36] /t
[18/9/2016 17:55:41] /ghost
[18/9/2016 17:55:43] /ghost
[18/9/2016 18:2:50] /goto bliz~
[18/9/2016 18:2:52] /goto bliz~
[18/9/2016 18:2:53] /goto bliz~
[18/9/2016 18:3:12] /goto bliz~
[18/9/2016 18:3:13] /goto bliz~
[18/9/2016 18:3:20] /goto bliz~
[18/9/2016 18:3:21] /goto bliz~
[18/9/2016 18:3:23] /goto bliz~
[18/9/2016 18:3:25] /goto bliz~
[18/9/2016 18:6:30] /t
[18/9/2016 18:6:51] /goto bliz~
[18/9/2016 18:7:25] /goto sakura
[18/9/2016 18:7:42] /goto Guuh~
[18/9/2016 18:8:0] /t
[18/9/2016 18:8:16] /goto alex~
[18/9/2016 18:8:28] /t
[18/9/2016 18:8:42] /goto Queria Ser Madara
[18/9/2016 18:9:11] /t Queria Ser Madara
[18/9/2016 18:9:16] /t Sr Corvo
[18/9/2016 18:9:17] /t
[18/9/2016 18:10:32] /goto Queria Ser Madara
[18/9/2016 18:11:17] /t Sr Corvo
[18/9/2016 18:11:20] /t Queria Ser Madara
[18/9/2016 18:11:22] /t
[18/9/2016 18:13:27] /goto Alex Rushxzs
[18/9/2016 18:14:11] /t
[18/9/2016 18:14:27] /t Alex Rushxzs
[18/9/2016 18:14:35] /r
[18/9/2016 18:14:47] /goto Alex Rushxzs
[18/9/2016 18:14:53] /goto Alex Rushxzs
[18/9/2016 18:15:33] /goto Doctor
[18/9/2016 18:16:50] /t Flash Red
[18/9/2016 18:17:3] /t
[18/9/2016 18:24:44] /goto Alex~
[18/9/2016 18:27:2] /goto Alex~
[18/9/2016 18:27:8] /goto Alex~
[18/9/2016 18:27:9] /goto Alex~
[18/9/2016 18:27:10] /goto Alex~
[18/9/2016 18:27:11] /goto Alex~
[18/9/2016 18:27:14] /t
[18/9/2016 18:30:15] /goto Alex~
[18/9/2016 18:31:26] /goto Alex~
[18/9/2016 19:18:27] /goto da~
[18/9/2016 19:18:53] /r
[18/9/2016 19:18:54] /t
[18/9/2016 19:19:10] /goto Flash Red
[18/9/2016 19:19:18] /goto Flash Red
[18/9/2016 19:19:23] /r
[18/9/2016 19:19:25] /t
[19/9/2016 8:4:2] /ghost
[19/9/2016 8:6:5] /mc
[19/9/2016 16:14:13] /ghost
[19/9/2016 16:14:14] /ghost
[19/9/2016 16:14:15] /ghost
[19/9/2016 16:14:16] /ghost
[19/9/2016 16:14:35] /newtype 142
[19/9/2016 16:14:40] /mc
[19/9/2016 16:18:14] /a 2
[19/9/2016 16:21:19] /t
[19/9/2016 16:21:55] /b galerinha vamos se reunir no templo, pra um mata um boss ??
[19/9/2016 16:22:40] /goto Zeras
[19/9/2016 16:22:52] /t
[19/9/2016 16:23:5] /b boss na cidade, todos templo
[19/9/2016 16:23:51] /mode 2
[19/9/2016 16:23:53] /mode 1
[19/9/2016 16:24:0] /m obito
[19/9/2016 16:24:2] /ghost
[19/9/2016 16:26:22] /b boss no templo
[19/9/2016 16:28:31] /b gostaram ?
[19/9/2016 16:28:56] /ghost
[19/9/2016 16:29:9] /mode 2
[19/9/2016 16:33:56] /mc
[19/9/2016 16:41:37] /a 2
[19/9/2016 16:42:17] /t
[19/9/2016 16:42:43] /goto Hshpower
[19/9/2016 16:43:51] /t
[19/9/2016 16:44:17] /t
[19/9/2016 16:46:58] /a 2
[19/9/2016 16:47:26] /t
[19/9/2016 16:47:40] /newtype 142
[19/9/2016 16:47:42] /newtype 143
[19/9/2016 16:47:44] /newtype 144
[19/9/2016 16:47:45] /newtype 145
[19/9/2016 16:47:46] /newtype 146
[19/9/2016 16:47:47] /newtype 147
[19/9/2016 16:47:52] /newtype 236
[19/9/2016 16:53:23] /t
[19/9/2016 16:55:22] /goto Hshpower
[19/9/2016 16:55:45] /goto itchan
[19/9/2016 16:55:51] /a 2
[19/9/2016 16:55:53] /a 2
[19/9/2016 16:56:1] /a 3
[19/9/2016 16:56:2] /a 3
[19/9/2016 16:56:9] /c itchan
[19/9/2016 16:56:21] /up
[19/9/2016 16:56:22] /c itchan
[19/9/2016 16:57:15] /up
[19/9/2016 16:57:18] /goto itchan
[19/9/2016 16:57:29] /r
[19/9/2016 16:57:38] /r
[19/9/2016 16:57:39] /r
[19/9/2016 16:57:47] /i 3397
[19/9/2016 16:57:49] /a 3
[19/9/2016 16:58:19] /t
[19/9/2016 17:2:33] /t
[19/9/2016 17:4:5] /a 10
[19/9/2016 17:4:6] /a 10
[19/9/2016 17:4:6] /a 10
[19/9/2016 17:4:6] /a 10
[19/9/2016 17:4:6] /a 10
[19/9/2016 17:4:6] /a 10
[19/9/2016 17:4:6] /a 10
[19/9/2016 17:4:6] /a 10
[19/9/2016 17:4:6] /a 10
[19/9/2016 17:4:6] /a 10
[19/9/2016 17:4:6] /a 10
[19/9/2016 17:4:6] /a 10
[19/9/2016 17:4:6] /a 10
[19/9/2016 17:4:6] /a 10
[19/9/2016 17:4:7] /a 10
[19/9/2016 17:4:7] /a 10
[19/9/2016 17:4:7] /a 10
[19/9/2016 17:4:8] /a 10
[19/9/2016 17:4:8] /a 10
[19/9/2016 17:4:8] /a 10
[19/9/2016 17:4:10] /a 10
[19/9/2016 17:4:12] /a 10
[19/9/2016 17:4:13] /a 10
[19/9/2016 17:4:13] /a 10
[19/9/2016 17:4:19] /a 2
[19/9/2016 17:4:23] /a 10
[19/9/2016 17:4:27] /a 10
[19/9/2016 17:4:27] /a 10
[19/9/2016 17:4:27] /a 10
[19/9/2016 17:4:28] /a 10
[19/9/2016 17:4:29] /a 10
[19/9/2016 17:4:29] /a 10
[19/9/2016 17:4:30] /a 10
[19/9/2016 17:4:31] /a 10
[19/9/2016 17:4:31] /a 10
[19/9/2016 17:4:32] /a 10
[19/9/2016 17:4:32] /a 10
[19/9/2016 17:4:33] /a 10
[19/9/2016 17:4:33] /a 10
[19/9/2016 17:4:34] /a 10
[19/9/2016 17:4:35] /a 10
[19/9/2016 17:4:36] /a 10
[19/9/2016 17:4:37] /a 10
[19/9/2016 17:4:38] /a 10
[19/9/2016 17:4:47] /m tobi boss
[19/9/2016 17:5:28] /a 10
[19/9/2016 17:5:31] /a 1
[19/9/2016 17:5:33] /attr position 123 1338 7
[19/9/2016 17:5:38] /a 10
[19/9/2016 17:5:40] /a 1
[19/9/2016 17:5:44] /attr position 123 1338 7
[19/9/2016 17:5:46] /a 1
[19/9/2016 17:5:48] /attr position 123 1338 7
[19/9/2016 17:5:50] /a 1
[19/9/2016 17:5:51] /a 1
[19/9/2016 17:5:51] /a 1
[19/9/2016 17:5:53] /attr position 123 1338 7
[19/9/2016 17:6:5] /a 2
[19/9/2016 17:6:13] /t
[19/9/2016 17:20:2] /b galerinha vou da uma saida, mais tarde volto
[19/9/2016 17:20:13] /mc
[19/9/2016 20:28:25] /ghost
[19/9/2016 20:28:27] /ghost
[19/9/2016 20:28:55] /newtype 236
[19/9/2016 20:29:33] /mc
[19/9/2016 20:33:41] /b SITE: ntoabs.wixsite.com/ntoabs
[19/9/2016 20:33:44] /b SITE: ntoabs.wixsite.com/ntoabs
[19/9/2016 20:33:44] /b SITE: ntoabs.wixsite.com/ntoabs
[19/9/2016 20:36:11] /t
[19/9/2016 20:38:12] /b quem tive duvidas com o mapa, pode manda pm
[19/9/2016 20:38:53] /t
[19/9/2016 20:40:26] /goto Tiipow Minato
[19/9/2016 20:40:45] /t
[19/9/2016 20:41:16] /goto Kratuz
[19/9/2016 20:42:34] /t
[19/9/2016 20:49:15] /ghost
[19/9/2016 20:49:19] /a 1
[19/9/2016 20:52:38] /t
[19/9/2016 21:2:50] /t
[19/9/2016 21:42:30] /a 10
[19/9/2016 21:42:31] /a 10
[19/9/2016 21:42:31] /a 10
[19/9/2016 21:42:31] /a 10
[19/9/2016 21:42:31] /a 10
[19/9/2016 21:42:31] /a 10
[19/9/2016 21:42:31] /a 10
[19/9/2016 21:42:31] /a 10
[19/9/2016 21:42:31] /a 10
[19/9/2016 21:42:31] /a 10
[19/9/2016 21:42:40] /a 10
[19/9/2016 21:42:41] /a 10
[19/9/2016 21:42:41] /a 10
[19/9/2016 21:42:41] /a 10
[19/9/2016 21:42:41] /a 10
[19/9/2016 21:42:41] /a 10
[19/9/2016 21:42:41] /a 10
[19/9/2016 21:42:41] /a 10
[19/9/2016 21:42:41] /a 10
[19/9/2016 21:42:41] /a 10
[19/9/2016 21:42:41] /a 10
[19/9/2016 21:42:41] /a 10
[19/9/2016 21:42:41] /a 10
[19/9/2016 21:42:41] /a 10
[19/9/2016 21:42:41] /a 10
[19/9/2016 21:42:41] /a 10
[19/9/2016 21:42:41] /a 10
[19/9/2016 21:42:41] /a 10
[19/9/2016 21:42:42] /a 10
[19/9/2016 21:42:42] /a 10
[19/9/2016 21:42:43] /a 10
[19/9/2016 21:42:43] /a 10
[19/9/2016 21:42:43] /a 10
[19/9/2016 21:42:43] /a 10
[19/9/2016 21:42:43] /a 10
[19/9/2016 21:42:43] /a 10
[19/9/2016 21:42:43] /a 10
[19/9/2016 21:42:43] /a 10
[19/9/2016 21:42:43] /a 10
[19/9/2016 21:42:43] /a 10
[19/9/2016 21:42:43] /a 10
[19/9/2016 21:42:44] /a 10
[19/9/2016 21:42:44] /a 10
[19/9/2016 21:42:44] /a 10
[19/9/2016 21:42:44] /a 10
[19/9/2016 21:42:44] /a 10
[19/9/2016 21:42:44] /a 10
[19/9/2016 21:42:44] /a 10
[19/9/2016 21:42:44] /a 10
[19/9/2016 21:42:44] /a 10
[19/9/2016 21:42:44] /a 10
[19/9/2016 21:42:44] /a 10
[19/9/2016 21:42:44] /a 10
[19/9/2016 21:42:44] /a 10
[19/9/2016 21:42:44] /a 10
[19/9/2016 21:42:44] /a 10
[19/9/2016 21:42:44] /a 10
[19/9/2016 21:42:44] /a 10
[19/9/2016 21:42:44] /a 10
[19/9/2016 21:42:44] /a 10
[19/9/2016 21:42:44] /a 10
[19/9/2016 21:42:44] /a 10
[19/9/2016 21:42:44] /a 10
[19/9/2016 21:42:44] /a 10
[19/9/2016 21:42:45] /a 10
[19/9/2016 21:42:45] /a 10
[19/9/2016 21:42:45] /a 10
[19/9/2016 21:42:45] /a 10
[19/9/2016 21:42:45] /a 10
[19/9/2016 21:42:46] /a 10
[19/9/2016 21:42:46] /a 10
[19/9/2016 21:42:47] /a 10
[19/9/2016 21:42:47] /a 10
[19/9/2016 21:42:48] /a 10
[19/9/2016 21:43:7] /a 100
[19/9/2016 21:43:9] /a 150
[19/9/2016 21:43:11] /a 10
[19/9/2016 21:43:12] /a 10
[19/9/2016 21:43:13] /a 10
[19/9/2016 21:43:13] /a 10
[19/9/2016 21:43:14] /a 10
[19/9/2016 21:43:14] /a 10
[19/9/2016 21:43:14] /a 10
[19/9/2016 21:43:14] /a 10
[19/9/2016 21:43:15] /a 10
[19/9/2016 21:43:15] /a 10
[19/9/2016 21:43:15] /a 10
[19/9/2016 21:43:15] /a 10
[19/9/2016 21:43:16] /a 10
[19/9/2016 21:43:30] /a 150
[19/9/2016 21:43:31] /a 10
[19/9/2016 21:43:32] /a 10
[19/9/2016 21:43:32] /a 10
[19/9/2016 21:43:32] /a 10
[19/9/2016 21:43:32] /a 10
[19/9/2016 21:43:32] /a 10
[19/9/2016 21:43:32] /a 10
[19/9/2016 21:43:32] /a 10
[19/9/2016 21:43:32] /a 10
[19/9/2016 21:43:32] /a 10
[19/9/2016 21:43:32] /a 10
[19/9/2016 21:43:33] /a 10
[19/9/2016 21:43:36] /a 150
[19/9/2016 21:43:41] /a 50
[19/9/2016 21:43:43] /a 10
[19/9/2016 21:43:43] /a 10
[19/9/2016 21:43:43] /a 10
[19/9/2016 21:43:57] /c [gm] green
[19/9/2016 21:44:7] /c silk
[19/9/2016 21:44:10] /c dead space
[19/9/2016 21:44:18] /n absolut shop
[19/9/2016 21:45:3] /i obito mask
[19/9/2016 21:45:9] /i obito boots
[19/9/2016 21:45:22] /i obito tunic
[19/9/2016 21:45:42] /i obito legs
[19/9/2016 21:46:5] /r
[19/9/2016 21:47:50] /r
[19/9/2016 21:48:21] /r
[19/9/2016 21:48:29] /t silk
[19/9/2016 21:48:36] /t dead space
[19/9/2016 21:49:4] /t
[19/9/2016 22:43:13] /b 2 evento jaja
[19/9/2016 22:43:21] /b segundo evento jaja *
[19/9/2016 22:43:36] /b evento xp, no caso obito na city
[19/9/2016 22:51:16] /b 1 minuto pra volta pvp
[19/9/2016 23:18:41] /goto hades
[19/9/2016 23:19:26] /a 1
[19/9/2016 23:19:53] /t
[19/9/2016 23:31:52] /save
[19/9/2016 23:31:58] /goto hades
[19/9/2016 23:32:25] /newtype 236
[19/9/2016 23:32:26] /ghost
[19/9/2016 23:32:38] /a 2
[19/9/2016 23:32:43] /ghost
[19/9/2016 23:32:44] /t
[19/9/2016 23:35:58] /newtype 390
[19/9/2016 23:36:15] /newtype 389
[19/9/2016 23:38:23] /a 2
[19/9/2016 23:38:24] /a 2
[19/9/2016 23:38:24] /a 2
[19/9/2016 23:38:24] /a 2
[19/9/2016 23:38:25] /a 2
[19/9/2016 23:38:25] /a 2
[19/9/2016 23:38:25] /a 2
[19/9/2016 23:38:26] /a 2
[19/9/2016 23:38:26] /a 2
[19/9/2016 23:38:27] /a 2
[19/9/2016 23:38:28] /a 20
[19/9/2016 23:38:30] /a 20
[19/9/2016 23:38:31] /a 20
[19/9/2016 23:38:32] /a 20
[19/9/2016 23:38:33] /a 20
[19/9/2016 23:38:33] /a 20
[19/9/2016 23:38:34] /a 20
[19/9/2016 23:38:35] /a 20
[19/9/2016 23:38:36] /a 20
[19/9/2016 23:38:36] /a 20
[19/9/2016 23:38:44] /a 10
[19/9/2016 23:38:44] /a 10
[19/9/2016 23:38:45] /a 10
[19/9/2016 23:38:45] /a 10
[19/9/2016 23:38:45] /a 10
[19/9/2016 23:38:45] /a 10
[19/9/2016 23:38:45] /a 10
[19/9/2016 23:38:45] /a 10
[19/9/2016 23:38:45] /a 10
[19/9/2016 23:38:45] /a 10
[19/9/2016 23:38:45] /a 10
[19/9/2016 23:38:45] /a 10
[19/9/2016 23:38:45] /a 10
[19/9/2016 23:38:46] /a 10
[19/9/2016 23:38:46] /a 10
[19/9/2016 23:38:46] /a 10
[19/9/2016 23:38:47] /a 10
[19/9/2016 23:38:47] /a 10
[19/9/2016 23:38:47] /a 10
[19/9/2016 23:38:48] /a 10
[19/9/2016 23:38:48] /a 10
[19/9/2016 23:38:48] /a 10
[19/9/2016 23:38:48] /a 10
[19/9/2016 23:38:48] /a 10
[19/9/2016 23:38:48] /a 10
[19/9/2016 23:38:48] /a 10
[19/9/2016 23:38:48] /a 10
[19/9/2016 23:38:49] /a 10
[19/9/2016 23:38:49] /a 10
[19/9/2016 23:38:49] /a 10
[19/9/2016 23:38:50] /a 10
[19/9/2016 23:38:50] /a 10
[19/9/2016 23:38:50] /a 10
[19/9/2016 23:38:50] /a 10
[19/9/2016 23:38:50] /a 10
[19/9/2016 23:38:50] /a 10
[19/9/2016 23:38:51] /a 10
[19/9/2016 23:38:51] /a 10
[19/9/2016 23:38:52] /a 10
[19/9/2016 23:38:53] /a 10
[19/9/2016 23:38:53] /a 10
[19/9/2016 23:38:53] /a 10
[19/9/2016 23:38:53] /a 10
[19/9/2016 23:38:54] /a 10
[19/9/2016 23:38:54] /a 10
[19/9/2016 23:38:54] /a 10
[19/9/2016 23:38:54] /a 10
[19/9/2016 23:38:54] /a 10
[19/9/2016 23:38:54] /a 10
[19/9/2016 23:38:58] /a 2
[19/9/2016 23:39:4] /a 10
[19/9/2016 23:39:4] /a 10
[19/9/2016 23:39:4] /a 10
[19/9/2016 23:39:4] /a 10
[19/9/2016 23:39:4] /a 10
[19/9/2016 23:39:4] /a 10
[19/9/2016 23:39:4] /a 10
[19/9/2016 23:39:5] /a 10
[19/9/2016 23:39:5] /a 10
[19/9/2016 23:39:5] /a 10
[19/9/2016 23:39:5] /a 10
[19/9/2016 23:39:5] /a 10
[19/9/2016 23:39:5] /a 10
[19/9/2016 23:39:5] /a 10
[19/9/2016 23:39:5] /a 10
[19/9/2016 23:39:5] /a 10
[19/9/2016 23:39:5] /a 10
[19/9/2016 23:39:5] /a 10
[19/9/2016 23:39:5] /a 10
[19/9/2016 23:39:6] /a 10
[19/9/2016 23:39:6] /a 10
[19/9/2016 23:39:6] /a 10
[19/9/2016 23:39:7] /a 10
[19/9/2016 23:39:8] /a 10
[19/9/2016 23:39:8] /a 10
[19/9/2016 23:39:8] /a 10
[19/9/2016 23:39:8] /a 10
[19/9/2016 23:39:8] /a 10
[19/9/2016 23:39:8] /a 10
[19/9/2016 23:39:8] /a 10
[19/9/2016 23:39:8] /a 10
[19/9/2016 23:39:8] /a 10
[19/9/2016 23:39:8] /a 10
[19/9/2016 23:39:8] /a 10
[19/9/2016 23:39:8] /a 10
[19/9/2016 23:39:8] /a 10
[19/9/2016 23:39:9] /a 10
[19/9/2016 23:39:9] /a 10
[19/9/2016 23:39:9] /a 10
[19/9/2016 23:39:9] /a 10
[19/9/2016 23:39:9] /a 10
[19/9/2016 23:39:9] /a 10
[19/9/2016 23:39:9] /a 10
[19/9/2016 23:39:9] /a 10
[19/9/2016 23:39:9] /a 10
[19/9/2016 23:39:9] /a 10
[19/9/2016 23:39:9] /a 10
[19/9/2016 23:39:11] /a 10
[19/9/2016 23:39:12] /a 10
[19/9/2016 23:39:12] /a 10
[19/9/2016 23:39:14] /a 50
[19/9/2016 23:39:16] /a 10
[19/9/2016 23:39:18] /a 10
[19/9/2016 23:39:18] /a 10
[19/9/2016 23:39:40] /i 2730
[19/9/2016 23:39:41] /i 2730
[19/9/2016 23:39:44] /i 2730
[19/9/2016 23:39:45] /i 2730
[19/9/2016 23:39:46] /i 2730
[19/9/2016 23:39:50] /i 2730
[19/9/2016 23:39:51] /i 2730
[19/9/2016 23:39:55] /i 2730
[19/9/2016 23:39:56] /i 2730
[19/9/2016 23:39:57] /i 2730
[19/9/2016 23:40:1] /i 2730
[19/9/2016 23:40:1] /i 2730
[19/9/2016 23:40:2] /i 2730
[19/9/2016 23:40:2] /i 2730
[19/9/2016 23:40:5] /i 2730
[19/9/2016 23:40:5] /i 2730
[19/9/2016 23:40:6] /i 2730
[19/9/2016 23:40:8] /i 2730
[19/9/2016 23:40:8] /i 2730
[19/9/2016 23:40:9] /i 2730
[19/9/2016 23:40:9] /i 2730
[19/9/2016 23:40:10] /i 2730
[19/9/2016 23:40:10] /i 2730
[19/9/2016 23:40:11] /i 2730
[19/9/2016 23:40:11] /i 2730
[19/9/2016 23:40:12] /i 2730
[19/9/2016 23:40:12] /i 2730
[19/9/2016 23:40:13] /i 2730
[19/9/2016 23:40:15] /r
[19/9/2016 23:40:17] /r
[19/9/2016 23:40:20] /i 2730
[19/9/2016 23:40:21] /i 2730
[19/9/2016 23:40:21] /i 2730
[19/9/2016 23:40:22] /i 2730
[19/9/2016 23:40:22] /i 2730
[19/9/2016 23:40:23] /i 2730
[19/9/2016 23:40:23] /i 2730
[19/9/2016 23:40:25] /i 2730
[19/9/2016 23:40:26] /i 2730
[19/9/2016 23:40:26] /i 2730
[19/9/2016 23:40:27] /i 2730
[19/9/2016 23:40:27] /i 2730
[19/9/2016 23:40:28] /i 2730
[19/9/2016 23:40:28] /i 2730
[19/9/2016 23:40:29] /i 2730
[19/9/2016 23:40:30] /i 2730
[19/9/2016 23:40:30] /i 2730
[19/9/2016 23:40:31] /i 2730
[19/9/2016 23:40:31] /i 2730
[19/9/2016 23:40:32] /i 2730
[19/9/2016 23:40:32] /i 2730
[19/9/2016 23:40:32] /i 2730
[19/9/2016 23:40:33] /i 2730
[19/9/2016 23:40:34] /i 2730
[19/9/2016 23:40:34] /i 2730
[19/9/2016 23:40:35] /i 2730
[19/9/2016 23:40:35] /i 2730
[19/9/2016 23:40:36] /i 2730
[19/9/2016 23:40:38] /i 2730
[19/9/2016 23:40:38] /i 2730
[19/9/2016 23:40:41] /a 2
[19/9/2016 23:40:45] /i 2730
[19/9/2016 23:40:46] /i 2730
[19/9/2016 23:40:47] /i 2730
[19/9/2016 23:40:48] /i 2730
[19/9/2016 23:40:48] /i 2730
[19/9/2016 23:40:48] /i 2730
[19/9/2016 23:40:48] /i 2730
[19/9/2016 23:40:49] /i 2730
[19/9/2016 23:40:49] /i 2730
[19/9/2016 23:40:49] /i 2730
[19/9/2016 23:40:51] /i 2730
[19/9/2016 23:40:51] /i 2730
[19/9/2016 23:40:52] /i 2730
[19/9/2016 23:40:52] /i 2730
[19/9/2016 23:40:53] /i 2730
[19/9/2016 23:40:53] /i 2730
[19/9/2016 23:40:53] /i 2730
[19/9/2016 23:40:54] /i 2730
[19/9/2016 23:40:54] /i 2730
[19/9/2016 23:40:54] /i 2730
[19/9/2016 23:40:55] /i 2730
[19/9/2016 23:40:56] /i 2730
[19/9/2016 23:40:57] /i 2730
[19/9/2016 23:41:4] /r
[19/9/2016 23:41:7] /a 2
[19/9/2016 23:41:18] /t
[19/9/2016 23:41:19] /up
[19/9/2016 23:41:20] /up
[19/9/2016 23:41:32] /i 1387
[19/9/2016 23:41:45] /attr position 1373 1068 7
[19/9/2016 23:41:54] /a 2
[19/9/2016 23:41:59] /t
[19/9/2016 23:42:32] /i 1645
[19/9/2016 23:42:35] /r
[19/9/2016 23:42:36] /t
[19/9/2016 23:42:38] /up
[19/9/2016 23:42:38] /up
[19/9/2016 23:43:14] /i 1645
[19/9/2016 23:43:46] /r
[19/9/2016 23:44:12] /i 1988
[19/9/2016 23:44:20] /r
[19/9/2016 23:44:22] /i 1988
[19/9/2016 23:44:26] /i 1988
[19/9/2016 23:44:29] /i 1988
[19/9/2016 23:44:30] /i 1988
[19/9/2016 23:44:33] /i 1988
[19/9/2016 23:44:35] /i 1988
[19/9/2016 23:44:37] /i 1988
[19/9/2016 23:44:41] /r
[19/9/2016 23:44:43] /i 1988
[19/9/2016 23:44:46] /i 1988
[19/9/2016 23:44:55] /i 1989
[19/9/2016 23:45:11] /i konoha backpack
[19/9/2016 23:45:20] /i 1999
[19/9/2016 23:45:25] /i 1999
[19/9/2016 23:45:27] /i 1999
[19/9/2016 23:45:29] /i 1999
[19/9/2016 23:45:31] /i 1999
[19/9/2016 23:45:36] /i 1999
[19/9/2016 23:45:37] /i 1999
[19/9/2016 23:45:39] /i 1999
[19/9/2016 23:45:43] /i 1999
[19/9/2016 23:45:45] /i 1999
[19/9/2016 23:45:49] /i 1999
[19/9/2016 23:45:55] /i 1988
[19/9/2016 23:45:58] /i 1988
[19/9/2016 23:46:9] /a 2
[19/9/2016 23:46:11] /r
[19/9/2016 23:46:13] /a 2
[19/9/2016 23:46:22] /t
[19/9/2016 23:46:28] /up
[19/9/2016 23:46:29] /up
[19/9/2016 23:46:38] /i 1387
[19/9/2016 23:46:43] /t
[19/9/2016 23:46:44] /up
[19/9/2016 23:46:45] /up
[19/9/2016 23:46:50] /t
[19/9/2016 23:47:21] /up
[19/9/2016 23:47:22] /up
[19/9/2016 23:47:27] /up
[19/9/2016 23:47:37] /a 2
[19/9/2016 23:47:40] /attr position 1007 869 5
[19/9/2016 23:47:45] /up
[19/9/2016 23:47:45] /up
[19/9/2016 23:47:48] /up
[19/9/2016 23:47:49] /up
[19/9/2016 23:48:9] /a 1
[19/9/2016 23:48:10] /r
[19/9/2016 23:48:14] /i 1387
[19/9/2016 23:48:18] /attr position 1007 869 5
[19/9/2016 23:48:20] /r
[19/9/2016 23:48:28] /i 2730
[19/9/2016 23:51:4] /newtype 236
[19/9/2016 23:51:22] /up
[19/9/2016 23:51:23] /up
[19/9/2016 23:51:26] /up
[19/9/2016 23:53:2] /b galerinha, vamo fazer um evento de bp, com itens vips, e gold, se de sorte
[19/9/2016 23:53:20] /b jaja vou coloca um tp no templo
[19/9/2016 23:53:47] /b vai ter partes de set vip, do de skill, ml e de defesa
[19/9/2016 23:54:3] /a 2
[19/9/2016 23:54:14] /i madara lehs
[19/9/2016 23:54:17] /i madara legs
[19/9/2016 23:54:34] /i obito armor
[19/9/2016 23:54:38] /i obito boots
[19/9/2016 23:55:0] /i hashirama legs
[19/9/2016 23:55:10] /i hashirama armor
[19/9/2016 23:55:26] /i hashirama calma mano
[19/9/2016 23:55:32] /t Jaotheking
[19/9/2016 23:55:32] /t
[19/9/2016 23:55:34] /up
[19/9/2016 23:55:35] /up
[19/9/2016 23:55:38] /t
[19/9/2016 23:55:41] /up
[19/9/2016 23:55:43] /up
[19/9/2016 23:55:45] /r
[19/9/2016 23:55:52] /b quando tive pronto eu aviso
[19/9/2016 23:55:58] /goto [gm] green
[19/9/2016 23:56:9] /ghost
[19/9/2016 23:56:28] /i madara hat
[19/9/2016 23:56:32] /i madara helmet
[19/9/2016 23:56:41] /i obito hat
[19/9/2016 23:56:44] /i obito helmet
[19/9/2016 23:56:52] /i hashirama hat
[19/9/2016 23:57:4] /i hashirama boots
[19/9/2016 23:57:9] /i hashirama armor
[19/9/2016 23:57:15] /i hashirama helmet
[19/9/2016 23:57:34] /n absolut shop
[19/9/2016 23:58:10] /i 3043
[19/9/2016 23:58:16] /i gold bar
[19/9/2016 23:58:18] /i gold bar
[19/9/2016 23:58:18] /i gold bar
[19/9/2016 23:58:19] /i gold bar
[19/9/2016 23:58:19] /i gold bar
[19/9/2016 23:58:19] /i gold bar
[19/9/2016 23:58:20] /i gold bar
[19/9/2016 23:58:20] /i gold bar
[19/9/2016 23:58:20] /i gold bar
[19/9/2016 23:58:21] /i gold bar
[19/9/2016 23:58:21] /i gold bar
[19/9/2016 23:58:22] /i gold bar
[19/9/2016 23:58:29] /i gold bar
[19/9/2016 23:58:30] /i gold bar
[19/9/2016 23:58:30] /i gold bar
[19/9/2016 23:58:32] /i gold bar
[19/9/2016 23:58:32] /i gold bar
[19/9/2016 23:58:32] /i gold bar
[19/9/2016 23:58:34] /i gold bar
[19/9/2016 23:58:35] /i gold bar
[19/9/2016 23:58:36] /i gold bar
[19/9/2016 23:58:36] /i gold bar
[19/9/2016 23:59:15] /i gold bar
[19/9/2016 23:59:16] /i gold bar
[19/9/2016 23:59:16] /i gold bar
[19/9/2016 23:59:16] /i gold bar
[19/9/2016 23:59:16] /i gold bar
[19/9/2016 23:59:16] /i gold bar
[19/9/2016 23:59:16] /i gold bar
[19/9/2016 23:59:16] /i gold bar
[19/9/2016 23:59:16] /i gold bar
[19/9/2016 23:59:16] /i gold bar
[19/9/2016 23:59:21] /i gold bar
[19/9/2016 23:59:21] /i gold bar
[19/9/2016 23:59:21] /i gold bar
[19/9/2016 23:59:21] /i gold bar
[19/9/2016 23:59:21] /i gold bar
[19/9/2016 23:59:21] /i gold bar
[19/9/2016 23:59:22] /i gold bar
[19/9/2016 23:59:22] /i gold bar
[19/9/2016 23:59:22] /i gold bar
[19/9/2016 23:59:22] /i gold bar
[19/9/2016 23:59:22] /i gold bar
[19/9/2016 23:59:22] /i gold bar
[19/9/2016 23:59:22] /i gold bar
[19/9/2016 23:59:22] /i gold bar
[19/9/2016 23:59:22] /i gold bar
[19/9/2016 23:59:22] /i gold bar
[19/9/2016 23:59:22] /i gold bar
[19/9/2016 23:59:29] /i gold bar
[19/9/2016 23:59:29] /i gold bar
[19/9/2016 23:59:29] /i gold bar
[19/9/2016 23:59:30] /i gold bar
[19/9/2016 23:59:30] /i gold bar
[19/9/2016 23:59:30] /i gold bar
[19/9/2016 23:59:30] /i gold bar
[19/9/2016 23:59:30] /i gold bar
[19/9/2016 23:59:30] /i gold bar
[19/9/2016 23:59:30] /i gold bar
[19/9/2016 23:59:30] /i gold bar
[19/9/2016 23:59:30] /i gold bar
[19/9/2016 23:59:34] /i gold bar
[19/9/2016 23:59:34] /i gold bar
[19/9/2016 23:59:34] /i gold bar
[19/9/2016 23:59:34] /i gold bar
[19/9/2016 23:59:34] /i gold bar
[19/9/2016 23:59:34] /i gold bar
[19/9/2016 23:59:34] /i gold bar
[19/9/2016 23:59:34] /i gold bar
[19/9/2016 23:59:34] /i gold bar
[19/9/2016 23:59:34] /i gold bar
[19/9/2016 23:59:34] /i gold bar
[19/9/2016 23:59:34] /i gold bar
[19/9/2016 23:59:34] /i gold bar
[19/9/2016 23:59:42] /i gold bar
[19/9/2016 23:59:43] /i gold bar
[19/9/2016 23:59:43] /i gold bar
[19/9/2016 23:59:43] /i gold bar
[19/9/2016 23:59:43] /i gold bar
[19/9/2016 23:59:43] /i gold bar
[19/9/2016 23:59:43] /i gold bar
[19/9/2016 23:59:43] /i gold bar
[19/9/2016 23:59:43] /i gold bar
[19/9/2016 23:59:43] /i gold bar
[19/9/2016 23:59:43] /i gold bar
[19/9/2016 23:59:43] /i gold bar
[19/9/2016 23:59:43] /i gold bar
[20/9/2016 0:0:0] /i gold bar
[20/9/2016 0:0:0] /i gold bar
[20/9/2016 0:0:0] /i gold bar
[20/9/2016 0:0:0] /i gold bar
[20/9/2016 0:0:0] /i gold bar
[20/9/2016 0:0:0] /i gold bar
[20/9/2016 0:0:0] /i gold bar
[20/9/2016 0:0:0] /i gold bar
[20/9/2016 0:0:0] /i gold bar
[20/9/2016 0:0:0] /i gold bar
[20/9/2016 0:0:1] /i gold bar
[20/9/2016 0:0:1] /i gold bar
[20/9/2016 0:0:1] /i gold bar
[20/9/2016 0:0:1] /i gold bar
[20/9/2016 0:0:1] /i gold bar
[20/9/2016 0:0:1] /i gold bar
[20/9/2016 0:0:1] /i gold bar
[20/9/2016 0:0:17] /b falta pouco, tem ate bp de stamina, gold e partes de set
[20/9/2016 0:0:23] /a 10
[20/9/2016 0:0:26] /a 10
[20/9/2016 0:0:28] /i gold bar
[20/9/2016 0:0:29] /i gold bar
[20/9/2016 0:0:29] /i gold bar
[20/9/2016 0:0:29] /i gold bar
[20/9/2016 0:0:29] /i gold bar
[20/9/2016 0:0:29] /i gold bar
[20/9/2016 0:0:29] /i gold bar
[20/9/2016 0:0:29] /i gold bar
[20/9/2016 0:0:29] /i gold bar
[20/9/2016 0:0:29] /i gold bar
[20/9/2016 0:0:29] /i gold bar
[20/9/2016 0:0:29] /i gold bar
[20/9/2016 0:0:29] /i gold bar
[20/9/2016 0:0:29] /i gold bar
[20/9/2016 0:0:29] /i gold bar
[20/9/2016 0:0:29] /i gold bar
[20/9/2016 0:0:43] /i 2195
[20/9/2016 0:0:45] /i 2195
[20/9/2016 0:0:45] /i 2195
[20/9/2016 0:0:45] /i 2195
[20/9/2016 0:0:45] /i 2195
[20/9/2016 0:0:45] /i 2195
[20/9/2016 0:0:46] /i 2195
[20/9/2016 0:0:46] /i 2195
[20/9/2016 0:0:46] /i 2195
[20/9/2016 0:0:46] /i 2195
[20/9/2016 0:0:47] /i 2195
[20/9/2016 0:0:47] /i 2195
[20/9/2016 0:0:47] /i 2195
[20/9/2016 0:0:47] /i 2195
[20/9/2016 0:0:48] /i 2195
[20/9/2016 0:0:48] /i 2195
[20/9/2016 0:0:48] /i 2195
[20/9/2016 0:0:48] /i 2195
[20/9/2016 0:0:48] /i 2195
[20/9/2016 0:0:49] /i 2195
[20/9/2016 0:0:49] /i 2195
[20/9/2016 0:0:49] /i 2195
[20/9/2016 0:1:0] /i 2195
[20/9/2016 0:1:1] /i 2195
[20/9/2016 0:1:1] /i 2195
[20/9/2016 0:1:1] /i 2195
[20/9/2016 0:1:1] /i 2195
[20/9/2016 0:1:1] /i 2195
[20/9/2016 0:1:1] /i 2195
[20/9/2016 0:1:2] /i 2195
[20/9/2016 0:1:2] /i 2195
[20/9/2016 0:1:2] /i 2195
[20/9/2016 0:1:8] /i 2195
[20/9/2016 0:1:9] /i 2195
[20/9/2016 0:1:9] /i 2195
[20/9/2016 0:1:9] /i 2195
[20/9/2016 0:1:9] /i 2195
[20/9/2016 0:1:9] /i 2195
[20/9/2016 0:1:9] /i 2195
[20/9/2016 0:1:10] /i 2195
[20/9/2016 0:1:10] /i 2195
[20/9/2016 0:1:10] /i 2195
[20/9/2016 0:1:10] /i 2195
[20/9/2016 0:1:10] /i 2195
[20/9/2016 0:1:14] /i 2195
[20/9/2016 0:1:14] /i 2195
[20/9/2016 0:1:14] /i 2195
[20/9/2016 0:1:15] /i 2195
[20/9/2016 0:1:15] /i 2195
[20/9/2016 0:1:15] /i 2195
[20/9/2016 0:1:15] /i 2195
[20/9/2016 0:1:15] /i 2195
[20/9/2016 0:1:15] /i 2195
[20/9/2016 0:1:15] /i 2195
[20/9/2016 0:1:29] /i 2195
[20/9/2016 0:1:29] /i 2195
[20/9/2016 0:1:29] /i 2195
[20/9/2016 0:1:29] /i 2195
[20/9/2016 0:1:30] /i 2195
[20/9/2016 0:1:30] /i 2195
[20/9/2016 0:1:30] /i 2195
[20/9/2016 0:1:30] /i 2195
[20/9/2016 0:1:30] /i 2195
[20/9/2016 0:1:30] /i 2195
[20/9/2016 0:1:31] /i 2195
[20/9/2016 0:1:31] /i 2195
[20/9/2016 0:1:31] /i 2195
[20/9/2016 0:1:31] /i 2195
[20/9/2016 0:1:31] /i 2195
[20/9/2016 0:1:46] /i gold bar
[20/9/2016 0:1:46] /i gold bar
[20/9/2016 0:1:46] /i gold bar
[20/9/2016 0:1:46] /i gold bar
[20/9/2016 0:1:46] /i gold bar
[20/9/2016 0:1:46] /i gold bar
[20/9/2016 0:2:29] /i gold bar
[20/9/2016 0:2:29] /i gold bar
[20/9/2016 0:2:29] /i gold bar
[20/9/2016 0:2:29] /i gold bar
[20/9/2016 0:2:29] /i gold bar
[20/9/2016 0:2:29] /i gold bar
[20/9/2016 0:2:29] /i gold bar
[20/9/2016 0:2:29] /i gold bar
[20/9/2016 0:2:29] /i gold bar
[20/9/2016 0:2:29] /i gold bar
[20/9/2016 0:2:29] /i gold bar
[20/9/2016 0:2:30] /i gold bar
[20/9/2016 0:2:41] /i gold bar
[20/9/2016 0:2:41] /i gold bar
[20/9/2016 0:2:42] /i gold bar
[20/9/2016 0:2:42] /i gold bar
[20/9/2016 0:2:42] /i gold bar
[20/9/2016 0:2:42] /i gold bar
[20/9/2016 0:2:42] /i gold bar
[20/9/2016 0:2:42] /i gold bar
[20/9/2016 0:2:42] /i gold bar
[20/9/2016 0:2:42] /i gold bar
[20/9/2016 0:2:42] /i gold bar
[20/9/2016 0:2:42] /i gold bar
[20/9/2016 0:2:42] /i gold bar
[20/9/2016 0:2:42] /i gold bar
[20/9/2016 0:2:42] /i gold bar
[20/9/2016 0:3:13] /a 2
[20/9/2016 0:3:15] /i gold bar
[20/9/2016 0:3:16] /i gold bar
[20/9/2016 0:3:17] /i gold bar
[20/9/2016 0:3:17] /i gold bar
[20/9/2016 0:3:17] /i gold bar
[20/9/2016 0:3:18] /i gold bar
[20/9/2016 0:3:18] /i gold bar
[20/9/2016 0:3:18] /i gold bar
[20/9/2016 0:3:18] /i gold bar
[20/9/2016 0:3:18] /i gold bar
[20/9/2016 0:3:19] /i gold bar
[20/9/2016 0:3:19] /i gold bar
[20/9/2016 0:3:19] /i gold bar
[20/9/2016 0:3:19] /i gold bar
[20/9/2016 0:3:19] /i gold bar
[20/9/2016 0:3:20] /i gold bar
[20/9/2016 0:3:20] /i gold bar
[20/9/2016 0:3:20] /i gold bar
[20/9/2016 0:3:20] /i gold bar
[20/9/2016 0:3:20] /i gold bar
[20/9/2016 0:3:21] /i gold bar
[20/9/2016 0:3:21] /i gold bar
[20/9/2016 0:3:21] /i gold bar
[20/9/2016 0:3:21] /i gold bar
[20/9/2016 0:3:21] /i gold bar
[20/9/2016 0:3:22] /i gold bar
[20/9/2016 0:3:22] /i gold bar
[20/9/2016 0:3:22] /i gold bar
[20/9/2016 0:3:23] /i gold bar
[20/9/2016 0:3:23] /i gold bar
[20/9/2016 0:3:23] /i gold bar
[20/9/2016 0:3:23] /i gold bar
[20/9/2016 0:3:23] /i gold bar
[20/9/2016 0:3:24] /i gold bar
[20/9/2016 0:3:24] /i gold bar
[20/9/2016 0:3:24] /i gold bar
[20/9/2016 0:3:25] /i gold bar
[20/9/2016 0:3:25] /i gold bar
[20/9/2016 0:3:26] /i gold bar
[20/9/2016 0:3:27] /i gold bar
[20/9/2016 0:3:28] /i gold bar
[20/9/2016 0:3:28] /i gold bar
[20/9/2016 0:3:29] /i gold bar
[20/9/2016 0:3:29] /i gold bar
[20/9/2016 0:3:30] /i gold bar
[20/9/2016 0:3:30] /i gold bar
[20/9/2016 0:3:31] /i gold bar
[20/9/2016 0:3:31] /i gold bar
[20/9/2016 0:3:33] /i gold bar
[20/9/2016 0:3:33] /i gold bar
[20/9/2016 0:3:33] /i gold bar
[20/9/2016 0:3:34] /i gold bar
[20/9/2016 0:3:34] /i gold bar
[20/9/2016 0:3:35] /i gold bar
[20/9/2016 0:3:35] /i gold bar
[20/9/2016 0:3:35] /i gold bar
[20/9/2016 0:3:36] /i gold bar
[20/9/2016 0:3:36] /i gold bar
[20/9/2016 0:3:37] /i gold bar
[20/9/2016 0:3:37] /i gold bar
[20/9/2016 0:3:37] /i gold bar
[20/9/2016 0:3:37] /i gold bar
[20/9/2016 0:3:38] /i gold bar
[20/9/2016 0:3:38] /i gold bar
[20/9/2016 0:3:39] /i gold bar
[20/9/2016 0:3:41] /i gold bar
[20/9/2016 0:3:41] /i gold bar
[20/9/2016 0:3:41] /i gold bar
[20/9/2016 0:3:44] /b all templo
[20/9/2016 0:3:51] /b vou abri tp em 2 minutos
[20/9/2016 0:4:4] /b nao vale MC, ja to logo avisando
[20/9/2016 0:4:13] /b MC AQUI NAO E VALIDO
[20/9/2016 0:4:16] /i gold bar
[20/9/2016 0:4:17] /i gold bar
[20/9/2016 0:4:18] /i gold bar
[20/9/2016 0:4:18] /i gold bar
[20/9/2016 0:4:19] /i gold bar
[20/9/2016 0:4:19] /i gold bar
[20/9/2016 0:4:20] /i gold bar
[20/9/2016 0:4:20] /i gold bar
[20/9/2016 0:4:21] /i gold bar
[20/9/2016 0:4:21] /i gold bar
[20/9/2016 0:4:22] /i gold bar
[20/9/2016 0:4:22] /i gold bar
[20/9/2016 0:4:23] /i gold bar
[20/9/2016 0:4:23] /i gold bar
[20/9/2016 0:4:24] /i gold bar
[20/9/2016 0:4:24] /i gold bar
[20/9/2016 0:4:25] /i gold bar
[20/9/2016 0:4:25] /i gold bar
[20/9/2016 0:4:26] /i gold bar
[20/9/2016 0:4:26] /i gold bar
[20/9/2016 0:4:27] /i gold bar
[20/9/2016 0:4:27] /i gold bar
[20/9/2016 0:4:28] /i gold bar
[20/9/2016 0:4:28] /i gold bar
[20/9/2016 0:4:28] /i gold bar
[20/9/2016 0:4:29] /i gold bar
[20/9/2016 0:4:30] /i gold bar
[20/9/2016 0:4:30] /i gold bar
[20/9/2016 0:4:31] /i gold bar
[20/9/2016 0:4:31] /i gold bar
[20/9/2016 0:4:32] /i gold bar
[20/9/2016 0:4:32] /i gold bar
[20/9/2016 0:4:33] /i gold bar
[20/9/2016 0:4:33] /i gold bar
[20/9/2016 0:4:34] /i gold bar
[20/9/2016 0:4:34] /i gold bar
[20/9/2016 0:4:35] /i gold bar
[20/9/2016 0:4:35] /i gold bar
[20/9/2016 0:4:35] /i gold bar
[20/9/2016 0:4:36] /i gold bar
[20/9/2016 0:4:36] /i gold bar
[20/9/2016 0:4:37] /i gold bar
[20/9/2016 0:4:37] /i gold bar
[20/9/2016 0:4:38] /i gold bar
[20/9/2016 0:4:38] /i gold bar
[20/9/2016 0:4:38] /i gold bar
[20/9/2016 0:4:39] /i gold bar
[20/9/2016 0:4:39] /i gold bar
[20/9/2016 0:4:40] /i gold bar
[20/9/2016 0:4:40] /i gold bar
[20/9/2016 0:4:41] /i gold bar
[20/9/2016 0:4:49] /i gold bar
[20/9/2016 0:4:49] /i gold bar
[20/9/2016 0:4:49] /i gold bar
[20/9/2016 0:4:50] /i gold bar
[20/9/2016 0:4:50] /i gold bar
[20/9/2016 0:4:50] /i gold bar
[20/9/2016 0:4:50] /i gold bar
[20/9/2016 0:4:50] /i gold bar
[20/9/2016 0:4:50] /i gold bar
[20/9/2016 0:4:51] /i gold bar
[20/9/2016 0:4:51] /i gold bar
[20/9/2016 0:4:51] /i gold bar
[20/9/2016 0:4:51] /i gold bar
[20/9/2016 0:4:51] /i gold bar
[20/9/2016 0:4:52] /i gold bar
[20/9/2016 0:4:52] /i gold bar
[20/9/2016 0:4:52] /i gold bar
[20/9/2016 0:4:52] /i gold bar
[20/9/2016 0:4:52] /i gold bar
[20/9/2016 0:4:53] /i gold bar
[20/9/2016 0:4:53] /i gold bar
[20/9/2016 0:4:53] /i gold bar
[20/9/2016 0:4:53] /i gold bar
[20/9/2016 0:4:53] /i gold bar
[20/9/2016 0:4:54] /i gold bar
[20/9/2016 0:4:55] /i gold bar
[20/9/2016 0:4:55] /i gold bar
[20/9/2016 0:4:55] /i gold bar
[20/9/2016 0:4:55] /i gold bar
[20/9/2016 0:4:55] /i gold bar
[20/9/2016 0:4:56] /i gold bar
[20/9/2016 0:4:56] /i gold bar
[20/9/2016 0:4:56] /i gold bar
[20/9/2016 0:4:56] /i gold bar
[20/9/2016 0:4:56] /i gold bar
[20/9/2016 0:4:57] /i gold bar
[20/9/2016 0:4:57] /i gold bar
[20/9/2016 0:4:57] /i gold bar
[20/9/2016 0:4:57] /i gold bar
[20/9/2016 0:4:58] /i gold bar
[20/9/2016 0:4:58] /i gold bar
[20/9/2016 0:4:58] /i gold bar
[20/9/2016 0:4:58] /i gold bar
[20/9/2016 0:4:59] /i gold bar
[20/9/2016 0:4:59] /i gold bar
[20/9/2016 0:4:59] /i gold bar
[20/9/2016 0:4:59] /i gold bar
[20/9/2016 0:5:0] /i gold bar
[20/9/2016 0:5:1] /i gold bar
[20/9/2016 0:5:6] /a 2
[20/9/2016 0:5:8] /a 2
[20/9/2016 0:5:18] /a 2
[20/9/2016 0:5:22] /t
[20/9/2016 0:5:42] /b se eu pega MC, vou manda pro templo
[20/9/2016 0:6:19] /b se eu pega MC, vou manda pro templo, e nao vai poder participar mais...  cada um VAI DER 2 chances, 2 bp pra cada players
[20/9/2016 0:6:20] /b se eu pega MC, vou manda pro templo, e nao vai poder participar mais...  cada um VAI DER 2 chances, 2 bp pra cada players
[20/9/2016 0:6:48] /goto [gm] green
[20/9/2016 0:7:4] /t
[20/9/2016 0:7:13] /i 1387
[20/9/2016 0:7:22] /mode 1
[20/9/2016 0:7:33] /attr position 1373 1068 7
[20/9/2016 0:7:43] /a 2
[20/9/2016 0:8:20] /mode 2
[20/9/2016 0:9:4] /b TP do templo vai ser fechado em 2 minutos, e começara o evento
[20/9/2016 0:9:5] /b TP do templo vai ser fechado em 2 minutos, e começara o evento
[20/9/2016 0:9:5] /b TP do templo vai ser fechado em 2 minutos, e começara o evento
[20/9/2016 0:9:6] /b TP do templo vai ser fechado em 2 minutos, e começara o evento
[20/9/2016 0:9:6] /b TP do templo vai ser fechado em 2 minutos, e começara o evento
[20/9/2016 0:9:7] /b TP do templo vai ser fechado em 2 minutos, e começara o evento
[20/9/2016 0:9:51] /t
[20/9/2016 0:9:56] /r
[20/9/2016 0:10:2] /goto hades
[20/9/2016 0:10:5] /a 10
[20/9/2016 0:13:25] /b vou da save
[20/9/2016 0:13:28] /save
[20/9/2016 0:14:35] /a 2
[20/9/2016 0:14:36] /c Pistola
[20/9/2016 0:14:42] /a 2
[20/9/2016 0:15:40] /b espero ter ajudados voces, de alguma forma, obg ate a proxima
[20/9/2016 0:15:54] /save
[20/9/2016 0:19:27] /ghost
[20/9/2016 0:26:12] /goto silk
[20/9/2016 0:26:28] /i hashirama legs
[20/9/2016 0:26:56] /t
[20/9/2016 0:32:11] /ghost
[20/9/2016 0:32:50] /ghost
[20/9/2016 2:26:26] /i 1899
[20/9/2016 2:26:29] /r
[20/9/2016 2:26:38] /i 1999
[20/9/2016 2:26:41] /i 1999
[20/9/2016 2:26:47] /i gold bar
[20/9/2016 2:26:48] /i gold bar
[20/9/2016 2:26:49] /i gold bar
[20/9/2016 2:26:50] /i gold bar
[20/9/2016 2:26:50] /i gold bar
[20/9/2016 2:26:50] /i gold bar
[20/9/2016 2:26:51] /i gold bar
[20/9/2016 2:26:52] /i gold bar
[20/9/2016 2:26:52] /i gold bar
[20/9/2016 2:26:52] /i gold bar
[20/9/2016 2:26:53] /i gold bar
[20/9/2016 2:26:53] /i gold bar
[20/9/2016 2:26:55] /i gold bar
[20/9/2016 2:26:55] /i gold bar
[20/9/2016 2:26:56] /i gold bar
[20/9/2016 2:26:56] /i gold bar
[20/9/2016 2:26:57] /i gold bar
[20/9/2016 2:26:58] /i gold bar
[20/9/2016 2:26:58] /i gold bar
[20/9/2016 2:27:28] /i pergaminho stamina
[20/9/2016 2:27:28] /i pergaminho stamina
[20/9/2016 2:27:29] /i pergaminho stamina
[20/9/2016 2:27:29] /i pergaminho stamina
[20/9/2016 2:27:30] /i pergaminho stamina
[20/9/2016 2:27:30] /i pergaminho stamina
[20/9/2016 2:27:31] /i pergaminho stamina
[20/9/2016 2:27:31] /i pergaminho stamina
[20/9/2016 2:27:33] /i pergaminho stamina
[20/9/2016 2:27:34] /i pergaminho stamina
[20/9/2016 2:27:35] /i pergaminho stamina
[20/9/2016 2:27:51] /i pill
[20/9/2016 2:28:9] /i soldado phill
[20/9/2016 2:28:12] /i soldado phill
[20/9/2016 2:28:18] /i soldado phill
[20/9/2016 2:28:47] /goto silk
[20/9/2016 2:28:50] /t
[20/9/2016 2:29:39] /r
[20/9/2016 2:29:41] /r 100
[20/9/2016 2:29:45] /r 100
[21/9/2016 21:34:51] /goto Shadow of fire
[21/9/2016 21:35:59] /t
[21/9/2016 22:16:47] /newtype 142
[22/9/2016 3:35:15] /goto type
[22/9/2016 3:35:27] /t
[7/6/2017 22:56:47] /goto [GM] Green
[7/6/2017 22:56:48] /goto [GM] Green
[7/6/2017 22:56:49] /goto [GM] Green
[7/6/2017 22:56:50] /goto [GM] Green
[7/6/2017 22:56:50] /goto [GM] Green
[7/6/2017 22:56:51] /goto [GM] Green
[7/6/2017 22:56:52] /goto [GM] Green
[7/6/2017 22:56:52] /goto [GM] Green
[7/6/2017 22:56:52] /goto [GM] Green
[7/6/2017 22:56:53] /goto [GM] Green
[7/6/2017 22:56:53] /goto [GM] Green
[7/6/2017 22:56:54] /goto [GM] Green
[7/6/2017 22:56:55] /goto [GM] Green
[7/6/2017 22:56:56] /goto [GM] Green
[7/6/2017 22:56:57] /goto [GM] Green
[7/6/2017 22:56:58] /goto [GM] Green
[7/6/2017 22:56:58] /goto [GM] Green
[7/6/2017 22:56:58] /goto [GM] Green
[7/6/2017 22:56:59] /goto [GM] Green
[7/6/2017 22:57:1] /t
[7/6/2017 22:57:13] /i sword
[7/6/2017 23:1:3] /t
[7/6/2017 23:1:11] /goto [GM] Green
[7/6/2017 23:1:12] /goto [GM] Green
[7/6/2017 23:1:13] /goto [GM] Green
[7/6/2017 23:1:13] /goto [GM] Green
[7/6/2017 23:1:26] /goto iitachi
[7/6/2017 23:1:27] /goto iitachi
[7/6/2017 23:1:31] /t
[7/6/2017 23:8:48] /i sword
[7/6/2017 23:8:54] /i itachi sword
[7/6/2017 23:9:8] /i ema star
[7/6/2017 23:9:11] /i ema staff
[7/6/2017 23:9:15] /i ema sword
[7/6/2017 23:9:39] /c bob marley
[7/6/2017 23:9:42] /ghost
[7/6/2017 23:9:49] /r
[7/6/2017 23:9:51] /r
[7/6/2017 23:9:59] /i 5773
[7/6/2017 23:10:42] /attr set 9999
[7/6/2017 23:21:30] /goto Dead Space
[7/6/2017 23:21:41] /a 2
[7/6/2017 23:22:9] /t
[7/6/2017 23:22:10] /c Dead Space
[7/6/2017 23:28:14] /t
[7/6/2017 23:29:5] /s minaru
[7/6/2017 23:30:43] /m minaru
[7/6/2017 23:30:46] /s minaru
[7/6/2017 23:31:12] /n blesser
[7/6/2017 23:32:3] /r
[7/6/2017 23:32:21] /n Minaru
[7/6/2017 23:32:29] /n minaru
[7/6/2017 23:32:35] /r
[7/6/2017 23:32:37] /r
[7/6/2017 23:38:11] /goto [GM] Green
[8/6/2017 2:14:14] /t
[8/6/2017 12:52:16] /t
[8/6/2017 12:58:31] /goto [GM] Green
[8/6/2017 21:6:2] /r 100
[8/6/2017 21:6:4] /r 100
[8/6/2017 21:6:6] /r 100
[8/6/2017 21:6:21] /reload spells
[8/6/2017 21:6:32] /reload spells
[8/6/2017 21:7:29] /m madara
[8/6/2017 21:7:34] /m sasuke boss
[8/6/2017 21:7:37] /m madara
[8/6/2017 21:8:51] /reload spells
[8/6/2017 21:21:30] /reload monsters
[8/6/2017 21:25:14] /reload monsters
[8/6/2017 21:29:12] /reload mosnters
[8/6/2017 21:29:19] /reload monsters
[8/6/2017 21:30:1] /goto obito
[8/6/2017 21:30:3] /goto obito
[8/6/2017 21:30:3] /goto obito
[8/6/2017 21:30:32] /a 5
[8/6/2017 21:30:33] /a 5
[8/6/2017 21:30:34] /a 5
[8/6/2017 21:30:38] /c anbuzin
[8/6/2017 21:32:3] /reload monsters
[8/6/2017 21:32:23] /reload spells
[8/6/2017 21:33:6] /save
[8/6/2017 21:41:23] /reload spells
[8/6/2017 21:41:26] /reload monsters
[8/6/2017 21:41:33] /c anbuzin
[8/6/2017 21:42:43] /c [GM] Green
[8/6/2017 21:43:14] /r
[8/6/2017 21:43:37] /r
[8/6/2017 21:43:40] /r
[8/6/2017 21:43:59] /a 2
[8/6/2017 21:44:0] /a 2
[8/6/2017 21:44:0] /a 2
[8/6/2017 21:44:4] /a 2
[8/6/2017 21:44:5] /a 2
[8/6/2017 21:44:5] /a 2
[8/6/2017 21:44:5] /a 2
[8/6/2017 21:44:12] /i 2729
[8/6/2017 21:44:13] /i 2729
[8/6/2017 21:44:19] /i 2757
[8/6/2017 21:44:25] /r
[8/6/2017 21:44:28] /r
[8/6/2017 21:44:29] /r
[8/6/2017 21:44:30] /r
[8/6/2017 21:44:38] /i 2729
[8/6/2017 21:44:39] /i 2729
[8/6/2017 21:45:1] /r
[8/6/2017 21:45:2] /r
[8/6/2017 21:45:44] /reload mosnters
[8/6/2017 21:45:53] /reload monsters
[8/6/2017 21:48:44] /a 20
[8/6/2017 21:48:47] /a 20
[8/6/2017 21:48:47] /a 20
[8/6/2017 21:48:48] /a 20
[8/6/2017 21:48:49] /a 20
[8/6/2017 21:48:49] /a 20
[8/6/2017 21:48:51] /a 20
[8/6/2017 21:48:52] /a 20
[8/6/2017 21:48:52] /a 20
[8/6/2017 21:48:54] /a 20
[8/6/2017 21:48:56] /up
[8/6/2017 21:48:57] /up
[8/6/2017 21:49:4] /c anbuzin
[8/6/2017 21:52:46] /reload mosnters
[8/6/2017 21:52:51] /reload monsters
[8/6/2017 21:52:55] /c anbuzin
[8/6/2017 21:53:4] /t
[8/6/2017 21:53:20] /goto anbuzin
[8/6/2017 22:2:32] /goto hidan boss
[8/6/2017 22:4:37] /reload monsters
[8/6/2017 22:7:26] /reload monsters
[8/6/2017 22:9:8] /reload monsters
[8/6/2017 22:14:52] /reload monsters
[8/6/2017 22:15:6] /reload monsters
[8/6/2017 22:16:0] /t
[8/6/2017 22:16:3] /goto anbuzin
[8/6/2017 22:16:16] /m gaara
[8/6/2017 22:18:34] /m gaara
[8/6/2017 22:18:38] /reload monsters
[8/6/2017 22:21:44] /reload monsters
[8/6/2017 22:21:45] /m gaara
[8/6/2017 22:22:50] /reload monsters
[8/6/2017 22:22:57] /r
[8/6/2017 22:23:12] /m gaara
[8/6/2017 22:25:16] /reload monsters
[8/6/2017 22:25:19] /reload spells
[8/6/2017 22:27:1] /reload spells
[8/6/2017 22:27:10] /reload monsters
[8/6/2017 22:28:3] /addskill Palsabib, level, 600
[8/6/2017 22:28:11] /a 60
[8/6/2017 22:28:12] /a 60
[8/6/2017 22:28:12] /a 60
[8/6/2017 22:28:13] /a 60
[8/6/2017 22:28:15] /a 60
[8/6/2017 22:28:16] /a 60
[8/6/2017 22:28:17] /a 60
[8/6/2017 22:28:17] /a 60
[8/6/2017 22:28:18] /a 60
[8/6/2017 22:28:19] /a 60
[8/6/2017 22:28:24] /a 6
[8/6/2017 22:28:24] /a 6
[8/6/2017 22:28:25] /a 6
[8/6/2017 22:28:26] /a 6
[8/6/2017 22:28:27] /a 6
[8/6/2017 22:28:27] /a 6
[8/6/2017 22:28:27] /a 6
[8/6/2017 22:28:28] /a 6
[8/6/2017 22:28:28] /a 6
[8/6/2017 22:28:29] /a 6
[8/6/2017 22:28:31] /c Palsabib
[8/6/2017 22:28:49] /t Palsabib
[8/6/2017 22:28:50] /t
[8/6/2017 22:29:8] /reload monsters
[8/6/2017 22:29:37] /reload monsters
[8/6/2017 22:30:49] /reload monsters
[8/6/2017 22:31:55] /reload monsters
[8/6/2017 22:32:9] /reload monsters
[8/6/2017 22:33:45] /c Uchiha Itachi
[8/6/2017 22:33:47] /m Uchiha Itachi
[8/6/2017 22:33:58] /reload monsters
[8/6/2017 22:35:49] /reload monsters
[8/6/2017 22:36:31] /reload monsters
[8/6/2017 22:38:52] /r
[8/6/2017 22:38:58] /m treiner
[8/6/2017 22:39:2] /m trainer
[8/6/2017 22:39:49] /reload monsters
[8/6/2017 22:42:44] /reload monsters
[8/6/2017 22:42:48] /m gaara
[8/6/2017 22:43:22] /reload monsters
[8/6/2017 22:45:16] /reload monsters
[8/6/2017 22:45:20] /reload spells
[8/6/2017 22:47:31] /reload spells
[8/6/2017 22:47:32] /reload monsters
[8/6/2017 22:48:23] /reload monsters
[8/6/2017 22:48:24] /reload spells
[8/6/2017 22:48:58] /reload spells
[8/6/2017 22:51:59] /reload monsters
[8/6/2017 22:52:5] /reload monsters
[8/6/2017 22:52:27] /m obito
[8/6/2017 22:54:22] /reload monsters
[8/6/2017 22:54:25] /reload spells
[8/6/2017 23:3:59] /n tsunade
[8/6/2017 23:4:39] /addskill Palsabib, level, 500
[8/6/2017 23:4:40] /addskill Palsabib, level, 500
[8/6/2017 23:4:40] /addskill Palsabib, level, 500
[8/6/2017 23:4:42] /addskill Palsabib, level, 500
[8/6/2017 23:4:42] /addskill Palsabib, level, 500
[8/6/2017 23:4:50] /m hidan boss
[8/6/2017 23:5:5] /addskill Palsabib, level, 50000
[8/6/2017 23:5:7] /addskill Palsabib, level, 50000
[8/6/2017 23:8:36] /goto [GM] Green
[8/6/2017 23:8:49] /t
[8/6/2017 23:9:8] /t
[8/6/2017 23:9:15] /goto [GM] Green
[8/6/2017 23:9:17] /goto [GM] Green
[8/6/2017 23:9:17] /goto [GM] Green
[8/6/2017 23:9:18] /goto [GM] Green
[8/6/2017 23:9:18] /goto [GM] Green
[8/6/2017 23:9:19] /goto [GM] Green
[8/6/2017 23:11:27] /goto [GM] Green
[8/6/2017 23:11:43] /a 2
[8/6/2017 23:33:4] /t
[8/6/2017 23:34:26] /a 50
[8/6/2017 23:34:27] /a 50
[8/6/2017 23:34:27] /a 50
[8/6/2017 23:34:28] /a 50
[8/6/2017 23:34:29] /a 50
[8/6/2017 23:34:30] /a 50
[8/6/2017 23:34:31] /a 50
[8/6/2017 23:34:31] /a 50
[8/6/2017 23:34:36] /a 3
[8/6/2017 23:34:46] /t
[8/6/2017 23:34:53] /i 5023
[8/6/2017 23:35:4] /i 1387
[9/6/2017 21:17:57] /addskill Test Rock Lee, level, 700000
[9/6/2017 21:18:16] /m gaara boss
[9/6/2017 21:18:19] /m hidan boss
[9/6/2017 21:19:12] /i 2777
[9/6/2017 21:19:13] /i 2777
[9/6/2017 21:19:15] /i 2777
[9/6/2017 21:19:16] /i 2777
[9/6/2017 21:19:17] /i 2777
[9/6/2017 21:19:18] /i 2777
[9/6/2017 21:19:19] /i 2777
[9/6/2017 21:19:19] /i 2777
[9/6/2017 21:19:20] /i 2777
[9/6/2017 21:19:22] /i 2777
[9/6/2017 21:19:22] /addskill Test Rock Lee, level, 700000
[9/6/2017 21:19:28] /i 2777
[9/6/2017 21:19:30] /i 2777
[9/6/2017 21:19:33] /i 2777
[9/6/2017 21:19:34] /i 2777
[9/6/2017 21:19:34] /i 2777
[9/6/2017 21:19:35] /i 2777
[9/6/2017 21:19:36] /i 2777
[9/6/2017 21:19:38] /i 2777
[9/6/2017 21:19:40] /i 2777
[9/6/2017 21:19:41] /i 2777
[9/6/2017 21:19:42] /i 2777
[9/6/2017 21:19:44] /i 2777
[9/6/2017 21:19:45] /i 2777
[9/6/2017 21:19:46] /i 2777
[9/6/2017 21:19:47] /i 2777
[9/6/2017 21:19:49] /i 2777
[9/6/2017 21:19:50] /i 2777
[9/6/2017 21:19:51] /i 2777
[9/6/2017 21:20:0] /m jiraya boss
[9/6/2017 21:20:9] /m kakashi boss
[9/6/2017 21:20:16] /m kazekage
[9/6/2017 21:20:18] /m kazekage boss
[9/6/2017 21:20:25] /m kiminaru boss
[9/6/2017 21:20:29] /m naruto boss
[9/6/2017 21:20:52] /m oroshimaru boss
[9/6/2017 21:21:1] /m orochimaru boss
[9/6/2017 21:21:6] /m raikage boss
[9/6/2017 21:21:16] /m sasuke akatsuki
[9/6/2017 21:21:21] /m sasuke akatsuki boss
[9/6/2017 21:21:28] /m tobi boss
[9/6/2017 21:21:42] /m yondaime boss
[9/6/2017 21:21:49] /m zabuza boss
[9/6/2017 21:28:34] /a 4
[9/6/2017 21:30:39] /m kiminaru boss
[9/6/2017 21:39:44] /a 2
[9/6/2017 21:39:48] /a 2
[9/6/2017 21:39:49] /up
[9/6/2017 21:39:55] /m gaara boss
[9/6/2017 21:40:2] /reload spells
[9/6/2017 21:42:28] /reload spells
[9/6/2017 21:43:4] /reload spells
[9/6/2017 21:43:35] /reload spells
[9/6/2017 21:44:17] /reload spells
[9/6/2017 21:46:5] /reload spells
[9/6/2017 21:46:59] /reload spells
[9/6/2017 21:49:5] /reload spells
[9/6/2017 21:50:58] /reload spells
[9/6/2017 21:51:40] /reload spells
[9/6/2017 21:53:10] /reload spells
[9/6/2017 21:54:33] /reload spells
[9/6/2017 21:55:34] /reload spells
[9/6/2017 21:56:21] /reload spells
[9/6/2017 21:58:6] /town 2
[9/6/2017 21:58:38] /town 1
[9/6/2017 21:59:21] /a 2
[9/6/2017 21:59:23] /up
[9/6/2017 21:59:31] /r
[9/6/2017 21:59:49] /r
[9/6/2017 22:0:45] /addskill Test Sasuke, level, 100
[9/6/2017 22:0:52] /m gaara boss
[9/6/2017 22:2:22] /addskill Test Sasuke, magic, 45
[9/6/2017 22:7:4] /m kakashi boss
[9/6/2017 22:7:29] /r
[9/6/2017 22:9:3] /reload monsters
[9/6/2017 22:9:7] /m kakashi boss
[9/6/2017 22:9:22] /reload spells
[9/6/2017 22:11:5] /reload spells
[9/6/2017 22:11:8] /reload monsters
[9/6/2017 22:11:31] /reload monsters
[9/6/2017 22:11:33] /reload spells
[9/6/2017 22:12:5] /reload spells
[9/6/2017 22:12:7] /reload monsters
[9/6/2017 22:12:40] /reload monsters
[9/6/2017 22:13:20] /reload monsters
[9/6/2017 22:13:50] /reload monsters
[9/6/2017 22:14:18] /reload monsters
[9/6/2017 22:15:50] /reload monsters
[9/6/2017 22:16:19] /i kunai explosion
[9/6/2017 22:36:43] /a 1
[9/6/2017 22:36:44] /r
[9/6/2017 22:36:51] /reload monster
[9/6/2017 22:37:6] /reload monster
[9/6/2017 22:37:12] /m kakashi boss
[9/6/2017 22:38:35] /reload monster
[9/6/2017 22:38:38] /reload spells
[9/6/2017 22:43:17] /m sasuke
[9/6/2017 22:43:19] /m sasuke boss
[9/6/2017 22:43:51] /reload spells
[9/6/2017 22:44:13] /reload spells
[9/6/2017 22:44:35] /reload spells
[9/6/2017 22:45:36] /m hidan boss
[9/6/2017 22:45:47] /reload spells
[9/6/2017 22:48:58] /reload spells
[9/6/2017 22:49:7] /reload monster
[9/6/2017 22:49:12] /down
[9/6/2017 22:49:14] /a 4
[9/6/2017 22:50:4] /reload monster
[9/6/2017 22:50:17] /reload monster
[9/6/2017 22:50:17] /reload monster
[9/6/2017 22:54:47] /a 3
[9/6/2017 22:55:29] /a 3
[9/6/2017 22:55:55] /m guardian one
[9/6/2017 22:56:13] /r
[9/6/2017 22:56:16] /m guardian two
[9/6/2017 22:56:28] /r
[9/6/2017 22:56:51] /m guardian one
[9/6/2017 22:57:0] /reload monster
[9/6/2017 22:58:8] /reload monster
[9/6/2017 22:58:24] /reload monster
[9/6/2017 22:58:42] /reload monster
[9/6/2017 23:1:19] /reload monster
[9/6/2017 23:1:22] /reload spells
[9/6/2017 23:1:57] /reload spells
[9/6/2017 23:2:0] /reload monster
[9/6/2017 23:2:36] /reload monster
[9/6/2017 23:2:40] /reload spells
[9/6/2017 23:4:39] /reload spells
[9/6/2017 23:4:45] /reload monster
[9/6/2017 23:7:50] /r
[9/6/2017 23:7:53] /m Master Guardian
[9/6/2017 23:9:0] /reload monster
[9/6/2017 23:10:7] /reload monster
[9/6/2017 23:10:34] /reload monster
[9/6/2017 23:20:39] /reload spells
[9/6/2017 23:21:12] /reload spells
[9/6/2017 23:21:45] /reload spells
[9/6/2017 23:21:50] /reload spells
[9/6/2017 23:21:59] /reload spells
[9/6/2017 23:23:8] /reload spells
[9/6/2017 23:24:33] /reload spells
[9/6/2017 23:24:45] /reload spells
[9/6/2017 23:24:54] /reload spells
[9/6/2017 23:27:41] /reload spells
[9/6/2017 23:28:4] /reload spells
[9/6/2017 23:28:43] /reload spells
[9/6/2017 23:32:40] /reload spells
[9/6/2017 23:33:4] /reload spells
[9/6/2017 23:33:22] /reload spells
[9/6/2017 23:33:35] /reload spells
[9/6/2017 23:41:45] /reload spells
[9/6/2017 23:42:2] /reload spells
[9/6/2017 23:42:9] /reload spells
[9/6/2017 23:42:22] /reload spells
[9/6/2017 23:42:56] /reload spells
[9/6/2017 23:43:15] /reload spells
[9/6/2017 23:43:24] /reload spells
[9/6/2017 23:46:5] /reload spells
[9/6/2017 23:46:50] /reload spells
[9/6/2017 23:47:1] /reload spells
[9/6/2017 23:49:12] /reload spells
[9/6/2017 23:49:27] /reload spells
[9/6/2017 23:53:46] /reload spells
[9/6/2017 23:54:2] /reload spells
[9/6/2017 23:54:47] /reload spells
[9/6/2017 23:55:7] /reload spells
[9/6/2017 23:55:54] /reload spells
[9/6/2017 23:56:5] /reload spells
[9/6/2017 23:56:12] /reload spells
[9/6/2017 23:56:41] /reload spells
[10/6/2017 0:2:7] /reload spells
[10/6/2017 0:2:26] /reload spells
[10/6/2017 0:2:37] /reload spells
[10/6/2017 0:2:45] /reload spells
[10/6/2017 0:3:1] /reload spells
[10/6/2017 0:3:14] /reload spells
[10/6/2017 0:4:8] /reload spells
[10/6/2017 0:4:19] /reload spells
[10/6/2017 0:4:44] /reload spells
[10/6/2017 0:5:20] /reload spells
[10/6/2017 0:5:42] /reload spells
[10/6/2017 0:7:11] /reload spells
[10/6/2017 0:7:33] /reload spells
[10/6/2017 0:7:49] /reload spells
[10/6/2017 0:8:4] /reload spells
[10/6/2017 0:8:24] /reload spells
[10/6/2017 0:8:34] /reload spells
[10/6/2017 0:9:38] /reload spells
[10/6/2017 0:9:48] /reload spells
[10/6/2017 0:10:13] /reload spells
[10/6/2017 0:14:2] /reload spells
[10/6/2017 0:15:26] /reload spells
[10/6/2017 0:16:12] /reload spells
[10/6/2017 0:16:25] /reload spells
[10/6/2017 0:16:44] /reload spells
[10/6/2017 0:17:12] /reload spells
[10/6/2017 0:17:30] /reload spells
[10/6/2017 0:17:37] /reload spells
[10/6/2017 0:20:13] /reload spells
[10/6/2017 0:20:21] /reload spells
[10/6/2017 0:20:44] /reload spells
[10/6/2017 0:20:58] /reload spells
[10/6/2017 0:21:28] /reload spells
[10/6/2017 0:21:39] /reload spells
[10/6/2017 0:21:51] /reload spells
[10/6/2017 0:22:41] /reload spells
[10/6/2017 0:22:54] /reload spells
[10/6/2017 0:23:33] /reload spells
[10/6/2017 0:23:50] /reload spells
[10/6/2017 0:24:25] /reload spells
[10/6/2017 0:24:43] /reload spells
[10/6/2017 0:25:21] /reload spells
[10/6/2017 0:25:35] /reload spells
[10/6/2017 0:28:8] /reload spells
[10/6/2017 0:28:52] /reload spells
[10/6/2017 0:29:37] /m trainer
[10/6/2017 0:30:0] /m trainer
[10/6/2017 0:30:4] /reload spells
[10/6/2017 0:30:44] /reload spells
[10/6/2017 0:31:57] /reload spells
[10/6/2017 0:34:3] /reload spells
[10/6/2017 0:49:10] /reload spells
[10/6/2017 1:16:37] /c silk
[10/6/2017 21:29:25] /m trainer
[10/6/2017 21:39:7] /reload monster
[10/6/2017 21:39:10] /reload spells
[10/6/2017 21:39:14] /m tobirama
[10/6/2017 21:39:16] /m tobirama boss
[10/6/2017 22:57:20] /t
[14/6/2017 21:55:54] /a 5
[14/6/2017 21:55:55] /a 5
[14/6/2017 21:55:55] /a 5
[14/6/2017 21:55:55] /a 5
[14/6/2017 21:55:55] /a 5
[14/6/2017 21:55:56] /a 5
[14/6/2017 21:55:56] /a 5
[14/6/2017 21:55:56] /a 5
[14/6/2017 21:55:56] /a 5
[14/6/2017 21:55:57] /a 5
[14/6/2017 21:55:57] /a 5
[14/6/2017 21:55:57] /a 5
[14/6/2017 21:55:57] /a 5
[14/6/2017 21:55:58] /a 5
[14/6/2017 21:55:58] /a 5
[14/6/2017 21:56:0] /a 5
[14/6/2017 21:56:0] /a 5
[14/6/2017 21:56:1] /a 5
[14/6/2017 21:56:1] /a 5
[14/6/2017 21:56:1] /a 5
[14/6/2017 21:56:2] /a 5
[14/6/2017 21:56:2] /a 5
[14/6/2017 21:56:3] /a 5
[14/6/2017 21:56:3] /a 5
[14/6/2017 21:56:3] /a 5
[14/6/2017 21:56:3] /a 5
[14/6/2017 21:56:4] /a 5
[14/6/2017 21:56:4] /a 5
[14/6/2017 21:56:5] /a 5
[14/6/2017 21:56:5] /a 5
[14/6/2017 21:56:5] /a 5
[14/6/2017 21:56:9] /a 5
[14/6/2017 21:56:9] /a 5
[14/6/2017 21:56:9] /a 5
[14/6/2017 21:56:9] /a 5
[14/6/2017 21:56:9] /a 5
[14/6/2017 21:56:9] /a 5
[14/6/2017 21:56:9] /a 5
[14/6/2017 21:56:9] /a 5
[14/6/2017 21:56:9] /a 5
[14/6/2017 21:56:10] /a 5
[14/6/2017 21:56:10] /a 5
[14/6/2017 22:0:9] /t
[14/6/2017 22:0:21] /a 2
[14/6/2017 22:0:27] /a 5
[14/6/2017 22:0:27] /a 5
[14/6/2017 22:0:27] /a 5
[14/6/2017 22:0:27] /a 5
[14/6/2017 22:0:27] /a 5
[14/6/2017 22:0:28] /a 5
[14/6/2017 22:0:28] /a 5
[14/6/2017 22:0:28] /a 5
[14/6/2017 22:0:29] /a 5
[14/6/2017 22:0:29] /a 5
[14/6/2017 22:0:29] /a 5
[14/6/2017 22:0:29] /a 5
[14/6/2017 22:0:30] /a 5
[14/6/2017 22:0:30] /a 5
[14/6/2017 22:0:30] /a 5
[14/6/2017 22:0:31] /a 5
[14/6/2017 22:0:31] /a 5
[14/6/2017 22:0:31] /a 5
[14/6/2017 22:0:50] /a 5
[14/6/2017 22:0:50] /a 5
[14/6/2017 22:0:50] /a 5
[14/6/2017 22:0:51] /a 5
[14/6/2017 22:0:51] /a 5
[14/6/2017 22:0:52] /a 5
[14/6/2017 22:0:52] /a 5
[14/6/2017 22:0:53] /a 5
[14/6/2017 22:0:53] /a 5
[14/6/2017 22:0:53] /a 5
[14/6/2017 22:0:54] /a 5
[14/6/2017 22:0:54] /a 5
[14/6/2017 22:0:55] /a 5
[14/6/2017 22:0:55] /a 5
[14/6/2017 22:0:56] /a 5
[14/6/2017 22:0:56] /a 5
[14/6/2017 22:0:56] /a 5
[14/6/2017 22:0:57] /a 5
[14/6/2017 22:0:57] /a 5
[14/6/2017 22:0:57] /a 5
[14/6/2017 22:0:57] /a 5
[14/6/2017 22:0:59] /a 5
[14/6/2017 22:0:59] /a 5
[14/6/2017 22:0:59] /a 5
[14/6/2017 22:0:59] /a 5
[14/6/2017 22:0:59] /a 5
[14/6/2017 22:0:59] /a 5
[14/6/2017 22:0:59] /a 5
[14/6/2017 22:0:59] /a 5
[14/6/2017 22:0:59] /a 5
[14/6/2017 22:0:59] /a 5
[14/6/2017 22:1:0] /a 5
[14/6/2017 22:1:0] /a 5
[14/6/2017 22:1:2] /a 5
[14/6/2017 22:1:2] /a 5
[14/6/2017 22:1:2] /a 5
[14/6/2017 22:1:2] /a 5
[14/6/2017 22:1:2] /a 5
[14/6/2017 22:1:3] /a 5
[14/6/2017 22:1:3] /a 5
[14/6/2017 22:1:3] /a 5
[14/6/2017 22:1:4] /t
[14/6/2017 22:8:6] /down
[14/6/2017 22:8:7] /a 5
[14/6/2017 22:8:7] /a 5
[14/6/2017 22:8:7] /a 5
[14/6/2017 22:8:8] /a 5
[14/6/2017 22:8:8] /a 5
[14/6/2017 22:8:9] /a 5
[14/6/2017 22:8:10] /up
[14/6/2017 22:8:15] /a 5
[14/6/2017 22:8:15] /a 5
[14/6/2017 22:8:16] /a 5
[14/6/2017 22:8:16] /a 5
[14/6/2017 22:8:16] /a 5
[14/6/2017 22:8:16] /a 5
[14/6/2017 22:8:16] /a 5
[14/6/2017 22:8:17] /a 5
[14/6/2017 22:8:17] /a 5
[14/6/2017 22:8:17] /a 5
[14/6/2017 22:8:17] /a 5
[14/6/2017 22:8:18] /a 5
[14/6/2017 22:8:18] /a 5
[14/6/2017 22:8:18] /a 5
[14/6/2017 22:8:18] /a 5
[14/6/2017 22:8:19] /a 5
[14/6/2017 22:8:19] /a 5
[14/6/2017 22:8:19] /a 5
[14/6/2017 22:8:20] /a 5
[14/6/2017 22:8:20] /a 5
[14/6/2017 22:8:20] /a 5
[14/6/2017 22:8:21] /a 5
[14/6/2017 22:8:21] /a 5
[14/6/2017 22:8:22] /a 5
[14/6/2017 22:8:22] /a 5
[14/6/2017 22:8:22] /a 5
[14/6/2017 22:8:22] /a 5
[14/6/2017 22:8:23] /a 5
[14/6/2017 22:8:23] /a 5
[14/6/2017 22:8:24] /a 5
[14/6/2017 22:8:24] /a 5
[14/6/2017 22:8:24] /a 5
[14/6/2017 22:8:25] /a 5
[14/6/2017 22:8:25] /a 5
[14/6/2017 22:8:25] /a 5
[14/6/2017 22:8:26] /a 5
[14/6/2017 22:8:26] /a 5
[14/6/2017 22:8:26] /a 5
[14/6/2017 22:8:27] /a 5
[14/6/2017 22:8:27] /a 5
[14/6/2017 22:8:36] /a 5
[14/6/2017 22:8:37] /a 5
[14/6/2017 22:11:58] /down
[14/6/2017 22:11:58] /a 5
[14/6/2017 22:11:58] /a 5
[14/6/2017 22:11:59] /a 5
[14/6/2017 22:11:59] /a 5
[14/6/2017 22:11:59] /a 5
[14/6/2017 22:11:59] /a 5
[14/6/2017 22:12:0] /a 5
[14/6/2017 22:12:0] /a 5
[14/6/2017 22:12:0] /a 5
[14/6/2017 22:12:1] /a 5
[14/6/2017 22:12:1] /a 5
[14/6/2017 22:12:1] /a 5
[14/6/2017 22:12:1] /a 5
[14/6/2017 22:12:1] /a 5
[14/6/2017 22:12:2] /a 5
[14/6/2017 22:12:2] /a 5
[14/6/2017 22:12:2] /a 5
[14/6/2017 22:12:2] /a 5
[14/6/2017 22:12:2] /a 5
[14/6/2017 22:12:3] /a 5
[14/6/2017 22:12:3] /a 5
[14/6/2017 22:12:3] /a 5
[14/6/2017 22:12:3] /a 5
[14/6/2017 22:12:3] /a 5
[14/6/2017 22:12:4] /a 5
[14/6/2017 22:12:4] /a 5
[14/6/2017 22:12:4] /a 5
[14/6/2017 22:12:4] /a 5
[14/6/2017 22:12:4] /a 5
[14/6/2017 22:12:5] /a 5
[14/6/2017 22:12:5] /a 5
[14/6/2017 22:12:6] /a 5
[14/6/2017 22:12:6] /a 5
[14/6/2017 22:12:6] /a 5
[14/6/2017 22:12:6] /a 5
[14/6/2017 22:12:7] /a 5
[14/6/2017 22:12:54] /a 2
[14/6/2017 22:13:1] /t
