[9/11/2017 18:18:52] /ghost
[9/11/2017 18:19:4] /b Boa tarde Galera <3 
[9/11/2017 18:20:30] /goto Jooh Safadao
[9/11/2017 18:20:53] /t
[9/11/2017 18:21:21] /newtype 231
[9/11/2017 18:21:36] /newtype 394
[9/11/2017 18:21:44] /newtype 230
[9/11/2017 18:21:50] /newtype 14
[9/11/2017 19:39:30] /newtype 430
[9/11/2017 19:41:37] /ghost
[9/11/2017 19:43:16] /a 4
[9/11/2017 19:44:53] /newtype 230
[9/11/2017 19:45:2] /newtype 233
[9/11/2017 19:45:14] /newtype 350
[9/11/2017 19:45:26] /newtype 343
[9/11/2017 19:45:36] /newtype 340
[9/11/2017 19:45:44] /newtype 333
[9/11/2017 19:45:51] /newtype 330
[9/11/2017 19:46:0] /a 50
[9/11/2017 19:46:2] /up
[9/11/2017 19:46:3] /up
[9/11/2017 19:46:13] /newtype 100
[9/11/2017 19:46:21] /newtype 111
[9/11/2017 19:46:34] /newtype 112
[9/11/2017 19:46:40] /newtype 115
[9/11/2017 19:46:45] /newtype 120
[9/11/2017 19:46:51] /newtype 125
[9/11/2017 19:46:55] /newtype 130
[9/11/2017 19:47:0] /newtype 150
[9/11/2017 19:47:33] /mc
[9/11/2017 19:48:21] /t
[9/11/2017 19:51:24] /up
[9/11/2017 19:51:25] /up
[9/11/2017 19:51:27] /up
[9/11/2017 19:52:21] /mc
[9/11/2017 19:54:8] /ghost
[9/11/2017 19:54:16] /t mercedes benz
[9/11/2017 19:54:18] /t
[9/11/2017 19:54:46] /goto account manager
[9/11/2017 19:54:54] /goto account manager
[9/11/2017 19:55:16] /goto account manager
[9/11/2017 19:57:25] /mc
[9/11/2017 20:1:56] /t
[9/11/2017 20:2:15] /goto Targeta ooo leo
[9/11/2017 20:2:25] /t targeta ooo leo
[9/11/2017 20:2:26] /t
[9/11/2017 20:2:46] /goto [ADM] Nii.
[9/11/2017 20:16:31] /s trainer
[9/11/2017 20:16:39] /r
[9/11/2017 21:8:45] /t Wavelength
[9/11/2017 21:29:46] /t leeo dos kamui
[9/11/2017 21:37:19] /t Wavelength
[9/11/2017 22:6:41] /goto Mercedes Benz
[9/11/2017 22:6:50] /t
[9/11/2017 22:7:0] /c mercedes benz
[9/11/2017 22:8:31] /ghost
[9/11/2017 22:9:53] /goto eae men
[9/11/2017 22:10:0] /t
[9/11/2017 22:10:7] /c eae men
[9/11/2017 22:10:16] /c surfa na paralyze
[9/11/2017 22:10:28] /c sem rin
[9/11/2017 22:10:42] /c Surfa Nalyze Neguin
[9/11/2017 22:10:53] /c DraaXLeR
[9/11/2017 22:18:18] /t Wavelength
[9/11/2017 22:42:11] /ghost
[9/11/2017 22:43:1] /newtype 400
[9/11/2017 22:43:6] /newtype 250
[9/11/2017 22:43:13] /newtype 234
[9/11/2017 22:43:22] /newtype 235
[9/11/2017 22:43:25] /newtype 232
[9/11/2017 22:44:16] /a 30
[9/11/2017 22:44:18] /a 20
[9/11/2017 22:44:23] /a 10
[9/11/2017 22:44:26] /up
[9/11/2017 22:44:28] /up
[9/11/2017 22:44:31] /a 2
[9/11/2017 22:44:32] /a 5
[9/11/2017 22:44:34] /a 3
[9/11/2017 22:44:45] /a 2
[9/11/2017 22:45:37] /goto targeta ooo leo
[9/11/2017 22:45:39] /ghost
[9/11/2017 22:45:56] /ghost
[9/11/2017 22:46:17] /t
[9/11/2017 22:46:39] /a 50
[9/11/2017 22:46:41] /up
[9/11/2017 22:46:42] /up
[9/11/2017 22:46:48] /a 2
[9/11/2017 22:47:17] /a 3
[9/11/2017 22:47:21] /r
[9/11/2017 22:47:23] /r
[9/11/2017 22:47:30] /t
[9/11/2017 22:48:49] /newtype 130
[9/11/2017 22:48:53] /newtype 131
[9/11/2017 22:48:58] /newtype 132
[9/11/2017 22:49:2] /newtype 133
[9/11/2017 22:49:6] /newtype 134
[9/11/2017 22:49:10] /newtype 135
[9/11/2017 22:49:15] /newtype 136
[9/11/2017 22:57:22] /mc
[9/11/2017 23:4:13] /goto black snake
[9/11/2017 23:4:25] /goto tina dos role
[9/11/2017 23:4:29] /t
[9/11/2017 23:4:38] /a 500
[9/11/2017 23:4:41] /a 340
[9/11/2017 23:4:44] /a 30
[9/11/2017 23:4:46] /a 30
[9/11/2017 23:4:47] /a 30
[9/11/2017 23:4:50] /a 50
[9/11/2017 23:4:51] /a 50
[9/11/2017 23:5:21] /up
[9/11/2017 23:5:22] /up
[9/11/2017 23:5:23] /up
[9/11/2017 23:5:24] /up
[9/11/2017 23:6:5] /up
[9/11/2017 23:6:6] /up
[9/11/2017 23:6:12] /t
[9/11/2017 23:6:22] /a 3
[9/11/2017 23:6:25] /t
[9/11/2017 23:6:43] /t killer three
[9/11/2017 23:7:9] /goto killer three
[9/11/2017 23:7:16] /goto killer three
[9/11/2017 23:7:21] /goto killer three
[9/11/2017 23:7:21] /goto killer three
[9/11/2017 23:7:22] /goto killer three
[9/11/2017 23:7:23] /goto killer three
[9/11/2017 23:7:24] /goto killer three
[9/11/2017 23:7:25] /goto killer three
[9/11/2017 23:7:25] /goto killer three
[9/11/2017 23:7:26] /goto killer three
[9/11/2017 23:7:27] /goto killer three
[9/11/2017 23:7:28] /goto killer three
[9/11/2017 23:7:29] /goto killer three
[9/11/2017 23:7:29] /goto killer three
[9/11/2017 23:7:30] /goto killer three
[9/11/2017 23:7:33] /goto killer three
[9/11/2017 23:7:34] /goto killer three
[9/11/2017 23:7:35] /goto killer three
[9/11/2017 23:7:36] /goto killer three
[9/11/2017 23:7:44] /up
[9/11/2017 23:7:45] /up
[9/11/2017 23:7:46] /up
[9/11/2017 23:7:46] /up
[9/11/2017 23:7:48] /up
[9/11/2017 23:8:4] /goto killer three
[9/11/2017 23:8:6] /goto killer three
[9/11/2017 23:8:7] /goto killer three
[9/11/2017 23:8:8] /up
[9/11/2017 23:8:9] /up
[9/11/2017 23:8:11] /up
[9/11/2017 23:8:40] /down
[9/11/2017 23:8:57] /t
[9/11/2017 23:9:39] /goto killer three
[9/11/2017 23:9:55] /a 50
[9/11/2017 23:9:56] /a 50
[9/11/2017 23:9:57] /a 50
[9/11/2017 23:10:0] /a 50
[9/11/2017 23:10:3] /a 50
[9/11/2017 23:10:52] /a 3
[9/11/2017 23:10:55] /goto killer three
[9/11/2017 23:11:1] /mc
[9/11/2017 23:11:25] /t
[9/11/2017 23:11:38] /a 3
[9/11/2017 23:11:45] /a 5
[9/11/2017 23:13:19] /goto guui dos kamui
[9/11/2017 23:13:23] /i stone
[9/11/2017 23:13:25] /r
[9/11/2017 23:13:26] /r
[9/11/2017 23:13:31] /down
[9/11/2017 23:13:33] /a 6
[9/11/2017 23:13:38] /c tina dos role
[9/11/2017 23:13:45] /c pedofilo
[9/11/2017 23:13:49] /a 4
[9/11/2017 23:13:54] /mc
[9/11/2017 23:14:4] /goto Ratratratratratratra
[9/11/2017 23:14:14] /t
[9/11/2017 23:14:17] /goto Ican Beliieve Canfly
[9/11/2017 23:14:31] /t
[9/11/2017 23:14:33] /ghost
[9/11/2017 23:14:35] /ghost
[9/11/2017 23:15:1] /goto Ican Beliieve Canfly
[9/11/2017 23:15:19] /mc
[9/11/2017 23:16:3] /t
[9/11/2017 23:16:47] /goto Hiraishingirifoda
[9/11/2017 23:17:25] /t
[9/11/2017 23:17:34] /goto Ican Beliieve Canfly
[9/11/2017 23:17:53] /t
[9/11/2017 23:18:24] /a 50
[9/11/2017 23:18:27] /a 50
[9/11/2017 23:18:28] /a 50
[9/11/2017 23:18:30] /a 50
[9/11/2017 23:18:31] /a 50
[9/11/2017 23:18:34] /a 50
[9/11/2017 23:18:35] /a 50
[9/11/2017 23:18:38] /a 50
[9/11/2017 23:19:17] /m absolut shop
[9/11/2017 23:19:23] /n absolut shop
[9/11/2017 23:20:25] /addskill [GM] Apolo.,level,1
[9/11/2017 23:20:37] /goto killer three
[9/11/2017 23:20:51] /addskill Killer Three,level,1
[9/11/2017 23:21:4] /i madara armor
[9/11/2017 23:21:20] /r
[9/11/2017 23:23:13] /addskill Killer Three,level,1
[9/11/2017 23:23:19] /addskill Killer Three,level,1
[9/11/2017 23:23:20] /addskill Killer Three,level,1
[9/11/2017 23:23:20] /addskill Killer Three,level,1
[9/11/2017 23:23:21] /addskill Killer Three,level,1
[9/11/2017 23:23:45] /attr set attack 100
[9/11/2017 23:23:52] /attr set attack 1000000
[9/11/2017 23:23:57] /m trainer
[9/11/2017 23:24:29] /r
[9/11/2017 23:24:48] /t
[9/11/2017 23:25:0] /c killer three
[9/11/2017 23:25:12] /goto killer three
[9/11/2017 23:27:53] /goto killer three
[9/11/2017 23:29:20] /goto shikamaru
[9/11/2017 23:29:38] /attr health 1
[9/11/2017 23:29:45] /attr health
[9/11/2017 23:29:55] /t
[9/11/2017 23:30:40] /goto shikamaru
[9/11/2017 23:30:49] /attr attackspeed 1
[9/11/2017 23:30:56] /t
[9/11/2017 23:34:28] /t
[9/11/2017 23:34:31] /up
[9/11/2017 23:34:58] /t
[9/11/2017 23:35:12] /goto killer three
[9/11/2017 23:35:15] /a 50
[9/11/2017 23:35:18] /a 30
[9/11/2017 23:35:22] /ghost
[9/11/2017 23:36:7] /t
[9/11/2017 23:37:22] /ghost
[9/11/2017 23:37:39] /t
[9/11/2017 23:37:42] /t
[9/11/2017 23:40:20] /goto guui dos kamui
[9/11/2017 23:41:36] /t
[9/11/2017 23:41:44] /a 50
[9/11/2017 23:41:45] /a 50
[9/11/2017 23:41:45] /a 50
[9/11/2017 23:41:46] /a 50
[9/11/2017 23:41:47] /a 50
[9/11/2017 23:41:47] /a 50
[9/11/2017 23:41:49] /a 50
[9/11/2017 23:41:49] /a 50
[9/11/2017 23:41:51] /a 50
[9/11/2017 23:41:51] /a 50
[9/11/2017 23:41:53] /a 50
[9/11/2017 23:41:55] /a 3
[9/11/2017 23:41:57] /a 5
[9/11/2017 23:41:59] /a 5
[9/11/2017 23:44:16] /c depressivo 
[9/11/2017 23:44:25] /c targeta ooo leo
[9/11/2017 23:45:26] /r
[9/11/2017 23:45:27] /r
[9/11/2017 23:45:28] /r
[9/11/2017 23:45:29] /r
[9/11/2017 23:45:30] /r
[9/11/2017 23:45:33] /r
[9/11/2017 23:45:34] /t
[9/11/2017 23:49:12] /up
[9/11/2017 23:49:12] /up
[9/11/2017 23:58:17] /t
[10/11/2017 0:7:18] /goto targeta ooo leo
[10/11/2017 0:7:24] /t
[10/11/2017 0:7:35] /i madara legs
[10/11/2017 0:15:42] /a 50
[10/11/2017 0:15:45] /a 40
[10/11/2017 0:15:47] /a 2
[10/11/2017 0:16:25] /goto eawww
[10/11/2017 0:16:33] /a 50
[10/11/2017 0:16:36] /a 40
[10/11/2017 0:16:38] /a 3
[10/11/2017 0:16:40] /c Orihime Inoue
[10/11/2017 0:16:44] /c eawww
[10/11/2017 0:17:4] /t eawww
[10/11/2017 0:18:5] /c Absolut vodka
[10/11/2017 0:18:19] /c machista
[10/11/2017 0:18:32] /c tina turner
[10/11/2017 0:18:37] /t
[10/11/2017 0:19:40] /goto shakal
[10/11/2017 0:19:44] /i obito mask
[10/11/2017 0:20:41] /addskill Guui Dos Kamui,level,1
[10/11/2017 0:21:8] /addskill Shakal,level,1
[10/11/2017 0:21:26] /addskill Killer Three,level,1
[10/11/2017 0:21:53] /t
[10/11/2017 0:22:22] /addskill leeo Dos Kamui,level,1
[10/11/2017 0:23:0] /goto Guui Dos Kamui
[10/11/2017 0:23:5] /i enma staff
[10/11/2017 0:24:5] /i gold bars
[10/11/2017 0:24:8] /i gold bar
[10/11/2017 0:24:14] /i gold bar
[10/11/2017 0:24:17] /t
[10/11/2017 0:25:57] /goto shakal
[10/11/2017 0:26:13] /i stamina refil
[10/11/2017 0:26:23] /t
[10/11/2017 0:26:34] /a 3
[10/11/2017 0:26:49] /goto shakal
[10/11/2017 0:26:59] /i pergaminho de stamina
[10/11/2017 0:27:7] /i pergaminho stamina
[10/11/2017 0:27:24] /t
[10/11/2017 0:27:48] /up
[10/11/2017 0:27:51] /up
[10/11/2017 0:28:11] /addskill Guui Dos Kamui,magic,1
[10/11/2017 0:28:17] /addskill Guui Dos Kamui,magic,1
[10/11/2017 0:28:18] /addskill Guui Dos Kamui,magic,1
[10/11/2017 0:28:46] /addskill Guui Dos Kamui,magic,1
[10/11/2017 0:28:47] /addskill Guui Dos Kamui,magic,1
[10/11/2017 0:28:48] /addskill Guui Dos Kamui,magic,1
[10/11/2017 0:29:8] /addskill Guui Dos Kamui,sword,1
[10/11/2017 0:29:9] /addskill Guui Dos Kamui,sword,1
[10/11/2017 0:29:10] /addskill Guui Dos Kamui,sword,1
[10/11/2017 0:29:55] /t
[10/11/2017 0:31:48] /t guui dos kamui
[10/11/2017 0:34:5] /i tobi mask
[10/11/2017 0:34:51] /r
[10/11/2017 0:35:29] /c shakal
[10/11/2017 0:36:14] /i minato tunic
[10/11/2017 0:36:53] /r
[10/11/2017 0:38:38] /r
[10/11/2017 0:40:42] /i madara legs
[10/11/2017 0:42:11] /goto killer three
[10/11/2017 0:42:25] /c guui dos kamui
[10/11/2017 0:43:5] /goto shakal
[10/11/2017 0:43:9] /c guui dos kamui
[10/11/2017 0:43:12] /c killer three
[10/11/2017 0:49:44] /t
[10/11/2017 0:57:54] /t killer three
[10/11/2017 1:6:35] /newtype 444
[10/11/2017 1:6:38] /newtype 130
[10/11/2017 1:6:42] /newtype 131
[10/11/2017 1:6:44] /t
[10/11/2017 1:22:50] /newtype 130
[10/11/2017 1:22:56] /newtype 80
[10/11/2017 1:25:10] /newtype 300
[10/11/2017 1:25:16] /newtype 301
[10/11/2017 12:35:5] /newtype 394
[10/11/2017 21:6:55] /b Boa noite lindos
[10/11/2017 21:17:9] /newtype 340
[10/11/2017 21:17:15] /newtype 230
[10/11/2017 21:17:20] /newtype 245
[10/11/2017 21:47:11] /newtype 399
[10/11/2017 21:47:25] /newtype 345
[11/11/2017 4:14:20] /cliport
[12/11/2017 17:11:19] /cliport
[12/11/2017 17:11:48] /b Boa Tarde <3
[12/11/2017 17:13:35] /newtype 183
[12/11/2017 19:20:1] /b oi
[12/11/2017 19:20:30] /b tudo bem com voces?
[12/11/2017 19:21:3] /b alguem me salva estou preso :(
[12/11/2017 19:26:15] /b Pra quem nao sabe, tem um site disponivel que mostra alguns itens de task: http://ntoabshelp.webnode.com/
[12/11/2017 19:26:23] /b Pra quem nao sabe, tem um site disponivel que mostra alguns itens de task: http://ntoabshelp.webnode.com/
[12/11/2017 19:26:24] /b Pra quem nao sabe, tem um site disponivel que mostra alguns itens de task: http://ntoabshelp.webnode.com/
[12/11/2017 19:26:25] /b Pra quem nao sabe, tem um site disponivel que mostra alguns itens de task: http://ntoabshelp.webnode.com/
[12/11/2017 19:49:31] /b oi nicks
[12/11/2017 19:53:36] /b oi seus gatos
[12/11/2017 20:47:46] /b Guui Dos Kamui = 1 Lugar ( Parabens )
[13/11/2017 14:29:36] /b Boa Tarde 
[13/11/2017 14:34:30] /b Boa tarde
[13/11/2017 14:35:26] /newtype 300
[13/11/2017 14:36:16] /newtype 300, tina turner
[13/11/2017 14:36:39] /newtype 301
[13/11/2017 14:36:41] /newtype 303
[13/11/2017 14:36:43] /newtype 305
[13/11/2017 14:36:46] /newtype 306
[13/11/2017 14:37:18] /newtype 310
[13/11/2017 14:37:21] /newtype 311
[13/11/2017 14:37:27] /newtype 312
[13/11/2017 14:37:30] /newtype 334
[13/11/2017 14:37:44] /newtype 334, Tina Turner
[13/11/2017 14:38:3] /newtype 335
[13/11/2017 14:38:5] /newtype 336
[13/11/2017 14:38:8] /newtype 337
[13/11/2017 14:38:11] /newtype 338
[13/11/2017 14:38:21] /newtype 338, Tina Turner
[13/11/2017 14:38:33] /newtype 339
[13/11/2017 14:38:37] /newtype 340
[13/11/2017 14:38:42] /newtype 341
[13/11/2017 14:38:44] /newtype 343
[13/11/2017 14:38:46] /newtype 346
[13/11/2017 14:38:52] /newtype 347
[13/11/2017 14:39:2] /newtype 347, Tina Turner
[13/11/2017 14:39:9] /newtype 348
[13/11/2017 14:39:15] /newtype 349
[13/11/2017 14:39:35] /newtype 347
[13/11/2017 14:39:56] /newtype 348
[13/11/2017 14:39:59] /newtype 350
[13/11/2017 14:40:2] /newtype 351
[13/11/2017 14:40:4] /newtype 352
[13/11/2017 14:40:19] /newtype 352, Tina Turner
[13/11/2017 14:40:33] /newtype 353
[13/11/2017 14:40:36] /newtype 354
[13/11/2017 14:40:38] /newtype 355
[13/11/2017 14:40:47] /newtype 356
[13/11/2017 14:40:54] /newtype 357
[13/11/2017 14:40:58] /newtype 358
[13/11/2017 14:41:1] /newtype 359
[13/11/2017 14:41:5] /newtype 360
[13/11/2017 14:41:7] /newtype 361
[13/11/2017 14:41:9] /newtype 362
[13/11/2017 14:41:19] /newtype 362, Tina Turner
[13/11/2017 14:41:49] /newtype 363
[13/11/2017 14:41:52] /newtype 364
[13/11/2017 14:41:53] /newtype 365
[13/11/2017 14:41:55] /newtype 366
[13/11/2017 14:41:58] /newtype 367
[13/11/2017 14:42:0] /newtype 368
[13/11/2017 14:42:11] /newtype 369
[13/11/2017 14:42:16] /newtype 370
[13/11/2017 14:42:18] /newtype 371
[13/11/2017 14:42:21] /newtype 372
[13/11/2017 14:42:24] /newtype 373
[13/11/2017 14:42:26] /newtype 374
[13/11/2017 14:42:33] /newtype 375
[13/11/2017 14:42:35] /newtype 376
[13/11/2017 14:42:39] /newtype 377
[13/11/2017 14:42:42] /newtype 378
[13/11/2017 14:42:45] /newtype 379
[13/11/2017 14:43:17] /newtype 380
[13/11/2017 14:43:25] /newtype 132
[13/11/2017 14:43:33] /newtype 399
[14/11/2017 12:49:34] /cliport
[15/11/2017 1:33:45] /b Boa noite 
[15/11/2017 1:35:48] /newtype 300, barry allen
[15/11/2017 1:36:35] /b O Menozin Rever Suas Atitudes Que O Crime N Eh O creme Entt Tu nNao Se Ilude
[15/11/2017 1:38:43] /newtype 320
[15/11/2017 1:38:55] /newtype 321
[15/11/2017 2:42:20] /newtype 231
[15/11/2017 2:42:33] /newtype 231, Drinky
[15/11/2017 2:42:57] /newtype 231, ousadin
[15/11/2017 3:0:31] /newtype 14
[15/11/2017 3:0:34] /newtype 10
[15/11/2017 3:0:39] /newtype 3
[15/11/2017 3:0:44] /newtype 10
[15/11/2017 3:0:46] /newtype 13
[15/11/2017 3:0:56] /newtype 13, drinky
[15/11/2017 3:1:2] /newtype 13, ousadin
[15/11/2017 3:1:31] /newtype 20
[15/11/2017 3:1:38] /newtype 20, ousadin
[15/11/2017 3:1:41] /newtype 21
[15/11/2017 3:1:45] /newtype 22
[15/11/2017 3:1:47] /newtype 23
[15/11/2017 3:1:50] /newtype 24
[15/11/2017 3:1:58] /newtype 25
[15/11/2017 3:2:2] /newtype 26
[15/11/2017 3:2:5] /newtype 100
[15/11/2017 3:2:8] /newtype 101
[15/11/2017 3:2:18] /newtype 101, ousadin
[15/11/2017 3:2:21] /newtype 102
[15/11/2017 3:2:31] /newtype 102, ousadin
[15/11/2017 3:2:35] /newtype 103
[15/11/2017 3:2:40] /newtype 104
[15/11/2017 3:2:42] /newtype 105
[15/11/2017 3:2:46] /newtype 110
[15/11/2017 3:2:49] /newtype 104
[15/11/2017 3:2:53] /newtype 107
[15/11/2017 3:2:57] /newtype 108
[15/11/2017 3:3:3] /newtype 109
[15/11/2017 3:3:15] /newtype 109, drinky
[15/11/2017 20:17:50] /newtype 10, drinky
[18/11/2017 1:36:49] /b boa noite para os humanos e boa noite para os bahia
[18/11/2017 1:37:0] /b <3
[18/11/2017 1:38:44] /b Quem quer invasao? Cola DP
[18/11/2017 15:33:50] /b O nirson mandou avisar que ele ta sem net.
[18/11/2017 15:36:8] /b em questao da invasao de ontem, nao foi aprovada.
[18/11/2017 15:36:10] /b sorry
[18/11/2017 15:38:29] /b Duvidas no HELP.
[18/11/2017 16:26:55] /newtype 250, killer three
[18/11/2017 16:27:2] /newtype 233
[18/11/2017 16:27:5] /newtype 245
[18/11/2017 16:27:12] /newtype 245, killer three
[18/11/2017 16:27:22] /newtype 231
[18/11/2017 16:27:26] /newtype 105
[18/11/2017 16:27:34] /newtype 107
[18/11/2017 16:27:37] /newtype 108
[18/11/2017 16:27:43] /newtype 108, killer three
[18/11/2017 16:27:55] /newtype 109, killer three
[18/11/2017 16:28:5] /newtype 111
[18/11/2017 16:28:10] /newtype 111, killer threee
[18/11/2017 16:28:17] /newtype 111, killer three
[18/11/2017 16:28:24] /newtype 110
[18/11/2017 16:28:33] /newtype 112
[18/11/2017 16:29:5] /newtype 323
[18/11/2017 16:29:17] /newtype 323, killer three
[18/11/2017 16:29:36] /newtype 324, killer three
[18/11/2017 16:30:7] /newtype 10, killer three
[18/11/2017 16:30:35] /newtype 324, killer three
[18/11/2017 16:31:52] /newtype 343
[18/11/2017 16:31:58] /newtype 342
[18/11/2017 16:35:47] /newtype 300, killer three
[18/11/2017 16:35:54] /newtype 304
[18/11/2017 16:35:57] /newtype 305
[18/11/2017 16:36:1] /newtype 306
[18/11/2017 16:36:7] /newtype 305, killer three
[18/11/2017 16:36:13] /newtype 307
[18/11/2017 16:36:17] /newtype 308
[18/11/2017 16:36:35] /newtype 309
[18/11/2017 16:36:48] /newtype 343, killer three
[18/11/2017 16:36:59] /newtype 342, killer three
[18/11/2017 16:37:8] /newtype 322
[18/11/2017 16:37:16] /newtype 322, killer three
[18/11/2017 16:37:37] /newtype 323
[18/11/2017 16:37:44] /newtype 324, killer three
[18/11/2017 16:37:53] /newtype 322, killer three
[18/11/2017 16:41:59] /newtype 323
[18/11/2017 16:42:7] /newtype 324, killer three
[18/11/2017 16:42:12] /newtype 322
[18/11/2017 16:42:15] /newtype 322
[18/11/2017 16:42:29] /newtype 322, killer three
[18/11/2017 16:46:53] /b Staminer VIP ao lado do templo > 2 andar 
[18/11/2017 16:46:57] /b Staminer VIP ao lado do templo > 2 andar 
[18/11/2017 16:46:57] /b Staminer VIP ao lado do templo > 2 andar 
[18/11/2017 16:46:58] /b Staminer VIP ao lado do templo > 2 andar 
[19/11/2017 17:46:9] /newtype 322
[19/11/2017 17:57:22] /b Boa Tarde <3
[19/11/2017 19:9:29] /newtype 143
[19/11/2017 19:9:44] /newtype 144
[19/11/2017 19:9:48] /newtype 149
[19/11/2017 19:11:41] /newtype 42
[19/11/2017 19:12:1] /newtype 57
[19/11/2017 19:12:16] /newtype 57, fuuton
[19/11/2017 19:12:56] /newtype 66
[19/11/2017 19:13:2] /newtype 66, fuuton
[19/11/2017 19:13:26] /newtype 81
[19/11/2017 19:13:37] /newtype 81, fuuton
[19/11/2017 19:14:21] /newtype 94
[19/11/2017 19:14:29] /newtype 94, fuuton
[19/11/2017 19:15:4] /newtype 142, fuuton
[19/11/2017 19:16:18] /newtype 224
[19/11/2017 19:16:49] /newtype 254, fuuton
[19/11/2017 19:17:19] /newtype 257, fuuton
[19/11/2017 19:18:7] /newtype 390
[19/11/2017 19:18:12] /newtype 390, fuuton
[20/11/2017 23:31:48] /b O nickson ja tinha avisado uma vez a não bugarem a porta, pq se não iria ter punição. AVISADOS!
[20/11/2017 23:49:16] /a
[20/11/2017 23:49:17] /a
[20/11/2017 23:49:26] /goto fuuton
[20/11/2017 23:51:18] /a
[20/11/2017 23:52:30] /ghost
[20/11/2017 23:52:51] /newtype 322
[20/11/2017 23:53:53] /newtype 390
[20/11/2017 23:54:0] /newtype 383
[20/11/2017 23:54:14] /newtype 109
[20/11/2017 23:55:50] /t
[21/11/2017 0:1:27] /newtype 49
[21/11/2017 0:1:38] /newtype 79
[21/11/2017 0:3:9] /newtype 110
[21/11/2017 0:3:29] /b Boa Noite <3
[21/11/2017 0:4:17] /newtype 108
[21/11/2017 0:10:19] /ghost
[21/11/2017 0:10:26] /newtype 107
[21/11/2017 0:10:46] /t killer three
[21/11/2017 0:11:47] /ghost
[21/11/2017 0:12:9] /newtype 341
[21/11/2017 0:12:14] /newtype 323
[21/11/2017 0:12:28] /goto mano brown
[21/11/2017 0:12:30] /newtype 324
[21/11/2017 0:12:46] /newtype 34
[21/11/2017 0:12:47] /t
[21/11/2017 0:12:57] /newtype 35
[21/11/2017 0:13:7] /newtype 37
[21/11/2017 0:13:51] /newtype 373
[21/11/2017 0:14:20] /ghost
[21/11/2017 0:19:18] /a 4
[21/11/2017 0:19:22] /a 2
[21/11/2017 0:20:37] /a 6
[21/11/2017 0:20:43] /a 1
[21/11/2017 0:20:45] /a 1
[21/11/2017 0:20:48] /a 1
[21/11/2017 0:20:52] /a 1
[21/11/2017 0:21:0] /a 1
[21/11/2017 0:21:7] /down
[21/11/2017 0:22:36] /r
[21/11/2017 0:22:43] /m
[21/11/2017 0:23:50] /m snake
[21/11/2017 0:25:1] /clean
[21/11/2017 0:26:5] /goto kakashi travesti
[21/11/2017 0:26:31] /ghost
[21/11/2017 0:26:45] /a
[21/11/2017 0:27:6] /a 2
[21/11/2017 0:27:36] /r
[21/11/2017 0:27:37] /r
[21/11/2017 0:27:41] /r
[21/11/2017 0:28:15] /t
[21/11/2017 0:28:18] /ghost
[21/11/2017 0:28:50] /goto Alanbidanomeusaco
[21/11/2017 0:29:48] /a 10
[21/11/2017 0:29:48] /a 10
[21/11/2017 0:29:48] /a 10
[21/11/2017 0:29:49] /a 10
[21/11/2017 0:29:49] /a 10
[21/11/2017 0:29:49] /a 10
[21/11/2017 0:29:50] /a 10
[21/11/2017 0:29:50] /a 10
[21/11/2017 0:29:50] /a 10
[21/11/2017 0:29:50] /a 10
[21/11/2017 0:29:51] /a 10
[21/11/2017 0:29:51] /a 10
[21/11/2017 0:29:51] /a 10
[21/11/2017 0:29:52] /a 10
[21/11/2017 0:29:52] /a 10
[21/11/2017 0:29:52] /a 10
[21/11/2017 0:29:53] /a 10
[21/11/2017 0:29:53] /a 10
[21/11/2017 0:29:53] /a 10
[21/11/2017 0:29:54] /a 10
[21/11/2017 0:29:54] /a 10
[21/11/2017 0:29:54] /a 10
[21/11/2017 0:29:54] /a 10
[21/11/2017 0:29:56] /a 10
[21/11/2017 0:29:56] /a 10
[21/11/2017 0:29:56] /a 10
[21/11/2017 0:29:57] /a 10
[21/11/2017 0:29:58] /a 10
[21/11/2017 0:29:58] /a 10
[21/11/2017 0:29:59] /a 10
[21/11/2017 0:29:59] /a 10
[21/11/2017 0:30:1] /a 10
[21/11/2017 0:30:1] /a 10
[21/11/2017 0:30:1] /a 10
[21/11/2017 0:30:2] /a 10
[21/11/2017 0:30:2] /a 10
[21/11/2017 0:30:3] /a 10
[21/11/2017 0:30:3] /a 10
[21/11/2017 0:30:3] /a 10
[21/11/2017 0:30:4] /a 10
[21/11/2017 0:30:4] /a 10
[21/11/2017 0:30:4] /a 10
[21/11/2017 0:30:5] /a 10
[21/11/2017 0:30:6] /a 10
[21/11/2017 0:30:6] /a 10
[21/11/2017 0:30:7] /a 10
[21/11/2017 0:30:7] /a 10
[21/11/2017 0:30:8] /a 10
[21/11/2017 0:30:8] /a 10
[21/11/2017 0:30:9] /a 10
[21/11/2017 0:30:9] /a 10
[21/11/2017 0:30:9] /a 10
[21/11/2017 0:30:10] /a 10
[21/11/2017 0:30:10] /a 10
[21/11/2017 0:30:12] /a 10
[21/11/2017 0:30:12] /a 10
[21/11/2017 0:30:13] /a 10
[21/11/2017 0:30:13] /a 10
[21/11/2017 0:30:16] /a 10
[21/11/2017 0:30:16] /a 10
[21/11/2017 0:30:17] /a 10
[21/11/2017 0:30:23] /a 10
[21/11/2017 0:30:24] /a 10
[21/11/2017 0:30:24] /a 10
[21/11/2017 0:30:24] /a 10
[21/11/2017 0:30:24] /a 10
[21/11/2017 0:30:24] /a 10
[21/11/2017 0:30:25] /a 10
[21/11/2017 0:30:26] /a 10
[21/11/2017 0:30:27] /a 10
[21/11/2017 0:30:27] /a 10
[21/11/2017 0:30:28] /a 10
[21/11/2017 0:30:31] /a 10
[21/11/2017 0:30:31] /a 10
[21/11/2017 0:30:31] /a 10
[21/11/2017 0:30:32] /a 10
[21/11/2017 0:30:33] /a 10
[21/11/2017 0:30:33] /a 10
[21/11/2017 0:30:33] /a 10
[21/11/2017 0:30:33] /a 10
[21/11/2017 0:30:34] /a 10
[21/11/2017 0:30:34] /a 10
[21/11/2017 0:30:34] /a 10
[21/11/2017 0:30:34] /a 10
[21/11/2017 0:30:34] /a 10
[21/11/2017 0:30:34] /a 10
[21/11/2017 0:30:35] /a 10
[21/11/2017 0:30:35] /a 10
[21/11/2017 0:30:37] /a 10
[21/11/2017 0:30:37] /a 10
[21/11/2017 0:30:37] /a 10
[21/11/2017 0:30:37] /a 10
[21/11/2017 0:30:38] /a 10
[21/11/2017 0:30:38] /a 10
[21/11/2017 0:30:40] /a 10
[21/11/2017 0:30:41] /a 10
[21/11/2017 0:30:41] /a 10
[21/11/2017 0:30:41] /a 10
[21/11/2017 0:30:41] /a 10
[21/11/2017 0:30:41] /a 10
[21/11/2017 0:30:42] /a 10
[21/11/2017 0:30:43] /a 10
[21/11/2017 0:30:43] /a 10
[21/11/2017 0:30:43] /a 10
[21/11/2017 0:30:44] /a 10
[21/11/2017 0:30:44] /a 10
[21/11/2017 0:30:44] /a 10
[21/11/2017 0:30:45] /a 10
[21/11/2017 0:30:45] /a 10
[21/11/2017 0:30:45] /a 10
[21/11/2017 0:30:45] /a 10
[21/11/2017 0:30:45] /a 10
[21/11/2017 0:30:45] /a 10
[21/11/2017 0:30:47] /a 10
[21/11/2017 0:30:47] /a 10
[21/11/2017 0:30:47] /a 10
[21/11/2017 0:30:48] /a 10
[21/11/2017 0:30:48] /a 10
[21/11/2017 0:30:49] /a 10
[21/11/2017 0:30:49] /a 10
[21/11/2017 0:30:50] /a 10
[21/11/2017 0:30:50] /a 10
[21/11/2017 0:30:50] /a 10
[21/11/2017 0:30:50] /a 10
[21/11/2017 0:30:50] /a 10
[21/11/2017 0:30:51] /a 10
[21/11/2017 0:30:52] /a 10
[21/11/2017 0:30:52] /a 10
[21/11/2017 0:30:52] /a 10
[21/11/2017 0:30:52] /a 10
[21/11/2017 0:30:52] /a 10
[21/11/2017 0:30:54] /a 10
[21/11/2017 0:30:55] /a 10
[21/11/2017 0:30:55] /a 10
[21/11/2017 0:30:55] /a 10
[21/11/2017 0:30:57] /a 10
[21/11/2017 0:30:57] /a 10
[21/11/2017 0:30:58] /a 10
[21/11/2017 0:30:58] /a 10
[21/11/2017 0:30:58] /a 10
[21/11/2017 0:30:58] /a 10
[21/11/2017 0:30:58] /a 10
[21/11/2017 0:31:0] /a 10
[21/11/2017 0:31:0] /a 10
[21/11/2017 0:31:0] /a 10
[21/11/2017 0:31:2] /a 10
[21/11/2017 0:31:2] /a 10
[21/11/2017 0:31:2] /a 10
[21/11/2017 0:31:2] /a 10
[21/11/2017 0:31:2] /a 10
[21/11/2017 0:31:2] /a 10
[21/11/2017 0:31:3] /a 10
[21/11/2017 0:31:3] /a 10
[21/11/2017 0:31:3] /a 10
[21/11/2017 0:31:3] /a 10
[21/11/2017 0:31:4] /a 10
[21/11/2017 0:31:4] /a 10
[21/11/2017 0:31:12] /goto Saul Goodman 
[21/11/2017 0:32:4] /a 40
[21/11/2017 0:32:7] /a 30
[21/11/2017 0:32:14] /a 50
[21/11/2017 0:32:16] /a 50
[21/11/2017 0:32:18] /a 30
[21/11/2017 0:32:21] /up
[21/11/2017 0:33:0] /a 10
[21/11/2017 0:33:0] /a 10
[21/11/2017 0:33:1] /a 10
[21/11/2017 0:33:4] /down
[21/11/2017 0:33:5] /a 10
[21/11/2017 0:33:7] /a 10
[21/11/2017 0:33:7] /a 10
[21/11/2017 0:33:49] /goto Saul Goodman
[21/11/2017 0:34:4] /goto Saul Goodman
[21/11/2017 0:34:10] /goto Saul Goodman
[21/11/2017 0:34:21] /a 4
[21/11/2017 0:34:24] /a 50
[21/11/2017 0:34:24] /a 50
[21/11/2017 0:34:26] /a 50
[21/11/2017 0:34:29] /a 30
[21/11/2017 0:34:32] /a 10
[21/11/2017 0:34:33] /a 10
[21/11/2017 0:34:36] /a 10
[21/11/2017 0:34:57] /a 
[21/11/2017 0:35:12] /a 4
[21/11/2017 0:36:12] /goto Saul Goodman 
[21/11/2017 0:37:25] /up
[21/11/2017 0:38:6] /goto Saul Goodman 
[21/11/2017 0:38:22] /goto Saul Goodman 
[21/11/2017 0:38:23] /ghost
[21/11/2017 0:38:30] /m naruto kurama boss
[21/11/2017 0:38:40] /m naruto kurama
[21/11/2017 0:38:50] /r
[21/11/2017 0:40:23] /ghost
[21/11/2017 0:40:25] /goto fuuton
[21/11/2017 0:40:53] /goto fuuton
[21/11/2017 0:41:7] /goto Saul Goodman
[21/11/2017 0:41:45] /goto Saul Goodman 
[21/11/2017 0:41:48] /a 2
[21/11/2017 0:41:56] /m naruto kurama
[21/11/2017 0:42:10] /a 
[21/11/2017 0:42:17] /t
[21/11/2017 0:43:12] /goto mercedes benz
[21/11/2017 0:43:18] /r
[21/11/2017 0:43:23] /r
[21/11/2017 0:43:31] /goto fuuton
[21/11/2017 0:43:39] /a 70
[21/11/2017 0:43:41] /a 10
[21/11/2017 0:43:45] /a 5
[21/11/2017 0:43:47] /a 3
[21/11/2017 0:44:44] /a 2
[21/11/2017 0:44:48] /a 2
[21/11/2017 0:45:6] /a 2
[21/11/2017 0:45:21] /goto todo poderoso three
[21/11/2017 0:45:26] /a 2
[21/11/2017 0:45:29] /ghost
[21/11/2017 0:45:53] /ghost
[21/11/2017 0:46:31] /t
[21/11/2017 0:47:14] /goto fuuton
[21/11/2017 0:47:16] /a 2
[21/11/2017 0:47:19] /m tsunade
[21/11/2017 0:47:59] /t
[21/11/2017 0:51:49] /goto fuuton
[21/11/2017 0:51:51] /a 2
[21/11/2017 0:52:32] /a
[21/11/2017 0:52:43] /r
[21/11/2017 0:52:46] /r
[21/11/2017 0:52:51] /r
[21/11/2017 0:53:9] /m trainer
[21/11/2017 0:53:12] /r
[21/11/2017 0:54:4] /m naruto kurama
[21/11/2017 0:54:6] /a 2
[21/11/2017 0:54:23] /a 10
[21/11/2017 0:54:26] /a 10
[21/11/2017 0:54:51] /t cuck
[21/11/2017 0:55:0] /t dereguejhonson
[21/11/2017 0:55:25] /a
[21/11/2017 0:55:26] /r
[21/11/2017 0:56:8] /a 40
[21/11/2017 0:56:11] /a 40
[21/11/2017 0:56:16] /goto cuck
[21/11/2017 0:56:20] /ghost
[21/11/2017 0:56:28] /a 2
[21/11/2017 0:56:33] /ghost
[21/11/2017 0:56:45] /ghost
[21/11/2017 0:57:29] /ghost
[21/11/2017 0:57:33] /a 50
[21/11/2017 0:57:35] /a 30
[21/11/2017 0:57:37] /a 2
[21/11/2017 0:57:40] /a 8
[21/11/2017 0:58:6] /a
[21/11/2017 0:58:27] /ghost
[21/11/2017 0:58:28] /ghost
[21/11/2017 0:58:29] /t
[21/11/2017 0:58:42] /t 2
[21/11/2017 0:58:44] /t
[21/11/2017 0:58:51] /r
[21/11/2017 0:59:3] /r
[21/11/2017 0:59:13] /goto shikamaru
[21/11/2017 1:0:21] /m sasuke boss
[21/11/2017 1:0:27] /r
[21/11/2017 1:0:29] /r
[21/11/2017 1:1:5] /a 4
[21/11/2017 1:1:6] /up
[21/11/2017 1:1:14] /down
[21/11/2017 1:1:16] /a 5
[21/11/2017 1:2:33] /a 
[21/11/2017 1:2:35] /a
[21/11/2017 1:2:39] /m naruto kurama
[21/11/2017 1:2:41] /a 2
[21/11/2017 1:3:41] /a 2
[21/11/2017 1:7:50] /a 2
[21/11/2017 1:7:51] /r
[21/11/2017 1:7:55] /t cuck
[21/11/2017 1:7:58] /t shikamaru
[21/11/2017 1:8:4] /t dereguejhonson
[21/11/2017 1:8:16] /t fuuton
[21/11/2017 1:10:0] /goto fuuton
[21/11/2017 1:10:9] /a 2
[21/11/2017 1:10:48] /a 2
[21/11/2017 1:10:51] /a 2
[21/11/2017 1:10:57] /a 50
[21/11/2017 1:11:1] /a 5
[21/11/2017 1:11:3] /a 10
[21/11/2017 1:11:7] /a 1
[21/11/2017 1:11:12] /a 3
[21/11/2017 1:11:14] /a 2
[21/11/2017 1:11:31] /goto fuuton
[21/11/2017 1:11:35] /a 
[21/11/2017 1:11:43] /m minato kurama boss
[21/11/2017 1:11:46] /a 3
[21/11/2017 1:12:23] /ghost
[21/11/2017 1:18:4] /a 2
[21/11/2017 1:18:42] /t fuuton
[21/11/2017 1:18:46] /t shikamaru
[21/11/2017 1:18:48] /t cuck
[21/11/2017 1:20:9] /t fuuton
[21/11/2017 1:20:16] /t
[21/11/2017 1:24:34] /goto Coffe With Milk
[21/11/2017 1:24:51] /ghost
[21/11/2017 1:25:30] /goto Coffe With Milk
[21/11/2017 1:25:50] /a 2
[21/11/2017 1:26:20] /goto Coffe With Milk
[21/11/2017 1:26:30] /a 2
[21/11/2017 1:26:43] /m naruto boss
[21/11/2017 1:26:58] /r
[21/11/2017 1:27:3] /r
[21/11/2017 1:27:12] /m naruto kurama
[21/11/2017 1:27:47] /a 50
[21/11/2017 1:27:49] /a 3
[21/11/2017 1:27:50] /a 
[21/11/2017 1:27:52] /a 50
[21/11/2017 1:27:55] /a 10
[21/11/2017 1:27:57] /a 20
[21/11/2017 1:27:59] /a 10
[21/11/2017 1:28:1] /a 3
[21/11/2017 1:28:4] /a 1
[21/11/2017 1:28:14] /a 3
[21/11/2017 1:28:32] /goto leozinho te soca
[21/11/2017 1:28:35] /goto depressivo
[21/11/2017 1:29:18] /goto Milk With Coffe
[21/11/2017 1:29:27] /m wolf
[21/11/2017 1:29:29] /m wolf
[21/11/2017 1:29:31] /m wolf
[21/11/2017 1:29:32] /m wolf
[21/11/2017 1:29:33] /m wolf
[21/11/2017 1:29:33] /m wolf
[21/11/2017 1:29:33] /m wolf
[21/11/2017 1:29:33] /m wolf
[21/11/2017 1:29:34] /m wolf
[21/11/2017 1:29:35] /m wolf
[21/11/2017 1:29:36] /m wolf
[21/11/2017 1:29:36] /m wolf
[21/11/2017 1:29:36] /m wolf
[21/11/2017 1:29:37] /m wolf
[21/11/2017 1:29:37] /m wolf
[21/11/2017 1:29:37] /m wolf
[21/11/2017 1:29:37] /m wolf
[21/11/2017 1:29:38] /m wolf
[21/11/2017 1:29:38] /m wolf
[21/11/2017 1:29:38] /m wolf
[21/11/2017 1:29:39] /m wolf
[21/11/2017 1:29:39] /m wolf
[21/11/2017 1:29:39] /m wolf
[21/11/2017 1:29:40] /m wolf
[21/11/2017 1:29:40] /m wolf
[21/11/2017 1:29:40] /m wolf
[21/11/2017 1:29:40] /m wolf
[21/11/2017 1:29:41] /m wolf
[21/11/2017 1:29:41] /m wolf
[21/11/2017 1:29:41] /m wolf
[21/11/2017 1:29:42] /m wolf
[21/11/2017 1:29:42] /m wolf
[21/11/2017 1:29:43] /m wolf
[21/11/2017 1:29:44] /m wolf
[21/11/2017 1:29:44] /m wolf
[21/11/2017 1:29:45] /m wolf
[21/11/2017 1:29:45] /m wolf
[21/11/2017 1:29:45] /m wolf
[21/11/2017 1:29:46] /m wolf
[21/11/2017 1:29:47] /a 5
[21/11/2017 1:29:48] /m wolf
[21/11/2017 1:29:48] /m wolf
[21/11/2017 1:29:48] /m wolf
[21/11/2017 1:29:48] /m wolf
[21/11/2017 1:29:49] /m wolf
[21/11/2017 1:29:49] /m wolf
[21/11/2017 1:29:49] /m wolf
[21/11/2017 1:29:50] /m wolf
[21/11/2017 1:29:50] /m wolf
[21/11/2017 1:29:50] /m wolf
[21/11/2017 1:29:50] /m wolf
[21/11/2017 1:29:51] /m wolf
[21/11/2017 1:29:51] /m wolf
[21/11/2017 1:29:51] /m wolf
[21/11/2017 1:31:3] /m chunnin
[21/11/2017 1:31:4] /m chunnin
[21/11/2017 1:31:4] /m chunnin
[21/11/2017 1:31:5] /m chunnin
[21/11/2017 1:31:5] /m chunnin
[21/11/2017 1:31:5] /m chunnin
[21/11/2017 1:31:6] /m chunnin
[21/11/2017 1:31:7] /m chunnin
[21/11/2017 1:31:8] /m chunnin
[21/11/2017 1:31:8] /m chunnin
[21/11/2017 1:31:8] /m chunnin
[21/11/2017 1:31:16] /m chunnin
[21/11/2017 1:31:17] /m chunnin
[21/11/2017 1:31:17] /m chunnin
[21/11/2017 1:31:17] /m chunnin
[21/11/2017 1:31:18] /m chunnin
[21/11/2017 1:31:23] /m chunnin
[21/11/2017 1:32:34] /goto Milk With Coffe
[21/11/2017 1:32:39] /a 4
[21/11/2017 1:33:6] /t
[21/11/2017 1:35:16] /goto Milk With Coffe
[21/11/2017 1:35:20] /a 2
[21/11/2017 1:35:23] /m naruto kurama
[21/11/2017 1:35:31] /m naruto kurama
[21/11/2017 1:36:9] /t
[21/11/2017 1:36:20] /ghost
[21/11/2017 1:36:21] /ghost
[21/11/2017 1:36:28] /goto Milk With Coffe
[21/11/2017 1:36:30] /r
[21/11/2017 1:36:32] /r
[21/11/2017 1:36:35] /t
[21/11/2017 1:37:27] /m wolf
[21/11/2017 1:37:28] /m wolf
[21/11/2017 1:37:28] /m wolf
[21/11/2017 1:37:29] /m wolf
[21/11/2017 1:37:29] /m wolf
[21/11/2017 1:37:29] /m wolf
[21/11/2017 1:37:30] /m wolf
[21/11/2017 1:37:30] /m wolf
[21/11/2017 1:37:30] /m wolf
[21/11/2017 1:37:31] /m wolf
[21/11/2017 1:37:31] /m wolf
[21/11/2017 1:37:31] /m wolf
[21/11/2017 1:37:32] /m wolf
[21/11/2017 1:37:32] /m wolf
[21/11/2017 1:37:32] /m wolf
[21/11/2017 1:37:33] /m wolf
[21/11/2017 1:37:33] /m wolf
[21/11/2017 1:37:33] /m wolf
[21/11/2017 1:37:34] /m wolf
[21/11/2017 1:37:34] /m wolf
[21/11/2017 1:37:34] /m wolf
[21/11/2017 1:37:35] /m wolf
[21/11/2017 1:37:35] /m wolf
[21/11/2017 1:37:35] /m wolf
[21/11/2017 1:37:36] /m wolf
[21/11/2017 1:37:36] /m wolf
[21/11/2017 1:37:36] /m wolf
[21/11/2017 1:38:13] /m chunnin
[21/11/2017 1:38:14] /m chunnin
[21/11/2017 1:38:14] /m chunnin
[21/11/2017 1:38:15] /m chunnin
[21/11/2017 1:38:15] /m chunnin
[21/11/2017 1:38:15] /m chunnin
[21/11/2017 1:38:20] /goto lasanha
[21/11/2017 1:38:25] /a 2
[21/11/2017 1:39:41] /goto foxzinho
[21/11/2017 1:39:43] /m chunnin
[21/11/2017 1:39:44] /m chunnin
[21/11/2017 1:39:44] /m chunnin
[21/11/2017 1:39:44] /m chunnin
[21/11/2017 1:39:45] /m chunnin
[21/11/2017 1:39:45] /m chunnin
[21/11/2017 1:40:13] /m chunnin
[21/11/2017 1:40:14] /m chunnin
[21/11/2017 1:40:14] /m chunnin
[21/11/2017 1:40:14] /m chunnin
[21/11/2017 1:42:16] /t cuck
[21/11/2017 1:42:30] /t Three Viro Cuck
[21/11/2017 1:42:34] /t depressivo
[21/11/2017 1:42:40] /t Leozinho Tee Soca
[21/11/2017 1:44:19] /goto foxzinho
[21/11/2017 1:44:26] /a 4
[21/11/2017 1:45:0] /goto foxzinho
[21/11/2017 1:45:32] /goto lasanha
[21/11/2017 1:45:36] /a 4
[21/11/2017 1:45:38] /a 2
[21/11/2017 1:45:41] /m naruto kurama
[21/11/2017 1:45:59] /a 100
[21/11/2017 1:46:1] /a 30
[21/11/2017 1:46:2] /a 30
[21/11/2017 1:46:50] /goto malboro red
[21/11/2017 1:46:54] /t
[21/11/2017 1:47:9] /m chunnin
[21/11/2017 1:47:10] /m chunnin
[21/11/2017 1:47:10] /m chunnin
[21/11/2017 1:47:11] /m chunnin
[21/11/2017 1:47:11] /m chunnin
[21/11/2017 1:47:11] /m chunnin
[21/11/2017 1:47:11] /m chunnin
[21/11/2017 1:47:12] /m chunnin
[21/11/2017 1:47:12] /m chunnin
[21/11/2017 1:47:12] /m chunnin
[21/11/2017 1:47:27] /m wolf
[21/11/2017 1:47:27] /m wolf
[21/11/2017 1:47:28] /m wolf
[21/11/2017 1:47:28] /m wolf
[21/11/2017 1:47:28] /m wolf
[21/11/2017 1:47:28] /m wolf
[21/11/2017 1:47:29] /m wolf
[21/11/2017 1:47:29] /m wolf
[21/11/2017 1:47:29] /m wolf
[21/11/2017 1:47:30] /m wolf
[21/11/2017 1:47:31] /m wolf
[21/11/2017 1:47:31] /m wolf
[21/11/2017 1:47:31] /m wolf
[21/11/2017 1:47:37] /clean
[21/11/2017 1:48:5] /m chunnin
[21/11/2017 1:48:6] /m chunnin
[21/11/2017 1:48:6] /m chunnin
[21/11/2017 1:48:6] /m chunnin
[21/11/2017 1:48:7] /m chunnin
[21/11/2017 1:48:15] /r
[21/11/2017 1:48:17] /a 3
[21/11/2017 1:48:18] /m chunnin
[21/11/2017 1:48:19] /m chunnin
[21/11/2017 1:48:19] /m chunnin
[21/11/2017 1:48:19] /m chunnin
[21/11/2017 1:48:20] /m chunnin
[21/11/2017 1:48:20] /m chunnin
[21/11/2017 1:48:20] /m chunnin
[21/11/2017 1:48:21] /m chunnin
[21/11/2017 1:48:21] /m chunnin
[21/11/2017 1:48:21] /m chunnin
[21/11/2017 1:48:22] /m chunnin
[21/11/2017 1:48:22] /m chunnin
[21/11/2017 1:48:22] /m chunnin
[21/11/2017 1:50:14] /goto Marlboro Red 
[21/11/2017 1:50:44] /m wolf
[21/11/2017 1:50:45] /m wolf
[21/11/2017 1:50:45] /m wolf
[21/11/2017 1:50:45] /m wolf
[21/11/2017 1:50:46] /m wolf
[21/11/2017 1:50:46] /m wolf
[21/11/2017 1:50:46] /m wolf
[21/11/2017 1:50:47] /m wolf
[21/11/2017 1:51:30] /m wolf
[21/11/2017 1:51:30] /m wolf
[21/11/2017 1:51:33] /m wolf
[21/11/2017 1:51:33] /m wolf
[21/11/2017 1:51:34] /m wolf
[21/11/2017 1:51:34] /m wolf
[21/11/2017 1:51:34] /m wolf
[21/11/2017 1:51:34] /m wolf
[21/11/2017 1:52:8] /goto marlboro red
[21/11/2017 1:52:13] /a 3
[21/11/2017 1:53:9] /goto the niice lixo
[21/11/2017 1:53:13] /m chunnin
[21/11/2017 1:53:14] /m chunnin
[21/11/2017 1:53:14] /m chunnin
[21/11/2017 1:53:15] /m chunnin
[21/11/2017 1:53:15] /m chunnin
[21/11/2017 1:53:16] /m chunnin
[21/11/2017 1:53:16] /m chunnin
[21/11/2017 1:53:16] /m chunnin
[21/11/2017 1:53:17] /m chunnin
[21/11/2017 1:57:10] /goto the niice lixo
[21/11/2017 1:57:14] /a 3
[21/11/2017 1:57:33] /r
[21/11/2017 1:57:34] /r
[21/11/2017 1:58:8] /a 2
[21/11/2017 1:58:25] /a 2
[21/11/2017 1:59:19] /goto foxzinho
[21/11/2017 1:59:21] /r
[21/11/2017 2:0:20] /t
[21/11/2017 2:1:34] /goto lasanha
[21/11/2017 2:1:39] /a 2
[21/11/2017 2:1:42] /m naruto kurama
[21/11/2017 2:2:44] /t
[21/11/2017 2:5:10] /goto lasanha
[21/11/2017 2:5:15] /t
[21/11/2017 2:5:18] /goto lasanha
[21/11/2017 2:5:22] /r
[21/11/2017 2:5:24] /r
[21/11/2017 2:5:27] /r
[21/11/2017 2:11:7] /t
[21/11/2017 2:11:14] /t Milk With Coffe
[21/11/2017 2:11:15] /r
[21/11/2017 2:11:41] /goto lasanha
[21/11/2017 2:11:46] /a 2
[21/11/2017 2:12:10] /t
[21/11/2017 2:12:16] /t
[21/11/2017 2:12:22] /t Coffe With Milk
[21/11/2017 2:12:23] /r
[21/11/2017 2:13:42] /m wolf 
[21/11/2017 2:13:43] /m wolf 
[21/11/2017 2:13:43] /m wolf 
[21/11/2017 2:13:44] /m wolf /m wolf 
[21/11/2017 2:13:44] /m wolf 
[21/11/2017 2:13:44] /m wolf 
[21/11/2017 2:13:45] /m wolf 
[21/11/2017 2:13:45] /m wolf 
[21/11/2017 2:13:45] /m wolf 
[21/11/2017 2:13:46] /m wolf 
[21/11/2017 2:15:4] /m wolf 
[21/11/2017 2:15:4] /m wolf 
[21/11/2017 2:15:4] /m wolf 
[21/11/2017 2:15:5] /m wolf 
[21/11/2017 2:15:5] /m wolf 
[21/11/2017 2:15:5] /m wolf 
[21/11/2017 2:15:6] /m wolf 
[21/11/2017 2:15:6] /m wolf 
[21/11/2017 2:15:6] /m wolf 
[21/11/2017 2:15:7] /m wolf 
[21/11/2017 2:15:7] /m wolf 
[21/11/2017 2:15:7] /m wolf 
[21/11/2017 2:15:8] /m wolf 
[21/11/2017 2:15:8] /m wolf 
[21/11/2017 2:15:8] /m wolf 
[21/11/2017 2:15:9] /m wolf 
[21/11/2017 2:15:9] /m wolf 
[21/11/2017 2:15:10] /m wolf 
[21/11/2017 2:15:10] /m wolf 
[21/11/2017 2:15:10] /m wolf 
[21/11/2017 2:15:11] /m wolf 
[21/11/2017 2:15:11] /m wolf 
[21/11/2017 2:15:11] /m wolf 
[21/11/2017 2:15:12] /m wolf 
[21/11/2017 2:15:51] /m chunnin
[21/11/2017 2:15:52] /m chunnin
[21/11/2017 2:15:52] /m chunnin
[21/11/2017 2:15:52] /m chunnin
[21/11/2017 2:15:53] /m chunnin
[21/11/2017 2:15:53] /m chunnin
[21/11/2017 2:16:39] /m chunnin
[21/11/2017 2:16:39] /m chunnin
[21/11/2017 2:16:40] /m chunnin
[21/11/2017 2:16:40] /m chunnin
[21/11/2017 2:18:37] /goto matt
[21/11/2017 2:18:43] /a 2
[21/11/2017 2:18:52] /goto matt
[21/11/2017 2:18:55] /goto matt
[21/11/2017 2:20:5] /goto matt
[21/11/2017 2:20:26] /a 2
[21/11/2017 2:20:29] /m naruto kurama
[21/11/2017 2:20:44] /a 2
[21/11/2017 2:21:15] /t
[21/11/2017 2:30:59] /t
[21/11/2017 2:31:6] /t Marlboro Red
[21/11/2017 2:31:6] /r
[21/11/2017 2:31:13] /t Lasanha
[21/11/2017 2:31:14] /r
[21/11/2017 2:31:22] /t Foxzinho 
[21/11/2017 2:31:23] /r
[21/11/2017 2:31:29] /t The Niice Lixo
[21/11/2017 2:31:30] /r
[21/11/2017 2:31:41] /t matt
[21/11/2017 2:34:43] /a 2
[21/11/2017 2:37:15] /a 2
[21/11/2017 2:37:30] /a 2
[21/11/2017 2:37:58] /a 2
[21/11/2017 2:38:8] /a 2
[21/11/2017 12:57:38] /ghost
[21/11/2017 12:57:39] /ghost
[21/11/2017 12:57:47] /a 2
[21/11/2017 12:57:58] /a 2
[21/11/2017 12:58:22] /a 2
[21/11/2017 12:58:43] /t
[21/11/2017 13:38:7] /goto fuuton
[21/11/2017 13:38:20] /t
[21/11/2017 13:43:23] /goto fuuton
[21/11/2017 13:43:27] /r
[21/11/2017 13:43:29] /r
[21/11/2017 13:45:15] /t
[21/11/2017 13:45:21] /ghost
[21/11/2017 13:45:24] /newtype 231
[21/11/2017 13:53:20] /ghost
[21/11/2017 13:56:2] /goto three virou cuck
[21/11/2017 13:56:59] /a 50
[21/11/2017 13:56:59] /a 50
[21/11/2017 13:57:2] /a 50
[21/11/2017 13:57:3] /a 50
[21/11/2017 13:57:3] /a 50
[21/11/2017 13:57:4] /a 50
[21/11/2017 13:57:5] /a 50
[21/11/2017 13:57:6] /a 50
[21/11/2017 13:57:6] /a 50
[21/11/2017 13:57:7] /a 50
[21/11/2017 13:57:8] /a 50
[21/11/2017 13:57:8] /a 50
[21/11/2017 13:57:11] /up
[21/11/2017 13:57:17] /a 2
[21/11/2017 13:57:31] /a 2
[21/11/2017 13:57:52] /a 2
[21/11/2017 13:58:53] /t
[21/11/2017 14:3:53] /ghost
[21/11/2017 14:8:31] /down
[21/11/2017 14:8:34] /a 2
[21/11/2017 14:8:36] /down
[21/11/2017 14:8:38] /down
[21/11/2017 14:8:41] /a 2
[21/11/2017 14:8:54] /ghost
[21/11/2017 14:37:8] /a 4
[21/11/2017 16:3:1] /goto fuuton
[21/11/2017 16:3:4] /a 6
[21/11/2017 16:3:6] /a 2
[21/11/2017 16:3:8] /m trainer
[21/11/2017 16:3:9] /t
[21/11/2017 16:44:25] /ghost
[21/11/2017 16:44:32] /newtype 2
[21/11/2017 16:44:55] /ghost
[21/11/2017 16:44:57] /ghost
[21/11/2017 16:46:19] /newtype 10
[21/11/2017 16:46:27] /newtype 43
[21/11/2017 16:47:24] /b boa tarde
[21/11/2017 16:52:52] /newtype 231
[21/11/2017 16:54:1] /ghost
[21/11/2017 17:2:2] /t
[21/11/2017 17:2:36] /goto guui dos kamui
[21/11/2017 17:2:38] /r
[21/11/2017 17:2:40] /t
[21/11/2017 17:2:52] /goto guui dos kamui
[21/11/2017 17:2:54] /r
[21/11/2017 17:2:55] /t
[21/11/2017 17:4:26] /goto leozinho tanka tudo
[21/11/2017 17:4:29] /r
[21/11/2017 17:4:35] /r
[21/11/2017 17:5:11] /t
[21/11/2017 17:9:46] /ghost
[21/11/2017 17:9:51] /newtype 108
[21/11/2017 17:10:14] /newtype 231
[21/11/2017 17:12:59] /ghost
[21/11/2017 17:13:1] /t
[21/11/2017 17:14:13] /b O npc que recupera STAMINA, esta localizado na direita do TEMPLO. Name (STAMINER VIP)
[21/11/2017 17:14:15] /b O npc que recupera STAMINA, esta localizado na direita do TEMPLO. Name (STAMINER VIP)
[21/11/2017 17:14:15] /b O npc que recupera STAMINA, esta localizado na direita do TEMPLO. Name (STAMINER VIP)
[21/11/2017 18:54:30] /goto Deidara king
[21/11/2017 18:55:12] /ghost
[21/11/2017 18:55:53] /a 6
[21/11/2017 18:56:11] /ghost
[21/11/2017 18:56:19] /ghost
[21/11/2017 18:56:23] /a 5
[21/11/2017 18:56:28] /ghost
[21/11/2017 18:57:0] /a 4
[21/11/2017 18:58:18] /ghost
[21/11/2017 18:58:20] /ghost
[21/11/2017 19:0:3] /a 4
[21/11/2017 21:41:27] /t
[21/11/2017 21:41:37] /r
[21/11/2017 21:46:36] /r
[21/11/2017 21:49:27] /t
[21/11/2017 21:59:45] /goto nando bazuka
[21/11/2017 22:1:30] /goto machista
[21/11/2017 22:1:48] /t
[21/11/2017 22:4:4] /b Como ta o castle ? muita war?
[21/11/2017 22:4:10] /b Como ta o castle ? muita war?
[21/11/2017 22:6:38] /a 3
[21/11/2017 22:14:45] /t
[21/11/2017 22:14:54] /goto  Endo Kisame 
[21/11/2017 22:16:0] /t
[21/11/2017 22:21:43] /goto Endo Itachi 
[21/11/2017 22:23:14] /goto shikamaru
[21/11/2017 22:23:46] /up
[21/11/2017 22:23:47] /up
[21/11/2017 22:23:51] /up
[21/11/2017 22:25:39] /t
[21/11/2017 22:32:51] /t Coffe With Milk
[21/11/2017 22:53:57] /clean
[21/11/2017 23:7:25] /goto Tina Turner
[21/11/2017 23:7:32] /t
[21/11/2017 23:9:0] /goto Tina Turner
[21/11/2017 23:9:4] /t Tina Turner
[21/11/2017 23:9:5] /t
[21/11/2017 23:14:59] /clean
[21/11/2017 23:17:28] /a 10
[21/11/2017 23:17:29] /a 10
[21/11/2017 23:17:29] /a 10
[21/11/2017 23:17:29] /a 10
[21/11/2017 23:17:29] /a 10
[21/11/2017 23:17:29] /a 10
[21/11/2017 23:17:29] /a 10
[21/11/2017 23:17:29] /a 10
[21/11/2017 23:17:29] /a 10
[21/11/2017 23:17:29] /a 10
[21/11/2017 23:17:29] /a 10
[21/11/2017 23:17:29] /a 10
[21/11/2017 23:17:29] /a 10
[21/11/2017 23:17:29] /a 10
[21/11/2017 23:17:29] /a 10
[21/11/2017 23:17:29] /a 10
[21/11/2017 23:17:29] /a 10
[21/11/2017 23:17:29] /a 10
[21/11/2017 23:17:29] /a 10
[21/11/2017 23:17:29] /a 10
[21/11/2017 23:17:29] /a 10
[21/11/2017 23:17:30] /a 10
[21/11/2017 23:17:30] /a 10
[21/11/2017 23:17:30] /a 10
[21/11/2017 23:17:30] /a 10
[21/11/2017 23:17:30] /a 10
[21/11/2017 23:17:30] /a 10
[21/11/2017 23:17:30] /a 10
[21/11/2017 23:17:30] /a 10
[21/11/2017 23:17:30] /a 10
[21/11/2017 23:17:30] /a 10
[21/11/2017 23:17:30] /a 10
[21/11/2017 23:17:30] /a 10
[21/11/2017 23:17:30] /a 10
[21/11/2017 23:17:30] /a 10
[21/11/2017 23:17:30] /a 10
[21/11/2017 23:17:30] /a 10
[21/11/2017 23:17:30] /a 10
[21/11/2017 23:17:30] /a 10
[21/11/2017 23:17:30] /a 10
[21/11/2017 23:17:30] /a 10
[21/11/2017 23:17:30] /a 10
[21/11/2017 23:17:30] /a 10
[21/11/2017 23:17:30] /a 10
[21/11/2017 23:17:30] /a 10
[21/11/2017 23:17:30] /a 10
[21/11/2017 23:17:30] /a 10
[21/11/2017 23:17:30] /a 10
[21/11/2017 23:17:30] /a 10
[21/11/2017 23:17:30] /a 10
[21/11/2017 23:17:30] /a 10
[21/11/2017 23:17:30] /a 10
[21/11/2017 23:17:30] /a 10
[21/11/2017 23:17:31] /a 10
[21/11/2017 23:17:31] /a 10
[21/11/2017 23:17:31] /a 10
[21/11/2017 23:17:31] /a 10
[21/11/2017 23:17:31] /a 10
[21/11/2017 23:17:31] /a 10
[21/11/2017 23:17:31] /a 10
[21/11/2017 23:17:31] /a 10
[21/11/2017 23:17:31] /a 10
[21/11/2017 23:17:31] /a 10
[21/11/2017 23:17:31] /a 10
[21/11/2017 23:17:31] /a 10
[21/11/2017 23:17:31] /a 10
[21/11/2017 23:17:31] /a 10
[21/11/2017 23:17:31] /a 10
[21/11/2017 23:17:31] /a 10
[21/11/2017 23:17:31] /a 10
[21/11/2017 23:17:31] /a 10
[21/11/2017 23:17:31] /a 10
[21/11/2017 23:17:31] /a 10
[21/11/2017 23:17:31] /a 10
[21/11/2017 23:17:31] /a 10
[21/11/2017 23:17:32] /a 10
[21/11/2017 23:17:32] /a 10
[21/11/2017 23:17:32] /a 10
[21/11/2017 23:17:32] /a 10
[21/11/2017 23:17:32] /a 10
[21/11/2017 23:17:32] /a 10
[21/11/2017 23:17:32] /a 10
[21/11/2017 23:17:32] /a 10
[21/11/2017 23:17:32] /a 10
[21/11/2017 23:17:32] /a 10
[21/11/2017 23:17:32] /a 10
[21/11/2017 23:17:32] /a 10
[21/11/2017 23:17:32] /a 10
[21/11/2017 23:17:32] /a 10
[21/11/2017 23:17:32] /a 10
[21/11/2017 23:17:32] /a 10
[21/11/2017 23:17:32] /a 10
[21/11/2017 23:17:32] /a 10
[21/11/2017 23:17:32] /a 10
[21/11/2017 23:17:32] /a 10
[21/11/2017 23:17:32] /a 10
[21/11/2017 23:17:32] /a 10
[21/11/2017 23:17:32] /a 10
[21/11/2017 23:17:32] /a 10
[21/11/2017 23:17:32] /a 10
[21/11/2017 23:17:32] /a 10
[21/11/2017 23:17:32] /a 10
[21/11/2017 23:17:32] /a 10
[21/11/2017 23:17:32] /a 10
[21/11/2017 23:17:32] /a 10
[21/11/2017 23:17:32] /a 10
[21/11/2017 23:17:32] /a 10
[21/11/2017 23:17:33] /a 10
[21/11/2017 23:17:33] /a 10
[21/11/2017 23:17:33] /a 10
[21/11/2017 23:17:33] /a 10
[21/11/2017 23:17:33] /a 10
[21/11/2017 23:17:33] /a 10
[21/11/2017 23:17:33] /a 10
[21/11/2017 23:17:33] /a 10
[21/11/2017 23:17:33] /a 10
[21/11/2017 23:17:33] /a 10
[21/11/2017 23:17:33] /a 10
[21/11/2017 23:17:33] /a 10
[21/11/2017 23:17:33] /a 10
[21/11/2017 23:17:33] /a 10
[21/11/2017 23:17:34] /a 10
[21/11/2017 23:17:34] /a 10
[21/11/2017 23:17:34] /a 10
[21/11/2017 23:17:34] /a 10
[21/11/2017 23:17:34] /a 10
[21/11/2017 23:17:34] /a 10
[21/11/2017 23:17:34] /a 10
[21/11/2017 23:17:35] /a 10
[21/11/2017 23:17:35] /a 10
[21/11/2017 23:17:35] /a 10
[21/11/2017 23:17:35] /a 10
[21/11/2017 23:17:35] /a 10
[21/11/2017 23:17:35] /a 10
[21/11/2017 23:17:35] /a 10
[21/11/2017 23:17:35] /a 10
[21/11/2017 23:17:35] /a 10
[21/11/2017 23:17:35] /a 10
[21/11/2017 23:17:35] /a 10
[21/11/2017 23:17:35] /a 10
[21/11/2017 23:17:35] /a 10
[21/11/2017 23:17:35] /a 10
[21/11/2017 23:17:35] /a 10
[21/11/2017 23:17:35] /a 10
[21/11/2017 23:17:35] /a 10
[21/11/2017 23:17:35] /a 10
[21/11/2017 23:17:35] /a 10
[21/11/2017 23:17:35] /a 10
[21/11/2017 23:17:35] /a 10
[21/11/2017 23:17:35] /a 10
[21/11/2017 23:17:35] /a 10
[21/11/2017 23:17:35] /a 10
[21/11/2017 23:17:35] /a 10
[21/11/2017 23:17:35] /a 10
[21/11/2017 23:17:35] /a 10
[21/11/2017 23:17:35] /a 10
[21/11/2017 23:17:35] /a 10
[21/11/2017 23:17:35] /a 10
[21/11/2017 23:17:36] /a 10
[21/11/2017 23:17:36] /a 10
[21/11/2017 23:17:36] /a 10
[21/11/2017 23:17:36] /a 10
[21/11/2017 23:17:36] /a 10
[21/11/2017 23:17:36] /a 10
[21/11/2017 23:17:36] /a 10
[21/11/2017 23:17:36] /a 10
[21/11/2017 23:17:36] /a 10
[21/11/2017 23:17:36] /a 10
[21/11/2017 23:17:36] /a 10
[21/11/2017 23:17:36] /a 10
[21/11/2017 23:17:36] /a 10
[21/11/2017 23:17:36] /a 10
[21/11/2017 23:17:36] /a 10
[21/11/2017 23:17:36] /a 10
[21/11/2017 23:17:36] /a 10
[21/11/2017 23:17:36] /a 10
[21/11/2017 23:17:36] /a 10
[21/11/2017 23:17:36] /a 10
[21/11/2017 23:17:36] /a 10
[21/11/2017 23:17:36] /a 10
[21/11/2017 23:17:36] /a 10
[21/11/2017 23:17:36] /a 10
[21/11/2017 23:17:37] /a 10
[21/11/2017 23:17:37] /a 10
[21/11/2017 23:17:37] /a 10
[21/11/2017 23:17:37] /a 10
[21/11/2017 23:17:37] /a 10
[21/11/2017 23:17:37] /a 10
[21/11/2017 23:17:37] /a 10
[21/11/2017 23:17:40] /a 10
[21/11/2017 23:17:41] /a 10
[21/11/2017 23:17:41] /a 10
[21/11/2017 23:17:41] /a 10
[21/11/2017 23:17:41] /a 10
[21/11/2017 23:17:41] /a 10
[21/11/2017 23:17:41] /a 10
[21/11/2017 23:17:41] /a 10
[21/11/2017 23:17:41] /a 10
[21/11/2017 23:17:41] /a 10
[21/11/2017 23:17:41] /a 10
[21/11/2017 23:17:41] /a 10
[21/11/2017 23:17:41] /a 10
[21/11/2017 23:17:41] /a 10
[21/11/2017 23:17:41] /a 10
[21/11/2017 23:17:41] /a 10
[21/11/2017 23:17:41] /a 10
[21/11/2017 23:17:41] /a 10
[21/11/2017 23:17:41] /a 10
[21/11/2017 23:17:41] /a 10
[21/11/2017 23:17:41] /a 10
[21/11/2017 23:17:42] /a 10
[21/11/2017 23:17:42] /a 10
[21/11/2017 23:17:42] /a 10
[21/11/2017 23:17:42] /a 10
[21/11/2017 23:17:42] /a 10
[21/11/2017 23:17:42] /a 10
[21/11/2017 23:17:42] /a 10
[21/11/2017 23:17:42] /a 10
[21/11/2017 23:17:42] /a 10
[21/11/2017 23:17:42] /a 10
[21/11/2017 23:17:42] /a 10
[21/11/2017 23:17:42] /a 10
[21/11/2017 23:17:42] /a 10
[21/11/2017 23:17:42] /a 10
[21/11/2017 23:17:42] /a 10
[21/11/2017 23:17:42] /a 10
[21/11/2017 23:17:42] /a 10
[21/11/2017 23:17:42] /a 10
[21/11/2017 23:17:42] /a 10
[21/11/2017 23:17:42] /a 10
[21/11/2017 23:17:43] /a 10
[21/11/2017 23:17:43] /a 10
[21/11/2017 23:17:43] /a 10
[21/11/2017 23:17:43] /a 10
[21/11/2017 23:17:43] /a 10
[21/11/2017 23:17:43] /a 10
[21/11/2017 23:17:43] /a 10
[21/11/2017 23:17:43] /a 10
[21/11/2017 23:17:43] /a 10
[21/11/2017 23:17:43] /a 10
[21/11/2017 23:17:43] /a 10
[21/11/2017 23:17:43] /a 10
[21/11/2017 23:17:43] /a 10
[21/11/2017 23:17:43] /a 10
[21/11/2017 23:17:44] /a 10
[21/11/2017 23:17:44] /a 10
[21/11/2017 23:17:44] /a 10
[21/11/2017 23:17:44] /a 10
[21/11/2017 23:17:44] /a 10
[21/11/2017 23:17:44] /a 10
[21/11/2017 23:17:44] /a 10
[21/11/2017 23:17:44] /a 10
[21/11/2017 23:17:44] /a 10
[21/11/2017 23:17:44] /a 10
[21/11/2017 23:17:44] /a 10
[21/11/2017 23:17:44] /a 10
[21/11/2017 23:17:44] /a 10
[21/11/2017 23:17:46] /a 10
[21/11/2017 23:17:46] /a 10
[21/11/2017 23:17:47] /a 10
[21/11/2017 23:17:47] /a 10
[21/11/2017 23:17:47] /a 10
[21/11/2017 23:17:47] /a 10
[21/11/2017 23:17:47] /a 10
[21/11/2017 23:17:47] /a 10
[21/11/2017 23:17:47] /a 10
[21/11/2017 23:17:47] /a 10
[21/11/2017 23:17:47] /a 10
[21/11/2017 23:17:47] /a 10
[21/11/2017 23:17:47] /a 10
[21/11/2017 23:17:47] /a 10
[21/11/2017 23:17:47] /a 10
[21/11/2017 23:17:47] /a 10
[21/11/2017 23:17:47] /a 10
[21/11/2017 23:17:47] /a 10
[21/11/2017 23:17:47] /a 10
[21/11/2017 23:17:47] /a 10
[21/11/2017 23:17:47] /a 10
[21/11/2017 23:17:47] /a 10
[21/11/2017 23:17:47] /a 10
[21/11/2017 23:17:47] /a 10
[21/11/2017 23:17:47] /a 10
[21/11/2017 23:17:47] /a 10
[21/11/2017 23:17:47] /a 10
[21/11/2017 23:17:47] /a 10
[21/11/2017 23:17:47] /a 10
[21/11/2017 23:17:47] /a 10
[21/11/2017 23:17:47] /a 10
[21/11/2017 23:17:47] /a 10
[21/11/2017 23:17:47] /a 10
[21/11/2017 23:17:47] /a 10
[21/11/2017 23:17:47] /a 10
[21/11/2017 23:17:47] /a 10
[21/11/2017 23:17:47] /a 10
[21/11/2017 23:17:47] /a 10
[21/11/2017 23:17:48] /a 10
[21/11/2017 23:17:48] /a 10
[21/11/2017 23:17:48] /a 10
[21/11/2017 23:17:48] /a 10
[21/11/2017 23:17:48] /a 10
[21/11/2017 23:17:48] /a 10
[21/11/2017 23:17:48] /a 10
[21/11/2017 23:17:48] /a 10
[21/11/2017 23:17:48] /a 10
[21/11/2017 23:17:48] /a 10
[21/11/2017 23:17:48] /a 10
[21/11/2017 23:17:48] /a 10
[21/11/2017 23:17:48] /a 10
[21/11/2017 23:17:48] /a 10
[21/11/2017 23:17:48] /a 10
[21/11/2017 23:17:49] /a 10
[21/11/2017 23:17:49] /a 10
[21/11/2017 23:17:49] /a 10
[21/11/2017 23:17:49] /a 10
[21/11/2017 23:17:49] /a 10
[21/11/2017 23:17:49] /a 10
[21/11/2017 23:17:49] /a 10
[21/11/2017 23:17:49] /a 10
[21/11/2017 23:17:49] /a 10
[21/11/2017 23:17:49] /a 10
[21/11/2017 23:17:49] /a 10
[21/11/2017 23:17:49] /a 10
[21/11/2017 23:17:49] /a 10
[21/11/2017 23:17:49] /a 10
[21/11/2017 23:17:49] /a 10
[21/11/2017 23:17:49] /a 10
[21/11/2017 23:17:49] /a 10
[21/11/2017 23:17:49] /a 10
[21/11/2017 23:17:49] /a 10
[21/11/2017 23:17:49] /a 10
[21/11/2017 23:17:49] /a 10
[21/11/2017 23:17:49] /a 10
[21/11/2017 23:17:49] /a 10
[21/11/2017 23:17:50] /a 10
[21/11/2017 23:17:50] /a 10
[21/11/2017 23:17:50] /a 10
[21/11/2017 23:17:50] /a 10
[21/11/2017 23:17:50] /a 10
[21/11/2017 23:17:50] /a 10
[21/11/2017 23:17:50] /a 10
[21/11/2017 23:17:50] /a 10
[21/11/2017 23:17:50] /a 10
[21/11/2017 23:17:50] /a 10
[21/11/2017 23:17:50] /a 10
[21/11/2017 23:17:50] /a 10
[21/11/2017 23:17:50] /a 10
[21/11/2017 23:17:50] /a 10
[21/11/2017 23:17:50] /a 10
[21/11/2017 23:17:50] /a 10
[21/11/2017 23:17:50] /a 10
[21/11/2017 23:17:50] /a 10
[21/11/2017 23:17:50] /a 10
[21/11/2017 23:17:50] /a 10
[21/11/2017 23:17:50] /a 10
[21/11/2017 23:17:51] /a 10
[21/11/2017 23:17:52] /a 10
[21/11/2017 23:17:52] /a 10
[21/11/2017 23:17:52] /a 10
[21/11/2017 23:17:52] /a 10
[21/11/2017 23:17:52] /a 10
[21/11/2017 23:17:52] /a 10
[21/11/2017 23:17:52] /a 10
[21/11/2017 23:17:52] /a 10
[21/11/2017 23:17:52] /a 10
[21/11/2017 23:17:52] /a 10
[21/11/2017 23:17:52] /a 10
[21/11/2017 23:17:52] /a 10
[21/11/2017 23:17:52] /a 10
[21/11/2017 23:17:52] /a 10
[21/11/2017 23:17:52] /a 10
[21/11/2017 23:17:52] /a 10
[21/11/2017 23:17:52] /a 10
[21/11/2017 23:17:52] /a 10
[21/11/2017 23:17:52] /a 10
[21/11/2017 23:17:52] /a 10
[21/11/2017 23:17:52] /a 10
[21/11/2017 23:17:54] /a 10
[21/11/2017 23:17:54] /a 10
[21/11/2017 23:17:54] /a 10
[21/11/2017 23:17:54] /a 10
[21/11/2017 23:17:54] /a 10
[21/11/2017 23:17:54] /a 10
[21/11/2017 23:17:54] /a 10
[21/11/2017 23:17:54] /a 10
[21/11/2017 23:17:54] /a 10
[21/11/2017 23:17:54] /a 10
[21/11/2017 23:17:55] /a 10
[21/11/2017 23:17:55] /a 10
[21/11/2017 23:17:55] /a 10
[21/11/2017 23:17:56] /a 10
[21/11/2017 23:17:57] /a 10
[21/11/2017 23:17:57] /a 10
[21/11/2017 23:17:57] /a 10
[21/11/2017 23:17:57] /a 10
[21/11/2017 23:17:57] /a 10
[21/11/2017 23:17:57] /a 10
[21/11/2017 23:17:57] /a 10
[21/11/2017 23:17:57] /a 10
[21/11/2017 23:17:57] /a 10
[21/11/2017 23:17:57] /a 10
[21/11/2017 23:17:57] /a 10
[21/11/2017 23:17:57] /a 10
[21/11/2017 23:17:57] /a 10
[21/11/2017 23:17:57] /a 10
[21/11/2017 23:17:57] /a 10
[21/11/2017 23:17:57] /a 10
[21/11/2017 23:17:57] /a 10
[21/11/2017 23:17:57] /a 10
[21/11/2017 23:17:57] /a 10
[21/11/2017 23:17:57] /a 10
[21/11/2017 23:17:57] /a 10
[21/11/2017 23:17:57] /a 10
[21/11/2017 23:17:57] /a 10
[21/11/2017 23:17:57] /a 10
[21/11/2017 23:17:57] /a 10
[21/11/2017 23:17:57] /a 10
[21/11/2017 23:17:57] /a 10
[21/11/2017 23:17:57] /a 10
[21/11/2017 23:17:57] /a 10
[21/11/2017 23:17:57] /a 10
[21/11/2017 23:17:57] /a 10
[21/11/2017 23:17:58] /a 10
[21/11/2017 23:17:58] /a 10
[21/11/2017 23:17:58] /a 10
[21/11/2017 23:17:58] /a 10
[21/11/2017 23:17:58] /a 10
[21/11/2017 23:17:58] /a 10
[21/11/2017 23:17:58] /a 10
[21/11/2017 23:17:59] /a 10
[21/11/2017 23:17:59] /a 10
[21/11/2017 23:17:59] /a 10
[21/11/2017 23:17:59] /a 10
[21/11/2017 23:17:59] /a 10
[21/11/2017 23:17:59] /a 10
[21/11/2017 23:17:59] /a 10
[21/11/2017 23:17:59] /a 10
[21/11/2017 23:17:59] /a 10
[21/11/2017 23:17:59] /a 10
[21/11/2017 23:17:59] /a 10
[21/11/2017 23:17:59] /a 10
[21/11/2017 23:17:59] /a 10
[21/11/2017 23:17:59] /a 10
[21/11/2017 23:17:59] /a 10
[21/11/2017 23:17:59] /a 10
[21/11/2017 23:17:59] /a 10
[21/11/2017 23:17:59] /a 10
[21/11/2017 23:18:0] /a 10
[21/11/2017 23:18:1] /a 10
[21/11/2017 23:18:1] /a 10
[21/11/2017 23:18:1] /a 10
[21/11/2017 23:18:3] /a 10
[21/11/2017 23:18:3] /a 10
[21/11/2017 23:18:4] /a 10
[21/11/2017 23:18:4] /a 10
[21/11/2017 23:18:4] /a 10
[21/11/2017 23:18:4] /a 10
[21/11/2017 23:18:4] /a 10
[21/11/2017 23:18:4] /a 10
[21/11/2017 23:18:4] /a 10
[21/11/2017 23:18:4] /a 10
[21/11/2017 23:18:4] /a 10
[21/11/2017 23:18:4] /a 10
[21/11/2017 23:18:4] /a 10
[21/11/2017 23:18:4] /a 10
[21/11/2017 23:18:4] /a 10
[21/11/2017 23:18:4] /a 10
[21/11/2017 23:18:4] /a 10
[21/11/2017 23:18:4] /a 10
[21/11/2017 23:18:4] /a 10
[21/11/2017 23:18:4] /a 10
[21/11/2017 23:18:4] /a 10
[21/11/2017 23:18:4] /a 10
[21/11/2017 23:18:4] /a 10
[21/11/2017 23:18:4] /a 10
[21/11/2017 23:18:4] /a 10
[21/11/2017 23:18:4] /a 10
[21/11/2017 23:18:4] /a 10
[21/11/2017 23:18:4] /a 10
[21/11/2017 23:18:4] /a 10
[21/11/2017 23:18:4] /a 10
[21/11/2017 23:18:4] /a 10
[21/11/2017 23:18:4] /a 10
[21/11/2017 23:18:4] /a 10
[21/11/2017 23:18:4] /a 10
[21/11/2017 23:18:5] /a 10
[21/11/2017 23:18:5] /a 10
[21/11/2017 23:18:5] /a 10
[21/11/2017 23:18:5] /a 10
[21/11/2017 23:18:5] /a 10
[21/11/2017 23:18:5] /a 10
[21/11/2017 23:18:5] /a 10
[21/11/2017 23:18:5] /a 10
[21/11/2017 23:18:5] /a 10
[21/11/2017 23:18:5] /a 10
[21/11/2017 23:18:6] /a 10
[21/11/2017 23:18:6] /a 10
[21/11/2017 23:18:6] /a 10
[21/11/2017 23:18:6] /a 10
[21/11/2017 23:18:6] /a 10
[21/11/2017 23:18:6] /a 10
[21/11/2017 23:18:6] /a 10
[21/11/2017 23:18:6] /a 10
[21/11/2017 23:18:7] /a 10
[21/11/2017 23:18:7] /a 10
[21/11/2017 23:18:8] /a 10
[21/11/2017 23:18:8] /a 10
[21/11/2017 23:18:8] /a 10
[21/11/2017 23:18:8] /a 10
[21/11/2017 23:18:8] /a 10
[21/11/2017 23:18:8] /a 10
[21/11/2017 23:18:8] /a 10
[21/11/2017 23:18:8] /a 10
[21/11/2017 23:18:8] /a 10
[21/11/2017 23:18:9] /a 10
[21/11/2017 23:18:9] /a 10
[21/11/2017 23:18:9] /a 10
[21/11/2017 23:18:9] /a 10
[21/11/2017 23:18:9] /a 10
[21/11/2017 23:18:9] /a 10
[21/11/2017 23:18:9] /a 10
[21/11/2017 23:18:9] /a 10
[21/11/2017 23:18:9] /a 10
[21/11/2017 23:18:9] /a 10
[21/11/2017 23:18:9] /a 10
[21/11/2017 23:18:9] /a 10
[21/11/2017 23:18:9] /a 10
[21/11/2017 23:18:9] /a 10
[21/11/2017 23:18:9] /a 10
[21/11/2017 23:18:9] /a 10
[21/11/2017 23:18:10] /a 10
[21/11/2017 23:18:10] /a 10
[21/11/2017 23:18:11] /a 10
[21/11/2017 23:18:11] /a 10
[21/11/2017 23:18:11] /a 10
[21/11/2017 23:18:11] /a 10
[21/11/2017 23:18:12] /a 10
[21/11/2017 23:18:19] /a 10
[21/11/2017 23:18:34] /a 10
[21/11/2017 23:18:35] /a 10
[21/11/2017 23:18:35] /a 10
[21/11/2017 23:18:35] /a 10
[21/11/2017 23:18:36] /a 10
[21/11/2017 23:18:37] /a 10
[21/11/2017 23:18:37] /a 10
[21/11/2017 23:18:37] /a 10
[21/11/2017 23:18:37] /a 10
[21/11/2017 23:18:38] /a 10
[21/11/2017 23:18:38] /a 10
[21/11/2017 23:18:39] /a 10
[21/11/2017 23:18:39] /a 10
[21/11/2017 23:18:39] /a 10
[21/11/2017 23:18:40] /a 10
[21/11/2017 23:18:40] /a 10
[21/11/2017 23:18:40] /a 10
[21/11/2017 23:18:40] /a 10
[21/11/2017 23:18:41] /a 10
[21/11/2017 23:18:42] /a 10
[21/11/2017 23:18:42] /a 10
[21/11/2017 23:18:42] /a 10
[21/11/2017 23:18:42] /a 10
[21/11/2017 23:18:42] /a 10
[21/11/2017 23:18:43] /a 10
[21/11/2017 23:18:43] /a 10
[21/11/2017 23:18:43] /a 10
[21/11/2017 23:18:43] /a 10
[21/11/2017 23:18:44] /a 10
[21/11/2017 23:18:44] /a 10
[21/11/2017 23:18:44] /a 10
[21/11/2017 23:18:44] /a 10
[21/11/2017 23:18:44] /a 10
[21/11/2017 23:18:45] /a 10
[21/11/2017 23:18:45] /a 10
[21/11/2017 23:18:45] /a 10
[21/11/2017 23:18:46] /a 10
[21/11/2017 23:18:47] /a 10
[21/11/2017 23:18:48] /a 10
[21/11/2017 23:18:49] /a 10
[21/11/2017 23:18:49] /a 10
[21/11/2017 23:18:49] /a 10
[21/11/2017 23:18:50] /a 10
[21/11/2017 23:18:51] /a 10
[21/11/2017 23:18:51] /a 10
[21/11/2017 23:18:52] /a 10
[21/11/2017 23:18:53] /a 10
[21/11/2017 23:18:53] /a 10
[21/11/2017 23:18:53] /a 10
[21/11/2017 23:18:53] /a 10
[21/11/2017 23:18:53] /a 10
[21/11/2017 23:18:53] /a 10
[21/11/2017 23:18:53] /a 10
[21/11/2017 23:18:53] /a 10
[21/11/2017 23:18:53] /a 10
[21/11/2017 23:18:53] /a 10
[21/11/2017 23:18:53] /a 10
[21/11/2017 23:18:53] /a 10
[21/11/2017 23:18:53] /a 10
[21/11/2017 23:18:53] /a 10
[21/11/2017 23:18:53] /a 10
[21/11/2017 23:18:53] /a 10
[21/11/2017 23:18:53] /a 10
[21/11/2017 23:18:53] /a 10
[21/11/2017 23:18:53] /a 10
[21/11/2017 23:18:53] /a 10
[21/11/2017 23:18:54] /a 10
[21/11/2017 23:18:54] /a 10
[21/11/2017 23:18:54] /a 10
[21/11/2017 23:18:54] /a 10
[21/11/2017 23:18:54] /a 10
[21/11/2017 23:18:54] /a 10
[21/11/2017 23:19:14] /t
[21/11/2017 23:19:25] /a 10
[21/11/2017 23:19:27] /a 10
[21/11/2017 23:19:28] /a 10
[21/11/2017 23:19:28] /a 10
[21/11/2017 23:19:28] /a 10
[21/11/2017 23:19:28] /a 10
[21/11/2017 23:19:28] /a 10
[21/11/2017 23:19:28] /a 10
[21/11/2017 23:19:28] /a 10
[21/11/2017 23:19:28] /a 10
[21/11/2017 23:19:28] /a 10
[21/11/2017 23:19:28] /a 10
[21/11/2017 23:19:28] /a 10
[21/11/2017 23:19:28] /a 10
[21/11/2017 23:19:29] /a 10
[21/11/2017 23:19:29] /a 10
[21/11/2017 23:19:30] /a 10
[21/11/2017 23:19:30] /a 10
[21/11/2017 23:19:31] /a 10
[21/11/2017 23:19:32] /a 10
[21/11/2017 23:19:33] /a 10
[21/11/2017 23:19:34] /a 10
[21/11/2017 23:19:35] /a 10
[21/11/2017 23:19:35] /a 10
[21/11/2017 23:19:36] /a 10
[21/11/2017 23:19:37] /a 10
[21/11/2017 23:19:38] /a 10
[21/11/2017 23:19:39] /a 10
[21/11/2017 23:19:41] /a 10
[21/11/2017 23:19:42] /a 10
[21/11/2017 23:19:42] /a 10
[21/11/2017 23:19:42] /a 10
[21/11/2017 23:19:42] /a 10
[21/11/2017 23:19:43] /a 10
[21/11/2017 23:19:43] /a 10
[21/11/2017 23:19:44] /a 10
[21/11/2017 23:19:44] /a 10
[21/11/2017 23:19:45] /a 10
[21/11/2017 23:19:45] /a 10
[21/11/2017 23:19:45] /a 10
[21/11/2017 23:19:45] /a 10
[21/11/2017 23:19:55] /a 10
[21/11/2017 23:19:56] /a 10
[21/11/2017 23:19:57] /a 10
[21/11/2017 23:19:57] /a 10
[21/11/2017 23:19:58] /a 10
[21/11/2017 23:19:58] /a 10
[21/11/2017 23:19:58] /a 10
[21/11/2017 23:20:0] /a 10
[21/11/2017 23:20:0] /a 10
[21/11/2017 23:20:1] /a 10
[21/11/2017 23:20:2] /a 10
[21/11/2017 23:20:4] /a 10
[21/11/2017 23:25:20] /goto tenten
[21/11/2017 23:25:28] /r
[21/11/2017 23:25:29] /r
[21/11/2017 23:25:39] /a 2
[21/11/2017 23:25:41] /a
[21/11/2017 23:25:45] /m naruto kurama
[21/11/2017 23:25:54] /t
[21/11/2017 23:26:33] /goto tenten
[21/11/2017 23:26:37] /a 3
[21/11/2017 23:26:51] /t
[21/11/2017 23:30:44] /goto auschwitz
[21/11/2017 23:30:49] /m naruto kurama
[21/11/2017 23:30:53] /t
[21/11/2017 23:31:30] /t Zoro Roronoa
[21/11/2017 23:32:12] /goto Zoro Roronoa
[21/11/2017 23:32:39] /t
[21/11/2017 23:34:29] /t
[21/11/2017 23:34:32] /t cuck
[21/11/2017 23:34:43] /r
[21/11/2017 23:34:51] /goto auschwitz
[21/11/2017 23:35:8] /m naruto kurama
[21/11/2017 23:35:12] /t
[21/11/2017 23:40:6] /goto Auschwitz
[21/11/2017 23:40:29] /t 
[21/11/2017 23:40:35] /t Auschwitz
[21/11/2017 23:40:36] /r
[21/11/2017 23:41:0] /t Tenten
[21/11/2017 23:41:1] /r
[21/11/2017 23:41:29] /t foxzinho
[21/11/2017 23:41:32] /r
[21/11/2017 23:42:38] /a 10
[21/11/2017 23:42:39] /a 10
[21/11/2017 23:42:39] /a 10
[21/11/2017 23:42:40] /a 10
[21/11/2017 23:42:40] /a 10
[21/11/2017 23:42:41] /a 10
[21/11/2017 23:42:42] /a 10
[21/11/2017 23:42:43] /a 10
[21/11/2017 23:42:44] /a 10
[21/11/2017 23:42:57] /t
[21/11/2017 23:44:38] /goto lazarento
[21/11/2017 23:44:42] /t lazarento
[21/11/2017 23:44:53] /a 10
[21/11/2017 23:45:18] /a 10
[21/11/2017 23:45:18] /a 10
[21/11/2017 23:45:19] /a 10
[21/11/2017 23:45:26] /a 10
[21/11/2017 23:45:33] /a 3
[21/11/2017 23:45:36] /m naruto kurama
[21/11/2017 23:46:17] /a 10
[21/11/2017 23:46:23] /a 2
[21/11/2017 23:46:39] /t
[21/11/2017 23:48:53] /goto tsunade lendary boss
[21/11/2017 23:49:3] /goto tsunade lendary sannin
[21/11/2017 23:49:10] /a 3
[21/11/2017 23:50:16] /goto Koenigsegg
[21/11/2017 23:50:22] /m naruto kurama
[21/11/2017 23:50:30] /m naruto kurama
[21/11/2017 23:50:38] /a 4
[21/11/2017 23:50:40] /a
[21/11/2017 23:50:47] /t
[21/11/2017 23:58:7] /a 2
[21/11/2017 23:58:39] /a 2
[21/11/2017 23:58:52] /a 2
[22/11/2017 0:1:17] /goto Koenigsegg
[22/11/2017 0:1:28] /m naruto kurama
[22/11/2017 0:1:46] /t
[22/11/2017 0:3:40] /r
[22/11/2017 0:8:2] /goto Koenigsegg
[22/11/2017 0:8:7] /a
[22/11/2017 0:8:8] /r
[22/11/2017 0:8:19] /r
[22/11/2017 0:9:15] /goto Leozinho Tanka Tudo
[22/11/2017 0:9:54] /goto Leozinho Tanka Tudo
[22/11/2017 0:10:4] /a 4
[22/11/2017 0:10:8] /m naruto kurama
[22/11/2017 0:10:33] /a 3
[22/11/2017 0:10:42] /r
[22/11/2017 0:11:8] /r
[22/11/2017 0:11:51] /a 2
[22/11/2017 0:11:55] /t
[22/11/2017 0:14:30] /goto Leozinho Tanka Tudo
[22/11/2017 0:14:35] /a 4
[22/11/2017 0:14:36] /a 2
[22/11/2017 0:14:42] /m naruto kurama
[22/11/2017 0:14:44] /a 4
[22/11/2017 0:14:50] /m naruto kurama
[22/11/2017 0:15:1] /t
[22/11/2017 0:21:25] /goto leozinho tanka tudo
[22/11/2017 0:21:35] /m naruto kurama 
[22/11/2017 0:21:37] /a 6
[22/11/2017 0:21:40] /m naruto kurama 
[22/11/2017 0:21:45] /a 7
[22/11/2017 0:21:46] /a 5
[22/11/2017 0:21:52] /a 2
[22/11/2017 0:21:56] /a 2
[22/11/2017 0:21:58] /m naruto kurama 
[22/11/2017 0:22:14] /t
[22/11/2017 0:27:16] /goto leozinho tanka tudo
[22/11/2017 0:28:0] /t
[22/11/2017 0:32:1] /goto leozinho tanka tudo
[22/11/2017 0:32:7] /a 6
[22/11/2017 0:32:14] /m naruto kurama
[22/11/2017 0:32:16] /a 5
[22/11/2017 0:32:18] /a 2
[22/11/2017 0:32:28] /m naruto kurama
[22/11/2017 0:32:33] /goto leozinho tanka tudo
[22/11/2017 0:32:39] /m naruto kurama
[22/11/2017 0:32:51] /a 4
[22/11/2017 0:32:53] /r
[22/11/2017 0:33:5] /a 2
[22/11/2017 0:33:10] /a 4
[22/11/2017 0:33:13] /a 4
[22/11/2017 0:33:18] /a 3
[22/11/2017 0:33:21] /a 3
[22/11/2017 0:33:48] /a 4
[22/11/2017 0:33:55] /goto leozinho tanka tudo
[22/11/2017 0:33:59] /a 4
[22/11/2017 0:34:22] /t
[22/11/2017 0:34:52] /goto leozinho tanka tudo
[22/11/2017 0:34:54] /a 5
[22/11/2017 0:34:55] /a 5
[22/11/2017 0:36:17] /t
[22/11/2017 0:37:24] /goto leozinho tanka tudo
[22/11/2017 0:37:37] /a 4
[22/11/2017 0:40:7] /t lolodevinte
[22/11/2017 0:40:7] /t
[22/11/2017 0:40:10] /r
[22/11/2017 0:40:17] /goto leozinho tanka tudo
[22/11/2017 0:40:32] /goto lolodevinte
[22/11/2017 0:40:35] /r
[22/11/2017 0:40:39] /goto leozinho tanka tudo
[22/11/2017 0:40:42] /a 3
[22/11/2017 0:40:45] /a 5
[22/11/2017 0:40:52] /m naruto kurama
[22/11/2017 0:40:55] /a 4
[22/11/2017 0:40:58] /a 3
[22/11/2017 0:41:3] /a 4
[22/11/2017 0:41:14] /a 2
[22/11/2017 0:41:18] /goto leozinho tanka tudo
[22/11/2017 0:41:22] /a 4
[22/11/2017 0:41:24] /a 4
[22/11/2017 0:41:25] /a 4
[22/11/2017 0:41:30] /a 4
[22/11/2017 0:43:10] /a 2
[22/11/2017 0:43:13] /m naruto kurama
[22/11/2017 0:43:18] /m naruto kurama
[22/11/2017 0:43:21] /a 2
[22/11/2017 0:43:31] /a 2
[22/11/2017 0:43:35] /m naruto kurama 
[22/11/2017 0:43:37] /m naruto kurama 
[22/11/2017 0:43:40] /a 2
[22/11/2017 0:44:31] /a 2
[22/11/2017 0:44:35] /a 10
[22/11/2017 0:45:30] /a 2
[22/11/2017 0:45:34] /a 1
[22/11/2017 0:47:52] /a 2
[22/11/2017 0:48:14] /r
[22/11/2017 0:48:57] /a 10
[22/11/2017 0:49:55] /r
[22/11/2017 0:51:40] /goto fuuton
[22/11/2017 0:52:17] /t
[22/11/2017 0:57:34] /goto fuuton
[22/11/2017 0:57:37] /a 
[22/11/2017 0:57:41] /m naruto kurama
[22/11/2017 1:1:40] /m naruto kurama
[22/11/2017 1:1:42] /a 5
[22/11/2017 1:1:44] /a 4
[22/11/2017 1:1:46] /a 5
[22/11/2017 1:1:52] /m narutora kurama
[22/11/2017 1:1:55] /m naruto kurama
[22/11/2017 1:4:36] /a 5
[22/11/2017 1:4:58] /a 
[22/11/2017 1:5:0] /a
[22/11/2017 1:5:3] /m minato kurama boss
[22/11/2017 1:8:11] /a 10
[22/11/2017 1:8:11] /a 10
[22/11/2017 1:8:14] /a 4
[22/11/2017 1:8:21] /m naruto kurama
[22/11/2017 1:8:32] /a 10
[22/11/2017 1:8:33] /a 10
[22/11/2017 1:11:34] /a 10
[22/11/2017 1:12:18] /goto fuuton
[22/11/2017 1:14:7] /t
