[13/10/2015 14:51:50] /t
[13/10/2015 14:51:54] /newtype 1
[13/10/2015 14:51:59] /newtype 19
[13/10/2015 14:52:3] /up
[13/10/2015 14:52:4] /up
[13/10/2015 14:52:20] /newtype 39
[13/10/2015 14:52:30] /newtype 40
[13/10/2015 14:52:33] /newtype 41
[13/10/2015 14:52:37] /newtype 42
[13/10/2015 14:52:41] /newtype 43
[13/10/2015 14:52:45] /newtype 44
[13/10/2015 14:52:49] /newtype 45
[13/10/2015 14:52:52] /newtype 46
[13/10/2015 14:52:56] /newtype 47
[13/10/2015 14:52:58] /newtype 78
[13/10/2015 14:53:1] /t
[13/10/2015 14:53:22] /a
[13/10/2015 14:53:24] /a
[13/10/2015 14:53:30] /ghost
[13/10/2015 14:53:32] /a
[13/10/2015 14:53:33] /a
[13/10/2015 14:53:55] /b Reports De bug, ou Duvidas, no HELP.
[13/10/2015 14:56:40] /ghost
[13/10/2015 14:58:9] /ghost
[13/10/2015 14:59:5] /goto FlashEHREI
[13/10/2015 15:0:3] /newtype 77
[13/10/2015 15:0:7] /up
[13/10/2015 15:0:8] /up
[13/10/2015 15:0:11] /up
[13/10/2015 15:0:13] /t
[13/10/2015 15:0:21] /a
[13/10/2015 15:0:25] /a
[13/10/2015 15:0:26] /a
[13/10/2015 15:0:37] /up
[13/10/2015 15:0:40] /up
[13/10/2015 15:0:44] /down
[13/10/2015 15:0:45] /down
[13/10/2015 15:0:52] /a 
[13/10/2015 15:0:58] /ghost
[13/10/2015 15:2:15] /ghost
[13/10/2015 15:2:23] /goto FlashEHREI
[13/10/2015 15:2:30] /t
[13/10/2015 15:2:32] /up
[13/10/2015 15:2:34] /up
[13/10/2015 15:2:47] /newtype 1
[13/10/2015 15:2:49] /newtype 2
[13/10/2015 15:2:50] /newtype 3
[13/10/2015 15:2:51] /newtype 4
[13/10/2015 15:2:52] /newtype 5
[13/10/2015 15:2:52] /newtype 6
[13/10/2015 15:2:53] /newtype 7
[13/10/2015 15:2:54] /newtype 8
[13/10/2015 15:2:57] /newtype 9
[13/10/2015 15:2:58] /newtype 10
[13/10/2015 15:2:59] /newtype 11
[13/10/2015 15:3:0] /newtype 12
[13/10/2015 15:3:1] /newtype 13
[13/10/2015 15:3:2] /newtype 45
[13/10/2015 15:3:7] /newtype 14
[13/10/2015 15:3:8] /newtype 15
[13/10/2015 15:3:9] /newtype 16
[13/10/2015 15:3:10] /newtype 17
[13/10/2015 15:3:11] /newtype 8
[13/10/2015 15:3:13] /newtype 18
[13/10/2015 15:3:14] /newtype 19
[13/10/2015 15:3:16] /newtype 20
[13/10/2015 15:3:20] /newtype 21
[13/10/2015 15:3:23] /newtype 22
[13/10/2015 15:3:24] /newtype 23
[13/10/2015 15:3:25] /newtype 24
[13/10/2015 15:3:29] /newtype 25
[13/10/2015 15:3:32] /newtype 26
[13/10/2015 15:3:34] /newtype 7
[13/10/2015 15:3:37] /newtype 27
[13/10/2015 15:3:38] /newtype 28
[13/10/2015 15:3:39] /newtype 29
[13/10/2015 15:3:40] /newtype 30
[13/10/2015 15:3:43] /newtype 31
[13/10/2015 15:3:46] /newtype 32
[13/10/2015 15:3:50] /newtype 33
[13/10/2015 15:3:52] /newtype 34
[13/10/2015 15:3:53] /newtype 35
[13/10/2015 15:3:54] /newtype 36
[13/10/2015 15:3:59] /newtype 37
[13/10/2015 15:4:0] /newtype 38
[13/10/2015 15:4:1] /newtype 39
[13/10/2015 15:4:6] /newtype 40
[13/10/2015 15:4:7] /newtype 41
[13/10/2015 15:4:7] /newtype 42
[13/10/2015 15:4:8] /newtype 43
[13/10/2015 15:4:11] /newtype 44
[13/10/2015 15:4:12] /newtype 45
[13/10/2015 15:4:13] /newtype 46
[13/10/2015 15:4:16] /newtype 47.
[13/10/2015 15:4:17] /newtype 75
[13/10/2015 15:4:22] /newtype 48
[13/10/2015 15:4:25] /newtype 49
[13/10/2015 15:4:27] /newtype 50
[13/10/2015 15:4:29] /newtype 51
[13/10/2015 15:4:33] /newtype 52
[13/10/2015 15:4:35] /newtype 53
[13/10/2015 15:4:37] /newtype 54
[13/10/2015 15:4:38] /newtype 55
[13/10/2015 15:4:39] /newtype 56
[13/10/2015 15:4:43] /newtype 57
[13/10/2015 15:4:49] /newtype 58
[13/10/2015 15:4:50] /newtype 59
[13/10/2015 15:4:54] /newtype 60
[13/10/2015 15:4:56] /newtype 59
[13/10/2015 15:4:58] /newtype 61
[13/10/2015 15:5:0] /newtype 62
[13/10/2015 15:5:4] /newtype 63
[13/10/2015 15:5:8] /newtype 64
[13/10/2015 15:5:10] /newtype 65
[13/10/2015 15:5:11] /newtype 66
[13/10/2015 15:5:14] /newtype 67
[13/10/2015 15:5:17] /newtype 68
[13/10/2015 15:5:21] /newtype 69
[13/10/2015 15:5:23] /newtype 70
[13/10/2015 15:5:24] /newtype 71
[13/10/2015 15:5:26] /newtype 72
[13/10/2015 15:5:28] /newtype 73
[13/10/2015 15:5:29] /newtype 74
[13/10/2015 15:5:30] /newtype 75
[13/10/2015 15:5:33] /newtype 78
[13/10/2015 15:5:34] /newtype 79
[13/10/2015 15:5:36] /newtype 80
[13/10/2015 15:5:37] /newtype 71
[13/10/2015 15:5:38] /newtype 82
[13/10/2015 15:5:40] /newtype 83
[13/10/2015 15:5:41] /newtype 74
[13/10/2015 15:5:43] /newtype 84
[13/10/2015 15:5:46] /newtype 85
[13/10/2015 15:5:49] /newtype 86
[13/10/2015 15:5:52] /t
[13/10/2015 15:5:55] /ghost
[13/10/2015 15:6:36] /newtype 87
[13/10/2015 15:6:38] /newtype 88
[13/10/2015 15:6:42] /newtype 89
[13/10/2015 15:6:45] /newtype 90
[13/10/2015 15:6:49] /newtype 91
[13/10/2015 15:8:45] /b Pra quem não sabe, Vocação vip só é as MAGIAS PREMIUM.
[13/10/2015 15:8:52] /a
[13/10/2015 15:9:13] /up
[13/10/2015 15:9:14] /up
[13/10/2015 15:9:26] /a
[13/10/2015 15:9:27] /a
[13/10/2015 15:10:39] /a
[13/10/2015 15:10:39] /a
[13/10/2015 15:10:39] /a
[13/10/2015 15:13:10] /newtype 92
[13/10/2015 15:13:14] /newtype 93
[13/10/2015 15:13:25] /newtype 94
[13/10/2015 15:13:43] /newtype 95
[13/10/2015 15:13:55] /newtype 91
[13/10/2015 15:14:30] /newtype 95
[13/10/2015 15:14:33] /newtype 96
[13/10/2015 15:14:37] /newtype 97
[13/10/2015 15:14:40] /newtype 97
[13/10/2015 15:14:42] /newtype 252
[13/10/2015 15:14:48] /newtype 79
[13/10/2015 15:14:51] /newtype 69
[13/10/2015 15:14:53] /newtype 59
[13/10/2015 15:15:16] /newtype 351
[13/10/2015 15:15:18] /newtype 352
[13/10/2015 15:15:24] /newtype 353
[13/10/2015 15:15:33] /newtype 354
[13/10/2015 15:15:36] /newtype 355
[13/10/2015 15:15:43] /newtype 232
[13/10/2015 15:15:51] /newtype 233
[13/10/2015 15:15:55] /newtype 234
[13/10/2015 15:15:59] /newtype 235
[13/10/2015 15:16:3] /newtype 236
[13/10/2015 15:16:10] /newtype 237
[13/10/2015 15:16:15] /newtype 238
[13/10/2015 15:16:18] /newtype 239
[13/10/2015 15:16:21] /newtype 240
[13/10/2015 15:16:23] /newtype 241
[13/10/2015 15:16:26] /ghost
[13/10/2015 15:16:32] /newtype 242
[13/10/2015 15:16:40] /newtype 243
[13/10/2015 15:16:46] /newtype 244
[13/10/2015 15:17:4] /newtype 245
[13/10/2015 15:17:14] /newtype 246
[13/10/2015 15:17:18] /newtype 247
[13/10/2015 15:17:24] /newtype 246
[13/10/2015 15:17:27] /newtype 48
[13/10/2015 15:17:30] /newtype 248
[13/10/2015 15:17:36] /newtype 249
[13/10/2015 15:17:38] /newtype 250
[13/10/2015 15:17:42] /newtype 251
[13/10/2015 15:17:44] /newtype 252
[13/10/2015 15:17:46] /newtype 253
[13/10/2015 15:17:50] /newtype 254
[13/10/2015 15:17:54] /newtype 255
[13/10/2015 15:17:57] /newtype 256
[13/10/2015 15:18:5] /newtype 257
[13/10/2015 15:18:13] /newtype 258
[13/10/2015 15:18:16] /newtype 259
[13/10/2015 15:18:19] /newtype 260
[13/10/2015 15:18:48] /newtype 261
[13/10/2015 15:18:52] /newtype 262
[13/10/2015 15:19:8] /b O tempo de PK, foi reduzido para 10 MINUTOS.
[13/10/2015 15:19:41] /newtype 263
[13/10/2015 15:19:43] /newtype 264
[13/10/2015 15:19:47] /newtype 265
[13/10/2015 15:19:49] /newtype 266
[13/10/2015 15:19:51] /newtype 267
[13/10/2015 15:19:53] /newtype 268
[13/10/2015 15:19:55] /newtype 269
[13/10/2015 15:19:58] /newtype 270
[13/10/2015 15:20:1] /newtype 271
[13/10/2015 15:20:4] /newtype 272
[13/10/2015 15:20:6] /newtype 273
[13/10/2015 15:20:11] /newtype 274
[13/10/2015 15:20:14] /newtype 275
[13/10/2015 15:20:17] /newtype 276
[13/10/2015 15:20:22] /newtype 277
[13/10/2015 15:20:26] /newtype 278
[13/10/2015 15:20:29] /newtype 279
[13/10/2015 15:20:33] /newtype 280
[13/10/2015 15:20:36] /newtype 287
[13/10/2015 15:20:40] /newtype 281
[13/10/2015 15:20:50] /newtype 282
[13/10/2015 15:20:55] /newtype 283
[13/10/2015 15:21:0] /newtype 284
[13/10/2015 15:21:9] /newtype 285
[13/10/2015 15:21:13] /newtype 286
[13/10/2015 15:21:17] /newtype 287
[13/10/2015 15:21:22] /newtype 288
[13/10/2015 15:21:25] /newtype 289
[13/10/2015 15:21:31] /newtype 290
[13/10/2015 15:21:46] /newtype 291
[13/10/2015 15:21:49] /newtype 292
[13/10/2015 15:21:51] /newtype 293
[13/10/2015 15:21:53] /newtype 294
[13/10/2015 15:21:55] /newtype 295
[13/10/2015 15:21:57] /newtype 296
[13/10/2015 15:21:58] /newtype 297
[13/10/2015 15:22:0] /newtype 298
[13/10/2015 15:22:3] /newtype 299
[13/10/2015 15:22:6] /newtype 300
[13/10/2015 15:22:9] /newtype 301
[13/10/2015 15:22:14] /newtype 301
[13/10/2015 15:22:17] /newtype 302
[13/10/2015 15:22:18] /newtype 302
[13/10/2015 15:22:22] /newtype 303
[13/10/2015 15:22:25] /newtype 304
[13/10/2015 15:22:27] /newtype 305
[13/10/2015 15:22:33] /newtype 306
[13/10/2015 15:22:36] /newtype 307
[13/10/2015 15:22:39] /newtype 308
[13/10/2015 15:22:48] /newtype 309
[13/10/2015 15:22:50] /newtype 310
[13/10/2015 15:22:52] /newtype 3113
[13/10/2015 15:22:54] /newtype 311
[13/10/2015 15:22:57] /newtype 312
[13/10/2015 15:22:58] /newtype 313
[13/10/2015 15:23:0] /newtype 314
[13/10/2015 15:23:3] /newtype 15
[13/10/2015 15:23:5] /newtype 315
[13/10/2015 15:23:9] /newtype 316
[13/10/2015 15:23:13] /newtype 317
[13/10/2015 15:23:15] /newtype 318
[13/10/2015 15:23:26] /newtype 319
[13/10/2015 15:23:28] /newtype 320
[13/10/2015 15:23:33] /newtype 321
[13/10/2015 15:23:34] /newtype 322
[13/10/2015 15:23:39] /newtype 323
[13/10/2015 15:23:43] /newtype 324
[13/10/2015 15:23:45] /newtype 325
[13/10/2015 15:23:47] /newtype 326
[13/10/2015 15:23:48] /newtype 327
[13/10/2015 15:23:50] /newtype 328
[13/10/2015 15:23:52] /newtype 329
[13/10/2015 15:23:54] /newtype 330
[13/10/2015 15:23:58] /newtype 331
[13/10/2015 15:23:59] /newtype 332
[13/10/2015 15:24:2] /newtype 333
[13/10/2015 15:24:4] /newtype 334
[13/10/2015 15:24:9] /newtype 335
[13/10/2015 15:24:12] /newtype 336
[13/10/2015 15:24:13] /newtype 337
[13/10/2015 15:24:15] /newtype 338
[13/10/2015 15:24:21] /newtype 339
[13/10/2015 15:24:23] /newtype 340
[13/10/2015 15:24:25] /newtype 341
[13/10/2015 15:24:27] /newtype 342
[13/10/2015 15:24:29] /newtype 343
[13/10/2015 15:24:33] /newtype 344
[13/10/2015 15:24:35] /newtype 345
[13/10/2015 15:24:37] /newtype 346
[13/10/2015 15:24:41] /newtype 347
[13/10/2015 15:24:44] /newtype 348
[13/10/2015 15:24:55] /newtype 349
[13/10/2015 15:25:1] /newtype 350
[13/10/2015 15:25:3] /newtype 351
[13/10/2015 15:25:6] /newtype 352
[13/10/2015 15:25:11] /newtype 353
[13/10/2015 15:25:14] /newtype 354
[13/10/2015 15:25:18] /newtype 355
[13/10/2015 15:25:19] /newtype 360
[13/10/2015 15:25:24] /newtype 361
[13/10/2015 15:25:28] /newtype 362
[13/10/2015 15:25:31] /newtype 363
[13/10/2015 15:25:38] /newtype 59
[13/10/2015 15:25:42] /newtype 75
[13/10/2015 15:25:44] /newtype 71
[13/10/2015 15:25:46] /newtype 81
[13/10/2015 15:25:48] /newtype 79
[13/10/2015 15:25:50] /newtype 91
[13/10/2015 15:29:46] /a
[13/10/2015 15:33:4] /b Duvidas ? use o help, Reports? Ctrl+R.
[13/10/2015 15:37:50] /a
[13/10/2015 15:37:51] /a
[13/10/2015 15:37:51] /a
[13/10/2015 15:38:24] /up
[13/10/2015 15:38:24] /up
[13/10/2015 15:38:24] /up
[13/10/2015 15:39:59] /t
[13/10/2015 15:40:39] /a 3
[13/10/2015 15:40:40] /up
[13/10/2015 15:40:41] /up
[13/10/2015 15:40:43] /up
[13/10/2015 15:40:44] /up
[13/10/2015 15:40:46] /up
[13/10/2015 15:40:47] /a
[13/10/2015 15:40:49] /up
[13/10/2015 15:40:52] /a
[13/10/2015 15:40:52] /a
[13/10/2015 15:40:54] /a
[13/10/2015 15:40:56] /a
[13/10/2015 15:40:57] /a
[13/10/2015 15:40:58] /a
[13/10/2015 15:40:59] /a
[13/10/2015 15:41:0] /a
[13/10/2015 15:41:0] /a
[13/10/2015 15:41:5] /a
[13/10/2015 15:41:7] /a
[13/10/2015 15:41:7] /a
[13/10/2015 15:41:10] /a
[13/10/2015 15:41:16] /a
[13/10/2015 15:41:17] /a
[13/10/2015 15:41:19] /a
[13/10/2015 15:41:20] /a
[13/10/2015 15:41:22] /a
[13/10/2015 15:41:24] /a
[13/10/2015 15:41:25] /a
[13/10/2015 15:41:45] /a
[13/10/2015 15:41:47] /a
[13/10/2015 15:41:50] /a 3
[13/10/2015 15:41:51] /a
[13/10/2015 15:41:53] /a
[13/10/2015 15:42:3] /down
[13/10/2015 15:42:4] /a
[13/10/2015 15:42:5] /a
[13/10/2015 15:42:7] /a
[13/10/2015 15:42:9] /a
[13/10/2015 15:42:10] /a
[13/10/2015 15:42:11] /a
[13/10/2015 15:42:13] /a
[13/10/2015 15:42:15] /a
[13/10/2015 15:42:17] /a
[13/10/2015 15:42:22] /a
[13/10/2015 15:42:24] /a
[13/10/2015 15:42:26] /a 3
[13/10/2015 15:42:31] /t
[13/10/2015 15:43:22] /b Duvidas use o Help, Achou um bug no mapa? Use o ctrl+R.
[13/10/2015 15:46:30] /b Quem tem naruto 250, que possa testar uma magia? 
[13/10/2015 15:47:9] /ghost
[13/10/2015 15:47:14] /ghost
[13/10/2015 15:47:47] /goto Fast
[13/10/2015 15:48:3] /ghost
[13/10/2015 15:48:51] /ghost
[13/10/2015 15:49:14] /t
[13/10/2015 15:54:2] /b Ausente..
[13/10/2015 15:58:44] /newtype 391
[13/10/2015 15:58:52] /newtype 398
[13/10/2015 15:58:59] /newtype 399
[13/10/2015 15:59:2] /newtype 397
[13/10/2015 15:59:5] /newtype 396
[13/10/2015 15:59:7] /newtype 364
[13/10/2015 15:59:10] /newtype 365
[13/10/2015 15:59:14] /newtype 366
[13/10/2015 15:59:16] /newtype 370
[13/10/2015 15:59:19] /newtype 371
[13/10/2015 15:59:22] /newtype 372
[13/10/2015 15:59:29] /newtype 373
[13/10/2015 15:59:32] /newtype 374
[13/10/2015 15:59:34] /newtype 375
[13/10/2015 15:59:36] /newtype 378
[13/10/2015 15:59:38] /newtype 379
[13/10/2015 15:59:39] /newtype 380
[13/10/2015 15:59:41] /newtype 390
[13/10/2015 15:59:46] /newtype 391
[13/10/2015 15:59:49] /newtype 392
[13/10/2015 15:59:53] /newtype 393
[13/10/2015 15:59:56] /t
[13/10/2015 16:41:50] /b Boa Tarde..
[13/10/2015 16:41:53] /t
[13/10/2015 16:42:6] /newtype 91
[13/10/2015 16:45:32] /newtype 
[13/10/2015 16:45:38] /newtype 91
[13/10/2015 16:46:11] /a
[13/10/2015 16:46:13] /a
[13/10/2015 16:46:28] /t deidara
[13/10/2015 16:47:4] /goto FlashEHREI
[13/10/2015 16:47:14] /t
[13/10/2015 16:47:25] /a
[13/10/2015 16:47:26] /a
[13/10/2015 16:47:33] /a 20
[13/10/2015 16:47:33] /a 20
[13/10/2015 16:47:39] /a 20
[13/10/2015 16:47:41] /a 20
[13/10/2015 16:47:43] /up
[13/10/2015 16:47:45] /up
[13/10/2015 16:47:46] /up
[13/10/2015 16:47:49] /a 20
[13/10/2015 16:47:50] /a 20
[13/10/2015 16:47:57] /goto obito
[13/10/2015 16:48:1] /t
[13/10/2015 16:48:43] /goto Paquistao
[13/10/2015 16:49:5] /a 20
[13/10/2015 16:49:14] /a 20
[13/10/2015 16:49:15] /a 20
[13/10/2015 16:49:16] /a 20
[13/10/2015 16:49:17] /a 20
[13/10/2015 16:49:18] /a 20
[13/10/2015 16:49:19] /a 20
[13/10/2015 16:50:30] /up
[13/10/2015 16:50:32] /a 20
[13/10/2015 16:50:33] /a 20
[13/10/2015 16:50:33] /a 20
[13/10/2015 16:50:34] /a 20
[13/10/2015 16:50:34] /a 20
[13/10/2015 16:50:35] /a 20
[13/10/2015 16:50:36] /a 20
[13/10/2015 16:50:44] /a 20/a 20
[13/10/2015 16:50:44] /a 20
[13/10/2015 16:50:45] /a 20
[13/10/2015 16:50:46] /a 20
[13/10/2015 16:50:47] /a 20
[13/10/2015 16:50:48] /a 20
[13/10/2015 16:50:48] /a 20
[13/10/2015 16:50:49] /a 20
[13/10/2015 16:50:50] /a 20
[13/10/2015 16:50:51] /up
[13/10/2015 16:50:52] /up
[13/10/2015 16:50:55] /up
[13/10/2015 16:50:58] /t
[13/10/2015 16:52:1] /ghost
[13/10/2015 16:52:42] /b Duvidas no HELP, Reportar bugs? CTRL+R
[13/10/2015 16:53:14] /b Duvidas no HELP, Reportar bugs? CTRL+R
[13/10/2015 16:53:19] /b green a
[13/10/2015 16:53:22] /a
[13/10/2015 16:53:24] /a
[13/10/2015 17:9:2] /ghost
[13/10/2015 17:9:5] /a
[13/10/2015 17:9:6] /a
[13/10/2015 17:9:8] /a
[13/10/2015 17:9:9] /a
[13/10/2015 17:9:21] /a
[13/10/2015 17:9:30] /a
[13/10/2015 17:9:32] /up
[13/10/2015 17:9:46] /t
[13/10/2015 17:9:50] /up
[13/10/2015 17:43:50] /t
[13/10/2015 17:44:8] /ghost
[13/10/2015 18:2:0] /ghost
[13/10/2015 18:51:7] /b Duvidas?  "HELP", Achou um BUG[magia,mapa,vocação e etc]? "CTRL+R"
[13/10/2015 18:52:49] /b Duvidas?  "HELP", Achou um BUG[magia,mapa,vocação e etc]? "CTRL+R"
[13/10/2015 19:2:20] /b Duvidas?  "HELP", Achou um BUG[magia,mapa,vocação e etc]? "CTRL+R"
[13/10/2015 19:58:2] /ghost
[13/10/2015 19:58:2] /b Duvidas?  "HELP", Achou um BUG[magia,mapa,vocação e etc]? "CTRL+R"
[13/10/2015 19:58:32] /ghost
[13/10/2015 19:58:37] /a
[13/10/2015 19:58:37] /a
[13/10/2015 19:58:48] /a
[13/10/2015 19:58:49] /a
[13/10/2015 19:58:57] /goto minaru
[13/10/2015 19:58:59] /goto minaru
[13/10/2015 19:59:0] /goto minaru
[13/10/2015 19:59:1] /goto minaru
[13/10/2015 19:59:2] /goto minaru
[13/10/2015 19:59:3] /goto minaru
[13/10/2015 19:59:4] /goto minaru
[13/10/2015 19:59:4] /goto minaru
[13/10/2015 19:59:5] /goto minaru
[13/10/2015 19:59:5] /goto minaru
[13/10/2015 19:59:5] /goto minaru
[13/10/2015 19:59:6] /goto minaru
[13/10/2015 19:59:6] /goto minaru
[13/10/2015 19:59:9] /goto minaru castle
[13/10/2015 19:59:30] /a
[13/10/2015 19:59:31] /a
[13/10/2015 19:59:44] /a
[13/10/2015 19:59:45] /a
[13/10/2015 19:59:45] /a
[13/10/2015 19:59:46] /a
[13/10/2015 19:59:51] /a
[13/10/2015 19:59:51] /a
[13/10/2015 20:0:1] /goto minaru
[13/10/2015 20:0:6] /down
[13/10/2015 20:0:9] /a 50
[13/10/2015 20:0:28] /a
[13/10/2015 20:0:29] /a
[13/10/2015 20:0:47] /a
[13/10/2015 20:0:49] /goto minaru
[13/10/2015 20:0:57] /goto Seu Pai
[13/10/2015 20:1:43] /goto You Are Dead
[13/10/2015 20:2:1] /goto You Are Dead
[13/10/2015 20:2:2] /goto You Are Dead
[13/10/2015 20:2:2] /goto You Are Dead
[13/10/2015 20:2:3] /goto You Are Dead
[13/10/2015 20:2:4] /goto You Are Dead
[13/10/2015 20:2:5] /goto You Are Dead
[13/10/2015 20:2:5] /goto You Are Dead
[13/10/2015 20:2:6] /goto You Are Dead
[13/10/2015 20:2:50] /goto You Are Dead
[13/10/2015 20:2:52] /goto You Are Dead
[13/10/2015 20:3:26] /goto Shinoo
[13/10/2015 20:3:38] /goto Humildade
[13/10/2015 20:14:6] /t
[13/10/2015 20:14:10] /ghost
[13/10/2015 20:24:41] /ghost
[13/10/2015 20:24:42] /t
[13/10/2015 20:24:54] /a
[13/10/2015 20:24:55] /a
[13/10/2015 20:27:45] /down
[13/10/2015 20:27:46] /a
[13/10/2015 20:27:49] /a
[13/10/2015 20:27:54] /a 30
[13/10/2015 20:27:56] /a 30
[13/10/2015 20:27:57] /a 30
[13/10/2015 20:27:59] /a 30
[13/10/2015 20:28:17] /a
[13/10/2015 20:28:18] /a
[13/10/2015 20:28:18] /a
[13/10/2015 20:28:18] /a
[13/10/2015 20:28:19] /a
[13/10/2015 20:28:19] /a
[13/10/2015 20:28:21] /up
[13/10/2015 20:29:26] /a
[13/10/2015 20:29:29] /a 3
[13/10/2015 20:29:34] /a
[13/10/2015 20:29:58] /t
[13/10/2015 20:30:12] /a 2
[13/10/2015 20:30:40] /r
[13/10/2015 20:33:10] /t
[13/10/2015 20:33:22] /a
[13/10/2015 20:33:23] /a
[13/10/2015 20:34:21] /a
[13/10/2015 20:34:21] /a
[13/10/2015 20:34:21] /a
[13/10/2015 20:34:22] /a
[13/10/2015 20:34:23] /up
[13/10/2015 20:34:45] /a 5
[13/10/2015 20:34:45] /a 5
[13/10/2015 20:34:45] /a 5
[13/10/2015 20:34:45] /a 5
[13/10/2015 20:34:46] /a 5
[13/10/2015 20:34:46] /a 5/a 5
[13/10/2015 20:34:47] /a 5
[13/10/2015 20:34:47] /a 5
[13/10/2015 20:34:47] /a 5
[13/10/2015 20:34:48] /a 5
[13/10/2015 20:34:48] /a 5
[13/10/2015 20:34:48] /a 5
[13/10/2015 20:34:49] /a 5
[13/10/2015 20:34:49] /a 5
[13/10/2015 20:34:49] /a 5
[13/10/2015 20:34:50] /a 5
[13/10/2015 20:34:50] /a 5
[13/10/2015 20:34:50] /a 5
[13/10/2015 20:34:51] /a 5
[13/10/2015 20:34:51] /a 5
[13/10/2015 20:34:51] /a 5
[13/10/2015 20:34:52] /a 5
[13/10/2015 20:34:52] /a 5
[13/10/2015 20:34:53] /a 5
[13/10/2015 20:34:53] /a 5
[13/10/2015 20:34:54] /a 5
[13/10/2015 20:34:55] /a 5
[13/10/2015 20:34:55] /a 5
[13/10/2015 20:34:55] /a 5
[13/10/2015 20:34:56] /a 5
[13/10/2015 20:34:57] /a 5
[13/10/2015 20:34:57] /a 5
[13/10/2015 20:34:58] /a 5
[13/10/2015 20:34:58] /a 5
[13/10/2015 20:35:0] /a 5
[13/10/2015 20:35:28] /a
[13/10/2015 20:35:30] /a
[13/10/2015 20:35:31] /a
[13/10/2015 20:35:32] /a
[13/10/2015 20:35:34] /a
[13/10/2015 20:35:35] /a
[13/10/2015 20:35:38] /a
[13/10/2015 20:35:40] /r
[13/10/2015 20:38:57] /a 2
[13/10/2015 20:41:47] /a 2
[13/10/2015 20:43:12] /a 2
[13/10/2015 20:43:57] /t
[13/10/2015 20:44:13] /a
[13/10/2015 20:44:14] /a
[13/10/2015 20:44:34] /b Duvidas?  "HELP", Achou um BUG[magia,mapa,vocação e etc]? "CTRL+R"
[13/10/2015 20:45:38] /r
[13/10/2015 20:48:35] /r
[13/10/2015 20:48:38] /r
[13/10/2015 20:50:21] /r
[13/10/2015 20:50:23] /r
[13/10/2015 20:52:22] /r
[13/10/2015 20:53:15] /r
[13/10/2015 20:53:45] /r
[13/10/2015 21:0:9] /b Duvidas?  "HELP", Achou um BUG[magia,mapa,vocação e etc]? "CTRL+R"
[13/10/2015 21:7:43] /goto FlashEHREI
[13/10/2015 21:8:12] /r
[13/10/2015 21:9:2] /r
[13/10/2015 21:9:6] /r
[13/10/2015 21:10:30] /r
[13/10/2015 21:10:32] /r
[13/10/2015 21:10:33] /r
[13/10/2015 21:11:5] /r
[13/10/2015 21:11:10] /r
[13/10/2015 21:11:14] /r
[13/10/2015 21:11:40] /r
[13/10/2015 21:12:32] /r
[13/10/2015 21:12:35] /r
[13/10/2015 21:12:38] /r
[13/10/2015 21:22:1] /r
[13/10/2015 21:22:45] /goto Humildade
[13/10/2015 21:23:3] /goto FlashEHREI
[13/10/2015 21:26:41] /b Quem gostou do SERVER, Anuncie o server, para ter mais players e ter mais war.!
[13/10/2015 21:29:54] /r
[13/10/2015 21:39:43] /r
[13/10/2015 21:39:44] /r
[13/10/2015 21:40:12] /t
[13/10/2015 21:46:51] /goto FlashEHREI
[13/10/2015 21:47:1] /a 5
[13/10/2015 21:47:2] /a
[13/10/2015 21:47:4] /up
[13/10/2015 21:49:22] /a
[13/10/2015 21:49:26] /a 2
[13/10/2015 21:49:38] /a 3
[13/10/2015 21:49:43] /a 2
[13/10/2015 21:51:59] /a 3
[13/10/2015 21:52:4] /a 6
[13/10/2015 21:52:6] /a 5
[13/10/2015 21:52:7] /a 2
[13/10/2015 21:53:37] /a 2
[13/10/2015 21:53:47] /a 2
[13/10/2015 21:55:13] /a 2
[13/10/2015 21:55:23] /a 2
[13/10/2015 21:56:9] /goto FlashEHREI
[13/10/2015 21:59:44] /goto
[13/10/2015 21:59:46] /t
[13/10/2015 22:0:20] /b 100g que eu ganhei no sortei, vo tacar aqui no templo.
[13/10/2015 22:4:15] /goto FlashEHREI
[13/10/2015 22:4:40] /a
[13/10/2015 22:4:46] /r
[13/10/2015 22:4:49] /r
[13/10/2015 22:4:50] /r
[13/10/2015 22:4:55] /r
[13/10/2015 22:4:56] /r
[13/10/2015 22:5:2] /a
[13/10/2015 22:5:5] /a
[13/10/2015 22:5:13] /r
[13/10/2015 22:6:8] /r
[13/10/2015 22:6:10] /r
[13/10/2015 22:8:17] /a
[13/10/2015 22:11:59] /r
[13/10/2015 22:12:5] /r
[13/10/2015 22:12:9] /r
[13/10/2015 22:12:12] /r
[13/10/2015 22:12:19] /a
[13/10/2015 22:13:29] /r
[13/10/2015 22:13:30] /r
[13/10/2015 22:13:32] /r
[13/10/2015 22:18:39] /r
[13/10/2015 22:18:42] /r
[13/10/2015 22:18:45] /up
[13/10/2015 22:18:49] /up
[13/10/2015 22:21:7] /up
[13/10/2015 22:21:41] /up
[13/10/2015 22:24:23] /newtype 
[13/10/2015 22:24:29] /newtype 59
[13/10/2015 22:30:13] /t
[13/10/2015 22:31:41] /ghost
[13/10/2015 22:36:6] /goto tenten
[13/10/2015 22:36:15] /goto tenten
[13/10/2015 22:36:16] /goto tenten
[13/10/2015 22:36:17] /goto tenten
[13/10/2015 22:36:35] /t
[13/10/2015 22:36:46] /goto prostituta
[13/10/2015 22:38:24] /t
[13/10/2015 22:38:48] /a
[13/10/2015 22:38:49] /a
[13/10/2015 22:38:49] /a
[13/10/2015 23:2:20] /t
[13/10/2015 23:3:48] /ghost
[14/10/2015 0:53:44] /ghost
[14/10/2015 0:53:46] /ghost
[14/10/2015 0:53:57] /goto Faker
[14/10/2015 0:54:4] /goto Seu Pai
[14/10/2015 0:55:0] /goto Yonlu
[14/10/2015 0:55:3] /t
[14/10/2015 0:55:20] /goto Suitonnaparada
[14/10/2015 0:55:23] /t
[14/10/2015 0:56:23] /goto Carl Johnson
[14/10/2015 0:57:17] /goto Carl Johnson
[14/10/2015 1:3:0] /goto FlashEHREI
[14/10/2015 1:4:17] /goto carl johnson
[14/10/2015 1:5:13] /t
[14/10/2015 1:7:37] /goto carl johnson
[14/10/2015 1:7:39] /a
[14/10/2015 1:7:40] /a
[14/10/2015 1:7:49] /a
[14/10/2015 1:7:50] /a
[14/10/2015 1:12:13] /r
[14/10/2015 1:14:59] /goto FlashEHREI
[14/10/2015 1:15:6] /r
[14/10/2015 1:15:8] /r
[14/10/2015 1:15:32] /r
[14/10/2015 1:16:26] /goto carl johnson
[14/10/2015 1:16:29] /a 2
[14/10/2015 1:17:46] /goto carl johnson
[14/10/2015 1:17:56] /goto carl johnson
[14/10/2015 1:18:2] /goto carl johnson
[14/10/2015 1:18:49] /t carl johnson
[14/10/2015 1:20:44] /goto carl johnson
[14/10/2015 1:21:21] /goto carl johnson
[14/10/2015 1:25:4] /b ola
[14/10/2015 1:25:5] /t
[14/10/2015 1:25:20] /newtype 133
[14/10/2015 1:25:29] /newtype 266
[14/10/2015 1:25:36] /newtype 261
[14/10/2015 1:26:6] /a
[14/10/2015 1:26:11] /a
[14/10/2015 1:26:15] /a
[14/10/2015 1:26:54] /a
[14/10/2015 1:27:3] /a
[14/10/2015 1:27:4] /a
[14/10/2015 1:27:5] /a
[14/10/2015 1:27:6] /a
[14/10/2015 1:27:11] /goto tenten
[14/10/2015 1:27:31] /t
[14/10/2015 1:27:38] /a
[14/10/2015 1:27:52] /ghost
[14/10/2015 1:27:55] /ghost
[14/10/2015 1:28:31] /a
[14/10/2015 1:28:32] /a
[14/10/2015 1:28:33] /a
[14/10/2015 1:28:33] /a
[14/10/2015 1:29:55] /a 22
[14/10/2015 1:29:57] /a 22
[14/10/2015 1:29:59] /up
[14/10/2015 1:30:31] /goto FlashEHREI
[14/10/2015 1:31:19] /t
[14/10/2015 1:31:31] /goto JumPeREHREI
[14/10/2015 1:31:33] /ghost
[14/10/2015 1:32:42] /a
[14/10/2015 1:32:50] /a
[14/10/2015 1:33:7] /a
[14/10/2015 1:33:8] /a
[14/10/2015 1:33:12] /a
[14/10/2015 1:33:19] /a
[14/10/2015 1:33:27] /t
[14/10/2015 1:34:1] /newtype 91
[14/10/2015 1:34:40] /goto JumPeREHREI
[14/10/2015 1:34:47] /clean
[14/10/2015 1:35:1] /r
[14/10/2015 1:35:43] /r
[14/10/2015 1:35:46] /t
[14/10/2015 1:35:51] /goto JumPeREHREI
[14/10/2015 1:35:55] /goto JumPeREHREI
[14/10/2015 1:35:56] /goto JumPeREHREI
[14/10/2015 1:35:57] /goto JumPeREHREI
[14/10/2015 1:35:58] /goto JumPeREHREI
[14/10/2015 1:35:59] /goto JumPeREHREI
[14/10/2015 1:36:1] /goto JumPeREHREI
[14/10/2015 1:36:25] /ghost
[14/10/2015 1:37:15] /a 3
[14/10/2015 1:37:17] /ghost
[14/10/2015 1:37:22] /goto JumPeREHREI
[14/10/2015 1:37:23] /goto JumPeREHREI
[14/10/2015 1:37:24] /goto JumPeREHREI
[14/10/2015 1:37:26] /goto JumPeREHREI
[14/10/2015 1:37:27] /goto JumPeREHREI
[14/10/2015 1:37:49] /t
[14/10/2015 1:37:51] /ghost
[14/10/2015 1:37:59] /a
[14/10/2015 1:38:9] /a
[14/10/2015 1:38:10] /a
[14/10/2015 1:39:2] /up
[14/10/2015 1:39:25] /a
[14/10/2015 1:39:29] /ghost
[14/10/2015 1:39:31] /ghost
[14/10/2015 1:39:36] /a
[14/10/2015 1:39:37] /a
[14/10/2015 1:39:39] /a
[14/10/2015 1:41:5] /a
[14/10/2015 1:41:13] /a
[14/10/2015 1:41:15] /a
[14/10/2015 1:42:3] /goto tenten
[14/10/2015 1:42:13] /t
[14/10/2015 1:42:58] /a
[14/10/2015 1:43:0] /a
[14/10/2015 1:43:1] /a
[14/10/2015 1:43:2] /a
[14/10/2015 1:43:2] /a
[14/10/2015 1:43:58] /t Carl Johnson
[14/10/2015 1:44:42] /goto Cazaquistao
[14/10/2015 1:46:48] /goto Cazaquistao
[14/10/2015 1:47:36] /goto Seu Pai
[14/10/2015 1:47:57] /t
[14/10/2015 1:48:25] /t Carl Johnson
[14/10/2015 1:50:0] /a
[14/10/2015 1:50:3] /a
[14/10/2015 1:50:4] /a
[14/10/2015 1:50:6] /a
[14/10/2015 1:50:6] /a
[14/10/2015 1:51:34] /goto carl johnson
[14/10/2015 1:52:22] /a
[14/10/2015 1:52:42] /r
[14/10/2015 1:52:46] /r
[14/10/2015 1:52:58] /clean
[14/10/2015 1:53:8] /clean
[14/10/2015 1:53:17] /clean
[14/10/2015 1:54:29] /t
[14/10/2015 1:54:51] /a 2
[14/10/2015 1:54:53] /a
[14/10/2015 1:54:54] /a
[14/10/2015 1:56:6] /goto carl johnson
[14/10/2015 1:59:51] /goto carl johnson
[14/10/2015 1:59:53] /a
[14/10/2015 1:59:54] /a
[14/10/2015 2:0:33] /a
[14/10/2015 2:0:33] /a
[14/10/2015 2:3:10] /t
[14/10/2015 2:3:22] /a 3
[14/10/2015 2:3:22] /a 3
[14/10/2015 2:3:28] /a 30
[14/10/2015 2:3:29] /a 30
[14/10/2015 2:3:29] /a 30
[14/10/2015 2:3:30] /a 30
[14/10/2015 2:3:31] /a 30
[14/10/2015 2:3:31] /a 30
[14/10/2015 2:3:33] /a 30
[14/10/2015 2:3:40] /a
[14/10/2015 2:3:53] /a 30
[14/10/2015 2:3:54] /a 30/a 30
[14/10/2015 2:3:55] /a 30
[14/10/2015 2:3:55] /a 30
[14/10/2015 2:3:56] /a 30
[14/10/2015 2:3:58] /a 30/a 30
[14/10/2015 2:3:59] /a 30
[14/10/2015 2:4:0] /a 30
[14/10/2015 2:4:2] /a 30
[14/10/2015 2:4:3] /a 30
[14/10/2015 2:4:4] /a 30
[14/10/2015 2:4:5] /a 30
[14/10/2015 2:4:6] /a 30
[14/10/2015 2:4:7] /a 30
[14/10/2015 2:4:8] /a 30
[14/10/2015 2:4:9] /a 30
[14/10/2015 2:4:11] /a 30
[14/10/2015 2:4:21] /a 30
[14/10/2015 2:4:23] /a 30
[14/10/2015 2:4:24] /a 30
[14/10/2015 2:4:24] /a 30
[14/10/2015 2:4:27] /a 30
[14/10/2015 2:4:28] /a 30
[14/10/2015 2:4:32] /a 30
[14/10/2015 2:4:33] /a 30
[14/10/2015 2:4:37] /a 30
[14/10/2015 2:4:38] /a 30
[14/10/2015 2:4:42] /a 30
[14/10/2015 2:4:53] /a 30
[14/10/2015 2:4:54] /a 30
[14/10/2015 2:4:55] /a 30
[14/10/2015 2:4:56] /a 30
[14/10/2015 2:4:59] /a 30
[14/10/2015 2:5:0] /a 30
[14/10/2015 2:5:1] /a 30
[14/10/2015 2:5:10] /a
[14/10/2015 2:5:19] /a
[14/10/2015 2:5:31] /a
[14/10/2015 2:5:32] /a
[14/10/2015 2:5:34] /a
[14/10/2015 2:5:35] /a 30
[14/10/2015 2:5:38] /down
[14/10/2015 2:5:39] /a 30
[14/10/2015 2:5:40] /a 30
[14/10/2015 2:5:41] /a 30
[14/10/2015 2:5:41] /a 30
[14/10/2015 2:5:42] /a 30
[14/10/2015 2:5:43] /a 30
[14/10/2015 2:5:44] /a 30
[14/10/2015 2:6:5] /a 30
[14/10/2015 2:6:8] /a 5
[14/10/2015 2:6:29] /a 30
[14/10/2015 2:6:30] /a 30
[14/10/2015 2:6:32] /a 30
[14/10/2015 2:6:33] /a 30
[14/10/2015 2:6:38] /a 30
[14/10/2015 2:6:39] /a 30
[14/10/2015 2:6:42] /a 6
[14/10/2015 2:7:1] /a 30
[14/10/2015 2:7:2] /a 30
[14/10/2015 2:7:4] /a 30
[14/10/2015 2:7:44] /a 30
[14/10/2015 2:7:45] /a 30
[14/10/2015 2:7:47] /a
[14/10/2015 2:7:47] /a
[14/10/2015 2:7:51] /a
[14/10/2015 2:7:52] /a
[14/10/2015 2:8:32] /a
[14/10/2015 2:10:19] /t
[14/10/2015 2:11:17] /r
[14/10/2015 2:11:17] /r
[14/10/2015 2:11:50] /ghost
[14/10/2015 2:12:8] /r
[14/10/2015 2:12:32] /a
[14/10/2015 2:12:36] /a
[14/10/2015 2:12:36] /a
[14/10/2015 2:12:37] /a
[14/10/2015 2:13:12] /r
[14/10/2015 2:13:15] /r
[14/10/2015 2:13:16] /r
[14/10/2015 2:13:16] /r
[14/10/2015 2:13:17] /r
[14/10/2015 2:13:17] /r
[14/10/2015 2:13:18] /r
[14/10/2015 2:13:22] /r
[14/10/2015 2:13:34] /ghost
[14/10/2015 2:14:33] /goto peidona
[14/10/2015 2:14:39] /goto peidonaliguica
[14/10/2015 2:14:44] /goto peidonalinguica
[14/10/2015 2:14:46] /t
[14/10/2015 2:15:22] /t Carl Johnson
[14/10/2015 2:17:55] /goto Peidonalinguica
[14/10/2015 2:17:58] /t
[14/10/2015 2:22:3] /a
[14/10/2015 2:22:3] /a
[14/10/2015 2:24:23] /goto Peidonalinguica
[14/10/2015 2:25:10] /goto Cazaquistao
[14/10/2015 2:25:19] /ghost
[14/10/2015 2:25:25] /ghost
[14/10/2015 2:27:56] /t
[14/10/2015 2:52:50] /goto carl johnson
[14/10/2015 2:52:53] /a
[14/10/2015 2:52:56] /r
[14/10/2015 2:53:0] /r
[14/10/2015 2:53:35] /t
[14/10/2015 2:54:44] /ghost
[14/10/2015 2:54:49] /ghost
[14/10/2015 2:54:55] /goto peidonalinguica
[14/10/2015 2:54:59] /t
[14/10/2015 2:56:7] /t FlashEHREI
[14/10/2015 11:42:49] /ghost
[14/10/2015 11:42:51] /ghost
[14/10/2015 11:43:5] /goto tsunade
[14/10/2015 11:50:17] /goto FlashEHREI
[14/10/2015 11:51:42] /goto Lizar Abomination
[14/10/2015 11:51:50] /goto Carl Johnson
[14/10/2015 11:52:28] /goto Lizard Abomination
[14/10/2015 11:53:16] /goto FlashEHREI
[14/10/2015 11:53:32] /t
[14/10/2015 11:53:53] /a
[14/10/2015 11:54:5] /ghost
[14/10/2015 11:56:19] /r
