[28/10/2013 23:50:51] /t
[28/10/2013 23:50:53] /ghost
[28/10/2013 23:51:21] /ghost
[28/10/2013 23:58:43] /b Parabéns [ADM]Nii
[28/10/2013 23:59:08] /ghost
[29/10/2013 00:02:35] /ghost
[29/10/2013 00:03:45] /ghost
[29/10/2013 00:03:48] /ghost
[29/10/2013 00:16:29] /ghost [ADM] Nii.
[29/10/2013 00:17:53] /b  Qualquer dúvida só me contatar
[29/10/2013 00:18:03] /ghost
[29/10/2013 00:19:37] /goto Seu Pai
[29/10/2013 00:22:25] /goto Wizard
[29/10/2013 00:27:35] /goto  Kakashi'sharingan
[29/10/2013 00:29:09] /t
[29/10/2013 00:30:30] /ghost
[29/10/2013 01:49:19] /goto [ADM] Nii.
[29/10/2013 02:01:17] /ghost
[29/10/2013 02:05:43] /t
[29/10/2013 02:06:57] /ghost
[29/10/2013 02:08:12] /t
[29/10/2013 02:08:19] /ghost
[29/10/2013 02:11:08] /a 2
[29/10/2013 02:12:51] /ghost
[29/10/2013 02:13:37] /ghost
[29/10/2013 02:13:40] /t
[29/10/2013 02:14:20] /b E Pessoal Saindo aki flw
[29/10/2013 02:15:10] /t
[29/10/2013 13:18:31] /b Boa Tarde Pessoal
[29/10/2013 13:18:46] /ghost
[29/10/2013 13:19:53] /b Nao  Respondo pm 
[29/10/2013 13:28:10] /ghost
[29/10/2013 13:28:29] /goto Niii-chann
[29/10/2013 13:29:32] /up
[29/10/2013 13:30:43] /t
[29/10/2013 13:34:30] /t
[30/10/2013 04:02:35] /ghost
[30/10/2013 04:02:36] /ghost
[30/10/2013 04:02:43] /goto Infinity Lizard 
[30/10/2013 04:03:22] /goto Capvara 
[30/10/2013 04:03:38] /t
[30/10/2013 12:03:04] /b Eitra o Trein ta Feio aki em 
[30/10/2013 12:12:39] /ghost
[30/10/2013 12:51:13] /ghost
[30/10/2013 18:41:37] /ghost
[30/10/2013 18:41:38] /ghost
[02/11/2013 14:13:03] /b Bõa Tarde Pessõal Precisar De Ajuda To aki  Fala Pelo Helps
[02/11/2013 14:19:28] /a 30
[02/11/2013 14:19:33] /t
[03/11/2013 19:46:38] /b Boa Noite Gente
[05/11/2013 11:21:43] /b Bom dia gente
