[26/9/2015 12:59:27] /newtype 300
[26/9/2015 12:59:30] /newtype 303
[26/9/2015 12:59:34] /newtype 288
[26/9/2015 13:0:56] /b iae galerinha Nto Absolut
[26/9/2015 13:1:17] /b empolgados pro evento ?
[26/9/2015 13:5:14] /newtype 288
[26/9/2015 14:29:32] /bc green Boa Tarde - Tire suas duvidas, usando chat: help
[26/9/2015 14:29:45] /newtype 288
[26/9/2015 14:47:59] /ghost
[26/9/2015 14:49:37] /a 300
[26/9/2015 14:49:45] /a 600
[26/9/2015 14:49:49] /a 500
[26/9/2015 14:51:12] /a 2
[26/9/2015 14:51:30] /t
[26/9/2015 14:51:44] /ghost
[26/9/2015 14:54:0] /ghost
[26/9/2015 15:8:26] /ghost
[26/9/2015 15:9:17] /newtype 376
[26/9/2015 15:9:32] /newtype 378
[26/9/2015 15:9:34] /newtype 377
[26/9/2015 15:9:38] /newtype 375
[26/9/2015 15:9:39] /newtype 374
[26/9/2015 15:9:41] /newtype 373
[26/9/2015 15:9:44] /newtype 372
[26/9/2015 15:13:16] /t
[26/9/2015 15:13:17] /up
[26/9/2015 15:13:18] /up
[26/9/2015 15:13:18] /up
[26/9/2015 15:13:32] /t
[26/9/2015 21:44:20] /ghost
[26/9/2015 21:44:22] /ghost
[26/9/2015 21:44:23] /ghost
[26/9/2015 21:45:11] /newtype 288
[27/9/2015 10:38:48] /newtype 288
[27/9/2015 10:39:7] /b duvidas no help.
[27/9/2015 10:44:23] /ghost
[27/9/2015 10:44:41] /newtype 230
[27/9/2015 10:44:45] /newtype 232
[27/9/2015 10:44:49] /newtype 223
[27/9/2015 10:44:53] /newtype 5
[27/9/2015 10:44:54] /newtype 6
[27/9/2015 10:44:56] /newtype 7
[27/9/2015 10:45:2] /newtype 351
[27/9/2015 10:45:38] /newtype 402
[27/9/2015 10:45:43] /newtype 457
[27/9/2015 10:45:46] /newtype 454
[27/9/2015 10:45:55] /newtype 362
[27/9/2015 10:46:3] /newtype 267
[27/9/2015 10:46:6] /newtype 257
[27/9/2015 10:47:8] /newtype 288
[27/9/2015 10:47:50] /goto Kankuro Sykes
[27/9/2015 10:51:3] /a 4
[27/9/2015 10:51:5] /up
[27/9/2015 10:51:13] /down
[27/9/2015 10:51:15] /a 7
[27/9/2015 10:51:35] /t
[27/9/2015 10:54:20] /a 20
[27/9/2015 10:54:21] /a 20
[27/9/2015 11:4:59] /t
[27/9/2015 11:7:55] /ghost
[27/9/2015 21:26:6] /newtype 288
[27/9/2015 21:26:15] /b duvidas no Help
[27/9/2015 21:35:3] /ghost
[27/9/2015 21:44:32] /b duvidas no help
[27/9/2015 22:6:24] /ghost
[27/9/2015 22:22:31] /goto patati
[27/9/2015 22:26:17] /t
[28/9/2015 11:16:36] /newtype 288
[28/9/2015 11:16:38] /ghost
[28/9/2015 11:20:10] /goto Patati
[28/9/2015 11:20:40] /t
[28/9/2015 23:40:7] /ghost
[28/9/2015 23:40:9] /ghost
[28/9/2015 23:40:34] /newtype 288
[28/9/2015 23:44:36] /ghost
[28/9/2015 23:44:41] /goto master shinobi
[28/9/2015 23:44:44] /down
[28/9/2015 23:44:47] /down
[28/9/2015 23:44:56] /a 50
[28/9/2015 23:44:59] /a 50
[28/9/2015 23:45:1] /a 50
[28/9/2015 23:45:2] /a 50
[28/9/2015 23:45:3] /a 50
[28/9/2015 23:45:4] /a 50
[28/9/2015 23:45:5] /up
[28/9/2015 23:45:8] /a 50
[28/9/2015 23:45:10] /up
[28/9/2015 23:45:16] /a 50
[28/9/2015 23:45:18] /a 50
[28/9/2015 23:45:20] /a 25
[28/9/2015 23:45:22] /a 25
[28/9/2015 23:45:32] /a 3
[28/9/2015 23:50:15] /t
[28/9/2015 23:51:13] /a 2
[28/9/2015 23:54:1] /newtype 288
[28/9/2015 23:54:40] /a 2
[29/9/2015 4:26:56] /newtype 288
[29/9/2015 4:27:3] /a 10
[29/9/2015 4:27:3] /a 10
[29/9/2015 4:27:5] /a 10
[29/9/2015 4:27:16] /a 10
[29/9/2015 4:27:16] /a 10
[29/9/2015 4:27:17] /a 10
[29/9/2015 4:27:18] /a 10
[29/9/2015 4:27:18] /a 10
[29/9/2015 4:27:18] /a 10
[29/9/2015 4:27:18] /a 10
[29/9/2015 4:27:18] /a 10
[29/9/2015 4:27:19] /a 10
[29/9/2015 4:27:19] /a 10
[29/9/2015 4:27:20] /a 10
[29/9/2015 4:27:20] /a 10
[29/9/2015 4:27:23] /goto lider guard
[29/9/2015 4:27:26] /goto lider guard
[29/9/2015 4:27:27] /goto lider guard
[29/9/2015 4:27:31] /goto perfect anbu
[29/9/2015 4:27:36] /goto perfect anbu
[29/9/2015 4:27:43] /goto perfect anbu
[29/9/2015 4:27:46] /t
[29/9/2015 4:27:49] /a 10
[29/9/2015 4:27:49] /a 10
[29/9/2015 4:27:50] /a 10
[29/9/2015 4:27:50] /a 10
[29/9/2015 4:27:50] /a 10
[29/9/2015 4:27:50] /a 10
[29/9/2015 4:27:50] /a 10
[29/9/2015 4:27:50] /a 10
[29/9/2015 4:27:50] /a 10
[29/9/2015 4:27:50] /a 10
[29/9/2015 4:27:50] /a 10
[29/9/2015 4:27:50] /a 10
[29/9/2015 4:27:51] /a 10
[29/9/2015 4:27:51] /a 10
[29/9/2015 4:27:51] /a 10
[29/9/2015 4:27:51] /a 10
[29/9/2015 4:27:51] /a 10
[29/9/2015 4:27:51] /a 10
[29/9/2015 4:27:51] /a 10
[29/9/2015 4:27:52] /a 10
[29/9/2015 4:27:52] /a 10
[29/9/2015 4:27:52] /a 10
[29/9/2015 4:27:52] /a 10
[29/9/2015 4:27:52] /a 10
[29/9/2015 4:27:52] /a 10
[29/9/2015 4:27:52] /a 10
[29/9/2015 4:27:52] /a 10
[29/9/2015 4:27:52] /a 10
[29/9/2015 4:27:52] /a 10
[29/9/2015 4:27:52] /a 10
[29/9/2015 4:27:52] /a 10
[29/9/2015 4:27:52] /a 10
[29/9/2015 4:27:52] /a 10
[29/9/2015 4:27:52] /a 10
[29/9/2015 4:27:52] /a 10
[29/9/2015 4:27:52] /a 10
[29/9/2015 4:27:52] /a 10
[29/9/2015 4:27:52] /a 10
[29/9/2015 4:27:52] /a 10
[29/9/2015 4:27:52] /a 10
[29/9/2015 4:27:52] /a 10
[29/9/2015 4:27:53] /a 10
[29/9/2015 4:27:54] /a 10
[29/9/2015 4:27:54] /a 10
[29/9/2015 4:27:55] /a 10
[29/9/2015 4:27:55] /a 10
[29/9/2015 4:27:55] /a 10
[29/9/2015 4:27:55] /a 10
[29/9/2015 4:27:55] /a 10
[29/9/2015 4:27:55] /a 10
[29/9/2015 4:27:55] /a 10
[29/9/2015 4:27:55] /a 10
[29/9/2015 4:27:55] /a 10
[29/9/2015 4:27:55] /a 10
[29/9/2015 4:27:55] /a 10
[29/9/2015 4:27:55] /a 10
[29/9/2015 4:27:55] /a 10
[29/9/2015 4:27:55] /a 10
[29/9/2015 4:27:55] /a 10
[29/9/2015 4:27:55] /a 10
[29/9/2015 4:27:55] /a 10
[29/9/2015 4:27:55] /a 10
[29/9/2015 4:27:55] /a 10
[29/9/2015 4:27:55] /a 10
[29/9/2015 4:27:55] /a 10
[29/9/2015 4:27:55] /a 10
[29/9/2015 4:27:55] /a 10
[29/9/2015 4:27:55] /a 10
[29/9/2015 4:27:56] /a 10
[29/9/2015 4:27:56] /a 10
[29/9/2015 4:27:56] /a 10
[29/9/2015 4:27:56] /a 10
[29/9/2015 4:27:56] /a 10
[29/9/2015 4:27:56] /a 10
[29/9/2015 4:27:57] /a 10
[29/9/2015 4:27:57] /a 10
[29/9/2015 4:27:57] /a 10
[29/9/2015 4:27:57] /a 10
[29/9/2015 4:27:57] /a 10
[29/9/2015 4:27:57] /a 10
[29/9/2015 4:27:57] /a 10
[29/9/2015 4:27:58] /a 10
[29/9/2015 4:27:58] /a 10
[29/9/2015 4:27:58] /a 10
[29/9/2015 4:27:58] /a 10
[29/9/2015 4:27:58] /a 10
[29/9/2015 4:27:58] /a 10
[29/9/2015 4:27:58] /a 10
[29/9/2015 4:27:58] /a 10
[29/9/2015 4:27:58] /a 10
[29/9/2015 4:27:58] /a 10
[29/9/2015 4:27:58] /a 10
[29/9/2015 4:27:58] /a 10
[29/9/2015 4:27:58] /a 10
[29/9/2015 4:27:59] /a 10
[29/9/2015 4:28:0] /a 10
[29/9/2015 4:28:0] /a 10
[29/9/2015 4:28:0] /a 10
[29/9/2015 4:28:0] /a 10
[29/9/2015 4:28:0] /a 10
[29/9/2015 4:28:1] /a 10
[29/9/2015 4:28:5] /a 5
[29/9/2015 4:28:6] /a 10
[29/9/2015 4:28:6] /a 10
[29/9/2015 4:28:7] /a 10
[29/9/2015 4:28:7] /a 10
[29/9/2015 4:28:7] /a 10
[29/9/2015 4:28:7] /a 10
[29/9/2015 4:28:7] /a 10
[29/9/2015 4:28:7] /a 10
[29/9/2015 4:28:7] /a 10
[29/9/2015 4:28:7] /a 10
[29/9/2015 4:28:7] /a 10
[29/9/2015 4:28:7] /a 10
[29/9/2015 4:28:7] /a 10
[29/9/2015 4:28:7] /a 10
[29/9/2015 4:28:7] /a 10
[29/9/2015 4:28:7] /a 10
[29/9/2015 4:28:8] /a 10
[29/9/2015 4:28:8] /a 10
[29/9/2015 4:28:9] /a 10
[29/9/2015 4:28:9] /a 10
[29/9/2015 4:28:9] /a 10
[29/9/2015 4:28:9] /a 10
[29/9/2015 4:28:9] /a 10
[29/9/2015 4:28:10] /a 10
[29/9/2015 4:28:10] /a 10
[29/9/2015 4:28:10] /a 10
[29/9/2015 4:28:12] /a 10
[29/9/2015 4:28:13] /a 10
[29/9/2015 4:28:13] /a 10
[29/9/2015 4:28:42] /a 10
[29/9/2015 4:28:42] /a 10
[29/9/2015 4:28:43] /a 10
[29/9/2015 4:28:44] /a 10
[29/9/2015 4:28:44] /a 10
[29/9/2015 4:28:45] /a 10
[29/9/2015 4:28:46] /a 10
[29/9/2015 4:28:46] /a 10
[29/9/2015 4:28:47] /a 10
[29/9/2015 4:28:47] /a 10
[29/9/2015 4:28:48] /a 10
[29/9/2015 4:28:49] /a 10
[29/9/2015 4:28:50] /a 10
[29/9/2015 4:28:50] /a 10
[29/9/2015 4:28:51] /a 10
[29/9/2015 4:29:3] /a 10
[29/9/2015 4:29:4] /a 10
[29/9/2015 4:29:4] /a 10
[29/9/2015 4:29:6] /up
[29/9/2015 4:31:24] /down
[29/9/2015 4:31:25] /a 10
[29/9/2015 4:31:25] /a 10
[29/9/2015 4:31:25] /a 10
[29/9/2015 4:31:25] /a 10
[29/9/2015 4:31:25] /a 10
[29/9/2015 4:31:25] /a 10
[29/9/2015 4:31:26] /a 10
[29/9/2015 4:31:26] /a 10
[29/9/2015 4:31:26] /a 10
[29/9/2015 4:31:26] /a 10
[29/9/2015 4:31:26] /a 10
[29/9/2015 4:31:26] /a 10
[29/9/2015 4:31:26] /a 10
[29/9/2015 4:31:26] /a 10
[29/9/2015 4:31:26] /a 10
[29/9/2015 4:31:26] /a 10
[29/9/2015 4:31:26] /a 10
[29/9/2015 4:31:26] /a 10
[29/9/2015 4:31:26] /a 10
[29/9/2015 4:31:27] /a 10
[29/9/2015 4:31:27] /a 10
[29/9/2015 4:31:27] /a 10
[29/9/2015 4:31:27] /a 10
[29/9/2015 4:31:27] /a 10
[29/9/2015 4:31:28] /a 10
[29/9/2015 4:31:28] /a 10
[29/9/2015 4:35:53] /a 10
[29/9/2015 4:35:53] /a 10
[29/9/2015 4:35:54] /a 10
[29/9/2015 4:35:55] /a 10
[29/9/2015 4:35:55] /a 10
[29/9/2015 4:35:55] /a 10
[29/9/2015 4:35:56] /a 10
[29/9/2015 4:35:57] /a 10
[29/9/2015 4:35:58] /a 10
[29/9/2015 4:35:58] /a 10
[29/9/2015 4:35:58] /a 10
[29/9/2015 4:36:0] /a 10
[29/9/2015 4:36:1] /a 10
[29/9/2015 4:36:1] /a 10
[29/9/2015 4:36:2] /a 10
[29/9/2015 4:36:2] /a 10
[29/9/2015 4:36:3] /a 10
[29/9/2015 4:36:3] /a 10
[29/9/2015 4:36:4] /a 10
[29/9/2015 4:36:5] /a 10
[29/9/2015 4:36:6] /a 10
[29/9/2015 4:36:7] /a 10
[29/9/2015 4:36:26] /a 10
[29/9/2015 4:36:26] /a 10
[29/9/2015 4:36:27] /a 10
[29/9/2015 4:36:27] /a 10
[29/9/2015 4:36:29] /a 10
[29/9/2015 4:36:29] /a 10
[29/9/2015 4:36:30] /a 10
[29/9/2015 4:36:30] /a 10
[29/9/2015 4:36:31] /a 10
[29/9/2015 4:36:34] /a 10
[29/9/2015 4:36:34] /a 10
[29/9/2015 4:36:35] /a 10
[29/9/2015 4:36:35] /a 10
[29/9/2015 4:36:35] /a 10
[29/9/2015 4:36:36] /a 10
[29/9/2015 4:36:36] /a 10
[29/9/2015 4:36:36] /a 10
[29/9/2015 4:36:36] /a 10
[29/9/2015 4:36:37] /a 10
[29/9/2015 4:36:39] /a 10
[29/9/2015 4:36:39] /a 10
[29/9/2015 4:36:39] /a 10
[29/9/2015 4:36:41] /a 10
[29/9/2015 4:36:42] /a 10
[29/9/2015 4:36:48] /a 10
[29/9/2015 4:36:48] /a 10
[29/9/2015 4:36:49] /a 10
[29/9/2015 4:36:49] /a 10
[29/9/2015 4:36:51] /a 10
[29/9/2015 4:36:53] /a 10
[29/9/2015 4:36:55] /a 10
[29/9/2015 4:37:10] /a 10
[29/9/2015 4:37:10] /a 10
[29/9/2015 4:37:10] /a 10
[29/9/2015 4:37:11] /a 10
[29/9/2015 4:37:11] /a 10
[29/9/2015 4:37:11] /a 10
[29/9/2015 4:37:12] /a 10
[29/9/2015 4:37:12] /a 10
[29/9/2015 4:37:12] /a 10
[29/9/2015 4:37:13] /a 10
[29/9/2015 4:37:13] /a 10
[29/9/2015 4:37:13] /a 10
[29/9/2015 4:37:14] /a 10
[29/9/2015 4:37:15] /a 10
[29/9/2015 4:37:15] /a 10
[29/9/2015 4:37:17] /a 10
[29/9/2015 4:37:18] /a 10
[29/9/2015 4:37:20] /a 3
[29/9/2015 4:37:28] /a 10
[29/9/2015 4:37:33] /t
[29/9/2015 4:37:35] /a 10
[29/9/2015 4:37:35] /a 10
[29/9/2015 4:37:35] /a 10
[29/9/2015 4:37:37] /a 10
[29/9/2015 4:37:37] /a 10
[29/9/2015 4:37:38] /a 10
[29/9/2015 4:37:38] /a 10
[29/9/2015 4:37:39] /a 10
[29/9/2015 4:37:39] /a 10
[29/9/2015 4:37:41] /a 10
[29/9/2015 4:37:42] /a 10
[29/9/2015 4:37:42] /a 10
[29/9/2015 4:37:42] /a 10
[29/9/2015 4:37:42] /a 10
[29/9/2015 4:37:42] /a 10
[29/9/2015 4:37:43] /a 10
[29/9/2015 4:37:44] /a 10
[29/9/2015 4:37:44] /a 10
[29/9/2015 4:37:44] /a 10
[29/9/2015 4:37:44] /a 10
[29/9/2015 4:37:44] /a 10
[29/9/2015 4:37:45] /a 10
[29/9/2015 4:37:45] /a 10
[29/9/2015 4:37:46] /t
[29/9/2015 4:37:52] /goto [adm nii.
[29/9/2015 4:37:57] /goto [adm] nii.
[29/9/2015 4:39:54] /a 10
[29/9/2015 4:39:55] /a 10
[29/9/2015 4:39:55] /a 10
[29/9/2015 4:39:56] /a 10
[29/9/2015 4:42:19] /down
[29/9/2015 4:42:19] /a 10
[29/9/2015 4:42:19] /a 10
[29/9/2015 4:42:20] /a 10
[29/9/2015 4:42:21] /down
[29/9/2015 4:42:22] /a 10
[29/9/2015 4:42:22] /a 10
[29/9/2015 4:42:22] /a 10
[29/9/2015 4:42:22] /a 10
[29/9/2015 4:42:22] /a 10
[29/9/2015 4:42:22] /a 10
[29/9/2015 4:42:23] /a 10
[29/9/2015 4:42:23] /a 10
[29/9/2015 4:42:23] /a 10
[29/9/2015 4:42:23] /a 10
[29/9/2015 4:42:24] /a 10
[29/9/2015 4:42:24] /a 10
[29/9/2015 4:42:24] /a 10
[29/9/2015 4:42:26] /a 10
[29/9/2015 4:42:27] /a 10
[29/9/2015 4:42:27] /a 10
[29/9/2015 4:42:27] /a 10
[29/9/2015 4:42:29] /a 10
[29/9/2015 4:42:29] /a 10
[29/9/2015 4:42:30] /a 10
[29/9/2015 4:42:30] /a 10
[29/9/2015 4:42:30] /a 10
[29/9/2015 4:42:31] /a 10
[29/9/2015 4:42:31] /a 10
[29/9/2015 4:42:32] /a 10
[29/9/2015 4:42:37] /a 2
[29/9/2015 4:42:50] /up
[29/9/2015 4:42:59] /up
[29/9/2015 4:43:2] /up
[29/9/2015 4:43:11] /up
[29/9/2015 4:45:15] /a 10
[29/9/2015 4:45:15] /a 10
[29/9/2015 4:45:16] /a 10
[29/9/2015 4:45:16] /a 10
[29/9/2015 4:45:16] /a 10
[29/9/2015 4:45:16] /a 10
[29/9/2015 4:45:16] /a 10
[29/9/2015 4:45:17] /a 10
[29/9/2015 4:45:17] /a 10
[29/9/2015 4:45:17] /a 10
[29/9/2015 4:45:17] /a 10
[29/9/2015 4:45:18] /a 10
[29/9/2015 4:45:19] /a 10
[29/9/2015 4:45:19] /a 10
[29/9/2015 4:45:19] /a 10
[29/9/2015 4:45:20] /a 10
[29/9/2015 4:45:20] /a 10
[29/9/2015 4:45:20] /a 10
[29/9/2015 4:45:21] /a 10
[29/9/2015 4:45:22] /a 10
[29/9/2015 4:45:22] /a 10
[29/9/2015 4:45:22] /a 10
[29/9/2015 4:45:23] /a 10
[29/9/2015 4:45:23] /a 10
[29/9/2015 4:45:23] /a 10
[29/9/2015 4:45:23] /a 10
[29/9/2015 4:45:24] /a 10
[29/9/2015 4:45:24] /a 10
[29/9/2015 4:45:24] /a 10
[29/9/2015 4:45:24] /a 10
[29/9/2015 4:45:25] /a 10
[29/9/2015 4:45:26] /a 10
[29/9/2015 4:45:26] /a 10
[29/9/2015 4:45:27] /a 10
[29/9/2015 4:45:27] /a 10
[29/9/2015 4:45:28] /a 10
[29/9/2015 4:45:28] /a 10
[29/9/2015 4:45:28] /a 10
[29/9/2015 4:45:29] /a 10
[29/9/2015 4:45:29] /a 10
[29/9/2015 4:45:29] /a 10
[29/9/2015 4:45:30] /a 10
[29/9/2015 4:45:30] /a 10
[29/9/2015 4:45:31] /a 10
[29/9/2015 4:45:31] /a 10
[29/9/2015 4:45:32] /a 10
[29/9/2015 4:46:3] /a 10
[29/9/2015 4:46:3] /a 10
[29/9/2015 4:46:3] /a 10
[29/9/2015 4:46:4] /a 10
[29/9/2015 4:46:6] /a 10
[29/9/2015 4:46:7] /a 10
[29/9/2015 4:46:9] /up
[29/9/2015 4:47:21] /a 10
[29/9/2015 4:47:22] /a 10
[29/9/2015 4:47:22] /a 10
[29/9/2015 4:47:22] /a 10
[29/9/2015 4:47:22] /a 10
[29/9/2015 4:47:22] /a 10
[29/9/2015 4:47:22] /a 10
[29/9/2015 4:47:22] /a 10
[29/9/2015 4:47:22] /a 10
[29/9/2015 4:47:22] /a 10
[29/9/2015 4:47:22] /a 10
[29/9/2015 4:47:22] /a 10
[29/9/2015 4:47:23] /a 10
[29/9/2015 4:47:23] /a 10
[29/9/2015 4:47:23] /a 10
[29/9/2015 4:47:23] /a 10
[29/9/2015 4:47:23] /a 10
[29/9/2015 4:47:23] /a 10
[29/9/2015 4:47:23] /a 10
[29/9/2015 4:47:23] /a 10
[29/9/2015 4:47:23] /a 10
[29/9/2015 4:47:23] /a 10
[29/9/2015 4:47:23] /a 10
[29/9/2015 4:47:23] /a 10
[29/9/2015 4:47:23] /a 10
[29/9/2015 4:47:23] /a 10
[29/9/2015 4:47:23] /a 10
[29/9/2015 4:47:23] /a 10
[29/9/2015 4:47:23] /a 10
[29/9/2015 4:47:23] /a 10
[29/9/2015 4:47:23] /a 10
[29/9/2015 4:47:23] /a 10
[29/9/2015 4:47:23] /a 10
[29/9/2015 4:47:23] /a 10
[29/9/2015 4:47:23] /a 10
[29/9/2015 4:47:23] /a 10
[29/9/2015 4:47:23] /a 10
[29/9/2015 4:47:23] /a 10
[29/9/2015 4:47:24] /a 10
[29/9/2015 4:47:24] /a 10
[29/9/2015 4:47:24] /a 10
[29/9/2015 4:47:24] /a 10
[29/9/2015 4:47:24] /a 10
[29/9/2015 4:47:24] /a 10
[29/9/2015 4:47:24] /a 10
[29/9/2015 4:47:24] /a 10
[29/9/2015 4:47:24] /a 10
[29/9/2015 4:47:25] /a 10
[29/9/2015 4:47:25] /a 10
[29/9/2015 4:47:25] /a 10
[29/9/2015 4:47:25] /a 10
[29/9/2015 4:47:25] /a 10
[29/9/2015 4:47:25] /a 10
[29/9/2015 4:47:25] /a 10
[29/9/2015 4:47:25] /a 10
[29/9/2015 4:47:25] /a 10
[29/9/2015 4:47:25] /a 10
[29/9/2015 4:47:25] /a 10
[29/9/2015 4:47:25] /a 10
[29/9/2015 4:47:25] /a 10
[29/9/2015 4:47:25] /a 10
[29/9/2015 4:47:25] /a 10
[29/9/2015 4:47:25] /a 10
[29/9/2015 4:47:26] /a 10
[29/9/2015 4:47:26] /a 10
[29/9/2015 4:47:26] /a 10
[29/9/2015 4:47:26] /a 10
[29/9/2015 4:47:26] /a 10
[29/9/2015 4:47:26] /a 10
[29/9/2015 4:47:26] /a 10
[29/9/2015 4:47:26] /a 10
[29/9/2015 4:47:26] /a 10
[29/9/2015 4:47:26] /a 10
[29/9/2015 4:47:26] /a 10
[29/9/2015 4:47:27] /a 10
[29/9/2015 4:47:28] /a 10
[29/9/2015 4:47:28] /a 10
[29/9/2015 4:47:28] /a 10
[29/9/2015 4:47:28] /a 10
[29/9/2015 4:47:28] /a 10
[29/9/2015 4:47:28] /a 10
[29/9/2015 4:47:28] /a 10
[29/9/2015 4:47:28] /a 10
[29/9/2015 4:47:29] /a 10
[29/9/2015 4:47:29] /a 10
[29/9/2015 4:47:29] /a 10
[29/9/2015 4:47:29] /a 10
[29/9/2015 4:47:29] /a 10
[29/9/2015 4:47:29] /a 10
[29/9/2015 4:47:29] /a 10
[29/9/2015 4:47:29] /a 10
[29/9/2015 4:47:30] /a 10
[29/9/2015 4:47:30] /a 10
[29/9/2015 4:47:30] /a 10
[29/9/2015 4:47:30] /a 10
[29/9/2015 4:47:30] /a 10
[29/9/2015 4:47:30] /a 10
[29/9/2015 4:47:30] /a 10
[29/9/2015 4:47:30] /a 10
[29/9/2015 4:47:30] /a 10
[29/9/2015 4:47:30] /a 10
[29/9/2015 4:47:30] /a 10
[29/9/2015 4:47:30] /a 10
[29/9/2015 4:47:30] /a 10
[29/9/2015 4:47:30] /a 10
[29/9/2015 4:47:30] /a 10
[29/9/2015 4:47:30] /a 10
[29/9/2015 4:47:30] /a 10
[29/9/2015 4:47:30] /a 10
[29/9/2015 4:47:30] /a 10
[29/9/2015 4:47:30] /a 10
[29/9/2015 4:47:30] /a 10
[29/9/2015 4:47:30] /a 10
[29/9/2015 4:47:30] /a 10
[29/9/2015 4:47:31] /a 10
[29/9/2015 4:47:31] /a 10
[29/9/2015 4:47:31] /a 10
[29/9/2015 4:47:31] /a 10
[29/9/2015 4:47:31] /a 10
[29/9/2015 4:47:31] /a 10
[29/9/2015 4:47:31] /a 10
[29/9/2015 4:47:31] /a 10
[29/9/2015 4:47:31] /a 10
[29/9/2015 4:47:31] /a 10
[29/9/2015 4:47:31] /a 10
[29/9/2015 4:47:31] /a 10
[29/9/2015 4:47:31] /a 10
[29/9/2015 4:47:31] /a 10
[29/9/2015 4:47:32] /a 10
[29/9/2015 4:47:32] /a 10
[29/9/2015 4:47:32] /a 10
[29/9/2015 4:47:32] /a 10
[29/9/2015 4:47:32] /a 10
[29/9/2015 4:47:32] /a 10
[29/9/2015 4:47:33] /a 10
[29/9/2015 4:47:33] /a 10
[29/9/2015 4:47:34] /a 10
[29/9/2015 4:47:34] /a 10
[29/9/2015 4:47:34] /a 10
[29/9/2015 4:47:34] /a 10
[29/9/2015 4:47:35] /a 10
[29/9/2015 4:47:36] /a 10
[29/9/2015 4:47:36] /a 10
[29/9/2015 4:47:36] /a 10
[29/9/2015 4:47:38] /a 10
[29/9/2015 4:47:38] /a 10
[29/9/2015 4:47:38] /a 10
[29/9/2015 4:47:42] /a 10
[29/9/2015 4:47:42] /a 10
[29/9/2015 4:47:43] /a 10
[29/9/2015 4:47:43] /a 10
[29/9/2015 4:47:44] /a 10
[29/9/2015 4:47:44] /a 10
[29/9/2015 4:48:11] /a 10
[29/9/2015 4:48:11] /a 10
[29/9/2015 4:48:12] /a 10
[29/9/2015 4:48:13] /a 10
[29/9/2015 4:48:13] /a 10
[29/9/2015 4:48:14] /a 10
[29/9/2015 4:48:16] /a 10
[29/9/2015 4:48:17] /a 10
[29/9/2015 4:48:17] /a 10
[29/9/2015 4:48:18] /a 10
[29/9/2015 4:48:18] /a 10
[29/9/2015 4:48:19] /a 10
[29/9/2015 4:48:33] /a 10
[29/9/2015 4:48:33] /a 10
[29/9/2015 4:48:34] /a 10
[29/9/2015 4:48:34] /a 10
[29/9/2015 4:48:34] /a 10
[29/9/2015 4:48:35] /a 10
[29/9/2015 4:48:35] /a 10
[29/9/2015 4:48:36] /a 10
[29/9/2015 4:48:36] /a 10
[29/9/2015 13:26:13] /t
[29/9/2015 13:26:19] /ghost
[29/9/2015 13:26:21] /ghost
[29/9/2015 13:26:49] /newtype 288
[29/9/2015 13:28:20] /goto viper
[29/9/2015 13:28:26] /goto viper
[29/9/2015 13:28:28] /goto viper
[29/9/2015 13:28:31] /goto viper
[29/9/2015 13:28:33] /t
[29/9/2015 13:34:22] /newtype 288
[29/9/2015 13:42:55] /goto viper
[29/9/2015 13:42:58] /goto viper
[29/9/2015 13:43:15] /goto Ziskiss
[29/9/2015 13:43:18] /goto Ziskiss
[29/9/2015 13:43:23] /t
[29/9/2015 13:43:46] /a 2
[29/9/2015 13:43:58] /a 2
[29/9/2015 13:44:9] /a 10
[29/9/2015 13:44:25] /a 10
[29/9/2015 13:44:26] /a 10
[29/9/2015 13:44:27] /a 10
[29/9/2015 13:44:28] /a 10
[29/9/2015 13:44:29] /a 10
[29/9/2015 13:44:29] /a 10
[29/9/2015 13:44:30] /a 10
[29/9/2015 13:44:30] /a 10
[29/9/2015 13:44:30] /a 10
[29/9/2015 13:44:31] /a 10
[29/9/2015 13:45:59] /t
[29/9/2015 13:46:17] /goto Silk
[29/9/2015 13:46:19] /goto Silk
[29/9/2015 13:46:22] /goto Silk
[29/9/2015 13:46:34] /t
[29/9/2015 13:51:17] /up
[29/9/2015 13:51:23] /up
[29/9/2015 13:51:31] /up
[29/9/2015 13:52:3] /ghost
[29/9/2015 13:53:45] /r
[29/9/2015 13:54:23] /ghost
[29/9/2015 13:54:27] /goto silk
[29/9/2015 13:58:18] /goto Viper
[29/9/2015 13:58:20] /goto Viper
[29/9/2015 13:58:58] /t
[29/9/2015 13:59:10] /goto [ADM] Nii.
[29/9/2015 14:2:13] /newtype 288
[29/9/2015 14:2:28] /a 2
[29/9/2015 14:2:31] /a 10
[29/9/2015 14:2:51] /a 10
[29/9/2015 14:2:51] /a 10
[29/9/2015 14:6:18] /a 10
[29/9/2015 14:6:18] /a 10
[29/9/2015 14:6:18] /a 10
[29/9/2015 14:6:19] /a 10
[29/9/2015 14:6:20] /a 10
[29/9/2015 14:6:20] /a 10
[29/9/2015 14:6:22] /a 10
[29/9/2015 14:6:25] /down
[29/9/2015 14:8:48] /a 10
[29/9/2015 14:8:49] /a 10
[29/9/2015 14:8:49] /a 10
[29/9/2015 14:8:52] /a 10
[29/9/2015 14:8:53] /a 10
[29/9/2015 14:8:54] /a 10
[29/9/2015 14:8:55] /a 10
[29/9/2015 14:8:57] /a 10
[29/9/2015 14:8:57] /a 10
[29/9/2015 14:8:59] /a 10
[29/9/2015 14:9:0] /a 10
[29/9/2015 14:9:2] /a 10
[29/9/2015 14:11:14] /a 2
[29/9/2015 14:11:14] /a 2
[29/9/2015 14:11:15] /a 2
[29/9/2015 14:11:15] /a 2
[29/9/2015 14:11:15] /a 2
[29/9/2015 14:11:15] /a 2
[29/9/2015 14:11:16] /a 2
[29/9/2015 14:11:16] /a 2
[29/9/2015 14:11:16] /a 2
[29/9/2015 14:11:16] /a 2
[29/9/2015 14:11:16] /a 2
[29/9/2015 14:11:16] /a 2
[29/9/2015 14:11:16] /a 2
[29/9/2015 14:11:16] /a 2
[29/9/2015 14:11:16] /a 2
[29/9/2015 14:11:16] /a 2
[29/9/2015 14:11:17] /a 2
[29/9/2015 14:11:17] /a 2
[29/9/2015 14:47:4] /newtype 288
[29/9/2015 14:47:29] /ghost
[29/9/2015 14:47:30] /ghost
[29/9/2015 14:47:35] /goto Viper
[29/9/2015 14:47:37] /goto Viper
[29/9/2015 14:47:57] /t
[29/9/2015 14:48:0] /a 2
[29/9/2015 14:48:1] /a 2
[29/9/2015 14:48:1] /a 2
[29/9/2015 14:48:2] /a 2
[29/9/2015 14:48:2] /a 2
[29/9/2015 14:48:2] /a 2
[29/9/2015 14:48:2] /a 2
[29/9/2015 14:48:2] /a 2
[29/9/2015 14:48:2] /a 2
[29/9/2015 14:48:2] /a 2
[29/9/2015 14:48:2] /a 2
[29/9/2015 14:48:2] /a 2
[29/9/2015 14:48:2] /a 2
[29/9/2015 14:48:2] /a 2
[29/9/2015 14:48:2] /a 2
[29/9/2015 14:48:2] /a 2
[29/9/2015 14:48:2] /a 2
[29/9/2015 14:48:2] /a 2
[29/9/2015 14:48:2] /a 2
[29/9/2015 14:48:2] /a 2
[29/9/2015 14:48:2] /a 2
[29/9/2015 14:48:2] /a 2
[29/9/2015 14:48:2] /a 2
[29/9/2015 14:48:2] /a 2
[29/9/2015 14:48:2] /a 2
[29/9/2015 14:48:2] /a 2
[29/9/2015 14:48:2] /a 2
[29/9/2015 14:48:2] /a 2
[29/9/2015 14:48:2] /a 2
[29/9/2015 14:48:2] /a 2
[29/9/2015 14:48:2] /a 2
[29/9/2015 14:48:2] /a 2
[29/9/2015 14:48:3] /a 2
[29/9/2015 14:48:3] /a 2
[29/9/2015 14:48:3] /a 2
[29/9/2015 14:48:3] /a 2
[29/9/2015 14:48:4] /a 2
[29/9/2015 14:48:4] /a 2
[29/9/2015 14:48:4] /a 2
[29/9/2015 14:48:4] /a 2
[29/9/2015 14:48:4] /a 2
[29/9/2015 14:48:4] /a 2
[29/9/2015 14:48:4] /a 2
[29/9/2015 14:48:5] /a 2
[29/9/2015 14:48:6] /a 2
[29/9/2015 14:48:6] /a 2
[29/9/2015 14:48:6] /a 2
[29/9/2015 14:48:6] /a 2
[29/9/2015 14:48:6] /a 2
[29/9/2015 14:48:6] /a 2
[29/9/2015 14:48:6] /a 2
[29/9/2015 14:48:6] /a 2
[29/9/2015 14:48:6] /a 2
[29/9/2015 14:48:6] /a 2
[29/9/2015 14:48:6] /a 2
[29/9/2015 14:48:7] /a 2
[29/9/2015 14:48:7] /a 2
[29/9/2015 14:48:7] /a 2
[29/9/2015 14:48:7] /a 2
[29/9/2015 14:48:7] /a 2
[29/9/2015 14:48:7] /a 2
[29/9/2015 14:48:7] /a 2
[29/9/2015 14:48:7] /a 2
[29/9/2015 14:48:7] /a 2
[29/9/2015 14:48:7] /a 2
[29/9/2015 14:48:7] /a 2
[29/9/2015 14:48:7] /a 2
[29/9/2015 14:48:7] /a 2
[29/9/2015 14:48:7] /a 2
[29/9/2015 14:48:7] /a 2
[29/9/2015 14:53:16] /goto [ADM] Nii.
[29/9/2015 14:53:19] /ghost
[29/9/2015 14:56:40] /newtype 123
[29/9/2015 14:56:45] /newtype 288
[29/9/2015 15:2:16] /goto Itachii
[29/9/2015 15:3:31] /ghost
[29/9/2015 15:21:43] /ghost
[29/9/2015 15:22:46] /goto ziskiss
[29/9/2015 15:22:49] /goto ziskiss
[29/9/2015 15:22:51] /goto ziskiss
[29/9/2015 15:23:15] /t
[29/9/2015 15:23:46] /ghost
[29/9/2015 15:23:48] /ghost
[29/9/2015 15:24:2] /a 10
[29/9/2015 15:24:3] /a 10
[29/9/2015 15:24:3] /a 10
[29/9/2015 15:24:3] /a 10
[29/9/2015 15:24:3] /a 10
[29/9/2015 15:24:3] /a 10
[29/9/2015 15:24:3] /a 10
[29/9/2015 15:24:3] /a 10
[29/9/2015 15:24:3] /a 10
[29/9/2015 15:24:3] /a 10
[29/9/2015 15:24:3] /a 10
[29/9/2015 15:24:3] /a 10
[29/9/2015 15:24:3] /a 10
[29/9/2015 15:24:3] /a 10
[29/9/2015 15:24:3] /a 10
[29/9/2015 15:24:3] /a 10
[29/9/2015 15:24:3] /a 10
[29/9/2015 15:24:3] /a 10
[29/9/2015 15:24:3] /a 10
[29/9/2015 15:24:3] /a 10
[29/9/2015 15:24:3] /a 10
[29/9/2015 15:24:3] /a 10
[29/9/2015 15:24:3] /a 10
[29/9/2015 15:24:3] /a 10
[29/9/2015 15:24:3] /a 10
[29/9/2015 15:24:3] /a 10
[29/9/2015 15:24:4] /a 10
[29/9/2015 15:24:4] /a 10
[29/9/2015 15:24:4] /a 10
[29/9/2015 15:24:5] /a 10
[29/9/2015 15:24:5] /a 10
[29/9/2015 15:24:5] /a 10
[29/9/2015 15:24:5] /a 10
[29/9/2015 15:24:5] /a 10
[29/9/2015 15:24:5] /a 10
[29/9/2015 15:24:5] /a 10
[29/9/2015 15:24:5] /a 10
[29/9/2015 15:24:5] /a 10
[29/9/2015 15:24:5] /a 10
[29/9/2015 15:24:5] /a 10
[29/9/2015 15:24:5] /a 10
[29/9/2015 15:24:6] /a 10
[29/9/2015 15:24:6] /a 10
[29/9/2015 15:24:6] /a 10
[29/9/2015 15:24:6] /a 10
[29/9/2015 15:24:6] /a 10
[29/9/2015 15:24:6] /a 10
[29/9/2015 15:24:6] /a 10
[29/9/2015 15:24:6] /a 10
[29/9/2015 15:24:6] /a 10
[29/9/2015 15:24:6] /a 10
[29/9/2015 15:24:6] /a 10
[29/9/2015 15:24:6] /a 10
[29/9/2015 15:24:7] /a 10
[29/9/2015 15:24:7] /a 10
[29/9/2015 15:24:7] /a 10
[29/9/2015 15:24:7] /a 10
[29/9/2015 15:24:7] /a 10
[29/9/2015 15:24:7] /a 10
[29/9/2015 15:24:7] /a 10
[29/9/2015 15:24:7] /a 10
[29/9/2015 15:24:7] /a 10
[29/9/2015 15:24:7] /a 10
[29/9/2015 15:24:7] /a 10
[29/9/2015 15:24:7] /a 10
[29/9/2015 15:24:7] /a 10
[29/9/2015 15:24:7] /a 10
[29/9/2015 15:24:7] /a 10
[29/9/2015 15:24:7] /a 10
[29/9/2015 15:24:8] /a 10
[29/9/2015 15:24:8] /a 10
[29/9/2015 15:24:8] /a 10
[29/9/2015 15:24:8] /a 10
[29/9/2015 15:24:8] /a 10
[29/9/2015 15:24:8] /a 10
[29/9/2015 15:24:8] /a 10
[29/9/2015 15:24:8] /a 10
[29/9/2015 15:24:8] /a 10
[29/9/2015 15:24:8] /a 10
[29/9/2015 15:24:8] /a 10
[29/9/2015 15:24:8] /a 10
[29/9/2015 15:24:8] /a 10
[29/9/2015 15:24:8] /a 10
[29/9/2015 15:24:8] /a 10
[29/9/2015 15:24:8] /a 10
[29/9/2015 15:24:8] /a 10
[29/9/2015 15:24:8] /a 10
[29/9/2015 15:24:9] /a 10
[29/9/2015 15:24:9] /a 10
[29/9/2015 15:24:9] /a 10
[29/9/2015 15:24:9] /a 10
[29/9/2015 15:24:9] /a 10
[29/9/2015 15:24:9] /a 10
[29/9/2015 15:24:10] /a 10
[29/9/2015 15:24:10] /a 10
[29/9/2015 15:24:10] /a 10
[29/9/2015 15:24:11] /a 10
[29/9/2015 15:24:11] /a 10
[29/9/2015 15:24:11] /a 10
[29/9/2015 15:24:11] /a 10
[29/9/2015 15:24:11] /a 10
[29/9/2015 15:24:11] /a 10
[29/9/2015 15:24:11] /a 10
[29/9/2015 15:24:11] /a 10
[29/9/2015 15:24:11] /a 10
[29/9/2015 15:24:11] /a 10
[29/9/2015 15:24:11] /a 10
[29/9/2015 15:24:11] /a 10
[29/9/2015 15:24:11] /a 10
[29/9/2015 15:24:11] /a 10
[29/9/2015 15:24:11] /a 10
[29/9/2015 15:24:11] /a 10
[29/9/2015 15:24:11] /a 10
[29/9/2015 15:24:11] /a 10
[29/9/2015 15:24:12] /a 10
[29/9/2015 15:24:12] /a 10
[29/9/2015 15:24:12] /a 10
[29/9/2015 15:24:12] /a 10
[29/9/2015 15:24:12] /a 10
[29/9/2015 15:24:12] /a 10
[29/9/2015 15:24:12] /a 10
[29/9/2015 15:24:12] /a 10
[29/9/2015 15:24:12] /a 10
[29/9/2015 15:24:12] /a 10
[29/9/2015 15:24:12] /a 10
[29/9/2015 15:24:12] /a 10
[29/9/2015 15:24:12] /a 10
[29/9/2015 15:24:12] /a 10
[29/9/2015 15:24:13] /a 10
[29/9/2015 15:24:13] /a 10
[29/9/2015 15:24:14] /a 10
[29/9/2015 15:24:14] /a 10
[29/9/2015 15:24:14] /a 10
[29/9/2015 15:24:14] /a 10
[29/9/2015 15:24:14] /a 10
[29/9/2015 15:24:14] /a 10
[29/9/2015 15:24:14] /a 10
[29/9/2015 15:24:14] /a 10
[29/9/2015 15:24:14] /a 10
[29/9/2015 15:24:14] /a 10
[29/9/2015 15:24:14] /a 10
[29/9/2015 15:24:14] /a 10
[29/9/2015 15:24:14] /a 10
[29/9/2015 15:24:14] /a 10
[29/9/2015 15:24:14] /a 10
[29/9/2015 15:24:14] /a 10
[29/9/2015 15:24:14] /a 10
[29/9/2015 15:24:14] /a 10
[29/9/2015 15:24:14] /a 10
[29/9/2015 15:24:14] /a 10
[29/9/2015 15:24:14] /a 10
[29/9/2015 15:24:14] /a 10
[29/9/2015 15:24:14] /a 10
[29/9/2015 15:24:14] /a 10
[29/9/2015 15:24:17] /a 10
[29/9/2015 15:24:17] /a 10
[29/9/2015 15:24:18] /a 10
[29/9/2015 15:24:19] /a 10
[29/9/2015 15:24:19] /a 10
[29/9/2015 15:24:19] /a 10
[29/9/2015 15:24:19] /a 10
[29/9/2015 15:24:19] /a 10
[29/9/2015 15:24:19] /a 10
[29/9/2015 15:24:19] /a 10
[29/9/2015 15:24:19] /a 10
[29/9/2015 15:24:19] /a 10
[29/9/2015 15:24:21] /a 10
[29/9/2015 15:25:3] /a 10
[29/9/2015 15:25:4] /a 10
[29/9/2015 15:25:7] /a 10
[29/9/2015 15:25:22] /a 10
[29/9/2015 15:25:23] /a 10
[29/9/2015 15:25:24] /a 10
[29/9/2015 15:25:24] /a 10
[29/9/2015 15:25:25] /a 10
[29/9/2015 15:25:26] /a 10
[29/9/2015 15:25:26] /a 10
[29/9/2015 15:25:27] /a 10
[29/9/2015 15:25:27] /a 10
[29/9/2015 15:25:28] /a 10
[29/9/2015 15:25:31] /up
[29/9/2015 15:25:33] /down
[29/9/2015 15:25:35] /a 10
[29/9/2015 15:25:35] /a 10
[29/9/2015 15:25:36] /a 10
[29/9/2015 15:25:37] /a 10
[29/9/2015 15:25:37] /a 10
[29/9/2015 15:25:37] /a 10
[29/9/2015 15:25:37] /a 10
[29/9/2015 15:25:38] /a 10
[29/9/2015 15:25:38] /a 10
[29/9/2015 15:25:39] /a 10
[29/9/2015 15:25:39] /a 10
[29/9/2015 15:25:39] /a 10
[29/9/2015 15:25:47] /a 10
[29/9/2015 15:25:47] /a 10
[29/9/2015 15:25:48] /a 10
[29/9/2015 15:25:49] /a 10
[29/9/2015 15:25:49] /a 10
[29/9/2015 15:25:49] /a 10
[29/9/2015 15:25:49] /a 10
[29/9/2015 15:25:50] /a 10
[29/9/2015 15:25:56] /a 10
[29/9/2015 15:25:57] /a 10
[29/9/2015 15:25:58] /a 10
[29/9/2015 15:25:58] /a 10
[29/9/2015 15:25:59] /a 10
[29/9/2015 15:26:0] /a 10
[29/9/2015 15:26:2] /a 10
[29/9/2015 15:26:3] /a 10
[29/9/2015 15:26:4] /a 10
[29/9/2015 15:26:6] /up
[29/9/2015 15:27:53] /a 10
[29/9/2015 15:27:53] /a 10
[29/9/2015 15:27:53] /a 10
[29/9/2015 15:27:54] /a 10
[29/9/2015 15:27:54] /a 10
[29/9/2015 15:27:54] /a 10
[29/9/2015 15:27:54] /a 10
[29/9/2015 15:27:54] /a 10
[29/9/2015 15:27:55] /a 10
[29/9/2015 15:27:56] /a 10
[29/9/2015 15:27:57] /a 10
[29/9/2015 15:28:54] /a 10
[29/9/2015 15:28:55] /a 10
[29/9/2015 15:28:55] /a 10
[29/9/2015 15:28:55] /a 10
[29/9/2015 15:28:56] /a 10
[29/9/2015 15:28:56] /a 10
[29/9/2015 15:28:56] /a 10
[29/9/2015 15:28:56] /a 10
[29/9/2015 15:28:56] /a 10
[29/9/2015 15:28:57] /a 10
[29/9/2015 15:28:58] /a 10
[29/9/2015 15:28:59] /a 10
[29/9/2015 15:28:59] /a 10
[29/9/2015 15:28:59] /a 10
[29/9/2015 15:29:0] /a 10
[29/9/2015 15:29:0] /a 10
[29/9/2015 15:29:0] /a 10
[29/9/2015 15:29:1] /a 10
[29/9/2015 15:29:2] /a 10
[29/9/2015 15:29:2] /a 10
[29/9/2015 15:29:2] /a 10
[29/9/2015 15:29:3] /a 10
[29/9/2015 15:29:3] /a 10
[29/9/2015 15:29:3] /a 10
[29/9/2015 15:30:37] /goto itachii
[29/9/2015 15:32:4] /down
[29/9/2015 15:32:6] /a 10
[29/9/2015 15:32:6] /a 10
[29/9/2015 15:32:6] /a 10
[29/9/2015 15:32:7] /a 10
[29/9/2015 15:32:34] /a 10
[29/9/2015 15:32:35] /a 10
[29/9/2015 15:32:35] /a 10
[29/9/2015 15:32:35] /a 10
[29/9/2015 15:32:35] /a 10
[29/9/2015 15:32:35] /a 10
[29/9/2015 15:32:35] /a 10
[29/9/2015 15:32:37] /a 10
[29/9/2015 15:32:37] /a 10
[29/9/2015 15:32:37] /a 10
[29/9/2015 15:32:38] /a 10
[29/9/2015 15:32:38] /a 10
[29/9/2015 15:32:39] /a 10
[29/9/2015 15:32:39] /a 10
[29/9/2015 15:32:39] /a 10
[29/9/2015 15:32:42] /goto itachii
[29/9/2015 15:33:24] /a 4
[29/9/2015 15:34:43] /t
[29/9/2015 15:34:46] /ghost
[29/9/2015 16:10:46] /goto itachii
[29/9/2015 16:10:51] /ghost
[29/9/2015 16:10:56] /ghost
[29/9/2015 22:8:59] /t
[29/9/2015 22:9:4] /newtype 288
[29/9/2015 22:10:25] /ghost
[29/9/2015 22:10:27] /ghost
[29/9/2015 23:21:11] /r
[29/9/2015 23:21:14] /ghost
[29/9/2015 23:21:15] /ghost
[29/9/2015 23:34:7] /goto minaru castle
[29/9/2015 23:34:17] /ghost
[29/9/2015 23:34:43] /newtype 288
[29/9/2015 23:35:48] /a 2
[29/9/2015 23:36:14] /t
[29/9/2015 23:39:21] /goto minaru castle
[29/9/2015 23:39:23] /r
[29/9/2015 23:39:29] /ghost
[29/9/2015 23:41:57] /goto bob marley
[29/9/2015 23:42:50] /goto itachii
[29/9/2015 23:43:41] /t
[29/9/2015 23:46:14] /goto bob marley
[29/9/2015 23:46:39] /r
[29/9/2015 23:46:42] /r
[29/9/2015 23:46:45] /r
[29/9/2015 23:47:13] /a 1
[29/9/2015 23:47:14] /up
[29/9/2015 23:47:17] /r
[29/9/2015 23:47:22] /r
[29/9/2015 23:47:33] /down
[29/9/2015 23:47:36] /r
[29/9/2015 23:47:37] /r
[29/9/2015 23:47:39] /r
[29/9/2015 23:47:41] /r
[29/9/2015 23:48:1] /r
[29/9/2015 23:48:38] /t
[29/9/2015 23:49:44] /goto ziskiss
[29/9/2015 23:49:49] /a 5
[29/9/2015 23:49:49] /a 5
[29/9/2015 23:49:49] /a 5
[29/9/2015 23:49:49] /a 5
[29/9/2015 23:49:50] /a 5
[29/9/2015 23:49:50] /a 5
[29/9/2015 23:49:50] /a 5
[29/9/2015 23:49:50] /a 5
[29/9/2015 23:49:51] /a 5
[29/9/2015 23:49:52] /a 5
[29/9/2015 23:49:53] /a 5
[29/9/2015 23:49:53] /a 5
[29/9/2015 23:49:54] /up
[29/9/2015 23:49:55] /a 5
[29/9/2015 23:49:55] /a 5
[29/9/2015 23:50:58] /goto stamina vip
[29/9/2015 23:51:1] /t
[29/9/2015 23:51:39] /m stamina vip
[29/9/2015 23:51:57] /ghost
[29/9/2015 23:52:11] /ghost
[29/9/2015 23:52:13] /goto bob marley
[29/9/2015 23:52:23] /r
[29/9/2015 23:52:27] /r
[29/9/2015 23:52:45] /t
[29/9/2015 23:53:9] /a 3
[30/9/2015 12:16:42] /a 3
[30/9/2015 12:17:7] /newtype 288
[30/9/2015 12:17:22] /goto stamina vip
[30/9/2015 12:23:29] /a 2
[30/9/2015 12:23:32] /a 5
[30/9/2015 12:24:33] /a 20
[30/9/2015 12:25:31] /a 4
[30/9/2015 13:43:15] /newtype 288
[30/9/2015 13:43:15] /t
[30/9/2015 13:43:30] /goto [ADM] Nii.
[30/9/2015 13:43:38] /ghost
[30/9/2015 13:44:17] /t
[30/9/2015 13:44:29] /ghost
[30/9/2015 13:44:32] /goto Sandisk
[30/9/2015 13:44:43] /t
[30/9/2015 15:22:44] /goto Sandisk
[30/9/2015 15:23:51] /t
[30/9/2015 15:24:17] /t
[30/9/2015 15:24:57] /ghost
[30/9/2015 15:25:1] /a 2
[30/9/2015 15:29:10] /a 5
[30/9/2015 15:29:10] /a 5
[30/9/2015 15:29:11] /a 5
[30/9/2015 15:29:12] /a 5
[30/9/2015 15:29:13] /a 5
[30/9/2015 15:29:13] /a 5
[30/9/2015 15:29:14] /a 5
[30/9/2015 15:29:15] /a 5
[30/9/2015 15:29:16] /a 5
[30/9/2015 15:29:18] /a 5
[30/9/2015 15:29:19] /a 5
[30/9/2015 15:29:19] /a 5
[30/9/2015 15:29:20] /a 5
[30/9/2015 15:29:20] /a 5
[30/9/2015 15:29:24] /a 5
[30/9/2015 15:29:24] /a 5
[30/9/2015 15:29:25] /a 5
[30/9/2015 15:29:25] /a 5
[30/9/2015 15:31:59] /t
[30/9/2015 15:32:3] /ghost
[30/9/2015 15:32:8] /a 2
[30/9/2015 15:32:15] /a 2
[30/9/2015 15:33:41] /r
[30/9/2015 15:33:42] /t
[30/9/2015 15:43:8] /a 2
[30/9/2015 15:43:21] /newtype 288
[30/9/2015 15:45:1] /goto Sandisk
[30/9/2015 15:45:9] /ghost
[30/9/2015 15:45:10] /ghost
[30/9/2015 15:45:13] /t
[30/9/2015 15:45:23] /a 30
[30/9/2015 15:45:24] /a 30
[30/9/2015 15:45:24] /a 30
[30/9/2015 15:45:25] /a 5
[30/9/2015 15:45:26] /a 5
[30/9/2015 15:45:26] /a 5
[30/9/2015 15:45:26] /a 5
[30/9/2015 15:45:26] /a 5
[30/9/2015 15:45:26] /a 5
[30/9/2015 15:45:26] /a 5
[30/9/2015 15:45:26] /a 5
[30/9/2015 15:45:26] /a 5
[30/9/2015 15:45:26] /a 5
[30/9/2015 15:45:26] /a 5
[30/9/2015 15:45:26] /a 5
[30/9/2015 15:45:26] /a 5
[30/9/2015 15:45:26] /a 5
[30/9/2015 15:45:26] /a 5
[30/9/2015 15:45:26] /a 5
[30/9/2015 15:45:26] /a 5
[30/9/2015 15:45:26] /a 5
[30/9/2015 15:45:26] /a 5
[30/9/2015 15:45:26] /a 5
[30/9/2015 15:45:26] /a 5
[30/9/2015 15:45:26] /a 5
[30/9/2015 15:45:26] /a 5
[30/9/2015 15:45:27] /a 5
[30/9/2015 15:45:28] /a 5
[30/9/2015 15:45:28] /a 5
[30/9/2015 15:45:28] /a 5
[30/9/2015 15:45:28] /a 5
[30/9/2015 15:45:28] /a 5
[30/9/2015 15:45:28] /a 5
[30/9/2015 15:45:28] /a 5
[30/9/2015 15:45:28] /a 5
[30/9/2015 15:45:28] /a 5
[30/9/2015 15:45:28] /a 5
[30/9/2015 15:45:28] /a 5
[30/9/2015 15:45:28] /a 5
[30/9/2015 15:45:28] /a 5
[30/9/2015 15:45:28] /a 5
[30/9/2015 15:45:28] /a 5
[30/9/2015 15:45:28] /a 5
[30/9/2015 15:45:28] /a 5
[30/9/2015 15:45:28] /a 5
[30/9/2015 15:45:28] /a 5
[30/9/2015 15:45:28] /a 5
[30/9/2015 15:45:28] /a 5
[30/9/2015 15:45:30] /a 5
[30/9/2015 15:45:30] /a 5
[30/9/2015 15:45:30] /a 5
[30/9/2015 15:45:30] /a 5
[30/9/2015 15:45:30] /a 5
[30/9/2015 15:45:30] /a 5
[30/9/2015 15:45:31] /a 5
[30/9/2015 15:45:31] /a 5
[30/9/2015 15:45:31] /a 5
[30/9/2015 15:45:31] /a 5
[30/9/2015 15:45:31] /a 5
[30/9/2015 15:45:31] /a 5
[30/9/2015 15:45:31] /a 5
[30/9/2015 15:45:31] /a 5
[30/9/2015 15:45:31] /a 5
[30/9/2015 15:45:31] /a 5
[30/9/2015 15:45:31] /a 5
[30/9/2015 15:45:31] /a 5
[30/9/2015 15:45:31] /a 5
[30/9/2015 15:45:31] /a 5
[30/9/2015 15:45:31] /a 5
[30/9/2015 15:45:31] /a 5
[30/9/2015 15:45:31] /a 5
[30/9/2015 15:45:31] /a 5
[30/9/2015 15:45:31] /a 5
[30/9/2015 15:45:31] /a 5
[30/9/2015 15:45:31] /a 5
[30/9/2015 15:45:31] /a 5
[30/9/2015 15:45:31] /a 5
[30/9/2015 15:45:31] /a 5
[30/9/2015 15:45:31] /a 5
[30/9/2015 15:45:32] /a 5
[30/9/2015 15:45:33] /a 5
[30/9/2015 15:45:33] /a 5
[30/9/2015 15:45:33] /a 5
[30/9/2015 15:45:33] /a 5
[30/9/2015 15:45:33] /a 5
[30/9/2015 15:45:33] /a 5
[30/9/2015 15:45:33] /a 5
[30/9/2015 15:45:33] /a 5
[30/9/2015 15:45:33] /a 5
[30/9/2015 15:45:33] /a 5
[30/9/2015 15:45:34] /a 5
[30/9/2015 15:45:34] /a 5
[30/9/2015 15:45:34] /a 5
[30/9/2015 15:45:34] /a 5
[30/9/2015 15:45:34] /a 5
[30/9/2015 15:45:34] /a 5
[30/9/2015 15:45:35] /a 5
[30/9/2015 15:45:35] /a 5
[30/9/2015 15:45:35] /a 5
[30/9/2015 15:45:35] /a 5
[30/9/2015 15:45:35] /a 5
[30/9/2015 15:45:35] /a 5
[30/9/2015 15:45:35] /a 5
[30/9/2015 15:45:35] /a 5
[30/9/2015 15:45:35] /a 5
[30/9/2015 15:45:35] /a 5
[30/9/2015 15:45:35] /a 5
[30/9/2015 15:45:35] /a 5
[30/9/2015 15:45:35] /a 5
[30/9/2015 15:45:37] /a 5
[30/9/2015 15:45:38] /a 5
[30/9/2015 15:45:38] /a 5
[30/9/2015 15:45:38] /a 5
[30/9/2015 15:45:38] /a 5
[30/9/2015 15:45:38] /a 5
[30/9/2015 15:45:38] /a 5
[30/9/2015 15:45:38] /a 5
[30/9/2015 15:45:38] /a 5
[30/9/2015 15:45:38] /a 5
[30/9/2015 15:45:38] /a 5
[30/9/2015 15:45:38] /a 5
[30/9/2015 15:45:38] /a 5
[30/9/2015 15:45:38] /a 5
[30/9/2015 15:45:38] /a 5
[30/9/2015 15:45:38] /a 5
[30/9/2015 15:45:38] /a 5
[30/9/2015 15:45:38] /a 5
[30/9/2015 15:45:38] /a 5
[30/9/2015 15:45:39] /a 5
[30/9/2015 15:45:39] /a 5
[30/9/2015 15:45:40] /a 5
[30/9/2015 15:45:40] /a 5
[30/9/2015 15:45:40] /a 5
[30/9/2015 15:45:40] /a 5
[30/9/2015 15:45:40] /a 5
[30/9/2015 15:45:40] /a 5
[30/9/2015 15:45:40] /a 5
[30/9/2015 15:45:40] /a 5
[30/9/2015 15:45:40] /a 5
[30/9/2015 15:45:40] /a 5
[30/9/2015 15:45:40] /a 5
[30/9/2015 15:45:40] /a 5
[30/9/2015 15:45:40] /a 5
[30/9/2015 15:45:41] /a 5
[30/9/2015 15:45:41] /a 5
[30/9/2015 15:45:41] /a 5
[30/9/2015 15:45:41] /a 5
[30/9/2015 15:45:41] /a 5
[30/9/2015 15:45:41] /a 5
[30/9/2015 15:45:41] /a 5
[30/9/2015 15:45:42] /a 5
[30/9/2015 15:45:42] /a 5
[30/9/2015 15:45:42] /a 5
[30/9/2015 15:45:42] /a 5
[30/9/2015 15:45:42] /a 5
[30/9/2015 15:45:42] /a 5
[30/9/2015 15:45:42] /a 5
[30/9/2015 15:45:42] /a 5
[30/9/2015 15:45:42] /a 5
[30/9/2015 15:45:42] /a 5
[30/9/2015 15:45:42] /a 5
[30/9/2015 15:45:42] /a 5
[30/9/2015 15:45:42] /a 5
[30/9/2015 15:45:43] /a 5
[30/9/2015 15:45:43] /a 5
[30/9/2015 15:45:43] /a 5
[30/9/2015 15:45:43] /a 5
[30/9/2015 15:45:43] /a 5
[30/9/2015 15:45:43] /a 5
[30/9/2015 15:45:43] /a 5
[30/9/2015 15:45:43] /a 5
[30/9/2015 15:45:43] /a 5
[30/9/2015 15:45:43] /a 5
[30/9/2015 15:45:43] /a 5
[30/9/2015 15:45:43] /a 5
[30/9/2015 15:45:43] /a 5
[30/9/2015 15:45:43] /a 5
[30/9/2015 15:45:43] /a 5
[30/9/2015 15:45:43] /a 5
[30/9/2015 15:45:43] /a 5
[30/9/2015 15:45:43] /a 5
[30/9/2015 15:45:43] /a 5
[30/9/2015 15:45:43] /a 5
[30/9/2015 15:45:44] /a 5
[30/9/2015 15:45:44] /a 5
[30/9/2015 15:45:44] /a 5
[30/9/2015 15:45:44] /a 5
[30/9/2015 15:45:44] /a 5
[30/9/2015 15:45:44] /a 5
[30/9/2015 15:45:44] /a 5
[30/9/2015 15:45:44] /a 5
[30/9/2015 15:45:44] /a 5
[30/9/2015 15:45:44] /a 5
[30/9/2015 15:45:44] /a 5
[30/9/2015 15:45:44] /a 5
[30/9/2015 15:45:44] /a 5
[30/9/2015 15:45:44] /a 5
[30/9/2015 15:45:44] /a 5
[30/9/2015 15:45:44] /a 5
[30/9/2015 15:45:44] /a 5
[30/9/2015 15:45:44] /a 5
[30/9/2015 15:45:44] /a 5
[30/9/2015 15:45:44] /a 5
[30/9/2015 15:45:44] /a 5
[30/9/2015 15:45:44] /a 5
[30/9/2015 15:45:45] /a 5
[30/9/2015 15:45:45] /a 5
[30/9/2015 15:45:45] /a 5
[30/9/2015 15:45:45] /a 5
[30/9/2015 15:45:45] /a 5
[30/9/2015 15:45:45] /a 5
[30/9/2015 15:45:45] /a 5
[30/9/2015 15:45:45] /a 5
[30/9/2015 15:45:45] /a 5
[30/9/2015 15:45:45] /a 5
[30/9/2015 15:45:45] /a 5
[30/9/2015 15:45:46] /a 5
[30/9/2015 15:45:46] /a 5
[30/9/2015 15:45:46] /a 5
[30/9/2015 15:45:46] /a 5
[30/9/2015 15:45:46] /a 5
[30/9/2015 15:45:46] /a 5
[30/9/2015 15:45:46] /a 5
[30/9/2015 15:45:46] /a 5
[30/9/2015 15:45:46] /a 5
[30/9/2015 15:45:46] /a 5
[30/9/2015 15:45:46] /a 5
[30/9/2015 15:45:46] /a 5
[30/9/2015 15:45:46] /a 5
[30/9/2015 15:45:46] /a 5
[30/9/2015 15:45:46] /a 5
[30/9/2015 15:45:46] /a 5
[30/9/2015 15:45:46] /a 5
[30/9/2015 15:45:48] /a 5
[30/9/2015 15:45:48] /a 5
[30/9/2015 15:45:49] /a 5
[30/9/2015 15:45:49] /a 5
[30/9/2015 15:45:50] /a 5
[30/9/2015 15:45:50] /a 5
[30/9/2015 15:45:50] /a 5
[30/9/2015 15:45:51] /a 5
[30/9/2015 15:45:51] /a 5
[30/9/2015 15:45:51] /a 5
[30/9/2015 15:45:51] /a 5
[30/9/2015 15:45:51] /a 5
[30/9/2015 15:45:51] /a 5
[30/9/2015 15:45:51] /a 5
[30/9/2015 15:45:51] /a 5
[30/9/2015 15:45:51] /a 5
[30/9/2015 15:45:51] /a 5
[30/9/2015 15:45:51] /a 5
[30/9/2015 15:45:51] /a 5
[30/9/2015 15:45:51] /a 5
[30/9/2015 15:45:51] /a 5
[30/9/2015 15:45:52] /a 5
[30/9/2015 15:45:52] /a 5
[30/9/2015 15:45:52] /a 5
[30/9/2015 15:45:52] /a 5
[30/9/2015 15:45:52] /a 5
[30/9/2015 15:45:52] /a 5
[30/9/2015 15:45:53] /a 5
[30/9/2015 15:45:53] /a 5
[30/9/2015 15:45:53] /a 5
[30/9/2015 15:45:53] /a 5
[30/9/2015 15:45:53] /a 5
[30/9/2015 15:45:53] /a 5
[30/9/2015 15:45:53] /a 5
[30/9/2015 15:45:54] /a 5
[30/9/2015 15:45:54] /a 5
[30/9/2015 15:45:54] /a 5
[30/9/2015 15:45:54] /a 5
[30/9/2015 15:45:54] /a 5
[30/9/2015 15:45:54] /a 5
[30/9/2015 15:45:54] /a 5
[30/9/2015 15:45:54] /a 5
[30/9/2015 15:45:54] /a 5
[30/9/2015 15:45:54] /a 5
[30/9/2015 15:45:54] /a 5
[30/9/2015 15:45:55] /a 5
[30/9/2015 15:45:55] /a 5
[30/9/2015 15:45:56] /a 5
[30/9/2015 15:45:56] /a 5
[30/9/2015 15:45:56] /a 5
[30/9/2015 15:45:56] /a 5
[30/9/2015 15:45:56] /a 5
[30/9/2015 15:45:56] /a 5
[30/9/2015 15:45:56] /a 5
[30/9/2015 15:45:56] /a 5
[30/9/2015 15:45:56] /a 5
[30/9/2015 15:45:56] /a 5
[30/9/2015 15:45:56] /a 5
[30/9/2015 15:45:56] /a 5
[30/9/2015 15:45:56] /a 5
[30/9/2015 15:45:56] /a 5
[30/9/2015 15:45:56] /a 5
[30/9/2015 15:45:56] /a 5
[30/9/2015 15:45:56] /a 5
[30/9/2015 15:45:56] /a 5
[30/9/2015 15:45:56] /a 5
[30/9/2015 15:45:56] /a 5
[30/9/2015 15:45:56] /a 5
[30/9/2015 15:45:56] /a 5
[30/9/2015 15:45:57] /a 5
[30/9/2015 15:45:57] /a 5
[30/9/2015 15:45:57] /a 5
[30/9/2015 15:45:58] /a 5
[30/9/2015 15:45:58] /a 5
[30/9/2015 15:45:58] /a 5
[30/9/2015 15:45:59] /a 5
[30/9/2015 15:45:59] /a 5
[30/9/2015 15:46:0] /a 5
[30/9/2015 15:46:0] /a 5
[30/9/2015 15:46:1] /a 5
[30/9/2015 15:46:2] /a 5
[30/9/2015 15:46:3] /a 5
[30/9/2015 15:46:4] /a 5
[30/9/2015 15:46:4] /a 5
[30/9/2015 15:46:9] /a 5
[30/9/2015 15:46:10] /a 5
[30/9/2015 15:46:10] /a 5
[30/9/2015 15:46:56] /t
[30/9/2015 17:35:23] /ghost
[30/9/2015 17:35:29] /newtype 288
[30/9/2015 19:31:23] /ghost
[30/9/2015 19:31:30] /goto malandro
[30/9/2015 19:32:5] /up
[30/9/2015 19:32:28] /t malandro
[30/9/2015 19:32:28] /t
[30/9/2015 20:18:44] /newtype
[30/9/2015 20:18:46] /newtype 288
[30/9/2015 20:19:53] /goto [ADM] Nii.
[30/9/2015 20:19:57] /goto [ADM] Nii.
[30/9/2015 20:20:0] /ghost
[30/9/2015 20:20:2] /goto [ADM] Nii.
[30/9/2015 20:20:10] /t
[30/9/2015 20:20:36] /b duvidas no help - não vou responder pm nem defaut
[30/9/2015 20:29:10] /goto powerpoint
[30/9/2015 20:29:39] /t
[30/9/2015 20:29:42] /ghost
[30/9/2015 23:29:27] /a 2
[30/9/2015 23:29:31] /ghost
[30/9/2015 23:29:32] /ghost
[30/9/2015 23:29:39] /a 5
[30/9/2015 23:29:39] /a 5
[30/9/2015 23:29:39] /a 5
[30/9/2015 23:29:40] /a 5
[30/9/2015 23:29:40] /a 5
[30/9/2015 23:29:40] /a 5
[30/9/2015 23:29:41] /a 5
[30/9/2015 23:29:41] /a 5
[30/9/2015 23:29:42] /a 5
[30/9/2015 23:29:43] /a 5
[30/9/2015 23:29:43] /a 5
[30/9/2015 23:29:44] /a 5
[30/9/2015 23:29:44] /a 5
[30/9/2015 23:29:45] /a 5
[30/9/2015 23:29:46] /a 5
[30/9/2015 23:29:47] /a 5
[30/9/2015 23:29:47] /a 5
[30/9/2015 23:29:49] /a 5
[30/9/2015 23:29:51] /up
[30/9/2015 23:29:58] /down
[30/9/2015 23:29:59] /a 5
[30/9/2015 23:29:59] /a 5
[30/9/2015 23:30:7] /a 3
[30/9/2015 23:30:11] /up
[30/9/2015 23:30:17] /newtype
[30/9/2015 23:30:19] /newtype 288
[30/9/2015 23:31:13] /t
[1/10/2015 18:52:52] /newtype
[1/10/2015 18:52:54] /newtype 288
[1/10/2015 18:52:58] /goto [adm] nii.
[2/10/2015 7:24:12] /newtype 288
[2/10/2015 7:24:23] /a 2
[2/10/2015 7:24:42] /a 2
[2/10/2015 7:24:43] /a 2
[2/10/2015 7:24:43] /a 2
[2/10/2015 7:24:45] /a 2
[2/10/2015 7:24:49] /a 5
[2/10/2015 7:24:50] /a 5
[2/10/2015 7:24:50] /a 5
[2/10/2015 7:24:50] /a 5
[2/10/2015 7:24:50] /a 5
[2/10/2015 7:24:50] /a 5
[2/10/2015 7:24:50] /a 5
[2/10/2015 7:24:50] /a 5
[2/10/2015 7:24:50] /a 5
[2/10/2015 7:24:50] /a 5
[2/10/2015 7:24:50] /a 5
[2/10/2015 7:24:52] /a 5
[2/10/2015 7:24:52] /a 5
[2/10/2015 7:24:55] /a 5
[2/10/2015 7:24:55] /a 5
[2/10/2015 7:24:56] /a 5
[2/10/2015 7:24:56] /a 5
[2/10/2015 7:24:56] /a 5
[2/10/2015 7:24:56] /a 5
[2/10/2015 7:24:56] /a 5
[2/10/2015 7:24:57] /a 5
[2/10/2015 7:24:57] /a 5
[2/10/2015 7:24:58] /a 5
[2/10/2015 7:24:58] /a 5
[2/10/2015 7:24:59] /a 5
[2/10/2015 7:24:59] /a 5
[2/10/2015 7:24:59] /a 5
[2/10/2015 7:24:59] /a 5
[2/10/2015 7:24:59] /a 5
[2/10/2015 7:24:59] /a 5
[2/10/2015 7:24:59] /a 5
[2/10/2015 7:24:59] /a 5
[2/10/2015 7:24:59] /a 5
[2/10/2015 7:24:59] /a 5
[2/10/2015 7:25:0] /a 5
[2/10/2015 7:25:1] /a 5
[2/10/2015 7:25:1] /a 5
[2/10/2015 7:25:2] /a 5
[2/10/2015 7:25:3] /a 5
[2/10/2015 7:25:3] /a 5
[2/10/2015 7:25:4] /a 5
[2/10/2015 7:25:32] /a 2
[2/10/2015 7:26:12] /a 5
[2/10/2015 7:26:13] /a 5
[2/10/2015 7:26:13] /a 5
[2/10/2015 7:26:14] /a 5
[2/10/2015 7:26:14] /a 5
[2/10/2015 7:26:14] /a 5
[2/10/2015 7:26:14] /a 5
[2/10/2015 7:26:14] /a 5
[2/10/2015 7:26:15] /a 5
[2/10/2015 7:26:15] /a 5
[2/10/2015 7:26:15] /a 5
[2/10/2015 7:26:16] /a 5
[2/10/2015 7:26:16] /a 5
[2/10/2015 7:26:16] /a 5
[2/10/2015 7:26:17] /a 5
[2/10/2015 7:26:18] /a 5
[2/10/2015 7:26:18] /a 5
[2/10/2015 7:26:19] /a 5
[2/10/2015 7:26:20] /a 5
[2/10/2015 7:26:20] /a 5
[2/10/2015 7:26:21] /a 5
[2/10/2015 7:26:22] /a 5
[2/10/2015 7:26:22] /a 5
[2/10/2015 7:26:22] /a 5
[2/10/2015 7:26:23] /a 5
[2/10/2015 7:26:23] /a 5
[2/10/2015 7:26:24] /a 5
[2/10/2015 7:26:24] /a 5
[2/10/2015 7:26:24] /a 5
[2/10/2015 7:26:25] /a 5
[2/10/2015 7:26:25] /a 5
[2/10/2015 7:26:25] /a 5
[2/10/2015 7:26:25] /a 5
[2/10/2015 7:26:26] /a 5
[2/10/2015 7:26:26] /a 5
[2/10/2015 7:26:27] /a 5
[2/10/2015 7:26:27] /a 5
[2/10/2015 7:26:28] /a 5
[2/10/2015 7:26:29] /a 5
[2/10/2015 7:26:29] /a 5
[2/10/2015 7:26:30] /a 5
[2/10/2015 7:26:30] /a 5
[2/10/2015 7:26:30] /a 5
[2/10/2015 7:26:31] /a 5
[2/10/2015 7:26:31] /a 5
[2/10/2015 7:26:31] /a 5
[2/10/2015 7:26:31] /a 5
[2/10/2015 7:26:34] /a 5
[2/10/2015 7:26:34] /a 5
[2/10/2015 7:26:41] /a 5
[2/10/2015 7:26:41] /a 5
[2/10/2015 7:26:41] /a 5
[2/10/2015 7:26:42] /a 5
[2/10/2015 7:26:42] /a 5
[2/10/2015 7:26:42] /a 5
[2/10/2015 7:26:43] /a 5
[2/10/2015 7:26:43] /a 5
[2/10/2015 7:26:44] /a 5
[2/10/2015 7:26:44] /a 5
[2/10/2015 7:26:44] /a 5
[2/10/2015 7:26:45] /a 5
[2/10/2015 7:26:46] /a 5
[2/10/2015 7:26:46] /a 5
[2/10/2015 7:26:47] /a 5
[2/10/2015 7:26:47] /a 5
[2/10/2015 7:26:49] /a 5
[2/10/2015 7:27:39] /t
[2/10/2015 7:28:39] /a 2
[2/10/2015 7:28:45] /a 5
[2/10/2015 7:28:46] /a 5
[2/10/2015 7:28:46] /a 5
[2/10/2015 7:28:46] /a 5
[2/10/2015 7:28:47] /a 5
[2/10/2015 7:28:47] /a 5
[2/10/2015 7:28:47] /a 5
[2/10/2015 7:28:47] /a 5
[2/10/2015 7:28:47] /a 5
[2/10/2015 7:28:47] /a 5
[2/10/2015 7:28:47] /a 5
[2/10/2015 7:28:48] /a 5
[2/10/2015 7:28:48] /a 5
[2/10/2015 7:28:48] /a 5
[2/10/2015 7:28:48] /a 5
[2/10/2015 7:28:48] /a 5
[2/10/2015 7:28:48] /a 5
[2/10/2015 7:28:48] /a 5
[2/10/2015 7:28:48] /a 5
[2/10/2015 7:28:48] /a 5
[2/10/2015 7:28:48] /a 5
[2/10/2015 7:28:48] /a 5
[2/10/2015 7:28:48] /a 5
[2/10/2015 7:28:48] /a 5
[2/10/2015 7:28:48] /a 5
[2/10/2015 7:28:48] /a 5
[2/10/2015 7:28:48] /a 5
[2/10/2015 7:28:54] /a 5
[2/10/2015 7:28:55] /a 5
[2/10/2015 7:28:55] /a 5
[2/10/2015 7:28:56] /a 5
[2/10/2015 7:28:56] /a 5
[2/10/2015 7:28:56] /a 5
[2/10/2015 7:28:56] /a 5
[2/10/2015 7:28:56] /a 5
[2/10/2015 7:28:56] /a 5
[2/10/2015 7:28:56] /a 5
[2/10/2015 7:28:56] /a 5
[2/10/2015 7:28:57] /a 5
[2/10/2015 7:28:57] /a 5
[2/10/2015 7:28:58] /a 5
[2/10/2015 7:28:58] /a 5
[2/10/2015 7:28:58] /a 5
[2/10/2015 7:28:58] /a 5
[2/10/2015 7:28:58] /a 5
[2/10/2015 7:28:58] /a 5
[2/10/2015 7:28:58] /a 5
[2/10/2015 7:28:58] /a 5
[2/10/2015 7:28:58] /a 5
[2/10/2015 7:28:58] /a 5
[2/10/2015 7:28:58] /a 5
[2/10/2015 7:29:0] /a 5
[2/10/2015 7:29:1] /a 5
[2/10/2015 7:29:2] /a 5
[2/10/2015 7:29:2] /a 5
[2/10/2015 7:29:2] /a 5
[2/10/2015 7:29:2] /a 5
[2/10/2015 7:29:2] /a 5
[2/10/2015 7:29:2] /a 5
[2/10/2015 7:29:2] /a 5
[2/10/2015 7:29:2] /a 5
[2/10/2015 7:29:2] /a 5
[2/10/2015 7:29:2] /a 5
[2/10/2015 7:29:2] /a 5
[2/10/2015 7:29:2] /a 5
[2/10/2015 7:29:2] /a 5
[2/10/2015 7:29:2] /a 5
[2/10/2015 7:29:2] /a 5
[2/10/2015 7:29:2] /a 5
[2/10/2015 7:29:2] /a 5
[2/10/2015 7:29:2] /a 5
[2/10/2015 7:29:3] /a 5
[2/10/2015 7:29:3] /a 5
[2/10/2015 7:29:3] /a 5
[2/10/2015 7:29:4] /a 5
[2/10/2015 7:29:4] /a 5
[2/10/2015 7:29:4] /a 5
[2/10/2015 7:29:14] /up
[2/10/2015 7:29:16] /a 5
[2/10/2015 7:29:17] /a 5
[2/10/2015 7:29:18] /a 5
[2/10/2015 7:29:18] /a 5
[2/10/2015 7:29:18] /a 5
[2/10/2015 7:29:18] /a 5
[2/10/2015 7:29:18] /a 5
[2/10/2015 7:29:18] /a 5
[2/10/2015 7:29:18] /a 5
[2/10/2015 7:29:19] /a 5
[2/10/2015 7:29:19] /a 5
[2/10/2015 7:29:19] /a 5
[2/10/2015 7:29:19] /a 5
[2/10/2015 7:29:19] /a 5
[2/10/2015 7:29:19] /a 5
[2/10/2015 7:29:20] /a 5
[2/10/2015 7:29:20] /a 5
[2/10/2015 7:29:21] /a 5
[2/10/2015 7:29:21] /a 5
[2/10/2015 7:29:21] /a 5
[2/10/2015 7:29:22] /a 5
[2/10/2015 7:29:22] /a 5
[2/10/2015 7:29:23] /a 5
[2/10/2015 7:29:23] /a 5
[2/10/2015 7:29:23] /a 5
[2/10/2015 7:29:24] /a 5
[2/10/2015 7:30:8] /a 5
[2/10/2015 7:30:8] /a 5
[2/10/2015 7:30:8] /a 5
[2/10/2015 7:30:9] /a 5
[2/10/2015 7:30:10] /a 5
[2/10/2015 7:30:10] /a 5
[2/10/2015 7:30:10] /a 5
[2/10/2015 7:30:11] /a 5
[2/10/2015 7:30:11] /a 5
[2/10/2015 7:30:11] /a 5
[2/10/2015 7:30:12] /a 5
[2/10/2015 7:30:12] /a 5
[2/10/2015 7:30:12] /a 5
[2/10/2015 7:30:12] /a 5
[2/10/2015 7:30:13] /a 5
[2/10/2015 7:30:13] /a 5
[2/10/2015 7:30:13] /a 5
[2/10/2015 7:30:14] /a 5
[2/10/2015 7:30:14] /a 5
[2/10/2015 7:30:14] /a 5
[2/10/2015 7:30:15] /a 5
[2/10/2015 7:30:16] /t
[2/10/2015 7:30:20] /a 5
[2/10/2015 7:30:24] /a 5
[2/10/2015 7:30:25] /a 5
[2/10/2015 7:30:25] /a 5
[2/10/2015 7:30:26] /a 5
[2/10/2015 7:30:26] /a 5
[2/10/2015 7:30:26] /a 5
[2/10/2015 7:30:26] /a 5
[2/10/2015 7:30:26] /a 5
[2/10/2015 7:30:26] /a 5
[2/10/2015 7:30:26] /a 5
[2/10/2015 7:30:26] /a 5
[2/10/2015 7:30:26] /a 5
[2/10/2015 7:30:26] /a 5
[2/10/2015 7:30:27] /a 5
[2/10/2015 7:30:28] /a 5
[2/10/2015 7:30:28] /a 5
[2/10/2015 7:30:28] /a 5
[2/10/2015 7:30:28] /a 5
[2/10/2015 7:30:28] /a 5
[2/10/2015 7:30:28] /a 5
[2/10/2015 7:30:28] /a 5
[2/10/2015 7:30:28] /a 5
[2/10/2015 7:30:28] /a 5
[2/10/2015 7:30:28] /a 5
[2/10/2015 7:30:29] /a 5
[2/10/2015 7:30:30] /a 5
[2/10/2015 7:30:30] /a 5
[2/10/2015 7:30:31] /a 5
[2/10/2015 7:30:32] /a 5
[2/10/2015 7:30:32] /a 5
[2/10/2015 7:30:33] /a 5
[2/10/2015 7:30:34] /a 5
[2/10/2015 7:30:35] /a 5
[2/10/2015 7:30:35] /a 5
[2/10/2015 7:30:35] /a 5
[2/10/2015 7:30:36] /a 5
[2/10/2015 7:30:36] /a 5
[2/10/2015 7:30:36] /a 5
[2/10/2015 7:30:37] /a 5
[2/10/2015 7:30:38] /t
[2/10/2015 7:30:42] /a 2
[2/10/2015 7:30:51] /a 5
[2/10/2015 7:30:52] /a 5
[2/10/2015 7:30:52] /a 5
[2/10/2015 7:30:52] /a 5
[2/10/2015 7:30:52] /a 5
[2/10/2015 7:30:53] /a 5
[2/10/2015 7:30:53] /a 5
[2/10/2015 7:30:53] /a 5
[2/10/2015 7:30:54] /a 5
[2/10/2015 7:30:54] /a 5
[2/10/2015 7:30:54] /a 5
[2/10/2015 7:30:55] /a 5
[2/10/2015 7:30:56] /a 5
[2/10/2015 7:30:56] /a 5
[2/10/2015 7:30:56] /a 5
[2/10/2015 7:30:57] /a 5
[2/10/2015 7:30:57] /a 5
[2/10/2015 7:30:57] /a 5
[2/10/2015 7:30:57] /a 5
[2/10/2015 7:30:58] /a 5
[2/10/2015 7:30:58] /a 5
[2/10/2015 7:30:58] /a 5
[2/10/2015 7:30:59] /a 5
[2/10/2015 7:31:0] /t
[2/10/2015 7:31:3] /a 5
[2/10/2015 7:31:7] /a 5
[2/10/2015 7:31:7] /a 5
[2/10/2015 7:31:7] /a 5
[2/10/2015 7:31:7] /a 5
[2/10/2015 7:31:7] /a 5
[2/10/2015 7:31:7] /a 5
[2/10/2015 7:31:8] /a 5
[2/10/2015 7:31:8] /a 5
[2/10/2015 7:31:8] /a 5
[2/10/2015 7:31:8] /a 5
[2/10/2015 7:31:9] /a 5
[2/10/2015 7:31:10] /a 5
[2/10/2015 7:31:11] /a 5
[2/10/2015 7:31:11] /a 5
[2/10/2015 7:31:11] /a 5
[2/10/2015 7:31:11] /a 5
[2/10/2015 7:31:11] /a 5
[2/10/2015 7:31:11] /a 5
[2/10/2015 7:31:11] /a 5
[2/10/2015 7:31:11] /a 5
[2/10/2015 7:31:11] /a 5
[2/10/2015 7:31:11] /a 5
[2/10/2015 7:31:11] /a 5
[2/10/2015 7:31:12] /a 5
[2/10/2015 7:31:12] /a 5
[2/10/2015 7:31:12] /a 5
[2/10/2015 7:31:12] /a 5
[2/10/2015 7:31:12] /a 5
[2/10/2015 7:31:12] /a 5
[2/10/2015 7:31:12] /a 5
[2/10/2015 7:31:12] /a 5
[2/10/2015 7:31:12] /a 5
[2/10/2015 7:31:12] /a 5
[2/10/2015 7:31:12] /a 5
[2/10/2015 7:31:12] /a 5
[2/10/2015 7:31:12] /a 5
[2/10/2015 7:31:13] /a 5
[2/10/2015 7:31:13] /a 5
[2/10/2015 7:31:14] /a 5
[2/10/2015 7:31:14] /a 5
[2/10/2015 7:31:14] /a 5
[2/10/2015 7:31:14] /a 5
[2/10/2015 7:31:14] /a 5
[2/10/2015 7:31:14] /a 5
[2/10/2015 7:31:14] /a 5
[2/10/2015 7:31:15] /a 5
[2/10/2015 7:31:15] /a 5
[2/10/2015 7:31:15] /a 5
[2/10/2015 7:31:16] /a 5
[2/10/2015 7:31:16] /a 5
[2/10/2015 7:31:16] /a 5
[2/10/2015 7:31:16] /a 5
[2/10/2015 7:31:16] /a 5
[2/10/2015 7:31:16] /a 5
[2/10/2015 7:31:16] /a 5
[2/10/2015 7:31:16] /a 5
[2/10/2015 7:31:17] /a 5
[2/10/2015 7:31:18] /a 5
[2/10/2015 7:31:19] /a 5
[2/10/2015 7:31:19] /a 5
[2/10/2015 7:31:20] /a 5
[2/10/2015 7:31:20] /a 5
[2/10/2015 7:31:21] /a 5
[2/10/2015 7:31:21] /a 5
[2/10/2015 7:31:22] /a 5
[2/10/2015 7:31:22] /a 5
[2/10/2015 7:31:22] /a 5
[2/10/2015 7:31:23] /a 5
[2/10/2015 7:31:23] /a 5
[2/10/2015 7:31:23] /a 5
[2/10/2015 7:31:24] /a 5
[2/10/2015 7:31:24] /a 5
[2/10/2015 7:31:24] /a 5
[2/10/2015 7:31:24] /a 5
[2/10/2015 7:31:24] /a 5
[2/10/2015 7:31:24] /a 5
[2/10/2015 7:31:24] /a 5
[2/10/2015 7:31:24] /a 5
[2/10/2015 7:31:24] /a 5
[2/10/2015 7:31:24] /a 5
[2/10/2015 7:31:24] /a 5
[2/10/2015 7:31:24] /a 5
[2/10/2015 7:31:25] /a 5
[2/10/2015 7:31:25] /a 5
[2/10/2015 7:31:26] /a 5
[2/10/2015 7:31:26] /a 5
[2/10/2015 7:31:27] /a 5
[2/10/2015 7:31:27] /a 5
[2/10/2015 7:31:28] /a 5
[2/10/2015 7:31:29] /a 5
[2/10/2015 7:31:30] /a 5
[2/10/2015 7:31:30] /a 5
[2/10/2015 7:31:32] /a 5
[2/10/2015 7:31:32] /a 5
[2/10/2015 7:31:33] /a 5
[2/10/2015 7:31:33] /a 5
[2/10/2015 7:31:35] /t
[2/10/2015 12:4:33] /newtype 288
[2/10/2015 12:4:37] /a 2
[2/10/2015 12:4:45] /a 5
[2/10/2015 12:4:46] /a 5
[2/10/2015 12:4:46] /a 5
[2/10/2015 12:4:47] /a 5
[2/10/2015 12:4:48] /a 5
[2/10/2015 12:4:48] /a 5
[2/10/2015 12:4:48] /a 5
[2/10/2015 12:4:48] /a 5
[2/10/2015 12:4:48] /a 5
[2/10/2015 12:4:49] /a 5
[2/10/2015 12:4:49] /a 5
[2/10/2015 12:4:50] /a 5
[2/10/2015 12:4:50] /a 5
[2/10/2015 12:4:50] /a 5
[2/10/2015 12:4:50] /a 5
[2/10/2015 12:4:50] /a 5
[2/10/2015 12:4:50] /a 5
[2/10/2015 12:4:50] /a 5
[2/10/2015 12:4:50] /a 5
[2/10/2015 12:4:50] /a 5
[2/10/2015 12:4:50] /a 5
[2/10/2015 12:4:50] /a 5
[2/10/2015 12:4:50] /a 5
[2/10/2015 12:4:50] /a 5
[2/10/2015 12:4:50] /a 5
[2/10/2015 12:4:50] /a 5
[2/10/2015 12:4:50] /a 5
[2/10/2015 12:4:50] /a 5
[2/10/2015 12:4:50] /a 5
[2/10/2015 12:4:50] /a 5
[2/10/2015 12:4:50] /a 5
[2/10/2015 12:4:50] /a 5
[2/10/2015 12:4:51] /a 5
[2/10/2015 12:4:52] /a 5
[2/10/2015 12:4:52] /a 5
[2/10/2015 12:4:54] /a 5
[2/10/2015 12:4:54] /a 5
[2/10/2015 12:4:54] /a 5
[2/10/2015 12:4:55] /a 5
[2/10/2015 12:4:56] /a 5
[2/10/2015 12:4:57] /a 5
[2/10/2015 12:4:57] /a 5
[2/10/2015 12:5:54] /t
[2/10/2015 12:6:11] /a 2
[2/10/2015 12:6:15] /a 5
[2/10/2015 12:6:16] /a 5
[2/10/2015 12:6:16] /a 5
[2/10/2015 12:6:16] /a 5
[2/10/2015 12:6:16] /a 5
[2/10/2015 12:6:16] /a 5
[2/10/2015 12:6:16] /a 5
[2/10/2015 12:6:16] /a 5
[2/10/2015 12:6:16] /a 5
[2/10/2015 12:6:16] /a 5
[2/10/2015 12:6:16] /a 5
[2/10/2015 12:6:16] /a 5
[2/10/2015 12:6:17] /a 5
[2/10/2015 12:6:17] /a 5
[2/10/2015 12:6:18] /a 5
[2/10/2015 12:6:18] /a 5
[2/10/2015 12:6:18] /a 5
[2/10/2015 12:6:18] /a 5
[2/10/2015 12:6:18] /a 5
[2/10/2015 12:6:18] /a 5
[2/10/2015 12:6:19] /a 5
[2/10/2015 12:6:19] /a 5
[2/10/2015 12:6:19] /a 5
[2/10/2015 12:6:19] /a 5
[2/10/2015 12:6:19] /a 5
[2/10/2015 12:6:20] /a 5
[2/10/2015 12:6:20] /a 5
[2/10/2015 12:6:20] /a 5
[2/10/2015 12:6:21] /a 5
[2/10/2015 12:6:22] /a 5
[2/10/2015 12:6:22] /a 5
[2/10/2015 12:6:22] /a 5
[2/10/2015 12:6:22] /a 5
[2/10/2015 12:6:22] /a 5
[2/10/2015 12:6:22] /a 5
[2/10/2015 12:6:22] /a 5
[2/10/2015 12:6:22] /a 5
[2/10/2015 12:6:22] /a 5
[2/10/2015 12:6:22] /a 5
[2/10/2015 12:6:22] /a 5
[2/10/2015 12:6:22] /a 5
[2/10/2015 12:6:22] /a 5
[2/10/2015 12:6:22] /a 5
[2/10/2015 12:6:22] /a 5
[2/10/2015 12:6:22] /a 5
[2/10/2015 12:6:22] /a 5
[2/10/2015 12:6:22] /a 5
[2/10/2015 12:6:22] /a 5
[2/10/2015 12:6:22] /a 5
[2/10/2015 12:6:22] /a 5
[2/10/2015 12:6:22] /a 5
[2/10/2015 12:6:22] /a 5
[2/10/2015 12:6:22] /a 5
[2/10/2015 12:6:24] /a 5
[2/10/2015 12:6:24] /a 5
[2/10/2015 12:6:25] /a 5
[2/10/2015 12:6:25] /a 5
[2/10/2015 12:6:26] /a 5
[2/10/2015 12:6:26] /a 5
[2/10/2015 12:6:27] /a 5
[2/10/2015 12:6:27] /a 5
[2/10/2015 12:6:28] /a 5
[2/10/2015 12:6:28] /a 5
[2/10/2015 12:6:28] /a 5
[2/10/2015 12:6:30] /t
[2/10/2015 12:6:34] /a 2
[2/10/2015 12:6:45] /a 5
[2/10/2015 12:6:45] /a 5
[2/10/2015 12:6:46] /a 5
[2/10/2015 12:6:46] /a 5
[2/10/2015 12:6:47] /a 5
[2/10/2015 12:6:55] /a 1
[2/10/2015 12:7:25] /a 3
[2/10/2015 12:7:49] /a 5
[2/10/2015 12:8:22] /a 5
[2/10/2015 12:8:23] /a 5
[2/10/2015 12:8:24] /a 5
[2/10/2015 12:8:24] /a 5
[2/10/2015 12:8:25] /a 5
[2/10/2015 12:8:26] /a 5
[2/10/2015 12:8:27] /a 5
[2/10/2015 12:8:27] /a 5
[2/10/2015 12:8:28] /a 5
[2/10/2015 12:8:28] /a 5
[2/10/2015 12:8:29] /a 5
[2/10/2015 12:8:30] /a 5
[2/10/2015 12:8:31] /a 5
[2/10/2015 12:8:31] /a 5
[2/10/2015 12:8:32] /a 5
[2/10/2015 12:8:32] /a 5
[2/10/2015 12:8:32] /a 5
[2/10/2015 12:8:33] /a 5
[2/10/2015 12:8:33] /a 5
[2/10/2015 12:8:33] /a 5
[2/10/2015 12:8:34] /a 5
[2/10/2015 12:8:34] /a 5
[2/10/2015 12:9:22] /a 5
[2/10/2015 12:9:23] /a 5
[2/10/2015 12:9:23] /a 5
[2/10/2015 12:9:24] /a 5
[2/10/2015 12:9:24] /a 5
[2/10/2015 12:9:26] /a 5
[2/10/2015 12:9:26] /a 5
[2/10/2015 12:9:33] /a 5
[2/10/2015 12:9:33] /a 5
[2/10/2015 12:9:40] /a 5
[2/10/2015 12:9:40] /a 5
[2/10/2015 12:9:41] /a 5
[2/10/2015 12:9:42] /a 5
[2/10/2015 12:10:1] /a 5
[2/10/2015 12:10:2] /a 5
[2/10/2015 12:10:2] /a 5
[2/10/2015 12:10:3] /a 5
[2/10/2015 12:10:4] /up
[2/10/2015 12:10:10] /down
[2/10/2015 12:10:12] /a 5
[2/10/2015 12:10:12] /a 5
[2/10/2015 12:10:13] /a 5
[2/10/2015 12:10:13] /a 5
[2/10/2015 12:10:14] /a 5
[2/10/2015 12:10:14] /a 5
[2/10/2015 12:10:15] /a 5
[2/10/2015 12:10:16] /a 5
[2/10/2015 12:10:16] /a 5
[2/10/2015 12:10:17] /a 5
[2/10/2015 12:10:17] /a 5
[2/10/2015 12:10:18] /a 5
[2/10/2015 12:10:18] /a 5
[2/10/2015 12:10:19] /a 5
[2/10/2015 12:10:19] /a 5
[2/10/2015 12:10:19] /a 5
[2/10/2015 12:10:20] /a 5
[2/10/2015 12:10:20] /a 5
[2/10/2015 12:10:20] /a 5
[2/10/2015 12:10:21] /a 5
[2/10/2015 12:10:21] /a 5
[2/10/2015 12:10:21] /a 5
[2/10/2015 12:10:21] /a 5
[2/10/2015 12:10:21] /a 5
[2/10/2015 12:10:21] /a 5
[2/10/2015 12:10:21] /a 5
[2/10/2015 12:10:21] /a 5
[2/10/2015 12:10:21] /a 5
[2/10/2015 12:10:21] /a 5
[2/10/2015 12:10:21] /a 5
[2/10/2015 12:10:21] /a 5
[2/10/2015 12:10:22] /a 5
[2/10/2015 12:10:23] /a 5
[2/10/2015 12:10:23] /a 5
[2/10/2015 12:10:23] /a 5
[2/10/2015 12:10:23] /a 5
[2/10/2015 12:10:24] /a 5
[2/10/2015 12:10:24] /a 5
[2/10/2015 12:10:24] /a 5
[2/10/2015 12:10:24] /a 5
[2/10/2015 12:10:25] /a 5
[2/10/2015 12:10:26] /a 5
[2/10/2015 12:10:26] /a 5
[2/10/2015 12:10:26] /a 5
[2/10/2015 12:10:26] /a 5
[2/10/2015 12:10:26] /a 5
[2/10/2015 12:10:26] /a 5
[2/10/2015 12:10:26] /a 5
[2/10/2015 12:10:26] /a 5
[2/10/2015 12:10:26] /a 5
[2/10/2015 12:10:27] /a 5
[2/10/2015 12:10:27] /a 5
[2/10/2015 12:10:28] /a 5
[2/10/2015 12:10:28] /a 5
[2/10/2015 12:10:29] /a 5
[2/10/2015 12:10:29] /a 5
[2/10/2015 12:10:29] /a 5
[2/10/2015 12:10:30] /a 5
[2/10/2015 12:10:30] /a 5
[2/10/2015 12:10:30] /a 5
[2/10/2015 12:10:31] /a 5
[2/10/2015 12:10:31] /a 5
[2/10/2015 12:10:31] /a 5
[2/10/2015 12:10:32] /a 5
[2/10/2015 12:10:32] /a 5
[2/10/2015 12:10:34] /a 5
[2/10/2015 12:10:34] /a 5
[2/10/2015 12:10:34] /a 5
[2/10/2015 12:10:35] /a 5
[2/10/2015 12:10:35] /a 5
[2/10/2015 12:10:35] /a 5
[2/10/2015 12:10:35] /a 5
[2/10/2015 12:10:36] /a 5
[2/10/2015 12:11:5] /a 5
[2/10/2015 12:11:5] /a 5
[2/10/2015 12:11:6] /a 5
[2/10/2015 12:11:6] /a 5
[2/10/2015 12:12:32] /t
[2/10/2015 12:12:55] /a 2
[2/10/2015 12:12:59] /a 5
[2/10/2015 12:13:0] /a 5
[2/10/2015 12:13:0] /a 5
[2/10/2015 12:13:0] /a 5
[2/10/2015 12:13:0] /a 5
[2/10/2015 12:13:0] /a 5
[2/10/2015 12:13:0] /a 5
[2/10/2015 12:13:0] /a 5
[2/10/2015 12:13:1] /a 5
[2/10/2015 12:13:1] /a 5
[2/10/2015 12:13:1] /a 5
[2/10/2015 12:13:1] /a 5
[2/10/2015 12:13:1] /a 5
[2/10/2015 12:13:1] /a 5
[2/10/2015 12:13:1] /a 5
[2/10/2015 12:13:1] /a 5
[2/10/2015 12:13:1] /a 5
[2/10/2015 12:13:1] /a 5
[2/10/2015 12:13:1] /a 5
[2/10/2015 12:13:1] /a 5
[2/10/2015 12:13:1] /a 5
[2/10/2015 12:13:1] /a 5
[2/10/2015 12:13:1] /a 5
[2/10/2015 12:13:1] /a 5
[2/10/2015 12:13:1] /a 5
[2/10/2015 12:13:1] /a 5
[2/10/2015 12:13:1] /a 5
[2/10/2015 12:13:1] /a 5
[2/10/2015 12:13:3] /a 5
[2/10/2015 12:13:9] /a 2
[2/10/2015 12:13:13] /a 2
[2/10/2015 12:13:44] /t
[2/10/2015 21:27:0] /newtype 66
[2/10/2015 21:31:18] /t
[2/10/2015 21:31:26] /goto uumm
[2/10/2015 21:31:32] /goto uumm
[2/10/2015 21:31:34] /goto uumm
[2/10/2015 21:31:36] /goto uumm
[2/10/2015 21:31:43] /a 10
[2/10/2015 21:31:43] /a 10
[2/10/2015 21:31:43] /a 10
[2/10/2015 21:31:43] /a 10
[2/10/2015 21:31:44] /a 10
[2/10/2015 21:31:44] /a 10
[2/10/2015 21:31:44] /a 10
[2/10/2015 21:31:45] /a 10
[2/10/2015 21:31:45] /a 10
[2/10/2015 21:31:46] /a 10
[2/10/2015 21:31:55] /t uumm
[2/10/2015 21:31:56] /t
[2/10/2015 22:12:44] /up
[2/10/2015 22:12:48] /r
[2/10/2015 22:12:53] /a 2
[2/10/2015 22:12:55] /r
[2/10/2015 22:12:56] /r
[2/10/2015 22:13:0] /r
[2/10/2015 22:13:2] /r
[2/10/2015 22:13:11] /a 2
[2/10/2015 22:13:14] /r
[2/10/2015 23:10:8] /r
[2/10/2015 23:10:10] /r
[2/10/2015 23:10:10] /r
[2/10/2015 23:10:11] /r
[2/10/2015 23:10:12] /r
[2/10/2015 23:10:13] /r
[2/10/2015 23:10:13] /r
[2/10/2015 23:10:26] /a 2
[2/10/2015 23:10:33] /r
[2/10/2015 23:10:44] /t
[2/10/2015 23:11:22] /a 3
[2/10/2015 23:11:33] /t
[2/10/2015 23:29:49] /t hiago felipe
[2/10/2015 23:43:35] /t chouji
[2/10/2015 23:43:44] /t
[2/10/2015 23:43:54] /t
[2/10/2015 23:44:0] /r
[3/10/2015 22:1:51] /newtype 66
[3/10/2015 22:6:1] /a 5
[3/10/2015 22:6:1] /a 5
[3/10/2015 22:6:2] /a 5
[3/10/2015 22:6:3] /a 5
[3/10/2015 22:6:3] /a 5
[3/10/2015 22:6:4] /a 5
[3/10/2015 22:6:9] /t
[3/10/2015 22:8:31] /ghost
[3/10/2015 22:9:3] /b creio eu que nao vai ter castler hoje, por que ta nii ta viajando, e nao tenho acesso pra por o tp ai
[3/10/2015 22:9:16] /b se o tp criar ai sozinho, e uma boa se nao
[3/10/2015 22:9:47] /a 2
[3/10/2015 22:9:55] /a 1
[3/10/2015 22:10:9] /b viu nao cria
[3/10/2015 22:10:13] /a 3
[3/10/2015 22:10:15] /r
[3/10/2015 22:10:17] /r
[3/10/2015 22:10:18] /r
[3/10/2015 22:10:36] /b o ni ta viajando e eu nao tenho acesso
[3/10/2015 22:10:45] /b o ni ta viajando e eu nao tenho acesso, pra por o castler
[3/10/2015 22:11:3] /a 2
[3/10/2015 22:12:27] /t vipper
[3/10/2015 22:12:32] /t viper
[3/10/2015 22:12:34] /t
[3/10/2015 22:12:43] /b todo mundo que tiver no castler upando vai sair
[3/10/2015 22:13:21] /a 5
[3/10/2015 22:13:22] /a 5
[3/10/2015 22:13:22] /a 5
[3/10/2015 22:13:22] /a 5
[3/10/2015 22:13:22] /a 5
[3/10/2015 22:13:22] /a 5
[3/10/2015 22:13:22] /a 5
[3/10/2015 22:13:22] /a 5
[3/10/2015 22:13:22] /a 5
[3/10/2015 22:13:22] /a 5
[3/10/2015 22:13:22] /a 5
[3/10/2015 22:13:22] /a 5
[3/10/2015 22:13:22] /a 5
[3/10/2015 22:13:22] /a 5
[3/10/2015 22:13:22] /a 5
[3/10/2015 22:13:22] /a 5
[3/10/2015 22:13:22] /a 5
[3/10/2015 22:13:23] /a 5
[3/10/2015 22:13:23] /a 5
[3/10/2015 22:13:23] /a 5
[3/10/2015 22:13:23] /a 5
[3/10/2015 22:13:24] /a 5
[3/10/2015 22:13:24] /a 5
[3/10/2015 22:13:24] /a 5
[3/10/2015 22:13:24] /a 5
[3/10/2015 22:13:24] /a 5
[3/10/2015 22:13:24] /a 5
[3/10/2015 22:13:24] /a 5
[3/10/2015 22:13:24] /a 5
[3/10/2015 22:13:24] /a 5
[3/10/2015 22:13:24] /a 5
[3/10/2015 22:13:24] /a 5
[3/10/2015 22:13:24] /a 5
[3/10/2015 22:13:24] /a 5
[3/10/2015 22:13:24] /a 5
[3/10/2015 22:13:24] /a 5
[3/10/2015 22:13:24] /a 5
[3/10/2015 22:13:24] /a 5
[3/10/2015 22:13:24] /a 5
[3/10/2015 22:13:24] /a 5
[3/10/2015 22:13:24] /a 5
[3/10/2015 22:13:25] /a 5
[3/10/2015 22:13:25] /a 5
[3/10/2015 22:13:25] /a 5
[3/10/2015 22:13:25] /a 5
[3/10/2015 22:13:25] /a 5
[3/10/2015 22:13:25] /a 5
[3/10/2015 22:13:25] /a 5
[3/10/2015 22:13:25] /a 5
[3/10/2015 22:13:25] /a 5
[3/10/2015 22:13:25] /a 5
[3/10/2015 22:13:25] /a 5
[3/10/2015 22:13:25] /a 5
[3/10/2015 22:13:25] /a 5
[3/10/2015 22:13:25] /a 5
[3/10/2015 22:13:25] /a 5
[3/10/2015 22:13:25] /a 5
[3/10/2015 22:13:25] /a 5
[3/10/2015 22:13:26] /a 5
[3/10/2015 22:13:26] /a 5
[3/10/2015 22:13:26] /a 5
[3/10/2015 22:13:26] /a 5
[3/10/2015 22:13:26] /a 5
[3/10/2015 22:13:26] /a 5
[3/10/2015 22:13:26] /a 5
[3/10/2015 22:13:26] /a 5
[3/10/2015 22:13:26] /a 5
[3/10/2015 22:13:26] /a 5
[3/10/2015 22:13:26] /a 5
[3/10/2015 22:13:26] /a 5
[3/10/2015 22:13:26] /a 5
[3/10/2015 22:13:26] /a 5
[3/10/2015 22:13:26] /a 5
[3/10/2015 22:13:26] /a 5
[3/10/2015 22:13:26] /a 5
[3/10/2015 22:13:26] /a 5
[3/10/2015 22:13:26] /a 5
[3/10/2015 22:13:26] /a 5
[3/10/2015 22:13:26] /a 5
[3/10/2015 22:13:27] /a 5
[3/10/2015 22:13:27] /a 5
[3/10/2015 22:13:27] /a 5
[3/10/2015 22:13:27] /a 5
[3/10/2015 22:13:27] /a 5
[3/10/2015 22:13:27] /a 5
[3/10/2015 22:13:27] /a 5
[3/10/2015 22:13:27] /a 5
[3/10/2015 22:13:27] /a 5
[3/10/2015 22:13:27] /a 5
[3/10/2015 22:13:27] /a 5
[3/10/2015 22:13:27] /a 5
[3/10/2015 22:13:27] /a 5
[3/10/2015 22:13:27] /a 5
[3/10/2015 22:13:27] /a 5
[3/10/2015 22:13:27] /a 5
[3/10/2015 22:13:27] /a 5
[3/10/2015 22:13:28] /a 5
[3/10/2015 22:13:28] /a 5
[3/10/2015 22:13:28] /a 5
[3/10/2015 22:13:29] /a 5
[3/10/2015 22:13:29] /a 5
[3/10/2015 22:13:29] /a 5
[3/10/2015 22:13:29] /a 5
[3/10/2015 22:13:29] /a 5
[3/10/2015 22:13:29] /a 5
[3/10/2015 22:13:29] /a 5
[3/10/2015 22:13:29] /a 5
[3/10/2015 22:13:29] /a 5
[3/10/2015 22:13:30] /a 5
[3/10/2015 22:13:30] /a 5
[3/10/2015 22:13:30] /a 5
[3/10/2015 22:13:30] /a 5
[3/10/2015 22:13:30] /a 5
[3/10/2015 22:13:30] /a 5
[3/10/2015 22:13:30] /a 5
[3/10/2015 22:13:30] /a 5
[3/10/2015 22:13:30] /a 5
[3/10/2015 22:13:30] /a 5
[3/10/2015 22:13:30] /a 5
[3/10/2015 22:13:30] /a 5
[3/10/2015 22:13:33] /goto chouji
[3/10/2015 22:13:50] /a 5
[3/10/2015 22:13:50] /a 5
[3/10/2015 22:13:50] /a 5
[3/10/2015 22:13:50] /a 5
[3/10/2015 22:13:50] /a 5
[3/10/2015 22:13:50] /a 5
[3/10/2015 22:13:50] /a 5
[3/10/2015 22:13:50] /a 5
[3/10/2015 22:13:50] /a 5
[3/10/2015 22:13:50] /a 5
[3/10/2015 22:13:50] /a 5
[3/10/2015 22:13:50] /a 5
[3/10/2015 22:13:50] /a 5
[3/10/2015 22:13:50] /a 5
[3/10/2015 22:13:50] /a 5
[3/10/2015 22:13:50] /a 5
[3/10/2015 22:13:50] /a 5
[3/10/2015 22:13:50] /a 5
[3/10/2015 22:13:50] /a 5
[3/10/2015 22:13:50] /a 5
[3/10/2015 22:13:50] /a 5
[3/10/2015 22:13:50] /a 5
[3/10/2015 22:13:51] /a 5
[3/10/2015 22:13:51] /a 5
[3/10/2015 22:13:51] /a 5
[3/10/2015 22:13:51] /a 5
[3/10/2015 22:13:51] /a 5
[3/10/2015 22:13:51] /a 5
[3/10/2015 22:13:51] /a 5
[3/10/2015 22:13:51] /a 5
[3/10/2015 22:13:51] /a 5
[3/10/2015 22:13:51] /a 5
[3/10/2015 22:13:51] /a 5
[3/10/2015 22:13:51] /a 5
[3/10/2015 22:13:51] /a 5
[3/10/2015 22:13:52] /a 5
[3/10/2015 22:13:52] /a 5
[3/10/2015 22:13:52] /a 5
[3/10/2015 22:13:52] /a 5
[3/10/2015 22:13:53] /a 5
[3/10/2015 22:13:53] /a 5
[3/10/2015 22:13:53] /a 5
[3/10/2015 22:13:53] /a 5
[3/10/2015 22:13:53] /a 5
[3/10/2015 22:13:53] /a 5
[3/10/2015 22:13:53] /a 5
[3/10/2015 22:13:53] /a 5
[3/10/2015 22:13:53] /a 5
[3/10/2015 22:13:53] /a 5
[3/10/2015 22:13:53] /a 5
[3/10/2015 22:13:53] /a 5
[3/10/2015 22:13:53] /a 5
[3/10/2015 22:13:53] /a 5
[3/10/2015 22:13:54] /a 5
[3/10/2015 22:13:55] /a 5
[3/10/2015 22:13:55] /a 5
[3/10/2015 22:13:55] /a 5
[3/10/2015 22:13:55] /a 5
[3/10/2015 22:13:55] /a 5
[3/10/2015 22:13:55] /a 5
[3/10/2015 22:13:55] /a 5
[3/10/2015 22:13:55] /a 5
[3/10/2015 22:13:55] /a 5
[3/10/2015 22:13:55] /a 5
[3/10/2015 22:13:55] /a 5
[3/10/2015 22:13:55] /a 5
[3/10/2015 22:13:56] /a 5
[3/10/2015 22:13:56] /a 5
[3/10/2015 22:13:56] /a 5
[3/10/2015 22:13:56] /a 5
[3/10/2015 22:13:56] /a 5
[3/10/2015 22:13:56] /a 5
[3/10/2015 22:13:56] /a 5
[3/10/2015 22:13:56] /a 5
[3/10/2015 22:13:56] /a 5
[3/10/2015 22:14:40] /t
[3/10/2015 22:15:2] /ghost
[3/10/2015 22:15:8] /goto bob marley
[3/10/2015 22:15:21] /goto patati
[3/10/2015 22:15:32] /t patati
[3/10/2015 22:15:33] /t
[3/10/2015 22:16:18] /goto Peidonaliguica
[3/10/2015 22:16:21] /goto Peidonaliguica
[3/10/2015 22:16:24] /goto Peidonaliguica
[3/10/2015 22:17:18] /goto Psycopath
[3/10/2015 22:17:30] /a 50
[3/10/2015 22:17:31] /a 50
[3/10/2015 22:17:32] /a 50
[3/10/2015 22:17:32] /a 50
[3/10/2015 22:17:34] /a 5
[3/10/2015 22:17:35] /a 5
[3/10/2015 22:17:35] /a 5
[3/10/2015 22:17:35] /a 5
[3/10/2015 22:17:35] /a 5
[3/10/2015 22:17:35] /a 5
[3/10/2015 22:17:35] /a 5
[3/10/2015 22:17:35] /a 5
[3/10/2015 22:17:35] /a 5
[3/10/2015 22:17:35] /a 5
[3/10/2015 22:17:35] /a 5
[3/10/2015 22:17:35] /a 5
[3/10/2015 22:17:35] /a 5
[3/10/2015 22:17:36] /a 5
[3/10/2015 22:17:36] /a 5
[3/10/2015 22:17:36] /a 5
[3/10/2015 22:17:36] /a 5
[3/10/2015 22:17:37] /a 5
[3/10/2015 22:17:37] /a 5
[3/10/2015 22:17:38] /a 5
[3/10/2015 22:17:38] /a 5
[3/10/2015 22:17:38] /a 5
[3/10/2015 22:17:39] /a 5
[3/10/2015 22:17:39] /a 5
[3/10/2015 22:17:39] /a 5
[3/10/2015 22:17:39] /a 5
[3/10/2015 22:17:39] /a 5
[3/10/2015 22:17:39] /a 5
[3/10/2015 22:17:40] /a 5
[3/10/2015 22:17:40] /a 5
[3/10/2015 22:17:40] /a 5
[3/10/2015 22:17:40] /a 5
[3/10/2015 22:17:41] /a 5
[3/10/2015 22:17:41] /a 5
[3/10/2015 22:17:42] /a 5
[3/10/2015 22:17:42] /a 5
[3/10/2015 22:17:43] /a 5
[3/10/2015 22:17:43] /a 5
[3/10/2015 22:17:43] /a 5
[3/10/2015 22:17:43] /a 5
[3/10/2015 22:17:43] /a 5
[3/10/2015 22:17:43] /a 5
[3/10/2015 22:17:43] /a 5
[3/10/2015 22:17:43] /a 5
[3/10/2015 22:17:43] /a 5
[3/10/2015 22:17:43] /a 5
[3/10/2015 22:17:43] /a 5
[3/10/2015 22:17:43] /a 5
[3/10/2015 22:17:43] /a 5
[3/10/2015 22:17:43] /a 5
[3/10/2015 22:17:43] /a 5
[3/10/2015 22:17:43] /a 5
[3/10/2015 22:17:44] /a 5
[3/10/2015 22:17:44] /a 5
[3/10/2015 22:17:44] /a 5
[3/10/2015 22:17:44] /a 5
[3/10/2015 22:17:44] /a 5
[3/10/2015 22:17:44] /a 5
[3/10/2015 22:17:44] /a 5
[3/10/2015 22:17:44] /a 5
[3/10/2015 22:17:44] /a 5
[3/10/2015 22:17:44] /a 5
[3/10/2015 22:17:44] /a 5
[3/10/2015 22:17:44] /a 5
[3/10/2015 22:17:44] /a 5
[3/10/2015 22:17:44] /a 5
[3/10/2015 22:17:44] /a 5
[3/10/2015 22:17:44] /a 5
[3/10/2015 22:17:44] /a 5
[3/10/2015 22:17:44] /a 5
[3/10/2015 22:17:44] /a 5
[3/10/2015 22:17:44] /a 5
[3/10/2015 22:17:44] /a 5
[3/10/2015 22:17:44] /a 5
[3/10/2015 22:17:44] /a 5
[3/10/2015 22:17:44] /a 5
[3/10/2015 22:17:44] /a 5
[3/10/2015 22:17:44] /a 5
[3/10/2015 22:17:44] /a 5
[3/10/2015 22:17:44] /a 5
[3/10/2015 22:17:44] /a 5
[3/10/2015 22:17:46] /a 5
[3/10/2015 22:17:46] /a 5
[3/10/2015 22:17:47] /a 5
[3/10/2015 22:17:47] /a 5
[3/10/2015 22:17:47] /a 5
[3/10/2015 22:17:47] /a 5
[3/10/2015 22:17:47] /a 5
[3/10/2015 22:17:47] /a 5
[3/10/2015 22:17:47] /a 5
[3/10/2015 22:17:47] /a 5
[3/10/2015 22:17:47] /a 5
[3/10/2015 22:17:47] /a 5
[3/10/2015 22:17:47] /a 5
[3/10/2015 22:17:47] /a 5
[3/10/2015 22:17:48] /a 5
[3/10/2015 22:17:49] /a 5
[3/10/2015 22:17:49] /a 5
[3/10/2015 22:17:49] /a 5
[3/10/2015 22:17:49] /a 5
[3/10/2015 22:17:50] /a 5
[3/10/2015 22:17:50] /a 5
[3/10/2015 22:17:50] /a 5
[3/10/2015 22:17:50] /a 5
[3/10/2015 22:17:50] /a 5
[3/10/2015 22:17:50] /a 5
[3/10/2015 22:17:50] /a 5
[3/10/2015 22:17:50] /a 5
[3/10/2015 22:17:50] /a 5
[3/10/2015 22:17:50] /a 5
[3/10/2015 22:17:52] /a 5
[3/10/2015 22:17:52] /a 5
[3/10/2015 22:17:52] /a 5
[3/10/2015 22:17:53] /a 5
[3/10/2015 22:17:53] /a 5
[3/10/2015 22:17:54] /a 5
[3/10/2015 22:17:54] /a 5
[3/10/2015 22:17:55] /a 5
[3/10/2015 22:17:55] /a 5
[3/10/2015 22:17:56] /a 5
[3/10/2015 22:17:56] /a 5
[3/10/2015 22:17:56] /a 5
[3/10/2015 22:17:56] /a 5
[3/10/2015 22:17:56] /a 5
[3/10/2015 22:17:56] /a 5
[3/10/2015 22:17:56] /a 5
[3/10/2015 22:17:56] /a 5
[3/10/2015 22:17:56] /a 5
[3/10/2015 22:17:56] /a 5
[3/10/2015 22:17:56] /a 5
[3/10/2015 22:17:56] /a 5
[3/10/2015 22:17:56] /a 5
[3/10/2015 22:17:56] /a 5
[3/10/2015 22:17:57] /a 5
[3/10/2015 22:17:57] /a 5
[3/10/2015 22:17:57] /a 5
[3/10/2015 22:17:58] /a 5
[3/10/2015 22:17:58] /a 5
[3/10/2015 22:17:59] /a 5
[3/10/2015 22:18:0] /a 5
[3/10/2015 22:18:0] /a 5
[3/10/2015 22:18:0] /a 5
[3/10/2015 22:18:0] /a 5
[3/10/2015 22:18:0] /a 5
[3/10/2015 22:18:0] /a 5
[3/10/2015 22:18:0] /a 5
[3/10/2015 22:18:0] /a 5
[3/10/2015 22:18:0] /a 5
[3/10/2015 22:18:0] /a 5
[3/10/2015 22:18:0] /a 5
[3/10/2015 22:18:0] /a 5
[3/10/2015 22:18:0] /a 5
[3/10/2015 22:18:0] /a 5
[3/10/2015 22:18:0] /a 5
[3/10/2015 22:18:0] /a 5
[3/10/2015 22:18:0] /a 5
[3/10/2015 22:18:0] /a 5
[3/10/2015 22:18:0] /a 5
[3/10/2015 22:18:0] /a 5
[3/10/2015 22:18:0] /a 5
[3/10/2015 22:18:0] /a 5
[3/10/2015 22:18:1] /a 5
[3/10/2015 22:18:1] /a 5
[3/10/2015 22:18:1] /a 5
[3/10/2015 22:18:1] /a 5
[3/10/2015 22:18:2] /a 5
[3/10/2015 22:18:2] /a 5
[3/10/2015 22:18:2] /a 5
[3/10/2015 22:18:2] /a 5
[3/10/2015 22:18:2] /a 5
[3/10/2015 22:18:2] /a 5
[3/10/2015 22:18:2] /a 5
[3/10/2015 22:18:2] /a 5
[3/10/2015 22:18:2] /a 5
[3/10/2015 22:18:2] /a 5
[3/10/2015 22:18:2] /a 5
[3/10/2015 22:18:2] /a 5
[3/10/2015 22:18:2] /a 5
[3/10/2015 22:18:2] /a 5
[3/10/2015 22:18:2] /a 5
[3/10/2015 22:18:3] /a 5
[3/10/2015 22:18:3] /a 5
[3/10/2015 22:18:4] /a 5
[3/10/2015 22:18:4] /a 5
[3/10/2015 22:18:4] /a 5
[3/10/2015 22:18:5] /a 5
[3/10/2015 22:18:5] /a 5
[3/10/2015 22:18:5] /a 5
[3/10/2015 22:18:5] /a 5
[3/10/2015 22:18:5] /a 5
[3/10/2015 22:18:5] /a 5
[3/10/2015 22:18:5] /a 5
[3/10/2015 22:18:5] /a 5
[3/10/2015 22:18:5] /a 5
[3/10/2015 22:18:5] /a 5
[3/10/2015 22:18:5] /a 5
[3/10/2015 22:18:5] /a 5
[3/10/2015 22:18:5] /a 5
[3/10/2015 22:18:5] /a 5
[3/10/2015 22:18:5] /a 5
[3/10/2015 22:18:5] /a 5
[3/10/2015 22:18:5] /a 5
[3/10/2015 22:18:5] /a 5
[3/10/2015 22:18:5] /a 5
[3/10/2015 22:18:5] /a 5
[3/10/2015 22:18:5] /a 5
[3/10/2015 22:18:5] /a 5
[3/10/2015 22:18:5] /a 5
[3/10/2015 22:18:5] /a 5
[3/10/2015 22:18:5] /a 5
[3/10/2015 22:18:5] /a 5
[3/10/2015 22:18:5] /a 5
[3/10/2015 22:18:5] /a 5
[3/10/2015 22:18:5] /a 5
[3/10/2015 22:18:5] /a 5
[3/10/2015 22:18:5] /a 5
[3/10/2015 22:18:5] /a 5
[3/10/2015 22:18:6] /a 5
[3/10/2015 22:18:6] /a 5
[3/10/2015 22:18:6] /a 5
[3/10/2015 22:18:6] /a 5
[3/10/2015 22:18:6] /a 5
[3/10/2015 22:18:6] /a 5
[3/10/2015 22:18:6] /a 5
[3/10/2015 22:18:6] /a 5
[3/10/2015 22:18:6] /a 5
[3/10/2015 22:18:6] /a 5
[3/10/2015 22:18:6] /a 5
[3/10/2015 22:18:6] /a 5
[3/10/2015 22:18:6] /a 5
[3/10/2015 22:18:6] /a 5
[3/10/2015 22:18:6] /a 5
[3/10/2015 22:18:6] /a 5
[3/10/2015 22:18:6] /a 5
[3/10/2015 22:18:6] /a 5
[3/10/2015 22:18:6] /a 5
[3/10/2015 22:18:6] /a 5
[3/10/2015 22:18:6] /a 5
[3/10/2015 22:18:7] /a 5
[3/10/2015 22:18:7] /a 5
[3/10/2015 22:18:7] /a 5
[3/10/2015 22:18:7] /a 5
[3/10/2015 22:18:7] /a 5
[3/10/2015 22:18:7] /a 5
[3/10/2015 22:18:7] /a 5
[3/10/2015 22:18:7] /a 5
[3/10/2015 22:18:7] /a 5
[3/10/2015 22:18:7] /a 5
[3/10/2015 22:18:7] /a 5
[3/10/2015 22:18:9] /save
[3/10/2015 22:18:15] /a 5
[3/10/2015 22:18:15] /a 5
[3/10/2015 22:18:15] /a 5
[3/10/2015 22:18:15] /a 5
[3/10/2015 22:18:15] /a 5
[3/10/2015 22:18:15] /a 5
[3/10/2015 22:18:15] /a 5
[3/10/2015 22:18:15] /a 5
[3/10/2015 22:18:16] /a 5
[3/10/2015 22:18:17] /a 5
[3/10/2015 22:18:17] /a 5
[3/10/2015 22:18:17] /a 5
[3/10/2015 22:18:17] /a 5
[3/10/2015 22:18:17] /a 5
[3/10/2015 22:18:17] /a 5
[3/10/2015 22:18:17] /a 5
[3/10/2015 22:18:17] /a 5
[3/10/2015 22:18:17] /a 5
[3/10/2015 22:18:17] /a 5
[3/10/2015 22:18:17] /a 5
[3/10/2015 22:18:17] /a 5
[3/10/2015 22:18:17] /a 5
[3/10/2015 22:18:19] /a 5
[3/10/2015 22:18:19] /a 5
[3/10/2015 22:18:19] /a 5
[3/10/2015 22:18:19] /a 5
[3/10/2015 22:18:19] /a 5
[3/10/2015 22:18:19] /a 5
[3/10/2015 22:18:19] /a 5
[3/10/2015 22:18:19] /a 5
[3/10/2015 22:18:20] /a 5
[3/10/2015 22:18:20] /a 5
[3/10/2015 22:18:20] /a 5
[3/10/2015 22:18:20] /a 5
[3/10/2015 22:18:20] /a 5
[3/10/2015 22:18:20] /a 5
[3/10/2015 22:18:20] /a 5
[3/10/2015 22:18:20] /a 5
[3/10/2015 22:18:20] /a 5
[3/10/2015 22:18:20] /a 5
[3/10/2015 22:18:20] /a 5
[3/10/2015 22:18:20] /a 5
[3/10/2015 22:18:20] /a 5
[3/10/2015 22:18:20] /a 5
[3/10/2015 22:18:20] /a 5
[3/10/2015 22:18:20] /a 5
[3/10/2015 22:18:20] /a 5
[3/10/2015 22:18:20] /a 5
[3/10/2015 22:18:20] /a 5
[3/10/2015 22:18:20] /a 5
[3/10/2015 22:18:20] /a 5
[3/10/2015 22:18:20] /a 5
[3/10/2015 22:18:20] /a 5
[3/10/2015 22:18:21] /a 5
[3/10/2015 22:18:21] /a 5
[3/10/2015 22:18:22] /a 5
[3/10/2015 22:18:22] /a 5
[3/10/2015 22:18:22] /a 5
[3/10/2015 22:18:22] /a 5
[3/10/2015 22:18:22] /a 5
[3/10/2015 22:18:22] /a 5
[3/10/2015 22:18:22] /a 5
[3/10/2015 22:18:22] /a 5
[3/10/2015 22:18:23] /a 5
[3/10/2015 22:18:23] /a 5
[3/10/2015 22:18:24] /a 5
[3/10/2015 22:18:24] /a 5
[3/10/2015 22:18:25] /a 5
[3/10/2015 22:18:25] /a 5
[3/10/2015 22:18:26] /a 5
[3/10/2015 22:18:27] /a 5
[3/10/2015 22:18:27] /a 5
[3/10/2015 22:18:28] /a 5
[3/10/2015 22:18:29] /a 5
[3/10/2015 22:18:29] /a 5
[3/10/2015 22:18:29] /a 5
[3/10/2015 22:18:29] /a 5
[3/10/2015 22:18:29] /a 5
[3/10/2015 22:18:29] /a 5
[3/10/2015 22:18:29] /a 5
[3/10/2015 22:18:29] /a 5
[3/10/2015 22:18:29] /a 5
[3/10/2015 22:18:29] /a 5
[3/10/2015 22:18:29] /a 5
[3/10/2015 22:18:29] /a 5
[3/10/2015 22:18:29] /a 5
[3/10/2015 22:18:29] /a 5
[3/10/2015 22:18:29] /a 5
[3/10/2015 22:18:30] /a 5
[3/10/2015 22:18:31] /a 5
[3/10/2015 22:18:31] /a 5
[3/10/2015 22:18:31] /a 5
[3/10/2015 22:18:31] /a 5
[3/10/2015 22:18:31] /a 5
[3/10/2015 22:18:31] /a 5
[3/10/2015 22:18:31] /a 5
[3/10/2015 22:18:31] /a 5
[3/10/2015 22:18:31] /a 5
[3/10/2015 22:18:31] /a 5
[3/10/2015 22:18:31] /a 5
[3/10/2015 22:18:31] /a 5
[3/10/2015 22:18:31] /a 5
[3/10/2015 22:18:31] /a 5
[3/10/2015 22:18:31] /a 5
[3/10/2015 22:18:31] /a 5
[3/10/2015 22:18:31] /a 5
[3/10/2015 22:18:31] /a 5
[3/10/2015 22:18:31] /a 5
[3/10/2015 22:18:31] /a 5
[3/10/2015 22:18:31] /a 5
[3/10/2015 22:18:32] /a 5
[3/10/2015 22:18:33] /a 5
[3/10/2015 22:18:33] /a 5
[3/10/2015 22:18:33] /a 5
[3/10/2015 22:18:33] /a 5
[3/10/2015 22:18:33] /a 5
[3/10/2015 22:18:33] /a 5
[3/10/2015 22:18:33] /a 5
[3/10/2015 22:18:33] /a 5
[3/10/2015 22:18:34] /a 5
[3/10/2015 22:18:35] /a 5
[3/10/2015 22:18:35] /a 5
[3/10/2015 22:18:35] /a 5
[3/10/2015 22:18:35] /a 5
[3/10/2015 22:18:35] /a 5
[3/10/2015 22:18:35] /a 5
[3/10/2015 22:18:35] /a 5
[3/10/2015 22:18:35] /a 5
[3/10/2015 22:18:35] /a 5
[3/10/2015 22:18:35] /a 5
[3/10/2015 22:18:35] /a 5
[3/10/2015 22:18:35] /a 5
[3/10/2015 22:18:35] /a 5
[3/10/2015 22:18:35] /a 5
[3/10/2015 22:18:35] /a 5
[3/10/2015 22:18:35] /a 5
[3/10/2015 22:18:35] /a 5
[3/10/2015 22:18:35] /a 5
[3/10/2015 22:18:35] /a 5
[3/10/2015 22:18:35] /a 5
[3/10/2015 22:18:35] /a 5
[3/10/2015 22:18:35] /a 5
[3/10/2015 22:18:35] /a 5
[3/10/2015 22:18:35] /a 5
[3/10/2015 22:18:35] /a 5
[3/10/2015 22:18:36] /a 5
[3/10/2015 22:18:37] /a 5
[3/10/2015 22:18:37] /a 5
[3/10/2015 22:18:37] /a 5
[3/10/2015 22:18:37] /a 5
[3/10/2015 22:18:37] /a 5
[3/10/2015 22:18:38] /a 5
[3/10/2015 22:18:38] /a 5
[3/10/2015 22:18:38] /a 5
[3/10/2015 22:18:38] /a 5
[3/10/2015 22:18:38] /a 5
[3/10/2015 22:18:39] /a 5
[3/10/2015 22:18:39] /a 5
[3/10/2015 22:18:40] /a 5
[3/10/2015 22:18:40] /a 5
[3/10/2015 22:18:40] /a 5
[3/10/2015 22:18:41] /a 5
[3/10/2015 22:18:42] /a 5
[3/10/2015 22:18:44] /a 5
[3/10/2015 22:18:45] /a 5
[3/10/2015 22:18:45] /a 5
[3/10/2015 22:18:45] /a 5
[3/10/2015 22:18:46] /a 5
[3/10/2015 22:18:46] /a 5
[3/10/2015 22:18:46] /a 5
[3/10/2015 22:18:47] /t
[3/10/2015 22:19:52] /b o seguinte e esse o ADM, ta viajando, e nao tenho acesso pra da conta do evento, por isso que nao vai ter, se nao o evento vai buga ai, niguem vai ganha e vai da merda, entao fechei tudo, o castelo ta vazio,
[3/10/2015 22:20:4] /bc green o seguinte e esse o ADM, ta viajando, e nao tenho acesso pra da conta do evento, por isso que nao vai ter, se nao o evento vai buga ai, niguem vai ganha e vai da merda, entao fechei tudo, o castelo ta vazio,
[3/10/2015 22:21:9] /a 5
[3/10/2015 22:21:9] /a 5
[3/10/2015 22:21:9] /a 5
[3/10/2015 22:21:9] /a 5
[3/10/2015 22:21:10] /a 5
[3/10/2015 22:21:10] /a 5
[3/10/2015 22:21:11] /a 5
[3/10/2015 22:21:12] /a 5
[3/10/2015 22:21:13] /a 5
[3/10/2015 22:21:18] /a 5
[3/10/2015 22:21:18] /a 5
[3/10/2015 22:21:18] /a 5
[3/10/2015 22:21:18] /a 5
[3/10/2015 22:21:19] /a 5
[3/10/2015 22:21:19] /a 5
[3/10/2015 22:21:20] /a 5
[3/10/2015 22:21:21] /a 5
[3/10/2015 22:21:21] /a 5
[3/10/2015 22:22:29] /a 5
[3/10/2015 22:22:29] /a 5
[3/10/2015 22:22:29] /a 5
[3/10/2015 22:22:29] /a 5
[3/10/2015 22:22:30] /a 5
[3/10/2015 22:22:30] /a 5
[3/10/2015 22:22:31] /a 5
[3/10/2015 22:22:32] /a 5
[3/10/2015 22:22:33] /a 5
[3/10/2015 22:22:34] /a 5
[3/10/2015 22:22:34] /a 5
[3/10/2015 22:22:34] /a 5
[3/10/2015 22:22:34] /a 5
[3/10/2015 22:22:35] /a 5
[3/10/2015 22:22:35] /a 5
[3/10/2015 22:22:35] /a 5
[3/10/2015 22:23:37] /b galera vou da uma saida, entrei pra avisa isso mesmo, acho que o adm amanha ta ai
[3/10/2015 22:38:25] /t uumm
[3/10/2015 22:38:35] /t uumm
[3/10/2015 22:38:57] /t kankuru
[3/10/2015 22:39:9] /t kancuru
[3/10/2015 23:40:29] /a 70
[3/10/2015 23:40:32] /m gennin
[3/10/2015 23:40:33] /t
[3/10/2015 23:40:51] /a 50
[3/10/2015 23:40:53] /a 50
[3/10/2015 23:41:56] /t
[4/10/2015 0:54:39] /down
[4/10/2015 0:56:34] /r
[4/10/2015 0:57:38] /r
[4/10/2015 0:57:46] /save
