[10/11/2017 1:45:11] /ghost
[10/11/2017 1:45:30] /i 2160
[10/11/2017 1:45:56] /a 10
[10/11/2017 1:45:56] /a 10
[10/11/2017 1:45:57] /a 10
[10/11/2017 1:45:57] /a 10
[10/11/2017 1:45:57] /a 10
[10/11/2017 1:45:57] /a 10
[10/11/2017 1:45:57] /a 10
[10/11/2017 1:45:57] /a 10
[10/11/2017 1:45:57] /a 10
[10/11/2017 1:45:57] /a 10
[10/11/2017 1:45:57] /a 10
[10/11/2017 1:45:57] /a 10
[10/11/2017 1:45:57] /a 10
[10/11/2017 1:45:58] /a 10
[10/11/2017 1:45:58] /a 10
[10/11/2017 1:45:58] /a 10
[10/11/2017 1:45:59] /a 10
[10/11/2017 1:45:59] /a 10
[10/11/2017 1:45:59] /a 10
[10/11/2017 1:45:59] /a 10
[10/11/2017 1:45:59] /a 10
[10/11/2017 1:46:0] /a 10
[10/11/2017 1:46:0] /a 10
[10/11/2017 1:46:0] /a 10
[10/11/2017 1:46:0] /a 10
[10/11/2017 1:46:1] /a 10
[10/11/2017 1:46:1] /a 10
[10/11/2017 1:46:1] /a 10
[10/11/2017 1:46:1] /a 10
[10/11/2017 1:46:1] /a 10
[10/11/2017 1:46:1] /a 10
[10/11/2017 1:46:1] /a 10
[10/11/2017 1:46:1] /a 10
[10/11/2017 1:46:1] /a 10
[10/11/2017 1:46:1] /a 10
[10/11/2017 1:46:1] /a 10
[10/11/2017 1:46:1] /a 10
[10/11/2017 1:46:1] /a 10
[10/11/2017 1:46:1] /a 10
[10/11/2017 1:46:2] /a 10
[10/11/2017 1:46:2] /a 10
[10/11/2017 1:46:2] /a 10
[10/11/2017 1:46:2] /a 10
[10/11/2017 1:46:2] /a 10
[10/11/2017 1:46:2] /a 10
[10/11/2017 1:46:2] /a 10
[10/11/2017 1:46:2] /a 10
[10/11/2017 1:46:2] /a 10
[10/11/2017 1:46:2] /a 10
[10/11/2017 1:46:2] /a 10
[10/11/2017 1:46:3] /a 10
[10/11/2017 1:46:3] /a 10
[10/11/2017 1:46:3] /a 10
[10/11/2017 1:46:5] /a 10
[10/11/2017 1:46:7] /a 10
[10/11/2017 1:46:7] /a 10
[10/11/2017 1:46:7] /a 10
[10/11/2017 1:46:7] /a 10
[10/11/2017 1:46:9] /down
[10/11/2017 1:46:10] /a 10
[10/11/2017 1:46:11] /a 10
[10/11/2017 1:46:11] /a 10
[10/11/2017 1:46:11] /a 10
[10/11/2017 1:46:11] /a 10
[10/11/2017 1:46:11] /a 10
[10/11/2017 1:46:12] /a 10
[10/11/2017 1:46:12] /a 10
[10/11/2017 1:46:12] /a 10
[10/11/2017 1:46:14] /down
[10/11/2017 1:46:16] /c Suiton Bunshin
[10/11/2017 1:46:19] /t
[10/11/2017 1:47:9] /ghost
[10/11/2017 1:48:0] /ghost
[10/11/2017 21:24:10] /mc
[10/11/2017 21:28:8] /mc
[10/11/2017 21:40:42] /ghost
[10/11/2017 21:43:9] /save
[10/11/2017 21:50:58] /ghost
[11/11/2017 13:2:44] /a 10
[11/11/2017 13:2:45] /a 10
[11/11/2017 13:2:46] /a 10
[11/11/2017 13:2:47] /a 10
[11/11/2017 13:2:49] /a 10
[11/11/2017 13:2:50] /a 10
[11/11/2017 13:2:51] /a 10
[11/11/2017 13:2:52] /a 10
[11/11/2017 13:2:53] /up
[11/11/2017 13:2:54] /up
[11/11/2017 13:2:56] /a 3
[11/11/2017 13:2:58] /up
[11/11/2017 13:3:16] /down
[11/11/2017 13:3:19] /a 10
[11/11/2017 13:3:20] /a 10
[11/11/2017 13:3:21] /a 10
[11/11/2017 13:3:21] /a 10
[11/11/2017 13:3:22] /a 10
[11/11/2017 13:3:22] /a 10
[11/11/2017 13:3:30] /goto minato kurama boss
[11/11/2017 13:3:46] /down
[11/11/2017 13:3:46] /a 10
[11/11/2017 13:4:1] /t
[12/11/2017 20:28:18] /a 5
[12/11/2017 20:28:25] /ghost
[12/11/2017 20:29:34] /t
[12/11/2017 20:29:49] /a 3
[12/11/2017 20:29:53] /a 2
[12/11/2017 20:29:55] /a 2
[12/11/2017 20:29:56] /a 2
[12/11/2017 20:29:58] /a 2
[12/11/2017 20:29:59] /a 2
[12/11/2017 20:30:0] /a 2
[12/11/2017 20:30:0] /a 2
[12/11/2017 20:30:16] /up
[12/11/2017 20:30:19] /ghost
[12/11/2017 20:30:25] /t
[12/11/2017 20:30:52] /a 2
[14/11/2017 20:28:19] /ghost
[14/11/2017 20:28:54] /ghost
[14/11/2017 20:30:9] /t
[14/11/2017 20:31:47] /t
[14/11/2017 20:32:0] /mc
[14/11/2017 20:32:27] /t
[14/11/2017 20:33:26] /a 10
[14/11/2017 20:33:26] /a 10
[14/11/2017 20:33:26] /a 10
[14/11/2017 20:33:27] /a 10
[14/11/2017 20:33:35] /a 10
[14/11/2017 20:33:36] /a 10
[14/11/2017 20:33:37] /a 10
[14/11/2017 20:33:38] /a 10
[14/11/2017 20:33:38] /a 10
[14/11/2017 20:33:39] /a 10
[14/11/2017 20:33:44] /a 10
[14/11/2017 20:34:0] /up
[14/11/2017 20:34:2] /up
[14/11/2017 20:34:3] /up
[14/11/2017 20:34:11] /down
[14/11/2017 20:34:12] /down
[14/11/2017 20:34:16] /down
[14/11/2017 20:34:19] /a 10
[14/11/2017 20:34:20] /a 10
[14/11/2017 20:34:21] /a 10
[14/11/2017 20:34:22] /a 10
[14/11/2017 20:34:22] /a 10
[14/11/2017 20:34:23] /a 10
[14/11/2017 20:34:24] /a 10
[14/11/2017 20:34:24] /a 10
[14/11/2017 20:34:25] /a 10
[14/11/2017 20:34:26] /a 10
[14/11/2017 20:34:26] /a 10
[14/11/2017 20:34:27] /a 10
[14/11/2017 20:34:28] /a 10
[14/11/2017 20:34:28] /a 10
[14/11/2017 20:34:28] /a 10
[14/11/2017 20:34:29] /a 10
[14/11/2017 20:34:29] /a 10
[14/11/2017 20:34:29] /a 10
[14/11/2017 20:34:29] /a 10
[14/11/2017 20:34:30] /a 10
[14/11/2017 20:34:30] /a 10
[14/11/2017 20:34:31] /a 10
[14/11/2017 20:34:31] /a 10
[14/11/2017 20:34:33] /a 10
[14/11/2017 20:34:33] /a 10
[14/11/2017 20:34:35] /a 10
[14/11/2017 20:34:36] /a 10
[14/11/2017 20:34:36] /a 10
[14/11/2017 20:35:7] /a 10
[14/11/2017 20:35:8] /a 10
[14/11/2017 20:35:12] /a 2
[14/11/2017 20:35:17] /up
[14/11/2017 20:36:25] /a 10
[14/11/2017 20:36:25] /a 10
[14/11/2017 20:36:26] /a 10
[14/11/2017 20:36:27] /a 10
[14/11/2017 20:36:27] /a 10
[14/11/2017 20:36:29] /a 10
[14/11/2017 20:36:30] /a 10
[14/11/2017 20:36:30] /a 10
[14/11/2017 20:36:31] /a 10
[14/11/2017 20:36:32] /a 10
[14/11/2017 20:36:32] /a 10
[14/11/2017 20:36:33] /a 10
[14/11/2017 20:36:33] /a 10
[14/11/2017 20:36:34] /a 10
[14/11/2017 20:36:34] /a 10
[14/11/2017 20:36:34] /a 10
[14/11/2017 20:36:34] /a 10
[14/11/2017 20:36:35] /a 10
[14/11/2017 20:36:36] /a 10
[14/11/2017 20:36:36] /a 10
[14/11/2017 20:36:36] /a 10
[14/11/2017 20:36:36] /a 10
[14/11/2017 20:36:36] /a 10
[14/11/2017 20:36:37] /a 10
[14/11/2017 20:36:38] /a 10
[14/11/2017 20:36:38] /a 10
[14/11/2017 20:36:38] /a 10
[14/11/2017 20:36:39] /a 10
[14/11/2017 20:36:46] /a 10
[14/11/2017 20:36:46] /a 10
[14/11/2017 20:36:47] /a 10
[14/11/2017 20:36:48] /a 10
[14/11/2017 20:36:48] /a 10
[14/11/2017 20:36:48] /a 10
[14/11/2017 20:36:49] /a 10
[14/11/2017 20:36:51] /a 10
[14/11/2017 20:37:6] /a 10
[14/11/2017 20:37:8] /a 10
[14/11/2017 20:37:9] /a 10
[14/11/2017 20:37:9] /a 10
[14/11/2017 20:37:10] /a 10
[14/11/2017 20:37:11] /a 10
[14/11/2017 20:37:11] /a 10
[14/11/2017 20:37:12] /a 10
[14/11/2017 20:37:13] /a 10
[14/11/2017 20:37:13] /a 10
[14/11/2017 20:37:14] /a 10
[14/11/2017 20:37:14] /a 10
[14/11/2017 20:37:15] /a 10
[14/11/2017 20:37:15] /a 10
[14/11/2017 20:37:15] /a 10
[14/11/2017 20:37:15] /a 10
[14/11/2017 20:37:15] /a 10
[14/11/2017 20:37:15] /a 10
[14/11/2017 20:37:15] /a 10
[14/11/2017 20:37:15] /a 10
[14/11/2017 20:37:15] /a 10
[14/11/2017 20:37:15] /a 10
[14/11/2017 20:37:15] /a 10
[14/11/2017 20:37:15] /a 10
[14/11/2017 20:37:15] /a 10
[14/11/2017 20:37:16] /a 10
[14/11/2017 20:37:16] /a 10
[14/11/2017 20:37:16] /a 10
[14/11/2017 20:37:17] /a 10
[14/11/2017 20:37:17] /a 10
[14/11/2017 20:37:18] /a 10
[14/11/2017 20:37:18] /a 10
[14/11/2017 20:37:18] /a 10
[14/11/2017 20:37:18] /a 10
[14/11/2017 20:37:18] /a 10
[14/11/2017 20:37:19] /a 10
[14/11/2017 20:37:20] /a 10
[14/11/2017 20:37:22] /a 10
[14/11/2017 20:37:23] /a 10
[14/11/2017 20:37:24] /a 10
[14/11/2017 20:37:25] /a 10
[14/11/2017 20:37:45] /a 10
[14/11/2017 20:37:46] /a 10
[14/11/2017 20:37:47] /a 10
[14/11/2017 20:37:47] /a 10
[14/11/2017 20:37:48] /a 10
[14/11/2017 20:37:48] /a 10
[14/11/2017 20:37:49] /a 10
[14/11/2017 20:37:50] /a 10
[14/11/2017 20:37:50] /a 10
[14/11/2017 20:37:51] /a 10
[14/11/2017 20:37:51] /a 10
[14/11/2017 20:37:52] /a 10
[14/11/2017 20:37:52] /a 10
[14/11/2017 20:37:53] /a 10
[14/11/2017 20:37:53] /a 10
[14/11/2017 20:37:53] /a 10
[14/11/2017 20:37:54] /a 10
[14/11/2017 20:37:55] /a 10
[14/11/2017 20:37:55] /a 10
[14/11/2017 20:37:55] /a 10
[14/11/2017 20:37:56] /a 10
[14/11/2017 20:37:56] /a 10
[14/11/2017 20:37:56] /a 10
[14/11/2017 20:37:57] /a 10
[14/11/2017 20:37:57] /a 10
[14/11/2017 20:37:57] /a 10
[14/11/2017 20:37:58] /a 10
[14/11/2017 20:37:58] /a 10
[14/11/2017 20:37:58] /a 10
[14/11/2017 20:37:59] /a 10
[14/11/2017 20:37:59] /a 10
[14/11/2017 20:38:0] /a 10
[14/11/2017 20:38:0] /a 10
[14/11/2017 20:38:0] /a 10
[14/11/2017 20:38:0] /a 10
[14/11/2017 20:38:1] /a 10
[14/11/2017 20:38:3] /a 10
[14/11/2017 20:38:3] /a 10
[14/11/2017 20:38:4] /a 10
[14/11/2017 20:38:5] /a 10
[14/11/2017 20:38:5] /a 10
[14/11/2017 20:38:9] /a 10
[14/11/2017 20:38:9] /a 10
[14/11/2017 20:38:10] /a 10
[14/11/2017 20:38:10] /a 10
[14/11/2017 20:38:10] /a 10
[14/11/2017 20:38:10] /a 10
[14/11/2017 20:38:10] /a 10
[14/11/2017 20:38:11] /a 10
[14/11/2017 20:38:17] /a 10
[14/11/2017 20:38:17] /a 10
[14/11/2017 20:38:17] /a 10
[14/11/2017 20:38:17] /a 10
[14/11/2017 20:38:18] /a 10
[14/11/2017 20:38:18] /a 10
[14/11/2017 20:38:19] /a 10
[14/11/2017 20:38:20] /a 10
[14/11/2017 20:38:24] /a 10
[14/11/2017 20:38:24] /a 10
[14/11/2017 20:38:25] /a 10
[14/11/2017 20:38:29] /a 4
[14/11/2017 20:38:37] /a 10
[14/11/2017 20:38:37] /a 10
[14/11/2017 20:38:37] /a 10
[14/11/2017 20:39:8] /t
[15/11/2017 22:38:33] /mc
[17/11/2017 0:20:56] /a 10
[17/11/2017 0:20:56] /a 10
[17/11/2017 0:20:57] /a 10
[17/11/2017 0:20:57] /a 10
[17/11/2017 0:20:58] /a 10
[17/11/2017 0:20:58] /a 10
[17/11/2017 0:20:59] /a 10
[17/11/2017 0:20:59] /a 10
[17/11/2017 0:20:59] /a 10
[17/11/2017 0:21:0] /a 10
[17/11/2017 0:21:0] /a 10
[17/11/2017 0:21:0] /a 10
[17/11/2017 0:21:0] /a 10
[17/11/2017 0:21:1] /a 10
[17/11/2017 0:21:1] /a 10
[17/11/2017 0:21:1] /a 10
[17/11/2017 0:21:2] /a 10
[17/11/2017 0:21:2] /a 10
[17/11/2017 0:21:2] /a 10
[17/11/2017 0:21:3] /a 10
[17/11/2017 0:21:3] /a 10
[17/11/2017 0:21:4] /a 10
[17/11/2017 0:21:4] /a 10
[17/11/2017 0:21:5] /a 10
[17/11/2017 0:21:5] /a 10
[17/11/2017 0:21:5] /a 10
[17/11/2017 0:21:6] /a 10
[17/11/2017 0:21:7] /a 10
[17/11/2017 0:21:8] /a 10
[17/11/2017 0:21:9] /a 10
[17/11/2017 0:21:9] /a 10
[17/11/2017 0:21:9] /a 10
[17/11/2017 0:21:10] /a 10
[17/11/2017 0:21:10] /a 10
[17/11/2017 0:21:10] /a 10
[17/11/2017 0:21:11] /a 10
[17/11/2017 0:21:12] /a 10
[17/11/2017 0:21:12] /a 10
[17/11/2017 0:21:12] /a 10
[17/11/2017 0:21:12] /a 10
[17/11/2017 0:21:13] /a 10
[17/11/2017 0:21:14] /a 10
[17/11/2017 0:21:14] /a 10
[17/11/2017 0:21:14] /a 10
[17/11/2017 0:21:15] /a 10
[17/11/2017 0:21:15] /a 10
[17/11/2017 0:21:18] /goto shukaku
[17/11/2017 0:21:24] /a 10
[17/11/2017 0:21:24] /a 10
[17/11/2017 0:21:25] /a 10
[17/11/2017 0:21:25] /a 10
[17/11/2017 0:21:25] /a 10
[17/11/2017 0:21:25] /a 10
[17/11/2017 0:21:25] /a 10
[17/11/2017 0:21:25] /a 10
[17/11/2017 0:21:25] /a 10
[17/11/2017 0:21:25] /a 10
[17/11/2017 0:21:25] /a 10
[17/11/2017 0:21:25] /a 10
[17/11/2017 0:21:25] /a 10
[17/11/2017 0:21:26] /a 10
[17/11/2017 0:21:26] /a 10
[17/11/2017 0:21:27] /a 10
[17/11/2017 0:21:28] /a 10
[17/11/2017 0:21:28] /a 10
[17/11/2017 0:21:28] /a 10
[17/11/2017 0:21:28] /a 10
[17/11/2017 0:21:28] /a 10
[17/11/2017 0:21:28] /a 10
[17/11/2017 0:21:28] /a 10
[17/11/2017 0:21:28] /a 10
[17/11/2017 0:21:28] /a 10
[17/11/2017 0:21:28] /a 10
[17/11/2017 0:21:28] /a 10
[17/11/2017 0:21:28] /a 10
[17/11/2017 0:21:28] /a 10
[17/11/2017 0:21:30] /a 10
[17/11/2017 0:21:30] /a 10
[17/11/2017 0:21:30] /a 10
[17/11/2017 0:21:31] /a 10
[17/11/2017 0:21:31] /a 10
[17/11/2017 0:21:31] /a 10
[17/11/2017 0:21:32] /a 10
[17/11/2017 0:21:32] /a 10
[17/11/2017 0:21:32] /a 10
[17/11/2017 0:21:32] /a 10
[17/11/2017 0:21:32] /a 10
[17/11/2017 0:21:32] /a 10
[17/11/2017 0:21:32] /a 10
[17/11/2017 0:21:32] /a 10
[17/11/2017 0:21:32] /a 10
[17/11/2017 0:21:32] /a 10
[17/11/2017 0:21:32] /a 10
[17/11/2017 0:21:32] /a 10
[17/11/2017 0:21:32] /a 10
[17/11/2017 0:21:33] /a 10
[17/11/2017 0:21:34] /a 10
[17/11/2017 0:21:34] /a 10
[17/11/2017 0:21:35] /a 10
[17/11/2017 0:21:35] /a 10
[17/11/2017 0:21:35] /a 10
[17/11/2017 0:21:35] /a 10
[17/11/2017 0:21:35] /a 10
[17/11/2017 0:21:35] /a 10
[17/11/2017 0:21:35] /a 10
[17/11/2017 0:21:35] /a 10
[17/11/2017 0:21:35] /a 10
[17/11/2017 0:21:35] /a 10
[17/11/2017 0:21:35] /a 10
[17/11/2017 0:21:35] /a 10
[17/11/2017 0:21:35] /a 10
[17/11/2017 0:21:35] /a 10
[17/11/2017 0:21:36] /a 10
[17/11/2017 0:21:37] /a 10
[17/11/2017 0:21:37] /a 10
[17/11/2017 0:21:37] /a 10
[17/11/2017 0:21:38] /a 10
[17/11/2017 0:21:38] /a 10
[17/11/2017 0:21:39] /a 10
[17/11/2017 0:21:40] /a 10
[17/11/2017 0:21:41] /a 10
[17/11/2017 0:21:42] /a 10
[17/11/2017 0:21:42] /a 10
[17/11/2017 0:21:43] /a 10
[17/11/2017 0:21:43] /a 10
[17/11/2017 0:21:44] /a 10
[17/11/2017 0:21:44] /a 10
[17/11/2017 0:21:44] /a 10
[17/11/2017 0:21:45] /a 10
[17/11/2017 0:21:45] /a 10
[17/11/2017 0:21:45] /a 10
[17/11/2017 0:21:46] /a 10
[17/11/2017 0:21:46] /a 10
[17/11/2017 0:21:47] /a 10
[17/11/2017 0:21:47] /a 10
[17/11/2017 0:21:47] /a 10
[17/11/2017 0:21:47] /a 10
[17/11/2017 0:21:47] /a 10
[17/11/2017 0:21:48] /a 10
[17/11/2017 0:21:48] /a 10
[17/11/2017 0:21:48] /a 10
[17/11/2017 0:21:48] /a 10
[17/11/2017 0:21:48] /a 10
[17/11/2017 0:21:48] /a 10
[17/11/2017 0:21:48] /a 10
[17/11/2017 0:21:48] /a 10
[17/11/2017 0:21:48] /a 10
[17/11/2017 0:21:49] /a 10
[17/11/2017 0:21:49] /a 10
[17/11/2017 0:21:49] /a 10
[17/11/2017 0:21:49] /a 10
[17/11/2017 0:21:49] /a 10
[17/11/2017 0:21:49] /a 10
[17/11/2017 0:21:49] /a 10
[17/11/2017 0:21:49] /a 10
[17/11/2017 0:21:49] /a 10
[17/11/2017 0:21:49] /a 10
[17/11/2017 0:21:49] /a 10
[17/11/2017 0:21:49] /a 10
[17/11/2017 0:21:49] /a 10
[17/11/2017 0:21:49] /a 10
[17/11/2017 0:21:49] /a 10
[17/11/2017 0:21:49] /a 10
[17/11/2017 0:21:49] /a 10
[17/11/2017 0:21:49] /a 10
[17/11/2017 0:21:49] /a 10
[17/11/2017 0:21:49] /a 10
[17/11/2017 0:21:50] /a 10
[17/11/2017 0:21:51] /a 10
[17/11/2017 0:21:51] /a 10
[17/11/2017 0:21:52] /a 10
[17/11/2017 0:21:52] /a 10
[17/11/2017 0:21:52] /a 10
[17/11/2017 0:21:52] /a 10
[17/11/2017 0:21:52] /a 10
[17/11/2017 0:21:52] /a 10
[17/11/2017 0:21:52] /a 10
[17/11/2017 0:21:52] /a 10
[17/11/2017 0:21:52] /a 10
[17/11/2017 0:21:52] /a 10
[17/11/2017 0:21:52] /a 10
[17/11/2017 0:21:52] /a 10
[17/11/2017 0:21:52] /a 10
[17/11/2017 0:21:52] /a 10
[17/11/2017 0:21:52] /a 10
[17/11/2017 0:21:52] /a 10
[17/11/2017 0:21:52] /a 10
[17/11/2017 0:21:52] /a 10
[17/11/2017 0:21:52] /a 10
[17/11/2017 0:21:52] /a 10
[17/11/2017 0:21:52] /a 10
[17/11/2017 0:21:52] /a 10
[17/11/2017 0:21:52] /a 10
[17/11/2017 0:21:53] /a 10
[17/11/2017 0:21:53] /a 10
[17/11/2017 0:21:53] /a 10
[17/11/2017 0:21:54] /a 10
[17/11/2017 0:21:54] /a 10
[17/11/2017 0:21:54] /a 10
[17/11/2017 0:21:54] /a 10
[17/11/2017 0:21:54] /a 10
[17/11/2017 0:21:54] /a 10
[17/11/2017 0:21:54] /a 10
[17/11/2017 0:21:55] /a 10
[17/11/2017 0:21:55] /a 10
[17/11/2017 0:21:56] /a 10
[17/11/2017 0:21:56] /a 10
[17/11/2017 0:21:56] /a 10
[17/11/2017 0:21:57] /a 10
[17/11/2017 0:21:57] /a 10
[17/11/2017 0:21:57] /a 10
[17/11/2017 0:21:57] /a 10
[17/11/2017 0:21:58] /a 10
[17/11/2017 0:21:58] /a 10
[17/11/2017 0:21:58] /a 10
[17/11/2017 0:21:58] /a 10
[17/11/2017 0:22:0] /a 10
[17/11/2017 0:22:0] /a 10
[17/11/2017 0:22:0] /a 10
[17/11/2017 0:22:1] /a 10
[17/11/2017 0:22:2] /a 10
[17/11/2017 0:22:2] /a 10
[17/11/2017 0:22:2] /a 10
[17/11/2017 0:22:2] /a 10
[17/11/2017 0:22:3] /a 10
[17/11/2017 0:22:3] /a 10
[17/11/2017 0:22:3] /a 10
[17/11/2017 0:22:5] /t
[17/11/2017 0:23:20] /ghost
[17/11/2017 0:26:5] /goto max
[17/11/2017 0:26:10] /goto max
[17/11/2017 0:26:15] /goto sakura
[17/11/2017 0:26:16] /goto sakura
[17/11/2017 0:26:17] /t
[17/11/2017 0:26:19] /down
[17/11/2017 0:26:20] /down
[17/11/2017 0:26:22] /a 10
[17/11/2017 0:26:22] /a 10
[17/11/2017 0:26:22] /a 10
[17/11/2017 0:26:23] /a 10
[17/11/2017 0:26:23] /a 10
[17/11/2017 0:26:24] /a 10
[17/11/2017 0:26:24] /a 10
[17/11/2017 0:26:25] /a 10
[17/11/2017 0:26:26] /a 10
[17/11/2017 0:26:26] /a 10
[17/11/2017 0:26:26] /a 10
[17/11/2017 0:26:27] /a 10
[17/11/2017 0:26:27] /a 10
[17/11/2017 0:26:28] /a 10
[17/11/2017 0:26:28] /a 10
[17/11/2017 0:26:29] /a 10
[17/11/2017 0:26:29] /a 10
[17/11/2017 0:26:29] /a 10
[17/11/2017 0:26:29] /a 10
[17/11/2017 0:26:29] /a 10
[17/11/2017 0:26:29] /a 10
[17/11/2017 0:26:29] /a 10
[17/11/2017 0:26:29] /a 10
[17/11/2017 0:26:30] /a 10
[17/11/2017 0:26:31] /a 10
[17/11/2017 0:26:32] /a 10
[17/11/2017 0:26:32] /a 10
[17/11/2017 0:26:32] /a 10
[17/11/2017 0:26:32] /a 10
[17/11/2017 0:26:34] /a 10
[17/11/2017 0:26:41] /c Madaraal
[17/11/2017 0:26:53] /t
[17/11/2017 0:26:54] /ghost
[17/11/2017 21:51:29] /up
[17/11/2017 21:51:30] /up
[17/11/2017 22:7:55] /ghost
[17/11/2017 22:8:11] /ghost
[17/11/2017 22:8:24] /ghost
[17/11/2017 22:8:35] /down
[17/11/2017 22:8:36] /down
[17/11/2017 22:8:37] /a 10
[17/11/2017 22:8:37] /a 10
[17/11/2017 22:8:38] /a 10
[17/11/2017 22:8:38] /a 10
[17/11/2017 22:8:39] /a 10
[17/11/2017 22:8:43] /c Xralchemist
[17/11/2017 22:10:20] /a 2
[17/11/2017 22:10:26] /a 1
[17/11/2017 22:12:58] /a 3
[17/11/2017 22:13:3] /c Xralchemist
[17/11/2017 22:13:5] /m wolf
[17/11/2017 22:18:43] /m wolf
[17/11/2017 22:18:44] /m wolf
[17/11/2017 22:18:44] /m wolf
[17/11/2017 22:18:45] /m wolf
[17/11/2017 22:18:45] /m wolf
[17/11/2017 22:19:6] /a 2
[17/11/2017 22:19:6] /a 2
[17/11/2017 22:19:7] /a 2
[17/11/2017 22:19:7] /a 2
[17/11/2017 22:19:7] /a 2
[17/11/2017 22:19:8] /a 2
[17/11/2017 22:19:8] /a 2
[17/11/2017 22:19:8] /a 2
[17/11/2017 22:19:8] /a 2
[17/11/2017 22:19:9] /a 2
[17/11/2017 22:19:9] /a 2
[17/11/2017 22:19:12] /a 2
[17/11/2017 22:19:13] /a 2
[17/11/2017 22:19:13] /a 2
[17/11/2017 22:19:14] /a 2
[17/11/2017 22:19:14] /a 2
[17/11/2017 22:19:14] /a 2
[17/11/2017 22:19:36] /a 2
[17/11/2017 22:19:36] /c xralchemist
[17/11/2017 22:19:37] /a 2
[17/11/2017 22:19:37] /c xralchemist
[17/11/2017 22:19:37] /a 2
[17/11/2017 22:19:37] /c xralchemist
[17/11/2017 22:19:37] /a 2
[17/11/2017 22:19:37] /c xralchemist
[17/11/2017 22:19:37] /a 2
[17/11/2017 22:19:37] /c xralchemist
[17/11/2017 22:19:38] /a 2
[17/11/2017 22:19:38] /c xralchemist
[17/11/2017 22:19:39] /c xralchemist
[17/11/2017 22:19:39] /a 2
[17/11/2017 22:19:39] /c xralchemist
[17/11/2017 22:19:39] /a 2
[17/11/2017 22:19:39] /c xralchemist
[17/11/2017 22:19:39] /a 2
[17/11/2017 22:19:39] /c xralchemist
[17/11/2017 22:19:39] /a 2
[17/11/2017 22:19:39] /c xralchemist
[17/11/2017 22:19:40] /a 2
[17/11/2017 22:19:40] /c xralchemist
[17/11/2017 22:19:40] /a 2
[17/11/2017 22:19:40] /c xralchemist
[17/11/2017 22:19:40] /a 2
[17/11/2017 22:19:40] /c xralchemist
[17/11/2017 22:19:43] /a 2
[17/11/2017 22:19:43] /a 2
[17/11/2017 22:19:43] /a 2
[17/11/2017 22:19:43] /a 2
[17/11/2017 22:19:43] /a 2
[17/11/2017 22:19:43] /a 2
[17/11/2017 22:19:43] /a 2
[17/11/2017 22:19:43] /a 2
[17/11/2017 22:19:43] /a 2
[17/11/2017 22:19:43] /a 2
[17/11/2017 22:19:43] /a 2
[17/11/2017 22:19:43] /a 2
[17/11/2017 22:19:43] /a 2
[17/11/2017 22:19:44] /a 2
[17/11/2017 22:19:44] /a 2
[17/11/2017 22:19:44] /a 2
[17/11/2017 22:19:44] /a 2
[17/11/2017 22:19:44] /a 2
[17/11/2017 22:19:44] /a 2
[17/11/2017 22:19:44] /a 2
[17/11/2017 22:19:44] /a 2
[17/11/2017 22:19:44] /a 2
[17/11/2017 22:19:44] /a 2
[17/11/2017 22:19:44] /a 2
[17/11/2017 22:19:44] /a 2
[17/11/2017 22:19:44] /c xralchemist
[17/11/2017 22:20:15] /a 3
[17/11/2017 22:20:23] /c xralchemist
[17/11/2017 22:20:40] /attr group 6
[17/11/2017 22:20:41] /r
[17/11/2017 22:23:43] /a 5
[17/11/2017 22:24:17] /a 10
[17/11/2017 22:24:26] /a 10
[17/11/2017 22:24:27] /a 10
[17/11/2017 22:24:27] /a 10
[17/11/2017 22:24:28] /a 10
[17/11/2017 22:24:28] /a 10
[17/11/2017 22:24:30] /a 10
[17/11/2017 22:24:30] /a 10
[17/11/2017 22:24:31] /a 10
[17/11/2017 22:24:32] /a 10
[17/11/2017 22:24:32] /a 10
[17/11/2017 22:24:32] /a 10
[17/11/2017 22:24:34] /c xralchemist
[17/11/2017 22:27:20] /goto xralchemist
[17/11/2017 22:27:24] /goto xralchemist
[17/11/2017 22:27:27] /goto xralchemist
[17/11/2017 22:28:1] /goto [GM] Viper.
[17/11/2017 22:28:20] /goto xralchemist
[17/11/2017 22:30:15] /goto [gm] viper.
[17/11/2017 22:32:23] /a 10
[17/11/2017 22:32:23] /a 10
[17/11/2017 22:32:24] /a 10
[17/11/2017 22:32:24] /a 10
[17/11/2017 22:32:24] /a 10
[17/11/2017 22:32:24] /a 10
[17/11/2017 22:32:24] /a 10
[17/11/2017 22:32:24] /a 10
[17/11/2017 22:32:24] /a 10
[17/11/2017 22:35:5] /ghost
[17/11/2017 22:38:2] /t
[17/11/2017 22:40:44] /ghost
[17/11/2017 22:43:42] /ghost
[17/11/2017 22:43:52] /attr group 0
[17/11/2017 22:43:53] /r
[17/11/2017 22:44:16] /a 50
[17/11/2017 22:44:23] /c Xralchemist
[17/11/2017 22:44:26] /ghost
[17/11/2017 22:44:29] /attr group 6
[17/11/2017 22:44:30] /r
[17/11/2017 22:44:54] /attr group 0
[17/11/2017 22:44:57] /r
[17/11/2017 22:47:37] /ghost
[17/11/2017 22:47:38] /ghost
[17/11/2017 22:47:55] /i 2701
[17/11/2017 22:47:56] /i 2701
[17/11/2017 22:47:56] /i 2701
[17/11/2017 22:47:57] /i 2701
[17/11/2017 22:47:58] /i 2701
[17/11/2017 22:47:59] /i 2701
[17/11/2017 22:48:33] /r
[17/11/2017 22:48:35] /r
[17/11/2017 22:48:36] /r
[17/11/2017 22:48:37] /r
[17/11/2017 22:48:38] /r
[17/11/2017 22:48:39] /r
[17/11/2017 23:8:29] /t Xralchemist
[17/11/2017 23:8:31] /ghost
[17/11/2017 23:8:31] /t
[19/11/2017 18:38:30] /t
[20/11/2017 22:47:56] /a 10
[20/11/2017 22:48:2] /a 2
[20/11/2017 22:48:6] /up
[20/11/2017 22:48:9] /up
[20/11/2017 22:48:11] /a 10
[20/11/2017 22:48:11] /a 10
[20/11/2017 22:48:11] /a 10
[20/11/2017 22:48:12] /a 10
[20/11/2017 22:48:13] /a 10
[20/11/2017 22:48:24] /a 10
[20/11/2017 22:48:25] /a 10
[20/11/2017 22:48:25] /a 10
[20/11/2017 22:48:25] /a 10
[20/11/2017 22:48:27] /a 10
[20/11/2017 22:48:27] /a 10
[20/11/2017 22:48:28] /a 10
[20/11/2017 22:48:28] /a 10
[20/11/2017 22:48:29] /a 10
[20/11/2017 22:48:30] /a 10
[20/11/2017 22:48:30] /a 10
[20/11/2017 22:48:34] /a 10
[20/11/2017 22:48:35] /a 10
[20/11/2017 22:48:36] /a 10
[20/11/2017 22:48:37] /a 10
[20/11/2017 22:48:38] /a 10
[20/11/2017 22:48:40] /a 10
[20/11/2017 22:48:40] /a 10
[20/11/2017 22:48:40] /a 10
[20/11/2017 22:48:40] /a 10
[20/11/2017 22:48:41] /a 10
[20/11/2017 22:48:42] /a 10
[20/11/2017 22:48:43] /a 10
[20/11/2017 22:48:44] /a 10
[20/11/2017 22:48:45] /a 10
[20/11/2017 22:49:21] /a 10
[20/11/2017 22:49:22] /a 10
[20/11/2017 22:49:22] /a 10
[20/11/2017 22:49:23] /a 10
[20/11/2017 22:49:23] /a 10
[20/11/2017 22:49:23] /a 10
[20/11/2017 22:49:24] /a 10
[20/11/2017 22:49:25] /a 10
[20/11/2017 22:49:28] /a 2
[20/11/2017 22:49:30] /t
[20/11/2017 22:50:1] /mc
[20/11/2017 22:50:34] /goto [ADM] Nii.
[20/11/2017 22:51:22] /t
[21/11/2017 13:7:37] /t
[21/11/2017 18:36:2] /goto Yellow Namiikaze
[21/11/2017 18:36:5] /goto Yellow Namiikaze
[21/11/2017 18:36:6] /goto Yellow Namiikaze
[21/11/2017 18:36:11] /goto Merchant 
[21/11/2017 18:36:15] /t
[21/11/2017 18:36:27] /a 10
[21/11/2017 18:36:28] /a 10
[21/11/2017 18:36:28] /a 10
[21/11/2017 18:36:32] /a 50
[21/11/2017 18:36:36] /a 50
[21/11/2017 19:59:56] /mc
[22/11/2017 22:41:23] /t
[22/11/2017 22:41:30] /ghost
[22/11/2017 22:41:36] /b ta todo mundo preso ??
[22/11/2017 22:41:46] /a 2
[22/11/2017 22:41:59] /r
[22/11/2017 22:42:5] /b <<<
[22/11/2017 22:42:10] /b <<< portal aberto
[22/11/2017 22:42:24] /a 2
[22/11/2017 22:42:43] /i 2731
[22/11/2017 22:43:10] /ghost
[22/11/2017 22:44:30] /a 2
[26/11/2017 14:36:1] /goto JaOViTToR
[26/11/2017 14:37:3] /goto Deft
[26/11/2017 14:37:52] /i hanzou helmet
[26/11/2017 14:38:19] /i hashirama boots
[26/11/2017 14:38:42] /i hashirama legs
[26/11/2017 14:39:7] /i hashirama armor
[26/11/2017 14:40:35] /i bashousen
[26/11/2017 14:41:35] /t
[26/11/2017 14:57:22] /t
[26/11/2017 15:0:12] /t Caolho
[26/11/2017 15:2:10] /i obito mask
[26/11/2017 15:2:56] /i madara armor
[26/11/2017 15:3:1] /i madara legs
[26/11/2017 15:3:21] /i madara boots
[26/11/2017 15:5:24] /i sasuke sword 
[26/11/2017 15:5:34] /i pergaminho stamina
[26/11/2017 15:6:36] /i madara boots
[26/11/2017 15:6:39] /i madara legs
[26/11/2017 15:6:43] /i madara armor
[26/11/2017 15:6:59] /i obito mask
[26/11/2017 15:7:30] /i enma staff
[26/11/2017 15:7:49] /t
[26/11/2017 15:9:32] /i bashousen
[26/11/2017 15:16:44] /i madara glove
[26/11/2017 15:20:2] /i obito legs
[26/11/2017 15:20:43] /i hashirama armor
[26/11/2017 15:21:36] /i hashirama legs
[26/11/2017 15:23:0] /i obito boots
[26/11/2017 15:23:27] /i hashirama boots
[26/11/2017 15:25:17] /i hanzou helmet
[26/11/2017 15:26:55] /r all
[26/11/2017 15:27:3] /i madara legs
[27/11/2017 8:2:32] /goto Morniingstar
[27/11/2017 8:2:38] /i pergaminho stamina 
[27/11/2017 8:2:39] /i pergaminho stamina 
[27/11/2017 8:2:40] /i pergaminho stamina 
[27/11/2017 8:2:42] /goto Morniingstar
[27/11/2017 8:2:53] /goto Morniingstar
[27/11/2017 8:3:6] /goto Morniingstar
[27/11/2017 8:3:8] /i pergaminho stamina 
[27/11/2017 8:3:8] /i pergaminho stamina 
[27/11/2017 8:3:9] /i pergaminho stamina 
[27/11/2017 8:3:9] /i pergaminho stamina 
[27/11/2017 8:3:18] /t
[27/11/2017 8:4:16] /i obito mask
[27/11/2017 8:4:21] /i madara armor
[27/11/2017 8:4:25] /i madara leegs
[27/11/2017 8:4:27] /i madara legs
[27/11/2017 8:4:31] /i madara boots
[27/11/2017 8:4:54] /i gold bar
[27/11/2017 8:4:55] /i gold bar
[27/11/2017 8:4:55] /i gold bar
[27/11/2017 8:4:55] /i gold bar
[27/11/2017 8:4:55] /i gold bar
[27/11/2017 8:4:55] /i gold bar
[27/11/2017 8:4:55] /i gold bar
[27/11/2017 8:4:55] /i gold bar
[27/11/2017 8:4:55] /i gold bar
[27/11/2017 8:4:55] /i gold bar
[27/11/2017 8:4:55] /i gold bar
[27/11/2017 8:4:55] /i gold bar
[27/11/2017 8:4:55] /i gold bar
[27/11/2017 8:4:55] /i gold bar
[27/11/2017 8:4:55] /i gold bar
[27/11/2017 8:4:55] /i gold bar
[27/11/2017 8:4:55] /i gold bar
[27/11/2017 8:4:56] /i gold bar
[27/11/2017 8:4:56] /i gold bar
[27/11/2017 8:4:56] /i gold bar
[27/11/2017 8:4:56] /i gold bar
[27/11/2017 8:4:56] /i gold bar
[27/11/2017 8:4:56] /i gold bar
[27/11/2017 8:4:56] /i gold bar
[27/11/2017 8:4:56] /i gold bar
[27/11/2017 8:4:56] /i gold bar
[27/11/2017 8:4:56] /i gold bar
[27/11/2017 8:4:56] /i gold bar
[27/11/2017 8:4:56] /i gold bar
[27/11/2017 8:4:56] /i gold bar
[27/11/2017 8:4:56] /i gold bar
[27/11/2017 8:4:56] /i gold bar
[27/11/2017 8:4:56] /i gold bar
[27/11/2017 8:4:56] /i gold bar
[27/11/2017 8:4:56] /i gold bar
[27/11/2017 8:4:56] /i gold bar
[27/11/2017 8:4:56] /i gold bar
[27/11/2017 8:4:56] /i gold bar
[27/11/2017 8:4:56] /i gold bar
[27/11/2017 8:5:9] /i enma staff
[27/11/2017 8:7:31] /addskill Yellow Fllash, fist, 10
[27/11/2017 8:7:33] /addskill Yellow Fllash, fist, 10
[27/11/2017 8:7:33] /addskill Yellow Fllash, fist, 10
[27/11/2017 8:7:34] /addskill Yellow Fllash, fist, 10
[27/11/2017 8:7:35] /addskill Yellow Fllash, fist, 10
[27/11/2017 8:7:36] /addskill Yellow Fllash, fist, 10
[27/11/2017 8:7:46] /addskill Yellow Fllash, fist, 10
[27/11/2017 8:7:47] /addskill Yellow Fllash, fist, 10
[27/11/2017 8:7:49] /addskill Yellow Fllash, fist, 10
[27/11/2017 8:8:4] /addskill Yellow Fllash, sword, 10
[27/11/2017 8:8:7] /addskill Yellow Fllash, sword, 10
[27/11/2017 8:8:23] /i pergaminho stamina 
[27/11/2017 8:8:24] /i pergaminho stamina 
[27/11/2017 8:8:25] /i pergaminho stamina 
[27/11/2017 8:8:25] /i pergaminho stamina 
[27/11/2017 8:8:25] /i pergaminho stamina 
[27/11/2017 8:8:26] /i pergaminho stamina 
[27/11/2017 8:8:37] /t
[28/11/2017 19:47:30] /mc
[28/11/2017 19:56:44] /a 2
[28/11/2017 20:53:57] /t
[28/11/2017 20:54:5] /down
[28/11/2017 20:54:6] /down
[28/11/2017 23:27:51] /a 100
[28/11/2017 23:27:55] /a 50
[28/11/2017 23:30:52] /i 1999
[28/11/2017 23:30:59] /i madara armor
[28/11/2017 23:31:3] /i madara legs
[28/11/2017 23:31:11] /i madara boots
[28/11/2017 23:31:32] /i enma staff
[28/11/2017 23:32:3] /goto Abelinha Voadora
[28/11/2017 23:32:27] /c Abelinha Voadora
[28/11/2017 23:32:36] /t Abelinha Voadora
[28/11/2017 23:32:37] /t
[29/11/2017 13:26:22] /i madara armor
[29/11/2017 13:26:25] /i madara legs
[29/11/2017 13:26:27] /i madara boots
[29/11/2017 13:26:38] /i madara glove 
[29/11/2017 13:26:44] /i obito mask
[29/11/2017 13:26:50] /i 1999
[29/11/2017 13:27:6] /goto Healler From Hell
[29/11/2017 13:27:26] /goto Abelinha Voadora
[29/11/2017 13:27:40] /t
[29/11/2017 13:29:24] /goto Abelinha Voadora
[29/11/2017 13:29:31] /i enma staff
[29/11/2017 13:29:33] /r
[29/11/2017 13:29:38] /t
[29/11/2017 14:17:16] /addskill Demon Crowley, fist, 10
[29/11/2017 14:17:19] /addskill Demon Crowley, fist, 10
[29/11/2017 14:17:21] /addskill Demon Crowley, fist, 10
[29/11/2017 14:17:23] /addskill Demon Crowley, fist, 10
[29/11/2017 14:17:29] /addskill Demon Crowley, fist, 1
[29/11/2017 14:19:2] /goto Demon Crowley
[29/11/2017 14:19:10] /i 1999
[29/11/2017 14:19:15] /i gold bar
[29/11/2017 14:19:16] /i gold bar
[29/11/2017 14:19:16] /i gold bar
[29/11/2017 14:19:16] /i gold bar
[29/11/2017 14:19:17] /i gold bar
[29/11/2017 14:19:17] /i gold bar
[29/11/2017 14:19:17] /i gold bar
[29/11/2017 14:19:18] /i gold bar
[29/11/2017 14:19:18] /i gold bar
[29/11/2017 14:19:18] /i gold bar
[29/11/2017 14:19:19] /i gold bar
[29/11/2017 14:19:24] /i gold bar
[29/11/2017 14:19:24] /i gold bar
[29/11/2017 14:19:25] /i gold bar
[29/11/2017 14:19:25] /i gold bar
[29/11/2017 14:19:25] /i gold bar
[29/11/2017 14:19:26] /i gold bar
[29/11/2017 14:19:31] /goto Demon Crowley
[29/11/2017 14:19:40] /t
[29/11/2017 14:20:4] /addskill Demon Crowley, distance, 10
[29/11/2017 14:20:6] /addskill Demon Crowley, distance, 10
[29/11/2017 14:20:6] /addskill Demon Crowley, distance, 10
[29/11/2017 14:20:7] /addskill Demon Crowley, distance, 10
[29/11/2017 14:20:10] /addskill Demon Crowley, distance, 10
[29/11/2017 14:20:12] /addskill Demon Crowley, distance, 10
[29/11/2017 14:20:12] /addskill Demon Crowley, distance, 10
[29/11/2017 14:20:16] /addskill Demon Crowley, distance, 10
[29/11/2017 20:20:48] /ban Yellow Yondaime
[29/11/2017 20:24:45] /i 1999
[29/11/2017 20:24:48] /i madara armor
[29/11/2017 20:24:51] /i madara legs
[29/11/2017 20:24:54] /i madara boots
[29/11/2017 20:25:0] /i madara glove
[29/11/2017 20:25:6] /i obito mask
[29/11/2017 20:35:23] /i bashousen
[29/11/2017 20:36:36] /i akatsuki ring
[29/11/2017 20:37:42] /i pergaminho stamina
[29/11/2017 20:37:43] /i pergaminho stamina
[29/11/2017 20:37:44] /i pergaminho stamina
[29/11/2017 20:37:45] /i pergaminho stamina
[30/11/2017 1:5:22] /ghost
[30/11/2017 1:6:18] /ghost
[30/11/2017 13:18:15] /i madara armor
[30/11/2017 13:18:17] /i madara legs
[30/11/2017 13:18:20] /i madara boots
[30/11/2017 13:18:24] /i obito mask
[30/11/2017 13:18:28] /i bashousen
[30/11/2017 13:26:5] /i bashousen
[30/11/2017 13:26:31] /i Minato coat
[30/11/2017 13:26:41] /i youndaime coat
[30/11/2017 13:26:48] /i madara boots
[30/11/2017 13:28:16] /r
[30/11/2017 13:28:18] /r
[30/11/2017 13:39:35] /t Deft
[30/11/2017 13:42:3] /i bashousen
[30/11/2017 13:42:7] /i 1999
[30/11/2017 13:42:13] /i hashirama armor
[30/11/2017 13:42:16] /i hashirama legs
[30/11/2017 13:42:18] /i hashirama boots
[30/11/2017 13:42:25] /i hanzou helmet
[30/11/2017 13:45:57] /i 1999
[30/11/2017 13:46:0] /i madara armor
[30/11/2017 13:46:2] /i madara legs
[30/11/2017 13:46:5] /i madara boots
[30/11/2017 13:46:13] /i madara glove
[30/11/2017 13:46:19] /i enma staff
[30/11/2017 13:46:25] /i obito mask
[30/11/2017 13:47:6] /c Deft
[30/11/2017 13:50:0] /i 1999
[30/11/2017 13:50:7] /i hashirama armor
[30/11/2017 13:50:13] /i hashirama legs
[30/11/2017 13:50:15] /i hashirama boots
[30/11/2017 13:50:23] /i hanzou helmet
[30/11/2017 16:4:56] /t Deft
[30/11/2017 16:5:30] /i  Hashirama armor
[30/11/2017 16:5:33] /i  Hashirama legs
[30/11/2017 16:5:35] /i  Hashirama boots
[30/11/2017 16:5:42] /i  Hanzou helmet
[30/11/2017 16:5:57] /i enma staff
[30/11/2017 16:6:3] /i bashousen
[30/11/2017 16:6:12] /i pergaminho stamina
[30/11/2017 16:6:13] /i pergaminho stamina
[30/11/2017 16:6:14] /i pergaminho stamina
[30/11/2017 16:6:14] /i pergaminho stamina
[30/11/2017 16:6:14] /i pergaminho stamina
[30/11/2017 16:6:15] /i pergaminho stamina
[30/11/2017 16:6:15] /i pergaminho stamina
[30/11/2017 16:6:16] /i pergaminho stamina
[30/11/2017 16:6:16] /i pergaminho stamina
[30/11/2017 16:7:34] /i 1999
[30/11/2017 16:10:15] /r all
[30/11/2017 19:45:58] /i hashirama amor
[30/11/2017 19:46:3] /i 1999
[30/11/2017 19:46:12] /i hashirama armor
[30/11/2017 19:46:16] /i hashirama legs
[30/11/2017 19:46:18] /i hashirama boots
[30/11/2017 19:46:23] /i hanzou helmet
[30/11/2017 19:48:3] /i enma staff
[30/11/2017 23:19:31] /t
[30/11/2017 23:20:4] /ghost
[30/11/2017 23:20:51] /ghost
[1/12/2017 7:22:3] /t Tiu San Socorro
[1/12/2017 7:22:24] /addskill Tiu San Socorro, fist, 50
[1/12/2017 7:22:26] /addskill Tiu San Socorro, fist, 50
[1/12/2017 7:22:28] /addskill Tiu San Socorro, fist, 50
[1/12/2017 7:22:32] /addskill Tiu San Socorro, fist, 1
[1/12/2017 7:22:34] /addskill Tiu San Socorro, fist, 1
[1/12/2017 7:22:34] /addskill Tiu San Socorro, fist, 1
[1/12/2017 7:22:35] /addskill Tiu San Socorro, fist, 1
[1/12/2017 7:22:36] /addskill Tiu San Socorro, fist, 1
[1/12/2017 7:22:36] /addskill Tiu San Socorro, fist, 1
[1/12/2017 7:22:51] /addskill Tiu San Socorro, fist, 1
[1/12/2017 7:22:52] /addskill Tiu San Socorro, fist, 1
[1/12/2017 7:23:6] /addskill Tiu San Socorro, magic, 50
[1/12/2017 7:23:8] /addskill Tiu San Socorro, magic, 50
[1/12/2017 7:23:10] /addskill Tiu San Socorro, magic, 50
[1/12/2017 7:23:11] /addskill Tiu San Socorro, magic, 50
[1/12/2017 7:23:13] /addskill Tiu San Socorro, magic, 50
[1/12/2017 7:23:15] /addskill Tiu San Socorro, magic, 50
[1/12/2017 7:23:30] /addskill Tiu San Socorro, magic, 5
[1/12/2017 7:23:31] /addskill Tiu San Socorro, magic, 5
[1/12/2017 7:23:33] /addskill Tiu San Socorro, magic, 5
[1/12/2017 7:23:34] /addskill Tiu San Socorro, magic, 5
[1/12/2017 7:23:36] /addskill Tiu San Socorro, magic, 5
[1/12/2017 7:23:37] /addskill Tiu San Socorro, magic, 5
[1/12/2017 7:23:48] /addskill Tiu San Socorro, magic, 5
[1/12/2017 7:23:50] /addskill Tiu San Socorro, magic, 5
[1/12/2017 7:23:52] /addskill Tiu San Socorro, magic, 5
[1/12/2017 7:23:55] /addskill Tiu San Socorro, magic, 5
[1/12/2017 7:23:56] /addskill Tiu San Socorro, magic, 5
[1/12/2017 7:23:58] /addskill Tiu San Socorro, magic, 5
[1/12/2017 7:25:0] /i 1999
[1/12/2017 7:25:5] /i hanzou helmet
[1/12/2017 7:25:12] /i hashirama armor
[1/12/2017 7:25:14] /i hashirama legs
[1/12/2017 7:25:16] /i hashirama boots
[1/12/2017 7:25:26] /i explosion kunai
[1/12/2017 7:25:41] /i kunai explosion
[1/12/2017 7:25:46] /i bashousen
[1/12/2017 7:25:54] /i enma staff
[1/12/2017 7:26:1] /i gold bar
[1/12/2017 7:27:49] /goto Tiu San Socorro
[1/12/2017 7:28:23] /i gold bar
[1/12/2017 7:28:24] /i gold bar
[1/12/2017 7:28:25] /i gold bar
[1/12/2017 7:28:31] /i 1999
[1/12/2017 7:28:33] /i gold bar
[1/12/2017 7:28:34] /i gold bar
[1/12/2017 7:28:34] /i gold bar
[1/12/2017 7:28:34] /i gold bar
[1/12/2017 7:28:35] /i gold bar
[1/12/2017 7:28:35] /i gold bar
[1/12/2017 7:28:36] /i gold bar
[1/12/2017 7:28:36] /i gold bar
[1/12/2017 7:28:36] /i gold bar
[1/12/2017 7:28:42] /i gold bar
[1/12/2017 7:28:43] /i gold bar
[1/12/2017 7:28:44] /i gold bar
[1/12/2017 7:28:44] /i gold bar
[1/12/2017 7:28:45] /i gold bar
[1/12/2017 7:28:45] /i gold bar
[1/12/2017 7:28:46] /i gold bar
[1/12/2017 7:28:47] /i gold bar
[1/12/2017 7:29:12] /addskill Tiu San Socorro, defense, 50
[1/12/2017 7:30:6] /addskill Tiu San Socorro, defenc/re, 50
[1/12/2017 7:30:14] /r
[1/12/2017 7:32:10] /addskill Tiu San Socorro, defence, 50
[1/12/2017 7:32:28] /addskill Bob Marley, defence, 50
[1/12/2017 7:32:32] /addskill Bob Marley, defence, 50
[1/12/2017 7:32:36] /addskill Bob Marley, defence, 50
[1/12/2017 7:32:44] /addskill Bob Marley, defence, 10
[1/12/2017 7:32:52] /addskill Bob Marley, fist, 10
[1/12/2017 7:33:21] /addskill Bob Marley, magic, 10
[1/12/2017 7:33:24] /addskill Bob Marley, magic, 100
[1/12/2017 7:33:27] /addskill Bob Marley, magic, 10
[1/12/2017 7:33:30] /addskill Bob Marley, magic, 10
[1/12/2017 7:33:31] /addskill Bob Marley, magic, 10
[1/12/2017 7:33:31] /addskill Bob Marley, magic, 10
[1/12/2017 7:33:32] /addskill Bob Marley, magic, 10
[1/12/2017 7:33:32] /addskill Bob Marley, magic, 10
[1/12/2017 7:33:33] /addskill Bob Marley, magic, 10
[1/12/2017 7:33:34] /addskill Bob Marley, magic, 10
[1/12/2017 7:33:34] /addskill Bob Marley, magic, 10
[1/12/2017 7:33:35] /addskill Bob Marley, magic, 10
[1/12/2017 7:33:37] /addskill Bob Marley, magic, 20
[1/12/2017 7:33:38] /addskill Bob Marley, magic, 20
[1/12/2017 7:33:39] /addskill Bob Marley, magic, 20
[1/12/2017 7:33:40] /addskill Bob Marley, magic, 20
[1/12/2017 7:33:41] /addskill Bob Marley, magic, 20
[1/12/2017 7:33:42] /addskill Bob Marley, magic, 20
[1/12/2017 7:33:43] /addskill Bob Marley, magic, 20
[1/12/2017 7:33:43] /addskill Bob Marley, magic, 20
[1/12/2017 7:33:44] /addskill Bob Marley, magic, 20
[1/12/2017 7:33:47] /addskill Bob Marley, magic, 20
[1/12/2017 7:33:51] /addskill Bob Marley, magic, 20
[1/12/2017 7:34:0] /addskill Bob Marley, magic, 20
[1/12/2017 7:34:7] /addskill Bob Marley, magic, 20
[1/12/2017 7:34:24] /addskill Bob Marley, magic, 1
[1/12/2017 7:34:31] /addskill Bob Marley, magic, 1
[1/12/2017 7:34:32] /addskill Bob Marley, magic, 1
[1/12/2017 7:42:56] /t
[1/12/2017 8:24:17] /i 1999
[1/12/2017 8:24:22] /i pergaminho stamina
[1/12/2017 8:24:22] /i pergaminho stamina
[1/12/2017 8:24:22] /i pergaminho stamina
[1/12/2017 8:24:23] /i pergaminho stamina
[1/12/2017 8:24:23] /i pergaminho stamina
[1/12/2017 8:24:23] /i pergaminho stamina
[1/12/2017 8:24:23] /i pergaminho stamina
[1/12/2017 8:24:25] /i pergaminho stamina
[1/12/2017 8:24:25] /i pergaminho stamina
[1/12/2017 8:24:26] /i pergaminho stamina
[1/12/2017 8:24:26] /i pergaminho stamina
[1/12/2017 8:24:27] /i pergaminho stamina
[1/12/2017 8:24:38] /goto Bob marley
[1/12/2017 8:25:0] /t
[1/12/2017 13:41:31] /goto shadow push
[1/12/2017 13:45:46] /goto shadow push
[1/12/2017 13:45:48] /goto shadow push
[1/12/2017 13:45:50] /goto shadow push
[1/12/2017 13:45:51] /goto shadow push
[1/12/2017 13:46:5] /ghost
[1/12/2017 13:46:40] /ghost
[1/12/2017 13:46:47] /t
[1/12/2017 13:48:8] /goto shadow push
[5/12/2017 8:9:52] /addskill Gonna Cry, fist, 100
[5/12/2017 8:10:0] /addskill Gonna Cry, fist, 10
[5/12/2017 8:10:2] /addskill Gonna Cry, fist, 10
[5/12/2017 8:10:4] /addskill Gonna Cry, fist, 10
[5/12/2017 8:10:17] /addskill Gonna Cry, fist, 10
[5/12/2017 8:10:49] /addskill Gonna Cry, ninjutsu, 100
[5/12/2017 8:11:13] /goto Gonna Cry
[5/12/2017 8:11:17] /r
[5/12/2017 8:11:20] /t
[5/12/2017 8:11:25] /goto Gonna Cry
[5/12/2017 8:11:27] /r
[5/12/2017 8:11:30] /t
[19/12/2017 1:14:46] /ghost
[19/12/2017 1:14:47] /ghost
[19/12/2017 1:14:56] /goto 
[19/12/2017 1:14:57] /goto Next Stage
[19/12/2017 1:15:4] /t
[19/12/2017 1:15:9] /goto Next Stage
[19/12/2017 1:15:11] /goto Next Stage
[19/12/2017 1:15:13] /goto Next Stage
[19/12/2017 1:15:19] /t
[19/12/2017 1:15:27] /mc
[19/12/2017 1:15:55] /goto Ultimate Fighing
[19/12/2017 1:15:57] /t
[19/12/2017 1:16:12] /ghost
[19/12/2017 1:17:38] /ghost
