[4/9/2020 1:56:51] /i 1999
[4/9/2020 1:57:7] !missao
[4/9/2020 1:59:1] /cliport
[4/9/2020 1:59:22] /a 20
[4/9/2020 2:0:47] /i 11425
[4/9/2020 2:0:49] /i 11425
[4/9/2020 2:1:23] /i 11426
[4/9/2020 2:1:32] /i 11426
[4/9/2020 2:1:49] /i 11427
[4/9/2020 2:1:51] /i 11427
[4/9/2020 2:2:22] /i 11424
[4/9/2020 2:2:25] /i 11424
[4/9/2020 2:2:39] /i 1999
[4/9/2020 2:3:0] /i 2160
[4/9/2020 2:3:1] /i 2160
[4/9/2020 2:3:3] /i 2160
[4/9/2020 2:3:4] /i 2160
[4/9/2020 2:3:4] /i 2160
[4/9/2020 2:3:5] /i 2160
[4/9/2020 2:3:9] /i 2160
[4/9/2020 2:3:9] /i 2160
[4/9/2020 2:3:10] /i 2160
[4/9/2020 2:3:10] /i 2160
[4/9/2020 2:3:37] /i 11416
[4/9/2020 2:5:36] /i 11431
[4/9/2020 2:5:37] /i 11431
[4/9/2020 2:6:45] /i 11434
[4/9/2020 2:6:46] /i 11434
[4/9/2020 2:7:59] /i 7863
[4/9/2020 2:8:5] /i 7399
[4/9/2020 2:8:12] /i 2141
[4/9/2020 2:8:33] /i 11429
[4/9/2020 2:8:53] /i 2145
[4/9/2020 2:8:54] /i 2145
[4/9/2020 2:8:58] /i 2145
[4/9/2020 2:8:58] /i 2145
[4/9/2020 2:9:1] /i 2145
[4/9/2020 2:9:2] /i 2145
[4/9/2020 2:9:5] /i 2145
[4/9/2020 2:9:5] /i 2145
[4/9/2020 2:9:26] /i 11413
[4/9/2020 2:9:30] /i 11413
[4/9/2020 2:10:21] /t
[4/9/2020 2:26:26] /goto lendario petkovic
[4/9/2020 2:26:58] /t
[4/9/2020 2:39:55] /i Sword Box
[4/9/2020 2:40:0] /i Sword Box
[4/9/2020 9:52:34] /i stamina refil
[4/9/2020 9:52:41] /i stamina refil
[4/9/2020 9:52:42] /i stamina refil
[4/9/2020 9:52:48] /goto lendario petkovic
[4/9/2020 9:59:38] /t
[7/9/2020 3:19:16] /goto ifood
[7/9/2020 3:20:26] /goto savitar
[7/9/2020 3:20:34] /goto ifood
[7/9/2020 3:20:38] /goto savitar
[7/9/2020 3:24:15] /goto savitar
[7/9/2020 3:24:18] /t
[7/9/2020 16:32:29] /i kage kunai raiton
[7/9/2020 16:33:1] /i gumbai
[7/9/2020 16:33:29] /i gunbai
[7/9/2020 17:51:9] /goto zoom
[8/9/2020 21:4:17] /ghost
[8/9/2020 21:5:11] /ghost
[8/9/2020 21:7:58] /i 2195
[8/9/2020 21:17:32] /m itachi
[8/9/2020 21:18:37] /i sword box
[8/9/2020 21:18:40] /ghost
[8/9/2020 21:18:59] /i sword box
[8/9/2020 21:19:16] /i sword box
[8/9/2020 21:19:17] /i sword box
[8/9/2020 21:19:17] /i sword box
[8/9/2020 21:19:18] /i sword box
[8/9/2020 21:19:18] /i sword box
[8/9/2020 21:19:19] /i sword box
[8/9/2020 21:19:20] /i sword box
[8/9/2020 21:20:5] /i sword box
[8/9/2020 21:20:6] /i sword box
[8/9/2020 21:20:6] /i sword box
[8/9/2020 21:20:6] /i sword box
[8/9/2020 21:20:7] /i sword box
[8/9/2020 21:20:7] /i sword box
[8/9/2020 21:20:7] /i sword box
[8/9/2020 21:20:8] /i sword box
[8/9/2020 21:20:8] /i sword box
[8/9/2020 21:20:8] /i sword box
[8/9/2020 21:20:9] /i sword box
[8/9/2020 21:20:17] /clean
[8/9/2020 21:23:32] /t
[8/9/2020 21:23:37] /ghost
[8/9/2020 21:31:31] /i 1999
[8/9/2020 21:31:39] /i gold bar
[8/9/2020 21:31:41] /i gold bar
[8/9/2020 21:31:43] /i gold bar
[8/9/2020 21:31:44] /i gold bar
[8/9/2020 21:31:45] /i gold bar
[8/9/2020 21:31:47] /i 1999
[8/9/2020 21:31:48] /i 1999
[8/9/2020 21:31:50] /i gold bar
[8/9/2020 21:31:53] /i gold bar
[8/9/2020 21:31:54] /i gold bar
[8/9/2020 21:31:56] /i gold bar
[8/9/2020 21:31:57] /i gold bar
[8/9/2020 21:31:59] /i gold bar
[8/9/2020 21:32:1] /i 1999
[8/9/2020 21:32:3] /i gold bar
[8/9/2020 22:25:27] /i 1999
[8/9/2020 22:25:33] /i 2145
[8/9/2020 22:25:33] /i 2145
[8/9/2020 22:25:34] /i 2145
[8/9/2020 22:25:34] /i 2145
[8/9/2020 22:25:35] /i 2145
[8/9/2020 22:25:40] /i 2145
[8/9/2020 22:25:41] /i 2145
[8/9/2020 22:25:41] /i 2145
[8/9/2020 22:25:43] /i 2145
[8/9/2020 22:25:55] /i 2160
[8/9/2020 22:25:55] /i 2160
[8/9/2020 22:25:56] /i 2160
[8/9/2020 22:25:56] /i 2160
[8/9/2020 22:25:57] /i 2160
[8/9/2020 22:26:13] /goto super xandao
[8/9/2020 22:28:29] /t
[8/9/2020 23:13:27] /goto jya
[8/9/2020 23:13:34] /goto uchiha itachi
[8/9/2020 23:13:41] /t
[8/9/2020 23:14:50] /goto jya boss
[9/9/2020 1:18:34] /i rinnegan eye
