[26/04/2012 22:22:58] /a 2
[26/04/2012 22:23:26] /a 2
[26/04/2012 22:24:28] /m yondaime
[26/04/2012 22:24:35] /m sasori boss
[26/04/2012 22:24:41] /m pain boss
[26/04/2012 22:28:08] /c [ADM] rikudou sannin
[26/04/2012 22:28:45] /goto killer bee
[26/04/2012 22:29:03] /b clean
[26/04/2012 22:29:14] /b cleannnnnnnnnnnnnnnnnnnnn
[26/04/2012 22:29:24] /b cleannnnnnnnnnnnn
[26/04/2012 22:29:36] /clean
[26/04/2012 22:29:47] /b vamus dar clean em 1 hrs
[26/04/2012 22:30:08] /addskill gabii,level,1
[26/04/2012 22:30:09] /addskill gabii,level,1
[26/04/2012 22:30:10] /addskill gabii,level,1
[26/04/2012 22:30:10] /addskill gabii,level,1
[26/04/2012 22:30:10] /addskill gabii,level,1
[26/04/2012 22:30:10] /addskill gabii,level,1
[26/04/2012 22:30:10] /addskill gabii,level,1
[26/04/2012 22:30:11] /addskill gabii,level,1
[26/04/2012 22:30:11] /addskill gabii,level,1
[26/04/2012 22:30:11] /addskill gabii,level,1
[26/04/2012 22:30:11] /addskill gabii,level,1
[26/04/2012 22:30:12] /addskill gabii,level,1
[26/04/2012 22:30:12] /addskill gabii,level,1
[26/04/2012 22:30:12] /addskill gabii,level,1
[26/04/2012 22:30:13] /addskill gabii,level,1
[26/04/2012 22:30:13] /addskill gabii,level,1
[26/04/2012 22:30:13] /addskill gabii,level,1
[26/04/2012 22:30:14] /addskill gabii,level,1
[26/04/2012 22:30:14] /addskill gabii,level,1
[26/04/2012 22:30:14] /addskill gabii,level,1
[26/04/2012 22:30:14] /addskill gabii,level,1
[26/04/2012 22:30:14] /addskill gabii,level,1
[26/04/2012 22:30:14] /addskill gabii,level,1
[26/04/2012 22:30:14] /addskill gabii,level,1
[26/04/2012 22:30:14] /addskill gabii,level,1
[26/04/2012 22:30:14] /addskill gabii,level,1
[26/04/2012 22:30:14] /addskill gabii,level,1
[26/04/2012 22:30:14] /addskill gabii,level,1
[26/04/2012 22:30:14] /addskill gabii,level,1
[26/04/2012 22:30:15] /addskill gabii,level,1
[26/04/2012 22:30:15] /addskill gabii,level,1
[26/04/2012 22:30:15] /addskill gabii,level,1
[26/04/2012 22:30:15] /addskill gabii,level,1
[26/04/2012 22:30:15] /addskill gabii,level,1
[26/04/2012 22:30:15] /addskill gabii,level,1
[26/04/2012 22:30:15] /addskill gabii,level,1
[26/04/2012 22:30:15] /addskill gabii,level,1
[26/04/2012 22:30:15] /addskill gabii,level,1
[26/04/2012 22:30:15] /addskill gabii,level,1
[26/04/2012 22:30:15] /addskill gabii,level,1
[26/04/2012 22:30:15] /addskill gabii,level,1
[26/04/2012 22:30:15] /addskill gabii,level,1
[26/04/2012 22:30:15] /addskill gabii,level,1
[26/04/2012 22:30:15] /addskill gabii,level,1
[26/04/2012 22:30:15] /addskill gabii,level,1
[26/04/2012 22:30:15] /addskill gabii,level,1
[26/04/2012 22:30:15] /addskill gabii,level,1
[26/04/2012 22:30:15] /addskill gabii,level,1
[26/04/2012 22:30:15] /addskill gabii,level,1
[26/04/2012 22:30:15] /addskill gabii,level,1
[26/04/2012 22:30:15] /addskill gabii,level,1
[26/04/2012 22:30:15] /addskill gabii,level,1
[26/04/2012 22:30:15] /addskill gabii,level,1
[26/04/2012 22:30:15] /addskill gabii,level,1
[26/04/2012 22:30:15] /addskill gabii,level,1
[26/04/2012 22:30:15] /addskill gabii,level,1
[26/04/2012 22:30:16] /addskill gabii,level,1
[26/04/2012 22:30:16] /addskill gabii,level,1
[26/04/2012 22:30:16] /addskill gabii,level,1
[26/04/2012 22:30:16] /addskill gabii,level,1
[26/04/2012 22:30:16] /addskill gabii,level,1
[26/04/2012 22:30:16] /addskill gabii,level,1
[26/04/2012 22:30:16] /addskill gabii,level,1
[26/04/2012 22:30:16] /addskill gabii,level,1
[26/04/2012 22:30:16] /addskill gabii,level,1
[26/04/2012 22:30:16] /addskill gabii,level,1
[26/04/2012 22:30:16] /addskill gabii,level,1
[26/04/2012 22:30:16] /addskill gabii,level,1
[26/04/2012 22:30:16] /addskill gabii,level,1
[26/04/2012 22:30:16] /addskill gabii,level,1
[26/04/2012 22:30:16] /addskill gabii,level,1
[26/04/2012 22:30:16] /addskill gabii,level,1
[26/04/2012 22:30:16] /addskill gabii,level,1
[26/04/2012 22:30:16] /addskill gabii,level,1
[26/04/2012 22:30:16] /addskill gabii,level,1
[26/04/2012 22:30:16] /addskill gabii,level,1
[26/04/2012 22:30:16] /addskill gabii,level,1
[26/04/2012 22:30:16] /addskill gabii,level,1
[26/04/2012 22:30:16] /addskill gabii,level,1
[26/04/2012 22:30:16] /addskill gabii,level,1
[26/04/2012 22:30:16] /addskill gabii,level,1
[26/04/2012 22:30:16] /addskill gabii,level,1
[26/04/2012 22:30:16] /addskill gabii,level,1
[26/04/2012 22:30:16] /addskill gabii,level,1
[26/04/2012 22:30:16] /addskill gabii,level,1
[26/04/2012 22:30:16] /addskill gabii,level,1
[26/04/2012 22:30:16] /addskill gabii,level,1
[26/04/2012 22:30:17] /addskill gabii,level,1
[26/04/2012 22:30:17] /addskill gabii,level,1
[26/04/2012 22:30:17] /addskill gabii,level,1
[26/04/2012 22:30:17] /addskill gabii,level,1
[26/04/2012 22:30:17] /addskill gabii,level,1
[26/04/2012 22:30:17] /addskill gabii,level,1
[26/04/2012 22:30:17] /addskill gabii,level,1
[26/04/2012 22:30:17] /addskill gabii,level,1
[26/04/2012 22:30:17] /addskill gabii,level,1
[26/04/2012 22:30:17] /addskill gabii,level,1
[26/04/2012 22:30:17] /addskill gabii,level,1
[26/04/2012 22:30:17] /addskill gabii,level,1
[26/04/2012 22:30:17] /addskill gabii,level,1
[26/04/2012 22:30:17] /addskill gabii,level,1
[26/04/2012 22:30:17] /addskill gabii,level,1
[26/04/2012 22:30:17] /addskill gabii,level,1
[26/04/2012 22:30:17] /addskill gabii,level,1
[26/04/2012 22:30:17] /addskill gabii,level,1
[26/04/2012 22:30:17] /addskill gabii,level,1
[26/04/2012 22:30:17] /addskill gabii,level,1
[26/04/2012 22:30:17] /addskill gabii,level,1
[26/04/2012 22:30:17] /addskill gabii,level,1
[26/04/2012 22:30:17] /addskill gabii,level,1
[26/04/2012 22:30:17] /addskill gabii,level,1
[26/04/2012 22:30:17] /addskill gabii,level,1
[26/04/2012 22:30:17] /addskill gabii,level,1
[26/04/2012 22:30:17] /addskill gabii,level,1
[26/04/2012 22:30:17] /addskill gabii,level,1
[26/04/2012 22:30:17] /addskill gabii,level,1
[26/04/2012 22:30:17] /addskill gabii,level,1
[26/04/2012 22:30:17] /addskill gabii,level,1
[26/04/2012 22:30:18] /addskill gabii,level,1
[26/04/2012 22:30:18] /addskill gabii,level,1
[26/04/2012 22:30:18] /addskill gabii,level,1
[26/04/2012 22:30:18] /addskill gabii,level,1
[26/04/2012 22:30:18] /addskill gabii,level,1
[26/04/2012 22:30:18] /addskill gabii,level,1
[26/04/2012 22:30:18] /addskill gabii,level,1
[26/04/2012 22:30:18] /addskill gabii,level,1
[26/04/2012 22:30:18] /addskill gabii,level,1
[26/04/2012 22:30:18] /addskill gabii,level,1
[26/04/2012 22:30:18] /addskill gabii,level,1
[26/04/2012 22:30:18] /addskill gabii,level,1
[26/04/2012 22:30:18] /addskill gabii,level,1
[26/04/2012 22:30:18] /addskill gabii,level,1
[26/04/2012 22:30:18] /addskill gabii,level,1
[26/04/2012 22:30:18] /addskill gabii,level,1
[26/04/2012 22:30:18] /addskill gabii,level,1
[26/04/2012 22:30:18] /addskill gabii,level,1
[26/04/2012 22:30:18] /addskill gabii,level,1
[26/04/2012 22:30:18] /addskill gabii,level,1
[26/04/2012 22:30:18] /addskill gabii,level,1
[26/04/2012 22:30:18] /addskill gabii,level,1
[26/04/2012 22:30:18] /addskill gabii,level,1
[26/04/2012 22:30:18] /addskill gabii,level,1
[26/04/2012 22:30:18] /addskill gabii,level,1
[26/04/2012 22:30:18] /addskill gabii,level,1
[26/04/2012 22:30:18] /addskill gabii,level,1
[26/04/2012 22:30:18] /addskill gabii,level,1
[26/04/2012 22:30:18] /addskill gabii,level,1
[26/04/2012 22:30:18] /addskill gabii,level,1
[26/04/2012 22:30:18] /addskill gabii,level,1
[26/04/2012 22:30:18] /addskill gabii,level,1
[26/04/2012 22:30:18] /addskill gabii,level,1
[26/04/2012 22:30:18] /addskill gabii,level,1
[26/04/2012 22:30:18] /addskill gabii,level,1
[26/04/2012 22:30:19] /addskill gabii,level,1
[26/04/2012 22:30:19] /addskill gabii,level,1
[26/04/2012 22:30:19] /addskill gabii,level,1
[26/04/2012 22:30:19] /addskill gabii,level,1
[26/04/2012 22:30:19] /addskill gabii,level,1
[26/04/2012 22:30:19] /addskill gabii,level,1
[26/04/2012 22:30:19] /addskill gabii,level,1
[26/04/2012 22:30:19] /addskill gabii,level,1
[26/04/2012 22:30:19] /addskill gabii,level,1
[26/04/2012 22:30:19] /addskill gabii,level,1
[26/04/2012 22:30:19] /addskill gabii,level,1
[26/04/2012 22:30:19] /addskill gabii,level,1
[26/04/2012 22:30:19] /addskill gabii,level,1
[26/04/2012 22:30:19] /addskill gabii,level,1
[26/04/2012 22:30:19] /addskill gabii,level,1
[26/04/2012 22:30:19] /addskill gabii,level,1
[26/04/2012 22:30:19] /addskill gabii,level,1
[26/04/2012 22:30:19] /addskill gabii,level,1
[26/04/2012 22:30:19] /addskill gabii,level,1
[26/04/2012 22:30:19] /addskill gabii,level,1
[26/04/2012 22:30:19] /addskill gabii,level,1
[26/04/2012 22:30:19] /addskill gabii,level,1
[26/04/2012 22:30:19] /addskill gabii,level,1
[26/04/2012 22:30:19] /addskill gabii,level,1
[26/04/2012 22:30:19] /addskill gabii,level,1
[26/04/2012 22:30:19] /addskill gabii,level,1
[26/04/2012 22:30:19] /addskill gabii,level,1
[26/04/2012 22:30:19] /addskill gabii,level,1
[26/04/2012 22:30:19] /addskill gabii,level,1
[26/04/2012 22:30:19] /addskill gabii,level,1
[26/04/2012 22:30:19] /addskill gabii,level,1
[26/04/2012 22:30:19] /addskill gabii,level,1
[26/04/2012 22:30:19] /addskill gabii,level,1
[26/04/2012 22:30:20] /addskill gabii,level,1
[26/04/2012 22:30:20] /addskill gabii,level,1
[26/04/2012 22:30:20] /addskill gabii,level,1
[26/04/2012 22:30:20] /addskill gabii,level,1
[26/04/2012 22:30:20] /addskill gabii,level,1
[26/04/2012 22:30:20] /addskill gabii,level,1
[26/04/2012 22:30:20] /addskill gabii,level,1
[26/04/2012 22:30:20] /addskill gabii,level,1
[26/04/2012 22:30:20] /addskill gabii,level,1
[26/04/2012 22:30:20] /addskill gabii,level,1
[26/04/2012 22:30:20] /addskill gabii,level,1
[26/04/2012 22:30:20] /addskill gabii,level,1
[26/04/2012 22:30:20] /addskill gabii,level,1
[26/04/2012 22:30:20] /addskill gabii,level,1
[26/04/2012 22:30:20] /addskill gabii,level,1
[26/04/2012 22:30:20] /addskill gabii,level,1
[26/04/2012 22:30:20] /addskill gabii,level,1
[26/04/2012 22:30:20] /addskill gabii,level,1
[26/04/2012 22:30:20] /addskill gabii,level,1
[26/04/2012 22:30:20] /addskill gabii,level,1
[26/04/2012 22:30:20] /addskill gabii,level,1
[26/04/2012 22:30:20] /addskill gabii,level,1
[26/04/2012 22:30:20] /addskill gabii,level,1
[26/04/2012 22:30:20] /addskill gabii,level,1
[26/04/2012 22:30:20] /addskill gabii,level,1
[26/04/2012 22:30:20] /addskill gabii,level,1
[26/04/2012 22:30:20] /addskill gabii,level,1
[26/04/2012 22:30:20] /addskill gabii,level,1
[26/04/2012 22:30:20] /addskill gabii,level,1
[26/04/2012 22:30:20] /addskill gabii,level,1
[26/04/2012 22:30:20] /addskill gabii,level,1
[26/04/2012 22:30:20] /addskill gabii,level,1
[26/04/2012 22:30:21] /addskill gabii,level,1
[26/04/2012 22:30:21] /addskill gabii,level,1
[26/04/2012 22:30:21] /addskill gabii,level,1
[26/04/2012 22:30:21] /addskill gabii,level,1
[26/04/2012 22:30:21] /addskill gabii,level,1
[26/04/2012 22:30:21] /addskill gabii,level,1
[26/04/2012 22:30:21] /addskill gabii,level,1
[26/04/2012 22:30:21] /addskill gabii,level,1
[26/04/2012 22:30:21] /addskill gabii,level,1
[26/04/2012 22:30:21] /addskill gabii,level,1
[26/04/2012 22:30:21] /addskill gabii,level,1
[26/04/2012 22:30:21] /addskill gabii,level,1
[26/04/2012 22:30:21] /addskill gabii,level,1
[26/04/2012 22:30:21] /addskill gabii,level,1
[26/04/2012 22:30:21] /addskill gabii,level,1
[26/04/2012 22:30:21] /addskill gabii,level,1
[26/04/2012 22:30:21] /addskill gabii,level,1
[26/04/2012 22:30:21] /addskill gabii,level,1
[26/04/2012 22:30:21] /addskill gabii,level,1
[26/04/2012 22:30:21] /addskill gabii,level,1
[26/04/2012 22:30:21] /addskill gabii,level,1
[26/04/2012 22:30:21] /addskill gabii,level,1
[26/04/2012 22:30:21] /addskill gabii,level,1
[26/04/2012 22:30:21] /addskill gabii,level,1
[26/04/2012 22:30:21] /addskill gabii,level,1
[26/04/2012 22:30:21] /addskill gabii,level,1
[26/04/2012 22:30:21] /addskill gabii,level,1
[26/04/2012 22:30:21] /addskill gabii,level,1
[26/04/2012 22:30:21] /addskill gabii,level,1
[26/04/2012 22:30:21] /addskill gabii,level,1
[26/04/2012 22:30:21] /addskill gabii,level,1
[26/04/2012 22:30:22] /addskill gabii,level,1
[26/04/2012 22:30:22] /addskill gabii,level,1
[26/04/2012 22:30:22] /addskill gabii,level,1
[26/04/2012 22:30:22] /addskill gabii,level,1
[26/04/2012 22:30:22] /addskill gabii,level,1
[26/04/2012 22:30:22] /addskill gabii,level,1
[26/04/2012 22:30:22] /addskill gabii,level,1
[26/04/2012 22:30:22] /addskill gabii,level,1
[26/04/2012 22:30:22] /addskill gabii,level,1
[26/04/2012 22:30:22] /addskill gabii,level,1
[26/04/2012 22:30:22] /addskill gabii,level,1
[26/04/2012 22:30:22] /addskill gabii,level,1
[26/04/2012 22:30:22] /addskill gabii,level,1
[26/04/2012 22:30:22] /addskill gabii,level,1
[26/04/2012 22:30:22] /addskill gabii,level,1
[26/04/2012 22:30:22] /addskill gabii,level,1
[26/04/2012 22:30:22] /addskill gabii,level,1
[26/04/2012 22:30:22] /addskill gabii,level,1
[26/04/2012 22:30:22] /addskill gabii,level,1
[26/04/2012 22:30:22] /addskill gabii,level,1
[26/04/2012 22:30:22] /addskill gabii,level,1
[26/04/2012 22:30:22] /addskill gabii,level,1
[26/04/2012 22:30:22] /addskill gabii,level,1
[26/04/2012 22:30:22] /addskill gabii,level,1
[26/04/2012 22:30:22] /addskill gabii,level,1
[26/04/2012 22:30:22] /addskill gabii,level,1
[26/04/2012 22:30:22] /addskill gabii,level,1
[26/04/2012 22:30:22] /addskill gabii,level,1
[26/04/2012 22:30:22] /addskill gabii,level,1
[26/04/2012 22:30:22] /addskill gabii,level,1
[26/04/2012 22:30:22] /addskill gabii,level,1
[26/04/2012 22:30:22] /addskill gabii,level,1
[26/04/2012 22:30:22] /addskill gabii,level,1
[26/04/2012 22:30:22] /addskill gabii,level,1
[26/04/2012 22:30:23] /addskill gabii,level,1
[26/04/2012 22:30:23] /addskill gabii,level,1
[26/04/2012 22:30:23] /addskill gabii,level,1
[26/04/2012 22:30:23] /addskill gabii,level,1
[26/04/2012 22:30:23] /addskill gabii,level,1
[26/04/2012 22:30:23] /addskill gabii,level,1
[26/04/2012 22:30:23] /addskill gabii,level,1
[26/04/2012 22:30:23] /addskill gabii,level,1
[26/04/2012 22:30:23] /addskill gabii,level,1
[26/04/2012 22:30:23] /addskill gabii,level,1
[26/04/2012 22:30:23] /addskill gabii,level,1
[26/04/2012 22:30:23] /addskill gabii,level,1
[26/04/2012 22:30:23] /addskill gabii,level,1
[26/04/2012 22:30:23] /addskill gabii,level,1
[26/04/2012 22:30:23] /addskill gabii,level,1
[26/04/2012 22:30:23] /addskill gabii,level,1
[26/04/2012 22:30:23] /addskill gabii,level,1
[26/04/2012 22:30:23] /addskill gabii,level,1
[26/04/2012 22:30:23] /addskill gabii,level,1
[26/04/2012 22:30:23] /addskill gabii,level,1
[26/04/2012 22:30:23] /addskill gabii,level,1
[26/04/2012 22:30:23] /addskill gabii,level,1
[26/04/2012 22:30:23] /addskill gabii,level,1
[26/04/2012 22:30:23] /addskill gabii,level,1
[26/04/2012 22:30:23] /addskill gabii,level,1
[26/04/2012 22:30:23] /addskill gabii,level,1
[26/04/2012 22:30:23] /addskill gabii,level,1
[26/04/2012 22:30:23] /addskill gabii,level,1
[26/04/2012 22:30:23] /addskill gabii,level,1
[26/04/2012 22:30:24] /addskill gabii,level,1
[26/04/2012 22:30:24] /addskill gabii,level,1
[26/04/2012 22:30:24] /addskill gabii,level,1
[26/04/2012 22:30:24] /addskill gabii,level,1
[26/04/2012 22:30:24] /addskill gabii,level,1
[26/04/2012 22:30:24] /addskill gabii,level,1
[26/04/2012 22:30:24] /addskill gabii,level,1
[26/04/2012 22:30:24] /addskill gabii,level,1
[26/04/2012 22:30:24] /addskill gabii,level,1
[26/04/2012 22:30:24] /addskill gabii,level,1
[26/04/2012 22:30:24] /addskill gabii,level,1
[26/04/2012 22:30:24] /addskill gabii,level,1
[26/04/2012 22:30:24] /addskill gabii,level,1
[26/04/2012 22:30:24] /addskill gabii,level,1
[26/04/2012 22:30:24] /addskill gabii,level,1
[26/04/2012 22:30:24] /addskill gabii,level,1
[26/04/2012 22:30:24] /addskill gabii,level,1
[26/04/2012 22:31:07] /addskill gabii,level,1
[26/04/2012 22:31:12] /addskill gabii,level,1
[26/04/2012 22:31:12] /addskill gabii,level,1
[26/04/2012 22:31:15] /addskill gabii,level,1
[26/04/2012 22:31:16] /addskill gabii,level,1
[26/04/2012 22:31:51] /n itachi glove
[26/04/2012 22:32:00] /n yondaime coat
[26/04/2012 22:32:34] /a 20
[26/04/2012 22:32:38] /a 2
[26/04/2012 22:33:07] /c killer bee
[26/04/2012 22:33:28] /c killer bee
[26/04/2012 22:34:00] /a 2
[26/04/2012 22:35:19] /c killer bee
[26/04/2012 22:35:21] /t
[26/04/2012 22:36:27] /goto killer bee
[26/04/2012 22:38:05] /c oni oni
[26/04/2012 22:38:19] /ghost
[26/04/2012 22:38:24] /ghost
[26/04/2012 22:38:32] /ghost
[26/04/2012 22:38:55] /a 3
[26/04/2012 22:39:57] /c
[26/04/2012 22:40:01] /a 6
[26/04/2012 22:40:12] /c killer bee
[26/04/2012 22:40:36] /t
[26/04/2012 22:41:54] /ghost
[26/04/2012 22:44:05] /c [adm rikudou sennin
[26/04/2012 22:46:23] /n gold 100
[26/04/2012 22:46:26] /n gold
[26/04/2012 22:50:00] /r
[26/04/2012 22:52:12] /r
[26/04/2012 22:52:19] /r
[26/04/2012 22:52:23] /r
[26/04/2012 22:52:23] /r
[26/04/2012 22:52:26] /r
[26/04/2012 22:52:26] /r
[26/04/2012 22:52:27] /r
[26/04/2012 22:52:30] /r
[26/04/2012 22:52:35] /r
[26/04/2012 22:55:41] /ghost
[26/04/2012 22:56:53] /c killer bee
[26/04/2012 22:56:56] /t
[26/04/2012 23:00:11] /goto killer bee
[26/04/2012 23:00:27] /ghost
[26/04/2012 23:00:36] /goto killer bee
[26/04/2012 23:19:25] /t
[26/04/2012 23:26:38] /newtype 2
[26/04/2012 23:27:37] /newtype 5
[26/04/2012 23:27:41] /newtype 25
[26/04/2012 23:27:56] /newtype 70
[26/04/2012 23:28:08] /newtype 564
[26/04/2012 23:28:09] /newtype 120
[26/04/2012 23:28:29] /newtype 1
[26/04/2012 23:28:45] /newtype 98
[26/04/2012 23:29:09] /newtype 230
[26/04/2012 23:29:19] /newtype 240
[26/04/2012 23:29:25] /newtype 241
[26/04/2012 23:29:33] /newtype 242
[26/04/2012 23:29:42] /newtype 244
[26/04/2012 23:30:08] /newtype 245
[26/04/2012 23:30:11] /newtype 246
[26/04/2012 23:30:15] /newtype 247
[26/04/2012 23:30:20] /newtype 249
[26/04/2012 23:30:24] /newtype 250
[26/04/2012 23:30:30] /newtype 251
[26/04/2012 23:30:38] /newtype 255
[26/04/2012 23:30:55] /newtype 300
[26/04/2012 23:31:06] /newtype 302
[26/04/2012 23:31:16] /newtype 
[26/04/2012 23:31:23] /newtype 307
[26/04/2012 23:31:35] /newtype 313
[26/04/2012 23:31:42] /newtype 333
[26/04/2012 23:31:46] /newtype 356
[26/04/2012 23:31:53] /newtype 367
[26/04/2012 23:32:00] /newtype 370
[26/04/2012 23:32:09] /newtype 371
[26/04/2012 23:32:52] /r
[26/04/2012 23:33:08] /r
[26/04/2012 23:33:11] /r
[26/04/2012 23:33:14] /r
[26/04/2012 23:33:17] /r
[26/04/2012 23:34:38] /newtype 370
[26/04/2012 23:36:11] /newtype 3-8
[26/04/2012 23:36:16] /newtype 308
[26/04/2012 23:36:29] /newtype 309
[26/04/2012 23:36:32] /newtype 310
[27/04/2012 12:32:28] /newtype 371
[27/04/2012 12:33:13] /newtype 380
[27/04/2012 12:33:46] /addskill sakura,level,1
[27/04/2012 12:33:47] /addskill sakura,level,1
[27/04/2012 12:33:48] /addskill sakura,level,1
[27/04/2012 12:33:48] /addskill sakura,level,1
[27/04/2012 12:33:49] /addskill sakura,level,1
[27/04/2012 12:33:49] /addskill sakura,level,1
[27/04/2012 12:33:49] /addskill sakura,level,1
[27/04/2012 12:33:55] /addskill sakura,level,1
[27/04/2012 12:33:55] /addskill sakura,level,1
[27/04/2012 12:33:56] /addskill sakura,level,1
[27/04/2012 12:33:57] /addskill sakura,level,1
[27/04/2012 12:33:57] /addskill sakura,level,1
[27/04/2012 12:33:57] /addskill sakura,level,1
[27/04/2012 12:33:57] /addskill sakura,level,1
[27/04/2012 12:33:57] /addskill sakura,level,1
[27/04/2012 12:33:57] /addskill sakura,level,1
[27/04/2012 12:33:58] /addskill sakura,level,1
[27/04/2012 12:33:58] /addskill sakura,level,1
[27/04/2012 12:33:58] /addskill sakura,level,1
[27/04/2012 12:33:58] /addskill sakura,level,1
[27/04/2012 12:33:59] /addskill sakura,level,1
[27/04/2012 12:33:59] /addskill sakura,level,1
[27/04/2012 12:33:59] /addskill sakura,level,1
[27/04/2012 12:33:59] /addskill sakura,level,1
[27/04/2012 12:33:59] /addskill sakura,level,1
[27/04/2012 12:34:00] /addskill sakura,level,1
[27/04/2012 12:34:00] /addskill sakura,level,1
[27/04/2012 12:34:00] /addskill sakura,level,1
[27/04/2012 12:34:00] /addskill sakura,level,1
[27/04/2012 12:34:00] /addskill sakura,level,1
[27/04/2012 12:34:00] /addskill sakura,level,1
[27/04/2012 12:34:01] /addskill sakura,level,1
[27/04/2012 12:34:01] /addskill sakura,level,1
[27/04/2012 12:34:01] /addskill sakura,level,1
[27/04/2012 12:34:01] /addskill sakura,level,1
[27/04/2012 12:34:01] /addskill sakura,level,1
[27/04/2012 12:34:02] /addskill sakura,level,1
[27/04/2012 12:34:02] /addskill sakura,level,1
[27/04/2012 12:34:07] /addskill sakura,level,1
[27/04/2012 12:34:07] /addskill sakura,level,1
[27/04/2012 12:34:11] /addskill sakura,level,1
[27/04/2012 12:34:11] /addskill sakura,level,1
[27/04/2012 12:34:11] /addskill sakura,level,1
[27/04/2012 12:34:12] /addskill sakura,level,1
[27/04/2012 12:34:12] /addskill sakura,level,1
[27/04/2012 12:34:12] /addskill sakura,level,1
[27/04/2012 12:34:12] /addskill sakura,level,1
[27/04/2012 12:34:13] /addskill sakura,level,1
[27/04/2012 12:34:13] /addskill sakura,level,1
[27/04/2012 12:34:13] /addskill sakura,level,1
[27/04/2012 12:34:13] /addskill sakura,level,1
[27/04/2012 12:34:14] /addskill sakura,level,1
[27/04/2012 12:34:14] /addskill sakura,level,1
[27/04/2012 12:34:14] /addskill sakura,level,1
[27/04/2012 12:34:24] /addskill sakura,level,1
[27/04/2012 12:34:30] /addskill sakura,level,1
[27/04/2012 12:34:30] /addskill sakura,level,1
[27/04/2012 12:34:30] /addskill sakura,level,1
[27/04/2012 12:34:31] /addskill sakura,level,1
[27/04/2012 12:34:31] /addskill sakura,level,1
[27/04/2012 12:34:31] /addskill sakura,level,1
[27/04/2012 12:34:31] /addskill sakura,level,1
[27/04/2012 12:34:32] /addskill sakura,level,1
[27/04/2012 12:34:32] /addskill sakura,level,1
[27/04/2012 12:34:32] /addskill sakura,level,1
[27/04/2012 12:34:32] /addskill sakura,level,1
[27/04/2012 12:34:33] /addskill sakura,level,1
[27/04/2012 12:34:33] /addskill sakura,level,1
[27/04/2012 12:34:33] /addskill sakura,level,1
[27/04/2012 12:34:33] /addskill sakura,level,1
[27/04/2012 12:34:33] /addskill sakura,level,1
[27/04/2012 12:34:34] /addskill sakura,level,1
[27/04/2012 12:34:34] /addskill sakura,level,1
[27/04/2012 12:34:34] /addskill sakura,level,1
[27/04/2012 12:34:34] /addskill sakura,level,1
[27/04/2012 12:34:34] /addskill sakura,level,1
[27/04/2012 12:34:35] /addskill sakura,level,1
[27/04/2012 12:34:35] /addskill sakura,level,1
[27/04/2012 12:34:35] /addskill sakura,level,1
[27/04/2012 12:34:35] /addskill sakura,level,1
[27/04/2012 12:34:36] /addskill sakura,level,1
[27/04/2012 12:34:36] /addskill sakura,level,1
[27/04/2012 12:34:36] /addskill sakura,level,1
[27/04/2012 12:34:36] /addskill sakura,level,1
[27/04/2012 12:34:36] /addskill sakura,level,1
[27/04/2012 12:34:37] /addskill sakura,level,1
[27/04/2012 12:34:37] /addskill sakura,level,1
[27/04/2012 12:34:37] /addskill sakura,level,1
[27/04/2012 12:34:37] /addskill sakura,level,1
[27/04/2012 12:34:37] /addskill sakura,level,1
[27/04/2012 12:34:38] /addskill sakura,level,1
[27/04/2012 12:34:38] /addskill sakura,level,1
[27/04/2012 12:34:38] /addskill sakura,level,1
[27/04/2012 12:34:38] /addskill sakura,level,1
[27/04/2012 12:34:39] /addskill sakura,level,1
[27/04/2012 12:34:39] /addskill sakura,level,1
[27/04/2012 12:34:39] /addskill sakura,level,1
[27/04/2012 12:34:40] /addskill sakura,level,1
[27/04/2012 12:34:40] /addskill sakura,level,1
[27/04/2012 12:35:07] /addskill killer bee,level,1
[27/04/2012 12:35:08] /addskill killer bee,level,1
[27/04/2012 12:35:08] /addskill killer bee,level,1
[27/04/2012 12:35:08] /addskill killer bee,level,1
[27/04/2012 12:35:09] /addskill killer bee,level,1
[27/04/2012 12:35:09] /addskill killer bee,level,1
[27/04/2012 12:35:09] /addskill killer bee,level,1
[27/04/2012 12:35:09] /addskill killer bee,level,1
[27/04/2012 12:35:10] /addskill killer bee,level,1
[27/04/2012 12:35:10] /addskill killer bee,level,1
[27/04/2012 12:35:10] /addskill killer bee,level,1
[27/04/2012 12:35:10] /addskill killer bee,level,1
[27/04/2012 12:35:10] /addskill killer bee,level,1
[27/04/2012 12:35:11] /addskill killer bee,level,1
[27/04/2012 12:35:11] /addskill killer bee,level,1
[27/04/2012 12:35:11] /addskill killer bee,level,1
[27/04/2012 12:35:11] /addskill killer bee,level,1
[27/04/2012 12:35:11] /addskill killer bee,level,1
[27/04/2012 12:35:12] /addskill killer bee,level,1
[27/04/2012 12:35:12] /addskill killer bee,level,1
[27/04/2012 12:35:12] /addskill killer bee,level,1
[27/04/2012 12:35:12] /addskill killer bee,level,1
[27/04/2012 12:35:12] /addskill killer bee,level,1
[27/04/2012 12:35:12] /addskill killer bee,level,1
[27/04/2012 12:35:12] /addskill killer bee,level,1
[27/04/2012 12:35:12] /addskill killer bee,level,1
[27/04/2012 12:35:12] /addskill killer bee,level,1
[27/04/2012 12:35:12] /addskill killer bee,level,1
[27/04/2012 12:35:12] /addskill killer bee,level,1
[27/04/2012 12:35:12] /addskill killer bee,level,1
[27/04/2012 12:35:12] /addskill killer bee,level,1
[27/04/2012 12:35:13] /addskill killer bee,level,1
[27/04/2012 12:35:13] /addskill killer bee,level,1
[27/04/2012 12:35:13] /addskill killer bee,level,1
[27/04/2012 12:35:13] /addskill killer bee,level,1
[27/04/2012 12:35:13] /addskill killer bee,level,1
[27/04/2012 12:35:13] /addskill killer bee,level,1
[27/04/2012 12:35:14] /addskill killer bee,level,1
[27/04/2012 12:35:14] /addskill killer bee,level,1
[27/04/2012 12:35:14] /addskill killer bee,level,1
[27/04/2012 12:35:14] /addskill killer bee,level,1
[27/04/2012 12:35:14] /addskill killer bee,level,1
[27/04/2012 12:35:14] /addskill killer bee,level,1
[27/04/2012 12:35:14] /addskill killer bee,level,1
[27/04/2012 12:35:14] /addskill killer bee,level,1
[27/04/2012 12:35:14] /addskill killer bee,level,1
[27/04/2012 12:35:14] /addskill killer bee,level,1
[27/04/2012 12:35:14] /addskill killer bee,level,1
[27/04/2012 12:35:14] /addskill killer bee,level,1
[27/04/2012 12:35:14] /addskill killer bee,level,1
[27/04/2012 12:35:14] /addskill killer bee,level,1
[27/04/2012 12:35:14] /addskill killer bee,level,1
[27/04/2012 12:35:14] /addskill killer bee,level,1
[27/04/2012 12:35:15] /addskill killer bee,level,1
[27/04/2012 12:35:15] /addskill killer bee,level,1
[27/04/2012 12:35:15] /addskill killer bee,level,1
[27/04/2012 12:35:15] /addskill killer bee,level,1
[27/04/2012 12:35:15] /addskill killer bee,level,1
[27/04/2012 12:35:15] /addskill killer bee,level,1
[27/04/2012 12:35:15] /addskill killer bee,level,1
[27/04/2012 12:35:15] /addskill killer bee,level,1
[27/04/2012 12:35:15] /addskill killer bee,level,1
[27/04/2012 12:35:15] /addskill killer bee,level,1
[27/04/2012 12:35:15] /addskill killer bee,level,1
[27/04/2012 12:35:16] /addskill killer bee,level,1
[27/04/2012 12:35:16] /addskill killer bee,level,1
[27/04/2012 12:35:16] /addskill killer bee,level,1
[27/04/2012 12:35:16] /addskill killer bee,level,1
[27/04/2012 12:35:16] /addskill killer bee,level,1
[27/04/2012 12:35:16] /addskill killer bee,level,1
[27/04/2012 12:35:16] /addskill killer bee,level,1
[27/04/2012 12:35:16] /addskill killer bee,level,1
[27/04/2012 12:35:16] /addskill killer bee,level,1
[27/04/2012 12:35:16] /addskill killer bee,level,1
[27/04/2012 12:35:16] /addskill killer bee,level,1
[27/04/2012 12:35:16] /addskill killer bee,level,1
[27/04/2012 12:35:17] /addskill killer bee,level,1
[27/04/2012 12:35:17] /addskill killer bee,level,1
[27/04/2012 12:35:17] /addskill killer bee,level,1
[27/04/2012 12:35:17] /addskill killer bee,level,1
[27/04/2012 12:35:17] /addskill killer bee,level,1
[27/04/2012 12:35:17] /addskill killer bee,level,1
[27/04/2012 12:35:18] /addskill killer bee,level,1
[27/04/2012 12:35:18] /addskill killer bee,level,1
[27/04/2012 12:35:18] /addskill killer bee,level,1
[27/04/2012 12:35:18] /addskill killer bee,level,1
[27/04/2012 12:35:18] /addskill killer bee,level,1
[27/04/2012 12:35:18] /addskill killer bee,level,1
[27/04/2012 12:35:19] /addskill killer bee,level,1
[27/04/2012 12:35:19] /addskill killer bee,level,1
[27/04/2012 12:35:20] /addskill killer bee,level,1
[27/04/2012 12:35:21] /addskill killer bee,level,1
[27/04/2012 12:35:24] /addskill killer bee,level,1
[27/04/2012 12:35:25] /addskill killer bee,level,1
[27/04/2012 12:35:31] /addskill killer bee,level,1
[27/04/2012 12:35:31] /addskill killer bee,level,1
[27/04/2012 12:35:32] /addskill killer bee,level,1
[27/04/2012 12:35:33] /addskill killer bee,level,1
[27/04/2012 12:35:34] /addskill killer bee,level,1
[27/04/2012 12:58:16] /ghost
[27/04/2012 12:58:22] /i gold
[27/04/2012 12:58:29] /i 2160
[27/04/2012 12:58:51] /i yondaime coat
[27/04/2012 12:59:08] /i kazekage coat
[27/04/2012 12:59:31] /i bag
[27/04/2012 12:59:54] /t
[27/04/2012 13:00:07] /newtype 285
[27/04/2012 13:13:13] /t
[27/04/2012 13:13:55] /goto sasuke
[27/04/2012 13:14:00] /goto sakura
[27/04/2012 13:14:08] /ghost
[27/04/2012 14:42:08] /t
[27/04/2012 14:43:07] /up
[27/04/2012 14:43:11] /up 1
[27/04/2012 14:43:30] /goto neji
[27/04/2012 14:43:39] /ghost
[27/04/2012 14:44:08] /i itachi gloves
[27/04/2012 14:45:20] /i enchanted gloves
[27/04/2012 15:27:03] /c sony
[27/04/2012 15:27:21] /addskill sony,level,1
[27/04/2012 15:27:48] /c sony
[27/04/2012 15:30:00] /newtype 387
[27/04/2012 15:30:20] /newtype 388
[27/04/2012 15:30:31] /newtype 389
[27/04/2012 15:31:17] /ghost
[27/04/2012 15:31:23] /addskill sony,level,1
[27/04/2012 15:31:25] /addskill sony,level,1
[27/04/2012 15:31:26] /addskill sony,level,1
[27/04/2012 15:31:26] /addskill sony,level,1
[27/04/2012 15:31:26] /addskill sony,level,1
[27/04/2012 15:31:26] /addskill sony,level,1
[27/04/2012 15:31:26] /addskill sony,level,1
[27/04/2012 15:31:26] /addskill sony,level,1
[27/04/2012 15:31:39] /addskill sony,level,90
[27/04/2012 15:31:57] /addskill sony,level,1
[27/04/2012 17:25:49] /ghost
[27/04/2012 17:26:06] /goto oni oni
[27/04/2012 17:26:18] /a
[27/04/2012 17:26:43] /c oni oni
[27/04/2012 17:27:18] /newtype 370
[27/04/2012 17:27:28] /a 2
[27/04/2012 17:27:46] /goto oni oni
[27/04/2012 17:28:27] /a 2
[27/04/2012 17:29:04] /a 3
[27/04/2012 17:29:15] /up 1
[27/04/2012 17:29:25] /down 1
[27/04/2012 17:29:29] /a 3
[27/04/2012 17:29:40] /newtype 353
[27/04/2012 17:30:00] /newtype 357
[27/04/2012 17:30:18] /newtype 359
[27/04/2012 17:31:22] /c sony
[27/04/2012 17:31:40] /t
[27/04/2012 18:00:46] /goto onetwo
[27/04/2012 18:00:49] /ghost
[27/04/2012 18:02:39] /ghost
[27/04/2012 18:23:23] /t
[27/04/2012 18:23:27] /t sasuke uchiha
[27/04/2012 18:23:37] /ghost
[27/04/2012 18:24:05] /ghost
[27/04/2012 19:06:22] /a 50
[27/04/2012 19:06:26] /a 50
[27/04/2012 19:06:30] /a 50
[27/04/2012 19:06:35] /a 50
[27/04/2012 19:06:45] /c sasuke uchiha
[27/04/2012 19:06:49] /ghost
[27/04/2012 19:07:24] /addskill Sasuke Uchiha,level,1
[27/04/2012 19:07:25] /addskill Sasuke Uchiha,level,1
[27/04/2012 19:07:26] /addskill Sasuke Uchiha,level,1
[27/04/2012 19:07:27] /addskill Sasuke Uchiha,level,1
[27/04/2012 19:07:27] /addskill Sasuke Uchiha,level,1
[27/04/2012 19:07:28] /addskill Sasuke Uchiha,level,1
[27/04/2012 19:07:28] /addskill Sasuke Uchiha,level,1
[27/04/2012 19:07:28] /addskill Sasuke Uchiha,level,1
[27/04/2012 19:07:29] /addskill Sasuke Uchiha,level,1
[27/04/2012 19:07:29] /addskill Sasuke Uchiha,level,1
[27/04/2012 19:07:29] /addskill Sasuke Uchiha,level,1
[27/04/2012 19:07:29] /addskill Sasuke Uchiha,level,1
[27/04/2012 19:07:29] /addskill Sasuke Uchiha,level,1
[27/04/2012 19:07:30] /addskill Sasuke Uchiha,level,1
[27/04/2012 19:07:30] /addskill Sasuke Uchiha,level,1
[27/04/2012 19:07:30] /addskill Sasuke Uchiha,level,1
[27/04/2012 19:07:30] /addskill Sasuke Uchiha,level,1
[27/04/2012 19:07:31] /addskill Sasuke Uchiha,level,1
[27/04/2012 19:07:31] /addskill Sasuke Uchiha,level,1
[27/04/2012 19:07:31] /addskill Sasuke Uchiha,level,1
[27/04/2012 19:07:31] /addskill Sasuke Uchiha,level,1
[27/04/2012 19:07:32] /addskill Sasuke Uchiha,level,1
[27/04/2012 19:07:32] /addskill Sasuke Uchiha,level,1
[27/04/2012 19:07:32] /addskill Sasuke Uchiha,level,1
[27/04/2012 19:07:32] /addskill Sasuke Uchiha,level,1
[27/04/2012 19:07:32] /addskill Sasuke Uchiha,level,1
[27/04/2012 19:07:33] /addskill Sasuke Uchiha,level,1
[27/04/2012 19:07:33] /addskill Sasuke Uchiha,level,1
[27/04/2012 19:07:33] /addskill Sasuke Uchiha,level,1
[27/04/2012 19:07:33] /addskill Sasuke Uchiha,level,1
[27/04/2012 19:07:34] /addskill Sasuke Uchiha,level,1
[27/04/2012 19:07:34] /addskill Sasuke Uchiha,level,1
[27/04/2012 19:07:34] /addskill Sasuke Uchiha,level,1
[27/04/2012 19:07:34] /addskill Sasuke Uchiha,level,1
[27/04/2012 19:07:35] /addskill Sasuke Uchiha,level,1
[27/04/2012 19:07:43] /t sasuke uchiha
[27/04/2012 19:12:27] /ghost
[27/04/2012 19:12:36] /c poollidance
[27/04/2012 19:12:58] /ghost
[27/04/2012 19:13:30] /c Sasuke Uchiha
[27/04/2012 19:13:48] /addskill Sasuke Uchiha,level,1
[27/04/2012 19:13:50] /addskill Sasuke Uchiha,level,1
[27/04/2012 19:13:50] /addskill Sasuke Uchiha,level,1
[27/04/2012 19:13:51] /addskill Sasuke Uchiha,level,1
[27/04/2012 19:13:51] /addskill Sasuke Uchiha,level,1
[27/04/2012 19:13:51] /addskill Sasuke Uchiha,level,1
[27/04/2012 19:13:51] /addskill Sasuke Uchiha,level,1
[27/04/2012 19:13:51] /addskill Sasuke Uchiha,level,1
[27/04/2012 19:13:51] /addskill Sasuke Uchiha,level,1
[27/04/2012 19:13:51] /addskill Sasuke Uchiha,level,1
[27/04/2012 19:13:51] /addskill Sasuke Uchiha,level,1
[27/04/2012 19:13:51] /addskill Sasuke Uchiha,level,1
[27/04/2012 19:13:51] /addskill Sasuke Uchiha,level,1
[27/04/2012 19:13:51] /addskill Sasuke Uchiha,level,1
[27/04/2012 19:13:51] /addskill Sasuke Uchiha,level,1
[27/04/2012 19:13:51] /addskill Sasuke Uchiha,level,1
[27/04/2012 19:13:52] /addskill Sasuke Uchiha,level,1
[27/04/2012 19:13:52] /addskill Sasuke Uchiha,level,1
[27/04/2012 19:13:52] /addskill Sasuke Uchiha,level,1
[27/04/2012 19:13:53] /addskill Sasuke Uchiha,level,1
[27/04/2012 19:13:53] /addskill Sasuke Uchiha,level,1
[27/04/2012 19:13:53] /addskill Sasuke Uchiha,level,1
[27/04/2012 19:13:53] /addskill Sasuke Uchiha,level,1
[27/04/2012 19:13:53] /addskill Sasuke Uchiha,level,1
[27/04/2012 19:13:54] /addskill Sasuke Uchiha,level,1
[27/04/2012 19:13:54] /addskill Sasuke Uchiha,level,1
[27/04/2012 19:13:54] /addskill Sasuke Uchiha,level,1
[27/04/2012 19:13:54] /addskill Sasuke Uchiha,level,1
[27/04/2012 19:13:55] /addskill Sasuke Uchiha,level,1
[27/04/2012 19:13:55] /addskill Sasuke Uchiha,level,1
[27/04/2012 19:13:55] /addskill Sasuke Uchiha,level,1
[27/04/2012 19:13:55] /addskill Sasuke Uchiha,level,1
[27/04/2012 19:13:55] /addskill Sasuke Uchiha,level,1
[27/04/2012 19:13:55] /addskill Sasuke Uchiha,level,1
[27/04/2012 19:13:56] /addskill Sasuke Uchiha,level,1
[27/04/2012 19:13:56] /addskill Sasuke Uchiha,level,1
[27/04/2012 19:13:56] /addskill Sasuke Uchiha,level,1
[27/04/2012 19:13:56] /addskill Sasuke Uchiha,level,1
[27/04/2012 19:13:57] /addskill Sasuke Uchiha,level,1
[27/04/2012 19:13:57] /addskill Sasuke Uchiha,level,1
[27/04/2012 19:13:57] /addskill Sasuke Uchiha,level,1
[27/04/2012 19:13:58] /addskill Sasuke Uchiha,level,1
[27/04/2012 19:13:58] /addskill Sasuke Uchiha,level,1
[27/04/2012 19:13:58] /addskill Sasuke Uchiha,level,1
[27/04/2012 19:13:58] /addskill Sasuke Uchiha,level,1
[27/04/2012 19:13:59] /addskill Sasuke Uchiha,level,1
[27/04/2012 19:13:59] /addskill Sasuke Uchiha,level,1
[27/04/2012 19:14:00] /addskill Sasuke Uchiha,level,1
[27/04/2012 19:14:01] /addskill Sasuke Uchiha,level,1
[27/04/2012 19:14:06] /t sasuke uchiha
[27/04/2012 19:14:12] /ghost
[27/04/2012 20:13:04] /ghost
[27/04/2012 20:13:12] /ghost
[27/04/2012 20:13:14] /t
[27/04/2012 20:13:26] /goto [adm] rikudou sannin
[27/04/2012 20:14:35] /a 2
[27/04/2012 20:14:41] /down 1
[27/04/2012 20:14:51] /r
[27/04/2012 20:15:02] /i 5258
[27/04/2012 20:15:10] /r
[27/04/2012 20:15:17] /i 5258
[27/04/2012 20:15:26] /down
[27/04/2012 20:16:01] /i 5259
[27/04/2012 20:16:05] /r
[27/04/2012 20:16:08] /r
[27/04/2012 20:16:14] /i 5259
[27/04/2012 20:16:21] /r
[27/04/2012 20:16:29] /i 5260
[27/04/2012 20:16:33] /r
[27/04/2012 20:16:40] /i 5260
[27/04/2012 20:16:50] /down
[27/04/2012 20:16:56] /r
[27/04/2012 20:17:54] /down
[27/04/2012 20:18:00] /r
[27/04/2012 20:18:36] /up
[27/04/2012 20:18:45] /down
[27/04/2012 20:19:01] /i 8378
[27/04/2012 20:20:11] /c onetwo
[27/04/2012 20:22:33] /r
[27/04/2012 20:23:02] /r
[27/04/2012 20:23:42] /i magic forcefield
[27/04/2012 20:23:55] /down
[27/04/2012 20:24:13] /ghost
[27/04/2012 20:24:33] /i magic forcefield
[27/04/2012 20:24:37] /r
[27/04/2012 20:25:09] /up
[27/04/2012 20:26:19] /down
[27/04/2012 20:26:24] /attr position 260 709 5
[27/04/2012 20:26:32] /attr position 260 709 5
[27/04/2012 20:27:00] /down
[27/04/2012 20:27:16] /up
[27/04/2012 20:27:33] /attr position 260 711 6
[27/04/2012 20:31:41] /attr attack 2800
[27/04/2012 20:32:00] /attr set attack 2800
[27/04/2012 20:32:23] /attr set attack 3000
[27/04/2012 20:32:38] /attr set attack 3000
[27/04/2012 20:32:54] /attr set attack 4000
[27/04/2012 20:33:45] /attr set attack 5000
[27/04/2012 20:35:21] /t
[27/04/2012 20:35:29] /ghost
[27/04/2012 20:35:55] /c onetwo
[27/04/2012 21:05:20] /ghost
[27/04/2012 21:05:30] /newtype 390
[27/04/2012 21:05:41] /newtype 391
[28/04/2012 08:25:04] /ghost
[28/04/2012 08:26:12] /ghost
[28/04/2012 08:26:59] /goto [ADM] Rikudou Sannin
[28/04/2012 08:35:30] /goto [ADM] Rikudou Sannin
[28/04/2012 08:35:48] /goto [ADM] Rikudou Sannin
[28/04/2012 08:36:01] /goto [ADM] Rikudou Sannin
[28/04/2012 08:36:30] /c
[28/04/2012 08:36:36] /down
[28/04/2012 08:39:47] /i magic enchanted
[28/04/2012 08:44:10] /ghost
[28/04/2012 08:44:14] /ghost
[28/04/2012 08:45:07] /i magic forcefiel
[28/04/2012 08:45:26] /i magic forcefield
[28/04/2012 08:45:32] /up
[28/04/2012 08:45:43] /i magic forcefield
[28/04/2012 08:46:23] /down
[28/04/2012 08:46:55] /attr sand 262 710 5
[28/04/2012 08:47:20] /attr 262 710 5
[28/04/2012 08:50:03] /attr shootrange 262 710 5
[28/04/2012 08:51:19] /attr destination 262 710 5
[28/04/2012 08:51:30] /down
[28/04/2012 08:51:51] /up
[28/04/2012 08:52:04] /attr destination 261 711 6
[28/04/2012 08:53:33] /r
[28/04/2012 08:53:36] /r
[28/04/2012 08:53:41] /r
[28/04/2012 08:54:42] /t
[28/04/2012 08:56:40] /i magic forcefield
[28/04/2012 08:56:48] /t
[28/04/2012 08:57:14] /attr destination 1025 909 6
[28/04/2012 08:57:28] /ghost
[28/04/2012 08:57:32] /ghost
[28/04/2012 08:58:41] /a 20
[28/04/2012 08:58:47] /a 50
[28/04/2012 08:58:51] /a 50
[28/04/2012 08:59:07] /a 50
[28/04/2012 08:59:24] /goto [adm] rikudou sannin
[28/04/2012 09:01:07] /down
[28/04/2012 09:04:14] /t
[28/04/2012 09:04:59] /i gold
[28/04/2012 09:05:02] /i 2160
[28/04/2012 09:09:01] /c kakashiw
[28/04/2012 09:09:09] /c kakashiiw
[28/04/2012 09:09:21] /i itachi gloves
[28/04/2012 09:10:31] /attr set 10000
[28/04/2012 09:11:10] /attr extraattack 10000
[28/04/2012 09:11:30] /attr attack 5000
[28/04/2012 09:12:14] /t kakashiiw
[28/04/2012 09:12:18] /ghost
[28/04/2012 09:12:21] /ghost
[28/04/2012 09:12:22] /t
[28/04/2012 09:12:55] /ghost
[28/04/2012 09:13:22] /ghost
[28/04/2012 09:22:17] /ghost
[28/04/2012 09:22:29] /a 2
[28/04/2012 09:23:07] /addskill Kakashiiw,level,4
[28/04/2012 09:37:26] /ghost
[28/04/2012 09:37:37] /r
[28/04/2012 09:40:13] /owner Uzumaki Naruto
[28/04/2012 09:41:35] /a 2
[28/04/2012 09:41:42] /a 2
[28/04/2012 09:41:51] /a 5
[28/04/2012 09:48:13] /ghost
[28/04/2012 09:48:17] /ghost
[28/04/2012 09:53:36] /addskill Uzumaki Naruto,level,3
[28/04/2012 09:55:09] /b clean
[28/04/2012 09:55:34] /clean
[28/04/2012 09:58:43] /ghost
[28/04/2012 09:58:59] /ghost
[28/04/2012 09:59:12] /ghost
[28/04/2012 09:59:21] /newtype 370
[28/04/2012 09:59:57] /newtype 371
[28/04/2012 10:00:39] /newtype 380
[28/04/2012 10:00:56] /newtype 376
[28/04/2012 10:01:20] /newtype 379
[28/04/2012 10:01:34] /newtype 377
[28/04/2012 10:03:17] /addskill sasuke uchiha,level,21
[28/04/2012 10:03:45] /newtype 2
[28/04/2012 10:03:55] /newtype 22
[28/04/2012 10:04:03] /newtype 25
[28/04/2012 10:05:15] /newtype 35
[28/04/2012 10:05:31] /newtype 41
[28/04/2012 10:05:54] /newtype 358
[28/04/2012 10:06:02] /newtype 359
[28/04/2012 10:06:08] /newtype 360
[28/04/2012 10:06:18] /newtype 361
[28/04/2012 10:06:21] /newtype 362
[28/04/2012 10:06:26] /newtype 363
[28/04/2012 10:06:30] /newtype 364
[28/04/2012 10:06:38] /ghost
[28/04/2012 10:06:47] /newtype 366
[28/04/2012 10:06:52] /newtype 367
[28/04/2012 10:06:55] /newtype 368
[28/04/2012 10:07:02] /newtype 369
[28/04/2012 10:07:09] /newtype 370
[28/04/2012 10:08:15] /newtype 375
[28/04/2012 10:08:24] /ghost
[28/04/2012 10:09:14] /m unknow akatsuki
[28/04/2012 12:10:28] /t killer bee
