[28/04/2012 14:13:58] /newtype 86
[28/04/2012 14:23:03] /ghost
[28/04/2012 14:25:21] /down
[28/04/2012 14:25:26] /r
[28/04/2012 14:25:27] /r
[28/04/2012 14:25:29] /r
[28/04/2012 14:26:03] /i magic enfield
[28/04/2012 14:26:17] /i magic enfienld
[28/04/2012 14:27:50] /i magic efield
[28/04/2012 14:30:23] /t
[28/04/2012 14:31:38] /i magic forcefield
[28/04/2012 14:31:40] /up
[28/04/2012 14:31:49] /i magic forcefield
[28/04/2012 14:32:00] /down
[28/04/2012 14:32:23] /attr destination 263 710 5
[28/04/2012 14:32:31] /down
[28/04/2012 14:32:36] /up
[28/04/2012 14:32:57] /attr destination 262 711 6
[28/04/2012 14:33:00] /t
[28/04/2012 14:33:10] /ghost
[28/04/2012 14:35:30] /ghost
[28/04/2012 14:36:18] /ghost
[28/04/2012 14:40:14] /ghost
[28/04/2012 14:40:21] /ghost
[28/04/2012 14:41:25] /newtype 87
[28/04/2012 14:41:42] /newtype 88
[28/04/2012 14:41:50] /newtype 90
[28/04/2012 14:42:00] /newtype 86
[28/04/2012 14:45:07] /ghost
[28/04/2012 21:06:17] /ghost
[28/04/2012 21:06:20] /ghost
[28/04/2012 21:14:19] /ghost
[28/04/2012 21:15:58] /ghost
[28/04/2012 21:16:35] /i magic forcefield
[28/04/2012 21:16:51] /a 9
[28/04/2012 21:17:40] /attr destination 1075 840 7
[28/04/2012 21:41:04] /t zianks
[28/04/2012 22:17:36] /ghost
[28/04/2012 22:17:55] /r
[28/04/2012 22:18:40] /a 50
[28/04/2012 22:18:45] /c mike
[28/04/2012 22:19:02] /addskill mike ,level,15
[28/04/2012 22:19:06] /t mike
[28/04/2012 22:19:08] /t
[28/04/2012 22:19:45] /newtype 281
[28/04/2012 22:23:25] /ghost
[28/04/2012 22:45:41] /addskill mike,level,5
[28/04/2012 23:48:12] /ghost
[28/04/2012 23:48:19] /ghost
[28/04/2012 23:48:22] /save
[29/04/2012 00:29:18] /goto poollidance
[29/04/2012 00:29:22] /r
[29/04/2012 00:29:35] /ghost
[29/04/2012 00:29:37] /ghost
[29/04/2012 00:29:44] /goto zianks
[29/04/2012 00:29:52] /t
[29/04/2012 00:48:57] /r
[29/04/2012 00:49:06] /save
[29/04/2012 00:50:18] /c poollidance
[29/04/2012 00:50:45] /goto crazy
[29/04/2012 00:50:53] /ghost
[29/04/2012 00:51:16] /up
[29/04/2012 00:51:31] /t
[29/04/2012 00:51:38] /goto crazy
[29/04/2012 00:51:59] /r
[29/04/2012 00:52:13] /i 1386
[29/04/2012 00:53:05] /down
[29/04/2012 00:53:10] /r
[29/04/2012 00:53:12] /r
[29/04/2012 00:53:17] /r
[29/04/2012 00:53:32] /i magic forcefield
[29/04/2012 00:53:41] /up
[29/04/2012 00:53:57] /i magic forcefield
[29/04/2012 00:54:18] /attr destination 257 702 7
[29/04/2012 00:54:58] /attr destination 268 704 6
[29/04/2012 00:55:05] /up
[29/04/2012 00:55:11] /down
[29/04/2012 00:55:25] /attr destination 267 705 5
[29/04/2012 00:55:34] /ghost
[29/04/2012 00:55:37] /t
[29/04/2012 03:53:51] /save
[29/04/2012 03:54:00] /save
[29/04/2012 09:25:40] /save
[29/04/2012 09:25:53] /newtype 86
[29/04/2012 09:26:08] /ghost
[29/04/2012 09:26:13] /ghost
[29/04/2012 10:14:24] /r
[29/04/2012 10:14:40] /c mike
[29/04/2012 12:33:00] /c poollidance
[29/04/2012 12:33:43] /r
[29/04/2012 12:34:23] /t poollidance
[29/04/2012 12:34:24] /t
[29/04/2012 12:34:50] /newtype 281
[29/04/2012 12:34:57] /newtype 282
[29/04/2012 12:36:47] /newtype 348
[29/04/2012 12:36:50] /ghost
[29/04/2012 12:39:35] /newtype 215
[29/04/2012 12:40:50] /newtype 315
[29/04/2012 12:50:51] /ghost
[29/04/2012 12:50:58] /ghost
[29/04/2012 12:57:40] /newtype 85
[29/04/2012 13:00:26] /ghost
[29/04/2012 13:00:54] /b ausente
[29/04/2012 13:00:59] /a
[29/04/2012 13:01:08] /a
[29/04/2012 13:13:18] /a 3
[29/04/2012 13:13:28] /ghost
[29/04/2012 13:15:48] /goto [adm] rikudou sannin
[29/04/2012 13:23:49] /ghost
[29/04/2012 13:23:57] /ghost
[29/04/2012 15:29:25] /r
[29/04/2012 15:30:41] /b clean
[29/04/2012 15:31:35] /clean
[29/04/2012 15:32:27] /save
[29/04/2012 16:50:56] /ghost
[29/04/2012 17:20:45] /b eae /ghost
[29/04/2012 17:20:50] /ghost
[29/04/2012 17:20:52] /ghost
[29/04/2012 17:24:41] /b eae
[29/04/2012 17:29:47] /t
[29/04/2012 17:37:44] /newtype 213
[29/04/2012 17:37:51] /ghost
[29/04/2012 17:37:54] /ghost
[29/04/2012 17:51:48] /t decalk
[29/04/2012 17:52:02] /c decalk
[29/04/2012 17:52:43] /goto decalk
[29/04/2012 17:54:26] /goto decalk
[29/04/2012 17:55:33] /ghost
[29/04/2012 18:15:35] /ghost
[29/04/2012 18:16:24] /a 2
[29/04/2012 18:16:27] /a 50
[29/04/2012 18:16:36] /a 47
[29/04/2012 18:16:55] /clean
[29/04/2012 18:17:14] /save
[29/04/2012 20:22:48] /newtype 87
[29/04/2012 20:22:55] /newtype 88
[29/04/2012 20:23:32] /newtype 85
[29/04/2012 20:31:10] /b iremos começar a editar as magias amanha de tarde estara pronto !!
[29/04/2012 20:38:54] /i magic forcefiled
[29/04/2012 20:39:05] /i magic forcefield
[29/04/2012 20:39:08] /t
[29/04/2012 20:39:30] /attr destination 1027 909 6
[29/04/2012 20:40:39] /r
[29/04/2012 20:40:48] /down
[29/04/2012 20:40:55] /r
[29/04/2012 20:41:00] /r
[29/04/2012 20:41:17] /i magic forcefield
[29/04/2012 20:41:19] /up
[29/04/2012 20:41:28] /i magic forcefiled
[29/04/2012 20:41:47] /i magic forcefield
[29/04/2012 20:41:52] /down
[29/04/2012 20:41:57] /up
[29/04/2012 20:42:09] /attr destination 262 711 6
[29/04/2012 20:42:26] /attr destination 263 710 5
[29/04/2012 20:42:48] /t
[29/04/2012 20:46:14] /t
[29/04/2012 21:12:16] /goto mitchie
[29/04/2012 21:12:24] /ghost
[29/04/2012 21:12:28] /ghost
[29/04/2012 21:12:36] /t
[29/04/2012 21:12:52] /ghost
[29/04/2012 21:13:31] /newtype 193
[29/04/2012 21:14:45] /newtype 377
[29/04/2012 21:16:40] /newtype 90
[29/04/2012 21:17:14] /newtype 119
[29/04/2012 21:17:26] /ghost
[29/04/2012 21:17:28] /ghost
[29/04/2012 21:18:39] /newtype 135
[29/04/2012 21:18:53] /newtype 145
[29/04/2012 21:19:31] /newtype 222
[29/04/2012 21:19:58] /newtype 244
[29/04/2012 21:22:44] /r
[29/04/2012 21:22:49] /r
[29/04/2012 21:22:54] /down
[29/04/2012 21:23:00] /down
[29/04/2012 21:23:02] /r
[29/04/2012 21:23:11] /i magic forcefield
[29/04/2012 21:23:17] /up
[29/04/2012 21:23:26] /i magic forcefield
[29/04/2012 21:23:44] /attr destination 264 711 6
[29/04/2012 21:23:59] /attr destination 265 710 5
[29/04/2012 21:24:01] /t
[29/04/2012 21:24:30] /c bart emo
[29/04/2012 21:29:15] /newtype 253
[29/04/2012 21:35:28] /ghost
[29/04/2012 21:44:12] /i bag
[29/04/2012 21:44:34] /ghost
[29/04/2012 21:44:47] /i bag
[29/04/2012 21:46:32] /attr vocation 60
[29/04/2012 21:52:17] /ghost
[29/04/2012 21:55:19] /up
[29/04/2012 21:55:22] /down
[29/04/2012 21:55:38] /t
[29/04/2012 21:58:27] /ghost
[29/04/2012 22:23:24] /ghost
[29/04/2012 22:23:37] /a 5
[29/04/2012 22:25:08] /a 3
[29/04/2012 22:25:15] /ghost
[29/04/2012 22:26:04] /a  5
[29/04/2012 22:26:33] /a 5
[29/04/2012 22:27:08] /attr vocation 58
[29/04/2012 22:27:52] /attr vocation 60
[29/04/2012 22:28:15] /a 5
[29/04/2012 22:34:03] /r
[30/04/2012 10:01:08] /ghost
[30/04/2012 10:01:18] /a 2
[30/04/2012 10:01:20] /r
[30/04/2012 10:01:27] /a 4
[30/04/2012 10:24:12] /b vocaçoes akatsuki lvl 300+ , bijuu 500+ , konoha (anbu) 250+
[30/04/2012 10:25:29] /b quem n estiver lvl as vocaçoes serao retiradas
[30/04/2012 10:30:33] /ghost
[30/04/2012 10:31:22] /b vocaçoes: akatsuki lvl 300+ ,  bijuu: lbl 500+ , konoha (anbu) 250+
[30/04/2012 10:32:24] /b quem n tiver com lvl das vocaçoes ate hj a noite elas serao retiradas
[30/04/2012 11:49:22] /addskill bee,level,40
[30/04/2012 11:50:29] /attr vocation 13
[30/04/2012 17:36:00] /ghost
[30/04/2012 17:36:21] /i 999
[30/04/2012 17:36:27] /a
[30/04/2012 17:37:05] /goto [adm] rikudou sannin
[30/04/2012 17:37:38] /a 50
[30/04/2012 17:37:56] /a 50
[30/04/2012 17:43:43] /ghost
[30/04/2012 18:07:59] /c mike
[30/04/2012 18:42:49] /ghost
[30/04/2012 18:48:52] /newtype 86
[30/04/2012 19:00:12] /clean
[30/04/2012 19:00:23] /clean
[01/05/2012 13:56:02] /ghost
[01/05/2012 13:56:31] /t
[02/05/2012 12:48:14] /a 2
[02/05/2012 12:48:16] /r
[02/05/2012 12:48:18] /a 4
[02/05/2012 12:48:31] /ghost
[02/05/2012 12:48:58] /addskill sasuke uchiha,level,70
[02/05/2012 12:49:19] /addskill sasuke uchiha,level,20
[02/05/2012 12:49:29] /c gaara
[02/05/2012 12:50:13] /attr vocation 21
[02/05/2012 12:50:33] /attr vocation 21
[02/05/2012 12:52:06] /i kazekage coat 2
[02/05/2012 12:52:15] /i kazekage coat
[02/05/2012 12:52:34] /i tobi mask
[02/05/2012 12:52:56] /i tobi mask
[02/05/2012 13:10:12] /addskill sasuke uchiha,level,90
[02/05/2012 13:10:40] /attr vocation 21
[02/05/2012 13:10:45] /save
