[26/04/2012 22:18:54] /save
[26/04/2012 22:20:38] /i golden bar
[26/04/2012 22:20:41] /i golden bar
[26/04/2012 22:20:46] /i gold bar
[26/04/2012 22:20:48] /i gold bar
[26/04/2012 22:20:51] /i gold bar
[26/04/2012 22:22:23] /a 3
[26/04/2012 22:24:56] /b Eu vo subi as nuvens pra desenhar o seu sorriso (8)
[26/04/2012 22:25:05] /addskill Killer Bee,level,1
[26/04/2012 22:25:13] /addskill Killer Bee,level,1
[26/04/2012 22:25:43] /addskill Killer Bee,level,1
[26/04/2012 22:26:18] /ghost
[26/04/2012 22:26:21] /addskill Killer Bee,level,1
[26/04/2012 22:37:07] /b quem foi o viado
[26/04/2012 22:37:16] /b n eu asho que que morre ne
[26/04/2012 22:37:21] /b pra ta fazendo isso
[26/04/2012 22:37:25] /b KKKKK 
[26/04/2012 22:37:42] /b USHAULASH ONI ONI
[26/04/2012 22:38:15] /clean
[26/04/2012 22:38:28] /b eu vo assisti dps mimi eu ahso que vo sai nds pra faze
[26/04/2012 22:38:34] /b gabi saiu do msn //;
[26/04/2012 22:40:36] /b ae vo mimi
[26/04/2012 22:41:01] /b ññ vo assisti dps eu vo flws leek's
[26/04/2012 22:41:09] /b amanha tem aulaaa //;
[26/04/2012 22:41:20] /b amanha as 1 aula tem matematica ?
[26/04/2012 22:41:32] /b eu asho que fiz uma pergunta e quero resposta
[26/04/2012 22:41:40] /b "wesley" kkk
[26/04/2012 22:41:45] /b em porra
[26/04/2012 22:41:54] /clean
[26/04/2012 22:42:08] /r
[26/04/2012 22:42:09] /r
[26/04/2012 22:42:09] /r
[26/04/2012 22:42:09] /r
[26/04/2012 22:42:09] /r
[26/04/2012 22:42:09] /r
[26/04/2012 22:42:09] /r
[26/04/2012 22:42:09] /r
[26/04/2012 22:42:09] /r
[26/04/2012 22:42:09] /r
[26/04/2012 22:42:10] /r
[26/04/2012 22:42:10] /r
[26/04/2012 22:42:10] /r
[26/04/2012 22:42:10] /r
[26/04/2012 22:42:10] /r
[26/04/2012 22:42:11] /r
[26/04/2012 22:42:11] /r
[26/04/2012 22:42:11] /r
[26/04/2012 22:42:11] /r
[26/04/2012 22:42:11] /r
[26/04/2012 22:42:12] /r
[26/04/2012 22:42:12] /r
[26/04/2012 22:42:12] /r
[26/04/2012 22:42:12] /r
[26/04/2012 22:42:12] /r
[26/04/2012 22:42:13] /r
[26/04/2012 22:42:13] /r
[26/04/2012 22:42:13] /r
[26/04/2012 22:42:13] /r
[26/04/2012 22:42:14] /r
[26/04/2012 22:42:14] /r
[26/04/2012 22:42:14] /r
[26/04/2012 22:42:14] /r
[26/04/2012 22:42:14] /r
[26/04/2012 22:42:15] /r
[26/04/2012 22:42:15] /r
[26/04/2012 22:42:15] /r
[26/04/2012 22:42:15] /r
[26/04/2012 22:42:15] /r
[26/04/2012 22:42:16] /r
[26/04/2012 22:42:16] /r
[26/04/2012 22:42:17] /r
[26/04/2012 22:42:17] /r
[26/04/2012 22:42:17] /r
[26/04/2012 22:42:17] /r
[26/04/2012 22:42:17] /r
[26/04/2012 22:42:18] /r
[26/04/2012 22:42:18] /r
[26/04/2012 22:42:18] /r
[26/04/2012 22:42:18] /r
[26/04/2012 22:42:20] /r
[26/04/2012 22:42:20] /r
[26/04/2012 22:42:21] /r
[26/04/2012 22:42:21] /r
[26/04/2012 22:42:21] /r
[26/04/2012 22:42:21] /r
[26/04/2012 22:42:21] /r
[26/04/2012 22:42:22] /r
[26/04/2012 22:42:23] /r
[26/04/2012 22:42:23] /r
[26/04/2012 22:42:23] /r
[26/04/2012 22:42:24] /r
[26/04/2012 22:42:24] /r
[26/04/2012 22:42:24] /r
[26/04/2012 22:42:25] /r
[26/04/2012 22:42:25] /r
[26/04/2012 22:42:25] /r
[26/04/2012 22:42:26] /r
[26/04/2012 22:42:26] /r
[26/04/2012 22:42:26] /r
[26/04/2012 22:42:27] /r
[26/04/2012 22:42:27] /r
[26/04/2012 22:42:27] /r
[26/04/2012 22:42:32] /r
[26/04/2012 22:42:35] /r
[26/04/2012 22:42:35] /r
[26/04/2012 22:42:35] /r
[26/04/2012 22:42:35] /r
[26/04/2012 22:42:35] /r
[26/04/2012 22:42:36] /r
[26/04/2012 22:42:36] /r
[26/04/2012 22:42:37] /r
[26/04/2012 22:42:37] /r
[26/04/2012 22:42:37] /r
[26/04/2012 22:42:38] /r
[26/04/2012 22:42:38] /r
[26/04/2012 22:42:38] /r
[26/04/2012 22:42:38] /r
[26/04/2012 22:42:38] /r
[26/04/2012 22:42:39] /r
[26/04/2012 22:42:40] /r
[26/04/2012 22:42:40] /r
[26/04/2012 22:42:40] /r
[26/04/2012 22:42:40] /r
[26/04/2012 22:42:40] /r
[26/04/2012 22:42:41] /r
[26/04/2012 22:42:41] /r
[26/04/2012 22:42:41] /r
[26/04/2012 22:42:41] /r
[26/04/2012 22:42:50] /r
[26/04/2012 22:42:50] /r
[26/04/2012 22:42:50] /r
[26/04/2012 22:42:51] /r
[26/04/2012 22:42:51] /r
[26/04/2012 22:42:51] /r
[26/04/2012 22:42:52] /r
[26/04/2012 22:42:53] /r
[26/04/2012 22:42:53] /r
[26/04/2012 22:42:53] /r
[26/04/2012 22:42:53] /r
[26/04/2012 22:42:53] /r
[26/04/2012 22:42:53] /r
[26/04/2012 22:42:53] /r
[26/04/2012 22:42:53] /r
[26/04/2012 22:42:54] /r
[26/04/2012 22:42:54] /r
[26/04/2012 22:42:54] /r
[26/04/2012 22:42:54] /r
[26/04/2012 22:42:54] /r
[26/04/2012 22:42:57] /r
[26/04/2012 22:42:57] /r
[26/04/2012 22:42:57] /r
[26/04/2012 22:42:57] /r
[26/04/2012 22:42:57] /r
[26/04/2012 22:42:57] /r
[26/04/2012 22:42:57] /r
[26/04/2012 22:42:57] /r
[26/04/2012 22:42:57] /r
[26/04/2012 22:42:58] /r
[26/04/2012 22:42:58] /r
[26/04/2012 22:43:04] /r
[26/04/2012 22:43:15] /r
[26/04/2012 22:43:15] /r
[26/04/2012 22:43:15] /r
[26/04/2012 22:43:15] /r
[26/04/2012 22:43:15] /r
[26/04/2012 22:43:16] /r
[26/04/2012 22:43:17] /r
[26/04/2012 22:43:17] /r
[26/04/2012 22:43:17] /r
[26/04/2012 22:43:17] /r
[26/04/2012 22:43:18] /r
[26/04/2012 22:43:19] /r
[26/04/2012 22:43:19] /r
[26/04/2012 22:43:20] /r
[26/04/2012 22:43:20] /r
[26/04/2012 22:43:21] /r
[26/04/2012 22:43:22] /r
[26/04/2012 22:43:23] /r
[26/04/2012 22:43:23] /r
[26/04/2012 22:43:24] /r
[26/04/2012 22:43:24] /r
[26/04/2012 22:43:25] /r
[26/04/2012 22:43:25] /r
[26/04/2012 22:43:25] /r
[26/04/2012 22:43:25] /r
[26/04/2012 22:43:27] /r
[26/04/2012 22:43:27] /r
[26/04/2012 22:43:27] /r
[26/04/2012 22:43:27] /r
[26/04/2012 22:43:27] /r
[26/04/2012 22:43:28] /r
[26/04/2012 22:43:28] /r
[26/04/2012 22:43:28] /r
[26/04/2012 22:43:28] /r
[26/04/2012 22:43:28] /r
[26/04/2012 22:43:29] /r
[26/04/2012 22:43:29] /r
[26/04/2012 22:43:31] /r
[26/04/2012 22:43:31] /r
[26/04/2012 22:43:31] /r
[26/04/2012 22:43:31] /r
[26/04/2012 22:43:32] /r
[26/04/2012 22:43:33] /r
[26/04/2012 22:43:33] /r
[26/04/2012 22:43:34] /r
[26/04/2012 22:43:35] /r
[26/04/2012 22:43:35] /r
[26/04/2012 22:43:35] /r
[26/04/2012 22:43:35] /r
[26/04/2012 22:43:35] /r
[26/04/2012 22:43:36] /r
[26/04/2012 22:43:36] /r
[26/04/2012 22:43:36] /r
[26/04/2012 22:43:36] /r
[26/04/2012 22:43:37] /r
[26/04/2012 22:43:38] /r
[26/04/2012 22:43:39] /r
[26/04/2012 22:43:39] /r
[26/04/2012 22:43:39] /r
[26/04/2012 22:43:40] /r
[26/04/2012 22:43:40] /r
[26/04/2012 22:43:44] /r
[26/04/2012 22:43:45] /r
[26/04/2012 22:43:45] /r
[26/04/2012 22:43:45] /r
[26/04/2012 22:43:45] /r
[26/04/2012 22:43:45] /r
[26/04/2012 22:43:47] /r
[26/04/2012 22:43:47] /r
[26/04/2012 22:43:47] /r
[26/04/2012 22:43:47] /r
[26/04/2012 22:43:47] /r
[26/04/2012 22:43:47] /r
[26/04/2012 22:43:48] /r
[26/04/2012 22:43:48] /r
[26/04/2012 22:43:48] /r
[26/04/2012 22:43:48] /r
[26/04/2012 22:43:48] /r
[26/04/2012 22:43:49] /r
[26/04/2012 22:43:49] /r
[26/04/2012 22:43:49] /r
[26/04/2012 22:43:49] /r
[26/04/2012 22:43:50] /r
[26/04/2012 22:43:50] /r
[26/04/2012 22:43:51] /r
[26/04/2012 22:43:51] /r
[26/04/2012 22:43:51] /r
[26/04/2012 22:43:51] /r
[26/04/2012 22:43:53] /r
[26/04/2012 22:43:58] /r
[26/04/2012 22:44:30] /r
[26/04/2012 22:44:30] /r
[26/04/2012 22:44:30] /r
[26/04/2012 22:44:30] /r
[26/04/2012 22:44:31] /r
[26/04/2012 22:44:31] /r
[26/04/2012 22:44:31] /r
[26/04/2012 22:44:31] /r
[26/04/2012 22:44:34] /r
[26/04/2012 22:44:34] /r
[26/04/2012 22:44:34] /r
[26/04/2012 22:44:34] /r
[26/04/2012 22:44:34] /r
[26/04/2012 22:44:34] /r
[26/04/2012 22:44:34] /r
[26/04/2012 22:44:35] /r
[26/04/2012 22:44:36] /r
[26/04/2012 22:44:36] /r
[26/04/2012 22:44:37] /r
[26/04/2012 22:44:37] /r
[26/04/2012 22:44:38] /r
[26/04/2012 22:44:38] /r
[26/04/2012 22:44:38] /r
[26/04/2012 22:44:38] /r
[26/04/2012 22:44:39] /r
[26/04/2012 22:44:39] /r
[26/04/2012 22:44:39] /r
[26/04/2012 22:44:40] /r
[26/04/2012 22:44:40] /r
[26/04/2012 22:44:41] /r
[26/04/2012 22:44:41] /r
[26/04/2012 22:44:41] /r
[26/04/2012 22:44:41] /r
[26/04/2012 22:44:42] /r
[26/04/2012 22:44:43] /r
[26/04/2012 22:44:43] /r
[26/04/2012 22:44:43] /r
[27/04/2012 13:02:37] /a
[27/04/2012 13:02:42] /a
[27/04/2012 13:02:42] /a
[27/04/2012 13:15:36] /goto killer Bee
[27/04/2012 13:16:22] /a
[27/04/2012 13:16:24] /a
[27/04/2012 13:16:32] /a
[27/04/2012 13:16:32] /a
[27/04/2012 13:17:15] /goto Uzumaki Naruto
[27/04/2012 13:18:30] /t
[27/04/2012 14:41:39] /r
[27/04/2012 18:21:10] /addskill Zianks,level,1
[27/04/2012 18:21:11] /addskill Zianks,level,1
[27/04/2012 18:21:11] /addskill Zianks,level,1
[27/04/2012 18:21:12] /addskill Zianks,level,1
[27/04/2012 18:21:12] /addskill Zianks,level,1
[27/04/2012 18:21:13] /addskill Zianks,level,1
[27/04/2012 18:21:13] /addskill Zianks,level,1
[27/04/2012 18:21:13] /addskill Zianks,level,1
[27/04/2012 18:21:14] /addskill Zianks,level,1
[27/04/2012 18:21:14] /addskill Zianks,level,1
[27/04/2012 18:21:15] /addskill Zianks,level,1
[27/04/2012 18:21:16] /addskill Zianks,level,1
[27/04/2012 18:21:17] /addskill Zianks,level,1
[27/04/2012 18:21:19] /addskill Zianks,level,1
[27/04/2012 18:29:36] /n ÑÑ É http://narutomelhorrpg.webnode.com/chat/
[27/04/2012 18:29:50] /b acessem jah http://narutomelhorrpg.webnode.com/chat/
[27/04/2012 18:31:49] /b Gente o ot ja volta é rapidãão tah .
[27/04/2012 18:31:53] /b Só 1 minuto
[27/04/2012 18:31:55] /save
[27/04/2012 18:39:07] /addskill Zianks,level,1
[27/04/2012 18:39:09] /addskill Zianks,level,1
[27/04/2012 18:39:10] /addskill Zianks,level,1
[27/04/2012 18:39:10] /addskill Zianks,level,1
[27/04/2012 18:39:11] /addskill Zianks,level,1
[27/04/2012 18:39:12] /addskill Zianks,level,1
[27/04/2012 18:39:12] /addskill Zianks,level,1
[27/04/2012 18:39:15] /addskill Zianks,level,1
[27/04/2012 18:39:17] /addskill Zianks,level,1
[27/04/2012 18:39:46] /attr group 1
[27/04/2012 18:39:50] /r
[27/04/2012 18:39:52] /r
[27/04/2012 18:39:54] /r
[27/04/2012 18:39:55] /r
[27/04/2012 18:40:49] /t sakura
[27/04/2012 18:41:39] /addskill sakura,level,1
[27/04/2012 18:41:40] /addskill sakura,level,1
[27/04/2012 18:41:41] /addskill sakura,level,1
[27/04/2012 18:41:41] /addskill sakura,level,1
[27/04/2012 18:41:42] /addskill sakura,level,1
[27/04/2012 18:41:42] /addskill sakura,level,1
[27/04/2012 18:41:43] /addskill sakura,level,1
[27/04/2012 18:41:44] /addskill sakura,level,1
[27/04/2012 18:41:45] /addskill sakura,level,1
[27/04/2012 18:41:48] /addskill sakura,level,1
[27/04/2012 18:41:48] /addskill sakura,level,1
[27/04/2012 18:41:49] /addskill sakura,level,1
[27/04/2012 18:41:49] /addskill sakura,level,1
[27/04/2012 19:00:37] /t
[27/04/2012 19:00:47] /a 5
[27/04/2012 19:00:48] /a 5
[27/04/2012 19:00:49] /a 5
[27/04/2012 19:00:52] /a 5
[27/04/2012 19:00:55] /a 5
[27/04/2012 19:01:06] /a 5
[27/04/2012 19:01:12] /c poollidance 
[27/04/2012 19:01:20] /ghost
[27/04/2012 19:01:48] /addskill poollidance,level,1
[27/04/2012 19:01:49] /addskill poollidance,level,1
[27/04/2012 19:01:49] /addskill poollidance,level,1
[27/04/2012 19:01:50] /addskill poollidance,level,1
[27/04/2012 19:01:50] /addskill poollidance,level,1
[27/04/2012 19:01:50] /addskill poollidance,level,1
[27/04/2012 19:01:51] /addskill poollidance,level,1
[27/04/2012 19:01:51] /addskill poollidance,level,1
[27/04/2012 19:01:52] /addskill poollidance,level,1
[27/04/2012 19:01:52] /addskill poollidance,level,1
[27/04/2012 19:01:53] /addskill poollidance,level,1
[27/04/2012 19:01:54] /addskill poollidance,level,1
[27/04/2012 19:01:54] /addskill poollidance,level,1
[27/04/2012 19:01:54] /addskill poollidance,level,1
[27/04/2012 19:01:55] /addskill poollidance,level,1
[27/04/2012 19:01:55] /addskill poollidance,level,1
[27/04/2012 19:01:56] /addskill poollidance,level,1
[27/04/2012 19:01:56] /addskill poollidance,level,1
[27/04/2012 19:01:57] /addskill poollidance,level,1
[27/04/2012 19:01:58] /addskill poollidance,level,1
[27/04/2012 19:01:59] /addskill poollidance,level,1
[27/04/2012 19:01:59] /addskill poollidance,level,1
[27/04/2012 19:02:00] /addskill poollidance,level,1
[27/04/2012 19:02:00] /addskill poollidance,level,1
[27/04/2012 19:02:01] /addskill poollidance,level,1
[27/04/2012 19:02:01] /addskill poollidance,level,1
[27/04/2012 19:02:02] /addskill poollidance,level,1
[27/04/2012 19:02:02] /addskill poollidance,level,1
[27/04/2012 19:02:03] /addskill poollidance,level,1
[27/04/2012 19:02:03] /addskill poollidance,level,1
[27/04/2012 19:02:04] /addskill poollidance,level,1
[27/04/2012 19:02:04] /addskill poollidance,level,1
[27/04/2012 19:02:05] /addskill poollidance,level,1
[27/04/2012 19:02:06] /addskill poollidance,level,1
[27/04/2012 19:02:06] /addskill poollidance,level,1
[27/04/2012 19:02:07] /addskill poollidance,level,1
[27/04/2012 19:02:15] /addskill poollidance,level,1
[27/04/2012 19:02:15] /addskill poollidance,level,1
[27/04/2012 19:02:15] /addskill poollidance,level,1
[27/04/2012 19:02:16] /addskill poollidance,level,1
[27/04/2012 19:02:16] /addskill poollidance,level,1
[27/04/2012 19:02:16] /addskill poollidance,level,1
[27/04/2012 19:02:16] /addskill poollidance,level,1
[27/04/2012 19:02:16] /addskill poollidance,level,1
[27/04/2012 19:02:16] /addskill poollidance,level,1
[27/04/2012 19:02:16] /addskill poollidance,level,1
[27/04/2012 19:02:16] /addskill poollidance,level,1
[27/04/2012 19:02:16] /addskill poollidance,level,1
[27/04/2012 19:02:16] /addskill poollidance,level,1
[27/04/2012 19:02:16] /addskill poollidance,level,1
[27/04/2012 19:02:17] /addskill poollidance,level,1
[27/04/2012 19:02:17] /addskill poollidance,level,1
[27/04/2012 19:02:17] /addskill poollidance,level,1
[27/04/2012 19:02:17] /addskill poollidance,level,1
[27/04/2012 19:02:17] /addskill poollidance,level,1
[27/04/2012 19:02:17] /addskill poollidance,level,1
[27/04/2012 19:02:17] /addskill poollidance,level,1
[27/04/2012 19:02:17] /addskill poollidance,level,1
[27/04/2012 19:02:17] /addskill poollidance,level,1
[27/04/2012 19:02:17] /addskill poollidance,level,1
[27/04/2012 19:02:17] /addskill poollidance,level,1
[27/04/2012 19:02:18] /addskill poollidance,level,1
[27/04/2012 19:02:18] /addskill poollidance,level,1
[27/04/2012 19:02:18] /addskill poollidance,level,1
[27/04/2012 19:02:18] /addskill poollidance,level,1
[27/04/2012 19:02:18] /addskill poollidance,level,1
[27/04/2012 19:02:18] /addskill poollidance,level,1
[27/04/2012 19:02:18] /addskill poollidance,level,1
[27/04/2012 19:02:18] /addskill poollidance,level,1
[27/04/2012 19:02:18] /addskill poollidance,level,1
[27/04/2012 19:02:18] /addskill poollidance,level,1
[27/04/2012 19:02:18] /addskill poollidance,level,1
[27/04/2012 19:02:18] /addskill poollidance,level,1
[27/04/2012 19:02:19] /addskill poollidance,level,1
[27/04/2012 19:02:19] /addskill poollidance,level,1
[27/04/2012 19:02:19] /addskill poollidance,level,1
[27/04/2012 19:02:19] /addskill poollidance,level,1
[27/04/2012 19:02:19] /addskill poollidance,level,1
[27/04/2012 19:02:19] /addskill poollidance,level,1
[27/04/2012 19:02:19] /addskill poollidance,level,1
[27/04/2012 19:02:19] /addskill poollidance,level,1
[27/04/2012 19:02:19] /addskill poollidance,level,1
[27/04/2012 19:02:19] /addskill poollidance,level,1
[27/04/2012 19:02:19] /addskill poollidance,level,1
[27/04/2012 19:02:20] /addskill poollidance,level,1
[27/04/2012 19:02:20] /addskill poollidance,level,1
[27/04/2012 19:02:20] /addskill poollidance,level,1
[27/04/2012 19:02:20] /addskill poollidance,level,1
[27/04/2012 19:02:20] /addskill poollidance,level,1
[27/04/2012 19:02:20] /addskill poollidance,level,1
[27/04/2012 19:02:20] /addskill poollidance,level,1
[27/04/2012 19:02:20] /addskill poollidance,level,1
[27/04/2012 19:02:20] /addskill poollidance,level,1
[27/04/2012 19:02:20] /addskill poollidance,level,1
[27/04/2012 19:02:20] /addskill poollidance,level,1
[27/04/2012 19:02:21] /addskill poollidance,level,1
[27/04/2012 19:02:21] /addskill poollidance,level,1
[27/04/2012 19:02:21] /addskill poollidance,level,1
[27/04/2012 19:02:21] /addskill poollidance,level,1
[27/04/2012 19:02:22] /addskill poollidance,level,1
[27/04/2012 19:02:48] /ghost
[27/04/2012 19:02:49] /t
[27/04/2012 19:03:32] /c poollidance
[27/04/2012 19:03:35] /c poollidance
[27/04/2012 20:57:14] /t
[27/04/2012 20:57:15] /down
[27/04/2012 20:57:24] /r
[27/04/2012 21:38:40] /c poollidance
[27/04/2012 21:39:07] /addskill Poollidance,level,1
[27/04/2012 21:39:08] /addskill Poollidance,level,1
[27/04/2012 21:39:08] /addskill Poollidance,level,1
[27/04/2012 21:39:08] /addskill Poollidance,level,1
[27/04/2012 21:39:08] /addskill Poollidance,level,1
[27/04/2012 21:39:08] /addskill Poollidance,level,1
[27/04/2012 21:39:08] /addskill Poollidance,level,1
[27/04/2012 21:39:08] /addskill Poollidance,level,1
[27/04/2012 21:39:08] /addskill Poollidance,level,1
[27/04/2012 21:39:08] /addskill Poollidance,level,1
[27/04/2012 21:39:08] /addskill Poollidance,level,1
[27/04/2012 21:39:08] /addskill Poollidance,level,1
[27/04/2012 21:39:09] /addskill Poollidance,level,1
[27/04/2012 21:39:09] /addskill Poollidance,level,1
[27/04/2012 21:39:09] /addskill Poollidance,level,1
[27/04/2012 21:39:09] /addskill Poollidance,level,1
[27/04/2012 21:39:09] /addskill Poollidance,level,1
[27/04/2012 21:39:09] /addskill Poollidance,level,1
[27/04/2012 21:39:09] /addskill Poollidance,level,1
[27/04/2012 21:39:09] /addskill Poollidance,level,1
[27/04/2012 21:39:09] /addskill Poollidance,level,1
[27/04/2012 21:39:09] /addskill Poollidance,level,1
[27/04/2012 21:39:09] /addskill Poollidance,level,1
[27/04/2012 21:39:09] /addskill Poollidance,level,1
[27/04/2012 21:39:09] /addskill Poollidance,level,1
[27/04/2012 21:39:09] /addskill Poollidance,level,1
[27/04/2012 21:39:09] /addskill Poollidance,level,1
[27/04/2012 21:39:09] /addskill Poollidance,level,1
[27/04/2012 21:39:09] /addskill Poollidance,level,1
[27/04/2012 21:39:09] /addskill Poollidance,level,1
[27/04/2012 21:39:09] /addskill Poollidance,level,1
[27/04/2012 21:39:09] /addskill Poollidance,level,1
[27/04/2012 21:39:10] /addskill Poollidance,level,1
[27/04/2012 21:39:10] /addskill Poollidance,level,1
[27/04/2012 21:39:10] /addskill Poollidance,level,1
[27/04/2012 21:39:10] /addskill Poollidance,level,1
[27/04/2012 21:39:10] /addskill Poollidance,level,1
[27/04/2012 21:39:10] /addskill Poollidance,level,1
[27/04/2012 21:39:10] /addskill Poollidance,level,1
[27/04/2012 21:39:10] /addskill Poollidance,level,1
[27/04/2012 21:39:10] /addskill Poollidance,level,1
[27/04/2012 21:39:10] /addskill Poollidance,level,1
[27/04/2012 21:39:11] /addskill Poollidance,level,1
[27/04/2012 21:39:11] /addskill Poollidance,level,1
[27/04/2012 21:39:11] /addskill Poollidance,level,1
[27/04/2012 21:39:11] /addskill Poollidance,level,1
[27/04/2012 21:39:11] /addskill Poollidance,level,1
[27/04/2012 21:39:11] /addskill Poollidance,level,1
[27/04/2012 21:39:11] /addskill Poollidance,level,1
[27/04/2012 21:39:11] /addskill Poollidance,level,1
[27/04/2012 21:39:11] /addskill Poollidance,level,1
[27/04/2012 21:39:11] /addskill Poollidance,level,1
[27/04/2012 21:39:11] /addskill Poollidance,level,1
[27/04/2012 21:39:11] /addskill Poollidance,level,1
[27/04/2012 21:39:11] /addskill Poollidance,level,1
[27/04/2012 21:39:11] /addskill Poollidance,level,1
[27/04/2012 21:39:12] /addskill Poollidance,level,1
[27/04/2012 21:39:12] /addskill Poollidance,level,1
[27/04/2012 21:39:12] /addskill Poollidance,level,1
[27/04/2012 21:39:12] /addskill Poollidance,level,1
[27/04/2012 21:39:12] /addskill Poollidance,level,1
[27/04/2012 21:39:13] /addskill Poollidance,level,1
[27/04/2012 21:39:13] /addskill Poollidance,level,1
[27/04/2012 21:39:13] /addskill Poollidance,level,1
[27/04/2012 21:39:13] /addskill Poollidance,level,1
[27/04/2012 21:39:14] /addskill Poollidance,level,1
[27/04/2012 21:39:14] /addskill Poollidance,level,1
[27/04/2012 21:39:14] /addskill Poollidance,level,1
[27/04/2012 21:39:14] /addskill Poollidance,level,1
[27/04/2012 21:39:14] /addskill Poollidance,level,1
[27/04/2012 21:39:14] /addskill Poollidance,level,1
[27/04/2012 21:39:14] /addskill Poollidance,level,1
[27/04/2012 21:39:14] /addskill Poollidance,level,1
[27/04/2012 21:39:14] /addskill Poollidance,level,1
[27/04/2012 21:39:14] /addskill Poollidance,level,1
[27/04/2012 21:39:15] /addskill Poollidance,level,1
[27/04/2012 21:39:15] /addskill Poollidance,level,1
[27/04/2012 21:39:15] /addskill Poollidance,level,1
[27/04/2012 21:39:18] /addskill Poollidance,level,1
[27/04/2012 21:39:19] /addskill Poollidance,level,1
[27/04/2012 21:41:03] /t poollidance
[27/04/2012 21:41:54] /ghost
[27/04/2012 21:41:58] /a 10
[27/04/2012 21:42:01] /a 50
[27/04/2012 21:42:03] /a 50
[27/04/2012 21:42:06] /a 5
[27/04/2012 21:42:09] /a
[27/04/2012 21:42:11] /a
[27/04/2012 21:42:32] /c poollidance
[27/04/2012 21:43:18] /r
[28/04/2012 09:18:26] /i big shurikens
[28/04/2012 09:18:31] /i big shurikens
[28/04/2012 09:18:37] /i big shuriken
[28/04/2012 09:18:47] /t
[28/04/2012 09:19:08] /i big shuriken
[28/04/2012 09:19:08] /i big shuriken
[28/04/2012 09:19:09] /i big shuriken
[28/04/2012 09:19:10] /i big shuriken
[28/04/2012 09:19:10] /i big shuriken
[28/04/2012 09:19:11] /i big shuriken
[28/04/2012 09:19:12] /i big shuriken
[28/04/2012 09:19:12] /i big shuriken
[28/04/2012 09:19:13] /i big shuriken
[28/04/2012 09:19:13] /i big shuriken
[28/04/2012 09:19:14] /i big shuriken
[28/04/2012 09:19:15] /i big shuriken
[28/04/2012 09:19:17] /i big shuriken
[28/04/2012 09:19:18] /i big shuriken
[28/04/2012 09:19:18] /i big shuriken
[28/04/2012 09:19:19] /i big shuriken
[28/04/2012 09:19:19] /i big shuriken
[28/04/2012 09:19:20] /i big shuriken
[28/04/2012 09:19:21] /i big shuriken
[28/04/2012 09:19:21] /i big shuriken
[28/04/2012 09:19:22] /i big shuriken
[28/04/2012 09:19:32] /r
[28/04/2012 09:19:33] /r
[28/04/2012 09:19:34] /r
[28/04/2012 09:19:37] /r
[28/04/2012 09:19:38] /r
[28/04/2012 09:19:54] /r
[28/04/2012 09:19:54] /r
[28/04/2012 09:20:03] /r
[28/04/2012 09:20:04] /r
[28/04/2012 09:20:04] /r
[28/04/2012 09:20:05] /r
[28/04/2012 09:20:05] /r
[28/04/2012 09:20:06] /r
[28/04/2012 09:20:07] /r
[28/04/2012 09:20:08] /r
[28/04/2012 09:20:08] /r
[28/04/2012 09:20:09] /r
[28/04/2012 09:20:10] /r
[28/04/2012 09:20:10] /r
[28/04/2012 09:20:11] /r
[28/04/2012 09:20:12] /r
[28/04/2012 09:20:14] /r
[28/04/2012 09:20:31] /a 60
[28/04/2012 18:02:51] /ghost
[28/04/2012 18:04:27] /addskill poollidance,level,1
[28/04/2012 18:04:29] /addskill poollidance,level,1
[28/04/2012 18:04:29] /addskill poollidance,level,1
[28/04/2012 18:04:29] /addskill poollidance,level,1
[28/04/2012 18:04:42] /goto poollidance
[28/04/2012 18:04:48] /addskill poollidance,level,1
[28/04/2012 18:04:48] /addskill poollidance,level,1
[28/04/2012 18:04:49] /addskill poollidance,level,1
[28/04/2012 18:04:49] /addskill poollidance,level,1
[28/04/2012 18:04:49] /addskill poollidance,level,1
[28/04/2012 18:04:49] /addskill poollidance,level,1
[28/04/2012 18:04:50] /addskill poollidance,level,1
[28/04/2012 18:04:50] /addskill poollidance,level,1
[28/04/2012 18:04:50] /addskill poollidance,level,1
[28/04/2012 18:04:50] /addskill poollidance,level,1
[28/04/2012 18:04:50] /addskill poollidance,level,1
[28/04/2012 18:04:50] /addskill poollidance,level,1
[28/04/2012 18:04:50] /addskill poollidance,level,1
[28/04/2012 18:04:50] /addskill poollidance,level,1
[28/04/2012 18:04:50] /addskill poollidance,level,1
[28/04/2012 18:04:50] /addskill poollidance,level,1
[28/04/2012 18:04:50] /addskill poollidance,level,1
[28/04/2012 18:04:50] /addskill poollidance,level,1
[28/04/2012 18:04:50] /addskill poollidance,level,1
[28/04/2012 18:04:50] /addskill poollidance,level,1
[28/04/2012 18:04:50] /addskill poollidance,level,1
[28/04/2012 18:04:50] /addskill poollidance,level,1
[28/04/2012 18:04:50] /addskill poollidance,level,1
[28/04/2012 18:04:51] /addskill poollidance,level,1
[28/04/2012 18:04:52] /addskill poollidance,level,1
[28/04/2012 18:04:52] /addskill poollidance,level,1
[28/04/2012 18:04:52] /addskill poollidance,level,1
[28/04/2012 18:04:52] /addskill poollidance,level,1
[28/04/2012 18:04:53] /addskill poollidance,level,1
[28/04/2012 18:04:54] /addskill poollidance,level,1
[28/04/2012 18:04:54] /addskill poollidance,level,1
[28/04/2012 18:04:54] /addskill poollidance,level,1
[28/04/2012 18:04:54] /addskill poollidance,level,1
[28/04/2012 18:04:54] /addskill poollidance,level,1
[28/04/2012 18:04:54] /addskill poollidance,level,1
[28/04/2012 18:04:54] /addskill poollidance,level,1
[28/04/2012 18:04:54] /addskill poollidance,level,1
[28/04/2012 18:04:54] /addskill poollidance,level,1
[28/04/2012 18:04:54] /addskill poollidance,level,1
[28/04/2012 18:04:54] /addskill poollidance,level,1
[28/04/2012 18:04:54] /addskill poollidance,level,1
[28/04/2012 18:04:54] /addskill poollidance,level,1
[28/04/2012 18:04:54] /addskill poollidance,level,1
[28/04/2012 18:04:54] /addskill poollidance,level,1
[28/04/2012 18:04:54] /addskill poollidance,level,1
[28/04/2012 18:04:54] /addskill poollidance,level,1
[28/04/2012 18:04:55] /addskill poollidance,level,1
[28/04/2012 18:04:56] /addskill poollidance,level,1
[28/04/2012 18:10:08] /t
[28/04/2012 18:59:13] /b Gente ot vai fica off
[28/04/2012 18:59:23] /b Por 1 minuto ja volta é rapidãão
[28/04/2012 18:59:33] /save
[28/04/2012 19:05:30] /addskill Bijuu,level,1
[28/04/2012 19:05:31] /addskill Bijuu,level,1
[28/04/2012 19:05:32] /addskill Bijuu,level,1
[28/04/2012 19:05:32] /addskill Bijuu,level,1
[28/04/2012 19:05:33] /addskill Bijuu,level,1
[28/04/2012 19:05:33] /addskill Bijuu,level,1
[28/04/2012 19:05:33] /addskill Bijuu,level,1
[28/04/2012 19:05:33] /addskill Bijuu,level,1
[28/04/2012 19:05:33] /addskill Bijuu,level,1
[28/04/2012 19:05:50] /c mike
[28/04/2012 19:06:04] /addskill Mike,level,1
[28/04/2012 19:06:04] /addskill Mike,level,1
[28/04/2012 19:06:04] /addskill Mike,level,1
[28/04/2012 19:06:04] /addskill Mike,level,1
[28/04/2012 19:06:04] /addskill Mike,level,1
[28/04/2012 19:06:04] /addskill Mike,level,1
[28/04/2012 19:06:05] /addskill Mike,level,1
[28/04/2012 19:06:05] /addskill Mike,level,1
[28/04/2012 19:06:05] /addskill Mike,level,1
[28/04/2012 19:06:05] /addskill Mike,level,1
[28/04/2012 19:06:05] /addskill Mike,level,1
[28/04/2012 19:06:05] /addskill Mike,level,1
[28/04/2012 19:06:05] /addskill Mike,level,1
[28/04/2012 19:06:05] /addskill Mike,level,1
[28/04/2012 19:06:05] /addskill Mike,level,1
[28/04/2012 19:06:05] /addskill Mike,level,1
[28/04/2012 19:06:05] /addskill Mike,level,1
[28/04/2012 19:06:05] /addskill Mike,level,1
[28/04/2012 19:06:06] /addskill Mike,level,1
[28/04/2012 19:06:06] /addskill Mike,level,1
[28/04/2012 19:06:06] /addskill Mike,level,1
[28/04/2012 19:06:06] /addskill Mike,level,1
[28/04/2012 19:06:06] /addskill Mike,level,1
[28/04/2012 19:06:06] /addskill Mike,level,1
[28/04/2012 19:06:06] /addskill Mike,level,1
[28/04/2012 19:06:06] /addskill Mike,level,1
[28/04/2012 19:06:06] /addskill Mike,level,1
[28/04/2012 19:06:06] /addskill Mike,level,1
[28/04/2012 19:06:06] /addskill Mike,level,1
[28/04/2012 19:06:06] /addskill Mike,level,1
[28/04/2012 19:06:07] /addskill Mike,level,1
[28/04/2012 19:06:07] /addskill Mike,level,1
[28/04/2012 19:06:07] /addskill Mike,level,1
[28/04/2012 19:06:07] /addskill Mike,level,1
[28/04/2012 19:06:07] /addskill Mike,level,1
[28/04/2012 19:06:07] /addskill Mike,level,1
[28/04/2012 19:06:07] /addskill Mike,level,1
[28/04/2012 19:06:07] /addskill Mike,level,1
[28/04/2012 19:06:07] /addskill Mike,level,1
[28/04/2012 19:06:07] /addskill Mike,level,1
[28/04/2012 19:06:07] /addskill Mike,level,1
[28/04/2012 19:06:07] /addskill Mike,level,1
[28/04/2012 19:06:07] /addskill Mike,level,1
[28/04/2012 19:06:07] /addskill Mike,level,1
[28/04/2012 19:06:07] /addskill Mike,level,1
[28/04/2012 19:06:08] /addskill Mike,level,1
[28/04/2012 19:06:08] /addskill Mike,level,1
[28/04/2012 19:06:08] /addskill Mike,level,1
[28/04/2012 19:06:08] /addskill Mike,level,1
[28/04/2012 19:06:08] /addskill Mike,level,1
[28/04/2012 19:06:08] /addskill Mike,level,1
[28/04/2012 19:06:08] /addskill Mike,level,1
[28/04/2012 19:06:08] /addskill Mike,level,1
[28/04/2012 19:06:08] /addskill Mike,level,1
[28/04/2012 19:06:08] /addskill Mike,level,1
[28/04/2012 19:06:08] /addskill Mike,level,1
[28/04/2012 19:06:08] /addskill Mike,level,1
[28/04/2012 19:06:08] /addskill Mike,level,1
[28/04/2012 19:06:09] /addskill Mike,level,1
[28/04/2012 19:06:09] /addskill Mike,level,1
[28/04/2012 19:06:09] /addskill Mike,level,1
[28/04/2012 19:06:09] /addskill Mike,level,1
[28/04/2012 19:06:09] /addskill Mike,level,1
[28/04/2012 19:06:09] /addskill Mike,level,1
[28/04/2012 19:06:09] /addskill Mike,level,1
[28/04/2012 19:06:09] /addskill Mike,level,1
[28/04/2012 19:06:09] /addskill Mike,level,1
[28/04/2012 19:06:09] /addskill Mike,level,1
[28/04/2012 19:06:09] /addskill Mike,level,1
[28/04/2012 19:06:09] /addskill Mike,level,1
[28/04/2012 19:06:09] /addskill Mike,level,1
[28/04/2012 19:06:09] /addskill Mike,level,1
[28/04/2012 19:06:10] /addskill Mike,level,1
[28/04/2012 19:06:10] /addskill Mike,level,1
[28/04/2012 19:06:10] /addskill Mike,level,1
[28/04/2012 19:06:11] /addskill Mike,level,1
[28/04/2012 19:06:11] /addskill Mike,level,1
[28/04/2012 19:06:11] /addskill Mike,level,1
[28/04/2012 19:06:11] /addskill Mike,level,1
[28/04/2012 19:06:11] /addskill Mike,level,1
[28/04/2012 19:06:11] /addskill Mike,level,1
[28/04/2012 19:06:11] /addskill Mike,level,1
[28/04/2012 19:06:11] /addskill Mike,level,1
[28/04/2012 19:06:11] /addskill Mike,level,1
[28/04/2012 19:06:12] /addskill Mike,level,1
[28/04/2012 19:06:12] /addskill Mike,level,1
[28/04/2012 19:06:12] /addskill Mike,level,1
[28/04/2012 19:06:12] /addskill Mike,level,1
[28/04/2012 19:06:12] /addskill Mike,level,1
[28/04/2012 19:06:12] /addskill Mike,level,1
[28/04/2012 19:06:12] /addskill Mike,level,1
[28/04/2012 19:06:12] /addskill Mike,level,1
[28/04/2012 19:06:12] /addskill Mike,level,1
[28/04/2012 19:06:12] /addskill Mike,level,1
[28/04/2012 19:06:12] /addskill Mike,level,1
[28/04/2012 19:06:13] /addskill Mike,level,1
[28/04/2012 19:06:13] /addskill Mike,level,1
[28/04/2012 19:06:13] /addskill Mike,level,1
[28/04/2012 19:06:13] /addskill Mike,level,1
[28/04/2012 19:06:13] /addskill Mike,level,1
[28/04/2012 19:06:13] /addskill Mike,level,1
[28/04/2012 19:06:13] /addskill Mike,level,1
[28/04/2012 19:06:13] /addskill Mike,level,1
[28/04/2012 19:06:13] /addskill Mike,level,1
[28/04/2012 19:06:13] /addskill Mike,level,1
[28/04/2012 19:06:13] /addskill Mike,level,1
[28/04/2012 19:06:14] /addskill Mike,level,1
[28/04/2012 19:06:14] /addskill Mike,level,1
[28/04/2012 19:06:14] /addskill Mike,level,1
[28/04/2012 19:06:14] /addskill Mike,level,1
[28/04/2012 19:06:14] /addskill Mike,level,1
[28/04/2012 19:06:14] /addskill Mike,level,1
[28/04/2012 19:06:14] /addskill Mike,level,1
[28/04/2012 19:06:14] /addskill Mike,level,1
[28/04/2012 19:06:14] /addskill Mike,level,1
[28/04/2012 19:06:14] /addskill Mike,level,1
[28/04/2012 19:06:14] /addskill Mike,level,1
[28/04/2012 19:06:15] /addskill Mike,level,1
[28/04/2012 19:06:15] /addskill Mike,level,1
[28/04/2012 19:06:15] /addskill Mike,level,1
[28/04/2012 19:06:15] /addskill Mike,level,1
[28/04/2012 19:06:15] /addskill Mike,level,1
[28/04/2012 19:06:15] /addskill Mike,level,1
[28/04/2012 19:06:15] /addskill Mike,level,1
[28/04/2012 19:06:15] /addskill Mike,level,1
[28/04/2012 19:06:15] /addskill Mike,level,1
[28/04/2012 19:06:15] /addskill Mike,level,1
[28/04/2012 19:06:15] /addskill Mike,level,1
[28/04/2012 19:06:15] /addskill Mike,level,1
[28/04/2012 19:06:16] /addskill Mike,level,1
[28/04/2012 19:06:16] /addskill Mike,level,1
[28/04/2012 19:06:16] /addskill Mike,level,1
[28/04/2012 19:06:16] /addskill Mike,level,1
[28/04/2012 19:06:37] /addskill Bijuu,level,1
[28/04/2012 19:06:38] /addskill Bijuu,level,1
[28/04/2012 19:06:39] /addskill Bijuu,level,1
[28/04/2012 19:06:41] /addskill Bijuu,level,1
[28/04/2012 19:06:41] /addskill Bijuu,level,1
[28/04/2012 19:06:42] /addskill Bijuu,level,1
[28/04/2012 19:06:44] /addskill Bijuu,level,1
[28/04/2012 19:06:44] /addskill Bijuu,level,1
[28/04/2012 19:06:44] /addskill Bijuu,level,1
[28/04/2012 19:06:44] /addskill Bijuu,level,1
[28/04/2012 19:06:44] /addskill Bijuu,level,1
[28/04/2012 19:06:45] /addskill Bijuu,level,1
[28/04/2012 19:06:45] /addskill Bijuu,level,1
[28/04/2012 19:06:45] /addskill Bijuu,level,1
[28/04/2012 19:06:45] /addskill Bijuu,level,1
[28/04/2012 19:06:45] /addskill Bijuu,level,1
[28/04/2012 19:06:45] /addskill Bijuu,level,1
[28/04/2012 19:06:45] /addskill Bijuu,level,1
[28/04/2012 19:06:45] /addskill Bijuu,level,1
[28/04/2012 19:07:42] /addskill poollidance,level,1
[28/04/2012 19:07:43] /addskill poollidance,level,1
[28/04/2012 19:07:44] /addskill poollidance,level,1
[28/04/2012 19:07:45] /addskill poollidance,level,1
[28/04/2012 19:07:45] /addskill poollidance,level,1
[28/04/2012 19:07:45] /addskill poollidance,level,1
[28/04/2012 19:07:45] /addskill poollidance,level,1
[28/04/2012 19:07:45] /addskill poollidance,level,1
[28/04/2012 19:07:46] /addskill poollidance,level,1
[28/04/2012 19:07:46] /addskill poollidance,level,1
[28/04/2012 22:13:33] /t
[28/04/2012 22:37:05] /c uzumaki~
[28/04/2012 22:37:08] /r
[29/04/2012 11:51:32] /t
[29/04/2012 11:51:50] /ghost
[29/04/2012 11:54:12] /b Bom dia *--*
[29/04/2012 11:54:31] /b Ae eu e o god oni oni vamus faze evento .
[29/04/2012 11:55:27] /c poollidance
[29/04/2012 11:55:33] /c Catdog
[29/04/2012 11:55:56] /c Itachin
[29/04/2012 11:56:41] /b TODOS QUE FOR EVENTO VEM NA ARENA QUE TEM NO PORTAL DO DP.
[29/04/2012 11:56:57] /b E SOB >>
[29/04/2012 11:57:16] /b Vai se corre corre .
[29/04/2012 11:58:45] /a
[29/04/2012 11:58:52] /a 4
[29/04/2012 11:59:03] /b Vamos começa ;
[29/04/2012 11:59:07] /b VAI SE ASSIM
[29/04/2012 11:59:20] /b VAMO FAZE ASSIM
[29/04/2012 11:59:29] /b NOIS VAI COLOK O BICHO ELE ANDA LENTO
[29/04/2012 11:59:34] /b e quem ele pega morre .
[29/04/2012 11:59:37] /b ai perdeu ;
[29/04/2012 11:59:53] /b Quem for o ultimo a sobra ganha gold .
[29/04/2012 12:00:27] /b Evento corre-corre
[29/04/2012 12:01:30] /b vai começa em
[29/04/2012 12:02:56] /b ññ era pra atack ngm era os bicho
[29/04/2012 12:03:49] /b Entreeem !!
[29/04/2012 12:04:05] /c catgod
[29/04/2012 12:04:10] /c catdog
[29/04/2012 12:04:15] /b Ngm é pra ngm .
[29/04/2012 12:05:22] /t poollidance
[29/04/2012 12:05:55] /ghost
[29/04/2012 12:05:58] /a
[29/04/2012 12:05:59] /a
[29/04/2012 12:06:06] /b Vo começa atenção !
[29/04/2012 12:06:13] /m sasori boss
[29/04/2012 12:06:14] /m sasori boss
[29/04/2012 12:06:15] /m sasori boss
[29/04/2012 12:06:15] /m sasori boss
[29/04/2012 12:06:21] /b Prontooo !!
[29/04/2012 12:06:25] /m sasori boss
[29/04/2012 12:06:25] /m sasori boss
[29/04/2012 12:06:39] /m sasori boss
[29/04/2012 12:06:40] /m sasori boss
[29/04/2012 12:06:42] /m sasori boss
[29/04/2012 12:06:43] /m sasori boss
[29/04/2012 12:06:43] /m sasori boss
[29/04/2012 12:06:44] /m sasori boss
[29/04/2012 12:06:45] /a
[29/04/2012 12:06:46] /a
[29/04/2012 12:07:13] /b Paro n tah dando certo esse evento .
[29/04/2012 12:07:44] /c poollidance
[29/04/2012 12:07:49] /clean
[29/04/2012 12:07:51] /save
[29/04/2012 12:08:05] /b ENTREEM !
[29/04/2012 12:08:17] /b Eu vo faze mata-mata.
[29/04/2012 12:09:00] /b TODO MUNDO SO NE UMA FILEIRA .
[29/04/2012 12:09:06] /b rapidoo !!
[29/04/2012 12:09:13] /b Mais no canto -.-
[29/04/2012 12:09:39] /clean
[29/04/2012 12:09:44] /b sem mata
[29/04/2012 12:09:53] /b VAI TODO MUNDO NA FILEIRA DE LA >>>>
[29/04/2012 12:09:59] /b Se n vo cancela evento .
[29/04/2012 12:10:07] /b Na fileira de la >>
[29/04/2012 12:10:14] /b mitchie
[29/04/2012 12:10:24] /c mitchie
[29/04/2012 12:11:48] /b Poollidance VS Uzumaki Naruto .
[29/04/2012 12:11:55] /b vemk vocs 2
[29/04/2012 12:12:32] /b Uzumaki Naruto Wins
[29/04/2012 12:12:52] /b vo ve outra luta .
[29/04/2012 12:13:15] /b Catdog VS Zikka .
[29/04/2012 12:14:44] /b Bom vemk os 2 .
[29/04/2012 12:14:49] /b Paro !!
[29/04/2012 12:15:11] /b tira imperpar.
[29/04/2012 12:15:17] /b KK No ja em .
[29/04/2012 12:15:44] /b Vo faze por lvl ent .
[29/04/2012 12:16:08] /b Catdog Wins
[29/04/2012 12:17:21] /b Affs gentee e ññ sei que adm ta fazendo deve ta arrumando alguma coisa .
[29/04/2012 12:17:38] /b Ent n vai da pra faze evento mais tarde fasso .
[29/04/2012 12:17:43] /b Por causa do lag ;XX
[29/04/2012 12:17:49] /b Vo saai akiie .
[29/04/2012 12:17:59] /b Bouaa tarde a tods !
[29/04/2012 12:18:10] /b E boom jogoo a tods !
[29/04/2012 19:36:25] /addskill kakashiiw,level,1
[29/04/2012 19:36:26] /addskill kakashiiw,level,1
[29/04/2012 19:36:26] /addskill kakashiiw,level,1
[29/04/2012 19:36:29] /addskill kakashiiw,level,1
[29/04/2012 19:36:29] /addskill kakashiiw,level,1
[29/04/2012 19:36:29] /addskill kakashiiw,level,1
[29/04/2012 19:36:29] /addskill kakashiiw,level,1
[29/04/2012 19:36:29] /addskill kakashiiw,level,1
[29/04/2012 19:36:30] /addskill kakashiiw,level,1
[29/04/2012 19:36:30] /addskill kakashiiw,level,1
[29/04/2012 19:36:30] /addskill kakashiiw,level,1
[29/04/2012 19:36:30] /addskill kakashiiw,level,1
[29/04/2012 19:36:30] /addskill kakashiiw,level,1
[29/04/2012 19:36:30] /addskill kakashiiw,level,1
[29/04/2012 19:36:30] /addskill kakashiiw,level,1
[29/04/2012 19:36:30] /addskill kakashiiw,level,1
[29/04/2012 19:36:30] /addskill kakashiiw,level,1
[29/04/2012 19:36:30] /addskill kakashiiw,level,1
[29/04/2012 19:36:30] /addskill kakashiiw,level,1
[29/04/2012 19:36:30] /addskill kakashiiw,level,1
[29/04/2012 19:36:30] /addskill kakashiiw,level,1
[29/04/2012 19:36:30] /addskill kakashiiw,level,1
[29/04/2012 19:36:30] /addskill kakashiiw,level,1
[29/04/2012 19:36:31] /addskill kakashiiw,level,1
[29/04/2012 19:36:31] /addskill kakashiiw,level,1
[29/04/2012 19:36:31] /addskill kakashiiw,level,1
[29/04/2012 19:36:31] /addskill kakashiiw,level,1
[29/04/2012 19:36:31] /addskill kakashiiw,level,1
[29/04/2012 19:36:31] /addskill kakashiiw,level,1
[29/04/2012 19:36:31] /addskill kakashiiw,level,1
[29/04/2012 19:36:31] /addskill kakashiiw,level,1
[29/04/2012 19:36:31] /addskill kakashiiw,level,1
[29/04/2012 19:36:31] /addskill kakashiiw,level,1
[29/04/2012 19:36:31] /addskill kakashiiw,level,1
[29/04/2012 19:36:31] /addskill kakashiiw,level,1
[29/04/2012 19:36:31] /addskill kakashiiw,level,1
[29/04/2012 19:36:32] /addskill kakashiiw,level,1
[29/04/2012 19:41:44] /r
[29/04/2012 19:43:10] /a 10
[29/04/2012 19:43:14] /a 2
[29/04/2012 21:27:05] /a 5
[30/04/2012 13:20:01] /t
[30/04/2012 13:20:59] /attr vocation 58
[30/04/2012 13:21:04] /attr vocation 10
[30/04/2012 13:21:25] /t
[30/04/2012 13:22:58] /a
[30/04/2012 18:11:04] /c [CM] Daniele
[30/04/2012 18:11:11] /goto daniele
[30/04/2012 18:11:48] /goto [Vip] [CM] Daniele
