[28/04/2012 10:39:33] /m shicamaru
[28/04/2012 10:39:37] /m sasuke
[28/04/2012 10:41:07] /r
[28/04/2012 10:41:26] /m sasori boss
[28/04/2012 10:41:44] /m sasori boss
[28/04/2012 10:42:28] /r
[28/04/2012 10:45:22] /ghost
[28/04/2012 10:47:56] /ghost
[28/04/2012 10:48:13] /ghost
[28/04/2012 10:49:13] /ghost
[28/04/2012 10:49:47] /i 2160
[28/04/2012 10:49:52] /i 2160
[28/04/2012 10:49:53] /i 2160
[28/04/2012 10:49:54] /i 2160
[28/04/2012 10:49:55] /i 2160
[28/04/2012 10:50:16] /r
[28/04/2012 10:50:29] /r
[28/04/2012 10:50:36] /a
[28/04/2012 10:50:38] /a
[28/04/2012 10:50:39] /a
[28/04/2012 10:51:05] /m sasori boss
[28/04/2012 11:08:40] /ghost
[28/04/2012 11:08:46] /ghost
[28/04/2012 11:09:34] /c Hyzak 
[28/04/2012 11:09:53] /c Hyzak 
[28/04/2012 11:11:21] /a
[28/04/2012 11:11:24] /c Hyzak 
[28/04/2012 11:11:40] /a
[28/04/2012 11:13:08] /c Hyzak 
[28/04/2012 11:47:48] /t uzumaki naruto
[28/04/2012 11:47:54] /c uzumaki naruto
[28/04/2012 11:48:46] /addskill uzumaki naruto,level,3
[28/04/2012 14:46:58] /r
[28/04/2012 14:47:01] /r
[28/04/2012 14:47:10] /r
[28/04/2012 17:46:25] /ghost
[28/04/2012 17:46:41] /ghost
[28/04/2012 18:19:12] /a
[28/04/2012 19:26:30] /ghost
[28/04/2012 19:26:37] /ghost
[28/04/2012 19:27:17] /a
[28/04/2012 19:28:05] /i 1386
[28/04/2012 19:28:14] /r
[28/04/2012 19:28:22] /r
[28/04/2012 19:28:28] /i 1386
[29/04/2012 08:40:38] /t
[29/04/2012 08:43:51] /r
[29/04/2012 08:44:12] /i 9181
[29/04/2012 08:44:22] /i 9181
[29/04/2012 08:44:29] /a
[29/04/2012 08:44:42] /i 9181
[29/04/2012 08:44:50] /r
[29/04/2012 08:45:35] /m sasori boss
[29/04/2012 08:45:47] /m sasori boss
[29/04/2012 08:46:32] /i 1049
[29/04/2012 08:46:52] /i 1049
[29/04/2012 08:47:01] /r
[29/04/2012 08:47:11] /m sasori boss
[29/04/2012 10:27:42] /t
[29/04/2012 10:27:59] /b iai pessoal de boa
[29/04/2012 10:28:29] /goto catdog
[29/04/2012 10:29:20] /t
[29/04/2012 10:30:19] /t catdog
[29/04/2012 10:55:20] /t
[29/04/2012 10:55:34] /m sasori
[29/04/2012 10:55:39] /m tobi
[29/04/2012 10:58:49] /m beez
[29/04/2012 10:59:07] /m wof
[29/04/2012 10:59:25] /m beez
[29/04/2012 10:59:26] /m beez
[29/04/2012 10:59:27] /m beez
[29/04/2012 10:59:28] /m beez
[29/04/2012 10:59:28] /m beez
[29/04/2012 10:59:40] /m beez
[29/04/2012 10:59:41] /m beez
[29/04/2012 10:59:41] /m beez
[29/04/2012 10:59:41] /m beez
[29/04/2012 10:59:42] /m beez
[29/04/2012 10:59:42] /m beez
[29/04/2012 10:59:43] /m beez
[29/04/2012 10:59:43] /m beez
[29/04/2012 10:59:44] /m beez
[29/04/2012 10:59:55] /m beez
[29/04/2012 10:59:55] /m beez
[29/04/2012 10:59:56] /m beez
[29/04/2012 10:59:56] /m beez
[29/04/2012 10:59:57] /m beez
[29/04/2012 10:59:57] /m beez
[29/04/2012 10:59:57] /m beez
[29/04/2012 10:59:58] /m beez
[29/04/2012 10:59:59] /m beez
[29/04/2012 10:59:59] /m beez
[29/04/2012 11:00:00] /m beez
[29/04/2012 11:00:01] /m beez
[29/04/2012 11:00:06] /m beez
[29/04/2012 11:00:07] /m beez
[29/04/2012 11:00:08] /m beez
[29/04/2012 11:00:10] /m beez
[29/04/2012 11:00:12] /m beez
[29/04/2012 11:00:49] /m sasuke
[29/04/2012 11:01:28] /m sasuke
[29/04/2012 11:02:51] /m sasuke
[29/04/2012 11:03:23] /m fire shinob
[29/04/2012 11:05:46] /m fire shinob
[29/04/2012 11:06:01] /m fire shinobi
[29/04/2012 11:06:52] /c filas
[29/04/2012 11:07:49] /m beez
[29/04/2012 11:09:23] /i 43
[29/04/2012 11:09:33] /i 2434
[29/04/2012 11:10:14] /t
[29/04/2012 11:10:44] /goto filas
[29/04/2012 11:11:29] /m sasuke
[29/04/2012 11:12:09] /m sasuke 
[29/04/2012 11:12:11] /m sasuke 
[29/04/2012 11:12:12] /m sasuke 
[29/04/2012 11:12:13] /m sasuke 
[29/04/2012 11:13:10] /m sasuke
[29/04/2012 11:13:35] /m sasuke
[29/04/2012 11:13:36] /m sasuke
[29/04/2012 11:13:36] /m sasuke
[29/04/2012 11:13:37] /m sasuke
[29/04/2012 11:13:54] /m sasuke
[29/04/2012 11:13:55] /m sasuke
[29/04/2012 11:13:56] /m sasuke
[29/04/2012 11:13:56] /m sasuke
[29/04/2012 11:15:08] /m sasuke
[29/04/2012 11:15:09] /m sasuke
[29/04/2012 11:15:09] /m sasuke
[29/04/2012 11:15:13] /m sasuke
[29/04/2012 11:15:14] /m sasuke
[29/04/2012 11:15:14] /m sasuke
[29/04/2012 11:15:15] /m sasuke
[29/04/2012 11:15:16] /m sasuke
[29/04/2012 11:15:17] /m sasuke
[29/04/2012 11:15:17] /m sasuke
[29/04/2012 11:15:19] /m sasuke
[29/04/2012 11:15:44] /m sasuke
[29/04/2012 11:15:44] /m sasuke
[29/04/2012 11:15:44] /m sasuke
[29/04/2012 11:15:44] /m sasuke
[29/04/2012 11:16:27] /m sasuke
[29/04/2012 11:16:28] /m sasuke
[29/04/2012 11:16:28] /m sasukev
[29/04/2012 11:16:29] /m sasuke
[29/04/2012 11:16:30] /m sasuke
[29/04/2012 11:18:39] /m sasuke
[29/04/2012 11:19:35] /m sasuke
[29/04/2012 11:19:36] /m sasuke
[29/04/2012 11:19:36] /m sasuke
[29/04/2012 11:19:37] /m sasuke/m sasukev
[29/04/2012 11:19:38] /m sasuke
[29/04/2012 11:19:38] /m sasuke
[29/04/2012 11:19:39] /m sasuke
[29/04/2012 11:19:40] /m sasuke
[29/04/2012 11:19:41] /m sasuke
[29/04/2012 11:19:41] /m sasuke
[29/04/2012 11:19:42] /m sasuke
[29/04/2012 11:19:42] /m sasuke
[29/04/2012 11:20:39] /m fire shinobi
[29/04/2012 11:21:43] /m sasuke
[29/04/2012 11:21:44] /m sasuke
[29/04/2012 11:21:44] /m sasuke
[29/04/2012 11:21:45] /m sasuke
[29/04/2012 11:21:46] /m sasuke
[29/04/2012 11:21:46] /m sasuke
[29/04/2012 11:21:47] /m sasuke
[29/04/2012 11:21:48] /m sasuke
[29/04/2012 11:21:48] /m sasuke
[29/04/2012 11:22:55] /t
[29/04/2012 11:24:48] /c Kakashi Senpai 
[29/04/2012 11:25:08] /c Kakashi Senpai 
[29/04/2012 11:25:52] /m tobi boss
[29/04/2012 11:26:08] /m tobi boss
[29/04/2012 11:26:39] /m tobi bos
[29/04/2012 11:26:55] /m tobi bos
[29/04/2012 11:27:02] /m tobi boss
[29/04/2012 11:27:19] /t
[29/04/2012 11:27:27] /c Kakashi Senpai 
[29/04/2012 11:28:58] /goto filas
[29/04/2012 11:29:29] /goto filas
[29/04/2012 11:32:01] /t
[29/04/2012 11:34:15] /m sasori boss
[29/04/2012 11:34:52] /m tobi 
[29/04/2012 11:36:37] /m sasori boss
[29/04/2012 11:37:52] /m susano itachi
[29/04/2012 11:37:59] /m tobi boss
[29/04/2012 11:38:43] /m sasori boss
[29/04/2012 11:38:50] /m sasori boss
[29/04/2012 11:38:52] /m sasori boss/m sasori boss
[29/04/2012 11:38:57] /m sasori boss
[29/04/2012 11:39:50] /m hokague
[29/04/2012 11:40:17] /m bison
[29/04/2012 11:40:58] /m neji boss
[29/04/2012 11:41:04] /m sasori boss
[29/04/2012 11:41:33] /m black anbu
[29/04/2012 11:42:04] /m sasori boss
[29/04/2012 11:42:19] /m sasori boss
[29/04/2012 11:42:20] /m sasori boss
[29/04/2012 11:42:24] /m sasori boss
[29/04/2012 11:42:44] /m sasori boss
[29/04/2012 11:42:45] /m sasori boss
[29/04/2012 11:43:09] /m tobi boss
[29/04/2012 11:43:09] /m tobi boss
[29/04/2012 11:43:09] /m tobi boss
[29/04/2012 11:43:09] /m tobi boss
[29/04/2012 11:44:15] /m tobi
[29/04/2012 11:46:59] /m sasori boss
[29/04/2012 11:47:43] /ghost
[29/04/2012 11:49:24] /ghost
[29/04/2012 11:50:43] /m sasori boss
[29/04/2012 11:54:14] /m tobi boss
[29/04/2012 11:55:33] /r
[29/04/2012 11:56:33] /a
[29/04/2012 11:57:05] /b EVENTO  todo munto  entra
[29/04/2012 11:57:26] /a
[29/04/2012 12:02:25] /t
[29/04/2012 12:52:43] /ghost
[29/04/2012 12:59:06] /newtype 6
[29/04/2012 13:00:13] /newtype 2
[29/04/2012 13:00:19] /newtype 87
[29/04/2012 13:00:29] /newtype 23
[29/04/2012 13:00:35] /newtype 54
[29/04/2012 13:00:40] /newtype 65
[29/04/2012 13:00:50] /newtype 73
[29/04/2012 13:02:14] /a
[29/04/2012 13:02:16] /a
[29/04/2012 13:02:30] /a
[29/04/2012 13:02:34] /a
[29/04/2012 13:03:12] /a
[29/04/2012 13:05:12] /c Uchiha Madara 
[29/04/2012 13:06:03] /t
[29/04/2012 13:06:15] /c Uchiha Madara 
[29/04/2012 13:07:39] /goto Uchiha Madara 
[29/04/2012 13:08:37] /t
[29/04/2012 13:09:39] /c Uchiha Madara 
[29/04/2012 13:10:34] /ghost
[29/04/2012 13:11:04] /c Sasuke Amaterasu 
[29/04/2012 13:11:47] /a
[29/04/2012 13:11:48] /a
[29/04/2012 13:11:49] /a
[29/04/2012 13:11:51] /a
[29/04/2012 13:11:54] /a
[29/04/2012 13:11:56] /a
[29/04/2012 13:11:59] /a
[29/04/2012 13:12:00] /a
[29/04/2012 13:12:02] /a
[29/04/2012 13:12:03] /a
[29/04/2012 13:12:07] /a
[29/04/2012 13:12:08] /a
[29/04/2012 13:12:09] /a
[29/04/2012 13:12:10] /a
[29/04/2012 13:12:11] /a
[29/04/2012 13:12:12] /a
[29/04/2012 13:12:16] /a
[29/04/2012 13:12:17] /a
[29/04/2012 13:12:20] /a
[29/04/2012 13:12:21] /a
[29/04/2012 13:12:22] /a
[29/04/2012 13:12:24] /a
[29/04/2012 13:12:24] /a
[29/04/2012 13:12:25] /a
[29/04/2012 13:12:26] /a
[29/04/2012 13:12:27] /a
[29/04/2012 13:12:31] /a
[29/04/2012 13:12:32] /a
[29/04/2012 13:12:33] /a
[29/04/2012 13:12:35] /a
[29/04/2012 13:12:36] /a
[29/04/2012 13:12:37] /a
[29/04/2012 13:12:38] /a
[29/04/2012 13:12:40] /a
[29/04/2012 13:12:41] /a
[29/04/2012 13:12:42] /a
[29/04/2012 13:12:43] /a
[29/04/2012 13:12:45] /a
[29/04/2012 13:12:46] /a
[29/04/2012 13:12:48] /c Sasuke Amaterasu 
[29/04/2012 13:12:50] /c Sasuke Amaterasu 
[29/04/2012 13:12:52] /c Sasuke Amaterasu 
[29/04/2012 13:12:58] /c Sasuke Amaterasu 
[29/04/2012 13:13:14] /c Sasuke Amaterasu 
[29/04/2012 13:13:17] /t
[29/04/2012 13:13:50] /ghost
[29/04/2012 13:14:54] /goto [ADM] Rikudou Sannin: eai
[29/04/2012 13:15:03] /goto [ADM] Rikudou Sannin: eai
[29/04/2012 13:15:44] /goto Zikka 
[29/04/2012 13:16:20] /m Great bison.
[29/04/2012 13:16:26] /m Great bison
[29/04/2012 13:16:48] /c Great bison.
[29/04/2012 13:16:53] /c Great bison
[29/04/2012 13:17:01] /c Great bison.
[29/04/2012 13:17:04] /c Great bison
[29/04/2012 13:17:50] /c Great bison
[29/04/2012 13:18:08] /c Zikka 
[29/04/2012 13:19:33] /t
[29/04/2012 13:21:44] /c sasuke
[29/04/2012 14:01:31] /ghost
[29/04/2012 14:02:02] /ghost
[29/04/2012 14:02:16] /ghost
[29/04/2012 14:04:17] /c Zikka 
[29/04/2012 14:06:28] /ghost
[29/04/2012 14:16:46] /t
[29/04/2012 14:17:33] /ghost
[29/04/2012 14:17:59] /a
[29/04/2012 14:19:35] /m 1429
[29/04/2012 14:19:41] /r
[29/04/2012 14:19:45] /r
[29/04/2012 14:19:47] /r
[29/04/2012 14:19:51] /r
[29/04/2012 14:19:54] /r
[29/04/2012 14:20:00] /r
[29/04/2012 14:20:02] /r
[29/04/2012 14:20:03] /r
[29/04/2012 14:20:04] /r
[29/04/2012 14:20:06] /r
[29/04/2012 14:20:07] /r
[29/04/2012 14:20:11] /r
[29/04/2012 14:20:12] /r
[29/04/2012 14:20:13] /r
[29/04/2012 14:20:14] /r
[29/04/2012 14:20:15] /r
[29/04/2012 14:20:16] /r
[29/04/2012 14:20:35] /m 3867
[29/04/2012 14:20:46] /i 3867
[29/04/2012 14:20:51] /i 3867
[29/04/2012 14:20:59] /r
[29/04/2012 14:21:03] /r
[29/04/2012 14:21:17] /i 2751
[29/04/2012 14:21:18] /i 2751
[29/04/2012 14:21:19] /i 2751
[29/04/2012 14:21:20] /i 2751
[29/04/2012 14:21:22] /i 2751
[29/04/2012 14:21:23] /i 2751
[29/04/2012 14:21:24] /i 2751
[29/04/2012 14:21:25] /i 2751
[29/04/2012 14:21:27] /i 2751
[29/04/2012 14:21:28] /i 2751
[29/04/2012 14:21:29] /i 2751
[29/04/2012 14:21:31] /i 2751
[29/04/2012 14:21:32] /i 2751
[29/04/2012 14:21:33] /i 2751
[29/04/2012 14:21:34] /i 2751
[29/04/2012 14:21:35] /i 2751
[29/04/2012 14:21:37] /i 2751
[29/04/2012 14:21:41] /i 2751
[29/04/2012 14:21:42] /i 2751
[29/04/2012 14:21:45] /i 2751
[29/04/2012 14:21:46] /i 2751
[29/04/2012 14:21:47] /i 2751
[29/04/2012 14:21:50] /i 2751
[29/04/2012 14:21:52] /i 2751
[29/04/2012 14:21:55] /i 2751
[29/04/2012 14:21:56] /i 2751
[29/04/2012 14:21:57] /i 2751
[29/04/2012 14:21:58] /i 2751
[29/04/2012 14:21:59] /i 2751
[29/04/2012 14:22:01] /i 2751
[29/04/2012 14:22:05] /i 2751
[29/04/2012 14:22:05] /i 2751
[29/04/2012 14:22:06] /i 2751
[29/04/2012 14:22:07] /i 2751
[29/04/2012 14:22:24] /i 2711
[29/04/2012 14:22:28] /r
[29/04/2012 14:22:31] /i 2711
[29/04/2012 14:22:37] /i 2711
[30/04/2012 13:23:14] /ghost
[30/04/2012 13:23:21] /ghost
[30/04/2012 13:24:06] /goto Uzumaki Naruto 
[30/04/2012 13:28:01] /t
[30/04/2012 13:29:47] /t
[30/04/2012 13:30:20] /t
[30/04/2012 13:32:14] /m tobi
[30/04/2012 13:32:21] /m tobi
[30/04/2012 13:33:28] /m sasori boss
[30/04/2012 13:33:39] /a
[30/04/2012 13:34:07] /a
[30/04/2012 13:34:08] /a
[30/04/2012 13:34:11] /a
[30/04/2012 13:34:15] /a
[30/04/2012 13:34:31] /a
[30/04/2012 13:34:36] /a
[30/04/2012 13:34:36] /a
[30/04/2012 13:34:39] /a
[30/04/2012 13:34:52] /m nidan
[30/04/2012 13:34:59] /r
[30/04/2012 13:35:20] /a
[30/04/2012 13:35:35] /m jinkri water]
[30/04/2012 13:35:50] /m jinkri water
[30/04/2012 13:35:56] /a
[30/04/2012 13:35:58] /r
[30/04/2012 13:36:01] /r
[30/04/2012 13:36:05] /r
[30/04/2012 13:36:08] /r
[30/04/2012 13:36:11] /r
[30/04/2012 13:36:13] /r
[30/04/2012 13:36:17] /r
[30/04/2012 13:36:22] /r
[30/04/2012 13:36:24] /r
[30/04/2012 13:36:29] /r
[30/04/2012 13:36:32] /r
[30/04/2012 13:37:32] /m jinkri water
[30/04/2012 13:37:40] /t
[30/04/2012 13:38:21] /m jinkri water
[30/04/2012 13:39:58] /m jinkri water
[30/04/2012 13:40:25] /m sasori
[30/04/2012 13:40:30] /m sasori boss
[30/04/2012 13:40:41] /m jinkri water
[30/04/2012 13:40:56] /m jinkri water
[30/04/2012 13:40:58] /m jinkri water
[30/04/2012 13:43:15] /b evento pra lvl abaixo de 50
[30/04/2012 13:43:43] /b todo mundo na arena  maximo lvl /105
[30/04/2012 13:44:39] /b nao vai dar pra faser o evento a mnuiro leg 
[30/04/2012 13:47:20] /b pessoal nao vai dar pra faser evento muito leg descupa qualdo for 3:00 tales nois fasemos 
[30/04/2012 17:58:34] /ghost
[30/04/2012 17:59:46] /a
[30/04/2012 17:59:49] /a
[30/04/2012 18:02:08] /ghost
[30/04/2012 18:03:20] /a
[30/04/2012 18:04:08] /goto [ADM] Rikudou Sannin
[30/04/2012 18:31:30] /a
[30/04/2012 18:31:35] /a
[30/04/2012 18:31:43] /a
[30/04/2012 18:31:43] /a
[30/04/2012 18:31:48] /a
[30/04/2012 18:31:49] /a
[30/04/2012 18:31:52] /a
[30/04/2012 18:31:58] /a
[30/04/2012 18:32:06] /a
[30/04/2012 18:32:41] /r
[30/04/2012 18:33:47] /i 1026
[30/04/2012 18:34:43] /save
[30/04/2012 18:40:19] /r
[30/04/2012 18:40:21] /r
[30/04/2012 18:42:04] /clean
[30/04/2012 18:42:19] /r
[30/04/2012 18:42:57] /b pessoal se presisar de algo me comunike
[30/04/2012 18:43:07] /ghost
[30/04/2012 18:43:25] /ghost
[30/04/2012 18:43:39] /ghost
[30/04/2012 18:44:08] /a 7
[30/04/2012 18:45:18] /b DANIELE TA NUK O SERVE 
[30/04/2012 19:17:43] /ghost
[30/04/2012 19:24:44] /m tobi boss
[30/04/2012 19:26:45] /m tobi boss
[30/04/2012 19:27:46] /m sasori boss
[30/04/2012 19:28:54] /m sasuke
[30/04/2012 19:29:57] /c Sir naruto]
[30/04/2012 19:30:19] /r
[30/04/2012 19:30:31] /m sasori boss
[30/04/2012 19:30:43] /c Sir naruto
[30/04/2012 19:31:15] /m bison
[30/04/2012 19:31:39] /m tobi
[30/04/2012 19:32:35] /m naruto
[30/04/2012 19:33:02] /m sasori
[30/04/2012 19:33:07] /m bison
[30/04/2012 19:33:54] /m bison
[30/04/2012 19:33:55] /m bison
[30/04/2012 19:33:57] /m bison
[30/04/2012 19:33:58] /m bison
[30/04/2012 19:33:58] /m bison
[30/04/2012 19:33:59] /m bison
[30/04/2012 19:33:59] /m bison
[30/04/2012 19:34:00] /m bison/m bison
[30/04/2012 19:34:01] /m bison
[30/04/2012 19:34:01] /m bison
[30/04/2012 19:34:03] /m bison
[30/04/2012 19:34:44] /m sasuke
[30/04/2012 19:34:45] /m sasuke
[30/04/2012 19:34:45] /m sasuke
[30/04/2012 19:34:47] /m sasuke/m sasuke/m sasuke
[30/04/2012 19:34:48] /m sasuke
[30/04/2012 19:34:49] /m sasuke
[30/04/2012 19:34:50] /m sasuke
[30/04/2012 19:34:51] /m sasuke
[30/04/2012 19:34:51] /m sasuke
[30/04/2012 19:34:52] /m sasuke
[30/04/2012 19:34:52] /m sasuke
[30/04/2012 19:34:53] /m sasuke
[30/04/2012 19:34:54] /m sasuke
[30/04/2012 19:34:54] /m sasuke
[30/04/2012 19:34:55] /m sasuke
[30/04/2012 19:34:55] /m sasuke
[30/04/2012 19:34:56] /m sasuke
[30/04/2012 19:34:57] /m sasuke
[30/04/2012 19:34:58] /m sasuke
[30/04/2012 19:35:00] /m sasuke
[30/04/2012 19:35:01] /m sasuke
[30/04/2012 19:35:01] /m sasuke
[30/04/2012 19:35:03] /m sasuke
[30/04/2012 19:35:05] /m sasuke
[30/04/2012 19:35:33] /m sasuke boss
[30/04/2012 19:35:52] /m sasori boss
[30/04/2012 19:36:01] /m sasori boss
[01/05/2012 12:49:17] /t
[01/05/2012 12:53:37] /m naruto
[01/05/2012 12:53:55] /m sasori boss
[01/05/2012 12:54:36] /m gara
[01/05/2012 12:54:42] /m naruto
[01/05/2012 12:54:54] /m sasuke boss
[01/05/2012 12:55:01] /save
[01/05/2012 12:55:38] /m sasori boss
[01/05/2012 12:55:48] /m sasuke boss
[01/05/2012 12:56:22] /r
[01/05/2012 12:56:50] /m sasuke
[01/05/2012 13:47:46] /b evento PVp
[01/05/2012 13:47:56] /b tudo mundo na arena
[01/05/2012 13:48:30] /b  qume  qusier da uma mensagem eu quuero que eu arasto
[01/05/2012 13:48:42] /ghost
[01/05/2012 13:48:48] /c Bee
[01/05/2012 13:49:19] /c Uzumaki Naruto
[01/05/2012 13:49:33] /c  Black 
[01/05/2012 13:49:43] /c Asdriid
[01/05/2012 13:49:59] /c Gaara 
[01/05/2012 13:54:31] /m sasori boss
[01/05/2012 13:54:32] /m sasori boss
[01/05/2012 13:54:33] /m sasori boss
[01/05/2012 13:54:34] /m sasori boss
[01/05/2012 13:54:34] /m sasori boss
[01/05/2012 13:56:24] /i 2160
[01/05/2012 13:56:49] /i 2160
[01/05/2012 13:58:10] /m tobi
[01/05/2012 13:58:39] /r
[01/05/2012 13:58:39] /r
[01/05/2012 13:58:46] /r
[01/05/2012 13:59:03] /r
[01/05/2012 13:59:14] /m tobi boss
[01/05/2012 13:59:35] /m nidan
[01/05/2012 13:59:45] /m hokague
[01/05/2012 13:59:56] /m sasori
[01/05/2012 14:00:00] /m sasori boss
[01/05/2012 14:00:15] /r
[01/05/2012 14:00:20] /r
[01/05/2012 14:00:31] /r
[01/05/2012 14:00:37] /r
[01/05/2012 14:01:05] /goto
[01/05/2012 14:01:09] /goto Uzumaki Naruto
[01/05/2012 14:01:31] /r
[01/05/2012 14:02:01] /i 1026
[01/05/2012 14:18:40] /ghost
[01/05/2012 14:19:17] /r
[01/05/2012 14:19:22] /r
[01/05/2012 14:19:24] /r
[01/05/2012 14:19:49] /i 1026
[01/05/2012 14:20:05] /i 1026
[01/05/2012 14:20:24] /r 1025
[01/05/2012 14:20:31] /i 1025
[01/05/2012 14:20:47] /i 1025
[01/05/2012 14:21:05] /i 1026
[01/05/2012 14:21:16] /i 1025
[01/05/2012 14:21:19] /r
[01/05/2012 14:21:22] /r
[01/05/2012 14:21:25] /r
[01/05/2012 14:21:30] /r
[01/05/2012 14:21:36] /t
[01/05/2012 14:21:45] /a
[01/05/2012 14:21:46] /a
[01/05/2012 14:21:48] /a
[01/05/2012 14:22:17] /i 2433
[01/05/2012 14:22:25] /i 2433
[01/05/2012 14:22:39] /i 2433
[01/05/2012 14:22:53] /i 2413
[01/05/2012 14:22:59] /i 2413
[01/05/2012 14:23:14] /i 2413
[01/05/2012 14:23:14] /i 2413
[01/05/2012 14:23:15] /i 2413
[01/05/2012 14:23:20] /i 2413
[01/05/2012 14:23:38] /i 2433
[01/05/2012 14:23:44] /i 2433
[01/05/2012 14:23:44] /i 2433
[01/05/2012 14:25:07] /i 2523
[01/05/2012 14:25:08] /i 2523
[01/05/2012 14:25:09] /i 2523
[01/05/2012 14:25:10] /i 2523
[01/05/2012 14:25:11] /i 2523
[01/05/2012 14:25:13] /i 2523
[01/05/2012 14:25:14] /i 2523
[01/05/2012 14:25:14] /i 2523
[01/05/2012 14:25:15] /i 2523
[01/05/2012 14:26:21] /i 2523
[01/05/2012 14:26:42] /i 2413
[01/05/2012 14:26:54] /i 2413
[01/05/2012 14:26:54] /i 2413
[01/05/2012 14:27:20] /i 2433
[01/05/2012 14:27:31] /i 2433
[01/05/2012 14:27:33] /i 2433
[01/05/2012 14:27:34] /i 2433
[01/05/2012 14:27:37] /a
[01/05/2012 14:32:57] /up
[01/05/2012 14:33:02] /r
[01/05/2012 14:33:07] /r
[01/05/2012 14:33:11] /r
[01/05/2012 14:33:14] /r
[01/05/2012 14:33:18] /r
[01/05/2012 14:33:23] /r
[01/05/2012 14:33:27] /r
[01/05/2012 14:33:31] /r
[01/05/2012 14:33:35] /r
[01/05/2012 14:33:39] /r
[01/05/2012 14:33:41] /r
[01/05/2012 14:33:44] /r
[01/05/2012 14:33:45] /r
[01/05/2012 14:33:48] /r
[01/05/2012 14:33:51] /r
[01/05/2012 14:33:56] /r
[01/05/2012 14:34:03] /r
[01/05/2012 14:34:05] /r
[01/05/2012 14:34:08] /r
[01/05/2012 14:34:10] /a
[01/05/2012 14:34:13] /a
[01/05/2012 14:34:16] /a
[01/05/2012 14:34:23] /down
[01/05/2012 14:34:33] /up
[01/05/2012 14:34:36] /r
[01/05/2012 14:34:38] /a
[01/05/2012 14:34:42] /t
[01/05/2012 14:35:12] /r
[01/05/2012 14:36:16] /i 1026
[01/05/2012 14:36:20] /r
[01/05/2012 14:36:22] /r
[01/05/2012 14:36:26] /r
[01/05/2012 14:36:45] /i 1026
[01/05/2012 14:36:48] /r
[01/05/2012 14:36:51] /r
[01/05/2012 14:37:00] /i 1026
[01/05/2012 14:37:12] /i 1025
[01/05/2012 14:37:21] /r
[01/05/2012 14:37:23] /r
[01/05/2012 14:37:28] /r
[01/05/2012 14:38:09] /a 20
[01/05/2012 14:38:14] /a 5
[01/05/2012 14:38:19] /r
[01/05/2012 14:38:30] /r
[01/05/2012 14:38:34] /r
[01/05/2012 14:38:40] /r
[01/05/2012 14:38:44] /r
[01/05/2012 14:38:59] /m sasori boss
[01/05/2012 14:39:12] /r
[04/05/2012 14:17:36] /a
[04/05/2012 14:17:42] /a 80
[04/05/2012 14:17:49] /a 50
[04/05/2012 14:17:54] /t
[04/05/2012 14:19:11] /goto Kakashi hatake 
[04/05/2012 14:19:19] /a
[04/05/2012 14:19:22] /t
[04/05/2012 14:19:27] /goto Kakashi hatake 
[04/05/2012 14:19:32] /a
[04/05/2012 14:19:35] /t
[04/05/2012 14:19:39] /c Kakashi hatake 
[04/05/2012 14:20:32] /c Kakashi hatake 
[04/05/2012 14:23:09] /a
[04/05/2012 14:23:13] /a
[04/05/2012 14:23:14] /a
[04/05/2012 14:23:24] /i 2480
[04/05/2012 14:23:31] /i 2480
[04/05/2012 14:28:02] /i 2160
[04/05/2012 14:28:07] /i 2160
[04/05/2012 14:37:15] /i 2129]
[04/05/2012 14:37:26] /i 2129
[04/05/2012 14:37:39] /i 2125
[04/05/2012 15:29:32] /m itati]
[04/05/2012 15:29:38] /i itati
[04/05/2012 15:29:49] /i nidaime
[04/05/2012 15:30:01] /i tobi
[04/05/2012 15:30:07] /m tobi
[04/05/2012 15:30:43] /r
[04/05/2012 15:31:02] /clean
[04/05/2012 15:44:03] /t Uzumaki Naruto
[04/05/2012 16:33:49] /r
[04/05/2012 16:33:57] /r
[04/05/2012 16:34:02] /r
[04/05/2012 16:34:34] /m tobi bos
[04/05/2012 16:35:07] /b iai pessoal de boa quem presisa de azudar e so falar pra min 
[04/05/2012 16:35:26] /b God  ONI ONI
[04/05/2012 16:39:22] /a 10
[04/05/2012 16:40:02] /i 2399
[04/05/2012 16:40:17] /goto ds trevas
[04/05/2012 16:41:24] /t
[04/05/2012 16:41:46] /b quem que evento
[04/05/2012 16:42:00] /ghost
[04/05/2012 16:42:16] /b quem quiser evento vem em dp
[04/05/2012 16:43:26] /b quem quiser evento manda mensaem que eu puxo
[04/05/2012 16:43:38] /t Kakashi hatake
[04/05/2012 16:44:07] /t ninja
[04/05/2012 16:45:12] /t ds trevas
[04/05/2012 16:45:35] /ghost
[04/05/2012 16:46:04] /i 1026
[04/05/2012 16:46:07] /i 1026
[04/05/2012 16:46:09] /i 1026
[04/05/2012 16:46:16] /i 1026
[04/05/2012 16:46:36] /i 2160
[04/05/2012 16:47:54] /a
[04/05/2012 16:49:37] /ghost
[04/05/2012 16:50:20] /ghost
[04/05/2012 16:50:33] /t
[04/05/2012 16:51:09] /a
[04/05/2012 16:51:12] /a
[04/05/2012 16:51:14] /a
[04/05/2012 16:51:31] /r
[04/05/2012 16:52:03] /t
[04/05/2012 16:53:23] /b sasuke amaterasu 
[04/05/2012 16:54:06] /t
[04/05/2012 16:54:24] /m sasuke
[04/05/2012 16:54:40] /m sasori boss
[04/05/2012 16:54:51] /m sasori bos
[04/05/2012 16:54:57] /m sasori boss
[04/05/2012 16:55:00] /m sasori boss
[04/05/2012 16:55:16] /m tobi boss
[04/05/2012 16:55:33] /r
[04/05/2012 16:55:37] /r
[04/05/2012 16:55:46] /r
[04/05/2012 16:56:18] /r
[04/05/2012 16:56:27] /m sasuke
[04/05/2012 16:56:28] /m sasuke
[04/05/2012 16:56:28] /m sasuke
[04/05/2012 16:56:29] /m sasuke
[04/05/2012 16:56:35] /m sasuke
[04/05/2012 16:56:36] /m sasuke
[04/05/2012 16:56:37] /m sasuke
[04/05/2012 16:56:37] /m sasuke
[04/05/2012 16:56:40] /m sasuke
[04/05/2012 16:56:41] /m sasuke
[04/05/2012 16:56:46] /m sasuke
[04/05/2012 16:56:47] /m sasuke
[04/05/2012 16:56:48] /m sasuke
[04/05/2012 16:56:49] /m sasuke
[04/05/2012 16:56:50] /m sasuke
[04/05/2012 16:56:51] /m sasuke
[04/05/2012 16:56:52] /m sasuke
[04/05/2012 16:56:54] /m sasuke
[04/05/2012 16:56:55] /m sasuke
[04/05/2012 16:56:55] /m sasuke
[04/05/2012 16:56:56] /m sasuke
[04/05/2012 16:56:57] /m sasuke
[04/05/2012 16:56:58] /m sasuke
[04/05/2012 16:57:07] /m sasuke
[04/05/2012 16:57:07] /m sasuke
[04/05/2012 16:57:08] /m sasuke
[04/05/2012 16:57:09] /m sasuke
[04/05/2012 16:57:10] /m sasuke
[04/05/2012 16:57:11] /m sasuke
[04/05/2012 16:57:11] /m sasuke
[04/05/2012 16:57:14] /m sasuke
[04/05/2012 16:57:15] /m sasuke
[04/05/2012 16:57:21] /m sasuke
[04/05/2012 16:57:21] /m sasuke
[04/05/2012 16:57:57] /b tutor invadindo konoa
[04/05/2012 16:58:13] /m tutor
[04/05/2012 16:58:25] /m tutor
[04/05/2012 16:58:25] /m tutor
[04/05/2012 16:58:26] /m tutor
[04/05/2012 16:58:27] /m tutor
[04/05/2012 16:58:28] /m tutor
[04/05/2012 16:58:29] /m tutor
[04/05/2012 16:58:30] /m tutor
[04/05/2012 16:58:31] /m tutor
[04/05/2012 16:58:31] /m tutor
[04/05/2012 16:58:33] /m tutor
[04/05/2012 16:58:34] /m tutor
[04/05/2012 16:58:35] /m tutor
[04/05/2012 16:58:40] /m tutor
[04/05/2012 16:58:41] /m tutor
[04/05/2012 16:58:41] /m tutor
[04/05/2012 16:58:43] /m tutor
[04/05/2012 16:58:43] /m tutor
[04/05/2012 16:58:47] /m tutor
[04/05/2012 16:58:50] /m tutor
[04/05/2012 16:58:50] /m tutor
[04/05/2012 16:58:51] /m tutor
[04/05/2012 16:58:53] /m tutor
[04/05/2012 16:58:54] /m tutor
[04/05/2012 16:58:55] /m tutor
[04/05/2012 16:58:57] /m tutor
[04/05/2012 16:58:59] /m tutor
[04/05/2012 16:59:00] /m tutor
[04/05/2012 16:59:01] /m tutor
[04/05/2012 16:59:07] /m sasori boss
[04/05/2012 16:59:18] /b sasori e o lider cuidado
[04/05/2012 16:59:55] /m tutor
[04/05/2012 17:00:05] /m tutor
[04/05/2012 17:00:07] /m tutor
[04/05/2012 17:00:07] /m tutor
[04/05/2012 17:00:08] /m tutor
[04/05/2012 17:00:09] /m tutor
[04/05/2012 17:00:09] /m tutor
[04/05/2012 17:00:10] /m tutor
[04/05/2012 17:00:10] /m tutor
[04/05/2012 17:00:12] /m tutor
[04/05/2012 17:00:12] /m tutor
[04/05/2012 17:00:13] /m tutor
[04/05/2012 17:00:14] /m tutor
[04/05/2012 17:00:14] /m tutor
[04/05/2012 17:00:16] /m tutor
[04/05/2012 17:00:25] /m tutor
[04/05/2012 17:00:25] /m tutor
[04/05/2012 17:01:06] /t pochete
[04/05/2012 17:01:44] /clean
[04/05/2012 17:02:42] /c sasuke amaterasu
[04/05/2012 17:06:28] /t
[04/05/2012 17:07:09] /down
[04/05/2012 17:07:14] /up
[04/05/2012 17:07:34] /goto Kakashi hatake 
[04/05/2012 17:08:08] /m tobi
[04/05/2012 17:08:36] /a
[04/05/2012 17:08:37] /a
[04/05/2012 17:08:44] /r
[04/05/2012 17:08:49] /goto Kakashi hatake 
[04/05/2012 17:09:05] /goto Kakashi hatake 
[04/05/2012 17:09:32] /m tobi boss
[04/05/2012 17:10:22] /goto Uuzumaki 
[04/05/2012 17:10:32] /goto Uuzumaki 
[04/05/2012 17:10:41] /goto Uuzumaki 
[04/05/2012 17:10:46] /goto Uuzumaki 
[04/05/2012 17:11:05] /r
[04/05/2012 17:11:19] /r
[04/05/2012 17:12:31] /up
[04/05/2012 17:12:34] /c Uuzumaki 
[04/05/2012 17:12:50] /m sasuke
[04/05/2012 17:13:12] /m cursed
[04/05/2012 17:13:24] /m tutor
[04/05/2012 17:13:24] /m tutor
[04/05/2012 17:13:25] /m tutor
[04/05/2012 17:13:28] /m tutor
[04/05/2012 17:13:30] /m tutor
[04/05/2012 17:13:31] /m tutor
[04/05/2012 17:13:32] /m tutor
[04/05/2012 17:13:33] /m tutor
[04/05/2012 17:13:35] /m tutor
[04/05/2012 17:13:36] /m tutor
[04/05/2012 17:13:37] /m tutor
[04/05/2012 17:13:38] /m tutor
[04/05/2012 17:13:45] /m tutor
[04/05/2012 17:13:47] /m tutor
[04/05/2012 17:13:48] /m tutor
[04/05/2012 17:13:49] /m tutor
[04/05/2012 17:13:49] /m tutor
[04/05/2012 17:13:50] /m tutor
[04/05/2012 17:13:51] /m tutor
[04/05/2012 17:13:52] /m tutor
[04/05/2012 17:13:53] /m tutor
[04/05/2012 17:13:54] /m tutor
[04/05/2012 17:13:55] /m tutor
[04/05/2012 17:13:57] /m tutor
[04/05/2012 17:13:58] /m tutor
[04/05/2012 17:13:59] /m tutor
[04/05/2012 17:13:59] /m tutor
[04/05/2012 17:14:00] /m tutor
[04/05/2012 17:14:01] /m tutor
[04/05/2012 17:14:02] /m tutor
[04/05/2012 17:14:03] /m tutor
[04/05/2012 17:14:04] /m tutor
[04/05/2012 17:14:04] /m tutor
[04/05/2012 17:14:05] /m tutor
[04/05/2012 17:14:07] /m tutor
[04/05/2012 17:14:08] /m tutor
[04/05/2012 17:14:09] /m tutor
[04/05/2012 17:14:10] /m tutor
[04/05/2012 17:14:11] /m tutor
[04/05/2012 17:14:12] /m tutor
[04/05/2012 17:14:13] /m tutor
[04/05/2012 17:14:14] /m tutor
[04/05/2012 17:14:15] /m tutor
[04/05/2012 17:14:16] /m tutor
[04/05/2012 17:14:17] /m tutor
[04/05/2012 17:14:18] /m tutor
[04/05/2012 17:14:19] /m tutor
[04/05/2012 17:14:20] /m tutor
[04/05/2012 17:14:24] /m tutor
[04/05/2012 17:14:25] /m tutor
[04/05/2012 17:14:26] /m tutor
[04/05/2012 17:14:27] /m tutor
[04/05/2012 17:14:28] /m tutor
[04/05/2012 17:14:28] /m tutor
[04/05/2012 17:14:29] /m tutor
[04/05/2012 17:14:30] /m tutor
[04/05/2012 17:14:47] /m gamaken
[04/05/2012 17:15:14] /m gamaken
[04/05/2012 17:15:29] /m gamaken
[04/05/2012 17:15:43] /m gamaken
[04/05/2012 17:16:02] /m gamaken
[04/05/2012 17:16:37] /m strong anbu
[04/05/2012 17:16:53] /m strong anbu
[04/05/2012 17:16:53] /m strong anbu
[04/05/2012 17:16:54] /m strong anbu
[04/05/2012 17:16:55] /m strong anbu
[04/05/2012 17:16:55] /m strong anbu
[04/05/2012 17:16:56] /m strong anbu
[04/05/2012 17:16:56] /m strong anbu
[04/05/2012 17:17:41] /c uuzumaki
[04/05/2012 17:18:41] /r
[04/05/2012 17:18:47] /r
[04/05/2012 17:18:58] /r karasu
[04/05/2012 17:19:06] /r
[04/05/2012 17:19:08] /m strong anbu
[04/05/2012 17:19:17] /m strong anbu
[04/05/2012 17:19:19] /m strong anbu
[04/05/2012 17:19:21] /m strong anbu
[04/05/2012 17:20:30] /m strong anbu
[04/05/2012 17:20:40] /r
[04/05/2012 17:20:57] /m tutor
[04/05/2012 17:20:58] /m tutor/m tutor
[04/05/2012 17:20:59] /m tutor
[04/05/2012 17:20:59] /m tutor
[04/05/2012 17:21:00] /m tutor
[04/05/2012 17:21:01] /m tutor
[04/05/2012 17:21:02] /m tutor
[04/05/2012 17:21:02] /m tutor
[04/05/2012 17:21:03] /m tutor
[04/05/2012 17:21:05] /m tutor
[04/05/2012 17:21:05] /m tutor
[04/05/2012 17:21:06] /m tutor
[04/05/2012 17:21:07] /m tutor
[04/05/2012 17:21:08] /m tutor
[04/05/2012 17:21:08] /m tutor
[04/05/2012 17:21:09] /m tutor
[04/05/2012 17:21:10] /m tutor
[04/05/2012 17:21:10] /m tutor
[04/05/2012 17:21:11] /m tutor
[04/05/2012 17:21:12] /m tutor
[04/05/2012 17:21:13] /m tutor
[04/05/2012 17:21:13] /m tutor
[04/05/2012 17:21:14] /m tutor
[04/05/2012 17:21:15] /m tutor
[04/05/2012 17:21:16] /m tutor
[04/05/2012 17:21:17] /m tutor
[04/05/2012 17:21:18] /m tutor
[04/05/2012 17:21:18] /m tutor
[04/05/2012 17:21:19] /m tutor
[04/05/2012 17:21:20] /m tutor
[04/05/2012 17:21:21] /m tutor
[04/05/2012 17:21:23] /m tutor
[04/05/2012 17:21:24] /m tutor
[04/05/2012 17:21:25] /m tutor
[04/05/2012 17:21:26] /m tutor
[04/05/2012 17:21:27] /m tutor
[04/05/2012 17:21:27] /m tutor
[04/05/2012 17:21:29] /m tutor
[04/05/2012 17:21:29] /m tutor
[04/05/2012 17:21:30] /m tutor
[04/05/2012 17:21:31] /m tutor
[04/05/2012 17:21:32] /m tutor
[04/05/2012 17:21:32] /m tutor
[04/05/2012 17:21:33] /m tutor
[04/05/2012 17:21:33] /m tutor
[04/05/2012 17:21:34] /m tutor
[04/05/2012 17:21:35] /m tutor
[04/05/2012 17:21:35] /m tutor
[04/05/2012 17:21:36] /m tutor
[04/05/2012 17:21:37] /m tutor
[04/05/2012 17:23:06] /m tutor
[04/05/2012 17:23:50] /m tutor
[04/05/2012 17:23:51] /m tutor
[04/05/2012 17:23:52] /m tutor
[04/05/2012 17:25:10] /clean
[04/05/2012 17:27:11] /c Uuzumaki
[04/05/2012 17:27:17] /addskill Uuzumaki, level 30
[04/05/2012 17:27:24] /addskill Uuzumaki, level 50
[04/05/2012 17:27:30] /addskill Uuzumaki, level 100
[04/05/2012 17:27:33] /addskill Uuzumaki, level 100
[04/05/2012 17:27:33] /addskill Uuzumaki, level 100
[04/05/2012 17:27:34] /addskill Uuzumaki, level 100
[04/05/2012 17:27:35] /addskill Uuzumaki, level 100
[04/05/2012 17:27:36] /addskill Uuzumaki, level 100
[04/05/2012 17:27:36] /addskill Uuzumaki, level 100
[04/05/2012 17:27:37] /addskill Uuzumaki, level 100
[04/05/2012 17:27:38] /addskill Uuzumaki, level 100
[04/05/2012 17:27:38] /addskill Uuzumaki, level 100
[04/05/2012 17:27:39] /addskill Uuzumaki, level 100
[04/05/2012 17:27:42] /addskill Uuzumaki, level 1000
[04/05/2012 17:27:46] /addskill Uuzumaki, level 1000
[04/05/2012 17:27:47] /addskill Uuzumaki, level 100
[04/05/2012 17:27:47] /addskill Uuzumaki, level 100
[04/05/2012 17:27:48] /addskill Uuzumaki, level 100
[04/05/2012 17:27:49] /addskill Uuzumaki, level 100
[04/05/2012 17:27:49] /addskill Uuzumaki, level 100
[04/05/2012 17:27:51] /addskill Uuzumaki, level 100
[04/05/2012 17:27:52] /addskill Uuzumaki, level 100
[04/05/2012 17:27:54] /addskill Uuzumaki, level 100
[04/05/2012 17:27:56] /addskill Uuzumaki, level 100
[04/05/2012 17:28:18] /m tobi boss
[04/05/2012 17:30:13] /addskill Uuzumaki, level 100
[04/05/2012 17:30:15] /addskill Uuzumaki, level 100
[04/05/2012 17:30:16] /addskill Uuzumaki, level 100
[04/05/2012 17:30:17] /addskill Uuzumaki, level 100
[04/05/2012 17:30:17] /addskill Uuzumaki, level 100
[04/05/2012 17:30:38] /t
[04/05/2012 17:31:08] /m sasuke
[04/05/2012 17:31:38] /m fire shinobi
[04/05/2012 17:32:02] /m sasuke
[04/05/2012 17:32:22] /m beez
[04/05/2012 18:49:37] /b quem que eventos
[04/05/2012 18:49:57] /b vem dp 
[04/05/2012 18:50:09] /b vem na arena  
[04/05/2012 18:50:16] /b vem na arena  
[04/05/2012 18:50:16] /b vem na arena  
[04/05/2012 18:50:27] /c Maggots
[04/05/2012 18:50:45] /ghost
[04/05/2012 18:51:22] /b quem que evento manda no help
[04/05/2012 18:51:49] /b quem queser evento  fala no help eu quero que eu buxo
[04/05/2012 18:52:04] /c Joao Paulo
[04/05/2012 18:52:29] /c  Sakura 
[04/05/2012 18:53:24] /a
[04/05/2012 18:54:13] /b vai comesa
[04/05/2012 18:54:22] /m tutor
[04/05/2012 18:54:23] /m tutor
[04/05/2012 18:54:23] /m tutor
[04/05/2012 18:54:24] /m tutor
[04/05/2012 18:54:24] /m tutor
[04/05/2012 18:54:26] /m tutor
[04/05/2012 18:54:26] /m tutor
[04/05/2012 18:54:27] /m tutor
[04/05/2012 18:54:28] /m tutor
[04/05/2012 18:54:30] /m tutor
[04/05/2012 18:54:30] /m tutor
[04/05/2012 18:54:31] /m tutor
[04/05/2012 18:54:32] /m tutor
[04/05/2012 18:54:33] /m tutor
[04/05/2012 18:54:33] /m tutor
[04/05/2012 18:54:39] /m tobi boss
[04/05/2012 18:54:54] /a
[04/05/2012 18:55:11] /m sasuke boss
[04/05/2012 18:55:19] /a
[04/05/2012 18:55:27] /a
[04/05/2012 18:55:33] /m sasori boss
[04/05/2012 18:55:58] /m sasori boss
[04/05/2012 18:55:58] /m sasori boss
[04/05/2012 18:55:59] /m sasori boss
[04/05/2012 18:55:59] /m sasori boss
[04/05/2012 18:56:00] /m sasori boss
[04/05/2012 18:56:08] /a
[04/05/2012 18:56:21] /a
[04/05/2012 18:56:42] /m tobi
[04/05/2012 18:56:43] /a
[04/05/2012 18:57:57] /i 2160
[04/05/2012 19:00:06] /m sasori
[04/05/2012 19:00:06] /m sasori
[04/05/2012 19:00:14] /m sasori boss
[04/05/2012 19:00:28] /m sasori boss
[04/05/2012 19:00:29] /m sasori boss
[04/05/2012 19:00:30] /m sasori boss
[04/05/2012 19:00:30] /m sasori boss
[04/05/2012 19:00:31] /m sasori boss
[04/05/2012 19:00:32] /m sasori boss
[04/05/2012 19:00:32] /m sasori boss
[04/05/2012 19:00:33] /m sasori boss
[04/05/2012 19:00:34] /m sasori boss
[04/05/2012 19:00:57] /m tutor
[04/05/2012 19:00:58] /m tutor
[04/05/2012 19:00:58] /m tutor
[04/05/2012 19:00:59] /m tutor
[04/05/2012 19:00:59] /m tutor
[04/05/2012 19:01:00] /m tutor
[04/05/2012 19:01:00] /m tutor
[04/05/2012 19:01:01] /m tutor
[04/05/2012 19:01:02] /m tutor
[04/05/2012 19:01:02] /m tutor
[04/05/2012 19:01:03] /m tutor
[04/05/2012 19:01:03] /m tutor
[04/05/2012 19:01:04] /m tutor
[04/05/2012 19:01:10] /m tobi
[04/05/2012 19:01:13] /a
[04/05/2012 19:02:08] /a
[04/05/2012 19:02:10] /a
[04/05/2012 19:02:19] /r
[04/05/2012 19:03:44] /b paro
[04/05/2012 19:05:23] /m tutor
[04/05/2012 19:05:24] /m tutor
[04/05/2012 19:05:24] /m tutor
[04/05/2012 19:05:25] /m tutor
[04/05/2012 19:05:25] /m tutor
[04/05/2012 19:05:26] /m tutor
[04/05/2012 19:05:26] /m tutor
[04/05/2012 19:05:28] /m tutor/m tutorv/m tutor
[04/05/2012 19:05:29] /m tutor
[04/05/2012 19:05:30] /m tutor
[04/05/2012 19:05:31] /m tutor
[04/05/2012 19:05:32] /m tutor
[04/05/2012 19:05:33] /m tutor
[04/05/2012 19:05:33] /m tutor
[04/05/2012 19:05:34] /m tutor
[04/05/2012 19:05:35] /m tutor
[04/05/2012 19:05:50] /b esse evento ganh 100g
[04/05/2012 19:05:55] /m tutor
[04/05/2012 19:05:55] /m tutor
[04/05/2012 19:05:56] /m tutor
[04/05/2012 19:05:56] /m tutor
[04/05/2012 19:05:58] /m tutor
[04/05/2012 19:05:58] /m tutor
[04/05/2012 19:06:01] /m tutor
[04/05/2012 19:06:01] /m tutor
[04/05/2012 19:06:02] /m tutor
[04/05/2012 19:06:02] /m tutor
[04/05/2012 19:06:22] /m itati boss
[04/05/2012 19:06:33] /m susano itati
[04/05/2012 19:06:37] /m tutor
[04/05/2012 19:06:37] /m tutor
[04/05/2012 19:06:38] /m tutor
[04/05/2012 19:06:39] /m tutor
[04/05/2012 19:06:39] /m tutor/m tutor
[04/05/2012 19:06:40] /m tutor
[04/05/2012 19:06:41] /m tutor
[04/05/2012 19:06:42] /m tutor
[04/05/2012 19:06:43] /m tutor
[04/05/2012 19:06:43] /m tutor
[04/05/2012 19:06:44] /m tutor
[04/05/2012 19:06:45] /m tutor
[04/05/2012 19:06:45] /m tutor
[04/05/2012 19:06:46] /m tutor
[04/05/2012 19:07:08] /m tobi boss
[04/05/2012 19:07:09] /m tobi boss
[04/05/2012 19:07:09] /m tobi boss
[04/05/2012 19:07:10] /m tobi boss/m tobi boss
[04/05/2012 19:07:11] /m tobi boss
[04/05/2012 19:07:11] /m tobi boss
[04/05/2012 19:07:12] /m tobi boss/m tobi boss
[04/05/2012 19:07:15] /m tobi boss
[04/05/2012 19:07:16] /m tobi boss
[04/05/2012 19:07:17] /m tobi boss
[04/05/2012 19:07:18] /m tobi boss
[04/05/2012 19:07:19] /m tobi boss
[04/05/2012 19:07:20] /m tobi boss
[04/05/2012 19:07:20] /m tobi boss
[04/05/2012 19:07:21] /m tobi boss
[04/05/2012 19:07:32] /m tobi
[04/05/2012 19:07:37] /m tobi
[04/05/2012 19:07:45] /a
[04/05/2012 19:11:57] /m sasuke
[04/05/2012 19:11:57] /m sasuke
[04/05/2012 19:11:58] /m sasukev
[04/05/2012 19:11:59] /m sasuke/m sasuke/m sasuke/m sasuke/m sasukev
[04/05/2012 19:12:01] /m sasuke/m sasuke
[04/05/2012 19:12:04] /m sasuke
[04/05/2012 19:12:05] /m sasuke
[04/05/2012 19:12:06] /m sasuke
[04/05/2012 19:12:07] /m sasuke
[04/05/2012 19:12:08] /m sasuke
[04/05/2012 19:12:09] /m sasuke
[04/05/2012 19:12:09] /m sasuke
[04/05/2012 19:12:10] /m sasuke
[04/05/2012 19:12:11] /m sasuke
[04/05/2012 19:12:11] /m sasuke
[04/05/2012 19:12:12] /m sasuke
[04/05/2012 19:12:12] /m sasuke
[04/05/2012 19:12:13] /m sasuke
[04/05/2012 19:12:14] /m sasuke
[04/05/2012 19:12:16] /m sasuke
[04/05/2012 19:12:17] /m sasuke
[04/05/2012 19:13:17] /i 2160
[04/05/2012 19:14:35] /i 2160
[04/05/2012 19:15:55] /clean
[04/05/2012 19:16:47] /m sasuke
[04/05/2012 19:16:48] /m sasuke
[04/05/2012 19:16:49] /m sasuke
[04/05/2012 19:16:49] /m sasuke
[04/05/2012 19:16:50] /m sasuke
[04/05/2012 19:16:50] /m sasuke
[04/05/2012 19:16:51] /m sasuke
[04/05/2012 19:16:51] /m sasuke
[04/05/2012 19:16:52] /m sasuke
[04/05/2012 19:16:53] /m sasuke
[04/05/2012 19:16:53] /m sasuke
[04/05/2012 19:17:33] /m sasori boss
[04/05/2012 19:17:33] /m sasori boss
[04/05/2012 19:17:34] /m sasori boss
[04/05/2012 19:17:35] /m sasori boss
[04/05/2012 19:17:36] /m sasori boss
[04/05/2012 19:19:07] /m sasori boss
[04/05/2012 19:19:08] /m sasori boss
[04/05/2012 19:19:08] /m sasori boss
[04/05/2012 19:19:08] /m sasori boss
[04/05/2012 19:19:09] /m sasori boss
[04/05/2012 19:19:10] /m sasori boss/m sasori boss
[04/05/2012 19:19:32] /m tobi
[04/05/2012 19:21:07] /m sasori boss
[04/05/2012 19:21:08] /m sasori boss
[04/05/2012 19:21:08] /m sasori boss
[04/05/2012 19:21:09] /m sasori boss
[04/05/2012 19:21:11] /m sasori boss
[04/05/2012 19:21:12] /m sasori boss
[04/05/2012 19:21:13] /m sasori boss
[04/05/2012 19:22:28] /a
[04/05/2012 19:22:36] /a
[04/05/2012 19:23:24] /a
[04/05/2012 19:23:29] /a
[04/05/2012 19:23:35] /a
[04/05/2012 19:23:41] /a
[04/05/2012 19:23:47] /a
[04/05/2012 19:24:25] /t
[04/05/2012 19:25:26] /m yondaime
[04/05/2012 19:26:24] /m orochimaru
[04/05/2012 19:26:39] /m susanou itati
[04/05/2012 19:26:45] /m naruto
[04/05/2012 19:27:03] /m naruto
[04/05/2012 19:27:05] /m lee
[04/05/2012 19:27:13] /t sakura
[04/05/2012 19:27:28] /m naruto
[04/05/2012 19:27:28] /m naruto
[04/05/2012 19:27:29] /m naruto
[04/05/2012 19:27:30] /m naruto
[04/05/2012 19:27:30] /m naruto
[04/05/2012 19:27:31] /m naruto/m naruto
[04/05/2012 19:27:33] /m naruto
[04/05/2012 19:27:34] /m naruto
[04/05/2012 19:27:35] /m naruto
[04/05/2012 19:27:48] /c Sakura
[04/05/2012 19:28:26] /m susanou Itati
[04/05/2012 19:28:59] /a
[04/05/2012 19:29:06] /a
[04/05/2012 19:29:21] /t
[04/05/2012 19:29:36] /m susanou itachi
[04/05/2012 19:30:35] /m susanou itachi
[04/05/2012 19:30:36] /m susanou itachi
[04/05/2012 19:30:37] /m susanou itachi
[04/05/2012 19:30:38] /m susanou itachi
[04/05/2012 19:30:39] /m susanou itachi
[04/05/2012 19:30:39] /m susanou itachi
[04/05/2012 19:30:40] /m susanou itachi
[04/05/2012 19:31:59] /m naruto
[04/05/2012 19:32:00] /m naruto
[04/05/2012 19:32:00] /m naruto
[04/05/2012 19:32:01] /m naruto
[04/05/2012 19:32:01] /m naruto
[04/05/2012 19:32:02] /m naruto
[04/05/2012 19:32:02] /m naruto
[04/05/2012 19:32:03] /m naruto
[04/05/2012 19:32:04] /m naruto
[04/05/2012 19:33:06] /m sasanou itachi
[04/05/2012 19:33:26] /b pessoal vo sai flo
[04/05/2012 19:33:29] /t
[04/05/2012 19:33:34] /ghost
[04/05/2012 19:33:49] /goto sakura
[04/05/2012 19:34:04] /c sakura
[04/05/2012 19:35:08] /t
[04/05/2012 19:35:16] /c  sakura
[04/05/2012 19:35:32] /m susanou itachi
[04/05/2012 19:36:08] /m susanou itachi
[04/05/2012 19:36:09] /m susanou itachi
[04/05/2012 19:36:09] /m susanou itachi
[04/05/2012 19:36:10] /m susanou itachi
[04/05/2012 19:36:10] /m susanou itachi
[04/05/2012 19:36:11] /m susanou itachi
[04/05/2012 19:36:11] /m susanou itachi
[04/05/2012 19:36:12] /m susanou itachi
[04/05/2012 19:36:12] /m susanou itachi
[04/05/2012 19:36:13] /m susanou itachi
[04/05/2012 19:36:21] /a
[04/05/2012 19:36:30] /m sasori boss
[04/05/2012 19:36:33] /m sasori boss/m sasori boss/m sasori boss/m sasori boss
[04/05/2012 19:36:33] /m sasori boss
[04/05/2012 19:36:34] /m sasori boss
[04/05/2012 19:36:34] /m sasori boss
[04/05/2012 19:36:35] /m sasori boss
[04/05/2012 19:36:35] /m sasori boss
[04/05/2012 19:36:37] /m sasori boss
[04/05/2012 19:36:38] /m sasori boss
[04/05/2012 19:36:39] /m sasori boss
[04/05/2012 19:36:40] /m sasori boss
[04/05/2012 19:36:41] /m sasori boss
[04/05/2012 19:54:36] /t
[04/05/2012 19:54:42] /r
[04/05/2012 19:55:00] /r
[04/05/2012 19:55:20] /r
[04/05/2012 19:56:48] /a
[04/05/2012 19:56:50] /a
[04/05/2012 19:56:52] /a
[04/05/2012 19:57:00] /c sasuke amaterasu
[04/05/2012 19:57:05] /a
[04/05/2012 19:57:07] /a
[04/05/2012 19:57:17] /c sasuke amaterasu
[04/05/2012 19:57:42] /c sasuke amaterasu
[04/05/2012 19:57:57] /a
[04/05/2012 19:58:00] /a
[04/05/2012 19:58:11] /c sasuke amaterasu
[04/05/2012 19:59:16] /a 40
[04/05/2012 19:59:24] /a 40
[04/05/2012 19:59:34] /a 30
[04/05/2012 19:59:42] /a 50
[04/05/2012 19:59:44] /c sasuke amaterasu
[04/05/2012 20:00:00] /a sakura
[04/05/2012 20:00:25] /c sakura
[04/05/2012 20:00:54] /a 40
[04/05/2012 20:00:59] /a 60
[04/05/2012 20:01:08] /c sakura
[04/05/2012 20:01:30] /m tobi
[04/05/2012 20:02:05] /t
[04/05/2012 20:04:08] /goto Cristiano Killer
[04/05/2012 20:06:09] /a 50
[04/05/2012 20:06:21] /c Hyzyk Fusion
[04/05/2012 20:06:42] /t
[04/05/2012 20:13:56] /goto ds trevas
[04/05/2012 20:14:32] /t
[04/05/2012 20:15:19] /r
[04/05/2012 20:15:58] /t
[04/05/2012 20:17:37] /a
[04/05/2012 20:17:53] /t
[05/05/2012 16:27:34] /a
[05/05/2012 17:07:59] /t
[05/05/2012 17:08:15] /a 200
[05/05/2012 17:08:29] /a 50
[05/05/2012 17:08:38] /a 30
[05/05/2012 17:08:43] /a
[05/05/2012 17:08:51] /a 10
[05/05/2012 21:06:24] /a
[05/05/2012 21:06:41] /t
[05/05/2012 21:07:11] /a
[05/05/2012 21:07:15] /r
[05/05/2012 21:07:32] /r
