[20/11/2017 23:47:19] /b a
[20/11/2017 23:48:3] /b Dúvidas? Use o HELP! Estarei lá disponibilizado a sanar qualquer dúvida.
[21/11/2017 0:18:39] /b Boa noite pessoal Immb aqui. Dúvidas? Use o HELP que irei tentar saná-las da melhor forma
[21/11/2017 0:28:40] /mute 
[21/11/2017 0:29:5] /mute [Help] AbsoluT, 1
[21/11/2017 0:32:22] /mute [Help] AbsoluT
[21/11/2017 0:32:27] /mute [Help] AbsoluT 1
[21/11/2017 0:37:9] /mute [Help] AbsoluT. 1
[21/11/2017 0:37:12] /mute [Help] AbsoluT., 1
[21/11/2017 1:3:30] /b E a turma da madrugada? Ta geral AFK? Cade vocês meus amores
[21/11/2017 1:3:44] /b Dúvidas? Use o HELP!
[21/11/2017 1:5:41] /b Cade o pelego da madrugada? Ces tão morto ein
[21/11/2017 1:26:54] /b Cade o pelego? Parece que a Keep Out está no comando da city em ninguém sai em
[21/11/2017 1:33:38] /b Ah, dia hoje foi cansativo, boa noite a todos, fiquem agora com o tutor Endo Kisame, kkkk
[21/11/2017 2:9:23] /b Dúvidas? Use o HELP!
[21/11/2017 2:14:41] /b Boa noite terráqueos, até mais! ;)
[21/11/2017 2:14:46] /b Boa noite terráqueos, até mais! ;)
[21/11/2017 7:14:24] /b Bom dia!
[21/11/2017 11:36:39] /b Bom dia! Estou no HELP, qualquer dúvida, pode falar no HELP!
[21/11/2017 12:8:39] /b Galera, proposta pra vocês, vamo divulgar o servidor? É importante que você divulgue o servidor pra que ajude ele a crescer!
[21/11/2017 12:9:56] /b Tutor Tyler quem lembra sou das antigas kkk atual immb, quem quiser to la no help pra ajudar vlw glr?
[21/11/2017 12:21:53] /mute Doguinha, 10
[21/11/2017 12:24:18] /mute doguinha, 30
[21/11/2017 12:25:3] /mute [Help] AbsoluT.
[21/11/2017 12:25:18] /mute [Help] AbsoluT., 1
[21/11/2017 12:26:22] /mute Sheikz, 1
[21/11/2017 12:26:51] /mute Doguinha, 30
[21/11/2017 12:27:50] /mute Doguinha, 30
[21/11/2017 12:30:49] /mute Doguinha, 60
[21/11/2017 12:31:46] /b Dúvidas? Use o HELP! Estarei lá pra ajudar no que for preciso.
[21/11/2017 12:58:44] /b O ADM conseguiu arrumar quem não conseguia logar!
[21/11/2017 13:0:29] /b Galera, o ADM ajustou o erro, quem tiver qualquer dúvida, use o help, terei o prazer de ajudá-lo.
[21/11/2017 14:1:57] /b Dúvidas? Terei um prazer em ajudá-lo a sanar sua dúvida, HELP or PM
