[14/10/2013 23:21:45] /b Olá Galera
[14/10/2013 23:22:12] /b Estarei Disposto A Ajudar Todos, Duvidas No Help..! <33
[14/10/2013 23:22:14] /b Estarei Disposto A Ajudar Todos, Duvidas No Help..! <33
[14/10/2013 23:22:15] /b Estarei Disposto A Ajudar Todos, Duvidas No Help..! <33
[14/10/2013 23:22:16] /b Estarei Disposto A Ajudar Todos, Duvidas No Help..! <33
[14/10/2013 23:23:41] /b Duvidas Apenas Help, Nao Respondo PM.
[14/10/2013 23:27:22] /b Vou Ficar Ausente Por Algum Tempo ... Ja Volto'.
[14/10/2013 23:27:23] /b Vou Ficar Ausente Por Algum Tempo ... Ja Volto'.
[15/10/2013 00:11:05] /b Voltei =D
[15/10/2013 00:11:05] /b Voltei =D
[15/10/2013 00:11:12] /b Duvidas No HELP!
[15/10/2013 00:11:12] /b Duvidas No HELP!
[15/10/2013 00:11:13] /b Duvidas No HELP!
[15/10/2013 00:21:21] /b Duvidas No Help.
[15/10/2013 00:33:37] /b Duvidas No Help, Nao Respondo PM!
[15/10/2013 00:38:39] /b GoGo Site !! =D
[15/10/2013 00:41:38] /b Duvidas Somente No HELP
[15/10/2013 00:41:40] /b Duvidas Somente No HELP
[15/10/2013 00:41:47] /b Duvidas Somente No HELP
[15/10/2013 01:03:05] /b Duvidas No HELP.!
[15/10/2013 01:03:07] /b Duvidas No HELP.!
[15/10/2013 01:03:07] /b Duvidas No HELP.!
[15/10/2013 01:03:08] /b Duvidas No HELP.!
[15/10/2013 01:03:08] /b Duvidas No HELP.!
[15/10/2013 01:03:08] /b Duvidas No HELP.!
[15/10/2013 01:03:09] /b Duvidas No HELP.!
[15/10/2013 01:03:10] /b Duvidas No HELP.!
[15/10/2013 01:03:11] /b Duvidas No HELP.!
[15/10/2013 01:03:11] /b Duvidas No HELP.!
[15/10/2013 01:03:12] /b Duvidas No HELP.!
[15/10/2013 01:15:41] /b Duvidas No Help...
[15/10/2013 01:15:42] /b Duvidas No Help...
[15/10/2013 01:15:43] /b Duvidas No Help...
[15/10/2013 01:15:44] /b Duvidas No Help...
[15/10/2013 01:15:44] /b Duvidas No Help...
[15/10/2013 01:15:45] /b Duvidas No Help...
[15/10/2013 01:15:45] /b Duvidas No Help...
[15/10/2013 01:15:45] /b Duvidas No Help...
[15/10/2013 01:15:46] /b Duvidas No Help...
[15/10/2013 01:31:58] full sense enemy down
[15/10/2013 01:32:52] full sense Arthax
[15/10/2013 04:41:59] /b Alguem ON?
[15/10/2013 04:41:59] /b Alguem ON?
[15/10/2013 04:42:00] /b Alguem ON?
[15/10/2013 04:42:00] /b Alguem ON?
[15/10/2013 04:42:02] /b Alguem ON?
[15/10/2013 04:42:02] /b Alguem ON?
[15/10/2013 04:42:03] /b Alguem ON?
[15/10/2013 04:42:03] /b Alguem ON?
[15/10/2013 04:42:04] /b Alguem ON?
[15/10/2013 04:44:26] /b so ake q deu down/
[15/10/2013 04:44:28] /b so ake q deu down?
[15/10/2013 04:50:51] /b Se Tiver Alguma Duvida Fale No Help!...
[15/10/2013 04:50:53] /b Se Tiver Alguma Duvida Fale No Help!...
[15/10/2013 04:50:54] /b Se Tiver Alguma Duvida Fale No Help!...
[15/10/2013 04:50:56] /b Se Tiver Alguma Duvida Fale No Help!...
[15/10/2013 04:50:57] /b Se Tiver Alguma Duvida Fale No Help!...
[15/10/2013 04:50:57] /b Se Tiver Alguma Duvida Fale No Help!...
[15/10/2013 04:50:57] /b Se Tiver Alguma Duvida Fale No Help!...
[15/10/2013 04:50:58] /b Se Tiver Alguma Duvida Fale No Help!...
[15/10/2013 04:50:58] /b Se Tiver Alguma Duvida Fale No Help!...
[15/10/2013 04:50:59] /b Se Tiver Alguma Duvida Fale No Help!...
[15/10/2013 04:50:59] /b Se Tiver Alguma Duvida Fale No Help!...
[15/10/2013 04:50:59] /b Se Tiver Alguma Duvida Fale No Help!...
[15/10/2013 04:51:00] /b Se Tiver Alguma Duvida Fale No Help!...
[15/10/2013 04:51:00] /b Se Tiver Alguma Duvida Fale No Help!...
[15/10/2013 04:51:00] /b Se Tiver Alguma Duvida Fale No Help!...
[15/10/2013 04:51:01] /b Se Tiver Alguma Duvida Fale No Help!...
[15/10/2013 04:51:01] /b Se Tiver Alguma Duvida Fale No Help!...
[15/10/2013 05:19:50] /b Duvidas No HELP !!
[15/10/2013 05:19:50] /b Duvidas No HELP !!
[15/10/2013 05:19:51] /b Duvidas No HELP !!
[15/10/2013 05:19:51] /b Duvidas No HELP !!
[15/10/2013 05:23:56] /b Duvidas No HELP!!
[15/10/2013 05:23:57] /b Duvidas No HELP!!
[15/10/2013 05:23:58] /b Duvidas No HELP!!
[15/10/2013 05:23:58] /b Duvidas No HELP!!
[15/10/2013 05:23:58] /b Duvidas No HELP!!
[15/10/2013 05:23:59] /b Duvidas No HELP!!
[15/10/2013 05:24:00] /b Duvidas No HELP!!
[15/10/2013 05:24:00] /b Duvidas No HELP!!
[15/10/2013 05:24:01] /b Duvidas No HELP!!
[15/10/2013 05:24:01] /b Duvidas No HELP!!
[15/10/2013 05:24:02] /b Duvidas No HELP!!
[15/10/2013 05:24:02] /b Duvidas No HELP!!
[15/10/2013 05:24:02] /b Duvidas No HELP!!
[15/10/2013 05:24:03] /b Duvidas No HELP!!
[15/10/2013 05:24:59] /b alguem ai gostaria de dar alguma sugestao para o serv ou algo relacionado...
[15/10/2013 05:25:02] /b alguem ai gostaria de dar alguma sugestao para o serv ou algo relacionado...
[15/10/2013 05:30:24] /b vcs ja viram novo mapa com tutorial de respw e boss feito por mim ? =x -- http://nickissonlscrz.wix.com/ntoabsolut
[15/10/2013 05:30:24] /b vcs ja viram novo mapa com tutorial de respw e boss feito por mim ? =x -- http://nickissonlscrz.wix.com/ntoabsolut
[15/10/2013 05:30:24] /b vcs ja viram novo mapa com tutorial de respw e boss feito por mim ? =x -- http://nickissonlscrz.wix.com/ntoabsolut
[15/10/2013 05:30:25] /b vcs ja viram novo mapa com tutorial de respw e boss feito por mim ? =x -- http://nickissonlscrz.wix.com/ntoabsolut
[15/10/2013 05:30:25] /b vcs ja viram novo mapa com tutorial de respw e boss feito por mim ? =x -- http://nickissonlscrz.wix.com/ntoabsolut
[15/10/2013 05:30:25] /b vcs ja viram novo mapa com tutorial de respw e boss feito por mim ? =x -- http://nickissonlscrz.wix.com/ntoabsolut
[15/10/2013 05:30:33] /b vcs ja viram novo mapa com tutorial de respw e boss feito por mim ? =x -- http://nickissonlscrz.wix.com/ntoabsolut
[15/10/2013 05:36:56] /b Alguns Comandos Q Talves Vcs N Saibam.... !jutsu / !rank / !rank ninjutsu / !rank glove / !rank sword / !rankfrags / !top guilds / ...
[15/10/2013 05:36:58] /b Alguns Comandos Q Talves Vcs N Saibam.... !jutsu / !rank / !rank ninjutsu / !rank glove / !rank sword / !rankfrags / !top guilds / ...
[15/10/2013 05:36:59] /b Alguns Comandos Q Talves Vcs N Saibam.... !jutsu / !rank / !rank ninjutsu / !rank glove / !rank sword / !rankfrags / !top guilds / ...
[15/10/2013 05:37:00] /b Alguns Comandos Q Talves Vcs N Saibam.... !jutsu / !rank / !rank ninjutsu / !rank glove / !rank sword / !rankfrags / !top guilds / ...
[15/10/2013 05:37:01] /b Alguns Comandos Q Talves Vcs N Saibam.... !jutsu / !rank / !rank ninjutsu / !rank glove / !rank sword / !rankfrags / !top guilds / ...
[15/10/2013 05:59:25] /b 05:59 Trap Insano [250]: quem vai hidan boss?
[15/10/2013 05:59:26] /b 05:59 Trap Insano [250]: quem vai hidan boss?
[15/10/2013 06:00:37] /b Duvidas NO Help... aeuhaae
[15/10/2013 06:00:39] /b Duvidas NO Help...
[15/10/2013 06:05:24] /b carai ninguem ta com duvida nesse sv ;x
[15/10/2013 06:05:30] /b Duvidas no help ;x
[15/10/2013 06:05:32] /b Duvidas no help ;x
[15/10/2013 06:21:15] /b saindo ake, dake uns 30 ~ 60 min to de volta
[15/10/2013 06:21:16] /b saindo ake, dake uns 30 ~ 60 min to de volta
[15/10/2013 06:21:17] /b saindo ake, dake uns 30 ~ 60 min to de volta
[15/10/2013 08:41:43] /b Olá Galera
[15/10/2013 08:41:43] /b Olá Galera
[15/10/2013 08:41:44] /b Olá Galera
[15/10/2013 08:41:44] /b Olá Galera
[15/10/2013 08:41:53] /b Duvidas No Help!!
[15/10/2013 08:41:53] /b Duvidas No Help!!
[15/10/2013 08:41:54] /b Duvidas No Help!!
[15/10/2013 08:41:54] /b Duvidas No Help!!
[15/10/2013 08:41:55] /b Duvidas No Help!!
[15/10/2013 08:41:59] /b Olá Galera
[15/10/2013 08:42:01] /b Duvidas No Help!!
[15/10/2013 08:42:02] /b Duvidas No Help!!
[15/10/2013 08:42:03] /b Duvidas No Help!!
[15/10/2013 08:42:07] /b NAO RESPONDO PM
[15/10/2013 08:42:09] /b NAO RESPONDO PM
[15/10/2013 08:42:23] /b Duvidas SOMENTE NO HELP... desde ja agradeço
[15/10/2013 08:42:26] /b NAO RESPONDO PM
[15/10/2013 08:42:29] /b Duvidas No Help!!
[15/10/2013 08:43:27] /b Duvidas No Help!!
[15/10/2013 08:43:32] /b Duvidas No Help!!
[15/10/2013 08:43:33] /b Duvidas No Help!!
[15/10/2013 08:43:34] /b Duvidas No Help!!
[15/10/2013 08:43:35] /b Duvidas No Help!!
[15/10/2013 08:43:36] /b Duvidas No Help!!
[15/10/2013 08:43:38] /b Duvidas No Help!!
[15/10/2013 08:43:38] /b Duvidas No Help!!
[15/10/2013 08:43:39] /b Duvidas No Help!!
[15/10/2013 08:43:39] /b Duvidas No Help!!
[15/10/2013 08:43:40] /b Duvidas No Help!!
[15/10/2013 08:43:40] /b Duvidas No Help!!
[15/10/2013 08:43:41] /b Duvidas No Help!!
[15/10/2013 08:43:41] /b Duvidas No Help!!
[15/10/2013 08:43:41] /b Duvidas No Help!!
[15/10/2013 08:43:42] /b Duvidas No Help!!
[15/10/2013 08:43:43] /b Duvidas No Help!!
[15/10/2013 08:43:43] /b Duvidas No Help!!
[15/10/2013 08:43:44] /b Duvidas No Help!!
[15/10/2013 08:43:45] /b Duvidas No Help!!
[15/10/2013 08:43:45] /b Duvidas No Help!!
[15/10/2013 08:43:46] /b Duvidas No Help!!
[15/10/2013 08:43:46] /b Duvidas No Help!!
[15/10/2013 08:43:47] /b Duvidas No Help!!
[15/10/2013 08:45:33] /b Duvidas No Help!!
[15/10/2013 08:50:40] /b Duvidas No Help!!
[15/10/2013 08:51:06] /b Duvidas No Help!!
[15/10/2013 08:51:06] /b Duvidas No Help!!
[15/10/2013 08:51:41] /b Duvidas No Help!!
[15/10/2013 08:51:41] /b Duvidas No Help!!
[15/10/2013 08:54:03] /b Duvidas No Help!!
[15/10/2013 08:54:03] /b Duvidas No Help!!
[15/10/2013 09:06:19] /b Duvidas No Help!!
[15/10/2013 09:06:21] /b Duvidas No Help!!
[15/10/2013 09:06:22] /b Duvidas No Help!!
[15/10/2013 09:06:22] /b Duvidas No Help!!
[15/10/2013 09:08:20] /b 09:08 Black Kakashi [247]: to indo fazer sasuke boss ker vir cominguo /;?
[15/10/2013 09:11:57] /b Black Kakashi Esta Montando Time Para Sasuke Boss E Possivelmente Outros...
[15/10/2013 09:11:58] /b Black Kakashi Esta Montando Time Para Sasuke Boss E Possivelmente Outros...
[15/10/2013 09:12:00] /b Duvidas No Help!!
[15/10/2013 09:12:00] /b Duvidas No Help!!
[15/10/2013 09:12:00] /b Duvidas No Help!!
[15/10/2013 09:12:00] /b Duvidas No Help!!
[15/10/2013 09:13:32] /b Duvidas No Help!!
[15/10/2013 09:15:10] /b 09:15 Black Kakashi [247]: cade tam tamos indo ja kiser vir so avisa
[15/10/2013 09:17:42] /b Duvidas No Help!!
[15/10/2013 09:17:42] /b Duvidas No Help!!
[15/10/2013 09:25:16] /b Duvidas No Help!!
[15/10/2013 09:28:49] /b Duvidas No Help!!
[15/10/2013 09:28:50] /b Duvidas No Help!!
[15/10/2013 09:28:50] /b Duvidas No Help!!
[15/10/2013 09:28:50] /b Duvidas No Help!!
[15/10/2013 09:28:50] /b Duvidas No Help!!
[15/10/2013 09:28:50] /b Duvidas No Help!!
[15/10/2013 09:33:37] /b  09:33 Black Kakashi [243]: Team HIDAN BOSS GOGO LVL 200
[15/10/2013 09:37:45] /b Duvidas No Help!!
[15/10/2013 09:37:45] /b Duvidas No Help!!
[15/10/2013 09:37:45] /b Duvidas No Help!!
[15/10/2013 09:37:45] /b Duvidas No Help!!
[15/10/2013 09:37:45] /b Duvidas No Help!!
[15/10/2013 09:37:45] /b Duvidas No Help!!
[15/10/2013 09:37:46] /b Duvidas No Help!!
[15/10/2013 09:37:46] /b Duvidas No Help!!
[15/10/2013 09:40:21] /b Nao Posso Dar Itens, Membros Da Staff Nao Dao Itens... Ate  Pq Nao Tenho Itens...
[15/10/2013 09:43:07] /b Duvidas No Help!!
[15/10/2013 09:43:07] /b Duvidas No Help!!
[15/10/2013 09:43:07] /b Duvidas No Help!!
[15/10/2013 09:43:07] /b Duvidas No Help!!
[15/10/2013 09:44:09] /b Ja Volto...
[15/10/2013 09:45:14] /b Voltei
[15/10/2013 09:45:45] /b Tutorial Com Mapa De Respw E Bosses.. Se Encontra ~> http://nickissonlscrz.wix.com/ntoabsolut
[15/10/2013 09:45:46] /b Tutorial Com Mapa De Respw E Bosses.. Se Encontra ~> http://nickissonlscrz.wix.com/ntoabsolut
[15/10/2013 09:45:47] /b Tutorial Com Mapa De Respw E Bosses.. Se Encontra ~> http://nickissonlscrz.wix.com/ntoabsolut
[15/10/2013 09:45:47] /b Tutorial Com Mapa De Respw E Bosses.. Se Encontra ~> http://nickissonlscrz.wix.com/ntoabsolut
[15/10/2013 09:45:48] /b Tutorial Com Mapa De Respw E Bosses.. Se Encontra ~> http://nickissonlscrz.wix.com/ntoabsolut
[15/10/2013 09:45:48] /b Tutorial Com Mapa De Respw E Bosses.. Se Encontra ~> http://nickissonlscrz.wix.com/ntoabsolut
[15/10/2013 09:46:12] /b Duvidas No Help!!
[15/10/2013 09:46:12] /b Duvidas No Help!!
[15/10/2013 09:46:13] /b Duvidas No Help!!
[15/10/2013 10:00:30] /b Duvidas No Help!!
[15/10/2013 10:00:30] /b Duvidas No Help!!
[15/10/2013 10:00:30] /b Duvidas No Help!!
[15/10/2013 10:00:59] /b  10:02 Black Kakashi [244]: Team HIDAN BOSS GOGO 5/2 LVL 250
[15/10/2013 10:01:01] /b  10:02 Black Kakashi [244]: Team HIDAN BOSS GOGO 5/2 LVL 250
[15/10/2013 10:02:10] /b saindo ake, vo fika off uns 30 min no max...[
[15/10/2013 10:02:12] /b saindo ake, vo fika off uns 30 min no max...
[15/10/2013 10:02:17] /b Ja volto
[15/10/2013 10:02:20] /b <#33
[15/10/2013 10:32:20] /b Eae Galera, Voltei Tinha Ido Toma Cafpe ;s
[15/10/2013 10:32:21] /b Eae Galera, Voltei Tinha Ido Toma Cafpe ;s
[15/10/2013 10:32:25] /b Eae Galera, Voltei Tinha Ido Toma Café*
[15/10/2013 10:32:53] /b Duvidas No Help!!
[15/10/2013 10:32:54] /b Duvidas No Help!!
[15/10/2013 10:32:54] /b Duvidas No Help!!
[15/10/2013 11:06:48] /b voltei
[15/10/2013 11:07:15] /b GOGOGO
[15/10/2013 11:07:21] /b Kisame Boss? O.o
[15/10/2013 11:34:42] /b Duvidas No Help!!
[15/10/2013 11:42:57] /b Duvidas No Help!!
[15/10/2013 11:42:57] /b Duvidas No Help!!
[15/10/2013 11:42:57] /b Duvidas No Help!!
[15/10/2013 11:42:59] /b Duvidas No Help!!
[15/10/2013 11:43:00] /b Duvidas No Help!!
[15/10/2013 11:43:00] /b Duvidas No Help!!
[15/10/2013 12:04:40] /b Duvidas No Help!!
[15/10/2013 12:04:40] /b Duvidas No Help!!
[15/10/2013 12:04:41] /b Duvidas No Help!!
[15/10/2013 12:04:41] /b Duvidas No Help!!
[15/10/2013 12:04:41] /b Duvidas No Help!!
[15/10/2013 12:04:42] /b Duvidas No Help!!
[15/10/2013 12:04:42] /b Duvidas No Help!!
[15/10/2013 12:04:42] /b Duvidas No Help!!
[15/10/2013 12:04:43] /b Duvidas No Help!!
[15/10/2013 12:04:43] /b Duvidas No Help!!
[15/10/2013 12:04:43] /b Duvidas No Help!!
[15/10/2013 12:30:01] /b Duvidas HELP
[15/10/2013 12:30:02] /b Duvidas HELP
[15/10/2013 12:30:02] /b Duvidas HELP
[15/10/2013 12:30:02] /b Duvidas HELP
[15/10/2013 12:49:58] /b Duvidas Help!!
[15/10/2013 12:50:00] /b Duvidas Help!!
[15/10/2013 12:50:01] /b Duvidas Help!!
[15/10/2013 15:51:34] /b Eae Galera...
[15/10/2013 15:51:34] /b Eae Galera...
[15/10/2013 15:51:34] /b Duvidas No Help!!
[15/10/2013 15:51:36] /b Duvidas No Help!!
[15/10/2013 15:51:36] /b Duvidas No Help!!
[15/10/2013 15:51:37] /b Duvidas No Help!!
[15/10/2013 15:51:37] /b Duvidas No Help!!
[15/10/2013 15:51:38] /b Duvidas No Help!!
[15/10/2013 15:52:11] /b Duvidas No Help!!
[15/10/2013 16:08:27] /b Duvidas No Help!!
[15/10/2013 16:08:28] /b Duvidas No Help!!
[15/10/2013 16:08:29] /b Duvidas No Help!!
