[10/9/2015 2:41:45] /b Bom Jogo a Todos =D #Dormindo
[10/9/2015 2:42:35] /b Bom Jogo a Todos =D #Dormindo
[10/9/2015 2:43:0] /b Bom Jogo a Todos =D #Dormindo
[10/9/2015 2:44:40] /b Bom Jogo a Todos =D #Dormindo
[10/9/2015 2:47:26] /b Bom Jogo a Todos =D #Dormindo
[10/9/2015 7:25:51] /b Bom Dia ... Duvidas no Help
[10/9/2015 7:32:49] /b Vou marca o mapa que esta no site em breve como o lvl de cada local para melhora a jogabilidade =D 
[10/9/2015 7:42:26] /b Saindo aqui ... Volto as 12:00 
[10/9/2015 7:43:10] /b Bom Jogo a Todos =D #Trampo
[10/9/2015 7:46:31] /b Bom Jogo a Todos =D #Trampo
[10/9/2015 7:49:51] /b Bom Jogo a Todos =D #Trampo
[10/9/2015 7:53:15] /b Bom Jogo a Todos =D #Trampo
[10/9/2015 7:55:24] /b Bom Jogo a Todos =D #Trampo
[10/9/2015 8:3:44] /b Bom Jogo a Todos =D #Trampo
[10/9/2015 8:12:4] /b Bom Jogo a Todos =D #Trampo
[10/9/2015 8:20:24] /b Bom Jogo a Todos =D #Trampo
[10/9/2015 8:28:44] /b Bom Jogo a Todos =D #Trampo
[10/9/2015 8:37:3] /b Bom Jogo a Todos =D #Trampo
[10/9/2015 8:45:23] /b Bom Jogo a Todos =D #Trampo
[10/9/2015 8:53:43] /b Bom Jogo a Todos =D #Trampo
[10/9/2015 9:2:3] /b Bom Jogo a Todos =D #Trampo
[10/9/2015 9:10:23] /b Bom Jogo a Todos =D #Trampo
[10/9/2015 9:18:43] /b Bom Jogo a Todos =D #Trampo
[10/9/2015 9:27:2] /b Bom Jogo a Todos =D #Trampo
[10/9/2015 9:35:22] /b Bom Jogo a Todos =D #Trampo
[10/9/2015 9:43:42] /b Bom Jogo a Todos =D #Trampo
[10/9/2015 9:52:2] /b Bom Jogo a Todos =D #Trampo
[10/9/2015 10:0:22] /b Bom Jogo a Todos =D #Trampo
[10/9/2015 11:7:1] /b Bom Jogo a Todos =D #Trampo
[10/9/2015 11:15:21] /b Bom Jogo a Todos =D #Trampo
[10/9/2015 11:23:41] /b Bom Jogo a Todos =D #Trampo
[10/9/2015 11:32:1] /b Bom Jogo a Todos =D #Trampo
[10/9/2015 11:40:21] /b Bom Jogo a Todos =D #Trampo
[10/9/2015 11:48:41] /b Bom Jogo a Todos =D #Trampo
[10/9/2015 11:57:1] /b Bom Jogo a Todos =D #Trampo
[10/9/2015 12:5:21] /b Bom Jogo a Todos =D #Trampo
[10/9/2015 12:13:41] /b Bom Jogo a Todos =D #Trampo
[10/9/2015 12:18:21] /b Cheguei =D
[10/9/2015 12:19:15] /b ADM Nii on ?
[10/9/2015 13:14:46] /b Bom Jogo a Todos =D #Trampo
[10/9/2015 13:23:6] /b Bom Jogo a Todos =D #Trampo
[10/9/2015 13:31:26] /b Bom Jogo a Todos =D #Trampo
[10/9/2015 13:39:46] /b Bom Jogo a Todos =D #Trampo
[10/9/2015 13:48:6] /b Bom Jogo a Todos =D #Trampo
[10/9/2015 13:56:26] /b Bom Jogo a Todos =D #Trampo
[10/9/2015 14:4:46] /b Bom Jogo a Todos =D #Trampo
[10/9/2015 14:13:6] /b Bom Jogo a Todos =D #Trampo
[10/9/2015 14:21:26] /b Bom Jogo a Todos =D #Trampo
[10/9/2015 14:38:5] /b Bom Jogo a Todos =D #Trampo
[10/9/2015 14:46:25] /b Bom Jogo a Todos =D #Trampo
[10/9/2015 14:54:45] /b Bom Jogo a Todos =D #Trampo
[10/9/2015 15:3:5] /b Bom Jogo a Todos =D #Trampo
[10/9/2015 15:11:25] /b Bom Jogo a Todos =D #Trampo
[10/9/2015 15:19:44] /b Bom Jogo a Todos =D #Trampo
[10/9/2015 15:28:4] /b Bom Jogo a Todos =D #Trampo
[10/9/2015 15:36:24] /b Bom Jogo a Todos =D #Trampo
[10/9/2015 15:44:44] /b Bom Jogo a Todos =D #Trampo
[10/9/2015 15:53:3] /b Bom Jogo a Todos =D #Trampo
[10/9/2015 16:1:23] /b Bom Jogo a Todos =D #Trampo
[10/9/2015 16:9:43] /b Bom Jogo a Todos =D #Trampo
[10/9/2015 16:18:3] /b Bom Jogo a Todos =D #Trampo
[10/9/2015 16:26:23] /b Bom Jogo a Todos =D #Trampo
[10/9/2015 16:34:43] /b Bom Jogo a Todos =D #Trampo
[10/9/2015 16:43:3] /b Bom Jogo a Todos =D #Trampo
[10/9/2015 16:51:23] /b Bom Jogo a Todos =D #Trampo
[10/9/2015 16:59:43] /b Bom Jogo a Todos =D #Trampo
[10/9/2015 17:8:3] /b Bom Jogo a Todos =D #Trampo
[10/9/2015 17:16:23] /b Bom Jogo a Todos =D #Trampo
[10/9/2015 17:24:43] /b Bom Jogo a Todos =D #Trampo
[10/9/2015 17:33:3] /b Bom Jogo a Todos =D #Trampo
[10/9/2015 17:41:23] /b Bom Jogo a Todos =D #Trampo
[10/9/2015 17:49:43] /b Bom Jogo a Todos =D #Trampo
[10/9/2015 17:58:3] /b Bom Jogo a Todos =D #Trampo
[10/9/2015 18:6:23] /b Bom Jogo a Todos =D #Trampo
[10/9/2015 18:14:43] /b Bom Jogo a Todos =D #Trampo
[10/9/2015 18:23:3] /b Bom Jogo a Todos =D #Trampo
[10/9/2015 18:29:56] /b Bom Jogo a Todos =D #Trampo
[10/9/2015 18:30:18] /b Boa Noite ... Duvidas no HELP 
[10/9/2015 19:27:23] /b Usem o HELP para duvida ... Sem brigas ou cometarios escrotos 
[10/9/2015 19:32:3] /b Evento invasão agora só, Sabado e Domingos =D 
[10/9/2015 20:59:30] /b Boa Noite =D 
[10/9/2015 21:0:3] /b Duvidas no HELP
[10/9/2015 21:1:57] /b Galera vamos para ? Help é para duvidas nao para brigas 
[10/9/2015 21:17:27] /b Duvidas onde upa ? em nosso site temos marcaçoes completas http://ntoabs.weebly.com/
[10/9/2015 21:40:40] /b Player Premium agora tem Stamina vip ... compre no npc "Staminer VIP" no templo 
[11/9/2015 6:21:58] /b Bom Dia Galera, qualquer Duvida use o HELP 
[11/9/2015 6:22:46] /b Duvidas use o HELP
[11/9/2015 7:51:20] /b Site Oficial http://ntoabs.weebly.com/ 
[11/9/2015 7:52:17] /b No Site voce pode encontra local de task's, em breve a recompensa de cada uma delas ! 
[11/9/2015 8:8:2] /b Sem PM Por favo
[11/9/2015 8:10:59] /b Bom Jogo a Todos =D #Trampo
[11/9/2015 8:19:19] /b Bom Jogo a Todos =D #Trampo
[11/9/2015 8:27:39] /b Bom Jogo a Todos =D #Trampo
[11/9/2015 8:35:59] /b Bom Jogo a Todos =D #Trampo
[11/9/2015 8:44:19] /b Bom Jogo a Todos =D #Trampo
[11/9/2015 8:52:38] /b Bom Jogo a Todos =D #Trampo
[11/9/2015 9:0:58] /b Bom Jogo a Todos =D #Trampo
[11/9/2015 9:9:18] /b Bom Jogo a Todos =D #Trampo
[11/9/2015 9:17:38] /b Bom Jogo a Todos =D #Trampo
[11/9/2015 9:25:58] /b Bom Jogo a Todos =D #Trampo
[11/9/2015 9:34:18] /b Bom Jogo a Todos =D #Trampo
[11/9/2015 9:42:37] /b Bom Jogo a Todos =D #Trampo
[11/9/2015 9:50:57] /b Bom Jogo a Todos =D #Trampo
[11/9/2015 9:59:17] /b Bom Jogo a Todos =D #Trampo
[11/9/2015 10:7:37] /b Bom Jogo a Todos =D #Trampo
[11/9/2015 10:15:57] /b Bom Jogo a Todos =D #Trampo
[11/9/2015 10:24:16] /b Bom Jogo a Todos =D #Trampo
[11/9/2015 10:32:36] /b Bom Jogo a Todos =D #Trampo
[11/9/2015 10:40:56] /b Bom Jogo a Todos =D #Trampo
[11/9/2015 10:49:16] /b Bom Jogo a Todos =D #Trampo
[11/9/2015 10:57:36] /b Bom Jogo a Todos =D #Trampo
[11/9/2015 11:5:56] /b Bom Jogo a Todos =D #Trampo
[11/9/2015 11:14:16] /b Bom Jogo a Todos =D #Trampo
[11/9/2015 11:22:36] /b Bom Jogo a Todos =D #Trampo
[11/9/2015 11:30:55] /b Bom Jogo a Todos =D #Trampo
[11/9/2015 11:39:15] /b Bom Jogo a Todos =D #Trampo
[11/9/2015 11:47:35] /b Bom Jogo a Todos =D #Trampo
[11/9/2015 11:55:55] /b Bom Jogo a Todos =D #Trampo
[11/9/2015 12:4:15] /b Bom Jogo a Todos =D #Trampo
[11/9/2015 12:12:35] /b Bom Jogo a Todos =D #Trampo
[11/9/2015 12:20:54] /b Bom Jogo a Todos =D #Trampo
[11/9/2015 12:29:14] /b Bom Jogo a Todos =D #Trampo
[11/9/2015 12:37:34] /b Bom Jogo a Todos =D #Trampo
[11/9/2015 12:41:32] /b Duvidas no HELP =D
[11/9/2015 12:42:19] /b Bom Jogo a Todos =D #Trampo
[11/9/2015 13:39:6] /b Tudo sobre as tasks ja esta no site http://ntoabs.weebly.com/mapa.html
[11/9/2015 14:1:42] /b Duvidas somente no help ! 
[11/9/2015 14:47:35] /b Duvidas no HELP
[11/9/2015 15:1:21] /b Só use o HELP para pergunta ... sem bate boca
[11/9/2015 15:1:49] /b Só use o HELP para pergunta ... sem bate boca
[11/9/2015 15:3:8] /b Paula tejando esta montando um time para fazer TASK ... quem quizer venha para oTEMPLO
[11/9/2015 16:10:39] /b Ainda tem alguem com transform bugada ?
[11/9/2015 16:10:53] /b Ainda tem alguem com transform bugada ?
[11/9/2015 16:11:15] /b Ainda tem alguem com transform bugada ? Fale no help ou PM 
[11/9/2015 16:45:20] /b Healler [351]: GOGO TEAN PRO RAIAKGE BOSS VAMO VMAO QUEM FOR VIR VEM DP
[11/9/2015 16:46:15] /b Healler [351]: GOGO TEAN PRO RAIAKGE BOSS VAMO VMAO QUEM FOR VIR VEM DP ( Obs : porta lvl 250)
[11/9/2015 17:8:4] /b so foda
[11/9/2015 17:8:6] /b so foda
[11/9/2015 17:23:15] /b Estou atendendo no help, qualquer duvida ...
[11/9/2015 17:25:39] /b Estou atendendo no help, qualquer duvida ...
[11/9/2015 17:30:0] /b Estou atendendo no help, qualquer duvida ...
[11/9/2015 17:37:17] /b Estou atendendo no help, qualquer duvida ...
[11/9/2015 19:5:3] /b  Recorde ! 54 player(s) online:  
[11/9/2015 23:33:32] /b Boa Noite 
[12/9/2015 1:23:4] /b Duvidas no HELP
[12/9/2015 3:20:48] /b =d 
[12/9/2015 3:24:16] /b Bom Jogo a Todos =D #Dormindo ZZzZzzzZZZZ
[12/9/2015 3:32:36] /b Bom Jogo a Todos =D #Dormindo ZZzZzzzZZZZ
[12/9/2015 3:40:56] /b Bom Jogo a Todos =D #Dormindo ZZzZzzzZZZZ
[12/9/2015 3:49:16] /b Bom Jogo a Todos =D #Dormindo ZZzZzzzZZZZ
[12/9/2015 9:34:33] /b Bom dia ! Duvidas no Help
[12/9/2015 9:51:11] /b Duvidas no HELP ... Hoje Vamos ter Evento, mas ainda não temos hora marcada
[12/9/2015 10:7:9] /b Duvidas no HELP
[12/9/2015 10:22:48] /b Duvidas no HELP ... Hoje Vamos ter Evento, mas ainda não temos hora marcada
[12/9/2015 10:23:13] /b Duvidas Somente no HELP
[12/9/2015 10:47:22] /b AFK VOLTO JAJA
[12/9/2015 11:12:12] /b Voltei =D Duvidas o HELP
[12/9/2015 12:49:15] /b Duvidas no HELP =D
[12/9/2015 12:54:32] /b Evento ainda nao tem hora marcada ! 
[12/9/2015 13:0:34] /b Atenção Help é para duvidas ... 
[12/9/2015 13:49:2] /b Usem o HELP apenas para Duvidas
[12/9/2015 13:50:20] /b Atenção, Evento as 15:00 
[12/9/2015 13:55:26] /b Atenção, Evento as 15:00 
[12/9/2015 14:29:9] /b Atenção, Evento as 15:00 
[12/9/2015 14:32:5] /b Atenção, Evento EXP as 15:00 
[12/9/2015 14:46:3] /b Atenção, Evento EXP as 15:00 
[12/9/2015 14:50:48] /b Atenção, Evento EXP as 15:00 
[12/9/2015 14:53:27] /b Atenção, Evento EXP as 15:00 
[12/9/2015 14:54:51] /b Atenção, Evento EXP as 15:00 
[12/9/2015 14:59:54] /b Atenção, Evento EXP as 15:00 
[12/9/2015 18:6:12] /b Duvidas no HELP
[12/9/2015 18:12:0] /b :60 player(s) online:
[12/9/2015 18:21:39] /b Duvidas no HELP
[12/9/2015 18:45:14] /b Duvidas no Help
[12/9/2015 18:50:2] /b Jaja volto ...AFK AKI
[13/9/2015 9:31:54] /b Bom Dia ... Duvidas No HELP
[13/9/2015 9:54:12] /b Opa voltei 
[13/9/2015 10:5:10] /b Atenção, vamos usa o HELP só para DUVIDAS
[13/9/2015 10:6:9] /b Jája Volto 
[13/9/2015 10:31:13] /b Duvidas No HELP
[13/9/2015 10:32:52] /b Curtam nossa página no facebook https://www.facebook.com/ntoabsoficial
[13/9/2015 11:7:27] /b Duvidas no HELP !
[13/9/2015 11:29:26] /b jaja volto =D
[13/9/2015 12:31:7] /b Voltei =D
[13/9/2015 12:31:37] /b Curtam nossa página no facebook https://www.facebook.com/ntoabsoficial
[13/9/2015 12:57:47] /b Curtam nossa página no facebook https://www.facebook.com/ntoabsoficial
[13/9/2015 13:2:10] /b Use o HELP para Duvidas ... 
[13/9/2015 13:2:15] /b Curtam nossa página no facebook https://www.facebook.com/ntoabsoficial
[13/9/2015 14:16:16] /b Duvidas no HELP
[13/9/2015 14:52:26] /b Duvidas no HELP ... 14:50 67 player(s) online:
[14/9/2015 12:3:28] /b Bom Dia ... Duvidas no HELP
[14/9/2015 12:5:20] /b ... A quest do 7 Akatsuki tem 2 partes ... si vc's olharem no mapa q esta no site com tudo marcado vcs vao conseguir fazela
[14/9/2015 12:23:32] /b Duvidas no HELP 
[14/9/2015 12:24:27] /b Curtam nossa página no facebook https://www.facebook.com/ntoabsoficial
[15/9/2015 16:1:47] /b Boa Tarde ... Duvidas no HELP =D ! 
[17/9/2015 16:47:10] /b Boa Tarde duvidas no help 
[17/9/2015 16:48:6] /b Galera, si alguem encontra algum bug reporte porfavo
[17/9/2015 16:53:19] /b EVENTO, 17:30 exp
[17/9/2015 16:54:31] /b Evento as 17:30
[17/9/2015 17:4:16] /b Evento ás 17:30 
[17/9/2015 17:21:14] /b Evento ás 17:30
[17/9/2015 17:24:40] /b  Evento EXP ás 17:30 
[17/9/2015 17:29:19] /b Vou da uma saida ... Não esqueça EVENTO EXP ÁS 17?30
[17/9/2015 17:29:52] /b Vou da uma saida ... Não esqueça EVENTO EXP ÁS 17:30
[18/9/2015 19:53:25] /b Duvidas no HELP ... =D
[18/9/2015 20:5:46] /b Seja um player VIP por apenas $10,00 e Ganhe 30% a mais de Exp, tenha acesso a área VIP /// Como doar? Acesse http://ntoabs.weebly.com/shop
[18/9/2015 20:8:47] /b Curtam nossa página no facebook https://www.facebook.com/ntoabsoficial
[18/9/2015 20:11:4] /b Duvidas no Help ... =d
[18/9/2015 20:33:58] /b Use o HELP apenas para duvidas  =/
[19/9/2015 15:29:45] /b Evento EXP ás 15:30 =D
[19/9/2015 15:30:41] /b Evento EXP ás 15:30 =D
[19/9/2015 15:32:49] /b Evento EXP ás 15:30 =D 
[19/9/2015 15:35:7] /b Evento EXP ás 15:30 =D
[19/9/2015 15:37:51] /b Evento EXP ás 15:30 =D
[19/9/2015 15:38:21] /b Duvidas no HELP 
[19/9/2015 23:17:53] /b Duvidas no HELP
[19/9/2015 23:19:51] /b Duvidas no HELP
[23/9/2015 16:32:2] /b Duvidas no HELP =D ... Boa Tarde Meu povo ! 
[23/9/2015 16:34:4] /b Duvidas somente no help =D
[23/9/2015 16:54:51] /b Jaja volto ae ... vlw galera 
[26/9/2015 12:13:38] /b Boa Tarde ... Duvidas no HELP =D
[26/9/2015 23:13:26] /b Duvidas no help =D
