[06/10/2013 16:37:26] /b Porfavo Sem PM qualquer duvida  Fale No HELP!
[06/10/2013 16:49:55] /b Aviso Todos As caves foram Arumadas ADM espalho varis bixos pelo mapa !
[06/10/2013 17:16:56] /b ATENÇÃO Lista de Boss Iniciante ja esta no Site ->http://absolutnto.webnode.com/sistema-de-task/
[06/10/2013 17:19:41] /b Duvidas No Help Não responde PM 
[06/10/2013 17:22:53] /b Vouto a Fala Duvidas No HELP !
[06/10/2013 17:37:18] /b Atenção Vouto a Falar  Todas as DUVIDAS  Falem No Help
[06/10/2013 18:24:10] /b Caso Eu não responda Vc's  e porque minha net ta muito ruim aki ! caindo muito ...
[06/10/2013 18:54:51] /b Vou Jantar Ja vouto FMZ ! Vlw ae Geral Bom UP para vc's!
[06/10/2013 19:18:52] /b voutei
[06/10/2013 19:19:40] /b Vou Toma um banho ! Duvidas = HELP 
[06/10/2013 19:36:11] /b Voutei 
[06/10/2013 19:37:16] /b So respondo Help Não mim madem PM
[06/10/2013 19:38:26] /b Maker ON ?
[06/10/2013 19:40:03] /b Algem ON ae?
[06/10/2013 20:08:03] /b Maker 
[06/10/2013 20:24:48] /b Maker kkkkk
[06/10/2013 21:02:34] /b Pro Xad e Zero Sem X1 No Predio de TASK
[06/10/2013 21:02:38] /b Pro Xad e Zero Sem X1 No Predio de TASK
[06/10/2013 21:28:06] /b Vlw ae GALERA ate amanha !
[06/10/2013 21:28:21] /b Bom Up a Todos
[06/10/2013 21:29:19] /b Não perga nossa promoção de doble points 10 =20 , 20=40 ,40=80 , ou ,160 points goo?
[06/10/2013 21:29:43] /b VLW GERAL ATE AMANHA ! 
[07/10/2013 09:53:08] /b Bom Dia Galera !! 
[07/10/2013 09:53:37] /b Duvidas So vam ser Tirradas No HELP 
[08/10/2013 11:14:28] /b Bom dia Galera
[08/10/2013 11:19:48] /b ATENÇÃO , No site Temos o Mapa com Todos os Boss Marcados!
[08/10/2013 13:12:11] /b Duvidas So no HELP !
[08/10/2013 13:20:14] /b New record: 32 players are logged in.
[08/10/2013 13:20:19] /b New record: 32 players are logged in.
[08/10/2013 13:45:35] /b Para Localizar todos os boss Olhe no site
[08/10/2013 14:07:08] /b Pronto Voutei !
[08/10/2013 14:07:51] /b Não Respondo PM Duvidas No Help
[08/10/2013 14:39:36] /b O Futuro Site do serv ta ou não ta MASSA? 
[08/10/2013 14:49:45] /b Vou da uma Saida E ja vouto FLW ae GALERA
[08/10/2013 16:17:28] /b Voutei Galera Duvidas So No Help!
[08/10/2013 16:19:34] /b [ADM]  Nii. Online?
[08/10/2013 16:33:35] /b So Respondo Perguntas No HELP sem PM Porfavo!
[08/10/2013 16:40:39] /b Para evitar BAN ou DELETED por favor Não fiquem de boot 100% AFK
[08/10/2013 16:47:13] /b AFK aki JAJA VOUTO
[08/10/2013 16:51:59] /b POR FAVOR PESSO QUE VC'S TENHA CAUMA ESTOU FAZENDO UMA IMAGEM PARA MELHOR LOCALIZAER ARIAS DE UP E MUITO MAS
[08/10/2013 19:00:15] /b ADM Nii On?
[08/10/2013 19:00:34] /b ADM Nii On?
[08/10/2013 19:05:14] /b adm ni
[08/10/2013 19:06:15] /b ATENÇÃO A ITERNET DO ADM NI TA CAINDO MUITO ENTÃO ... ESQUEREM UM POUCO
[08/10/2013 19:29:52] /b AFK AKI VOU JANTAR
[09/10/2013 05:40:08] /b Bom Dia!!
[09/10/2013 05:40:33] /b Algem On?
[09/10/2013 05:42:47] /b Sim mais So respondo HELP
[09/10/2013 06:17:43] /b Crazy'lost Ta Ae?
[09/10/2013 06:23:23] /b AFK aki JAJA vou ter q Sair Vou pra escola !
[09/10/2013 06:23:40] /b Bom Up Para Todos!
[09/10/2013 06:33:11] /b TERMINEI DE TOMA CAFE AGORA #PATIU ESCOVA OS DENTIS!
[09/10/2013 06:40:32] /b SAINDO AKI GALERA VOU PRA ESCOLA
[09/10/2013 06:40:39] /b Bom up a todos!
[09/10/2013 11:36:41] /b ANTENÇÃO (GM), (ADM) e (Tutor) Não da Itens ENTÃO POR FAVOR SEM PM DEDINDO ITENS!
[09/10/2013 11:37:22] /b ATENÇÃO (GM), (ADM) e (Tutor) Não da Itens ENTÃO POR FAVOR SEM PM DEDINDO ITENS!
[09/10/2013 11:37:24] /b ATENÇÃO (GM), (ADM) e (Tutor) Não da Itens ENTÃO POR FAVOR SEM PM DEDINDO ITENS!
[09/10/2013 11:38:16] /b Sem PM por favor Duvidas NO HELP
[09/10/2013 12:02:47] /b Voutei!
[09/10/2013 12:47:33] /b 12:47 38 player(s) online: RECORD!
[09/10/2013 12:47:35] /b 12:47 38 player(s) online: RECORD!
[09/10/2013 12:48:05] /b EVENTOS SO COM ADM!
[09/10/2013 13:31:51] /b Estou Ocupado Cauma ae Geral!
[09/10/2013 13:33:25] /b Não responde PM e no momento não posso fala No Help estou Ocupado 
[09/10/2013 13:33:27] /b Não responde PM e no momento não posso fala No Help estou Ocupado 
[09/10/2013 13:49:30] /b Vou da uma saidinha para coloca uns Negosso aki em casa  jaja vouto
[09/10/2013 13:50:28] /b kkkkk VOUTEI
[09/10/2013 13:54:54] /b AFK aki Jaja vouto FMZ 
[09/10/2013 14:00:07] /b 14:00 39 player(s) online: -----> RECORD
[09/10/2013 14:02:28] /b http://absolutnto.webnode.com Novidade's Primeiramente La!
[09/10/2013 14:02:29] /b http://absolutnto.webnode.com Novidade's Primeiramente La!
[09/10/2013 14:08:47] /info Crazy'lost
[10/10/2013 06:07:18] /info  Crazy'lost
[10/10/2013 06:07:57] /info  Doug Roludo
[10/10/2013 13:27:14] /b Bom dia GALERA
[10/10/2013 13:27:38] /b Duvidas So no HELP !
[10/10/2013 13:32:03] /b Cheetos -> Mais Um ITACHI no SERV
[10/10/2013 13:41:53] /info Cheetos
[10/10/2013 13:44:58] /b ADM Nii Ta ae?
[10/10/2013 13:52:34] /b ATENÇÃO -> A promoção Doble Points vai Acaba Amanha Então Aproveitem !!
[10/10/2013 13:53:50] /b Dkdokfa -> Olha no SITE e Sem PM porfavo
[10/10/2013 13:59:39] /info Cheetos
[10/10/2013 14:03:16] /info Cheetos
[10/10/2013 14:03:24] /info Cheetos
[10/10/2013 14:03:27] /info Cheetos
[10/10/2013 14:03:34] /info Cheetos
[10/10/2013 14:06:52] /b ATENÇÃO , A promoção Doble Point's Esta acabando ! Corra e não perca .... A promoção so estara ON ate Amanha !!
[10/10/2013 18:27:19] /b
[10/10/2013 18:27:31] /b TUDO RESOUVIDO
[10/10/2013 18:36:03] /b KKKK GERAL EVENETO EMM
[11/10/2013 10:16:41] /b Bom Dia Gelera?
[11/10/2013 10:17:26] /b Duvidas No Help Ok!
[11/10/2013 10:19:14] /b Dragneelll Por Favo não atrapalhi a passa dos outros
[11/10/2013 10:33:22] /b Duvidas No HELP Pliss!
[11/10/2013 10:38:19] /info Kage Bushin
[11/10/2013 10:38:32] /info Crazy'lost
[11/10/2013 10:40:14] /b Nopri -> BEM VINDO AO NTO ABSOLUT
[11/10/2013 11:03:27] /b AFK aki FLW
[11/10/2013 11:24:59] /b GM , ADM e TUTOR Não da Itens a Ninguem Por favor Sem PM (Pedindo Itens)
[11/10/2013 11:25:20] /b GM , ADM e TUTOR Não da Itens a Ninguem Por favor Sem PM (Pedindo Itens)
[11/10/2013 11:31:22] /b O comando !jutsu Pode falha  So espera um pouco O ADM esta Colocando sistema de BLASS
[11/10/2013 11:31:25] /b O comando !jutsu Pode falha  So espera um pouco O ADM esta Colocando sistema de BLASS
[11/10/2013 11:34:41] /b O comando !jutsu Pode falha  So espera um pouco O ADM esta Colocando sistema de BLASS
[11/10/2013 11:35:50] /info Crazy'lost
[11/10/2013 11:37:33] /b O comando !jutsu Pode falha  So espera um pouco O ADM esta Colocando sistema de BLESS
[11/10/2013 11:45:44] /b  Atenção Kakashinho esta montando Um TIME para ir HIDAM BOSS  SO lvl 200+
[11/10/2013 11:45:49] /b  Atenção Kakashinho esta montando Um TIME para ir HIDAM BOSS  SO lvl 200+
[11/10/2013 11:46:10] /b  Atenção Kakashinho esta montando Um TIME para ir HIDAM BOSS  SO lvl 200+
[11/10/2013 11:47:00] /info [ADM] Nii.
[11/10/2013 11:47:11] /info [ADM] Nii.
[11/10/2013 12:02:25] /b Voutei tava Criando um Mapa  Com lista de up e De boss
[11/10/2013 12:03:58] /b A promoção Doble Point's Acaba HJ que Quere ganha Doble sera So ate HJ !!!
[11/10/2013 12:06:04] /b AFKA AKI
[11/10/2013 12:06:47] /b AFKA AKI Vou ALMOÇA
[11/10/2013 12:06:48] /b AFKA AKI Vou ALMOÇA
[11/10/2013 12:29:29] /b KKKKK Voutei O Feijoada Boua KKKKKKKK
[11/10/2013 12:38:45] /b Vou sair aki Jaja Vouto FMZ
[11/10/2013 12:39:04] /b Hoje n ajudei quazi nada pq to ocupadão aki
[11/10/2013 16:41:03] /b Quem for Pego divulgando serv ot , aki no ABSOLUT , ADM vai da ban IP
[11/10/2013 16:41:13] /b Quem for Pego divulgando serv ot , aki no ABSOLUT , ADM vai da ban IP
[11/10/2013 16:41:27] /b Quem for Pego divulgando serv ot , aki no ABSOLUT , ADM vai da ban IP
[11/10/2013 19:52:57] /b Boua Noite Galera!
[11/10/2013 19:53:38] /b Sem PM Por Favor
[11/10/2013 19:53:49] /b Duvidas No HELP Pliss
[11/10/2013 19:54:15] /b Black Kakashi  não estou de Brincadeira
[11/10/2013 19:58:34] /b Black Kakashi-> E a ultima vez que aviso ! não mim mande mais PM 
[11/10/2013 20:06:20] /b Hoje Avere Verificação de boot 100% AFK
[11/10/2013 20:06:26] /b Hoje Avere Verificação de boot 100% AFK??
[11/10/2013 20:14:51] /b [ADM] Nii. Ajuda aki Por Favor
[11/10/2013 20:26:21] /b AFK aki
[11/10/2013 20:27:16] /info Crazy'lost
[11/10/2013 22:05:00] /b ADM On?
[11/10/2013 22:10:42] /b Devido a Um Incomado Constante Coloquei ignored Para TODOS
[11/10/2013 22:12:44] /b Duvidas No Help
[12/10/2013 12:53:47] /b Bom Dia ! Upando Muito Com Doble?
[12/10/2013 13:03:55] /b AFK aki !! Sem PM (quere fala algo deicha no HELP q jaja vouto e vejo 5 minutos aki).
[12/10/2013 13:04:14] /b AFK aki !! Sem PM (quere fala algo deicha no HELP q jaja vouto e vejo 5 minutos aki).
[12/10/2013 13:11:04] /b Voutei !
[12/10/2013 13:15:14] /b Para Quem Chego Agora Em nosso Serv Esta Avendo Um Evento (DOBLE XP)
[12/10/2013 14:31:51] /info Crazy'lost
[12/10/2013 23:29:57] /b (ATENÇÃO , Black Uchiha) Se Usar Nome de God pra Coloca Terror Iram Tomar Ban
[13/10/2013 10:53:03] /b Bom Dia !
[13/10/2013 10:53:25] /b Vc's estão aproveitando o Doble xp?? 
[13/10/2013 10:55:26] /b Creio Que o Doble Ficara ativo ate Hoje 00:00
[13/10/2013 11:02:05] /b Saindo aki 
[13/10/2013 11:02:14] /b KKK n vou sair mais n kkk
[13/10/2013 11:10:48] /b [ADM] Nii. On?
[13/10/2013 11:11:02] /b [ADM] Nii. On?
[13/10/2013 11:12:08] /b Sexy Bem Vindo Ao SERV
