[29/04/2012 20:25:21] /b \o/
[29/04/2012 20:25:26] /a
[29/04/2012 20:25:51] /a
[29/04/2012 20:25:52] /a
[29/04/2012 20:25:53] /a
[29/04/2012 20:25:55] /a
[29/04/2012 20:27:16] /t
[29/04/2012 20:27:41] /a
[29/04/2012 20:27:42] /a
[29/04/2012 20:27:42] /a
[29/04/2012 20:27:42] /a
[29/04/2012 20:27:42] /a
[29/04/2012 20:27:43] /a
[29/04/2012 20:27:43] /a
[29/04/2012 20:27:43] /a
[29/04/2012 20:27:43] /a
[29/04/2012 20:27:43] /a
[29/04/2012 20:27:43] /a
[29/04/2012 20:27:44] /a
[29/04/2012 20:27:44] /a
[29/04/2012 20:27:45] /a
[29/04/2012 20:27:45] /a
[29/04/2012 20:27:45] /a
[29/04/2012 20:27:45] /a
[29/04/2012 20:27:45] /a
[29/04/2012 20:27:45] /a
[29/04/2012 20:27:45] /a
[29/04/2012 20:27:45] /a
[29/04/2012 20:27:45] /a
[29/04/2012 20:27:46] /a
[29/04/2012 20:27:46] /a
[29/04/2012 20:27:46] /a
[29/04/2012 20:27:46] /a
[29/04/2012 20:27:52] /a
[29/04/2012 20:27:53] /a
[29/04/2012 20:27:53] /a
[29/04/2012 20:27:53] /a
[29/04/2012 20:27:53] /a
[29/04/2012 20:27:53] /a
[29/04/2012 20:27:53] /a
[29/04/2012 20:27:53] /a
[29/04/2012 20:27:53] /a
[29/04/2012 20:27:53] /a
[29/04/2012 20:27:53] /a
[29/04/2012 20:27:53] /a
[29/04/2012 20:27:54] /a
[29/04/2012 20:27:54] /a
[29/04/2012 20:27:54] /a
[29/04/2012 20:27:54] /a
[29/04/2012 20:27:54] /a
[29/04/2012 20:27:54] /a
[29/04/2012 20:27:54] /a
[29/04/2012 20:27:54] /a
[29/04/2012 20:27:54] /a
[29/04/2012 20:27:54] /a
[29/04/2012 20:27:55] /a
[29/04/2012 20:27:55] /a
[29/04/2012 20:27:55] /a
[29/04/2012 20:27:55] /a
[29/04/2012 20:27:55] /a
[29/04/2012 20:27:55] /a
[29/04/2012 20:27:55] /a
[29/04/2012 20:27:56] /a
[29/04/2012 20:27:57] /a
[29/04/2012 20:27:57] /a
[29/04/2012 20:27:57] /a
[29/04/2012 20:27:57] /a
[29/04/2012 20:27:57] /a
[29/04/2012 20:27:57] /a
[29/04/2012 20:27:57] /a
[29/04/2012 20:28:59] /goto Hyzak
[29/04/2012 20:33:13] /t Hyzak
[29/04/2012 20:33:13] /t
[29/04/2012 20:33:17] /a
[29/04/2012 20:33:17] /a
[29/04/2012 20:33:18] /a
[29/04/2012 20:33:18] /a
[29/04/2012 20:33:18] /a
[29/04/2012 20:33:18] /a
[29/04/2012 20:33:21] /a
[29/04/2012 20:33:22] /a
[29/04/2012 20:33:22] /a
[29/04/2012 20:33:22] /a
[29/04/2012 20:33:23] /a
[29/04/2012 20:33:23] /a
[29/04/2012 20:33:23] /a
[29/04/2012 20:33:23] /a
[29/04/2012 20:33:23] /a
[29/04/2012 20:33:24] /a
[29/04/2012 20:33:24] /a
[29/04/2012 20:33:24] /a
[29/04/2012 20:33:24] /a
[29/04/2012 20:33:24] /a
[29/04/2012 20:33:24] /a
[29/04/2012 20:33:24] /a
[29/04/2012 20:33:24] /a
[29/04/2012 20:33:24] /a
[29/04/2012 20:33:24] /a
[29/04/2012 20:33:24] /a
[29/04/2012 20:33:25] /a
[29/04/2012 20:33:25] /a
[29/04/2012 20:33:25] /a
[29/04/2012 20:33:25] /a
[29/04/2012 20:33:26] /a
[29/04/2012 20:33:26] /a
[29/04/2012 20:33:26] /a
[29/04/2012 20:33:26] /a
[29/04/2012 20:33:26] /a
[29/04/2012 20:33:26] /a
[29/04/2012 20:33:26] /a
[29/04/2012 20:33:26] /a
[29/04/2012 20:33:26] /a
[29/04/2012 20:33:26] /a
[29/04/2012 20:33:28] /a
[29/04/2012 20:33:28] /a
[29/04/2012 20:33:28] /a
[29/04/2012 20:33:28] /a
[29/04/2012 20:33:28] /a
[29/04/2012 20:33:29] /a
[29/04/2012 20:33:30] /a
[29/04/2012 20:33:30] /a
[29/04/2012 20:33:30] /a
[29/04/2012 20:33:30] /a
[29/04/2012 20:33:30] /a
[29/04/2012 20:33:30] /a
[29/04/2012 20:33:30] /a
[29/04/2012 20:33:30] /a
[29/04/2012 20:33:31] /a
[29/04/2012 20:33:31] /a
[29/04/2012 20:33:31] /a
[29/04/2012 20:33:31] /a
[29/04/2012 20:33:31] /a
[29/04/2012 20:33:31] /a
[29/04/2012 20:33:31] /a
[29/04/2012 20:37:19] /b Anunciem O Ot
[29/04/2012 20:37:31] /b Contribuem Para O Servidor Pessoal
[29/04/2012 20:37:37] /t Turus
[29/04/2012 20:39:36] /b Adm ta ai/
[29/04/2012 20:39:58] /b Admme respondea qi
[29/04/2012 20:40:27] /b Adm Pm Aqui
