[9/10/2015 11:12:29] /b Duvidas sobre o jogo? Use o " HELP ".
[9/10/2015 11:14:45] /b Duvidas sobre o jogo? Use o " HELP ".
[9/10/2015 11:22:44] /b green Duvidas? use o help.
[9/10/2015 11:23:18] /b Duvidas? use o help.
[9/10/2015 11:24:20] /b Duvidas? use o help.
[9/10/2015 18:20:14] /b Duvidas? pergunte no HELP.
[9/10/2015 18:25:6] /b Duvidas? Use o Help.
[9/10/2015 18:37:1] /b Duvidas Help.
[10/10/2015 1:4:34] /b Eae.
[10/10/2015 1:6:53] /b Duvidas, Use o Help. :D
[10/10/2015 14:12:49] /b Duvidas Help.
[10/10/2015 14:54:58] /notations
[10/10/2015 14:55:20] /notations
[10/10/2015 14:55:22] /notations a
[10/10/2015 14:55:30] /notations Poseidon
[10/10/2015 14:56:1] /clean
[10/10/2015 14:56:38] /reports
[10/10/2015 14:56:47] /reports
[10/10/2015 15:36:10] /mute Flash
[10/10/2015 15:36:19] /mute
[10/10/2015 15:36:27] /mute flash
[10/10/2015 15:36:34] /mute "flash"
[10/10/2015 15:36:39] /mute "Flash"
[10/10/2015 15:36:50] /mute "Flash
[10/10/2015 15:37:27] /b Boa Tarde a TODOS!.
[10/10/2015 15:50:45] /mute Demon Anarquia
[10/10/2015 15:51:2] /desmute Demon Anarquia
[10/10/2015 15:51:40] /mute Demon Anarquia 30
[10/10/2015 15:51:51] /mute 30 Demon Anarquia
[10/10/2015 15:52:27] /mute Demon Anarquia,30
[10/10/2015 15:52:37] /desmute Demon Anarquia
[10/10/2015 15:56:4] /b 0800 777 7000 - ligue agora e concorra a uma Tek Pix. 
[10/10/2015 16:30:1] /b Oi 
[12/10/2015 16:3:44] /b Ola, Boa tarde a Todos.
[12/10/2015 20:6:25] /b EVENTO
[12/10/2015 20:6:28] /b MENTIRA
[12/10/2015 20:6:51] /b SEM CHORO. <3
[12/10/2015 20:7:29] /mute Obito Fodan,30
[12/10/2015 20:7:47] /mute Obito Fodan,3033333333333333333333333333
[12/10/2015 22:3:47] /b RELAXA ! 
[13/10/2015 1:5:1] /b Ola, Duvidas no help, BOA NOITE.
[13/10/2015 1:12:15] /b Duvidas, HELP.
[13/10/2015 13:48:51] /b Quem ai Gostou dessa nova KONOHA? 
[13/10/2015 14:12:3] /b Ola.
[13/10/2015 14:19:28] /b LETS'GO
