[04/10/2012 00:28:59] /b Boa noite Galera Ja que so gente vo durmir
[04/10/2012 00:29:34] /b Lembrando usar bot nao e autorizado se gm pegar vai avisar se nao responder em 10 segundos ban
[04/10/2012 00:31:26] /b boa noite galera ate amanha vou dormir amanha vai ter invasao
[04/10/2012 00:32:07] /b das 4 as 5 hrs que ira iniciar o evento estarei avizando
[04/10/2012 00:34:14] /b Em breve vocações novas Deidara e Killer Bee
[04/10/2012 07:20:39] /b Bom dia Galera Acabei de acordar Duvidas no Help
[04/10/2012 07:22:03] /b Galera hoje Vai ter evento invasão as 4 Horas tentem estar on 
[04/10/2012 07:22:52] /b Os bixos nao vao ser tao fortes mais o xp para os leveis baixos seram razuavelmente altos
[04/10/2012 07:28:37] /b Avisando pessoal o [adm] esta fazendo um monte de items novos ja estao prontos so que ele esta testando e em breve vai ter a quest da kazegake coat que heala 5k de chakra
[04/10/2012 07:31:36] /b Duvidas no Help
[04/10/2012 07:43:43] /b Voltei galera
[04/10/2012 07:46:28] /b Duvidas no Help
[04/10/2012 08:03:49] /b Duvidas no Help
[04/10/2012 08:10:14] /b Duvidas no Help
[04/10/2012 08:17:34] /b Duvidas no Help
[04/10/2012 08:34:38] /b Ja volto Galera vou tomar cafe da manha que entrei direto no server
[04/10/2012 08:54:05] /b Galera voltei malz a demora
[04/10/2012 09:07:40] /b Duvidas no Help
[04/10/2012 09:14:25] /b Gente ja volto ta um lag do caramba aki
[04/10/2012 09:41:36] /b Duvidas no Help
[04/10/2012 09:45:04] /b ja volto afk 
[04/10/2012 09:51:06] /b Voltei Galera 
[04/10/2012 09:55:44] /b Gente o ot vai cair pra colocar os novos items
[04/10/2012 09:58:45] /b falei que era rapido galera
[04/10/2012 10:14:45] /b Quem quer que o tutor ganha gm pra da ban nos botter's fala no help
[04/10/2012 10:23:58] /b EHHHHHHHHHHHHHHHHHHHHHHH galera gm aki :D
[04/10/2012 10:24:22] /a 2
