[30/04/2012 18:23:11] /b para comprar vip falem !buyvip
[30/04/2012 18:23:28] /r
[30/04/2012 18:23:34] /r
[30/04/2012 18:23:58] /t
[30/04/2012 18:24:33] /r
[30/04/2012 18:24:47] /r
[30/04/2012 18:24:58] /r
[30/04/2012 18:25:10] /kick 
[30/04/2012 18:25:22] /clean
[30/04/2012 18:26:20] /b Para Comprar Vip Falem !buyvip  !!
[30/04/2012 18:26:45] /r
[30/04/2012 18:27:33] /c itachi uchira
[30/04/2012 18:28:37] /a
[30/04/2012 18:28:40] /a
[30/04/2012 18:28:49] !buyvip
[30/04/2012 18:29:24] /clean
[30/04/2012 18:31:16] /clean
[30/04/2012 18:31:34] /clean
[30/04/2012 18:31:53] /clean
[30/04/2012 18:32:01] /clean
[30/04/2012 18:32:04] /clean
[30/04/2012 18:32:14] /clean
[30/04/2012 18:32:15] /clean
[30/04/2012 18:32:16] /clean
[30/04/2012 18:32:18] /clean
[30/04/2012 18:32:19] /clean
[30/04/2012 18:32:19] /clean
[30/04/2012 18:32:19] /clean
[30/04/2012 18:32:20] /clean
[30/04/2012 18:32:20] /clean
[30/04/2012 18:32:20] /clean
[30/04/2012 18:32:20] /clean
[30/04/2012 18:32:20] /clean
[30/04/2012 18:32:20] /clean
[30/04/2012 18:32:20] /clean
[30/04/2012 18:32:20] /clean
[30/04/2012 18:32:21] /clean
[30/04/2012 18:32:21] /clean
[30/04/2012 18:32:21] /clean
[30/04/2012 18:32:21] /clean
[30/04/2012 18:32:21] /clean
[30/04/2012 18:32:21] /clean
[30/04/2012 18:32:21] /clean
[30/04/2012 18:32:21] /clean
[30/04/2012 18:32:21] /clean
[30/04/2012 18:32:21] /clean
[30/04/2012 18:32:21] /clean
[30/04/2012 18:32:21] /clean
[30/04/2012 18:32:21] /clean
[30/04/2012 18:32:21] /clean
[30/04/2012 18:32:22] /clean
[30/04/2012 18:32:22] /clean
[30/04/2012 18:32:22] /clean
[30/04/2012 18:32:23] /clean
[30/04/2012 18:32:24] /clean
[30/04/2012 18:32:24] /clean
[30/04/2012 18:32:24] /clean
[30/04/2012 18:32:24] /clean
[30/04/2012 18:32:25] /clean
[30/04/2012 18:32:25] /clean
[30/04/2012 18:32:25] /clean
[30/04/2012 18:32:25] /clean
[30/04/2012 18:32:25] /clean
[30/04/2012 18:32:26] /clean
[30/04/2012 18:32:26] /clean
[30/04/2012 18:32:26] /clean
[30/04/2012 18:32:27] /clean
[30/04/2012 18:32:27] /clean
[30/04/2012 18:32:27] /clean
[30/04/2012 18:32:27] /clean
[30/04/2012 18:32:28] /clean
[30/04/2012 18:32:28] /clean
[30/04/2012 18:32:28] /clean
[30/04/2012 18:32:28] /clean
[30/04/2012 18:32:28] /clean
[30/04/2012 18:32:29] /clean
[30/04/2012 18:32:29] /clean
[30/04/2012 18:32:29] /clean
[30/04/2012 18:32:30] /clean
[30/04/2012 18:32:30] /clean
[30/04/2012 18:32:30] /clean
[30/04/2012 18:32:30] /clean
[30/04/2012 18:32:31] /clean
[30/04/2012 18:32:31] /clean
[30/04/2012 18:32:31] /clean
[30/04/2012 18:32:31] /clean
[30/04/2012 18:32:32] /clean
[30/04/2012 18:32:32] /clean
[30/04/2012 18:32:32] /clean
[30/04/2012 18:32:32] /clean
[30/04/2012 18:32:33] /clean
[30/04/2012 18:32:33] /clean
[30/04/2012 18:32:56] /clean
[30/04/2012 18:33:01] /clean
[30/04/2012 18:33:04] /r
[30/04/2012 18:33:31] /clean
[30/04/2012 18:33:42] /clean
[30/04/2012 18:33:47] /clean
[30/04/2012 18:34:21] /clean
[30/04/2012 18:34:32] /clean
[30/04/2012 18:34:33] /clean
[30/04/2012 18:34:34] /clean
[30/04/2012 18:34:36] /clean
[30/04/2012 18:34:37] /clean
[30/04/2012 18:34:38] /clean
[30/04/2012 18:34:39] /clean
[30/04/2012 18:34:39] /clean
[30/04/2012 18:34:39] /clean
[30/04/2012 18:34:39] /clean
[30/04/2012 18:35:23] /clean
[30/04/2012 18:35:26] /clean
[30/04/2012 18:35:33] /r
[30/04/2012 18:36:00] /clean
[30/04/2012 18:36:11] /clean
[30/04/2012 18:36:15] /a
[30/04/2012 18:36:28] /clean
[30/04/2012 18:36:48] /c itachi uchira
[30/04/2012 18:37:00] /t
[30/04/2012 18:37:03] /clean
[30/04/2012 18:38:22] /a
[30/04/2012 18:38:52] /m susanou itachi
[30/04/2012 18:38:54] /m susanou itachi
[30/04/2012 18:38:57] /m susanou itachi
[30/04/2012 18:39:03] /m susanou itachi
[30/04/2012 18:39:03] /m susanou itachi
[30/04/2012 18:40:38] /clean
[30/04/2012 20:44:53] /a
[30/04/2012 20:45:03] /t
[30/04/2012 20:46:25] /m madara
[30/04/2012 20:48:38] /a
[30/04/2012 20:50:39] /t
[30/04/2012 20:50:58] /a
[30/04/2012 20:52:01] /t
[30/04/2012 20:52:25] /save
[30/04/2012 20:52:36] /goto uzumaki naruto
[30/04/2012 20:53:15] /goto uzumaki naruto
[30/04/2012 20:53:34] /m susanou itachi
[30/04/2012 20:53:35] /m susanou itachi
[30/04/2012 20:53:36] /m susanou itachi
[30/04/2012 20:53:38] /m susanou itachi
[30/04/2012 20:53:39] /m susanou itachi
[30/04/2012 20:53:40] /m susanou itachi
[30/04/2012 20:53:46] /m susanou itachi
[30/04/2012 20:53:46] /m susanou itachi
[30/04/2012 20:54:10] /m tobi
[30/04/2012 20:54:43] /t
[30/04/2012 21:46:37] /a
[30/04/2012 21:46:46] /a
[30/04/2012 21:47:25] /a
[30/04/2012 21:47:28] /a
[30/04/2012 21:49:09] /a
[30/04/2012 21:50:23] /t
[30/04/2012 21:51:00] /a
[30/04/2012 21:51:06] /a
[30/04/2012 21:51:07] /a
[30/04/2012 21:51:47] /c gaara
[30/04/2012 21:51:59] /t
[30/04/2012 21:52:25] /addskill gaara,level3
[30/04/2012 21:52:53] /a
[30/04/2012 21:52:59] /a
[30/04/2012 21:53:08] /i 2648
[30/04/2012 21:53:11] /a
[30/04/2012 21:53:11] /a
[30/04/2012 21:53:12] /a
[30/04/2012 21:53:13] /a
[30/04/2012 21:53:17] /i 2648
[30/04/2012 21:53:24] /i 321
[30/04/2012 21:53:30] /i 3467
[30/04/2012 21:53:33] /r
[30/04/2012 21:53:35] /up
[30/04/2012 21:53:40] /down
[30/04/2012 21:53:44] /t
[30/04/2012 22:24:38] /save
[30/04/2012 22:24:41] /t
[01/05/2012 13:42:32] /c uzumaki naruto
[01/05/2012 13:42:43] /addskill uzumaki naruto,level,10
[01/05/2012 13:43:08] /c gaara
[01/05/2012 13:43:29] /addskill gaara,levvel,49
[01/05/2012 13:43:45] /save
[01/05/2012 13:44:08] /attr vocation 3
[01/05/2012 13:45:23] /attr vocation 13
[04/05/2012 09:56:04] /i 2480
[04/05/2012 09:56:54] /goto uzumaki naruto
[04/05/2012 19:37:59] /a
[04/05/2012 19:38:00] /a
[04/05/2012 19:38:00] /a
[04/05/2012 19:38:01] /a
[04/05/2012 19:38:07] /m tobi
[04/05/2012 19:53:59] /t
[04/05/2012 19:54:03] /r
[04/05/2012 19:54:10] /r
[04/05/2012 19:54:13] /r
[04/05/2012 19:54:17] /r
[04/05/2012 19:54:23] /r
[04/05/2012 19:54:25] /r
[04/05/2012 19:54:28] /r
[04/05/2012 19:54:52] /ghost
[04/05/2012 19:55:05] /t
[04/05/2012 19:55:09] /r
[04/05/2012 19:55:33] /ghost
[04/05/2012 19:55:58] /attr group,1
