[29/04/2012 21:29:15] /attr vocation 1
[29/04/2012 21:29:19] /attr vocation 2
[29/04/2012 21:29:24] /attr vocation 2
[29/04/2012 21:29:27] /attr vocation 3
[29/04/2012 21:29:30] /attr vocation 4
[29/04/2012 21:29:34] /attr vocation 4
[29/04/2012 21:29:38] /attr vocation 5
[29/04/2012 21:29:40] /attr vocation 6
[29/04/2012 21:29:45] /attr vocation 7
[29/04/2012 21:29:48] /attr vocation 7
[29/04/2012 21:30:00] /attr vocation 9
[29/04/2012 21:30:02] /attr vocation 9
[29/04/2012 21:30:05] /attr vocation 8
[29/04/2012 21:30:10] /attr vocation 10
[29/04/2012 21:30:13] /attr vocation 11
[29/04/2012 21:30:16] /attr vocation 12
[29/04/2012 21:30:19] /attr vocation 13
[29/04/2012 21:30:24] /attr vocation 14
[29/04/2012 21:30:29] /attr vocation 15
[29/04/2012 21:30:33] /attr vocation 16
[29/04/2012 21:30:36] /attr vocation 17
[29/04/2012 21:30:39] /attr vocation 18
[29/04/2012 21:30:46] /attr vocation 19
[29/04/2012 21:30:48] /attr vocation 19
[29/04/2012 21:31:01] /attr vocation 25
[29/04/2012 21:31:07] /attr vocation 24
[29/04/2012 21:31:12] /attr vocation 23
[29/04/2012 21:31:15] /attr vocation 22
[29/04/2012 21:31:18] /attr vocation 26
[29/04/2012 21:31:22] /attr vocation 27
[29/04/2012 21:31:28] /attr vocation 28
[29/04/2012 21:31:33] /attr vocation 29
[29/04/2012 21:31:40] /attr vocation 30
[29/04/2012 21:31:44] /attr vocation 31
[29/04/2012 21:31:50] /attr vocation 31
[29/04/2012 21:31:58] /attr vocation 32
[29/04/2012 21:32:04] /attr vocation 33
[29/04/2012 21:32:09] /attr vocation 34
[29/04/2012 21:32:11] /attr vocation 34
[29/04/2012 21:32:17] /attr vocation 35
[29/04/2012 21:32:19] /attr vocation 37
[29/04/2012 21:32:22] /attr vocation 40
[29/04/2012 21:32:24] /attr vocation 45
[29/04/2012 21:32:26] /attr vocation 9
[29/04/2012 21:32:30] /attr vocation 49
[29/04/2012 21:32:35] /attr vocation 500
[29/04/2012 21:32:37] /attr vocation 50
[29/04/2012 21:32:55] /attr vocation 55
[29/04/2012 21:32:58] /attr vocation 6
[29/04/2012 21:33:04] /attr vocation 60
[29/04/2012 21:33:09] /attr vocation 60
[29/04/2012 21:34:30] /newtype 2
[29/04/2012 21:34:32] /newtype 3
[29/04/2012 21:34:33] /newtype 5
[29/04/2012 21:34:37] /newtype 1
[29/04/2012 21:34:38] /newtype 10
[29/04/2012 21:34:40] /newtype 15
[29/04/2012 21:34:41] /newtype 19
[29/04/2012 21:34:43] /newtype 20
[29/04/2012 21:34:46] /newtype 244
[29/04/2012 21:35:25] /i 2160
[29/04/2012 21:36:26] /ghost
[29/04/2012 21:39:19] /c Sir Naruto
[29/04/2012 21:39:22] /c Sir Naruto
[29/04/2012 21:39:27] /i backpack
[29/04/2012 21:40:02] /mode 2
[29/04/2012 21:40:09] /bc Arrumei Aol
[29/04/2012 21:40:20] /bc Arrumei o Aol
[29/04/2012 21:40:27] /bc  ..... arrumei o aol
[29/04/2012 21:40:50] /i amulet of loss
[29/04/2012 21:42:09] /c Uchiha Itachi
[29/04/2012 21:42:25] /c Uchiha Itachi
[29/04/2012 21:43:31] /bc advance;  Vocações: Akatsuki Level 300+   Bijuus: Level 500+
[29/04/2012 21:44:13] /b Qualquer Coisa So Mandar PM
[29/04/2012 21:44:46] /addskill [Vip][CM] Daniele, level, 100
[29/04/2012 21:44:51] /addskill [Vip] [CM] Daniele, level, 100
[29/04/2012 21:44:56] /goto Hyzak
[29/04/2012 21:45:02] /ghost
[29/04/2012 21:45:27] /a
[29/04/2012 21:46:14] /b  Vocações: Akatsuki Level 300+   Bijuus: Level 500+
[29/04/2012 21:46:21] /b Conta-te Me
[29/04/2012 21:47:02] /t
[29/04/2012 21:47:19] /bc .... white; o
[29/04/2012 21:47:42] /goto Hyzak
[29/04/2012 21:47:49] /a
[29/04/2012 21:48:03] /a
[29/04/2012 21:48:23] /r
[29/04/2012 21:48:28] /i stone
[29/04/2012 21:48:38] /r
[29/04/2012 21:48:43] /i 1213
[29/04/2012 21:48:46] /r
[29/04/2012 21:48:53] /i 1214
[29/04/2012 21:49:09] /r
[29/04/2012 21:49:13] /i stone
[29/04/2012 21:49:25] /r
[29/04/2012 21:49:57] /i stone
[29/04/2012 21:50:27] /a
[29/04/2012 21:51:01] /t
[29/04/2012 21:51:16] /b  Vocações: Akatsuki Level 300+   Bijuus: Level 500+
[29/04/2012 21:51:21] /a
[29/04/2012 21:51:23] /a
[29/04/2012 21:51:30] /i 2413
[29/04/2012 21:51:37] /i 2433
[29/04/2012 21:51:44] /t Patrones
[29/04/2012 21:51:45] /t
[29/04/2012 21:51:52] /t
[29/04/2012 21:52:01] /i 1387
[29/04/2012 21:52:03] /r
[29/04/2012 21:52:07] /i 1387
[29/04/2012 21:52:22] /attr position 1027 910 6
[29/04/2012 21:52:31] /b  Teleport De Suna Arrumado
[29/04/2012 21:52:37] /i sign
[29/04/2012 21:52:44] /attr text " TEMPLO
[29/04/2012 21:52:51] /attr text "TEMPLO
[29/04/2012 21:53:00] /attr name Templo
[29/04/2012 21:53:05] /attr name " Templo
[29/04/2012 21:53:11] /attr name "Templo
[29/04/2012 21:53:18] /down
[29/04/2012 21:53:23] /up
[29/04/2012 21:53:32] /r
[29/04/2012 21:54:25] /b  Vocações: Akatsuki Level 300+   Bijuus: Level 500+
[29/04/2012 21:55:12] /up
[29/04/2012 21:55:17] /down
[29/04/2012 21:56:25] /bc .... Guild Konoha Recruta Shinobs Level 80+
[29/04/2012 21:56:27] /t
[29/04/2012 21:57:17] /attr vocation 2
[29/04/2012 21:57:41] /attr vocation 50
[29/04/2012 21:57:52] /attr vocation 50
[29/04/2012 21:59:39] /attr vocation 58
[29/04/2012 22:00:28] /attr vocation 60
[29/04/2012 22:01:08] /newtype 311
[29/04/2012 22:04:14] /m tobi
[29/04/2012 22:04:25] /r
[29/04/2012 22:04:40] /m naruto
[29/04/2012 22:04:54] /r
[29/04/2012 22:05:00] /r
[29/04/2012 22:05:05] /r
[29/04/2012 22:05:08] /r
[29/04/2012 22:05:38] /i stone
[29/04/2012 22:05:45] /i stone
[29/04/2012 22:05:52] /i stone
[29/04/2012 22:05:55] /i stone
[29/04/2012 22:06:05] /b Evento De Boss
[29/04/2012 22:06:11] /b Arena <<<
[29/04/2012 22:06:14] /b Venham
[29/04/2012 22:06:24] /a
[29/04/2012 22:06:31] /c mitchie
[29/04/2012 22:06:46] /b quem quer participar do evento?
[29/04/2012 22:07:04] /c Sir Naruto
[29/04/2012 22:07:11] /c Uchiha Itachi
[29/04/2012 22:07:25] /c Zianks
[29/04/2012 22:07:30] /c Black
[29/04/2012 22:07:35] /c Naruto AmaTERASU
[29/04/2012 22:07:41] /c Hyzak
[29/04/2012 22:07:44] /c Bart Emo
[29/04/2012 22:07:46] /a
[29/04/2012 22:08:24] /c mitchie
[29/04/2012 22:09:06] /addskill Mitchie, level, 3
[29/04/2012 22:09:52] /m Kyuubi
[29/04/2012 22:10:12] /r
[29/04/2012 22:10:51] /c Uzumaki Naruto
[29/04/2012 22:11:05] /m kyuubi
[29/04/2012 22:11:21] /r
[29/04/2012 22:11:27] /r
[29/04/2012 22:11:28] /r
[29/04/2012 22:12:02] /c Zianks
[29/04/2012 22:12:14] /m yondaime
[29/04/2012 22:12:49] /c Bart Emo
[29/04/2012 22:13:09] /m metal
[29/04/2012 22:13:11] /m orc
[29/04/2012 22:13:20] /m chouji
[29/04/2012 22:13:26] /m naruto
[29/04/2012 22:14:33] /i stone
[29/04/2012 22:14:34] /i stone
[29/04/2012 22:14:35] /i stone
[29/04/2012 22:14:37] /i stone
[29/04/2012 22:14:37] /i stone
[29/04/2012 22:14:39] /i stone
[29/04/2012 22:14:53] /m juubi
[29/04/2012 22:14:59] /m tobi
[29/04/2012 22:15:04] /a
[29/04/2012 22:15:14] /b O Monstro é: Tobi Quem quer Infrentar?
[29/04/2012 22:15:19] /r
[29/04/2012 22:15:26] /r
[29/04/2012 22:15:42] /c Zianks
[29/04/2012 22:15:46] /r
[29/04/2012 22:16:00] /c Sasuke Amaterasu
[29/04/2012 22:16:07] /c Uzumaki Naruto
[29/04/2012 22:16:29] /i stone
[29/04/2012 22:16:31] /i stone
[29/04/2012 22:16:32] /i stone
[29/04/2012 22:16:33] /i stone
[29/04/2012 22:16:35] /i stone
[29/04/2012 22:16:36] /i stone
[29/04/2012 22:16:38] /r
[29/04/2012 22:16:41] /r
[29/04/2012 22:16:44] /r
[29/04/2012 22:16:46] /i stone
[29/04/2012 22:16:47] /r
[29/04/2012 22:16:49] /a
[29/04/2012 22:16:51] /r
[29/04/2012 22:16:53] /b perae
[29/04/2012 22:16:57] /m shukaku
[29/04/2012 22:17:05] /b qual o nome do 1 cauda?
[29/04/2012 22:17:10] /b Shukaku
[29/04/2012 22:17:16] /m shukakky
[29/04/2012 22:17:17] /m shukakku
[29/04/2012 22:17:39] /m shukakou
[29/04/2012 22:17:42] /b quem souber
[29/04/2012 22:17:46] /b pm
[29/04/2012 22:17:53] /m nibi
[29/04/2012 22:18:07] /m hachibi
[29/04/2012 22:18:11] /m kyuubi
[29/04/2012 22:18:18] /m sanbi
[29/04/2012 22:18:28] /b alguem sabe?
[29/04/2012 22:18:29] /a
[29/04/2012 22:18:32] /m gonbi
[29/04/2012 22:18:37] /m son goku
[29/04/2012 22:18:44] /b nome da primeira cauda?
[29/04/2012 22:18:48] /b o nome certo
[29/04/2012 22:18:58] /m shukaku
[29/04/2012 22:19:05] /m shukakkou
[29/04/2012 22:19:09] /m hachibi
[29/04/2012 22:19:26] /m shukkaku
[29/04/2012 22:19:31] /b quem tem pet Shukaku?
[29/04/2012 22:19:34] /m shukako boss
[29/04/2012 22:19:36] /m shukako 
[29/04/2012 22:19:42] /b precisa mais n gente
[29/04/2012 22:19:48] /b segunda cauda gente/
[29/04/2012 22:19:53] /m nibi
[29/04/2012 22:19:59] /m Nibi
[29/04/2012 22:20:17] /m Nibi no Nekomata
[29/04/2012 22:20:22] /m Nibi no Nekomata
[29/04/2012 22:20:24] /m Nibi no Nekomata boss
[29/04/2012 22:20:33] /b esperaaa
[29/04/2012 22:20:36] /t Mike
[29/04/2012 22:20:44] /m Nibi no Nekomata
[29/04/2012 22:20:47] /m Sanbi
[29/04/2012 22:20:55] /b 5 caudas?
[29/04/2012 22:21:14] /m gobi
[29/04/2012 22:21:18] /m yonbi
[29/04/2012 22:21:43] /b Adm nao ta on
[29/04/2012 22:21:49] /m rokubi
[29/04/2012 22:21:52] /m rokubi
[29/04/2012 22:21:53] /m rokubi
[29/04/2012 22:22:01] /b to tentando sumonar as 9 caudas
[29/04/2012 22:22:04] /b todos os bijuus
[29/04/2012 22:22:10] /b tem 2
[29/04/2012 22:22:20] /m shichibi
[29/04/2012 22:22:37] /m matatabi
[29/04/2012 22:22:44] /m matatabe
[29/04/2012 22:22:45] /m matatabi
[29/04/2012 22:22:58] /m Yugito
[29/04/2012 22:23:09] /m nibi
[29/04/2012 22:23:16] /m isobu
[29/04/2012 22:23:36] /m Sanbi no Kappa
[29/04/2012 22:23:38] /m Sanbi no Kappa
[29/04/2012 22:23:47] /m Yonbi no Son Goku
[29/04/2012 22:24:11] /m yonbi
[29/04/2012 22:24:14] /m ichibi
[29/04/2012 22:24:24] /m son goku
[29/04/2012 22:24:36] /m gobi
[29/04/2012 22:24:40] /m Kokuou
[29/04/2012 22:24:51] /m Rokubi no Saiken
[29/04/2012 22:24:54] /m Rokubi
[29/04/2012 22:25:03] /m saiken
[29/04/2012 22:25:09] /m nanabi
[29/04/2012 22:25:16] /m Choumei
[29/04/2012 22:25:18] /m fuu
[29/04/2012 22:25:24] /m Gyuuki
[29/04/2012 22:25:31] /m Hachibi
[29/04/2012 22:25:40] /m kurama
[29/04/2012 22:25:45] /b tem só  2 so
[29/04/2012 22:25:54] /m alguem ai tem o pet do nibi/
[29/04/2012 22:25:59] /b alguem ai tem o pet do nibi/
[29/04/2012 22:26:44] /b Alguem ai Tem o Pet Do Nibi? 2 Caudas
[29/04/2012 22:26:45] /a
[29/04/2012 22:26:52] /b eu
[29/04/2012 22:27:00] /c Mitchie
[29/04/2012 22:27:26] /m nibi no nekomata
[29/04/2012 22:27:29] /m nibi no nekomata boss
[29/04/2012 22:28:02] /addskill Mitchie, level, 3
[29/04/2012 22:28:35] /a
[29/04/2012 22:28:55] /r
[29/04/2012 22:29:01] /i stone
[29/04/2012 22:29:04] /i stone
[29/04/2012 22:29:15] /a 3
[29/04/2012 22:29:21] /i stone
[29/04/2012 22:30:23] /m hachibi
[29/04/2012 22:31:28] /a
[29/04/2012 22:31:36] /r
[29/04/2012 22:31:45] /r
[29/04/2012 22:31:49] /r
[29/04/2012 22:31:53] /r
[29/04/2012 22:31:56] /r
[29/04/2012 22:31:58] /r
[29/04/2012 22:32:02] /r
[29/04/2012 22:32:04] /r
[29/04/2012 22:32:06] /r
[29/04/2012 22:32:10] /b Cabo evento
[29/04/2012 22:32:17] /i sannbi
[29/04/2012 22:32:23] /m sannbi
[29/04/2012 22:32:26] /m sanbi
[29/04/2012 22:32:32] /goto Uchiha Itachi
[29/04/2012 22:33:34] /a
[29/04/2012 22:33:35] /a
[29/04/2012 22:33:36] /a
[29/04/2012 22:33:36] /a
[29/04/2012 22:33:37] /a
[29/04/2012 22:33:37] /a
[29/04/2012 22:33:38] /a
[29/04/2012 22:33:38] /a
[29/04/2012 22:33:38] /a
[29/04/2012 22:33:39] /a
[29/04/2012 22:33:39] /a
[29/04/2012 22:33:39] /a
[29/04/2012 22:33:39] /a
[29/04/2012 22:33:39] /a
[29/04/2012 22:33:39] /a
[29/04/2012 22:33:40] /a
[29/04/2012 22:33:40] /a
[29/04/2012 22:33:40] /a
[29/04/2012 22:33:40] /a
[29/04/2012 22:33:40] /a
[29/04/2012 22:33:41] /a
[29/04/2012 22:33:41] /a
[29/04/2012 22:33:41] /a
[29/04/2012 22:33:41] /a
[29/04/2012 22:33:42] /a
[29/04/2012 22:33:42] /a
[29/04/2012 22:33:42] /a
[29/04/2012 22:33:42] /a
[29/04/2012 22:33:43] /a
[29/04/2012 22:33:43] /a
[29/04/2012 22:33:43] /a
[29/04/2012 22:33:44] /a
[29/04/2012 22:33:44] /a
[29/04/2012 22:33:45] /a
[29/04/2012 22:33:45] /a
[29/04/2012 22:33:45] /a
[29/04/2012 22:33:45] /a
[29/04/2012 22:33:45] /a
[29/04/2012 22:33:46] /a
[29/04/2012 22:33:47] /a
[29/04/2012 22:33:47] /a
[29/04/2012 22:33:47] /a
[29/04/2012 22:33:47] /a
[29/04/2012 22:33:47] /a
[29/04/2012 22:33:47] /a
[29/04/2012 22:33:48] /a
[29/04/2012 22:33:48] /a
[29/04/2012 22:33:48] /a
[29/04/2012 22:33:48] /a
[29/04/2012 22:33:48] /a
[29/04/2012 22:33:48] /a
[29/04/2012 22:33:48] /a
[29/04/2012 22:33:48] /a
[29/04/2012 22:33:51] /a
[29/04/2012 22:33:51] /a
[29/04/2012 22:33:51] /a
[29/04/2012 22:33:51] /a
[29/04/2012 22:33:52] /a
[29/04/2012 22:33:52] /a
[29/04/2012 22:33:52] /a
[29/04/2012 22:33:52] /a
[29/04/2012 22:33:52] /a
[29/04/2012 22:33:52] /a
[29/04/2012 22:33:52] /a
[29/04/2012 22:33:52] /a
[29/04/2012 22:33:53] /a
[29/04/2012 22:33:53] /a
[29/04/2012 22:33:53] /a
[29/04/2012 22:33:53] /a
[29/04/2012 22:33:53] /a
[29/04/2012 22:33:53] /a
[29/04/2012 22:33:53] /a
[29/04/2012 22:33:54] /a
[29/04/2012 22:33:54] /a
[29/04/2012 22:33:54] /a
[29/04/2012 22:33:55] /a
[29/04/2012 22:33:55] /a
[29/04/2012 22:33:55] /a
[29/04/2012 22:33:56] /a
[29/04/2012 22:33:56] /a
[29/04/2012 22:33:56] /a
[29/04/2012 22:33:57] /a
[29/04/2012 22:33:58] /a
[29/04/2012 22:33:58] /a
[29/04/2012 22:33:59] /a
[29/04/2012 22:33:59] /a
[29/04/2012 22:33:59] /a
[29/04/2012 22:33:59] /a
[29/04/2012 22:33:59] /a
[29/04/2012 22:33:59] /a
[29/04/2012 22:33:59] /a
[29/04/2012 22:33:59] /a
[29/04/2012 22:33:59] /a
[29/04/2012 22:33:59] /a
[29/04/2012 22:33:59] /a
[29/04/2012 22:34:00] /a
[29/04/2012 22:34:00] /a
[29/04/2012 22:34:00] /a
[29/04/2012 22:34:00] /a
[29/04/2012 22:34:00] /a
[29/04/2012 22:34:00] /a
[29/04/2012 22:34:00] /a
[29/04/2012 22:34:01] /a
[29/04/2012 22:34:01] /a
[29/04/2012 22:34:01] /a
[29/04/2012 22:34:01] /a
[29/04/2012 22:34:02] /a
[29/04/2012 22:34:02] /a
[29/04/2012 22:34:02] /a
[29/04/2012 22:34:02] /a
[29/04/2012 22:34:03] /a
[29/04/2012 22:34:03] /a
[29/04/2012 22:34:03] /a
[29/04/2012 22:34:03] /a
[29/04/2012 22:34:03] /a
[29/04/2012 22:34:03] /a
[29/04/2012 22:34:03] /a
[29/04/2012 22:34:04] /a
[29/04/2012 22:34:04] /a
[29/04/2012 22:34:04] /a
[29/04/2012 22:34:04] /a
[29/04/2012 22:34:05] /a
[29/04/2012 22:34:05] /a
[29/04/2012 22:34:05] /a
[29/04/2012 22:34:05] /a
[29/04/2012 22:34:05] /a
[29/04/2012 22:34:05] /a
[29/04/2012 22:34:05] /a
[29/04/2012 22:34:05] /a
[29/04/2012 22:34:06] /a
[29/04/2012 22:34:06] /a
[29/04/2012 22:34:07] /a
[29/04/2012 22:34:07] /a
[29/04/2012 22:34:07] /a
[29/04/2012 22:34:07] /a
[29/04/2012 22:34:07] /a
[29/04/2012 22:34:07] /a
[29/04/2012 22:34:07] /a
[29/04/2012 22:34:14] /goto Uchiha Itachi
[29/04/2012 22:34:33] /a 
[29/04/2012 22:34:39] /goto Uchiha Itachi
[29/04/2012 22:35:14] /b A PARTIR DE AMANHA QUEM NAO FOR LV MAIOR QUE 300 E TIVER  ORG DE  AKAT, OU DE JIN VAI SER RETIRADO A ORG
[29/04/2012 22:35:47] /a
[29/04/2012 22:35:47] /a
[29/04/2012 22:35:48] /a
[29/04/2012 22:35:48] /a
[29/04/2012 22:35:48] /a
[29/04/2012 22:35:48] /a
[29/04/2012 22:36:05] /a
[29/04/2012 22:36:05] /a
[29/04/2012 22:36:05] /a
[29/04/2012 22:36:06] /a
[29/04/2012 22:36:06] /a
[29/04/2012 22:36:07] /a
[29/04/2012 22:36:07] /a
[29/04/2012 22:36:07] /a
[29/04/2012 22:36:07] /a
[29/04/2012 22:36:07] /a
[29/04/2012 22:36:07] /a
[29/04/2012 22:36:07] /a
[29/04/2012 22:36:07] /a
[29/04/2012 22:36:08] /a
[29/04/2012 22:36:08] /a
[29/04/2012 22:36:08] /a
[29/04/2012 22:36:28] /goto Uchiha Itachi
[29/04/2012 22:36:39] /a
[29/04/2012 22:36:40] /a
[29/04/2012 22:36:40] /a
[29/04/2012 22:36:40] /a
[29/04/2012 22:36:40] /a
[29/04/2012 22:36:40] /a
[29/04/2012 22:36:40] /a
[29/04/2012 22:36:40] /a
[29/04/2012 22:36:40] /a
[29/04/2012 22:36:40] /a
[29/04/2012 22:36:41] /a
[29/04/2012 22:36:41] /a
[29/04/2012 22:36:41] /a
[29/04/2012 22:36:41] /a
[29/04/2012 22:36:41] /a
[29/04/2012 22:36:41] /a
[29/04/2012 22:36:41] /a
[29/04/2012 22:36:41] /a
[29/04/2012 22:36:41] /a
[29/04/2012 22:36:42] /a
[29/04/2012 22:36:42] /a
[29/04/2012 22:36:42] /a
[29/04/2012 22:36:42] /a
[29/04/2012 22:36:42] /a
[29/04/2012 22:36:42] /a
[29/04/2012 22:36:42] /a
[29/04/2012 22:36:42] /a
[29/04/2012 22:36:42] /a
[29/04/2012 22:36:43] /a
[29/04/2012 22:36:43] /a
[29/04/2012 22:36:43] /a
[29/04/2012 22:36:43] /a
[29/04/2012 22:36:43] /a
[29/04/2012 22:36:43] /a
[29/04/2012 22:36:43] /a
[29/04/2012 22:36:43] /a
[29/04/2012 22:36:43] /a
[29/04/2012 22:36:44] /a
[29/04/2012 22:36:44] /a
[29/04/2012 22:36:44] /a
[29/04/2012 22:36:44] /a
[29/04/2012 22:36:44] /a
[29/04/2012 22:36:44] /a
[29/04/2012 22:36:45] /a
[29/04/2012 22:36:45] /a
[29/04/2012 22:36:45] /a
[29/04/2012 22:36:45] /a
[29/04/2012 22:36:45] /a
[29/04/2012 22:36:45] /a
[29/04/2012 22:36:45] /a
[29/04/2012 22:36:45] /a
[29/04/2012 22:36:45] /a
[29/04/2012 22:36:45] /a
[29/04/2012 22:36:45] /a
[29/04/2012 22:36:45] /a
[29/04/2012 22:36:45] /a
[29/04/2012 22:36:46] /a
[29/04/2012 22:36:46] /a
[29/04/2012 22:36:46] /a
[29/04/2012 22:36:46] /a
[29/04/2012 22:36:46] /a
[29/04/2012 22:36:46] /a
[29/04/2012 22:36:47] /a
[29/04/2012 22:36:47] /a
[29/04/2012 22:36:47] /a
[29/04/2012 22:36:47] /a
[29/04/2012 22:36:47] /a
[29/04/2012 22:36:48] /a
[29/04/2012 22:36:48] /a
[29/04/2012 22:36:48] /a
[29/04/2012 22:36:48] /a
[29/04/2012 22:36:48] /a
[29/04/2012 22:36:49] /a
[29/04/2012 22:36:49] /a
[29/04/2012 22:36:49] /a
[29/04/2012 22:36:49] /a
[29/04/2012 22:36:49] /a
[29/04/2012 22:36:53] /a
[29/04/2012 22:36:53] /a
[29/04/2012 22:36:53] /a
[29/04/2012 22:36:53] /a
[29/04/2012 22:36:53] /a
[29/04/2012 22:36:53] /a
[29/04/2012 22:36:53] /a
[29/04/2012 22:36:53] /a
[29/04/2012 22:36:53] /a
[29/04/2012 22:36:53] /a
[29/04/2012 22:36:53] /a
[29/04/2012 22:36:53] /a
[29/04/2012 22:36:53] /a
[29/04/2012 22:36:53] /a
[29/04/2012 22:36:53] /a
[29/04/2012 22:36:53] /a
[29/04/2012 22:36:53] /a
[29/04/2012 22:36:53] /a
[29/04/2012 22:36:53] /a
[29/04/2012 22:36:53] /a
[29/04/2012 22:36:53] /a
[29/04/2012 22:36:53] /a
[29/04/2012 22:36:53] /a
[29/04/2012 22:37:08] /a
[29/04/2012 22:37:08] /a
[29/04/2012 22:37:09] /a
[29/04/2012 22:37:09] /a
[29/04/2012 22:37:09] /a
[29/04/2012 22:37:09] /a
[29/04/2012 22:37:09] /a
[29/04/2012 22:37:09] /a
[29/04/2012 22:37:09] /a
[29/04/2012 22:37:09] /a
[29/04/2012 22:37:09] /a
[29/04/2012 22:37:09] /a
[29/04/2012 22:37:10] /a
[29/04/2012 22:37:10] /a
[29/04/2012 22:37:10] /a
[29/04/2012 22:37:10] /a
[29/04/2012 22:37:10] /a
[29/04/2012 22:37:10] /a
[29/04/2012 22:37:11] /a
[29/04/2012 22:37:11] /a
[29/04/2012 22:37:11] /a
[29/04/2012 22:37:11] /a
[29/04/2012 22:37:11] /a
[29/04/2012 22:37:12] /a
[29/04/2012 22:37:12] /a
[29/04/2012 22:37:12] /a
[29/04/2012 22:37:12] /a
[29/04/2012 22:37:12] /a
[29/04/2012 22:37:12] /a
[29/04/2012 22:37:12] /a
[29/04/2012 22:37:13] /a
[29/04/2012 22:37:13] /a
[29/04/2012 22:37:13] /a
[29/04/2012 22:37:13] /a
[29/04/2012 22:37:13] /a
[29/04/2012 22:37:14] /a
[29/04/2012 22:37:14] /a
[29/04/2012 22:37:14] /a
[29/04/2012 22:37:14] /a
[29/04/2012 22:37:14] /a
[29/04/2012 22:37:14] /a
[29/04/2012 22:37:14] /a
[29/04/2012 22:37:14] /a
[29/04/2012 22:37:14] /a
[29/04/2012 22:37:15] /a
[29/04/2012 22:37:15] /a
[29/04/2012 22:37:15] /a
[29/04/2012 22:37:15] /a
[29/04/2012 22:37:15] /a
[29/04/2012 22:37:15] /a
[29/04/2012 22:37:15] /a
[29/04/2012 22:37:15] /a
[29/04/2012 22:37:15] /a
[29/04/2012 22:37:16] /a
[29/04/2012 22:37:16] /a
[29/04/2012 22:37:16] /a
[29/04/2012 22:37:16] /a
[29/04/2012 22:37:16] /a
[29/04/2012 22:37:16] /a
[29/04/2012 22:37:16] /a
[29/04/2012 22:37:16] /a
[29/04/2012 22:37:16] /a
[29/04/2012 22:37:17] /a
[29/04/2012 22:37:17] /a
[29/04/2012 22:37:17] /a
[29/04/2012 22:37:17] /a
[29/04/2012 22:37:17] /a
[29/04/2012 22:37:17] /a
[29/04/2012 22:37:17] /a
[29/04/2012 22:37:17] /a
[29/04/2012 22:37:17] /a
[29/04/2012 22:37:17] /a
[29/04/2012 22:37:18] /a
[29/04/2012 22:37:18] /a
[29/04/2012 22:37:18] /a
[29/04/2012 22:37:18] /a
[29/04/2012 22:37:18] /a
[29/04/2012 22:37:18] /a
[29/04/2012 22:37:18] /a
[29/04/2012 22:37:18] /a
[29/04/2012 22:37:19] /a
[29/04/2012 22:37:20] /a
[29/04/2012 22:37:20] /a
[29/04/2012 22:37:20] /a
[29/04/2012 22:37:20] /a
[29/04/2012 22:37:20] /a
[29/04/2012 22:37:20] /a
[29/04/2012 22:37:20] /a
[29/04/2012 22:37:20] /a
[29/04/2012 22:37:20] /a
[29/04/2012 22:37:20] /a
[29/04/2012 22:37:21] /a
[29/04/2012 22:37:21] /a
[29/04/2012 22:37:25] /a
[29/04/2012 22:37:25] /a
[29/04/2012 22:37:25] /a
[29/04/2012 22:37:25] /a
[29/04/2012 22:37:25] /a
[29/04/2012 22:37:25] /a
[29/04/2012 22:37:25] /a
[29/04/2012 22:37:25] /a
[29/04/2012 22:37:25] /a
[29/04/2012 22:37:25] /a
[29/04/2012 22:37:25] /a
[29/04/2012 22:37:25] /a
[29/04/2012 22:37:25] /a
[29/04/2012 22:37:25] /a
[29/04/2012 22:37:25] /a
[29/04/2012 22:37:25] /a
[29/04/2012 22:37:25] /a
[29/04/2012 22:37:25] /a
[29/04/2012 22:37:27] /a
[29/04/2012 22:37:27] /a
[29/04/2012 22:37:27] /a
[29/04/2012 22:37:27] /a
[29/04/2012 22:37:27] /a
[29/04/2012 22:37:27] /a
[29/04/2012 22:37:27] /a
[29/04/2012 22:37:28] /a
[29/04/2012 22:37:28] /a
[29/04/2012 22:37:28] /a
[29/04/2012 22:37:28] /a
[29/04/2012 22:37:28] /a
[29/04/2012 22:37:28] /a
[29/04/2012 22:37:28] /a
[29/04/2012 22:37:28] /a
[29/04/2012 22:37:28] /a
[29/04/2012 22:37:29] /a
[29/04/2012 22:37:29] /a
[29/04/2012 22:37:29] /a
[29/04/2012 22:37:29] /a
[29/04/2012 22:37:29] /a
[29/04/2012 22:37:29] /a
[29/04/2012 22:37:29] /a
[29/04/2012 22:37:29] /a
[29/04/2012 22:37:30] /a
[29/04/2012 22:37:30] /a
[29/04/2012 22:37:30] /a
[29/04/2012 22:37:30] /a
[29/04/2012 22:37:30] /a
[29/04/2012 22:37:30] /a
[29/04/2012 22:37:30] /a
[29/04/2012 22:37:30] /a
[29/04/2012 22:37:30] /a
[29/04/2012 22:37:30] /a
[29/04/2012 22:37:34] /c Uchiha Itachi
[29/04/2012 22:37:41] /a
[29/04/2012 22:37:42] /a
[29/04/2012 22:37:42] /a
[29/04/2012 22:37:49] /a
[29/04/2012 22:37:49] /a
[29/04/2012 22:37:50] /a
[29/04/2012 22:37:50] /a
[29/04/2012 22:37:50] /a
[29/04/2012 22:37:50] /a
[29/04/2012 22:37:50] /a
[29/04/2012 22:37:50] /a
[29/04/2012 22:37:56] /c Uchiha Itachi
[29/04/2012 22:38:08] /i stone
[29/04/2012 22:38:09] /i stone
[29/04/2012 22:38:10] /i stone
[29/04/2012 22:38:11] /i stone
[29/04/2012 22:38:16] /i stone
[29/04/2012 22:38:18] /i stone
[29/04/2012 22:38:19] /i stone
[29/04/2012 22:38:20] /i stone
[29/04/2012 22:38:22] /c Uchiha Itachi
[29/04/2012 22:39:19] /a
[29/04/2012 22:39:45] /t
[29/04/2012 22:40:09] /b A PARTIR DE AMANHA, QUEM NAO FOR LEVEL MAIOR QUE 300, PERDE A ORG DA AKAT E DOS JINS
[29/04/2012 22:40:26] /i backpack
[29/04/2012 22:45:34] /c Mitchie
[29/04/2012 22:45:37] /c Mitchie
[29/04/2012 22:45:47] /attr vocation 58
[29/04/2012 22:49:55] /ghost
[29/04/2012 22:50:20] /goto Mitchie
[29/04/2012 22:50:26] /r
[30/04/2012 17:46:25] /ghost
[30/04/2012 17:46:37] /goto Natsu Dragneel
[30/04/2012 17:46:49] /goto Hyzyk Fusion
[30/04/2012 17:47:08] /newtype 244
[30/04/2012 17:47:15] /ghost
[30/04/2012 17:47:16] /ghost
[30/04/2012 17:47:19] /ghost
[30/04/2012 17:47:35] /goto Klaus
[30/04/2012 17:47:47] /goto Uchiha Fusil
[30/04/2012 17:47:59] /goto Bee
[30/04/2012 17:48:17] /goto Uzumaki Naruto
[30/04/2012 17:48:20] /a
[30/04/2012 17:48:35] /goto Itachi amatersu
[30/04/2012 17:48:55] /goto Tsurugi Kyosuke
[30/04/2012 17:49:05] /goto Tsurugi Kyousuke
[30/04/2012 17:49:13] /goto Patrones
[30/04/2012 17:49:20] /goto Mizumi
[30/04/2012 17:51:01] /ghost
[30/04/2012 17:51:02] /ghost
[30/04/2012 17:51:09] /goto Natsu Dragneel
[30/04/2012 17:52:45] /b William
[30/04/2012 17:52:50] /t
[30/04/2012 17:52:52] /ghost
[30/04/2012 17:52:54] /ghost
[30/04/2012 17:53:07] /b William
[30/04/2012 17:53:58] /goto [ADM] Rikudou Sannin
