[13/04/2012 22:10:26] /ghost
[13/04/2012 22:11:25] /r
[13/04/2012 22:11:26] /r
[13/04/2012 22:11:49] /r
[13/04/2012 22:11:49] /r
[13/04/2012 22:11:49] /r
[13/04/2012 22:11:51] /r
[13/04/2012 22:11:52] /r
[13/04/2012 22:11:52] /r
[13/04/2012 22:11:59] /r
[13/04/2012 22:12:09] /r
[13/04/2012 22:12:12] /r
[13/04/2012 22:12:26] /r
[13/04/2012 22:12:28] /t
[13/04/2012 22:12:38] /r
[13/04/2012 22:13:18] /t
[13/04/2012 22:13:32] /b rapidao vo te pucha pra testa uma coisa fmz?
[13/04/2012 22:13:48] /goto de~
[13/04/2012 22:14:05] /t
[13/04/2012 22:14:13] /c dei~
[13/04/2012 22:14:26] /goto dei~
[13/04/2012 22:14:41] /t dei~
[13/04/2012 22:14:42] /t
[13/04/2012 23:14:47] /b aeee kkk
[13/04/2012 23:15:13] /b kkk
[13/04/2012 23:15:48] /b q?
[13/04/2012 23:16:01] /b lol? n é tibia n 
[13/04/2012 23:16:27] /newtype 373
[13/04/2012 23:16:45] /newtype 373.
[13/04/2012 23:16:56] /newtype 377
[13/04/2012 23:16:59] /newtype 376
[13/04/2012 23:17:02] /newtype 375
[13/04/2012 23:33:46] /addskill nbee, level, 299
[13/04/2012 23:33:51] /c n~
[13/04/2012 23:34:25] /r
[13/04/2012 23:34:29] /i yondaime coat
[13/04/2012 23:34:33] /i sasuke legs
[13/04/2012 23:34:38] /i kazekage helmet
[13/04/2012 23:34:46] /i kasekage helmet
[13/04/2012 23:34:57] /i itachi gloves
[13/04/2012 23:35:12] /i itachi gloves
[13/04/2012 23:35:15] /i yondaime coat
[13/04/2012 23:35:18] /i sasuke legs
[13/04/2012 23:35:24] /i kasekage coat
[13/04/2012 23:35:32] /i kazekagecoat
[13/04/2012 23:35:37] /i kazekage coat
[13/04/2012 23:35:42] /i selad swor
[13/04/2012 23:35:42] /i selad sword
[13/04/2012 23:53:56] /addskill nbee, magic level, 100
[13/04/2012 23:56:11] /addskill nbee, level, 84
[13/04/2012 23:57:02] /addskill nbee, level, 5
[14/04/2012 00:13:24] /c n~
[14/04/2012 00:13:31] /newtype 320
[14/04/2012 00:14:31] /s unknow akatsuki
[14/04/2012 00:16:01] /reload spells
[14/04/2012 00:17:14] /s trainer monk
[14/04/2012 00:17:22] /m training monk
[14/04/2012 00:18:28] /reload spells
[14/04/2012 00:18:57] /reload spells
[14/04/2012 00:41:39] /i gaara sand
[14/04/2012 00:41:46] /i backpack
[14/04/2012 00:44:30] /c n~
[14/04/2012 00:46:19] /i 
[14/04/2012 00:46:26] /i 8910
[14/04/2012 00:46:43] /i 8912
[14/04/2012 00:47:17] /i 2189
[14/04/2012 00:47:38] /i 2191
[14/04/2012 00:49:38] /newtype 76
[14/04/2012 00:49:47] /a 4
[14/04/2012 00:49:49] /a
[14/04/2012 00:49:51] /r
[14/04/2012 00:49:52] /a 3
[14/04/2012 00:49:58] /n dark rodo
[14/04/2012 00:50:12] /r
[14/04/2012 00:50:15] /i mana potion
[14/04/2012 00:50:20] /i soldado pil
[14/04/2012 00:50:26] /i soldados pils
[14/04/2012 00:52:18] /r
[14/04/2012 00:52:23] /i backpack
[14/04/2012 00:52:25] /i 2160
[14/04/2012 00:53:16] /i soldado pill
[14/04/2012 00:53:20] /i soldado pil
[14/04/2012 00:53:56] /reload npc
[14/04/2012 00:54:03] /n dark rodo
[14/04/2012 00:54:20] /r
[14/04/2012 00:55:18] /n mad
[14/04/2012 00:55:33] /r
[14/04/2012 00:57:58] /reload npc
[14/04/2012 00:58:00] /n mad
[14/04/2012 00:59:36] /reload npc
[14/04/2012 01:00:19] /r
[14/04/2012 01:00:32] /c na'
[14/04/2012 01:00:37] /c na~
[14/04/2012 01:01:05] /m black anbu
[14/04/2012 01:02:47] /newtype 375
[14/04/2012 01:02:50] /newtype 376
[14/04/2012 01:02:53] /newtype 377
[14/04/2012 01:03:03] /newtype 76
[14/04/2012 01:04:15] /reload npc
[14/04/2012 01:04:34] /reload npc
[14/04/2012 01:04:43] /reload npc
[14/04/2012 01:05:03] /reload npc
[14/04/2012 01:05:22] /reload npc
[14/04/2012 01:05:28] /n ezequiel
[14/04/2012 01:05:32] /r
[14/04/2012 10:32:34] /i 2160
[14/04/2012 10:32:34] /i 2160
[14/04/2012 10:33:34] /i 2160
[14/04/2012 10:34:52] /raid naruto
[14/04/2012 10:35:02] /i yondaime coat
[14/04/2012 10:35:04] /i sasuke legs
[14/04/2012 10:35:09] /i kasekage helmet
[14/04/2012 10:35:26] /i 7610
[14/04/2012 10:35:32] /i 7618
[14/04/2012 10:35:53] /i backpack
[14/04/2012 10:35:53] /i backpack
[14/04/2012 10:35:53] /i backpack
[14/04/2012 10:35:53] /i backpack
[14/04/2012 10:35:54] /i backpack
[14/04/2012 10:36:06] /i 7618
[14/04/2012 10:36:07] /i 7618
[14/04/2012 10:36:07] /i 7618
[14/04/2012 10:36:07] /i 7618
[14/04/2012 10:36:07] /i 7618
[14/04/2012 10:36:07] /i 7618
[14/04/2012 10:36:07] /i 7618
[14/04/2012 10:36:07] /i 7618
[14/04/2012 10:36:07] /i 7618
[14/04/2012 10:36:07] /i 7618
[14/04/2012 10:36:07] /i 7618
[14/04/2012 10:36:07] /i 7618
[14/04/2012 10:36:07] /i 7618
[14/04/2012 10:36:07] /i 7618
[14/04/2012 10:36:07] /i 7618
[14/04/2012 10:36:07] /i 7618
[14/04/2012 10:36:08] /i 7618
[14/04/2012 10:36:08] /i 7618
[14/04/2012 10:36:09] /i 7618
[14/04/2012 10:36:09] /i 7618
[14/04/2012 10:36:09] /i 7618
[14/04/2012 10:36:09] /i 7618
[14/04/2012 10:36:09] /i 7618
[14/04/2012 10:36:09] /i 7618
[14/04/2012 10:36:09] /i 7618
[14/04/2012 10:36:09] /i 7618
[14/04/2012 10:36:09] /i 7618
[14/04/2012 10:36:10] /i 7618
[14/04/2012 10:36:10] /i 7618
[14/04/2012 10:36:10] /i 7618
[14/04/2012 10:36:10] /i 7618
[14/04/2012 10:36:10] /i 7618
[14/04/2012 10:36:10] /i 7618
[14/04/2012 10:36:10] /i 7618
[14/04/2012 10:36:10] /i 7618
[14/04/2012 10:36:10] /i 7618
[14/04/2012 10:36:10] /i 7618
[14/04/2012 10:36:10] /i 7618
[14/04/2012 10:36:10] /i 7618
[14/04/2012 10:36:13] /i 7618
[14/04/2012 10:36:13] /i 7618
[14/04/2012 10:36:13] /i 7618
[14/04/2012 10:36:13] /i 7618
[14/04/2012 10:36:13] /i 7618
[14/04/2012 10:36:14] /i 7618
[14/04/2012 10:36:15] /i 7618
[14/04/2012 10:36:15] /i 7618
[14/04/2012 10:36:15] /i 7618
[14/04/2012 10:36:15] /i 7618
[14/04/2012 10:36:15] /i 7618
[14/04/2012 10:36:15] /i 7618
[14/04/2012 10:36:15] /i 7618
[14/04/2012 10:36:15] /i 7618
[14/04/2012 10:36:15] /i 7618
[14/04/2012 10:36:15] /i 7618
[14/04/2012 10:36:15] /i 7618
[14/04/2012 10:36:15] /i 7618
[14/04/2012 10:36:15] /i 7618
[14/04/2012 10:36:15] /i 7618
[14/04/2012 10:36:15] /i 7618
[14/04/2012 10:36:15] /i 7618
[14/04/2012 10:36:15] /i 7618
[14/04/2012 10:36:15] /i 7618
[14/04/2012 10:36:15] /i 7618
[14/04/2012 10:36:15] /i 7618
[14/04/2012 10:36:15] /i 7618
[14/04/2012 10:36:15] /i 7618
[14/04/2012 10:36:15] /i 7618
[14/04/2012 10:36:16] /i 7618
[14/04/2012 10:36:16] /i 7618
[14/04/2012 10:36:16] /i 7618
[14/04/2012 10:36:16] /i 7618
[14/04/2012 10:36:16] /i 7618
[14/04/2012 10:36:16] /i 7618
[14/04/2012 10:36:16] /i 7618
[14/04/2012 10:36:16] /i 7618
[14/04/2012 10:36:16] /i 7618
[14/04/2012 10:36:16] /i 7618
[14/04/2012 10:36:16] /i 7618
[14/04/2012 10:36:16] /i 7618
[14/04/2012 10:36:16] /i 7618
[14/04/2012 10:36:16] /i 7618
[14/04/2012 10:36:16] /i 7618
[14/04/2012 10:36:16] /i 7618
[14/04/2012 10:36:16] /i 7618
[14/04/2012 10:36:16] /i 7618
[14/04/2012 10:36:16] /i 7618
[14/04/2012 10:36:16] /i 7618
[14/04/2012 10:36:16] /i 7618
[14/04/2012 10:36:16] /i 7618
[14/04/2012 10:36:16] /i 7618
[14/04/2012 10:36:16] /i 7618
[14/04/2012 10:36:16] /i 7618
[14/04/2012 10:36:17] /i 7618
[14/04/2012 10:36:17] /i 7618
[14/04/2012 10:36:17] /i 7618
[14/04/2012 10:36:17] /i 7618
[14/04/2012 10:36:17] /i 7618
[14/04/2012 10:36:17] /i 7618
[14/04/2012 10:36:17] /i 7618
[14/04/2012 10:36:17] /i 7618
[14/04/2012 10:36:17] /i 7618
[14/04/2012 10:36:17] /i 7618
[14/04/2012 10:36:17] /i 7618
[14/04/2012 10:36:17] /i 7618
[14/04/2012 10:36:17] /i 7618
[14/04/2012 10:36:17] /i 7618
[14/04/2012 10:36:17] /i 7618
[14/04/2012 10:36:17] /i 7618
[14/04/2012 10:36:17] /i 7618
[14/04/2012 10:36:17] /i 7618
[14/04/2012 10:36:17] /i 7618
[14/04/2012 10:36:17] /i 7618
[14/04/2012 10:36:17] /i 7618
[14/04/2012 10:36:17] /i 7618
[14/04/2012 10:36:17] /i 7618
[14/04/2012 10:36:17] /i 7618
[14/04/2012 10:36:18] /i 7618
[14/04/2012 10:36:18] /i 7618
[14/04/2012 10:36:18] /i 7618
[14/04/2012 10:36:18] /i 7618
[14/04/2012 10:36:18] /i 7618
[14/04/2012 10:36:18] /i 7618
[14/04/2012 10:36:18] /i 7618
[14/04/2012 10:36:18] /i 7618
[14/04/2012 10:36:18] /i 7618
[14/04/2012 10:36:18] /i 7618
[14/04/2012 10:36:18] /i 7618
[14/04/2012 10:36:18] /i 7618
[14/04/2012 10:36:18] /i 7618
[14/04/2012 10:36:18] /i 7618
[14/04/2012 10:36:18] /i 7618
[14/04/2012 10:36:23] /clean
[14/04/2012 10:36:29] /r
[14/04/2012 10:36:32] /r
[14/04/2012 10:36:34] /r
[14/04/2012 10:36:55] /i yondaime coat
[14/04/2012 10:36:55] /i sasuke legs
[14/04/2012 10:37:01] /i kasekage helmet
[14/04/2012 10:40:37] /i gaara sand
