[06/05/2012 17:27:28] /attr vocation 25
[06/05/2012 17:28:17] /attr vocation 25
[06/05/2012 17:35:16] /addskill kakashi hatake, 1
[06/05/2012 17:35:17] /addskill kakashi hatake, 1
[06/05/2012 17:35:23] /addskill kakashi hatake, 1
[06/05/2012 17:35:24] /addskill kakashi hatake, 1
[06/05/2012 17:35:25] /addskill kakashi hatake, 1
[06/05/2012 17:35:26] /addskill kakashi hatake, 1
[06/05/2012 17:35:26] /addskill kakashi hatake, 1
[06/05/2012 17:35:29] /addskill kakashi hatake, 10
[06/05/2012 17:35:33] /addskill kakashi hatake, 112
[06/05/2012 17:35:38] /addskill kakashi hatake, 45
[06/05/2012 17:35:39] /addskill kakashi hatake, 1
[06/05/2012 17:35:40] /addskill kakashi hatake, 1
[06/05/2012 17:35:41] /addskill kakashi hatake, 1
[06/05/2012 17:35:41] /addskill kakashi hatake, 1
[06/05/2012 17:35:41] /addskill kakashi hatake, 1
[06/05/2012 17:35:42] /addskill kakashi hatake, 1
[06/05/2012 17:35:42] /addskill kakashi hatake, 1
[06/05/2012 17:35:42] /addskill kakashi hatake, 1
[06/05/2012 17:35:43] /addskill kakashi hatake, 1
[06/05/2012 17:35:43] /addskill kakashi hatake, 1
[06/05/2012 17:35:44] /addskill kakashi hatake, 1
[06/05/2012 17:35:44] /addskill kakashi hatake, 1
[06/05/2012 17:35:44] /addskill kakashi hatake, 1
[06/05/2012 17:35:45] /addskill kakashi hatake, 1
[06/05/2012 17:35:45] /addskill kakashi hatake, 1
[06/05/2012 17:35:46] /addskill kakashi hatake, 1
[06/05/2012 17:35:46] /addskill kakashi hatake, 1/addskill kakashi hatake, 1
[06/05/2012 17:35:46] /addskill kakashi hatake, 1
[06/05/2012 17:35:47] /addskill kakashi hatake, 1
[06/05/2012 17:35:47] /addskill kakashi hatake, 1
[06/05/2012 17:35:47] /addskill kakashi hatake, 1
[06/05/2012 17:35:48] /addskill kakashi hatake, 1
[06/05/2012 17:35:48] /addskill kakashi hatake, 1
[06/05/2012 17:35:49] /addskill kakashi hatake, 1
[06/05/2012 17:36:14] /addskill kakashi hatake,magic level 1
[06/05/2012 17:36:16] /addskill kakashi hatake,magic level 1
[06/05/2012 17:36:51] /addskill kakashi hatake,magic level 1
[06/05/2012 17:36:52] /addskill kakashi hatake,magic level 1
[06/05/2012 17:36:53] /addskill kakashi hatake,magic level 1
[06/05/2012 17:36:53] /addskill kakashi hatake,magic level 1
[06/05/2012 17:36:54] /addskill kakashi hatake,magic level 1
[06/05/2012 17:36:54] /addskill kakashi hatake,magic level 1
[06/05/2012 17:36:55] /addskill kakashi hatake,magic level 1
[06/05/2012 17:36:56] /addskill kakashi hatake,magic level 1
[06/05/2012 17:36:56] /addskill kakashi hatake,magic level 1
[06/05/2012 17:36:56] /addskill kakashi hatake,magic level 1
[06/05/2012 17:36:57] /addskill kakashi hatake,magic level 1
[06/05/2012 17:36:57] /addskill kakashi hatake,magic level 1
[06/05/2012 17:36:57] /addskill kakashi hatake,magic level 1
[06/05/2012 17:36:58] /addskill kakashi hatake,magic level 1
[06/05/2012 17:36:58] /addskill kakashi hatake,magic level 1
[06/05/2012 17:36:59] /addskill kakashi hatake,magic level 1
[06/05/2012 17:36:59] /addskill kakashi hatake,magic level 1
[06/05/2012 17:37:00] /addskill kakashi hatake,magic level 1
[06/05/2012 17:37:00] /addskill kakashi hatake,magic level 1
[06/05/2012 17:37:01] /addskill kakashi hatake,magic level 1
[06/05/2012 17:37:01] /addskill kakashi hatake,magic level 1
[06/05/2012 17:37:02] /addskill kakashi hatake,magic level 1
[06/05/2012 17:37:02] /addskill kakashi hatake,magic level 1
[06/05/2012 17:37:03] /addskill kakashi hatake,magic level 1
[06/05/2012 17:48:18] /addskill Level, kakashi hatake,-1
[06/05/2012 17:48:24] /addskill Level, kakashi hatake,-1
[06/05/2012 17:48:31] /addskill Level, kakashi hatake,-1
[06/05/2012 17:48:40] /addskill , kakashi hatake,-1
[06/05/2012 17:48:41] /addskill , kakashi hatake,-1
[06/05/2012 17:48:44] /addskill , kakashi hatake,-1
[06/05/2012 17:50:43] /attr vocation 6
[06/05/2012 17:51:24] /attr vocation 6
[06/05/2012 17:51:27] /attr vocation 6
[06/05/2012 17:51:30] /attr vocation 6
[06/05/2012 17:51:33] /attr vocation 6
[06/05/2012 17:51:43] /attr vocation 6
[06/05/2012 17:59:15] /r
[06/05/2012 17:59:17] /r
[06/05/2012 17:59:19] /r
[06/05/2012 17:59:21] /r
[06/05/2012 17:59:23] /r
[06/05/2012 17:59:26] /r
[06/05/2012 18:02:54] /addskill kakashi hatake,100
[06/05/2012 18:03:01] /addskill kakashi hatake,Level 1
[06/05/2012 18:03:02] /addskill kakashi hatake,Level 
[06/05/2012 18:03:03] /addskill kakashi hatake,Level 
[06/05/2012 18:03:04] /addskill kakashi hatake,Level 
[06/05/2012 18:03:09] /addskill kakashi hatake,Level 1
[06/05/2012 18:03:10] /addskill kakashi hatake,Level 1
[06/05/2012 18:03:11] /addskill kakashi hatake,Level 1
[06/05/2012 18:03:11] /addskill kakashi hatake,Level 1
[06/05/2012 18:03:15] /addskill kakashi hatake,Level 5
[06/05/2012 18:03:16] /addskill kakashi hatake,Level 5
[06/05/2012 18:03:19] /addskill kakashi hatake,Level 5
[06/05/2012 18:03:20] /addskill kakashi hatake,Level 5
[06/05/2012 18:03:21] /addskill kakashi hatake,Level 5
[06/05/2012 18:03:21] /addskill kakashi hatake,Level 5
[06/05/2012 18:03:21] /addskill kakashi hatake,Level 5
[06/05/2012 18:03:27] /addskill kakashi hatake,Level1
[06/05/2012 18:04:34] /addskill kakashi hatake,1
[06/05/2012 18:04:40] /addskill kakashi hatake,1
[06/05/2012 18:05:09] /addskill kakashi hatake,1
[06/05/2012 18:05:11] /addskill kakashi hatake,1
[06/05/2012 18:05:12] /addskill kakashi hatake,1
[06/05/2012 18:05:17] /addskill kakashi hatake,1
[06/05/2012 18:05:17] /addskill kakashi hatake,1
[06/05/2012 18:05:18] /addskill kakashi hatake,1
[06/05/2012 18:05:18] /addskill kakashi hatake,1
[06/05/2012 18:05:18] /addskill kakashi hatake,1
[06/05/2012 18:05:19] /addskill kakashi hatake,1
[06/05/2012 18:05:26] /addskill kakashi hatake,level10
[06/05/2012 18:05:27] /addskill kakashi hatake,level10
[06/05/2012 18:05:28] /addskill kakashi hatake,level10
[06/05/2012 18:05:28] /addskill kakashi hatake,level10
[06/05/2012 18:05:28] /addskill kakashi hatake,level10
[06/05/2012 18:05:29] /addskill kakashi hatake,level10
[06/05/2012 18:05:29] /addskill kakashi hatake,level10
[06/05/2012 18:05:31] /addskill kakashi hatake,level10/addskill kakashi hatake,level10/addskill kakashi hatake,level10
[06/05/2012 18:05:31] /addskill kakashi hatake,level10
[06/05/2012 18:05:32] /addskill kakashi hatake,level10
[06/05/2012 18:05:32] /addskill kakashi hatake,level10
[06/05/2012 18:05:33] /addskill kakashi hatake,level10
[06/05/2012 18:05:33] /addskill kakashi hatake,level10
[06/05/2012 18:05:33] /addskill kakashi hatake,level10
[06/05/2012 18:05:34] /addskill kakashi hatake,level10
[06/05/2012 18:05:34] /addskill kakashi hatake,level10
[06/05/2012 18:05:35] /addskill kakashi hatake,level10
[06/05/2012 18:05:35] /addskill kakashi hatake,level10
[06/05/2012 18:05:36] /addskill kakashi hatake,level10/addskill kakashi hatake,level10
[06/05/2012 18:05:40] /addskill kakashi hatake,level100
[06/05/2012 18:05:41] /addskill kakashi hatake,level100
[06/05/2012 18:05:42] /addskill kakashi hatake,level100
[06/05/2012 18:05:42] /addskill kakashi hatake,level100
[06/05/2012 18:05:42] /addskill kakashi hatake,level100
[06/05/2012 18:05:43] /addskill kakashi hatake,level100
[06/05/2012 18:05:43] /addskill kakashi hatake,level100
[06/05/2012 18:05:44] /addskill kakashi hatake,level100
[06/05/2012 18:05:44] /addskill kakashi hatake,level100
[06/05/2012 18:05:44] /addskill kakashi hatake,level100
[06/05/2012 18:05:45] /addskill kakashi hatake,level100
[06/05/2012 18:05:45] /addskill kakashi hatake,level100
[06/05/2012 18:05:45] /addskill kakashi hatake,level100
[06/05/2012 18:05:46] /addskill kakashi hatake,level100
[06/05/2012 18:05:46] /addskill kakashi hatake,level100
[06/05/2012 18:05:46] /addskill kakashi hatake,level100
[06/05/2012 18:05:47] /addskill kakashi hatake,level100
[06/05/2012 18:05:47] /addskill kakashi hatake,level100
[06/05/2012 18:05:47] /addskill kakashi hatake,level100
[06/05/2012 18:05:48] /addskill kakashi hatake,level100
[06/05/2012 18:05:49] /addskill kakashi hatake,level100
[06/05/2012 18:05:49] /addskill kakashi hatake,level100
[06/05/2012 18:06:26] /addskill kakashi hatake,level100
[06/05/2012 18:06:26] /addskill kakashi hatake,level100
[06/05/2012 18:06:27] /addskill kakashi hatake,level100
[06/05/2012 18:06:27] /addskill kakashi hatake,level100
[06/05/2012 18:06:28] /addskill kakashi hatake,level100
[06/05/2012 18:06:28] /addskill kakashi hatake,level100
[06/05/2012 18:06:28] /addskill kakashi hatake,level100
[06/05/2012 18:06:29] /addskill kakashi hatake,level100
[06/05/2012 18:06:29] /addskill kakashi hatake,level100
[06/05/2012 18:06:30] /addskill kakashi hatake,level100
[06/05/2012 18:06:30] /addskill kakashi hatake,level100
[06/05/2012 18:06:31] /addskill kakashi hatake,level100/addskill kakashi hatake,level100
[06/05/2012 18:06:31] /addskill kakashi hatake,level100
[06/05/2012 18:06:32] /addskill kakashi hatake,level100
[06/05/2012 18:06:32] /addskill kakashi hatake,level100
[06/05/2012 18:06:33] /addskill kakashi hatake,level100/addskill kakashi hatake,level100
[06/05/2012 18:06:33] /addskill kakashi hatake,level100
[06/05/2012 18:06:33] /addskill kakashi hatake,level100
[06/05/2012 18:06:34] /addskill kakashi hatake,level100
[06/05/2012 18:06:35] /addskill kakashi hatake,level100
[06/05/2012 18:06:35] /addskill kakashi hatake,level100
[06/05/2012 18:06:36] /addskill kakashi hatake,level100
[06/05/2012 18:06:37] /addskill kakashi hatake,level100
[06/05/2012 18:06:37] /addskill kakashi hatake,level100
[06/05/2012 18:06:38] /addskill kakashi hatake,level100
[06/05/2012 18:06:38] /addskill kakashi hatake,level100
[06/05/2012 18:06:39] /addskill kakashi hatake,level100
[06/05/2012 18:06:39] /addskill kakashi hatake,level100
[06/05/2012 18:06:40] /addskill kakashi hatake,level100
[06/05/2012 18:06:40] /addskill kakashi hatake,level100
[06/05/2012 18:06:41] /addskill kakashi hatake,level100
[06/05/2012 18:06:41] /addskill kakashi hatake,level100
[06/05/2012 18:06:42] /addskill kakashi hatake,level100
[06/05/2012 18:06:42] /addskill kakashi hatake,level100
[06/05/2012 18:06:43] /addskill kakashi hatake,level100
[06/05/2012 18:06:43] /addskill kakashi hatake,level100
[06/05/2012 18:06:43] /addskill kakashi hatake,level100
[06/05/2012 18:06:44] /addskill kakashi hatake,level100
[06/05/2012 18:06:45] /addskill kakashi hatake,level100
[06/05/2012 18:06:46] /addskill kakashi hatake,level100
[06/05/2012 18:06:46] /addskill kakashi hatake,level100
[06/05/2012 18:06:47] /addskill kakashi hatake,level100
[06/05/2012 18:06:47] /addskill kakashi hatake,level100
[06/05/2012 18:06:48] /addskill kakashi hatake,level100
[06/05/2012 18:06:48] /addskill kakashi hatake,level100
[06/05/2012 18:06:49] /addskill kakashi hatake,level100
[06/05/2012 18:06:50] /addskill kakashi hatake,level100
[06/05/2012 18:06:50] /addskill kakashi hatake,level100
[06/05/2012 18:06:51] /addskill kakashi hatake,level100
[06/05/2012 18:06:51] /addskill kakashi hatake,level100
[06/05/2012 18:06:51] /addskill kakashi hatake,level100
[06/05/2012 18:06:52] /addskill kakashi hatake,level100
[06/05/2012 18:06:52] /addskill kakashi hatake,level100
[06/05/2012 18:06:53] /addskill kakashi hatake,level100
[06/05/2012 18:06:53] /addskill kakashi hatake,level100
[06/05/2012 18:06:54] /addskill kakashi hatake,level100
[06/05/2012 18:06:54] /addskill kakashi hatake,level100
[06/05/2012 18:06:55] /addskill kakashi hatake,level100
[06/05/2012 18:06:55] /addskill kakashi hatake,level100
[06/05/2012 18:06:55] /addskill kakashi hatake,level100
[06/05/2012 18:06:56] /addskill kakashi hatake,level100
[06/05/2012 18:06:56] /addskill kakashi hatake,level100
[06/05/2012 18:06:58] /addskill kakashi hatake,level100
[06/05/2012 18:08:01] /addskill kakashi hatake,magic100
[06/05/2012 18:08:02] /addskill kakashi hatake,magic100
[06/05/2012 18:08:02] /addskill kakashi hatake,magic100
[06/05/2012 18:08:02] /addskill kakashi hatake,magic100
[06/05/2012 18:08:03] /addskill kakashi hatake,magic100
[06/05/2012 18:08:03] /addskill kakashi hatake,magic100
[06/05/2012 18:08:04] /addskill kakashi hatake,magic100
[06/05/2012 18:08:04] /addskill kakashi hatake,magic100
[06/05/2012 18:08:04] /addskill kakashi hatake,magic100
[06/05/2012 18:08:05] /addskill kakashi hatake,magic100
[06/05/2012 18:08:06] /addskill kakashi hatake,magic10
[06/05/2012 18:08:07] /addskill kakashi hatake,magic100
[06/05/2012 18:08:07] /addskill kakashi hatake,magic100
[06/05/2012 18:08:08] /addskill kakashi hatake,magic100
[06/05/2012 18:08:08] /addskill kakashi hatake,magic100
[06/05/2012 18:08:11] /addskill kakashi hatake,magic1
[06/05/2012 18:08:12] /addskill kakashi hatake,magic1
[06/05/2012 18:08:13] /addskill kakashi hatake,magic1
[06/05/2012 18:08:16] /addskill kakashi hatake,magic1000
[06/05/2012 18:08:17] /addskill kakashi hatake,magic1000
[06/05/2012 18:08:18] /addskill kakashi hatake,magic1000
[06/05/2012 18:08:21] /addskill kakashi hatake,magic10/addskill kakashi hatake,magic1000
[06/05/2012 18:08:27] /addskill kakashi hatake,magic10
[06/05/2012 18:08:28] /addskill kakashi hatake,magic10
[06/05/2012 18:08:29] /addskill kakashi hatake,magic10
[06/05/2012 18:08:29] /addskill kakashi hatake,magic10
[06/05/2012 18:08:30] /addskill kakashi hatake,magic10
[06/05/2012 18:08:30] /addskill kakashi hatake,magic10
[06/05/2012 18:08:33] /addskill kakashi hatake,magic10
[06/05/2012 18:08:34] /addskill kakashi hatake,magic10
[06/05/2012 18:08:35] /addskill kakashi hatake,magic10
[06/05/2012 18:08:35] /addskill kakashi hatake,magic10
[06/05/2012 18:08:38] /addskill kakashi hatake,magic100
[06/05/2012 18:08:38] /addskill kakashi hatake,magic100
[06/05/2012 20:02:49] /c kakashi hatake
