[01/02/2012 20:43:53] /attr group 6
[01/02/2012 20:44:00] /r
[01/02/2012 20:46:40] /r
[01/02/2012 20:46:57] /r
[01/02/2012 20:47:28] /r
[01/02/2012 20:49:30] /newtype 12
[01/02/2012 20:49:32] /newtype 13
[01/02/2012 20:49:33] /newtype 14
[01/02/2012 20:49:34] /newtype 15
[01/02/2012 20:49:35] /newtype 16
[01/02/2012 20:49:37] /newtype 17
[01/02/2012 20:49:38] /newtype 16
[01/02/2012 20:50:01] /newtype 17
[01/02/2012 20:50:02] /newtype 18
[01/02/2012 20:50:04] /newtype 19
[01/02/2012 20:50:06] /newtype 20
[01/02/2012 20:50:16] /newtype 21
[01/02/2012 20:50:18] /newtype 22
[01/02/2012 20:50:19] /newtype 23
[01/02/2012 20:50:20] /newtype 24
[01/02/2012 20:50:21] /newtype 25
[01/02/2012 20:50:22] /newtype 26
[01/02/2012 20:50:23] /newtype 27
[01/02/2012 20:50:24] /newtype 28
[01/02/2012 20:50:25] /newtype 29
[01/02/2012 20:50:26] /newtype 20
[01/02/2012 20:50:32] /newtype 30
[01/02/2012 20:50:33] /newtype 31
[01/02/2012 20:50:34] /newtype 32
[01/02/2012 20:50:35] /newtype 33
[01/02/2012 20:50:36] /newtype 34
[01/02/2012 20:50:37] /newtype 35
[01/02/2012 20:50:38] /newtype 36
[01/02/2012 20:50:42] /goto [ADM] Chapado
[01/02/2012 20:50:47] /newtype 37
[01/02/2012 20:50:52] /newtype 38
[01/02/2012 20:50:54] /newtype 39
[01/02/2012 20:51:01] /newtype 40
[01/02/2012 20:51:11] /newtype 41
[01/02/2012 20:51:12] /newtype 42
[01/02/2012 20:51:14] /newtype 43
[01/02/2012 20:51:16] /newtype 44
[01/02/2012 20:51:23] /newtype 45
[01/02/2012 20:51:28] /newtype 47
[01/02/2012 20:51:30] /newtype 46
[01/02/2012 20:51:32] /newtype 48
[01/02/2012 20:51:33] /newtype 49
[01/02/2012 20:51:35] /newtype 50
[01/02/2012 20:51:36] /newtype 51
[01/02/2012 20:51:37] /newtype 52
[01/02/2012 20:51:38] /newtype 53
[01/02/2012 20:51:39] /newtype 54
[01/02/2012 20:51:40] /newtype 55
[01/02/2012 20:51:41] /newtype 56
[01/02/2012 20:51:42] /newtype 57
[01/02/2012 20:51:44] /newtype 58
[01/02/2012 20:51:44] /newtype 59
[01/02/2012 20:51:47] /newtype 60
[01/02/2012 20:51:49] /newtype 61
[01/02/2012 20:51:50] /newtype 62
[01/02/2012 20:51:51] /newtype 63
[01/02/2012 20:51:56] /newtype 64
[01/02/2012 20:52:04] /newtype 95
[01/02/2012 20:52:13] /newtype 95.
[01/02/2012 20:55:08] /reload
[01/02/2012 20:55:12] /reload talkactions
[01/02/2012 20:56:13] /m kyuubi
[01/02/2012 20:56:24] /r
[01/02/2012 20:56:26] /r
[01/02/2012 20:56:28] /r
[01/02/2012 20:56:29] /r
[01/02/2012 20:56:31] /r
[01/02/2012 21:07:07] /goto [ADM]~
[01/02/2012 21:07:35] /a 100
[01/02/2012 21:07:37] /a 100
[01/02/2012 21:07:53] /down
[01/02/2012 21:07:57] /a 200
[01/02/2012 21:08:00] /a 100
[01/02/2012 21:12:37] /newtype 85
[01/02/2012 21:15:39] /reload monster
[01/02/2012 21:15:50] /m pain boss
[01/02/2012 21:16:27] /reload monster
[01/02/2012 21:16:29] /r
[01/02/2012 21:16:35] /m pain boss
[01/02/2012 21:18:44] /m black anbu
[01/02/2012 21:19:19] /attr max health 9999999
[01/02/2012 21:20:47] /reload monster
[01/02/2012 21:20:59] /addskill [ADM] Chapado, level, 100
[01/02/2012 21:22:43] /reload monster
[01/02/2012 21:22:49] /r
[01/02/2012 21:22:55] /m test
[01/02/2012 21:39:26] /m pain boss
[01/02/2012 21:39:29] /m pain boss
[01/02/2012 21:39:31] /m pain
[01/02/2012 21:39:34] /m pain
[01/02/2012 21:40:15] /m pain boss
[01/02/2012 21:40:16] /m pain boss
[01/02/2012 21:40:16] /m pain boss
[01/02/2012 21:41:05] /i 2408
[01/02/2012 21:41:20] /reload monster
[01/02/2012 21:41:23] /m pain boss
[01/02/2012 21:41:45] /reload monster
[01/02/2012 21:43:04] /reload monster
[01/02/2012 21:43:30] /m pain boss
[01/02/2012 21:45:42] /reload monster
[01/02/2012 21:46:02] /m pain boss
[01/02/2012 21:47:23] /reload monster
[01/02/2012 21:48:01] /reload monster
[01/02/2012 21:49:00] /reload monster
[01/02/2012 21:49:49] /reload monster
[01/02/2012 21:50:15] /reload monster
[01/02/2012 21:50:55] /reload monster
[01/02/2012 21:51:43] /m pain boss
[01/02/2012 21:52:03] /reload monster
[01/02/2012 21:52:25] /reload monster
[01/02/2012 21:52:46] /r
[01/02/2012 21:52:53] /newtype 95
[01/02/2012 21:56:58] /clean
[01/02/2012 21:58:47] /reload monster
[01/02/2012 21:59:21] /clean 2
[01/02/2012 21:59:59] /r
[01/02/2012 22:00:10] /reload monster
[01/02/2012 22:00:23] /a 100
[01/02/2012 22:00:27] /a
[01/02/2012 22:00:52] /m sasuke boss
[01/02/2012 22:01:55] /reload monster
[01/02/2012 22:02:21] /reload monster
[01/02/2012 22:03:06] /reload monster
[01/02/2012 22:09:30] /reload spells
[01/02/2012 22:10:24] /reload spells
[01/02/2012 22:11:41] /reload spells
[01/02/2012 22:11:56] /reload spells
[01/02/2012 22:12:17] /reload spells
[01/02/2012 22:12:31] /reload spells
[01/02/2012 22:12:45] /reload spells
[01/02/2012 22:12:59] /reload spells
[01/02/2012 22:13:27] /reload spells
[01/02/2012 22:14:51] /reload spells
[01/02/2012 22:15:16] /reload spells
[01/02/2012 22:15:36] /reload spells
[01/02/2012 22:15:55] /reload spells
[01/02/2012 22:16:17] /reload spells
[01/02/2012 22:16:54] /reload spells
[01/02/2012 22:19:15] /reload spells
[01/02/2012 22:20:21] /reload spells
[01/02/2012 22:21:13] /reload spells
[01/02/2012 22:23:28] /reload spells
[01/02/2012 22:26:14] /reload spells
[01/02/2012 22:26:45] /reload spells
[01/02/2012 22:28:17] /reload spells
[01/02/2012 22:28:55] /reload spells
[01/02/2012 22:29:25] /addskill ADM Rokage, magic level, 100
[01/02/2012 22:29:36] /addskill ADM Rokage, magic level, 100
[01/02/2012 22:30:09] /addskill ADM Rokage, magic level, 100
[01/02/2012 22:30:10] /addskill ADM Rokage, magic level, 100
[01/02/2012 22:30:11] /addskill ADM Rokage, magic level, 100
[01/02/2012 22:30:12] /addskill ADM Rokage, magic level, 100
[01/02/2012 22:30:13] /addskill ADM Rokage, magic level, 100
[01/02/2012 22:30:13] /addskill ADM Rokage, magic level, 100
[01/02/2012 22:30:14] /addskill ADM Rokage, magic level, 100
[01/02/2012 22:30:17] /addskill ADM Rokage, magic level, 1
[01/02/2012 22:30:38] /addskill ADM Rokage, level, 80
[01/02/2012 22:30:40] /addskill ADM Rokage, level, 50
[01/02/2012 22:31:07] /reload spells
[01/02/2012 22:31:43] /reload spells
[01/02/2012 22:33:58] /reload monster
[01/02/2012 22:34:52] /reload spells
[01/02/2012 22:40:47] /newtype 2
[01/02/2012 22:40:48] /newtype 3
[01/02/2012 22:40:49] /newtype 4
[01/02/2012 22:40:50] /newtype 5
[01/02/2012 22:40:51] /newtype 6
[01/02/2012 22:40:51] /newtype 7
[01/02/2012 22:40:52] /newtype 8
[01/02/2012 22:40:53] /newtype 9
[01/02/2012 22:40:55] /newtype 10
[01/02/2012 22:40:56] /newtype 11
[01/02/2012 22:40:58] /newtype 12
[01/02/2012 22:40:59] /newtype 13
[01/02/2012 22:41:00] /newtype 14
[01/02/2012 22:41:01] /newtype 15
[01/02/2012 22:41:02] /newtype 16
[01/02/2012 22:41:03] /newtype 17
[01/02/2012 22:41:04] /newtype 18
[01/02/2012 22:41:06] /newtype 19
[01/02/2012 22:41:08] /newtype 20
[01/02/2012 22:41:09] /newtype 21
[01/02/2012 22:41:10] /newtype 22
[01/02/2012 22:41:11] /newtype 23
[01/02/2012 22:41:12] /newtype 24
[01/02/2012 22:41:13] /newtype 25
[01/02/2012 22:41:14] /newtype 26
[01/02/2012 22:41:16] /newtype 27
[01/02/2012 22:41:17] /newtype 28
[01/02/2012 22:41:18] /newtype 29
[01/02/2012 22:41:21] /newtype 30
[01/02/2012 22:41:22] /newtype 31
[01/02/2012 22:41:23] /newtype 32
[01/02/2012 22:41:25] /newtype 33
[01/02/2012 22:41:26] /newtype 34
[01/02/2012 22:41:28] /newtype 35
[01/02/2012 22:41:31] /newtype 36
[01/02/2012 22:41:32] /newtype 37
[01/02/2012 22:41:34] /newtype 38
[01/02/2012 22:41:35] /newtype 39
[01/02/2012 22:41:38] /newtype 40
[01/02/2012 22:41:39] /newtype 41
[01/02/2012 22:41:40] /newtype 42
[01/02/2012 22:41:42] /newtype 43
[01/02/2012 22:41:43] /newtype 44
[01/02/2012 22:41:44] /newtype 45
[01/02/2012 22:41:45] /newtype 46
[01/02/2012 22:41:46] /newtype 47
[01/02/2012 22:42:13] /reload monster
[01/02/2012 22:42:48] /newtype 95
[01/02/2012 22:48:59] /reload spells
[01/02/2012 22:49:24] /m itachi boss
[01/02/2012 22:51:18] /reload spells
[01/02/2012 23:01:25] /m gaara
[01/02/2012 23:03:34] /reload monster
[01/02/2012 23:04:15] /reload spells
[01/02/2012 23:04:29] /m itachi boss
[01/02/2012 23:04:31] /m itachi boss
[01/02/2012 23:04:32] /m itachi boss
[01/02/2012 23:05:00] /attr group 6
[01/02/2012 23:05:02] /r
[01/02/2012 23:05:04] /r
[01/02/2012 23:05:06] /r
[01/02/2012 23:05:17] /r
[01/02/2012 23:05:18] /r
[01/02/2012 23:05:20] /r
[01/02/2012 23:07:09] /reload spells
[01/02/2012 23:07:37] /m itachi boss
[01/02/2012 23:08:17] /m itachi boss
[01/02/2012 23:09:53] /reload spells
[01/02/2012 23:14:12] /newtype 75
[01/02/2012 23:14:14] /reload spells
[01/02/2012 23:14:35] /reload spells
[01/02/2012 23:15:04] /reload spells
[01/02/2012 23:15:47] /r
[01/02/2012 23:16:00] /r
[01/02/2012 23:17:56] /reload spells
[01/02/2012 23:18:13] /m kyuubi
[01/02/2012 23:18:17] /r
[01/02/2012 23:18:31] /reload monster
[01/02/2012 23:18:52] /m kyuubi
[01/02/2012 23:19:00] /r
[01/02/2012 23:22:30] /reload monster
[01/02/2012 23:22:43] /m sasori boss
[01/02/2012 23:23:14] /reload monster
[01/02/2012 23:25:07] /reload monster
[01/02/2012 23:25:52] /r
[01/02/2012 23:27:12] /b quanto black anbu tem de life ?
[01/02/2012 23:27:47] /b ?
[01/02/2012 23:28:25] /b quanto black anbu tem de life?
[01/02/2012 23:30:52] /reload monster
[01/02/2012 23:31:24] /m black anbu
[01/02/2012 23:31:28] /r
[01/02/2012 23:31:28] /reload monster
[01/02/2012 23:31:59] /reload monster
[01/02/2012 23:32:49] /m black anbu
[01/02/2012 23:33:59] /reload monster
[01/02/2012 23:35:51] /reload monster
[01/02/2012 23:37:07] /reload monster
[01/02/2012 23:37:48] /reload monster
[01/02/2012 23:38:40] /goto [ADM]~
[01/02/2012 23:40:06] /m exp bug
[01/02/2012 23:54:26] /reload config
[01/02/2012 23:54:40] /reload spells
[01/02/2012 23:55:00] /c to~
[01/02/2012 23:55:02] /c to~
[01/02/2012 23:55:34] /i 21408
[01/02/2012 23:55:38] /i 2408
[01/02/2012 23:56:44] /ghost
[01/02/2012 23:56:52] /goto to~
[02/02/2012 00:00:41] /m pain boss
[02/02/2012 00:00:50] /m itachi boss
[02/02/2012 00:00:53] /m sasori boss
[02/02/2012 00:00:57] /m  kyuubi boss
[02/02/2012 00:01:02] /m kyuubi boss
[02/02/2012 00:01:05] /m kyuubi boss
[02/02/2012 00:01:11] /m kyuubi
[02/02/2012 00:01:19] /m itachi boss
[02/02/2012 00:01:22] /m sasori boss
[02/02/2012 00:01:26] /m tobi
[02/02/2012 00:01:30] /m 
[02/02/2012 00:01:32] /m tobi
[02/02/2012 00:01:32] /m tobi
[02/02/2012 00:01:42] /m kizame
[02/02/2012 00:05:08] /reload spells
[02/02/2012 00:06:16] /reload spells
[02/02/2012 00:10:30] /attr group 1
[02/02/2012 00:10:39] /addskill Lol Baniu Errado, level, 1000
[02/02/2012 00:10:46] /c Lol Baniu Errado
[02/02/2012 00:19:08] /t
[02/02/2012 00:24:48] /b o ot vai cai e ja volta
[02/02/2012 00:25:48] /a 100
[02/02/2012 00:26:19] /a
[02/02/2012 00:28:22] /a 100
[02/02/2012 00:28:24] /a 10
[02/02/2012 00:28:27] /a 10
[02/02/2012 00:28:28] /a 10
[02/02/2012 00:28:29] /a 10
[02/02/2012 00:28:36] /t
[02/02/2012 00:29:57] /a 100
[02/02/2012 00:31:14] /r
[02/02/2012 00:31:19] /r
[02/02/2012 00:31:20] /r
[02/02/2012 00:31:23] /r
[02/02/2012 00:33:17] /t
[02/02/2012 00:34:55] /down
[02/02/2012 00:36:06] /r
[02/02/2012 00:36:07] /t
[02/02/2012 09:59:24] /t
[02/02/2012 10:03:10] /m snake
[02/02/2012 10:04:23] /reload moster
[02/02/2012 10:04:27] /reload monster
[02/02/2012 10:04:36] /m snake
[02/02/2012 10:04:45] /a 100
[02/02/2012 10:04:46] /a 100
[02/02/2012 10:04:51] /a
[02/02/2012 10:04:53] /a
[02/02/2012 10:05:25] /c [ADM]~
[02/02/2012 10:06:23] /t
[02/02/2012 10:08:30] /goto [ADM]~
[02/02/2012 10:10:22] /reload monster
[02/02/2012 10:10:35] /m hinata
[02/02/2012 10:10:41] /r
[02/02/2012 10:11:04] /reload monster
[02/02/2012 10:11:08] /m hinata
[02/02/2012 10:13:58] /reload monster
[02/02/2012 10:14:08] /r
[02/02/2012 10:16:49] /reload monster
[02/02/2012 10:16:54] /r
[02/02/2012 10:17:20] /m deidara
[02/02/2012 10:20:10] /m black kage
[02/02/2012 10:20:17] /m black kage
[02/02/2012 10:21:36] /reload monster
[02/02/2012 10:21:52] /m black kage
[02/02/2012 10:22:10] /r
[02/02/2012 10:22:12] /r
[02/02/2012 10:22:13] /r
[02/02/2012 10:22:14] /r
[02/02/2012 10:22:18] /m black kage
[02/02/2012 10:22:52] /m black kage
[02/02/2012 10:22:56] /m black kage
[02/02/2012 10:22:59] /m black kage
[02/02/2012 10:23:02] /m black kage
[02/02/2012 10:23:06] /m black kage
[02/02/2012 10:23:09] /m black kage
[02/02/2012 10:23:12] /m black kage
[02/02/2012 10:23:16] /m black kage
[02/02/2012 10:23:18] /m black kage
[02/02/2012 10:23:33] /r
[02/02/2012 10:23:35] /clean
[02/02/2012 10:23:38] /r
[02/02/2012 10:23:40] /r
[02/02/2012 10:23:42] /r
[02/02/2012 10:25:43] /newtype 54
[02/02/2012 10:25:47] /newtype 56
[02/02/2012 10:25:48] /newtype 57
[02/02/2012 10:25:49] /newtype 58
[02/02/2012 10:25:50] /newtype 59
[02/02/2012 10:28:26] /reload monster
[02/02/2012 10:28:33] /m bison
[02/02/2012 10:28:37] /ghost
[02/02/2012 10:31:38] /reload monster
[02/02/2012 10:32:16] /m bison
[02/02/2012 10:33:00] /reload monster
[02/02/2012 10:34:00] /r
[02/02/2012 10:34:02] /clean
[02/02/2012 10:37:53] /newtype 262
[02/02/2012 10:37:54] /newtype 263
[02/02/2012 10:37:56] /newtype 262
[02/02/2012 10:38:00] /newtype 263
[02/02/2012 10:38:38] /reload monsters
[02/02/2012 10:40:27] /newtype 12
[02/02/2012 10:40:29] /newtype 13
[02/02/2012 10:40:30] /newtype 14
[02/02/2012 10:49:53] /reload monster
[02/02/2012 10:50:07] /m gaara boss
[02/02/2012 10:50:38] /reload monster
[02/02/2012 10:50:50] /m gaara boss
[02/02/2012 10:53:54] /reload gaara
[02/02/2012 10:53:57] /reload monster
[02/02/2012 10:55:49] /reload monster
[02/02/2012 10:56:03] /reload spells
[02/02/2012 11:10:28] /goto lol~
[02/02/2012 11:10:34] /goto lol ban~
[02/02/2012 11:10:39] /goto on~
[02/02/2012 11:11:33] /reload stages
[02/02/2012 11:11:44] /goto ao
[02/02/2012 11:11:46] /goto ao~
[02/02/2012 11:11:53] /goto on~
[02/02/2012 11:28:42] /t
[02/02/2012 11:28:56] /b o ot vai da uma caida
[02/02/2012 11:31:46] /reload monster
[02/02/2012 11:33:08] /a
[02/02/2012 11:33:55] /c [ADM] Chapado
[02/02/2012 11:37:44] /clean
[02/02/2012 11:38:48] /m kyuubi
[02/02/2012 11:41:55] /r
[02/02/2012 11:49:54] /goto [ADM]~
[02/02/2012 12:27:30] /goto lo~
[02/02/2012 12:27:49] /newtype 75
[02/02/2012 12:30:05] /down
[02/02/2012 12:30:08] /a
[02/02/2012 12:30:09] /a
[02/02/2012 12:30:10] /a
[02/02/2012 12:30:16] /a
[02/02/2012 12:30:23] /newtype 95
[02/02/2012 12:32:06] /r
[02/02/2012 12:33:36] /up
[02/02/2012 12:33:41] /up
[02/02/2012 12:33:45] /up
[02/02/2012 12:33:49] /c lol~
[02/02/2012 12:36:12] /t
[02/02/2012 12:48:35] /reload config
[02/02/2012 12:52:38] /reload stages
[02/02/2012 12:52:41] /reload config
[02/02/2012 13:02:03] /goto nar~
[02/02/2012 13:03:21] /r
[02/02/2012 13:05:35] /t
[02/02/2012 13:05:38] /down
[02/02/2012 13:05:41] /goto nar~
[02/02/2012 13:08:55] /reload stages
[02/02/2012 13:08:59] /reload config
[02/02/2012 13:09:15] /reload monster
[02/02/2012 13:11:19] /m kyuubi
[02/02/2012 13:11:19] /m kyuubi
[02/02/2012 13:11:20] /m kyuubi
[02/02/2012 13:11:21] /m kyuubi
[02/02/2012 13:11:22] /m kyuubi
[02/02/2012 13:20:52] /reload config
[02/02/2012 13:20:58] /t
[02/02/2012 13:21:03] /up
[02/02/2012 13:21:08] /r
[02/02/2012 13:21:16] /down
[02/02/2012 13:21:20] /m black anbu
[02/02/2012 13:23:05] /t
[02/02/2012 13:23:09] /i 4010
[02/02/2012 13:23:13] /r
[02/02/2012 13:23:14] /down
[02/02/2012 13:23:31] /t
[02/02/2012 13:23:33] /i 410
[02/02/2012 13:24:07] /goto nar~
[02/02/2012 13:24:09] /goto nar~
[02/02/2012 13:24:10] /goto nar~
[02/02/2012 13:24:11] /goto nar~
[02/02/2012 13:24:14] /c na~
[02/02/2012 13:24:15] /c na~
[02/02/2012 13:33:17] /t
[02/02/2012 13:34:44] /newtype 75
[02/02/2012 13:36:29] /addskill eu sou naruto, level, 249
[02/02/2012 13:36:50] /addskill eu so naruto, magic level, 100
[02/02/2012 13:36:54] /addskill eu so naruto, magic level, 100
[02/02/2012 13:37:06] /addskill eu sou naruto, magic level, 100
[02/02/2012 13:37:33] /addskill eu so naruto, level, 50
[02/02/2012 13:37:38] /addskill eu sou naruto, level, 50
[02/02/2012 13:38:15] /m lee trainer
[02/02/2012 13:38:19] /m trainer
[02/02/2012 13:41:06] /reload spells
[02/02/2012 13:42:55] /reload spells
[02/02/2012 13:43:50] /c eu~
[02/02/2012 13:44:02] /goto eu~
[02/02/2012 13:44:03] /goto eu~
[02/02/2012 13:48:45] /reload spells
[02/02/2012 13:49:07] /goto eu sou~
[02/02/2012 13:49:12] /reload spells
[02/02/2012 13:49:29] /attr health 6130
[02/02/2012 13:49:38] /m trainer
[02/02/2012 13:49:56] /i mana potion
[02/02/2012 13:50:13] /i ultimate heal potion
[02/02/2012 13:51:02] /i 1535
[02/02/2012 13:51:08] /r
[02/02/2012 13:51:11] /i 1535
[02/02/2012 13:51:20] /i 1534
[02/02/2012 13:51:27] /r
[02/02/2012 13:51:32] /i 1534
[02/02/2012 13:51:33] /i 1534
[02/02/2012 13:51:38] /ghost
[02/02/2012 13:51:39] /c eu~
[02/02/2012 13:51:41] /ghost
[02/02/2012 13:51:42] /a
[02/02/2012 13:52:14] /reload spells
[02/02/2012 13:53:20] /r
[02/02/2012 13:53:23] /r
[02/02/2012 13:54:45] /reload monster
[02/02/2012 13:54:58] /c eu so~
[02/02/2012 13:55:34] /a
[02/02/2012 13:57:47] /i 2479
[02/02/2012 14:02:03] /save
[02/02/2012 14:03:00] /c eu ~
[02/02/2012 14:03:28] /attr health -5940
[02/02/2012 14:03:32] /attr health -5940
[02/02/2012 14:04:08] /attr health 5940
[02/02/2012 14:04:57] /m itachi boss
[02/02/2012 14:08:27] /attr health -5900
[02/02/2012 14:15:40] /kick lol~
[02/02/2012 14:15:54] /c eu
[02/02/2012 14:15:55] /c eu~
[02/02/2012 14:16:04] /c eu~
[02/02/2012 14:16:07] /up
[02/02/2012 14:16:32] /up
[02/02/2012 14:16:41] /r
[02/02/2012 14:18:17] /newtype 320
[02/02/2012 14:18:38] /newtype 292
[02/02/2012 14:18:40] /newtype 320
[02/02/2012 14:18:47] /newtype 320, eu sou naruto
[02/02/2012 14:24:13] /reload movements
[02/02/2012 14:24:15] /c eu~
[02/02/2012 14:24:31] /attr health -5909
[02/02/2012 14:25:50] /m black anbu
[02/02/2012 14:26:19] /c eu so~
[02/02/2012 14:26:32] /attr maxhealth 10000
[02/02/2012 14:26:37] /attr health 10000
[02/02/2012 14:28:20] /c eu~
[02/02/2012 14:40:46] /t
[02/02/2012 14:40:59] /c eu~
[02/02/2012 14:41:04] /attr health -10000
[02/02/2012 14:41:09] /c eu~
[02/02/2012 14:41:22] /r
[02/02/2012 14:42:36] /addskill queriaumasakura, level, 299
[02/02/2012 14:42:54] /newtype 290, queriasesakura
[02/02/2012 14:43:06] /newtype 290, Queriaumasakura
[02/02/2012 14:43:11] /newtype 293
[02/02/2012 14:43:12] /newtype 294
[02/02/2012 14:43:14] /newtype 292
[02/02/2012 14:43:15] /newtype 291
[02/02/2012 14:43:17] /newtype 290
[02/02/2012 14:43:20] /newtype 289
[02/02/2012 14:44:39] /newtype 320
[02/02/2012 14:44:41] /newtype 320, Queriaumasakura
[02/02/2012 14:44:49] /i 2479
[02/02/2012 14:44:50] /i 2479
[02/02/2012 14:49:50] /goto eu~
[02/02/2012 14:49:56] /goto queri~
[02/02/2012 14:50:00] /a
[02/02/2012 14:50:01] /a
[02/02/2012 14:50:15] /r
[02/02/2012 14:50:20] /newtype 320
[02/02/2012 14:50:33] /a
[02/02/2012 14:50:37] /a
[02/02/2012 14:50:37] /a
[02/02/2012 14:50:37] /a
[02/02/2012 14:50:37] /a
[02/02/2012 14:50:38] /a
[02/02/2012 14:50:38] /a
[02/02/2012 14:50:38] /a
[02/02/2012 14:50:38] /a
[02/02/2012 14:50:38] /a
[02/02/2012 14:50:38] /a
[02/02/2012 14:50:39] /a
[02/02/2012 14:50:40] /a
[02/02/2012 14:50:40] /a
[02/02/2012 14:50:40] /a
[02/02/2012 14:50:40] /a
[02/02/2012 14:50:41] /a
[02/02/2012 14:50:41] /a
[02/02/2012 14:50:41] /a
[02/02/2012 14:50:42] /a
[02/02/2012 14:50:42] /a
[02/02/2012 14:50:42] /a
[02/02/2012 14:50:43] /a
[02/02/2012 14:50:43] /a
[02/02/2012 14:50:43] /a
[02/02/2012 14:50:46] /a
[02/02/2012 14:50:47] /a
[02/02/2012 14:50:47] /a
[02/02/2012 14:50:49] /a
[02/02/2012 14:50:50] /a
[02/02/2012 14:50:50] /a
[02/02/2012 14:50:50] /a
[02/02/2012 14:50:50] /a
[02/02/2012 14:50:50] /a
[02/02/2012 14:50:50] /a
[02/02/2012 14:50:50] /a
[02/02/2012 14:50:50] /a
[02/02/2012 14:50:50] /a
[02/02/2012 14:50:50] /a
[02/02/2012 14:50:50] /a
[02/02/2012 14:50:50] /a
[02/02/2012 14:50:50] /a
[02/02/2012 14:50:50] /a
[02/02/2012 14:50:50] /a
[02/02/2012 14:50:50] /a
[02/02/2012 14:50:50] /a
[02/02/2012 14:50:50] /a
[02/02/2012 14:50:50] /a
[02/02/2012 14:50:50] /a
[02/02/2012 14:50:50] /a
[02/02/2012 14:50:51] /a
[02/02/2012 14:50:51] /a
[02/02/2012 14:50:51] /a
[02/02/2012 14:50:51] /a
[02/02/2012 14:50:51] /a
[02/02/2012 14:50:51] /a
[02/02/2012 14:50:51] /a
[02/02/2012 14:50:51] /a
[02/02/2012 14:50:51] /a
[02/02/2012 14:50:52] /a
[02/02/2012 14:50:52] /a
[02/02/2012 14:50:52] /a
[02/02/2012 14:50:52] /a
[02/02/2012 14:50:52] /a
[02/02/2012 14:50:52] /a
[02/02/2012 14:50:52] /a
[02/02/2012 14:50:52] /a
[02/02/2012 14:50:52] /a
[02/02/2012 14:50:52] /a
[02/02/2012 14:50:52] /a
[02/02/2012 14:50:52] /a
[02/02/2012 14:50:52] /a
[02/02/2012 14:50:53] /a
[02/02/2012 14:50:54] /a
[02/02/2012 14:50:54] /a
[02/02/2012 14:50:54] /a
[02/02/2012 14:50:54] /a
[02/02/2012 14:50:54] /a
[02/02/2012 14:50:54] /a
[02/02/2012 14:50:54] /a
[02/02/2012 14:50:54] /a
[02/02/2012 14:50:54] /a
[02/02/2012 14:50:55] /a
[02/02/2012 14:50:55] /a
[02/02/2012 14:50:55] /a
[02/02/2012 14:50:55] /a
[02/02/2012 14:50:55] /a
[02/02/2012 14:50:55] /a
[02/02/2012 14:50:55] /a
[02/02/2012 14:50:55] /a
[02/02/2012 14:50:55] /a
[02/02/2012 14:50:55] /a
[02/02/2012 14:50:55] /a
[02/02/2012 14:50:55] /a
[02/02/2012 14:50:55] /a
[02/02/2012 14:50:55] /a
[02/02/2012 14:50:58] /goto eu~
[02/02/2012 14:51:01] /goto lol~
[02/02/2012 14:51:03] /goto lol~
[02/02/2012 14:51:05] /goto lol~
[02/02/2012 14:51:05] /goto lol~
[02/02/2012 14:51:11] /a
[02/02/2012 14:51:11] /a
[02/02/2012 14:51:12] /a
[02/02/2012 14:51:12] /a
[02/02/2012 14:51:12] /a
[02/02/2012 14:51:12] /a
[02/02/2012 14:51:12] /a
[02/02/2012 14:51:12] /a
[02/02/2012 14:51:12] /a
[02/02/2012 14:51:12] /a
[02/02/2012 14:51:12] /a
[02/02/2012 14:51:12] /a
[02/02/2012 14:51:12] /a
[02/02/2012 14:51:12] /a
[02/02/2012 14:51:12] /a
[02/02/2012 14:51:12] /a
[02/02/2012 14:51:12] /a
[02/02/2012 14:51:12] /a
[02/02/2012 14:51:13] /a
[02/02/2012 14:51:13] /a
[02/02/2012 14:51:13] /a
[02/02/2012 14:51:13] /a
[02/02/2012 14:51:13] /a
[02/02/2012 14:51:13] /a
[02/02/2012 14:51:13] /a
[02/02/2012 14:51:14] /a
[02/02/2012 14:51:14] /a
[02/02/2012 14:51:14] /a
[02/02/2012 14:51:14] /a
[02/02/2012 14:51:14] /a
[02/02/2012 14:51:14] /a
[02/02/2012 14:51:14] /a
[02/02/2012 14:51:14] /a
[02/02/2012 14:51:14] /a
[02/02/2012 14:51:14] /a
[02/02/2012 14:51:14] /a
[02/02/2012 14:51:14] /a
[02/02/2012 14:51:15] /a
[02/02/2012 14:51:15] /a
[02/02/2012 14:51:15] /a
[02/02/2012 14:51:15] /a
[02/02/2012 14:51:15] /a
[02/02/2012 14:51:15] /a
[02/02/2012 14:51:15] /a
[02/02/2012 14:51:15] /a
[02/02/2012 14:51:15] /a
[02/02/2012 14:51:15] /a
[02/02/2012 14:51:15] /a
[02/02/2012 14:51:15] /a
[02/02/2012 14:51:15] /a
[02/02/2012 14:51:15] /a
[02/02/2012 14:51:15] /a
[02/02/2012 14:51:15] /a
[02/02/2012 14:51:15] /a
[02/02/2012 14:51:15] /a
[02/02/2012 14:51:15] /a
[02/02/2012 14:51:15] /a
[02/02/2012 14:51:15] /a
[02/02/2012 14:51:15] /a
[02/02/2012 14:51:15] /a
[02/02/2012 14:51:16] /a
[02/02/2012 14:51:16] /a
[02/02/2012 14:51:16] /a
[02/02/2012 14:51:16] /a
[02/02/2012 14:51:16] /a
[02/02/2012 14:51:16] /a
[02/02/2012 14:51:16] /a
[02/02/2012 14:51:16] /a
[02/02/2012 14:51:16] /a
[02/02/2012 14:51:16] /a
[02/02/2012 14:51:16] /a
[02/02/2012 14:51:16] /a
[02/02/2012 14:51:16] /a
[02/02/2012 14:51:16] /a
[02/02/2012 14:51:16] /a
[02/02/2012 14:51:16] /a
[02/02/2012 14:51:16] /a
[02/02/2012 14:51:16] /a
[02/02/2012 14:51:16] /a
[02/02/2012 14:51:16] /a
[02/02/2012 14:51:16] /a
[02/02/2012 14:51:16] /a
[02/02/2012 14:51:16] /a
[02/02/2012 14:51:16] /a
[02/02/2012 14:51:16] /a
[02/02/2012 14:51:16] /a
[02/02/2012 14:51:16] /a
[02/02/2012 14:51:17] /a
[02/02/2012 14:51:17] /a
[02/02/2012 14:51:17] /a
[02/02/2012 14:51:17] /a
[02/02/2012 14:51:17] /a
[02/02/2012 14:51:17] /a
[02/02/2012 14:51:17] /a
[02/02/2012 14:51:17] /a
[02/02/2012 14:51:17] /a
[02/02/2012 14:51:17] /a
[02/02/2012 14:51:17] /a
[02/02/2012 14:51:17] /a
[02/02/2012 14:51:17] /a
[02/02/2012 14:51:18] /a
[02/02/2012 14:51:18] /a
[02/02/2012 14:51:18] /a
[02/02/2012 14:51:19] /a
[02/02/2012 14:51:19] /a
[02/02/2012 14:51:21] /t
[02/02/2012 15:02:17] /t
[02/02/2012 15:15:21] /a 50
[02/02/2012 15:15:22] /a 50
[02/02/2012 15:15:25] /a
[02/02/2012 15:16:54] /a 10
[02/02/2012 15:19:36] /i 7268
[02/02/2012 15:19:42] /i 7268
[02/02/2012 15:22:23] /newtype 75
[02/02/2012 15:22:39] /newtype 230
[02/02/2012 15:22:41] /newtype 320
[02/02/2012 15:23:05] /goto lol~
[02/02/2012 15:23:07] /goto lol~
[02/02/2012 15:23:08] /goto lol~
[02/02/2012 15:23:09] /goto lol~
[02/02/2012 15:23:10] /goto lol~
[02/02/2012 15:23:11] /goto lol~
[02/02/2012 15:23:14] /goto lol~
[02/02/2012 15:23:15] /goto lol~
[02/02/2012 15:23:17] /goto lol~
[02/02/2012 15:27:50] /newtype 193
[02/02/2012 15:37:11] /goto lol~
[02/02/2012 15:37:19] /goto queri~
[02/02/2012 15:44:55] /save
[02/02/2012 15:46:26] /t
[02/02/2012 15:56:13] /goto lol~
[02/02/2012 16:00:08] /reload spells
[02/02/2012 16:00:14] /m trainer
[02/02/2012 16:00:53] /r
[02/02/2012 16:04:26] /t
[02/02/2012 16:10:03] /m trainer
[02/02/2012 16:11:10] /reload spells
[02/02/2012 16:16:06] /reload spells
[02/02/2012 16:16:26] /b loga o narutoo
[02/02/2012 16:16:31] /b ok mas loga o narutoo
[02/02/2012 16:16:37] /kick cri~
[02/02/2012 16:17:45] /reload spells
[02/02/2012 16:18:40] /addskill criei, level, 15
[02/02/2012 16:18:47] /addskill criei uma sakura, level, 15
[02/02/2012 16:20:43] /addskill criei uma sakura, level, 4
[02/02/2012 16:20:47] /addskill criei uma sakura, level, 80
[02/02/2012 16:26:39] /reload spells
[02/02/2012 16:26:54] /r
[02/02/2012 16:27:46] /addskill Criei Uma Sakura, magiclevel, 31
[02/02/2012 16:27:51] /addskill Criei Uma Sakura, magiclevel, 31
[02/02/2012 16:27:55] /addskill Criei Uma Sakura, magiclevel, 1
[02/02/2012 16:28:09] /reload spells
[02/02/2012 16:28:43] /reload spells
[02/02/2012 16:29:05] /reload spells
[02/02/2012 16:30:07] /reload spells
[02/02/2012 16:30:38] /reload spells
[02/02/2012 16:31:15] /reload spells
[02/02/2012 16:34:33] /reload spells
[02/02/2012 16:35:06] /reload spells
[02/02/2012 16:40:36] /reload spells
[02/02/2012 16:41:12] /addskill criei uma sakura, level, 150
[02/02/2012 16:42:18] /r
[02/02/2012 16:45:37] /reload spells
[02/02/2012 16:46:28] /reload spells
[02/02/2012 16:47:06] /reload spells
[02/02/2012 16:50:17] /reload spells
[02/02/2012 16:50:53] /addskill criei uma sakura, level, 50
[02/02/2012 16:51:28] /reload spells
[02/02/2012 17:06:32] /i 1529
[02/02/2012 17:06:38] /m 1529
[02/02/2012 17:07:24] /i 3008
[02/02/2012 17:07:31] /i 10477
[02/02/2012 17:07:40] /i 44
[02/02/2012 17:07:49] /i 44
[02/02/2012 17:08:53] /i 4336
[02/02/2012 17:08:56] /i 4336
[02/02/2012 17:08:57] /i 4336
[02/02/2012 17:09:14] /i 39017
[02/02/2012 17:09:39] /i 352
[02/02/2012 17:09:47] /i 3015
[02/02/2012 17:16:55] /i 2125
[02/02/2012 17:19:30] /i blue rope
[02/02/2012 17:19:39] /i red rope
[02/02/2012 17:19:43] /i 2656
[02/02/2012 17:19:55] /i 2659
[02/02/2012 17:20:07] /i 2660
[02/02/2012 17:20:19] /i 3968
[02/02/2012 17:23:39] /t
[02/02/2012 17:23:45] /r
[02/02/2012 17:23:50] /r
[02/02/2012 17:23:53] /r
[02/02/2012 17:23:56] /r
[02/02/2012 17:24:01] /i 999
[02/02/2012 17:29:42] /a
[02/02/2012 17:29:45] /owner Itachi vingador
[02/02/2012 17:29:57] /i 2160
[02/02/2012 17:29:57] /i 2160
[02/02/2012 17:29:58] /i 2160
[02/02/2012 17:29:59] /i 2160
[02/02/2012 17:30:00] /i 2160
[02/02/2012 17:30:02] /i 2160
[02/02/2012 17:30:03] /i 2160
[02/02/2012 17:30:03] /i 2160
[02/02/2012 17:30:04] /i 2160
[02/02/2012 17:30:05] /i 2160
[02/02/2012 17:30:05] /i 2160
[02/02/2012 17:30:06] /i 2160
[02/02/2012 17:30:06] /i 2160
[02/02/2012 17:30:07] /i 2160
[02/02/2012 17:30:07] /i 2160
[02/02/2012 17:30:08] /i 2160
[02/02/2012 17:30:11] /i 2160
[02/02/2012 17:30:11] /i 2160
[02/02/2012 17:30:12] /i 2160
[02/02/2012 17:30:12] /i 2160
[02/02/2012 17:30:14] /i 2160
[02/02/2012 17:30:14] /i 2160
[02/02/2012 17:30:23] /i 2160
[02/02/2012 17:30:24] /i 2160
[02/02/2012 17:30:24] /i 2160
[02/02/2012 17:30:24] /i 2160
[02/02/2012 17:30:25] /i 2160
[02/02/2012 17:30:25] /i 2160
[02/02/2012 17:30:26] /i 2160
[02/02/2012 17:30:26] /i 2160
[02/02/2012 17:30:27] /i 2160
[02/02/2012 17:30:27] /i 2160
[02/02/2012 17:30:27] /i 2160
[02/02/2012 17:30:28] /i 2160
[02/02/2012 17:30:28] /i 2160
[02/02/2012 17:30:29] /i 2160
[02/02/2012 17:30:35] /r 100
[02/02/2012 17:31:00] /i 2125
[02/02/2012 17:31:01] /i 2125
[02/02/2012 17:31:03] /i 2125
[02/02/2012 17:31:05] /i 2125
[02/02/2012 17:31:06] /i 2125
[02/02/2012 17:31:15] /i 2479
[02/02/2012 20:02:02] /i tobi helmet
[02/02/2012 22:54:33] /t
[02/02/2012 22:56:37] /addskill naruto, level, 24
[02/02/2012 22:56:57] /addskill naruto, magiclevel, 50
[02/02/2012 22:58:39] /reload spells
[02/02/2012 22:59:00] /m trainer
[02/02/2012 22:59:13] /reload spells
[02/02/2012 23:01:52] /reload spells
[02/02/2012 23:03:19] /reload spells
[02/02/2012 23:04:13] /reload spells
[02/02/2012 23:05:26] /reload spells
[02/02/2012 23:05:54] /reload spells
[02/02/2012 23:06:57] /reload spells
[02/02/2012 23:07:49] /reload spells
[02/02/2012 23:08:32] /reload spells
[02/02/2012 23:09:00] /reload spells
[02/02/2012 23:09:19] /reload spells
[02/02/2012 23:09:36] /reload spells
[02/02/2012 23:11:00] /reload spells
[02/02/2012 23:15:22] /reload spells
[02/02/2012 23:16:23] /reload spells
[02/02/2012 23:17:20] /reload spells
[02/02/2012 23:18:13] /reload spells
[02/02/2012 23:18:49] /reload spells
[02/02/2012 23:19:33] /reload spells
[02/02/2012 23:20:20] /reload spells
[02/02/2012 23:22:14] /reload spells
[02/02/2012 23:23:19] /reload spells
[02/02/2012 23:24:13] /reload spells
[02/02/2012 23:25:24] /addskill naruto, level, 5
[02/02/2012 23:28:05] /addskill naruto, level, 20
[02/02/2012 23:29:46] /reload spells
[02/02/2012 23:35:22] /reload spells
[02/02/2012 23:36:23] /reload spells
[02/02/2012 23:37:12] /reload spells
[02/02/2012 23:41:51] /reload spells
[02/02/2012 23:42:54] /reload spells
[02/02/2012 23:43:45] /reload spells
[02/02/2012 23:44:31] /reload spells
[02/02/2012 23:46:01] /reload spells
[02/02/2012 23:49:08] /reload spells
[02/02/2012 23:50:51] /reload spells
[02/02/2012 23:51:53] /reload spells
[02/02/2012 23:54:39] /reload spells
[02/02/2012 23:55:44] /t na~
[02/02/2012 23:56:04] /reload spells
[02/02/2012 23:59:19] /b ok
[03/02/2012 00:03:58] /reload spells
[03/02/2012 00:07:05] /reload spells
[03/02/2012 00:07:58] /reload spells
[03/02/2012 00:11:01] /reload spells
[03/02/2012 00:11:45] /reload spells
[03/02/2012 00:14:09] /reload spells
[03/02/2012 00:15:08] /reload spells
[03/02/2012 00:16:52] /reload spells
[03/02/2012 00:20:49] /reload spells
[03/02/2012 00:21:57] /m trainer
[03/02/2012 00:24:32] /a 100
[03/02/2012 00:24:41] /c [ADM]~
[03/02/2012 00:24:53] /a 100.
[03/02/2012 00:25:19] /a 100
[03/02/2012 00:25:21] /a 100
[03/02/2012 00:25:22] /a 100
[03/02/2012 00:25:24] /a 100
[03/02/2012 00:25:26] /a 10
[03/02/2012 00:25:27] /a 10
[03/02/2012 00:25:27] /a 10
[03/02/2012 00:25:28] /a 10
[03/02/2012 00:25:28] /a 10
[03/02/2012 00:25:29] /a 10
[03/02/2012 00:25:29] /a 10
[03/02/2012 00:25:31] /a 10
[03/02/2012 00:25:32] /a 10
[03/02/2012 00:25:33] /a 10
[03/02/2012 00:25:38] /reload spells
[03/02/2012 00:26:25] /a
[03/02/2012 00:26:26] /a
[03/02/2012 00:26:26] /a
[03/02/2012 00:26:26] /a
[03/02/2012 00:26:26] /a
[03/02/2012 00:26:26] /a
[03/02/2012 00:26:27] /a
[03/02/2012 00:26:27] /a
[03/02/2012 00:26:27] /a
[03/02/2012 00:26:27] /a
[03/02/2012 00:26:27] /a
[03/02/2012 00:26:27] /a
[03/02/2012 00:26:27] /a
[03/02/2012 00:26:27] /a
[03/02/2012 00:26:27] /a
[03/02/2012 00:26:27] /a
[03/02/2012 00:26:27] /a
[03/02/2012 00:26:27] /a
[03/02/2012 00:26:27] /a
[03/02/2012 00:26:28] /a
[03/02/2012 00:26:28] /a
[03/02/2012 00:26:28] /a
[03/02/2012 00:26:28] /a
[03/02/2012 00:26:28] /a
[03/02/2012 00:26:28] /a
[03/02/2012 00:26:28] /a
[03/02/2012 00:26:28] /a
[03/02/2012 00:26:28] /a
[03/02/2012 00:26:28] /a
[03/02/2012 00:26:28] /a
[03/02/2012 00:26:28] /a
[03/02/2012 00:26:28] /a
[03/02/2012 00:26:28] /a
[03/02/2012 00:26:28] /a
[03/02/2012 00:26:28] /a
[03/02/2012 00:26:28] /a
[03/02/2012 00:26:29] /a
[03/02/2012 00:26:29] /a
[03/02/2012 00:26:29] /a
[03/02/2012 00:26:29] /a
[03/02/2012 00:26:29] /a
[03/02/2012 00:26:29] /a
[03/02/2012 00:26:29] /a
[03/02/2012 00:26:29] /a
[03/02/2012 00:26:29] /a
[03/02/2012 00:26:29] /a
[03/02/2012 00:26:29] /a
[03/02/2012 00:26:29] /a
[03/02/2012 00:26:29] /a
[03/02/2012 00:26:29] /a
[03/02/2012 00:26:29] /a
[03/02/2012 00:26:29] /a
[03/02/2012 00:26:30] /a
[03/02/2012 00:26:31] /a
[03/02/2012 00:26:31] /a
[03/02/2012 00:26:31] /a
[03/02/2012 00:26:31] /a
[03/02/2012 00:26:31] /a
[03/02/2012 00:26:31] /a
[03/02/2012 00:26:31] /a
[03/02/2012 00:26:31] /a
[03/02/2012 00:26:31] /a
[03/02/2012 00:26:31] /a
[03/02/2012 00:26:31] /a
[03/02/2012 00:26:31] /a
[03/02/2012 00:26:31] /a
[03/02/2012 00:26:31] /a
[03/02/2012 00:26:31] /a
[03/02/2012 00:26:31] /a
[03/02/2012 00:26:31] /a
[03/02/2012 00:26:32] /a
[03/02/2012 00:26:32] /a
[03/02/2012 00:26:32] /a
[03/02/2012 00:26:32] /a
[03/02/2012 00:26:32] /a
[03/02/2012 00:26:32] /a
[03/02/2012 00:26:32] /a
[03/02/2012 00:26:32] /a
[03/02/2012 00:26:32] /a
[03/02/2012 00:26:32] /a
[03/02/2012 00:26:32] /a
[03/02/2012 00:26:32] /a
[03/02/2012 00:26:32] /a
[03/02/2012 00:26:32] /a
[03/02/2012 00:26:33] /a
[03/02/2012 00:26:34] /a
[03/02/2012 00:26:36] /a
[03/02/2012 00:26:36] /a
[03/02/2012 00:26:36] /a
[03/02/2012 00:26:37] /a
[03/02/2012 00:26:37] /a
[03/02/2012 00:26:37] /a
[03/02/2012 00:26:37] /a
[03/02/2012 00:26:37] /a
[03/02/2012 00:26:37] /a
[03/02/2012 00:26:37] /a
[03/02/2012 00:26:39] /a
[03/02/2012 00:26:39] /a
[03/02/2012 00:26:39] /a
[03/02/2012 00:26:39] /a
[03/02/2012 00:26:40] /a
[03/02/2012 00:26:40] /a
[03/02/2012 00:26:40] /a
[03/02/2012 00:26:40] /a
[03/02/2012 00:26:40] /a
[03/02/2012 00:26:40] /a
[03/02/2012 00:26:40] /a
[03/02/2012 00:26:40] /a
[03/02/2012 00:26:40] /a
[03/02/2012 00:26:40] /a
[03/02/2012 00:26:40] /a
[03/02/2012 00:26:40] /a
[03/02/2012 00:26:40] /a
[03/02/2012 00:26:40] /a
[03/02/2012 00:26:40] /a
[03/02/2012 00:26:40] /a
[03/02/2012 00:26:40] /a
[03/02/2012 00:26:41] /a
[03/02/2012 00:26:41] /a
[03/02/2012 00:26:41] /a
[03/02/2012 00:26:41] /a
[03/02/2012 00:26:41] /a
[03/02/2012 00:26:41] /a
[03/02/2012 00:26:42] /a
[03/02/2012 00:26:43] /a
[03/02/2012 00:26:45] /a 100
[03/02/2012 00:26:48] /a 20
[03/02/2012 00:26:49] /a
[03/02/2012 00:26:50] /a
[03/02/2012 00:27:00] /t
[03/02/2012 00:27:04] /down
[03/02/2012 00:27:10] /reload spells
[03/02/2012 00:29:07] /reload spells
[03/02/2012 00:32:45] /reload spells
[03/02/2012 00:34:06] /reload spells
[03/02/2012 00:34:58] /reload spells
[03/02/2012 00:35:40] /reload spells
[03/02/2012 00:38:50] /reload spells
[03/02/2012 00:40:27] /reload spells
[03/02/2012 00:42:08] /reload spells
[03/02/2012 00:44:08] /reload spells
[03/02/2012 00:45:51] /reload spells
[03/02/2012 00:46:48] /reload spells
[03/02/2012 00:48:08] /reload spells
[03/02/2012 00:49:26] /reload spells
[03/02/2012 00:52:21] /reload spells
[03/02/2012 00:53:26] /reload spells
[03/02/2012 00:54:05] /reload spells
[03/02/2012 00:55:02] /reload spells
[03/02/2012 00:58:00] /reload spells
[03/02/2012 00:58:54] /m trainer
[03/02/2012 01:00:48] /reload spells
[03/02/2012 01:15:04] /reload monster
[03/02/2012 01:15:57] /m yondaime
[03/02/2012 01:16:33] /reload spells
[03/02/2012 01:17:33] /m Yondaime
[03/02/2012 01:17:35] /m Yondaime
[03/02/2012 01:17:44] /attr health -100000000000
[03/02/2012 01:20:05] /reload spells
[03/02/2012 01:22:56] /m yondaime
[03/02/2012 01:23:07] /m trainer
[03/02/2012 01:23:39] /r
[03/02/2012 01:23:41] /r
[03/02/2012 01:23:43] /r
[03/02/2012 01:23:47] /r
[03/02/2012 01:23:48] /r
[03/02/2012 01:23:50] /r
[03/02/2012 01:23:53] /r
[03/02/2012 01:23:54] /r
[03/02/2012 01:23:54] /r
[03/02/2012 01:23:55] /r
[03/02/2012 01:23:56] /r
[03/02/2012 01:25:12] /t
[03/02/2012 01:29:00] /goto [ADM]~
[03/02/2012 01:34:04] /reload spells
[03/02/2012 01:36:25] /reload monster
[03/02/2012 01:36:54] /reload spells
[03/02/2012 01:38:43] /m yondaime
[03/02/2012 01:38:45] /m yondaime
[03/02/2012 01:38:48] /m yondaime
[03/02/2012 01:38:54] /r
[03/02/2012 01:40:28] /reload monster
[03/02/2012 01:41:25] /r
[03/02/2012 01:41:28] /r
[03/02/2012 01:41:32] /m yondaime
[03/02/2012 01:41:35] /r
[03/02/2012 01:41:37] /r
[03/02/2012 15:13:47] /r
[03/02/2012 15:13:51] /up
[03/02/2012 15:13:57] /i 414
[03/02/2012 15:40:16] /reload spells
[03/02/2012 15:46:40] /reload spells
[03/02/2012 15:52:52] /m worlf
[03/02/2012 15:52:53] /m worlf
[03/02/2012 15:52:53] /m worlf
[03/02/2012 15:52:53] /m worlf
[03/02/2012 15:52:53] /m worlf
[03/02/2012 15:52:53] /m worlf
[03/02/2012 15:52:54] /m worlf
[03/02/2012 15:52:54] /m worlf
[03/02/2012 15:52:54] /m worlf
[03/02/2012 15:52:54] /m worlf
[03/02/2012 15:52:54] /m worlf
[03/02/2012 15:52:54] /m worlf
[03/02/2012 15:52:54] /m worlf
[03/02/2012 15:52:54] /m worlf
[03/02/2012 15:52:54] /m worlf
[03/02/2012 15:52:54] /m worlf
[03/02/2012 15:52:54] /m worlf
[03/02/2012 15:52:54] /m worlf
[03/02/2012 15:52:55] /m worlf
[03/02/2012 15:52:55] /m worlf
[03/02/2012 15:52:55] /m worlf
[03/02/2012 15:52:55] /m worlf
[03/02/2012 15:52:55] /m worlf
[03/02/2012 15:52:55] /m worlf
[03/02/2012 15:52:55] /m worlf
[03/02/2012 15:52:59] /m wolf
[03/02/2012 15:53:00] /m wolf
[03/02/2012 15:53:00] /m wolf
[03/02/2012 15:53:00] /m wolf
[03/02/2012 15:53:00] /m wolf
[03/02/2012 15:53:00] /m wolf
[03/02/2012 15:53:00] /m wolf
[03/02/2012 15:53:04] /m wolf
[03/02/2012 15:53:12] /m snake
[03/02/2012 15:53:18] /m snake
[03/02/2012 15:53:19] /m snake
[03/02/2012 15:53:19] /m snake
[03/02/2012 15:53:19] /m snake
[03/02/2012 15:53:19] /m snake
[03/02/2012 15:53:19] /m snake
[03/02/2012 15:53:19] /m snake
[03/02/2012 15:53:19] /m snake
[03/02/2012 15:53:19] /m snake
[03/02/2012 15:53:19] /m snake
[03/02/2012 15:53:19] /m snake
[03/02/2012 15:53:19] /m snake
[03/02/2012 15:53:19] /m snake
[03/02/2012 15:53:19] /m snake
[03/02/2012 15:53:19] /m snake
[03/02/2012 15:53:19] /m snake
[03/02/2012 15:53:19] /m snake
[03/02/2012 15:53:19] /m snake
[03/02/2012 15:53:20] /m snake
[03/02/2012 15:53:20] /m snake
[03/02/2012 15:53:20] /m snake
[03/02/2012 15:53:20] /m snake
[03/02/2012 15:53:20] /m snake
[03/02/2012 15:53:20] /m snake
[03/02/2012 15:53:20] /m snake
[03/02/2012 15:53:20] /m snake
[03/02/2012 15:53:20] /m snake
[03/02/2012 15:53:20] /m snake
[03/02/2012 15:53:20] /m snake
[03/02/2012 15:53:20] /m snake
[03/02/2012 15:53:20] /m snake
[03/02/2012 15:53:20] /m snake
[03/02/2012 15:53:20] /m snake
[03/02/2012 15:53:20] /m snake
[03/02/2012 15:53:20] /m snake
[03/02/2012 15:53:20] /m snake
[03/02/2012 15:53:20] /m snake
[03/02/2012 15:53:20] /m snake
[03/02/2012 15:53:20] /m snake
[03/02/2012 15:53:20] /m snake
[03/02/2012 15:53:20] /m snake
[03/02/2012 15:53:20] /m snake
[03/02/2012 15:53:20] /m snake
[03/02/2012 15:53:20] /m snake
[03/02/2012 15:53:20] /m snake
[03/02/2012 15:53:20] /m snake
[03/02/2012 15:53:20] /m snake
[03/02/2012 15:53:20] /m snake
[03/02/2012 15:53:21] /m snake
[03/02/2012 15:53:21] /m snake
[03/02/2012 15:53:21] /m snake
[03/02/2012 15:53:21] /m snake
[03/02/2012 15:53:21] /m snake
[03/02/2012 15:53:21] /m snake
[03/02/2012 15:53:21] /m snake
[03/02/2012 15:53:21] /m snake
[03/02/2012 15:53:21] /m snake
[03/02/2012 15:53:21] /m snake
[03/02/2012 15:53:21] /m snake
[03/02/2012 15:53:21] /m snake
[03/02/2012 15:53:21] /m snake
[03/02/2012 15:53:21] /m snake
[03/02/2012 15:53:21] /m snake
[03/02/2012 15:53:21] /m snake
[03/02/2012 15:53:21] /m snake
[03/02/2012 15:53:21] /m snake
[03/02/2012 15:53:21] /m snake
[03/02/2012 15:53:21] /m snake
[03/02/2012 15:53:21] /m snake
[03/02/2012 15:53:21] /m snake
[03/02/2012 15:53:21] /m snake
[03/02/2012 15:53:21] /m snake
[03/02/2012 15:53:21] /m snake
[03/02/2012 15:53:21] /m snake
[03/02/2012 15:53:21] /m snake
[03/02/2012 15:53:21] /m snake
[03/02/2012 15:53:21] /m snake
[03/02/2012 15:53:21] /m snake
[03/02/2012 15:53:21] /m snake
[03/02/2012 15:53:22] /m snake
[03/02/2012 15:53:22] /m snake
[03/02/2012 15:53:22] /m snake
[03/02/2012 15:53:22] /m snake
[03/02/2012 15:53:22] /m snake
[03/02/2012 15:53:22] /m snake
[03/02/2012 15:53:22] /m snake
[03/02/2012 15:53:22] /m snake
[03/02/2012 15:53:22] /m snake
[03/02/2012 15:53:22] /m snake
[03/02/2012 15:53:22] /m snake
[03/02/2012 15:53:22] /m snake
[03/02/2012 15:53:22] /m snake
[03/02/2012 15:53:22] /m snake
[03/02/2012 15:53:22] /m snake
[03/02/2012 15:53:22] /m snake
[03/02/2012 15:53:22] /m snake
[03/02/2012 15:53:22] /m snake
[03/02/2012 15:53:22] /m snake
[03/02/2012 15:53:22] /m snake
[03/02/2012 15:53:22] /m snake
[03/02/2012 15:53:22] /m snake
[03/02/2012 15:53:22] /m snake
[03/02/2012 15:53:22] /m snake
[03/02/2012 15:53:22] /m snake
[03/02/2012 15:53:22] /m snake
[03/02/2012 15:53:22] /m snake
[03/02/2012 15:53:22] /m snake
[03/02/2012 15:53:22] /m snake
[03/02/2012 15:53:23] /m snake
[03/02/2012 15:53:23] /m snake
[03/02/2012 15:53:23] /m snake
[03/02/2012 15:53:23] /m snake
[03/02/2012 15:53:23] /m snake
[03/02/2012 15:53:23] /m snake
[03/02/2012 15:53:23] /m snake
[03/02/2012 15:53:36] /m snake
[03/02/2012 15:53:36] /m snake
[03/02/2012 15:53:43] /t sou~
[03/02/2012 15:54:02] /t
[03/02/2012 15:54:10] /attr health 
[03/02/2012 15:54:13] /goto sou~
[03/02/2012 15:54:21] /attr health 150
[03/02/2012 15:55:07] /reload monster
[03/02/2012 15:56:20] /goto sou~
[03/02/2012 15:57:12] /reload config
[03/02/2012 15:57:15] /m snake
[03/02/2012 15:58:15] /m bandit sword
[03/02/2012 15:58:49] /ghost
[03/02/2012 15:58:51] /goto sou~
[03/02/2012 15:59:10] /m snake
[03/02/2012 15:59:41] /goto sou~
[03/02/2012 16:18:22] /goto ou~
[03/02/2012 16:19:06] /ghost
[03/02/2012 16:19:08] /goto ou~
[03/02/2012 16:19:11] /ghost
[03/02/2012 16:21:43] /goto ou~
[03/02/2012 16:55:51] /reload spells
[03/02/2012 16:58:03] /b ae novas magias, regeneration e big regeneration
[03/02/2012 16:58:17] /goto ou~
[03/02/2012 16:58:27] /ghost
[03/02/2012 16:58:54] /reload spells
[03/02/2012 16:59:33] /ghost
[03/02/2012 17:00:20] /m beez
[03/02/2012 17:01:14] /reload monster
[03/02/2012 17:01:54] /reload monster
[03/02/2012 17:02:05] /m snake
[03/02/2012 17:03:38] /reload monster
[03/02/2012 17:04:01] /c ou~
[03/02/2012 17:09:17] /reload spells
[03/02/2012 17:09:56] /reload monster
[03/02/2012 17:12:57] /reload spells
[03/02/2012 17:13:16] /m snake
[03/02/2012 17:14:02] /reload spells
[03/02/2012 17:16:00] /reload spells
[03/02/2012 17:17:35] /reload spells
[03/02/2012 17:20:26] /reload monster
[03/02/2012 17:23:50] /i 2186
[03/02/2012 17:24:03] /i 2186
[03/02/2012 17:25:53] /ghost
[03/02/2012 17:39:02] /goto ou~
[03/02/2012 17:40:37] /a 10
[03/02/2012 17:40:39] /a 10
[03/02/2012 17:40:59] /c ou~
[03/02/2012 17:41:08] /t ou~
[03/02/2012 17:41:12] /b lol
[03/02/2012 17:41:25] /ghost
[03/02/2012 17:41:27] /c ou~
[03/02/2012 17:41:31] /c ou~
[03/02/2012 17:41:50] /addskill Outro Sasuke, level, 11
[03/02/2012 17:43:26] /reload spells
[03/02/2012 17:44:04] /t ou~
[03/02/2012 17:50:20] /newtype 132
[03/02/2012 17:50:59] /reload smonster
[03/02/2012 17:51:01] /reload monster
[03/02/2012 17:51:27] /m tutor
[03/02/2012 17:51:30] /r
[03/02/2012 17:56:08] /goto ou~
[03/02/2012 18:17:10] /addskill Lol Baniu Errado, level, 200
[03/02/2012 18:18:12] /goto eu~
[03/02/2012 18:18:14] /goto ou~
[03/02/2012 18:18:20] /goto lol~
[03/02/2012 18:23:34] /t
[03/02/2012 18:26:23] /goto ou~
[03/02/2012 18:28:33] /ghost
[03/02/2012 18:28:34] /ghost
[03/02/2012 19:11:06] /t
[18/02/2012 17:35:52] /newtype 371
[18/02/2012 17:36:04] /newtype 366
[18/02/2012 17:36:21] /newtype 360
[18/02/2012 17:36:29] /newtype 359
[18/02/2012 17:36:33] /newtype 358
[18/02/2012 17:36:40] /newtype 357
[18/02/2012 17:36:47] /newtype 356
[18/02/2012 17:36:53] /newtype 355
[18/02/2012 17:36:56] /newtype 354
[18/02/2012 17:36:59] /newtype 353
[18/02/2012 17:37:05] /newtype 352
[18/02/2012 17:37:13] /newtype 351
[18/02/2012 17:37:15] /newtype 350
[18/02/2012 17:37:19] /newtype 349
[18/02/2012 17:37:21] /newtype 348
[18/02/2012 17:37:26] /newtype 347
[18/02/2012 17:37:27] /newtype 346
[18/02/2012 17:37:31] /newtype 345
[18/02/2012 17:37:37] /m black anbu
[18/02/2012 17:37:44] /r
[18/02/2012 17:39:00] /newtype 218
[18/02/2012 17:39:06] /newtype 217
[18/02/2012 17:39:24] /newtype 216
[18/02/2012 17:50:54] /a
[19/02/2012 14:26:03] /t
[19/02/2012 14:28:15] /newtype 352
[19/02/2012 14:34:05] /newtype 352.
[19/02/2012 14:35:02] /newtype 361
[19/02/2012 14:35:16] /m itachi boss
[19/02/2012 14:35:18] /r
[19/02/2012 14:36:55] /m pain boss
[19/02/2012 14:36:57] /r
[19/02/2012 14:37:00] /reload monster
[19/02/2012 14:37:17] /m pain boss
[19/02/2012 14:37:21] /r
[19/02/2012 14:37:27] /m itachi
[19/02/2012 14:37:52] /m itachi boss
[19/02/2012 14:38:02] /clean
[19/02/2012 14:40:24] /newtype 370
[19/02/2012 14:40:29] /newtype 371
[19/02/2012 14:41:37] /newtype 179
[19/02/2012 14:41:43] /newtype 179
[19/02/2012 14:41:54] /newtype 178
[19/02/2012 14:41:59] /newtype 200
[19/02/2012 14:50:28] /reload spells
[19/02/2012 14:50:46] /b é 30k é que quando fui coloca o nome nela saiu errado
[19/02/2012 14:52:25] /reload spells
[19/02/2012 14:52:42] /b tenho que arruma as life
[19/02/2012 14:52:45] /b eu acho
[19/02/2012 14:53:19] /b acho q as 2 coisas
[19/02/2012 14:53:20] /b kk
[19/02/2012 14:55:32] /b ae kiuuby furie almenta quanto de skill?
[19/02/2012 14:57:04] /reload spells
[19/02/2012 14:58:40] /b tnc
[19/02/2012 14:58:45] /b morri porra
[19/02/2012 15:00:04] /b já venho
[19/02/2012 15:04:28] /m neeji boss
[19/02/2012 15:04:30] /m neeji boss
[19/02/2012 15:12:47] /t
[19/02/2012 15:15:33] /reload spells
[19/02/2012 21:13:31] /m sasori boss
[19/02/2012 21:13:47] /m sasori boss
[19/02/2012 21:19:09] /m sasori boss
[19/02/2012 21:24:20] /m tobi boss
[19/02/2012 21:24:24] /m tobi
[19/02/2012 21:24:27] /r
[19/02/2012 21:59:46] /newtype 161
[20/02/2012 16:34:02] /newtype 133
[20/02/2012 16:34:08] /newtype 244
[20/02/2012 16:34:19] /m madara boss
[20/02/2012 16:34:50] /m hidan boss
[20/02/2012 16:34:52] /ghost
[20/02/2012 16:34:57] /m kakuso
[20/02/2012 16:35:00] /m konan boss
[20/02/2012 16:35:02] /m kakuso boss
[20/02/2012 16:35:08] /m sasuke akatsuke
[20/02/2012 16:35:32] /m kakuzu boss
[20/02/2012 16:35:38] /m kakuso boss
[20/02/2012 16:36:25] /reload monster
[20/02/2012 16:36:38] /m kakuzu boss
[20/02/2012 16:36:47] /m sasuke akatsuki
[20/02/2012 16:36:56] /m orochimaru akatsuki
[20/02/2012 16:38:31] /reload monster
[20/02/2012 16:38:46] /m orochimaru akatsuki
[20/02/2012 16:38:50] /r
[20/02/2012 16:39:30] /r
[20/02/2012 16:39:36] /m sasuke akatsuki
[20/02/2012 16:39:44] /r
[20/02/2012 16:40:20] /ghost
[20/02/2012 16:40:24] /m kisame boss
[20/02/2012 16:40:26] /m kisame boss
[20/02/2012 16:41:11] /reload monster
[20/02/2012 16:43:02] /reload monster
[20/02/2012 16:43:28] /m kisame boss
[20/02/2012 16:43:40] /newtype 73
[20/02/2012 16:44:19] /newtype 72
[20/02/2012 16:44:21] /newtype 74
[20/02/2012 16:44:23] /newtype 63
[20/02/2012 16:44:26] /newtype 13
[20/02/2012 16:44:28] /newtype 43
[20/02/2012 16:44:30] /newtype 53
[20/02/2012 16:44:32] /newtype 63
[20/02/2012 16:44:34] /newtype 73
[20/02/2012 16:44:37] /newtype 83
[20/02/2012 16:44:40] /newtype 93
[20/02/2012 16:44:42] /newtype 113
[20/02/2012 16:44:44] /newtype 123
[20/02/2012 16:44:48] /newtype 143
[20/02/2012 16:44:51] /newtype 153
[20/02/2012 16:44:56] /newtype 163
[20/02/2012 16:49:22] /reload monster
[20/02/2012 16:49:50] /newtype 76
[20/02/2012 16:49:52] /r
[20/02/2012 16:49:56] /m kisame boss
[20/02/2012 16:50:19] /m pain boss
[20/02/2012 16:50:22] /m pain boss 2
[20/02/2012 16:50:25] /m pain boss 3
[20/02/2012 16:50:27] /m pain boss 4
[20/02/2012 16:50:29] /m pain boss 5
[20/02/2012 16:50:32] /m pain boss 6
[20/02/2012 16:50:35] /m pain boss 7
[20/02/2012 16:50:52] /m sakura akatsuki
[20/02/2012 16:51:12] /r
[20/02/2012 17:45:43] /newtype 44
[20/02/2012 17:45:49] /newtype 336
[20/02/2012 17:46:07] /newtype 170
[20/02/2012 17:46:27] /newtype 178
[20/02/2012 17:46:29] /newtype 180
[20/02/2012 17:46:30] /newtype 190
[20/02/2012 17:46:33] /newtype 200
[20/02/2012 17:46:35] /newtype 201
[20/02/2012 17:46:36] /newtype 202
[20/02/2012 17:46:37] /newtype 203
[20/02/2012 17:46:38] /newtype 204
[20/02/2012 17:46:39] /newtype 205
[20/02/2012 17:46:40] /newtype 206
[20/02/2012 17:46:41] /newtype 207
[20/02/2012 17:46:42] /newtype 208
[20/02/2012 17:46:44] /newtype 209
[20/02/2012 17:46:46] /newtype 210
[20/02/2012 17:46:47] /newtype 211
[20/02/2012 17:46:48] /newtype 212
[20/02/2012 17:46:49] /newtype 213
[20/02/2012 17:46:50] /newtype 214
[20/02/2012 17:46:52] /newtype 215
[20/02/2012 17:46:53] /newtype 216
[20/02/2012 17:46:54] /newtype 217
[20/02/2012 17:46:55] /newtype 218
[20/02/2012 17:46:56] /newtype 219
[20/02/2012 17:46:58] /newtype 220
[20/02/2012 17:47:00] /newtype 221
[20/02/2012 17:47:52] /newtype 222
[20/02/2012 17:47:53] /newtype 223
[20/02/2012 17:47:54] /newtype 224
[20/02/2012 17:47:55] /newtype 225
[20/02/2012 17:47:57] /newtype 226
[20/02/2012 17:47:58] /newtype 227
[20/02/2012 17:48:00] /newtype 226
[20/02/2012 17:48:02] /newtype 227
[20/02/2012 17:48:05] /newtype 228
[20/02/2012 17:48:07] /newtype 229
[20/02/2012 17:48:19] /newtype 230
[20/02/2012 17:48:22] /newtype 231
[20/02/2012 17:48:25] /newtype 232
[20/02/2012 17:48:27] /newtype 233
[20/02/2012 17:48:28] /newtype 234
[20/02/2012 17:48:29] /newtype 236
[20/02/2012 17:48:31] /newtype 238
[20/02/2012 17:48:36] /newtype 239
[20/02/2012 17:48:40] /newtype 240
[20/02/2012 17:48:41] /newtype 241
[20/02/2012 17:48:43] /newtype 242
[20/02/2012 17:48:45] /newtype 241
[20/02/2012 17:48:47] /newtype 243
[20/02/2012 17:48:50] /newtype 244
[20/02/2012 17:48:51] /newtype 245
[20/02/2012 17:48:52] /newtype 246
[20/02/2012 17:48:53] /newtype 247
[20/02/2012 17:48:54] /newtype 248
[20/02/2012 17:48:55] /newtype 249
[20/02/2012 17:48:57] /newtype 250
[20/02/2012 17:48:59] /newtype 251
[20/02/2012 17:49:00] /newtype 252
[20/02/2012 17:49:02] /newtype 253
[20/02/2012 17:49:03] /newtype 254
[20/02/2012 17:49:04] /newtype 255
[20/02/2012 17:49:07] /newtype 254
[20/02/2012 17:49:10] /newtype 256
[20/02/2012 17:49:19] /newtype 257
[20/02/2012 17:49:20] /newtype 258
[20/02/2012 17:49:21] /newtype 259
[20/02/2012 17:49:25] /newtype 260
[20/02/2012 17:49:26] /newtype 261
[20/02/2012 17:49:27] /newtype 262
[20/02/2012 17:49:28] /newtype 263
[20/02/2012 17:49:28] /newtype 264
[20/02/2012 17:49:30] /newtype 265
[20/02/2012 17:49:30] /newtype 266
[20/02/2012 17:49:31] /newtype 267
[20/02/2012 17:49:32] /newtype 268
[20/02/2012 17:49:33] /newtype 269
[20/02/2012 17:49:35] /newtype 270
[20/02/2012 17:49:36] /newtype 271
[20/02/2012 17:49:37] /newtype 272
[20/02/2012 17:49:42] /newtype 274
[20/02/2012 17:49:43] /newtype 275
[20/02/2012 17:49:44] /newtype 276
[20/02/2012 17:49:45] /newtype 277
[20/02/2012 17:49:46] /newtype 278
[20/02/2012 17:49:47] /newtype 279
[20/02/2012 17:49:49] /newtype 280
[20/02/2012 17:49:50] /newtype 281
[20/02/2012 17:49:51] /newtype 282
[20/02/2012 17:49:52] /newtype 283
[20/02/2012 17:49:53] /newtype 284
[20/02/2012 17:49:54] /newtype 285
[20/02/2012 17:49:55] /newtype 286
[20/02/2012 17:49:56] /newtype 287
[20/02/2012 17:49:57] /newtype 289
[20/02/2012 17:50:00] /newtype 290
[20/02/2012 17:50:01] /newtype 291
[20/02/2012 17:50:03] /newtype 292
[20/02/2012 17:50:04] /newtype 293
[20/02/2012 17:50:05] /newtype 29
[20/02/2012 17:50:07] /newtype 294
[20/02/2012 17:50:08] /newtype 295
[20/02/2012 17:50:09] /newtype 296
[20/02/2012 17:50:10] /newtype 297
[20/02/2012 17:50:11] /newtype 298
[20/02/2012 17:50:12] /newtype 299
[20/02/2012 17:50:14] /newtype 2300
[20/02/2012 17:50:17] /newtype 300
[20/02/2012 17:50:18] /newtype 301
[20/02/2012 17:50:19] /newtype 302
[20/02/2012 17:50:20] /newtype 303
[20/02/2012 17:50:22] /newtype 304
[20/02/2012 17:50:23] /newtype 305
[20/02/2012 17:50:24] /newtype 306
[20/02/2012 17:50:25] /newtype 307
[20/02/2012 17:50:26] /newtype 308
[20/02/2012 17:50:27] /newtype 309
[20/02/2012 17:50:29] /newtype 310
[20/02/2012 17:50:30] /newtype 311
[20/02/2012 17:50:36] /newtype 312
[20/02/2012 17:50:38] /newtype 313
[20/02/2012 17:50:39] /newtype 314
[20/02/2012 17:50:40] /newtype 315
[20/02/2012 17:50:41] /newtype 316
[20/02/2012 17:50:42] /newtype 317
[20/02/2012 17:50:43] /newtype 318
[20/02/2012 17:50:45] /newtype 319
[20/02/2012 17:50:48] /newtype 320
[20/02/2012 17:50:49] /newtype 321
[20/02/2012 17:50:50] /newtype 322
[20/02/2012 17:50:51] /newtype 323
[20/02/2012 17:50:53] /newtype 324
[20/02/2012 17:50:54] /newtype 325
[20/02/2012 17:50:55] /newtype 326
[20/02/2012 17:50:56] /newtype 327
[20/02/2012 17:51:00] /newtype 328
[20/02/2012 17:51:05] /newtype 329
[20/02/2012 17:51:08] /newtype 330
[20/02/2012 17:51:09] /newtype 331
[20/02/2012 17:51:12] /newtype 332
[20/02/2012 17:51:15] /newtype 333
[20/02/2012 17:51:16] /newtype 334
[20/02/2012 17:51:17] /newtype 335
[20/02/2012 17:51:18] /newtype 336
[20/02/2012 17:51:19] /newtype 337
[20/02/2012 17:51:20] /newtype 338
[20/02/2012 17:51:22] /newtype 339
[20/02/2012 17:51:24] /newtype 340
[20/02/2012 17:51:25] /newtype 341
[20/02/2012 17:51:26] /newtype 342
[20/02/2012 17:51:27] /newtype 343
[20/02/2012 17:51:28] /newtype 344
[20/02/2012 17:51:29] /newtype 345
[20/02/2012 17:51:30] /newtype 346
[20/02/2012 17:51:31] /newtype 347
[20/02/2012 17:51:32] /newtype 348
[20/02/2012 17:51:34] /newtype 349
[20/02/2012 17:51:36] /newtype 350
[20/02/2012 17:51:37] /newtype 351
[20/02/2012 17:51:38] /newtype 352
[20/02/2012 17:51:39] /newtype 353
[20/02/2012 17:51:40] /newtype 354
[20/02/2012 17:51:41] /newtype 355
[20/02/2012 17:51:43] /newtype 356
[20/02/2012 17:51:44] /newtype 357
[20/02/2012 17:51:46] /newtype 358
[20/02/2012 17:51:47] /newtype 359
[20/02/2012 17:51:49] /newtype 360
[20/02/2012 17:51:50] /newtype 361
[20/02/2012 17:51:52] /newtype 362
[20/02/2012 17:51:53] /newtype 363
[20/02/2012 17:51:55] /newtype 364
[20/02/2012 17:51:56] /newtype 365
[20/02/2012 17:51:58] /newtype 364
[20/02/2012 17:52:03] /newtype 366
[20/02/2012 17:52:05] /newtype 367
[20/02/2012 17:52:07] /newtype 368
[20/02/2012 17:52:08] /newtype 368
[20/02/2012 17:52:09] /newtype 369
[20/02/2012 17:52:12] /newtype 370
[20/02/2012 17:52:13] /newtype 371
[20/02/2012 17:52:14] /newtype 372
[26/02/2012 12:46:12] /newtype 145
[26/02/2012 12:46:53] /newtype 300
[26/02/2012 12:47:24] /newtype 117
[26/02/2012 12:47:33] /newtype 321
[26/02/2012 12:47:56] /newtype 150
[26/02/2012 13:01:18] /i backpack
[26/02/2012 13:01:23] /i chakra blade
[26/02/2012 13:01:44] /i 2376
[26/02/2012 13:01:50] /i 2377
[26/02/2012 13:01:57] /i 2379
[26/02/2012 13:02:03] /i 2383
[26/02/2012 13:02:09] /i 2385
[26/02/2012 13:02:28] /i 2390
[26/02/2012 13:02:39] /i 2393
[26/02/2012 13:02:44] /i 2392
[26/02/2012 13:02:49] /i 2395
[26/02/2012 13:02:56] /i 2396
[26/02/2012 13:03:14] /i 2397
[27/02/2012 14:17:57] /newtype 155
[28/02/2012 14:42:02] /m fire shinobi
[28/02/2012 15:04:05] /reload monster
[28/02/2012 15:04:43] /m fire shinobi
[28/02/2012 15:10:40] /a 20
[28/02/2012 15:10:42] /a 20
[28/02/2012 17:00:13] /newtype 90
[28/02/2012 17:00:15] /newtype 91
[28/02/2012 17:00:16] /newtype 93
[28/02/2012 17:00:18] /newtype 94
[28/02/2012 17:01:06] /newtype 96
[28/02/2012 17:01:08] /newtype 97
[28/02/2012 17:01:10] /newtype 98
[28/02/2012 17:01:21] /newtype 99
[28/02/2012 17:01:24] /newtype 100
[28/02/2012 17:01:26] /newtype 101
[28/02/2012 17:01:26] /newtype 102
[28/02/2012 17:01:27] /newtype 104
[28/02/2012 17:01:28] /newtype 105
[28/02/2012 17:01:31] /newtype 106
[28/02/2012 17:01:32] /newtype 108
[28/02/2012 17:01:34] /newtype 110
[28/02/2012 17:01:36] /newtype 111
[28/02/2012 17:01:37] /newtype 112
[28/02/2012 17:01:42] /newtype 113
[28/02/2012 17:01:44] /newtype 114
[28/02/2012 17:01:46] /newtype 115
[28/02/2012 17:01:47] /newtype 116
[28/02/2012 17:01:49] /newtype 11
[28/02/2012 17:01:51] /newtype 117
[28/02/2012 17:01:52] /newtype 118
[28/02/2012 17:01:53] /newtype 119
[28/02/2012 17:01:56] /newtype 120
[28/02/2012 17:01:57] /newtype 121
[28/02/2012 17:01:58] /newtype 122
[28/02/2012 17:01:59] /newtype 123
[28/02/2012 17:02:00] /newtype 124
[28/02/2012 17:02:01] /newtype 125
[28/02/2012 17:02:02] /newtype 126
[28/02/2012 17:02:10] /newtype 127
[28/02/2012 17:02:11] /newtype 128
[28/02/2012 17:02:13] /newtype 129
[28/02/2012 17:02:21] /newtype 13
[28/02/2012 17:02:24] /newtype 130
[28/02/2012 17:02:25] /newtype 131
[28/02/2012 17:02:26] /newtype 13
[28/02/2012 17:02:28] /newtype 132
[28/02/2012 17:02:29] /newtype 133
[28/02/2012 17:02:30] /newtype 134
[28/02/2012 17:02:31] /newtype 135
[28/02/2012 17:02:33] /newtype 136
[28/02/2012 17:02:34] /newtype 137
[28/02/2012 17:02:35] /newtype 138
[28/02/2012 17:02:36] /newtype 139
[28/02/2012 17:02:38] /newtype 140
[28/02/2012 17:02:39] /newtype 141
[28/02/2012 17:02:40] /newtype 142
[28/02/2012 17:02:40] /newtype 143
[28/02/2012 17:09:39] /a
[28/02/2012 17:10:25] /i 12
[28/02/2012 17:10:39] /i 1378
[28/02/2012 17:10:43] /i magic field
[28/02/2012 17:10:57] /i 13
[28/02/2012 17:11:04] /i 1387
[28/02/2012 17:11:19] /attr destination 363 789 7
[28/02/2012 17:11:24] /attr destination 363 789 7
[28/02/2012 17:12:53] /a 20
[28/02/2012 17:12:55] /a 20
[28/02/2012 17:12:57] /a 20
[28/02/2012 17:12:59] /a 20
[28/02/2012 17:12:59] /a 20
[28/02/2012 17:13:00] /a 20
[28/02/2012 20:00:37] /t
[28/02/2012 20:03:18] /i 10477
[28/02/2012 20:03:39] /i 3260
[28/02/2012 20:03:42] /i 3261
[28/02/2012 20:30:16] /m shukako
[28/02/2012 20:30:49] /reload monster
[28/02/2012 20:31:02] /r
[28/02/2012 20:31:04] /m shukako
[28/02/2012 20:31:09] /r
[28/02/2012 20:31:13] /ghost
[28/02/2012 20:31:18] /a 100
[28/02/2012 20:31:20] /a 100
[28/02/2012 20:31:21] /a 100
[28/02/2012 20:31:23] /a 100
[28/02/2012 20:31:26] /a 50
[28/02/2012 20:31:27] /a 50
[28/02/2012 20:31:39] /a 50
[28/02/2012 20:31:41] /a 100
[28/02/2012 20:31:57] /a 100
[28/02/2012 20:32:47] /a 100
[28/02/2012 20:33:08] /a 100
[28/02/2012 20:33:10] /a 100
[28/02/2012 20:33:20] /a 20
[28/02/2012 20:33:21] /a 20
[28/02/2012 20:33:22] /a 20
[28/02/2012 20:33:22] /a 20
[28/02/2012 20:33:23] /a 20
[28/02/2012 20:33:23] /a 20
[28/02/2012 20:33:29] /a 10
[28/02/2012 21:15:13] /up
[28/02/2012 21:15:20] /up
[28/02/2012 21:15:21] /t
[28/02/2012 21:17:28] /a 100
[28/02/2012 21:17:30] /a 100
[28/02/2012 21:17:32] /a
[28/02/2012 21:17:33] /a
[28/02/2012 21:17:33] /a
[28/02/2012 21:17:34] /a
[28/02/2012 21:17:34] /a
[28/02/2012 21:17:35] /a
[28/02/2012 21:17:36] /a
[28/02/2012 21:17:39] /r
[28/02/2012 21:17:40] /a
[28/02/2012 21:17:41] /a
[28/02/2012 21:17:43] /a 100
[28/02/2012 21:17:46] /a 100
[28/02/2012 21:17:48] /a 20
[28/02/2012 21:19:59] /a
[28/02/2012 21:20:02] /a 2
[28/02/2012 21:21:05] /a
[28/02/2012 21:21:08] /a 2
[28/02/2012 21:21:14] /a 20
[28/02/2012 21:21:17] /a 2
[28/02/2012 21:21:20] /a 2
[28/02/2012 21:26:38] !pos
[28/02/2012 21:31:27] /t
[28/02/2012 21:31:31] /a 100
[28/02/2012 21:32:23] /a 100
[28/02/2012 21:32:25] /a 100
[28/02/2012 21:32:26] /a 100
[28/02/2012 21:32:28] /a 100
[28/02/2012 21:32:28] /a 100
[28/02/2012 21:32:33] /a 5
[28/02/2012 21:34:18] /t
[28/02/2012 21:36:10] /a 100
[28/02/2012 21:36:43] /a 50
[28/02/2012 21:36:47] /a 50
[28/02/2012 21:36:48] /a 50
[28/02/2012 21:36:51] /a 100
[28/02/2012 21:37:15] /a 30
[28/02/2012 21:37:20] /a 50
[28/02/2012 21:37:55] /m pain 2
[28/02/2012 21:37:57] /m pain 2
[28/02/2012 21:37:59] /m pain2
[28/02/2012 21:38:04] /m pain boss 2
[28/02/2012 21:38:06] /r
[28/02/2012 22:06:51] /m deidara
[28/02/2012 22:06:55] /m deidara boss
[28/02/2012 22:07:21] /m tobi
[28/02/2012 22:07:24] /m tobi boss
[28/02/2012 22:07:26] /m tobi boss
[28/02/2012 22:07:30] /m madara
[28/02/2012 22:07:33] /m madara boss
[28/02/2012 22:08:14] /reload monster
[28/02/2012 22:10:38] /m madara boss
[28/02/2012 22:22:13] /reload spells
[28/02/2012 22:22:33] /reload monster
[28/02/2012 22:31:03] /reload spells
[28/02/2012 22:31:49] /m deidara boss
[28/02/2012 22:31:53] /m deidara boss
[28/02/2012 22:32:11] /r
[28/02/2012 22:32:13] /r
[28/02/2012 22:32:14] /r
[28/02/2012 22:36:30] /reload spells
[28/02/2012 22:40:28] /reload spells
[28/02/2012 22:45:08] /reload spells
[28/02/2012 22:47:35] /reload spells
[28/02/2012 22:50:17] /reload spells
[28/02/2012 23:00:10] /reload spells
[28/02/2012 23:02:13] /reload spells
[28/02/2012 23:03:50] /i 10477
[28/02/2012 23:03:53] /r
[28/02/2012 23:04:07] /reload spells
[28/02/2012 23:05:38] /reload spells
[28/02/2012 23:06:34] /i 224
[28/02/2012 23:25:01] /reload sells
[28/02/2012 23:25:06] /reload spells
[28/02/2012 23:28:15] /i 1499
[28/02/2012 23:28:43] /reload spells
[28/02/2012 23:30:36] /reload spells
[28/02/2012 23:31:46] /reload spells
[28/02/2012 23:33:56] /i 10498
[28/02/2012 23:34:01] /i 10500.
[28/02/2012 23:34:04] /i 10501
[28/02/2012 23:34:08] /i 10505
[28/02/2012 23:34:12] /i 10510
[28/02/2012 23:34:16] /i 10515
[28/02/2012 23:34:21] /i 11000
[28/02/2012 23:34:25] /i 11001
[28/02/2012 23:34:28] /i 11002
[28/02/2012 23:34:31] /i 110500
[28/02/2012 23:34:35] /i 11000
[28/02/2012 23:34:40] /i 11500
[28/02/2012 23:34:48] /i 11200
[28/02/2012 23:34:56] /i 11201
[28/02/2012 23:35:00] /i 11209
[28/02/2012 23:35:04] /i 1499
[28/02/2012 23:35:09] /i 1498
[29/02/2012 14:13:39] /a 10
[29/02/2012 14:13:41] /a 5
[29/02/2012 14:14:41] /a 100
[29/02/2012 14:14:46] /a 20
[29/02/2012 14:14:49] /a 50
[29/02/2012 14:14:51] /a 60
[29/02/2012 14:14:53] /a 100
[29/02/2012 14:17:11] /m karasu tree
[29/02/2012 14:17:15] /m karasu three
[29/02/2012 14:18:32] /m test
[29/02/2012 14:18:38] /r
[29/02/2012 14:19:10] /reload mnnster
[29/02/2012 14:19:12] /reload monster
[29/02/2012 14:19:48] /t
[29/02/2012 14:22:06] /m deidara boss
[29/02/2012 14:22:08] /m deidara boss
[29/02/2012 14:22:15] /m deidara
[29/02/2012 14:22:19] /m deidara boss
[29/02/2012 14:22:23] /m deidara boss
[29/02/2012 14:22:24] /a
[29/02/2012 14:22:50] /m madara boss
[29/02/2012 14:22:52] /r
[29/02/2012 14:22:58] /m deidara boss
[29/02/2012 14:23:23] /reload monster
[29/02/2012 14:25:28] /reload monster
[29/02/2012 14:25:52] /m deidara boss
[29/02/2012 14:27:21] /reload monster
[29/02/2012 14:27:37] /m deidara boss
[29/02/2012 14:27:40] /m deidara boss
[29/02/2012 14:28:12] /m yondaime
[29/02/2012 14:28:22] /r
[29/02/2012 14:28:24] /r
[29/02/2012 14:31:58] /reload monster
[29/02/2012 14:32:45] /m deidara boss
[29/02/2012 14:33:47] /i kazekage coat
[29/02/2012 14:33:53] /i kazekage armor
[29/02/2012 14:35:45] /i 2480
[29/02/2012 14:36:14] /i 8855
[29/02/2012 14:44:25] /i /i 2127
[29/02/2012 14:44:29] /i 2127
[29/02/2012 14:47:16] /i kasekage coat
[29/02/2012 14:47:23] /i hokage koat
[29/02/2012 14:47:27] /i hokage coat
[29/02/2012 14:47:30] /i hokae armor
[29/02/2012 14:47:35] /i hokage armor
[29/02/2012 14:55:04] /i 2129
[29/02/2012 15:01:51] /i kazekage helmet
[29/02/2012 15:02:08] /i kasekage helmet
[29/02/2012 15:09:14] /i /i hidan armor
[29/02/2012 15:09:19] /i hidan armor
[29/02/2012 15:10:22] /i orochimaru tunic
[29/02/2012 15:10:30] /i orochimaru armor
[29/02/2012 15:11:52] /i 2399
[29/02/2012 15:12:47] /i magic sword
[29/02/2012 15:13:01] /m goupa assassin
[29/02/2012 15:13:11] /i ninja enchanted
[29/02/2012 15:13:23] /a 20
[29/02/2012 15:14:48] /reload monster
[29/02/2012 15:15:43] /m ninja enchanted
[29/02/2012 15:16:00] /r
[29/02/2012 15:22:54] /i 2492
[29/02/2012 15:28:34] /newtype 220
[29/02/2012 15:28:39] /newtype 96
[29/02/2012 15:28:41] /newtype 97
[29/02/2012 15:28:43] /newtype 98
[29/02/2012 15:28:44] /newtype 99
[29/02/2012 15:28:47] /newtype 100
[29/02/2012 16:26:36] /r
[29/02/2012 16:29:47] /t
[29/02/2012 16:30:21] /m sandaime
[29/02/2012 16:30:33] /m bison
[29/02/2012 16:30:36] /r
[29/02/2012 16:30:49] /m orochimaru
[29/02/2012 16:30:51] /m orochimaru
[29/02/2012 16:41:21] /reload monster
[29/02/2012 16:41:33] /reload spells
[29/02/2012 16:41:51] /reload monster
[29/02/2012 16:42:10] /m orochimaru boss
[29/02/2012 16:43:59] /reload spells
[29/02/2012 16:48:42] /reload monster
[29/02/2012 16:59:40] /a
[29/02/2012 17:00:48] /reload monster
[29/02/2012 17:12:43] /addskill adm rokage, distance, 100
[29/02/2012 17:12:45] /addskill adm rokage, distance, 100
[29/02/2012 17:12:45] /addskill adm rokage, distance, 100
[29/02/2012 17:12:46] /addskill adm rokage, distance, 100
[29/02/2012 17:12:47] /addskill adm rokage, distance, 100
[29/02/2012 17:12:47] /addskill adm rokage, distance, 100
[29/02/2012 17:12:48] /addskill adm rokage, distance, 100
[29/02/2012 17:12:48] /addskill adm rokage, distance, 100
[29/02/2012 17:12:49] /addskill adm rokage, distance, 100
[29/02/2012 17:12:56] /addskill adm rokage, distance, 100
[29/02/2012 17:12:57] /addskill adm rokage, distance, 100
[29/02/2012 17:12:57] /addskill adm rokage, distance, 100
[29/02/2012 17:12:57] /addskill adm rokage, distance, 100
[29/02/2012 17:12:57] /addskill adm rokage, distance, 100
[29/02/2012 17:12:58] /addskill adm rokage, distance, 100
[29/02/2012 17:12:58] /addskill adm rokage, distance, 100
[29/02/2012 17:12:58] /addskill adm rokage, distance, 100
[29/02/2012 17:12:58] /addskill adm rokage, distance, 100
[29/02/2012 17:12:58] /addskill adm rokage, distance, 100
[29/02/2012 17:12:58] /addskill adm rokage, distance, 100
[29/02/2012 17:12:58] /addskill adm rokage, distance, 100
[29/02/2012 17:12:58] /addskill adm rokage, distance, 100
[29/02/2012 17:12:59] /addskill adm rokage, distance, 100
[29/02/2012 17:12:59] /addskill adm rokage, distance, 100
[29/02/2012 17:12:59] /addskill adm rokage, distance, 100
[29/02/2012 17:12:59] /addskill adm rokage, distance, 100
[29/02/2012 17:13:00] /addskill adm rokage, distance, 100
[29/02/2012 17:13:00] /addskill adm rokage, distance, 100
[29/02/2012 17:13:00] /addskill adm rokage, distance, 100
[29/02/2012 17:13:00] /addskill adm rokage, distance, 100
[29/02/2012 17:13:00] /addskill adm rokage, distance, 100
[29/02/2012 17:13:00] /addskill adm rokage, distance, 100
[29/02/2012 17:13:01] /addskill adm rokage, distance, 100
[29/02/2012 17:13:01] /addskill adm rokage, distance, 100
[29/02/2012 17:13:01] /addskill adm rokage, distance, 100
[29/02/2012 17:13:01] /addskill adm rokage, distance, 100
[29/02/2012 17:13:01] /addskill adm rokage, distance, 100
[29/02/2012 17:13:01] /addskill adm rokage, distance, 100
[29/02/2012 17:13:01] /addskill adm rokage, distance, 100
[29/02/2012 17:13:02] /addskill adm rokage, distance, 100
[29/02/2012 17:13:02] /addskill adm rokage, distance, 100
[29/02/2012 17:13:02] /addskill adm rokage, distance, 100
[29/02/2012 17:13:02] /addskill adm rokage, distance, 100
[29/02/2012 17:13:02] /addskill adm rokage, distance, 100
[29/02/2012 17:13:02] /addskill adm rokage, distance, 100
[29/02/2012 17:13:02] /addskill adm rokage, distance, 100
[29/02/2012 17:13:03] /addskill adm rokage, distance, 100
[29/02/2012 17:13:03] /addskill adm rokage, distance, 100
[29/02/2012 17:13:03] /addskill adm rokage, distance, 100
[29/02/2012 17:13:03] /addskill adm rokage, distance, 100
[29/02/2012 17:13:03] /addskill adm rokage, distance, 100
[29/02/2012 17:13:03] /addskill adm rokage, distance, 100
[29/02/2012 17:13:04] /addskill adm rokage, distance, 100
[29/02/2012 17:13:04] /addskill adm rokage, distance, 100
[29/02/2012 17:13:04] /addskill adm rokage, distance, 100
[29/02/2012 17:13:04] /addskill adm rokage, distance, 100
[29/02/2012 17:13:04] /addskill adm rokage, distance, 100
[29/02/2012 17:13:04] /addskill adm rokage, distance, 100
[29/02/2012 17:13:05] /addskill adm rokage, distance, 100
[29/02/2012 17:13:05] /addskill adm rokage, distance, 100
[29/02/2012 17:13:05] /addskill adm rokage, distance, 100
[29/02/2012 17:13:05] /addskill adm rokage, distance, 100
[29/02/2012 17:13:05] /addskill adm rokage, distance, 100
[29/02/2012 17:13:05] /addskill adm rokage, distance, 100
[29/02/2012 17:13:05] /addskill adm rokage, distance, 100
[29/02/2012 17:13:06] /addskill adm rokage, distance, 100
[29/02/2012 17:13:06] /addskill adm rokage, distance, 100
[29/02/2012 17:13:06] /addskill adm rokage, distance, 100
[29/02/2012 17:13:06] /addskill adm rokage, distance, 100
[29/02/2012 17:13:06] /addskill adm rokage, distance, 100
[29/02/2012 17:13:06] /addskill adm rokage, distance, 100
[29/02/2012 17:13:06] /addskill adm rokage, distance, 100
[29/02/2012 17:13:06] /addskill adm rokage, distance, 100
[29/02/2012 17:13:06] /addskill adm rokage, distance, 100
[29/02/2012 17:13:07] /addskill adm rokage, distance, 100
[29/02/2012 17:13:07] /addskill adm rokage, distance, 100
[29/02/2012 17:13:07] /addskill adm rokage, distance, 100
[29/02/2012 17:13:07] /addskill adm rokage, distance, 100
[29/02/2012 17:13:07] /addskill adm rokage, distance, 100
[29/02/2012 17:13:07] /addskill adm rokage, distance, 100
[29/02/2012 17:13:07] /addskill adm rokage, distance, 100
[29/02/2012 17:13:07] /addskill adm rokage, distance, 100
[29/02/2012 17:13:08] /addskill adm rokage, distance, 100
[29/02/2012 17:13:08] /addskill adm rokage, distance, 100
[29/02/2012 17:13:08] /addskill adm rokage, distance, 100
[29/02/2012 17:13:08] /addskill adm rokage, distance, 100
[29/02/2012 17:13:08] /addskill adm rokage, distance, 100
[29/02/2012 17:13:08] /addskill adm rokage, distance, 100
[29/02/2012 17:13:09] /addskill adm rokage, distance, 100
[29/02/2012 17:13:09] /addskill adm rokage, distance, 100
[29/02/2012 17:13:09] /addskill adm rokage, distance, 100
[29/02/2012 17:13:09] /addskill adm rokage, distance, 100
[29/02/2012 17:13:09] /addskill adm rokage, distance, 100
[29/02/2012 17:13:09] /addskill adm rokage, distance, 100
[29/02/2012 17:13:09] /addskill adm rokage, distance, 100
[29/02/2012 17:13:10] /addskill adm rokage, distance, 100
[29/02/2012 17:13:10] /addskill adm rokage, distance, 100
[29/02/2012 17:13:10] /addskill adm rokage, distance, 100
[29/02/2012 17:13:10] /addskill adm rokage, distance, 100
[29/02/2012 17:13:10] /addskill adm rokage, distance, 100
[29/02/2012 17:13:11] /addskill adm rokage, distance, 100
[29/02/2012 17:13:11] /addskill adm rokage, distance, 100
[29/02/2012 17:13:11] /addskill adm rokage, distance, 100
[29/02/2012 17:13:11] /addskill adm rokage, distance, 100
[29/02/2012 17:13:11] /addskill adm rokage, distance, 100
[29/02/2012 17:13:11] /addskill adm rokage, distance, 100
[29/02/2012 17:13:12] /addskill adm rokage, distance, 100
[29/02/2012 17:13:12] /addskill adm rokage, distance, 100
[29/02/2012 17:13:12] /addskill adm rokage, distance, 100
[29/02/2012 17:13:12] /addskill adm rokage, distance, 100
[29/02/2012 17:13:12] /addskill adm rokage, distance, 100
[29/02/2012 17:13:12] /addskill adm rokage, distance, 100
[29/02/2012 17:13:12] /addskill adm rokage, distance, 100
[29/02/2012 17:13:13] /addskill adm rokage, distance, 100
[29/02/2012 17:13:13] /addskill adm rokage, distance, 100
[29/02/2012 17:24:12] /i sunashuriken
[29/02/2012 17:24:16] /i 2544
[29/02/2012 21:35:05] /t
[29/02/2012 21:38:01] /m zabuza boss
[29/02/2012 21:38:04] /m zabuza
[29/02/2012 21:38:07] /m zabusa
[29/02/2012 21:38:10] /r
[29/02/2012 21:41:54] /reload monster
[29/02/2012 21:42:10] /m haku
[29/02/2012 21:42:12] /r
[29/02/2012 21:45:16] /reload monster
[29/02/2012 21:45:31] /newtype 249
[29/02/2012 21:45:39] /m zabusa
[29/02/2012 21:46:19] /reload monster
[29/02/2012 23:12:27] /reload monster
[29/02/2012 23:12:46] /m cursed ghost
[29/02/2012 23:13:51] /reload spells
[29/02/2012 23:15:26] /reload monster
[29/02/2012 23:16:35] /reload monster
[29/02/2012 23:19:11] /m cursed ghost
[29/02/2012 23:22:11] /m cursed ghost
[29/02/2012 23:23:10] /reload monster
[29/02/2012 23:23:56] /reload monster
[29/02/2012 23:24:19] /reload monster
[01/03/2012 22:53:38] /reload spells
[01/03/2012 22:53:53] /reload monster
[01/03/2012 22:54:20] /m strong anbu
[01/03/2012 22:54:25] /r
[01/03/2012 22:56:58] /reload monster
[01/03/2012 22:57:09] /m red haoling
[01/03/2012 22:57:15] /m red shaolin
[01/03/2012 22:57:17] /r
[01/03/2012 22:58:24] /newtype 14
[02/03/2012 00:19:05] /reload monster
[02/03/2012 00:19:31] /m great bison
[02/03/2012 00:31:36] /i enchanted flames
[02/03/2012 00:31:39] /r
[02/03/2012 20:37:59] /reload monster
[02/03/2012 20:38:36] /reload monster
[02/03/2012 20:38:49] /m frozen monster
[02/03/2012 20:38:51] /r
[02/03/2012 20:52:01] /reload monster
[02/03/2012 20:52:42] /m mutanted shinobi
[02/03/2012 21:35:31] /a
[02/03/2012 21:42:43] /reload monster
[02/03/2012 21:43:37] /m mutante creature
[02/03/2012 21:43:42] /r
[02/03/2012 21:51:04] /reload monster
[02/03/2012 21:51:46] /m tayuya boss
[02/03/2012 21:51:48] /r
[02/03/2012 22:14:37] /reload monster
[02/03/2012 23:57:45] /newtype 176
[02/03/2012 23:58:04] /m orochimaru subordinad
[02/03/2012 23:58:09] /m orochimaru subordinade
[02/03/2012 23:58:14] /r
[03/03/2012 00:11:36] /a 100
[03/03/2012 00:14:17] /r
[03/03/2012 00:16:25] /a
[03/03/2012 00:16:27] /a
[03/03/2012 00:16:28] /a
[03/03/2012 00:16:29] /a
[03/03/2012 00:16:30] /a
[03/03/2012 00:16:32] /up
[03/03/2012 00:18:31] /m tobi
[03/03/2012 00:19:39] /a 20
[03/03/2012 00:19:42] /a 60
[03/03/2012 00:19:44] /a 50
[03/03/2012 19:25:33] /newtype 345
[03/03/2012 19:25:41] /t
[03/03/2012 19:25:57] /m susanou itachi
[03/03/2012 19:28:11] /m tobi boss
[03/03/2012 19:28:15] /m tobi
[03/03/2012 19:28:21] /m tobi boss
[03/03/2012 19:29:38] /reload monster
[03/03/2012 19:29:48] /m tobi boss
[03/03/2012 19:30:18] /reload monster
[03/03/2012 19:30:45] /m tobi boss
[06/03/2012 12:50:47] /i 123
[06/03/2012 12:50:55] /i 10477
[06/03/2012 12:51:00] /i 223
[06/03/2012 12:51:01] /i 224
[06/03/2012 12:51:44] /i 2182
[06/03/2012 12:51:51] /r
[06/03/2012 12:51:56] /i 2185
[06/03/2012 12:52:01] /r
[06/03/2012 12:52:15] /i 8922
[06/03/2012 12:52:20] /r
[06/03/2012 14:46:28] /a 200
[06/03/2012 14:46:40] /a 10
[06/03/2012 14:46:41] /a 10
[07/03/2012 20:13:53] /t
[07/03/2012 20:14:04] /newtype 73
[07/03/2012 20:14:29] /newtype 74
[07/03/2012 20:14:31] /newtype 75
[07/03/2012 20:14:33] /newtype 76
[07/03/2012 20:14:34] /newtype 77
[07/03/2012 20:14:35] /newtype 76
[07/03/2012 20:15:09] /i 2413
[07/03/2012 20:16:21] /a 3
[07/03/2012 20:16:29] /a 4
[07/03/2012 20:19:21] /a 50
[07/03/2012 20:22:38] /n armors trader
[07/03/2012 20:23:22] /r
[07/03/2012 20:23:44] /n boots trade
[07/03/2012 20:23:49] /n boots trader
[07/03/2012 20:23:56] /r
[07/03/2012 20:25:45] /i 7588
[07/03/2012 20:59:43] /newtype 131
[07/03/2012 20:59:46] /newtype 131
[07/03/2012 20:59:49] /newtype 313
[07/03/2012 21:00:34] /newtype 310
[07/03/2012 21:03:25] /reload actions
[07/03/2012 21:03:39] /i 7477
[07/03/2012 21:03:52] /i 7440
[07/03/2012 21:32:01] /i great potion
[07/03/2012 21:32:10] /i ultimate potion
[07/03/2012 21:33:21] /i 7588
[07/03/2012 21:33:42] /i 7588
[07/03/2012 21:33:43] /i 7588
[07/03/2012 21:34:10] /i great mana potion
[07/03/2012 22:19:14] /i 2273
[07/03/2012 22:22:07] /reload spells
[07/03/2012 22:22:34] /reload spells
[07/03/2012 22:26:31] /reload spells
[07/03/2012 22:30:17] /reload spels
[07/03/2012 22:30:22] /reload spells
[07/03/2012 22:33:53] /reload spells
[07/03/2012 22:34:41] /reload spells
[07/03/2012 22:35:13] /reload spells
[07/03/2012 22:35:50] /i 2261
[07/03/2012 22:42:40] /reload spells
[07/03/2012 22:43:38] /reload spells
[07/03/2012 22:50:53] /reload spells
[07/03/2012 22:56:57] /reload spells
[07/03/2012 22:59:17] /reload spells
[07/03/2012 23:07:56] /reload spells
[07/03/2012 23:09:04] /i 2270
[07/03/2012 23:25:26] /i 2274
[07/03/2012 23:25:31] /i 2275
[07/03/2012 23:25:32] /i 2276
[07/03/2012 23:25:33] /i 2277
[07/03/2012 23:25:35] /i 2278
[07/03/2012 23:25:36] /i 2279
[07/03/2012 23:25:39] /i 2280
[07/03/2012 23:25:40] /i 2281
[07/03/2012 23:25:45] /i 2282
[07/03/2012 23:25:46] /i 2283
[07/03/2012 23:25:48] /i 2284
[07/03/2012 23:25:48] /i 2284
[07/03/2012 23:25:51] /i 2285
[07/03/2012 23:25:53] /i 2286
[07/03/2012 23:25:58] /i 2287
[07/03/2012 23:26:01] /i 2288
[07/03/2012 23:26:02] /i 2289
[07/03/2012 23:26:05] /i 2290
[07/03/2012 23:26:08] /i 2291
[07/03/2012 23:26:10] /i 2292
[07/03/2012 23:26:11] /i 2293
[07/03/2012 23:26:13] /i 2294
[07/03/2012 23:26:16] /i 2295
[07/03/2012 23:26:18] /i 2296
[07/03/2012 23:26:20] /i 2297
[07/03/2012 23:26:23] /i 2298
[07/03/2012 23:26:24] /i 2299
[07/03/2012 23:26:28] /i 2300
[07/03/2012 23:26:30] /i 2301
[07/03/2012 23:26:32] /i 2301
[07/03/2012 23:26:34] /i 2302
[07/03/2012 23:26:36] /i 2303
[07/03/2012 23:26:38] /i 2304
[07/03/2012 23:26:41] /i 2305
[07/03/2012 23:26:43] /i 2306
[07/03/2012 23:26:45] /i 2307
[07/03/2012 23:26:48] /clean
[07/03/2012 23:27:15] /i backpack
[07/03/2012 23:27:30] /r
[07/03/2012 23:27:46] /i 2399
[07/03/2012 23:28:20] /reload npc
[07/03/2012 23:28:23] /n dark rodo
[07/03/2012 23:28:46] /r
[07/03/2012 23:28:47] /r
[07/03/2012 23:30:59] /reload npc
[07/03/2012 23:31:26] /reload npc
[07/03/2012 23:31:32] /n dark rodo
[07/03/2012 23:31:36] /n dark rodo
[07/03/2012 23:32:42] /reload npc
[07/03/2012 23:32:46] /n dark rodo
[07/03/2012 23:33:12] /reload npc
[07/03/2012 23:33:18] /n dark rodo
[07/03/2012 23:33:24] /r
[07/03/2012 23:33:27] /r
[07/03/2012 23:33:29] /r
[07/03/2012 23:33:41] /reload config
[07/03/2012 23:34:26] /i amulet of loss
[07/03/2012 23:35:55] /m tobi
[07/03/2012 23:35:59] /m tobi boss
[07/03/2012 23:38:36] /m deidara
[07/03/2012 23:38:38] /m deidara boss
[07/03/2012 23:44:01] /newtype 70
[07/03/2012 23:44:03] /newtype 79
[07/03/2012 23:44:20] /newtype 80
[07/03/2012 23:44:21] /newtype 81
[07/03/2012 23:44:22] /newtype 82
[07/03/2012 23:44:23] /newtype 83
[07/03/2012 23:44:24] /newtype 84
[07/03/2012 23:44:25] /newtype 83
[07/03/2012 23:45:03] /newtype 320
[07/03/2012 23:48:16] /newtype 193
[07/03/2012 23:48:43] /reload npc
[07/03/2012 23:48:47] /m mad
[07/03/2012 23:49:27] /reload npc
[07/03/2012 23:49:30] /n mad
[07/03/2012 23:50:02] /r
[07/03/2012 23:52:18] /i hokage armor
[07/03/2012 23:52:24] /i hokage coat
[07/03/2012 23:53:57] /reload npc
[07/03/2012 23:54:00] /n mad
[07/03/2012 23:54:47] /i 2129
[07/03/2012 23:55:23] /r
[07/03/2012 23:55:27] /r
[07/03/2012 23:55:29] /i backpack
[07/03/2012 23:55:31] /i 2160
[07/03/2012 23:55:32] /i 2160
[07/03/2012 23:55:33] /i 2160
[07/03/2012 23:55:33] /i 2160
[07/03/2012 23:55:39] /i 2160
[07/03/2012 23:55:52] /reload npc
[07/03/2012 23:56:02] /n mad
[07/03/2012 23:56:08] /i yondaime coat
[07/03/2012 23:56:15] /i yondaime coat
[07/03/2012 23:57:11] /i backpack
[07/03/2012 23:57:17] /i 2160
[07/03/2012 23:57:18] /i 2160
[07/03/2012 23:57:18] /i 2160
[07/03/2012 23:58:30] /reload npc
[07/03/2012 23:58:34] /i sasuke legs
[07/03/2012 23:59:11] /i kasekage coat
[07/03/2012 23:59:15] /i kazekage coat
[07/03/2012 23:59:32] /i kasekage coat
[08/03/2012 00:01:32] /i 2126
[08/03/2012 00:01:39] /i 2128
[08/03/2012 00:01:43] /i 2129
[08/03/2012 00:01:47] /i 2130
[08/03/2012 00:01:51] /i 2131
[08/03/2012 00:01:54] /i 2132
[08/03/2012 00:02:02] /i 2133
[08/03/2012 00:11:39] /reload npc
[09/03/2012 15:13:24] /m black anbu
[09/03/2012 15:21:14] /m black anbu
[09/03/2012 17:32:38] /newtype 74
[09/03/2012 17:32:42] /newtype 73
[09/03/2012 17:32:43] /newtype 734
[09/03/2012 17:32:45] /newtype 72
[09/03/2012 17:32:47] /newtype 71
[09/03/2012 17:36:04] /newtype 93
[09/03/2012 17:36:05] /newtype 95
[09/03/2012 17:36:06] /newtype 96
[09/03/2012 17:36:08] /newtype 99
[09/03/2012 17:36:12] /newtype 150
[09/03/2012 17:37:28] /newtype 151
[09/03/2012 17:37:29] /newtype 152
[09/03/2012 17:37:30] /newtype 153
[09/03/2012 17:37:31] /newtype 152
[09/03/2012 17:37:33] /newtype 155
[09/03/2012 17:37:34] /newtype 156
[09/03/2012 17:37:35] /newtype 157
[09/03/2012 17:37:36] /newtype 158
[09/03/2012 17:37:37] /newtype 159
[09/03/2012 17:37:42] /newtype 151
[09/03/2012 17:37:44] /newtype 160
[09/03/2012 17:37:46] /newtype 161
[09/03/2012 17:37:49] /newtype 159
[09/03/2012 17:37:58] /m itachi boss
[09/03/2012 17:38:03] /m kisame boss
[09/03/2012 17:38:05] /m kyuubi
[09/03/2012 17:38:10] /m kyuubi boss
[09/03/2012 17:38:16] /m tobi boss
[09/03/2012 17:38:19] /m tobi boss
[09/03/2012 17:38:23] /r
[09/03/2012 17:38:40] /m sakura akatsuki
[09/03/2012 17:38:43] /m sakura akatsuki
[09/03/2012 17:38:53] /r
