[09/03/2012 17:49:46] /m itachi boss
[09/03/2012 17:49:49] /m kisame boss
[09/03/2012 17:49:55] /m sakura akatsuki
[09/03/2012 17:49:58] /m tobi boss
[09/03/2012 17:50:30] /r
[09/03/2012 17:50:32] /r
[09/03/2012 17:50:33] /r
[09/03/2012 17:50:54] /i 2701
[09/03/2012 17:50:56] /i 2701
[09/03/2012 17:50:58] /i 2701
[09/03/2012 23:53:53] /newtype 150
[09/03/2012 23:53:54] /newtype 151
[09/03/2012 23:53:55] /newtype 152
[09/03/2012 23:53:57] /newtype 159
[09/03/2012 23:53:59] /newtype 160
[09/03/2012 23:54:00] /newtype 161
[09/03/2012 23:54:01] /newtype 162
[09/03/2012 23:54:04] /newtype 20
[09/03/2012 23:54:32] /newtype 75
[10/03/2012 15:52:46] /newtype 70
[10/03/2012 15:52:49] /newtype 13
[10/03/2012 15:52:51] /newtype 14
[10/03/2012 15:52:53] /newtype 16
[10/03/2012 15:52:55] /newtype 15
[10/03/2012 15:52:59] /newtype 14
[10/03/2012 15:53:55] /m human
[10/03/2012 15:53:59] /m beez
[10/03/2012 15:54:08] /ghost
[10/03/2012 15:54:23] /m bandit human
[10/03/2012 15:54:28] /m bandit sword
[10/03/2012 15:54:56] /m beez
[10/03/2012 15:54:58] /r
[10/03/2012 15:55:01] /m bison
[10/03/2012 15:55:05] /m black anbu
[10/03/2012 15:55:18] /m strong anbu
[10/03/2012 15:55:21] /r
[10/03/2012 15:55:24] /r
[10/03/2012 15:55:32] /m black snake
[10/03/2012 15:55:46] /m concentrate shinobi
[10/03/2012 15:55:50] /m elite guard
[10/03/2012 15:55:59] /m cursed ghost
[10/03/2012 15:56:10] /m fire shinobi
[10/03/2012 15:56:18] /m frozen monster
[10/03/2012 15:56:22] /r
[10/03/2012 15:56:35] /m full power
[10/03/2012 15:56:44] /m gama bunta
[10/03/2012 15:56:52] /m great bison
[10/03/2012 15:57:09] /m jinkri water
[10/03/2012 15:57:51] /r
[10/03/2012 15:57:52] /r
[10/03/2012 15:57:52] /r
[10/03/2012 15:57:54] /r
[10/03/2012 15:57:54] /r
[10/03/2012 15:57:54] /r
[10/03/2012 15:57:54] /r
[10/03/2012 15:57:58] /r
[10/03/2012 15:57:58] /r
[10/03/2012 15:57:59] /r
[10/03/2012 15:57:59] /r
[10/03/2012 15:57:59] /r
[10/03/2012 15:58:03] /r
[10/03/2012 15:58:03] /r
[10/03/2012 15:58:09] /r
[10/03/2012 15:58:10] /r
[10/03/2012 15:58:11] /r
[10/03/2012 15:58:13] /r
[10/03/2012 15:58:15] /r
[10/03/2012 15:58:16] /r
[10/03/2012 15:58:18] /r
[10/03/2012 15:58:21] /r
[10/03/2012 15:58:21] /r
[10/03/2012 15:58:22] /r
[10/03/2012 15:58:22] /r
[10/03/2012 15:58:22] /r
[10/03/2012 15:58:24] /r
[10/03/2012 15:58:26] /r
[10/03/2012 15:58:26] /r
[10/03/2012 15:58:27] /r
[10/03/2012 15:58:27] /r
[10/03/2012 15:58:30] /r
[10/03/2012 15:58:45] /m king bandit
[10/03/2012 15:58:50] /m krong ninja
[10/03/2012 15:59:02] /m mutante creature
[10/03/2012 15:59:08] /m mutante shinobi
[10/03/2012 15:59:16] /m mutanted shinobi
[10/03/2012 15:59:38] /m orochimaru subordinade
[10/03/2012 15:59:53] /m pupet one
[10/03/2012 15:59:59] /m pupet two
[10/03/2012 16:00:07] /m pupet three
[10/03/2012 16:00:13] /m pupet four
[10/03/2012 16:00:23] /m red shaolin
[10/03/2012 16:00:35] /m shaolin master
[10/03/2012 16:00:39] /m shukako
[10/03/2012 16:01:07] /m susanou itachi
[10/03/2012 16:01:10] /r
[10/03/2012 16:01:19] /m tutor
[10/03/2012 16:01:30] /m unknow
[10/03/2012 16:01:36] /r
[10/03/2012 16:01:42] /m unknow akatsuki
[10/03/2012 16:05:09] /reload spells
[10/03/2012 16:05:52] /clean
[10/03/2012 16:06:23] /m akatsuki
[10/03/2012 16:06:29] /m deidara boss
[10/03/2012 16:06:35] /m gaara boss
[10/03/2012 16:06:40] /m hidan boss
[10/03/2012 16:06:46] /m itachi boss
[10/03/2012 16:06:53] /m kakuzu boss
[10/03/2012 16:06:58] /m kisame boss
[10/03/2012 16:07:06] /m konan boss
[10/03/2012 16:07:09] /m kyuubi
[10/03/2012 16:07:47] /reload monster
[10/03/2012 16:07:56] /m kyuubi
[10/03/2012 16:08:21] /m madara boss
[10/03/2012 16:08:29] /m orochimaru akatsuki
[10/03/2012 16:08:43] /m pain boss
[10/03/2012 16:08:49] /m pain boss 2
[10/03/2012 16:08:52] /m pain boss 3
[10/03/2012 16:08:53] /m pain boss 4
[10/03/2012 16:08:58] /m pain boss 5
[10/03/2012 16:09:09] /m sakura akatsuki
[10/03/2012 16:09:24] /m sasori akat
[10/03/2012 16:09:26] /m sasori akatsuki
[10/03/2012 16:10:23] /reload spells
[10/03/2012 16:10:34] /reload monster
[10/03/2012 16:10:47] /m sasori akatsuki
[10/03/2012 16:10:51] /m sasori akat
[10/03/2012 16:10:59] /r
[10/03/2012 16:11:06] /m sasori boss
[10/03/2012 16:11:14] /m sasuke akatsuki
[10/03/2012 16:11:28] /m sasuke boss
[10/03/2012 16:11:37] /m tayuya boss
[10/03/2012 16:11:44] /m tobi boss
[10/03/2012 16:11:52] /m yondaime
[10/03/2012 20:37:23] /m orochimaru boss
