[20/06/2013 13:25:47] /addskill feared, level
[20/06/2013 13:25:48] /addskill feared, level
[20/06/2013 13:25:48] /addskill feared, level
[20/06/2013 13:25:48] /addskill feared, level
[20/06/2013 13:25:49] /addskill feared, level
[20/06/2013 13:25:49] /addskill feared, level
[20/06/2013 13:25:49] /addskill feared, level
[20/06/2013 13:25:49] /addskill feared, level
[20/06/2013 13:25:49] /addskill feared, level
[20/06/2013 13:25:49] /addskill feared, level
[20/06/2013 13:25:49] /addskill feared, level
[20/06/2013 13:25:49] /addskill feared, level
[20/06/2013 13:25:49] /addskill feared, level
[20/06/2013 13:25:50] /addskill feared, level
[20/06/2013 13:25:50] /addskill feared, level
[20/06/2013 13:25:50] /addskill feared, level
[20/06/2013 13:25:50] /addskill feared, level
[20/06/2013 13:25:50] /addskill feared, level
[20/06/2013 13:25:50] /addskill feared, level
[20/06/2013 13:25:50] /addskill feared, level
[20/06/2013 13:25:50] /addskill feared, level
[20/06/2013 13:25:50] /addskill feared, level
[20/06/2013 13:25:51] /addskill feared, level
[20/06/2013 13:25:51] /addskill feared, level
[20/06/2013 13:25:51] /addskill feared, level
[20/06/2013 13:25:51] /addskill feared, level
[20/06/2013 13:25:51] /addskill feared, level
[20/06/2013 13:25:51] /addskill feared, level
[20/06/2013 13:25:51] /addskill feared, level
[20/06/2013 13:25:52] /addskill feared, level
[20/06/2013 13:25:52] /addskill feared, level
[20/06/2013 13:25:52] /addskill feared, level
[20/06/2013 13:25:52] /addskill feared, level
[20/06/2013 13:25:52] /addskill feared, level
[20/06/2013 13:25:53] /addskill feared, level
[20/06/2013 13:25:53] /addskill feared, level
[20/06/2013 13:25:54] /addskill feared, level
[20/06/2013 13:25:54] /addskill feared, level
[20/06/2013 13:25:54] /addskill feared, level
[20/06/2013 13:25:54] /addskill feared, level
[20/06/2013 13:25:54] /addskill feared, level
[20/06/2013 13:25:55] /addskill feared, level
[20/06/2013 13:25:55] /addskill feared, level
[20/06/2013 13:25:55] /addskill feared, level
[20/06/2013 13:25:56] /addskill feared, level
[20/06/2013 13:25:56] /addskill feared, level
[20/06/2013 13:25:56] /addskill feared, level
[20/06/2013 13:25:56] /addskill feared, level
[20/06/2013 13:25:56] /addskill feared, level
[20/06/2013 13:25:56] /addskill feared, level
[20/06/2013 13:25:56] /addskill feared, level
[20/06/2013 13:25:56] /addskill feared, level
[20/06/2013 13:25:57] /addskill feared, level
[20/06/2013 13:25:57] /addskill feared, level
[20/06/2013 13:25:57] /addskill feared, level
[20/06/2013 13:25:57] /addskill feared, level
[20/06/2013 13:25:57] /addskill feared, level
[20/06/2013 13:25:57] /addskill feared, level
[20/06/2013 13:25:57] /addskill feared, level
[20/06/2013 13:25:58] /addskill feared, level
[20/06/2013 13:25:58] /addskill feared, level
[20/06/2013 13:25:58] /addskill feared, level
[20/06/2013 13:25:58] /addskill feared, level
[20/06/2013 13:25:58] /addskill feared, level
[20/06/2013 13:25:58] /addskill feared, level
[20/06/2013 13:25:59] /addskill feared, level
[20/06/2013 13:25:59] /addskill feared, level
[20/06/2013 13:25:59] /addskill feared, level
[20/06/2013 13:25:59] /addskill feared, level
[20/06/2013 13:25:59] /addskill feared, level
[20/06/2013 13:26:00] /addskill feared, level
[20/06/2013 13:26:00] /addskill feared, level
[20/06/2013 13:26:00] /addskill feared, level
[20/06/2013 13:26:00] /addskill feared, level
[20/06/2013 13:26:00] /addskill feared, level
[20/06/2013 13:26:01] /addskill feared, level
[20/06/2013 13:26:01] /addskill feared, level
[20/06/2013 13:26:03] /addskill feared, level
[20/06/2013 13:26:04] /addskill feared, level
[20/06/2013 13:26:04] /addskill feared, level
[20/06/2013 13:26:05] /addskill feared, level
[20/06/2013 13:26:05] /addskill feared, level
[20/06/2013 13:26:05] /addskill feared, level
[20/06/2013 13:26:05] /addskill feared, level
[20/06/2013 13:26:05] /addskill feared, level
[20/06/2013 13:26:06] /addskill feared, level
[20/06/2013 13:26:06] /addskill feared, level
[20/06/2013 13:26:06] /addskill feared, level
[20/06/2013 13:26:06] /addskill feared, level
[20/06/2013 13:26:06] /addskill feared, level
[20/06/2013 13:26:06] /addskill feared, level
[20/06/2013 13:26:07] /addskill feared, level
[20/06/2013 13:26:07] /addskill feared, level
[20/06/2013 13:26:07] /addskill feared, level
[20/06/2013 13:26:07] /addskill feared, level
[20/06/2013 13:26:08] /addskill feared, level
[20/06/2013 13:26:08] /addskill feared, level
[20/06/2013 13:26:08] /addskill feared, level
[20/06/2013 13:26:08] /addskill feared, level
[20/06/2013 13:26:08] /addskill feared, level
[20/06/2013 13:26:09] /addskill feared, level
[20/06/2013 13:26:09] /addskill feared, level
[20/06/2013 13:26:09] /addskill feared, level
[20/06/2013 13:26:09] /addskill feared, level
[20/06/2013 13:26:10] /addskill feared, level
[20/06/2013 13:26:10] /addskill feared, level
[20/06/2013 13:26:14] /addskill feared, level
[20/06/2013 13:26:15] /addskill feared, level
[20/06/2013 13:26:15] /addskill feared, level
[20/06/2013 13:26:15] /addskill feared, level
[20/06/2013 13:26:15] /addskill feared, level
[20/06/2013 13:26:16] /addskill feared, level
[20/06/2013 13:26:16] /addskill feared, level
[20/06/2013 13:26:16] /addskill feared, level
[20/06/2013 13:26:16] /addskill feared, level
[20/06/2013 13:26:16] /addskill feared, level
[20/06/2013 13:26:16] /addskill feared, level
[20/06/2013 13:26:17] /addskill feared, level
[20/06/2013 13:26:17] /addskill feared, level
[20/06/2013 13:26:17] /addskill feared, level
[20/06/2013 13:26:17] /addskill feared, level
[20/06/2013 13:26:17] /addskill feared, level
[20/06/2013 13:26:18] /addskill feared, level
[20/06/2013 13:26:18] /addskill feared, level
[20/06/2013 13:26:18] /addskill feared, level
[20/06/2013 13:26:18] /addskill feared, level
[20/06/2013 13:26:18] /addskill feared, level
[20/06/2013 13:26:18] /addskill feared, level
[20/06/2013 13:26:19] /addskill feared, level
[20/06/2013 13:26:19] /addskill feared, level
[20/06/2013 13:26:19] /addskill feared, level
[20/06/2013 13:26:19] /addskill feared, level
[20/06/2013 13:26:19] /addskill feared, level
[20/06/2013 13:26:19] /addskill feared, level
[20/06/2013 13:26:20] /addskill feared, level
[20/06/2013 13:26:20] /addskill feared, level
[20/06/2013 13:26:20] /addskill feared, level
[20/06/2013 13:26:20] /addskill feared, level
[20/06/2013 13:26:21] /addskill feared, level
[20/06/2013 13:26:21] /addskill feared, level
[20/06/2013 13:26:21] /addskill feared, level
[20/06/2013 13:26:21] /addskill feared, level
[20/06/2013 13:26:21] /addskill feared, level
[20/06/2013 13:26:22] /addskill feared, level
[20/06/2013 13:26:22] /addskill feared, level
[20/06/2013 13:26:22] /addskill feared, level
[20/06/2013 13:26:22] /addskill feared, level
[20/06/2013 13:26:22] /addskill feared, level
[20/06/2013 13:26:23] /addskill feared, level
[20/06/2013 13:26:23] /addskill feared, level
[20/06/2013 13:26:23] /addskill feared, level
[20/06/2013 13:26:23] /addskill feared, level
[20/06/2013 13:26:24] /addskill feared, level
[20/06/2013 13:26:24] /addskill feared, level
[20/06/2013 13:26:24] /addskill feared, level
[20/06/2013 13:26:24] /addskill feared, level
[20/06/2013 13:26:25] /addskill feared, level
[20/06/2013 13:26:25] /addskill feared, level
[20/06/2013 13:26:25] /addskill feared, level
[20/06/2013 13:26:25] /addskill feared, level
[20/06/2013 13:26:26] /addskill feared, level
[20/06/2013 13:26:26] /addskill feared, level
[20/06/2013 13:26:26] /addskill feared, level
[20/06/2013 13:26:29] /addskill feared, level
[20/06/2013 13:26:29] /addskill feared, level
[20/06/2013 13:26:29] /addskill feared, level
[20/06/2013 13:26:29] /addskill feared, level
[20/06/2013 13:26:29] /addskill feared, level
[20/06/2013 13:26:30] /addskill feared, level
[20/06/2013 13:26:30] /addskill feared, level
[20/06/2013 13:26:30] /addskill feared, level
[20/06/2013 13:26:30] /addskill feared, level
[20/06/2013 13:26:30] /addskill feared, level
[20/06/2013 13:26:31] /addskill feared, level
[20/06/2013 13:26:31] /addskill feared, level
[20/06/2013 13:26:31] /addskill feared, level
[20/06/2013 13:26:31] /addskill feared, level
[20/06/2013 13:26:31] /addskill feared, level
[20/06/2013 13:26:32] /addskill feared, level
[20/06/2013 13:26:32] /addskill feared, level
[20/06/2013 13:26:32] /addskill feared, level
[20/06/2013 13:26:32] /addskill feared, level
[20/06/2013 13:26:32] /addskill feared, level
[20/06/2013 13:26:33] /addskill feared, level
[20/06/2013 13:26:33] /addskill feared, level
[20/06/2013 13:26:33] /addskill feared, level
[20/06/2013 13:26:36] /addskill feared, level
[20/06/2013 13:26:36] /addskill feared, level
[20/06/2013 13:26:36] /addskill feared, level
[20/06/2013 13:26:36] /addskill feared, level
[20/06/2013 13:26:36] /addskill feared, level
[20/06/2013 13:26:36] /addskill feared, level
[20/06/2013 13:26:36] /addskill feared, level
[20/06/2013 13:26:37] /addskill feared, level
[20/06/2013 13:26:37] /addskill feared, level
[20/06/2013 13:26:37] /addskill feared, level
[20/06/2013 13:26:37] /addskill feared, level
[20/06/2013 13:26:37] /addskill feared, level
[20/06/2013 13:26:37] /addskill feared, level
[20/06/2013 13:26:38] /addskill feared, level
[20/06/2013 13:26:38] /addskill feared, level
[20/06/2013 13:26:38] /addskill feared, level
[20/06/2013 13:26:38] /addskill feared, level
[20/06/2013 13:26:38] /addskill feared, level
[20/06/2013 13:26:38] /addskill feared, level
[20/06/2013 13:26:38] /addskill feared, level
[20/06/2013 13:26:39] /addskill feared, level
[20/06/2013 13:26:39] /addskill feared, level
[20/06/2013 13:26:39] /addskill feared, level
[20/06/2013 13:26:39] /addskill feared, level
[20/06/2013 13:26:39] /addskill feared, level
[20/06/2013 13:26:39] /addskill feared, level
[20/06/2013 13:26:40] /addskill feared, level
[20/06/2013 13:26:40] /addskill feared, level
[20/06/2013 13:26:40] /addskill feared, level
[20/06/2013 13:26:40] /addskill feared, level
[20/06/2013 13:26:40] /addskill feared, level
[20/06/2013 13:26:41] /addskill feared, level
[20/06/2013 13:26:41] /addskill feared, level
[20/06/2013 13:26:41] /addskill feared, level
[20/06/2013 13:26:41] /addskill feared, level
[20/06/2013 13:26:41] /addskill feared, level
[20/06/2013 13:26:41] /addskill feared, level
[20/06/2013 13:26:42] /addskill feared, level
[20/06/2013 13:26:42] /addskill feared, level
[20/06/2013 13:26:42] /addskill feared, level
[20/06/2013 13:26:42] /addskill feared, level
[20/06/2013 13:26:42] /addskill feared, level
[20/06/2013 13:26:43] /addskill feared, level
[20/06/2013 13:26:43] /addskill feared, level
[20/06/2013 13:26:43] /addskill feared, level
[20/06/2013 13:26:43] /addskill feared, level
[20/06/2013 13:26:44] /addskill feared, level
[20/06/2013 13:26:44] /addskill feared, level
[20/06/2013 13:26:44] /addskill feared, level
[20/06/2013 13:26:44] /addskill feared, level
[20/06/2013 13:26:44] /addskill feared, level
[20/06/2013 13:26:44] /addskill feared, level
[20/06/2013 13:26:45] /addskill feared, level
[20/06/2013 13:26:45] /addskill feared, level
[20/06/2013 13:26:45] /addskill feared, level
[20/06/2013 13:26:45] /addskill feared, level
[20/06/2013 13:26:45] /addskill feared, level
[20/06/2013 13:26:45] /addskill feared, level
[20/06/2013 13:26:46] /addskill feared, level
[20/06/2013 13:26:46] /addskill feared, level
[20/06/2013 13:26:46] /addskill feared, level
[20/06/2013 13:26:46] /addskill feared, level
[20/06/2013 13:26:46] /addskill feared, level
[20/06/2013 13:26:47] /addskill feared, level
[20/06/2013 13:26:47] /addskill feared, level
[20/06/2013 13:26:47] /addskill feared, level
[20/06/2013 13:26:47] /addskill feared, level
[20/06/2013 13:26:48] /addskill feared, level
[20/06/2013 13:26:48] /addskill feared, level
[20/06/2013 13:26:54] /m trainer
[20/06/2013 13:30:30] /reload spells
[20/06/2013 13:31:19] /reload spells
[20/06/2013 13:31:34] /reload spells
[20/06/2013 13:32:05] /reload spells
[20/06/2013 13:33:37] /i hashirama armor
[20/06/2013 13:35:06] /reload spells
[20/06/2013 13:36:31] /reload spells
[20/06/2013 13:39:19] /reload spells
[20/06/2013 13:40:31] /reload spells
[20/06/2013 13:46:09] /i hashirama armor
[20/06/2013 13:46:28] /addskill nicks, level
[20/06/2013 13:46:28] /addskill nicks, level
[20/06/2013 13:46:29] /addskill nicks, level
[20/06/2013 13:46:29] /addskill nicks, level
[20/06/2013 13:46:29] /addskill nicks, level
[20/06/2013 13:46:29] /addskill nicks, level
[20/06/2013 13:46:29] /addskill nicks, level
[20/06/2013 13:46:29] /addskill nicks, level
[20/06/2013 13:46:29] /addskill nicks, level
[20/06/2013 13:46:30] /addskill nicks, level
[20/06/2013 13:46:30] /addskill nicks, level
[20/06/2013 13:46:30] /addskill nicks, level
[20/06/2013 13:46:30] /addskill nicks, level
[20/06/2013 13:46:30] /addskill nicks, level
[20/06/2013 13:46:30] /addskill nicks, level
[20/06/2013 13:46:31] /addskill nicks, level
[20/06/2013 13:46:31] /addskill nicks, level
[20/06/2013 13:46:31] /addskill nicks, level
[20/06/2013 13:46:31] /addskill nicks, level
[20/06/2013 13:46:31] /addskill nicks, level
[20/06/2013 13:46:31] /addskill nicks, level
[20/06/2013 13:46:32] /addskill nicks, level
[20/06/2013 13:46:32] /addskill nicks, level
[20/06/2013 13:46:32] /addskill nicks, level
[20/06/2013 13:46:32] /addskill nicks, level
[20/06/2013 13:46:32] /addskill nicks, level
[20/06/2013 13:46:32] /addskill nicks, level
[20/06/2013 13:46:32] /addskill nicks, level
[20/06/2013 13:46:32] /addskill nicks, level
[20/06/2013 13:46:33] /addskill nicks, level
[20/06/2013 13:46:33] /addskill nicks, level
[20/06/2013 13:46:33] /addskill nicks, level
[20/06/2013 13:46:33] /addskill nicks, level
[20/06/2013 13:46:33] /addskill nicks, level
[20/06/2013 13:46:33] /addskill nicks, level
[20/06/2013 13:46:33] /addskill nicks, level
[20/06/2013 13:46:34] /addskill nicks, level
[20/06/2013 13:46:34] /addskill nicks, level
[20/06/2013 13:46:34] /addskill nicks, level
[20/06/2013 13:46:34] /addskill nicks, level
[20/06/2013 13:46:34] /addskill nicks, level
[20/06/2013 13:46:34] /addskill nicks, level
[20/06/2013 13:46:34] /addskill nicks, level
[20/06/2013 13:46:35] /addskill nicks, level
[20/06/2013 13:46:35] /addskill nicks, level
[20/06/2013 13:46:35] /addskill nicks, level
[20/06/2013 13:46:35] /addskill nicks, level
[20/06/2013 13:46:35] /addskill nicks, level
[20/06/2013 13:46:35] /addskill nicks, level
[20/06/2013 13:46:36] /addskill nicks, level
[20/06/2013 13:46:36] /addskill nicks, level
[20/06/2013 13:46:37] /addskill nicks, level
[20/06/2013 13:46:37] /addskill nicks, level
[20/06/2013 13:46:37] /addskill nicks, level
[20/06/2013 13:46:37] /addskill nicks, level
[20/06/2013 13:46:37] /addskill nicks, level
[20/06/2013 13:46:38] /addskill nicks, level
[20/06/2013 13:46:38] /addskill nicks, level
[20/06/2013 13:46:38] /addskill nicks, level
[20/06/2013 13:46:38] /addskill nicks, level
[20/06/2013 13:46:38] /addskill nicks, level
[20/06/2013 13:46:38] /addskill nicks, level
[20/06/2013 13:46:39] /addskill nicks, level
[20/06/2013 13:46:39] /addskill nicks, level
[20/06/2013 13:46:39] /addskill nicks, level
[20/06/2013 13:46:39] /addskill nicks, level
[20/06/2013 13:46:39] /addskill nicks, level
[20/06/2013 13:46:39] /addskill nicks, level
[20/06/2013 13:46:40] /addskill nicks, level
[20/06/2013 13:46:40] /addskill nicks, level
[20/06/2013 13:46:40] /addskill nicks, level
[20/06/2013 13:46:40] /addskill nicks, level
[20/06/2013 13:46:41] /addskill nicks, level
[20/06/2013 13:46:41] /addskill nicks, level
[20/06/2013 13:46:41] /addskill nicks, level
[20/06/2013 13:46:41] /addskill nicks, level
[20/06/2013 13:46:42] /addskill nicks, level
[20/06/2013 13:46:42] /addskill nicks, level
[20/06/2013 13:46:42] /addskill nicks, level
[20/06/2013 13:46:42] /addskill nicks, level
[20/06/2013 13:46:42] /addskill nicks, level
[20/06/2013 13:46:43] /addskill nicks, level
[20/06/2013 13:46:43] /addskill nicks, level
[20/06/2013 13:46:43] /addskill nicks, level
[20/06/2013 13:46:43] /addskill nicks, level
[20/06/2013 13:46:43] /addskill nicks, level
[20/06/2013 13:46:44] /addskill nicks, level
[20/06/2013 13:46:44] /addskill nicks, level
[20/06/2013 13:46:44] /addskill nicks, level
[20/06/2013 13:46:44] /addskill nicks, level
[20/06/2013 13:46:45] /addskill nicks, level
[20/06/2013 13:46:45] /addskill nicks, level
[20/06/2013 13:46:45] /addskill nicks, level
[20/06/2013 13:46:46] /addskill nicks, level
[20/06/2013 13:46:46] /addskill nicks, level
[20/06/2013 13:46:46] /addskill nicks, level
[20/06/2013 13:46:46] /addskill nicks, level
[20/06/2013 13:46:47] /addskill nicks, level
[20/06/2013 13:46:47] /addskill nicks, level
[20/06/2013 13:46:47] /addskill nicks, level
[20/06/2013 13:46:47] /addskill nicks, level
[20/06/2013 13:46:48] /addskill nicks, level
[20/06/2013 13:46:48] /addskill nicks, level
[20/06/2013 13:46:48] /addskill nicks, level
[20/06/2013 13:46:49] /addskill nicks, level
[20/06/2013 13:46:49] /addskill nicks, level
[20/06/2013 13:46:49] /addskill nicks, level
[20/06/2013 13:46:49] /addskill nicks, level
[20/06/2013 13:46:49] /addskill nicks, level
[20/06/2013 13:46:49] /addskill nicks, level
[20/06/2013 13:46:49] /addskill nicks, level
[20/06/2013 13:46:50] /addskill nicks, level
[20/06/2013 13:46:50] /addskill nicks, level
[20/06/2013 13:46:50] /addskill nicks, level
[20/06/2013 13:46:50] /addskill nicks, level
[20/06/2013 13:46:50] /addskill nicks, level
[20/06/2013 13:46:50] /addskill nicks, level
[20/06/2013 13:46:50] /addskill nicks, level
[20/06/2013 13:46:50] /addskill nicks, level
[20/06/2013 13:46:50] /addskill nicks, level
[20/06/2013 13:46:51] /addskill nicks, level
[20/06/2013 13:46:51] /addskill nicks, level
[20/06/2013 13:46:51] /addskill nicks, level
[20/06/2013 13:46:51] /addskill nicks, level
[20/06/2013 13:46:51] /addskill nicks, level
[20/06/2013 13:46:51] /addskill nicks, level
[20/06/2013 13:46:51] /addskill nicks, level
[20/06/2013 13:46:52] /addskill nicks, level
[20/06/2013 13:46:52] /addskill nicks, level
[20/06/2013 13:46:52] /addskill nicks, level
[20/06/2013 13:46:52] /addskill nicks, level
[20/06/2013 13:46:52] /addskill nicks, level
[20/06/2013 13:46:52] /addskill nicks, level
[20/06/2013 13:46:52] /addskill nicks, level
[20/06/2013 13:46:52] /addskill nicks, level
[20/06/2013 13:46:53] /addskill nicks, level
[20/06/2013 13:46:53] /addskill nicks, level
[20/06/2013 13:46:53] /addskill nicks, level
[20/06/2013 13:46:53] /addskill nicks, level
[20/06/2013 13:46:53] /addskill nicks, level
[20/06/2013 13:46:53] /addskill nicks, level
[20/06/2013 13:46:53] /addskill nicks, level
[20/06/2013 13:46:54] /addskill nicks, level
[20/06/2013 13:46:54] /addskill nicks, level
[20/06/2013 13:46:54] /addskill nicks, level
[20/06/2013 13:46:54] /addskill nicks, level
[20/06/2013 13:46:54] /addskill nicks, level
[20/06/2013 13:46:54] /addskill nicks, level
[20/06/2013 13:46:55] /addskill nicks, level
[20/06/2013 13:46:55] /addskill nicks, level
[20/06/2013 13:46:55] /addskill nicks, level
[20/06/2013 13:46:55] /addskill nicks, level
[20/06/2013 13:46:55] /addskill nicks, level
[20/06/2013 13:46:55] /addskill nicks, level
[20/06/2013 13:46:56] /addskill nicks, level
[20/06/2013 13:46:56] /addskill nicks, level
[20/06/2013 13:46:56] /addskill nicks, level
[20/06/2013 13:46:56] /addskill nicks, level
[20/06/2013 13:46:56] /addskill nicks, level
[20/06/2013 13:46:57] /addskill nicks, level
[20/06/2013 13:46:57] /addskill nicks, level
[20/06/2013 13:46:57] /addskill nicks, level
[20/06/2013 13:46:57] /addskill nicks, level
[20/06/2013 13:46:58] /addskill nicks, level
[20/06/2013 13:46:58] /addskill nicks, level
[20/06/2013 13:46:58] /addskill nicks, level
[20/06/2013 13:46:59] /addskill nicks, level
[20/06/2013 13:46:59] /addskill nicks, level
[20/06/2013 13:47:00] /addskill nicks, level
[20/06/2013 13:47:00] /addskill nicks, level
[20/06/2013 13:47:01] /addskill nicks, level
[20/06/2013 13:47:01] /addskill nicks, level
[20/06/2013 13:47:01] /addskill nicks, level
[20/06/2013 13:47:02] /addskill nicks, level
[20/06/2013 13:47:02] /addskill nicks, level
[20/06/2013 13:47:02] /addskill nicks, level
[20/06/2013 13:47:02] /addskill nicks, level
[20/06/2013 13:47:02] /addskill nicks, level
[20/06/2013 13:47:03] /addskill nicks, level
[20/06/2013 13:47:03] /addskill nicks, level
[20/06/2013 13:47:03] /addskill nicks, level
[20/06/2013 13:47:03] /addskill nicks, level
[20/06/2013 13:47:03] /addskill nicks, level
[20/06/2013 13:47:03] /addskill nicks, level
[20/06/2013 13:47:03] /addskill nicks, level
[20/06/2013 13:47:04] /addskill nicks, level
[20/06/2013 13:47:04] /addskill nicks, level
[20/06/2013 13:47:04] /addskill nicks, level
[20/06/2013 13:47:04] /addskill nicks, level
[20/06/2013 13:47:04] /addskill nicks, level
[20/06/2013 13:47:04] /addskill nicks, level
[20/06/2013 13:47:05] /addskill nicks, level
[20/06/2013 13:47:05] /addskill nicks, level
[20/06/2013 13:47:05] /addskill nicks, level
[20/06/2013 13:47:05] /addskill nicks, level
[20/06/2013 13:47:05] /addskill nicks, level
[20/06/2013 13:47:05] /addskill nicks, level
[20/06/2013 13:47:05] /addskill nicks, level
[20/06/2013 13:47:05] /addskill nicks, level
[20/06/2013 13:47:06] /addskill nicks, level
[20/06/2013 13:47:06] /addskill nicks, level
[20/06/2013 13:47:06] /addskill nicks, level
[20/06/2013 13:47:06] /addskill nicks, level
[20/06/2013 13:47:06] /addskill nicks, level
[20/06/2013 13:47:06] /addskill nicks, level
[20/06/2013 13:47:06] /addskill nicks, level
[20/06/2013 13:47:06] /addskill nicks, level
[20/06/2013 13:47:06] /addskill nicks, level
[20/06/2013 13:47:07] /addskill nicks, level
[20/06/2013 13:47:07] /addskill nicks, level
[20/06/2013 13:47:07] /addskill nicks, level
[20/06/2013 13:47:07] /addskill nicks, level
[20/06/2013 13:47:07] /addskill nicks, level
[20/06/2013 13:47:07] /addskill nicks, level
[20/06/2013 13:47:07] /addskill nicks, level
[20/06/2013 13:47:07] /addskill nicks, level
[20/06/2013 13:47:08] /addskill nicks, level
[20/06/2013 13:47:08] /addskill nicks, level
[20/06/2013 13:47:08] /addskill nicks, level
[20/06/2013 13:47:08] /addskill nicks, level
[20/06/2013 13:47:08] /addskill nicks, level
[20/06/2013 13:47:08] /addskill nicks, level
[20/06/2013 13:47:08] /addskill nicks, level
[20/06/2013 13:47:09] /addskill nicks, level
[20/06/2013 13:47:09] /addskill nicks, level
[20/06/2013 13:47:09] /addskill nicks, level
[20/06/2013 13:47:09] /addskill nicks, level
[20/06/2013 13:47:09] /addskill nicks, level
[20/06/2013 13:47:09] /addskill nicks, level
[20/06/2013 13:47:10] /addskill nicks, level
[20/06/2013 13:47:10] /addskill nicks, level
[20/06/2013 13:47:10] /addskill nicks, level
[20/06/2013 13:47:10] /addskill nicks, level
[20/06/2013 13:47:10] /addskill nicks, level
[20/06/2013 13:47:10] /addskill nicks, level
[20/06/2013 13:47:11] /addskill nicks, level
[20/06/2013 13:47:11] /addskill nicks, level
[20/06/2013 13:47:12] /addskill nicks, level
[20/06/2013 13:47:12] /addskill nicks, level
[20/06/2013 13:47:12] /addskill nicks, level
[20/06/2013 13:47:12] /addskill nicks, level
[20/06/2013 13:47:13] /addskill nicks, level
[20/06/2013 13:47:13] /addskill nicks, level
[20/06/2013 13:47:13] /addskill nicks, level
[20/06/2013 13:47:14] /addskill nicks, level
[20/06/2013 13:47:14] /addskill nicks, level
[20/06/2013 13:47:14] /addskill nicks, level
[20/06/2013 13:47:14] /addskill nicks, level
[20/06/2013 13:47:14] /addskill nicks, level
[20/06/2013 13:47:15] /addskill nicks, level
[20/06/2013 13:50:10] /addskill nicks, magic
[20/06/2013 13:50:10] /addskill nicks, magic
[20/06/2013 13:50:10] /addskill nicks, magic
[20/06/2013 13:50:11] /addskill nicks, magic
[20/06/2013 13:50:11] /addskill nicks, magic
[20/06/2013 13:50:11] /addskill nicks, magic
[20/06/2013 13:50:11] /addskill nicks, magic
[20/06/2013 13:50:11] /addskill nicks, magic
[20/06/2013 13:50:12] /addskill nicks, magic
[20/06/2013 13:50:12] /addskill nicks, magic
[20/06/2013 13:50:12] /addskill nicks, magic
[20/06/2013 13:50:12] /addskill nicks, magic
[20/06/2013 13:50:12] /addskill nicks, magic
[20/06/2013 13:50:13] /addskill nicks, magic
[20/06/2013 13:50:13] /addskill nicks, magic
[20/06/2013 13:50:13] /addskill nicks, magic
[20/06/2013 13:50:13] /addskill nicks, magic
[20/06/2013 13:50:14] /addskill nicks, magic
[20/06/2013 13:50:14] /addskill nicks, magic
[20/06/2013 13:50:14] /addskill nicks, magic
[20/06/2013 13:50:14] /addskill nicks, magic
[20/06/2013 13:50:15] /addskill nicks, magic
[20/06/2013 13:50:15] /addskill nicks, magic
[20/06/2013 13:50:15] /addskill nicks, magic
[20/06/2013 13:50:15] /addskill nicks, magic
[20/06/2013 13:50:15] /addskill nicks, magic
[20/06/2013 13:50:16] /addskill nicks, magic
[20/06/2013 13:50:16] /addskill nicks, magic
[20/06/2013 13:50:17] /addskill nicks, magic
[20/06/2013 13:50:18] /addskill nicks, magic
[20/06/2013 13:50:21] /addskill nicks, magic
[20/06/2013 13:50:21] /addskill nicks, magic
[20/06/2013 13:50:21] /addskill nicks, magic
[20/06/2013 13:50:22] /addskill nicks, magic
[20/06/2013 13:50:22] /addskill nicks, magic
[20/06/2013 13:50:22] /addskill nicks, magic
[20/06/2013 13:50:23] /addskill nicks, magic
[20/06/2013 13:50:23] /addskill nicks, magic
[20/06/2013 13:50:23] /addskill nicks, magic
[20/06/2013 13:50:23] /addskill nicks, magic
[20/06/2013 13:50:24] /addskill nicks, magic
[20/06/2013 13:50:24] /addskill nicks, magic
[20/06/2013 13:50:24] /addskill nicks, magic
[20/06/2013 13:50:24] /addskill nicks, magic
[20/06/2013 13:50:25] /addskill nicks, magic
[20/06/2013 13:50:25] /addskill nicks, magic
[20/06/2013 13:50:26] /addskill nicks, magic
[20/06/2013 13:50:26] /addskill nicks, magic
[20/06/2013 13:50:27] /addskill nicks, magic
[20/06/2013 13:50:27] /addskill nicks, magic
[20/06/2013 13:50:27] /addskill nicks, magic
[20/06/2013 13:50:28] /addskill nicks, magic
[20/06/2013 13:50:29] /addskill nicks, magic
[20/06/2013 13:50:29] /addskill nicks, magic
[20/06/2013 13:50:30] /addskill nicks, magic
[20/06/2013 21:17:31] /newtype 206
[21/06/2013 01:13:19] /newtype 56
[21/06/2013 01:13:26] /newtype 15
