[06/10/2013 00:21:14] /addskill soul eater, level, 250
[06/10/2013 00:21:35] /addskill perola negra, level, 250
[06/10/2013 00:22:07] /newtype 347
[06/10/2013 00:22:09] /newtype 346
[06/10/2013 00:22:18] /newtype 333
[06/10/2013 00:22:23] /newtype 342
[06/10/2013 00:22:29] /newtype 373
[06/10/2013 00:22:54] /newtype 372
[06/10/2013 00:22:57] /newtype 374
[06/10/2013 00:23:18] /newtype 375
[06/10/2013 00:23:37] /i obito tunic
[06/10/2013 00:23:40] /i obito tunic
[06/10/2013 00:36:11] /t
[06/10/2013 00:40:29] /attr vocation 2
[06/10/2013 00:40:34] /r
[06/10/2013 00:43:19] /attr vocation 1
[06/10/2013 00:43:29] /r
[06/10/2013 00:43:43] /attr vocation 9
[06/10/2013 00:43:44] /r
[06/10/2013 00:52:41] /b jaja entra mais nego ai em kk
[06/10/2013 00:52:47] /goto itz coca coca
[06/10/2013 00:52:53] /i speed boots
[06/10/2013 00:52:58] /t
[06/10/2013 00:53:01] /ghost
[06/10/2013 01:21:09] /b Vou dar Uma Reiniciadinha rapida
[06/10/2013 01:21:35] /save
[06/10/2013 01:22:57] /ghost
[06/10/2013 01:27:24] /goto soul eater
[06/10/2013 01:27:27] /t
[06/10/2013 01:27:30] /ghost
[06/10/2013 01:31:28] /goto sasuke
[06/10/2013 01:35:06] /ghost
[06/10/2013 01:38:06] /ghost
[06/10/2013 01:38:07] /t
[06/10/2013 01:38:08] /up
[06/10/2013 01:38:12] /c mr mario
[06/10/2013 01:38:13] /i chakra armor
[06/10/2013 01:38:21] /t mr mario
[06/10/2013 01:45:08] /goto mr mario
[06/10/2013 01:45:24] /r
[06/10/2013 01:45:43] /r
[06/10/2013 01:50:56] /up
[06/10/2013 01:50:57] /up
[06/10/2013 01:50:57] /up
[06/10/2013 01:51:07] /i hashirama armor
[06/10/2013 01:51:14] /i obito mask
[06/10/2013 01:51:17] /i enma staff
[06/10/2013 02:07:29] /goto oloko pl
[06/10/2013 02:07:33] /goto olokopl
[06/10/2013 02:07:39] /goto soul eater
[06/10/2013 02:07:47] /goto perola negra
[06/10/2013 02:08:38] /t
[06/10/2013 02:10:09] /b Boa noite pra quem fica :D
[06/10/2013 02:16:30] /goto itz coca coca
[06/10/2013 02:16:48] /t
[06/10/2013 02:21:49] /goto itz coca coca
[06/10/2013 02:21:56] /i 2355
[06/10/2013 02:22:02] /i max
[06/10/2013 02:22:06] /n max
[06/10/2013 02:22:11] /i gold bar
[06/10/2013 02:22:32] /r
[06/10/2013 02:22:36] /t
[06/10/2013 10:10:28] /b Bom dia 
[06/10/2013 10:11:40] /ghost
[06/10/2013 10:11:41] /r
[06/10/2013 10:11:53] /b Falem pelo Help please
[06/10/2013 10:12:44] /goto name
[06/10/2013 10:16:20] /t
[06/10/2013 10:18:01] /ghost
[06/10/2013 10:18:15] /goto soul eater
[06/10/2013 10:19:10] /save
[06/10/2013 10:21:55] /save
[06/10/2013 10:22:02] /b Pode dar uma caidinha ai
[06/10/2013 10:22:06] /reload monster
[06/10/2013 10:22:23] /b Sand Jounnin Arrumado
[06/10/2013 10:22:27] /goto soul eater
[06/10/2013 10:22:52] /m sand jounin
[06/10/2013 10:23:29] /save
[06/10/2013 10:23:33] /reload monster
[06/10/2013 10:23:38] /m sand jounin
[06/10/2013 10:25:33] /save
[06/10/2013 10:25:43] /reload monster
[06/10/2013 10:25:49] /m sand jounin
[06/10/2013 10:27:28] /reload monster
[06/10/2013 10:27:33] /m sand jounin
[06/10/2013 10:28:57] /mc
[06/10/2013 10:29:02] /goto olokopl
[06/10/2013 10:29:07] /t
[06/10/2013 10:32:21] /save
[06/10/2013 10:32:38] /reload monster
[06/10/2013 10:32:45] /goto sakura pevertida
[06/10/2013 10:32:49] /ghost
[06/10/2013 10:32:54] /m red shaolin
[06/10/2013 10:33:41] /save
[06/10/2013 10:33:44] /reload monster
[06/10/2013 10:33:49] /m red shaolin
[06/10/2013 10:34:26] /save
[06/10/2013 10:34:27] /reload monster
[06/10/2013 10:34:32] /m red shaolin
[06/10/2013 10:35:21] /save
[06/10/2013 10:35:23] /reload monster
[06/10/2013 10:35:33] /m red shaolin
[06/10/2013 10:37:44] /ghost
[06/10/2013 10:37:46] /t
[06/10/2013 11:04:34] /ghost
[06/10/2013 11:04:47] /b Site quase pronto :D
[06/10/2013 11:13:18] /save
[06/10/2013 11:13:27] /reload monster
[06/10/2013 11:14:22] /mc
[06/10/2013 11:16:39] /newtype 101
[06/10/2013 11:33:17] /goto meei
[06/10/2013 11:33:33] /goto oloko pl
[06/10/2013 11:33:35] /goto olokopl
[06/10/2013 11:33:49] /goto
[06/10/2013 11:33:53] /t
[06/10/2013 11:37:52] /b tão gostando do servidor ?
[06/10/2013 11:38:31] /b eu arrumando o site eu mando pra vcs
[06/10/2013 12:03:03] /save
[06/10/2013 12:29:13] /ghost
[06/10/2013 12:29:15] /ghost
[06/10/2013 12:29:19] /goto soul eater
[06/10/2013 12:37:57] /b galera é dificil sim upar, fiz isso para evitar qualquer tipo de reset 
[06/10/2013 13:27:04] /save
[06/10/2013 13:43:57] /t
[06/10/2013 13:44:13] /b absolutnto.webnode.com
[06/10/2013 13:44:17] /ghost
[06/10/2013 13:44:22] /b absolutnto.webnode.com
[06/10/2013 13:49:22] /newtype 373
[06/10/2013 13:49:49] /b O exp ta baixa sim, mais eu estou planejanto um Double exp toda semana :D
[06/10/2013 13:55:56] /b depois eu posto um video tutorial de onde upar até o lv 250
[06/10/2013 13:57:05] /b Galera vo almoçar pq naum comi até agora
[06/10/2013 14:11:08] /b vou por chakra armor no npc ezequiel por 10 golds
[06/10/2013 14:15:07] /i chakra armor
[06/10/2013 14:16:09] /save
[06/10/2013 14:16:12] /reload npc
[06/10/2013 14:23:10] /b Site Oficial - absolutnto.webnode.com
[06/10/2013 14:27:25] /save
[06/10/2013 14:27:28] /reload spells
[06/10/2013 14:30:56] /b jaja todos bixos vão estar no mapa, estou desbugando eles
[06/10/2013 14:30:59] /goto jounnin
[06/10/2013 14:31:03] /goto jounin
[06/10/2013 14:31:16] /goto kakashi boss
[06/10/2013 14:31:19] /up
[06/10/2013 14:49:32] /goto itz coca coca
[06/10/2013 14:49:35] /goto itz coca coca
[06/10/2013 14:49:38] /goto itz coca coca
[06/10/2013 14:49:41] /ghost
[06/10/2013 14:49:57] /i eletric katana
[06/10/2013 14:50:15] /i double kusanagi
[06/10/2013 14:50:18] /r
[06/10/2013 14:50:24] /i eletric double kusanagi
[06/10/2013 14:50:43] /t
[06/10/2013 14:52:04] /ghost
[06/10/2013 14:53:07] /t
[06/10/2013 14:59:39] /name admin, [ADM] Nii.
[06/10/2013 14:59:47] /name Admin, [ADM] Nii.
