[14/11/2013 14:50:48] /ghost
[14/11/2013 14:50:55] /down
[14/11/2013 14:52:04] /goto bilau magico
[14/11/2013 14:52:06] /down
[14/11/2013 14:52:10] /a 2
[14/11/2013 14:52:13] /a 2
[14/11/2013 14:52:13] /a 2
[14/11/2013 14:52:14] /a 2
[14/11/2013 14:52:15] /a 2
[14/11/2013 14:52:16] /a 2
[14/11/2013 14:52:16] /a 2
[14/11/2013 14:52:16] /a 2
[14/11/2013 14:52:17] /a 2
[14/11/2013 14:52:17] /a 2
[14/11/2013 14:52:18] /a 2
[14/11/2013 14:52:19] /a 2
[14/11/2013 14:52:20] /a 2
[14/11/2013 14:52:22] /ghost
[14/11/2013 14:52:35] /a 15
[14/11/2013 14:53:05] /item stone
[14/11/2013 14:53:06] /item stone
[14/11/2013 14:53:08] /item stone
[14/11/2013 14:55:17] /item soldado phill
[14/11/2013 14:55:18] /item soldado phill
[14/11/2013 14:55:18] /item soldado phill
[14/11/2013 14:55:19] /item soldado phill
[14/11/2013 14:55:20] /item soldado phill
[14/11/2013 14:55:25] /item konoha backpack
[14/11/2013 14:55:29] /ghost
[14/11/2013 14:55:30] /t
[14/11/2013 15:01:58] /goto oleander
[14/11/2013 15:02:01] /up
[14/11/2013 15:02:03] /a 3
[14/11/2013 15:02:07] /a 3
[14/11/2013 15:02:07] /a 3
[14/11/2013 15:07:42] /a 100
[14/11/2013 15:07:44] /a 2
[14/11/2013 15:07:45] /a 2
[14/11/2013 15:07:45] /a 2
[14/11/2013 15:07:46] /a 2
[14/11/2013 15:07:46] /a 2
[14/11/2013 15:07:47] /a 2
[14/11/2013 15:07:48] /a 2
[14/11/2013 15:07:48] /a 2
[14/11/2013 15:07:49] /a 2
[14/11/2013 15:07:49] /a 2
[14/11/2013 15:07:50] /a 2
[14/11/2013 15:07:50] /a 2
[14/11/2013 15:08:30] /a 50
[14/11/2013 15:08:31] /a 50
[14/11/2013 15:08:32] /a 50
[14/11/2013 15:08:34] /a 5
[14/11/2013 15:08:35] /a 5
[14/11/2013 15:08:36] /a 5
[14/11/2013 15:08:36] /a 5
[14/11/2013 15:08:36] /a 5
[14/11/2013 15:08:38] /a 5
[14/11/2013 15:08:38] /a 5
[14/11/2013 15:08:39] /a 5
[14/11/2013 15:08:40] /a 5
[14/11/2013 15:08:41] /a 5
[14/11/2013 15:08:41] /a 5
[14/11/2013 15:08:42] /a 50
[14/11/2013 15:08:43] /a 50
[14/11/2013 15:08:44] /a 50
[14/11/2013 15:08:47] /a 3
[14/11/2013 15:08:49] /a 3
[14/11/2013 15:08:50] /a 3
[14/11/2013 15:08:51] /a 3
[14/11/2013 15:08:51] /a 3
[14/11/2013 15:08:52] /a 3
[14/11/2013 15:08:52] /a 3
[14/11/2013 15:08:53] /a 3
[14/11/2013 15:08:54] /a 3
[14/11/2013 15:10:20] /up
[14/11/2013 15:10:22] /a 2
[14/11/2013 15:10:22] /a 2
[14/11/2013 15:10:23] /a 2
[14/11/2013 15:10:24] /a 2
[14/11/2013 15:10:25] /a 2
[14/11/2013 15:10:25] /a 2
[14/11/2013 15:10:26] /a 2
[14/11/2013 15:10:26] /a 2
[14/11/2013 15:10:27] /a 2
[14/11/2013 15:10:28] /a 2
[14/11/2013 15:10:28] /a 2
[14/11/2013 15:10:29] /a 2
[14/11/2013 15:10:29] /a 2
[14/11/2013 15:10:31] /a 2
[14/11/2013 15:10:32] /a 2
[14/11/2013 15:10:32] /a 2
[14/11/2013 15:10:33] /a 2
[14/11/2013 15:13:23] /t
[14/11/2013 15:16:23] /goto patrick estrela
[14/11/2013 15:16:28] /item soldado phill
[14/11/2013 15:16:29] /item soldado phill
[14/11/2013 15:16:30] /item soldado phill
[14/11/2013 16:12:41] /goto skarvuscza
[14/11/2013 16:12:43] /n staminer
[14/11/2013 16:13:00] /r
[14/11/2013 16:13:18] /t
[14/11/2013 17:13:37] /a 2
[14/11/2013 17:13:49] /item konoha backpack
[14/11/2013 17:13:58] /item obito tunic
[14/11/2013 17:14:02] /item obito legs
[14/11/2013 17:14:07] /item vital boots
[14/11/2013 17:14:11] /item obito mask
[14/11/2013 17:14:15] /item soldado phill
[14/11/2013 17:14:20] /item explosion kunai
[14/11/2013 17:14:25] /item kunai explosion
[14/11/2013 17:14:41] /item gold bar
[14/11/2013 17:14:55] /item itachi
[14/11/2013 20:13:20] /goto patrick estrela
[14/11/2013 20:13:26] /item soldado phill
[14/11/2013 20:13:38] /item gold bar
[14/11/2013 20:13:46] /n staminer
[14/11/2013 20:13:51] /r
[14/11/2013 20:14:11] /goto skarvuscza
[14/11/2013 20:14:18] /n staminer
[14/11/2013 20:14:24] /r
[14/11/2013 20:14:32] /t
[14/11/2013 22:20:08] /goto bilau magico
[14/11/2013 22:20:14] /item gold bar
[14/11/2013 22:20:15] /item gold bar
[14/11/2013 22:20:16] /item gold bar
[14/11/2013 22:20:16] /item gold bar
[14/11/2013 22:20:17] /item gold bar
[14/11/2013 22:20:17] /item gold bar
[14/11/2013 23:30:00] /goto skarvuscza
[14/11/2013 23:30:05] /item gold bar
[14/11/2013 23:30:05] /item gold bar
[14/11/2013 23:30:06] /item gold bar
[14/11/2013 23:30:14] /n staminer
[14/11/2013 23:30:20] /r
[15/11/2013 01:04:45] /t
[15/11/2013 01:04:47] /down
[15/11/2013 01:04:49] /a 6
[15/11/2013 01:04:50] /a 6
[15/11/2013 01:04:51] /a 6
[15/11/2013 01:04:52] /a 6
[15/11/2013 01:04:53] /a 6
[15/11/2013 01:04:53] /a 6
[15/11/2013 01:04:54] /a 6
[15/11/2013 01:04:56] /a 6
[15/11/2013 01:04:56] /a 6
[15/11/2013 01:04:58] /a 6
[15/11/2013 01:04:59] /a 6
[15/11/2013 01:05:01] /a 2
[15/11/2013 01:05:15] /push fica a dica
[15/11/2013 01:05:23] /push Fica a Dica
[15/11/2013 01:05:30] /push Fica a Dica
[15/11/2013 01:05:37] /item itachi
[15/11/2013 01:07:24] /name fica a dica, Fiuk Owna
[15/11/2013 01:07:59] /item obito tunic
[15/11/2013 01:07:59] /item obito tunic
[15/11/2013 01:08:03] /item obito legs
[15/11/2013 01:08:04] /item obito legs
[15/11/2013 01:08:08] /item vital boots
[15/11/2013 01:08:09] /item vital boots
[15/11/2013 01:08:23] /a
[15/11/2013 01:08:31] /item obito mask
[15/11/2013 01:08:33] /item obito mask
[15/11/2013 01:09:17] /name Fiuk Owna, Bob Marley
[15/11/2013 01:09:21] /r
[15/11/2013 01:10:02] /item elite shuriken
[15/11/2013 01:10:07] /item kunai explosion
[15/11/2013 01:10:12] /item soldado phil
[15/11/2013 01:10:14] /item soldado phill
[15/11/2013 01:10:23] /item soldado phill
[15/11/2013 01:10:23] /item soldado phill
[15/11/2013 01:10:24] /item soldado phill
[15/11/2013 01:10:24] /item soldado phill
[15/11/2013 01:10:24] /item soldado phill
[15/11/2013 01:10:24] /item soldado phill
[15/11/2013 01:10:24] /item soldado phill
[15/11/2013 01:10:24] /item soldado phill
[15/11/2013 01:10:24] /item soldado phill
[15/11/2013 01:10:24] /item soldado phill
[15/11/2013 01:10:24] /item soldado phill
[15/11/2013 01:10:24] /item soldado phill
[15/11/2013 01:10:24] /item soldado phill
[15/11/2013 01:10:24] /item soldado phill
[15/11/2013 01:10:24] /item soldado phill
[15/11/2013 01:10:24] /item soldado phill
[15/11/2013 01:10:24] /item soldado phill
[15/11/2013 01:10:24] /item soldado phill
[15/11/2013 01:10:24] /item soldado phill
[15/11/2013 01:10:24] /item soldado phill
[15/11/2013 01:10:24] /item soldado phill
[15/11/2013 01:10:24] /item soldado phill
[15/11/2013 01:10:24] /item soldado phill
[15/11/2013 01:10:24] /item soldado phill
[15/11/2013 01:10:24] /item soldado phill
[15/11/2013 01:10:24] /item soldado phill
[15/11/2013 01:10:24] /item soldado phill
[15/11/2013 01:10:24] /item soldado phill
[15/11/2013 01:10:24] /item soldado phill
[15/11/2013 01:10:24] /item soldado phill
[15/11/2013 01:10:24] /item soldado phill
[15/11/2013 01:10:25] /item soldado phill
[15/11/2013 01:10:25] /item soldado phill
[15/11/2013 01:10:25] /item soldado phill
[15/11/2013 01:10:25] /item soldado phill
[15/11/2013 01:10:25] /item soldado phill
[15/11/2013 01:10:25] /item soldado phill
[15/11/2013 01:10:25] /item soldado phill
[15/11/2013 01:10:25] /item soldado phill
[15/11/2013 01:10:25] /item soldado phill
[15/11/2013 01:10:25] /item soldado phill
[15/11/2013 01:10:25] /item soldado phill
[15/11/2013 01:10:25] /item soldado phill
[15/11/2013 01:10:25] /item soldado phill
[15/11/2013 01:10:25] /item soldado phill
[15/11/2013 01:10:25] /item soldado phill
[15/11/2013 01:10:25] /item soldado phill
[15/11/2013 01:10:25] /item soldado phill
[15/11/2013 01:10:25] /item soldado phill
[15/11/2013 01:10:25] /item soldado phill
[15/11/2013 01:10:25] /item soldado phill
[15/11/2013 01:10:25] /item soldado phill
[15/11/2013 01:10:25] /item soldado phill
[15/11/2013 01:10:25] /item soldado phill
[15/11/2013 01:10:25] /item soldado phill
[15/11/2013 01:10:25] /item soldado phill
[15/11/2013 01:10:25] /item soldado phill
[15/11/2013 01:10:25] /item soldado phill
[15/11/2013 01:10:25] /item soldado phill
[15/11/2013 01:10:25] /item soldado phill
[15/11/2013 01:10:25] /item soldado phill
[15/11/2013 01:10:25] /item soldado phill
[15/11/2013 01:10:25] /item soldado phill
[15/11/2013 01:10:25] /item soldado phill
[15/11/2013 01:10:25] /item soldado phill
[15/11/2013 01:10:25] /item soldado phill
[15/11/2013 01:10:26] /item soldado phill
[15/11/2013 01:10:26] /item soldado phill
[15/11/2013 01:10:26] /item soldado phill
[15/11/2013 01:10:26] /item soldado phill
[15/11/2013 01:10:26] /item soldado phill
[15/11/2013 01:10:26] /item soldado phill
[15/11/2013 01:10:26] /item soldado phill
[15/11/2013 01:10:26] /item soldado phill
[15/11/2013 01:10:26] /item soldado phill
[15/11/2013 01:10:26] /item soldado phill
[15/11/2013 01:10:26] /item soldado phill
[15/11/2013 01:10:26] /item soldado phill
[15/11/2013 01:10:26] /item soldado phill
[15/11/2013 01:10:26] /item soldado phill
[15/11/2013 01:10:38] /item Elite Shuriken
[15/11/2013 01:10:38] /item Elite Shuriken
[15/11/2013 01:10:38] /item Elite Shuriken
[15/11/2013 01:10:38] /item Elite Shuriken
[15/11/2013 01:10:38] /item Elite Shuriken
[15/11/2013 01:10:38] /item Elite Shuriken
[15/11/2013 01:10:38] /item Elite Shuriken
[15/11/2013 01:10:38] /item Elite Shuriken
[15/11/2013 01:10:39] /item Elite Shuriken
[15/11/2013 01:10:39] /item Elite Shuriken
[15/11/2013 01:10:39] /item Elite Shuriken
[15/11/2013 01:10:39] /item Elite Shuriken
[15/11/2013 01:10:39] /item Elite Shuriken
[15/11/2013 01:10:39] /item Elite Shuriken
[15/11/2013 01:10:39] /item Elite Shuriken
[15/11/2013 01:10:39] /item Elite Shuriken
[15/11/2013 01:10:39] /item Elite Shuriken
[15/11/2013 01:10:39] /item Elite Shuriken
[15/11/2013 01:10:39] /item Elite Shuriken
[15/11/2013 01:10:39] /item Elite Shuriken
[15/11/2013 01:10:39] /item Elite Shuriken
[15/11/2013 01:10:39] /item Elite Shuriken
[15/11/2013 01:10:39] /item Elite Shuriken
[15/11/2013 01:10:39] /item Elite Shuriken
[15/11/2013 01:10:39] /item Elite Shuriken
[15/11/2013 01:10:39] /item Elite Shuriken
[15/11/2013 01:10:39] /item Elite Shuriken
[15/11/2013 01:10:39] /item Elite Shuriken
[15/11/2013 01:10:39] /item Elite Shuriken
[15/11/2013 01:10:39] /item Elite Shuriken
[15/11/2013 01:10:39] /item Elite Shuriken
[15/11/2013 01:10:39] /item Elite Shuriken
[15/11/2013 01:10:39] /item Elite Shuriken
[15/11/2013 01:10:39] /item Elite Shuriken
[15/11/2013 01:10:39] /item Elite Shuriken
[15/11/2013 01:10:39] /item Elite Shuriken
[15/11/2013 01:10:39] /item Elite Shuriken
[15/11/2013 01:10:40] /item Elite Shuriken
[15/11/2013 01:10:40] /item Elite Shuriken
[15/11/2013 01:10:40] /item Elite Shuriken
[15/11/2013 01:10:40] /item Elite Shuriken
[15/11/2013 01:10:40] /item Elite Shuriken
[15/11/2013 01:10:40] /item Elite Shuriken
[15/11/2013 01:10:40] /item Elite Shuriken
[15/11/2013 01:10:40] /item Elite Shuriken
[15/11/2013 01:10:40] /item Elite Shuriken
[15/11/2013 01:10:40] /item Elite Shuriken
[15/11/2013 01:10:40] /item Elite Shuriken
[15/11/2013 01:10:40] /item Elite Shuriken
[15/11/2013 01:10:40] /item Elite Shuriken
[15/11/2013 01:10:40] /item Elite Shuriken
[15/11/2013 01:10:40] /item Elite Shuriken
[15/11/2013 01:10:40] /item Elite Shuriken
[15/11/2013 01:10:40] /item Elite Shuriken
[15/11/2013 01:10:40] /item Elite Shuriken
[15/11/2013 01:10:40] /item Elite Shuriken
[15/11/2013 01:10:40] /item Elite Shuriken
[15/11/2013 01:10:40] /item Elite Shuriken
[15/11/2013 01:10:40] /item Elite Shuriken
[15/11/2013 01:10:40] /item Elite Shuriken
[15/11/2013 01:10:40] /item Elite Shuriken
[15/11/2013 01:10:40] /item Elite Shuriken
[15/11/2013 01:10:40] /item Elite Shuriken
[15/11/2013 01:10:40] /item Elite Shuriken
[15/11/2013 01:10:40] /item Elite Shuriken
[15/11/2013 01:10:40] /item Elite Shuriken
[15/11/2013 01:10:41] /item Elite Shuriken
[15/11/2013 01:10:41] /item Elite Shuriken
[15/11/2013 01:10:41] /item Elite Shuriken
[15/11/2013 01:10:41] /item Elite Shuriken
[15/11/2013 01:10:41] /item Elite Shuriken
[15/11/2013 01:10:41] /item Elite Shuriken
[15/11/2013 01:10:41] /item Elite Shuriken
[15/11/2013 01:10:41] /item Elite Shuriken
[15/11/2013 01:10:41] /item Elite Shuriken
[15/11/2013 01:10:41] /item Elite Shuriken
[15/11/2013 01:10:41] /item Elite Shuriken
[15/11/2013 01:10:41] /item Elite Shuriken
[15/11/2013 01:10:41] /item Elite Shuriken
[15/11/2013 01:10:41] /item Elite Shuriken
[15/11/2013 01:10:41] /item Elite Shuriken
[15/11/2013 01:10:41] /item Elite Shuriken
[15/11/2013 01:10:41] /item Elite Shuriken
[15/11/2013 01:10:41] /item Elite Shuriken
[15/11/2013 01:28:08] /m trainer
[15/11/2013 01:28:16] /r
[15/11/2013 01:29:56] /goto skarvuscza
[15/11/2013 01:29:58] /n staminer
[15/11/2013 01:30:07] /r
[15/11/2013 01:30:13] /t
[15/11/2013 01:46:19] /goto bob marley
[15/11/2013 02:06:25] /goto bob marley
[15/11/2013 02:06:30] /item kunai explosion
[15/11/2013 02:06:31] /item kunai explosion
[15/11/2013 02:06:32] /item kunai explosion
[15/11/2013 02:31:37] /goto skarvuscza
[15/11/2013 02:31:42] /item konoha backpack
[15/11/2013 02:31:48] /item soldado phill
[15/11/2013 02:31:49] /item soldado phill
[15/11/2013 02:31:50] /item soldado phill
[15/11/2013 02:31:50] /item soldado phill
[15/11/2013 02:31:50] /item soldado phill
[15/11/2013 02:31:51] /item soldado phill
[15/11/2013 02:31:51] /item soldado phill
[15/11/2013 02:31:51] /item soldado phill
[15/11/2013 02:31:52] /item soldado phill
[15/11/2013 02:31:52] /item soldado phill
[15/11/2013 02:31:52] /item soldado phill
[15/11/2013 02:31:53] /item soldado phill
[15/11/2013 02:31:57] /item soldado phill
[15/11/2013 02:31:57] /item soldado phill
[15/11/2013 02:32:00] /item konoha backpack
[15/11/2013 02:32:04] /item soldado phill
[15/11/2013 02:33:48] /goto bilau magico
[15/11/2013 02:33:53] /t
[15/11/2013 02:55:23] /goto plankton
[15/11/2013 02:55:27] /down
[15/11/2013 02:55:29] /a 5
[15/11/2013 02:55:31] /a 5
[15/11/2013 02:55:32] /a 5
[15/11/2013 02:55:33] /a 5
[15/11/2013 02:55:34] /a 5
[15/11/2013 02:55:35] /a 5
[15/11/2013 02:55:35] /a 5
[15/11/2013 02:55:36] /a 5
[15/11/2013 02:55:40] /push bob marley
[15/11/2013 03:03:40] /t
[15/11/2013 03:06:02] /goto scarvuscza
[15/11/2013 03:06:09] /goto Skarvuscza
[15/11/2013 03:06:13] /n staminer
[15/11/2013 03:06:19] /r
[15/11/2013 03:06:27] /t
[15/11/2013 03:06:31] /a 7
[15/11/2013 03:06:32] /a 7
[15/11/2013 03:06:33] /a 7
[15/11/2013 03:06:34] /a 7
[15/11/2013 03:06:35] /a 7
[15/11/2013 03:06:36] /a 7
[15/11/2013 03:06:38] /t
[15/11/2013 10:26:42] /goto plankton
[15/11/2013 14:18:58] /goto bob marley
[15/11/2013 14:19:02] /item gold bar
[15/11/2013 14:19:05] /n staminer
[15/11/2013 14:19:16] /r
[15/11/2013 14:22:57] /goto skarvuscza
[15/11/2013 14:23:02] /n staminer
[15/11/2013 14:23:07] /r
[15/11/2013 14:23:14] /t
[15/11/2013 14:23:19] /a 6
[15/11/2013 14:23:20] /a 6
[15/11/2013 14:23:21] /a 6
[15/11/2013 14:23:22] /a 6
[15/11/2013 14:23:23] /a 6
[15/11/2013 14:23:25] /a 6
[15/11/2013 14:23:26] /a 6
[15/11/2013 14:23:29] /a 3
[15/11/2013 15:29:49] /item gold bar
[15/11/2013 15:29:50] /item gold bar
[15/11/2013 15:29:50] /item gold bar
[15/11/2013 15:29:50] /item gold bar
[15/11/2013 15:29:50] /item gold bar
[15/11/2013 15:29:51] /item gold bar
[15/11/2013 15:29:51] /item gold bar
[15/11/2013 15:29:52] /item gold bar
[15/11/2013 15:29:52] /item gold bar
[15/11/2013 15:29:52] /item gold bar
[15/11/2013 15:29:53] /item gold bar
[15/11/2013 15:29:53] /item gold bar
[15/11/2013 15:29:53] /item gold bar
[15/11/2013 15:29:54] /item gold bar
[15/11/2013 15:29:54] /item gold bar
[15/11/2013 15:29:55] /item gold bar
[15/11/2013 15:29:55] /item gold bar
[15/11/2013 15:29:55] /item gold bar
[15/11/2013 15:29:56] /item gold bar
[15/11/2013 15:29:56] /item gold bar
[15/11/2013 15:29:56] /item gold bar
[15/11/2013 15:29:57] /item gold bar
[15/11/2013 15:32:33] /goto plankton
[15/11/2013 15:32:36] /down
[15/11/2013 15:32:43] /push bob marley
[15/11/2013 15:34:21] /goto skarvuscza
[15/11/2013 15:34:25] /n hashirama blesser
[15/11/2013 15:34:31] /r
[15/11/2013 15:44:12] /t
[15/11/2013 16:45:46] /t skarvuscza
[15/11/2013 16:47:34] /a 6
[15/11/2013 16:47:36] /a 6
[15/11/2013 16:53:43] /goto snoop dog
[15/11/2013 19:24:02] /goto bob marley
[15/11/2013 19:24:05] /n staminer
[15/11/2013 19:24:15] /r
[15/11/2013 19:24:25] /t
[15/11/2013 22:27:58] /goto bob marley
[15/11/2013 22:28:01] /n staminer
[15/11/2013 22:28:07] /r
[16/11/2013 00:42:20] /goto bob marley
[16/11/2013 00:42:26] /item konoha backpack
[16/11/2013 00:42:35] /item soldado phill
[16/11/2013 00:42:36] /item soldado phill
[16/11/2013 00:42:36] /item soldado phill
[16/11/2013 00:42:36] /item soldado phill
[16/11/2013 00:42:37] /item soldado phill
[16/11/2013 00:42:37] /item soldado phill
[16/11/2013 00:42:37] /item soldado phill
[16/11/2013 00:42:37] /item soldado phill
[16/11/2013 00:42:38] /item soldado phill
[16/11/2013 00:42:41] /item soldado phill
[16/11/2013 00:42:41] /item soldado phill
[16/11/2013 00:42:41] /item soldado phill
[16/11/2013 00:42:42] /item soldado phill
[16/11/2013 00:42:42] /item soldado phill
[16/11/2013 00:42:42] /item soldado phill
[16/11/2013 00:42:46] /item soldado phill
[16/11/2013 00:42:46] /item soldado phill
[16/11/2013 00:42:47] /item soldado phill
[16/11/2013 04:05:54] /goto bob marley
[16/11/2013 04:05:57] /a 25
[16/11/2013 04:05:58] /a 25
[16/11/2013 04:06:01] /a 6
[16/11/2013 04:06:03] /a 6
[16/11/2013 04:06:04] /a 6
[16/11/2013 04:06:05] /a 6
[16/11/2013 04:06:06] /a 6
[16/11/2013 04:06:08] /a 6
[16/11/2013 04:06:09] /a 6
[16/11/2013 04:06:10] /a 6
[16/11/2013 04:06:11] /a 6
[16/11/2013 04:06:12] /a 6
[16/11/2013 04:06:14] /t
[16/11/2013 04:07:16] /t oleander
[16/11/2013 04:09:38] /goto bob marley
[16/11/2013 04:09:43] /a 25
[16/11/2013 04:09:45] /a 25
[16/11/2013 04:09:46] /a 25
[16/11/2013 04:09:48] /a 15
[16/11/2013 04:09:51] /a 7
[16/11/2013 04:09:52] /a 7
[16/11/2013 04:09:55] /a 7
[16/11/2013 04:09:56] /a 7
[16/11/2013 04:09:57] /a 7
[16/11/2013 04:09:58] /a 7
[16/11/2013 04:09:59] /a 7
[16/11/2013 04:10:02] /r
[16/11/2013 04:10:04] /r
[16/11/2013 04:10:06] /r
[16/11/2013 04:10:08] /r
[16/11/2013 04:10:10] /r
[16/11/2013 04:10:19] /push bob marley
[17/11/2013 03:10:37] /goto espeto zika
[17/11/2013 03:14:24] /goto deadpool
[17/11/2013 03:14:32] /a 10
[17/11/2013 03:14:33] /a 10
[17/11/2013 03:14:34] /a 10
[17/11/2013 03:14:37] /a 5
[17/11/2013 03:14:38] /a 5
[17/11/2013 03:14:39] /a 5
[17/11/2013 03:14:41] /up
[17/11/2013 03:14:44] /a 6
[17/11/2013 03:14:44] /a 6
[17/11/2013 03:14:45] /a 6
[17/11/2013 03:14:45] /a 6
[17/11/2013 03:14:46] /a 6
[17/11/2013 03:14:46] /a 6
[17/11/2013 03:14:47] /a 6
[17/11/2013 03:14:47] /a 6
[17/11/2013 03:14:48] /a 6
[17/11/2013 03:14:49] /a 6
[17/11/2013 03:14:49] /a 6
[17/11/2013 03:14:50] /a 6
[17/11/2013 03:14:50] /a 6
[17/11/2013 03:14:51] /a 6
[17/11/2013 03:14:51] /a 6
[17/11/2013 03:14:53] /a 6
[17/11/2013 03:14:53] /a 6
[17/11/2013 03:14:59] /up
[17/11/2013 03:15:02] /a 7
[17/11/2013 03:15:02] /a 7
[17/11/2013 03:15:03] /a 7
[17/11/2013 03:15:03] /a 7
[17/11/2013 03:15:03] /a 7
[17/11/2013 03:15:04] /a 7
[17/11/2013 03:15:04] /a 7
[17/11/2013 03:15:05] /a 7
[17/11/2013 03:15:06] /a 7
[17/11/2013 03:15:06] /a 7
[17/11/2013 03:15:06] /a 7
[17/11/2013 03:15:07] /a 7
[17/11/2013 03:15:07] /a 7
[17/11/2013 03:15:08] /a 7
[17/11/2013 03:15:08] /a 7
[17/11/2013 03:15:09] /a 7
[17/11/2013 03:15:09] /a 7
[17/11/2013 03:15:11] /a 7
[17/11/2013 03:15:12] /a 7
[17/11/2013 03:15:12] /a 7
[17/11/2013 03:15:12] /a 7
[17/11/2013 03:15:13] /a 7
[17/11/2013 03:15:13] /a 7
[17/11/2013 03:15:14] /a 7
[17/11/2013 03:15:15] /a 7
[17/11/2013 03:15:15] /a 7
[17/11/2013 03:15:16] /a 7
[17/11/2013 03:15:16] /a 7
[17/11/2013 03:15:17] /a 7
[17/11/2013 03:15:17] /a 7
[17/11/2013 03:15:18] /a 7
[17/11/2013 03:15:18] /a 7
[17/11/2013 03:15:19] /a 7
[17/11/2013 03:15:19] /a 7
[17/11/2013 03:15:20] /a 7
[17/11/2013 03:15:20] /a 7
[17/11/2013 03:15:21] /a 7
[17/11/2013 03:15:22] /a 7
[17/11/2013 03:15:23] /a 7
[17/11/2013 03:15:23] /a 7
[17/11/2013 03:15:24] /a 7
[17/11/2013 03:15:25] /a 7
[17/11/2013 03:15:25] /a 7
[17/11/2013 03:15:26] /a 7
[17/11/2013 03:15:26] /a 7
[17/11/2013 03:15:27] /a 7
[17/11/2013 03:15:27] /a 7
[17/11/2013 03:15:28] /a 7
[17/11/2013 03:15:28] /a 7
[17/11/2013 03:15:29] /a 7
[17/11/2013 03:15:31] /a 7
[17/11/2013 03:15:31] /a 7
[17/11/2013 03:15:31] /a 7
[17/11/2013 03:15:32] /a 7
[17/11/2013 03:15:34] /a 7
[17/11/2013 03:15:35] /a 7
[17/11/2013 03:15:36] /a 7
[17/11/2013 03:15:37] /a 7
[17/11/2013 03:15:37] /a 7
[17/11/2013 03:15:37] /a 7
[17/11/2013 03:15:38] /a 7
[17/11/2013 03:15:38] /a 7
[17/11/2013 03:15:39] /a 7
[17/11/2013 03:15:39] /a 7
[17/11/2013 03:15:40] /a 7
[17/11/2013 03:15:40] /a 7
[17/11/2013 03:16:30] /goto charlie brownjr
[17/11/2013 03:16:32] /goto charlie brownjr
[17/11/2013 03:16:34] /goto charlie brownjr
[17/11/2013 03:16:35] /goto charlie brownjr
[17/11/2013 03:16:37] /goto charlie brownjr
[17/11/2013 03:16:38] /goto charlie brownjr
[17/11/2013 03:16:52] /goto charlie brownjr
[17/11/2013 03:17:26] /goto charlie brownjr
[17/11/2013 03:17:34] /goto charlie brownjr
[17/11/2013 03:17:35] /goto charlie brownjr
[17/11/2013 03:17:39] /goto charlie brownjr
[17/11/2013 03:17:53] /goto bob marley
[17/11/2013 03:18:09] /a
[17/11/2013 03:20:03] /goto morpheu
[17/11/2013 03:20:09] /t
[17/11/2013 03:21:30] /goto morpheu
[17/11/2013 03:21:57] /push skarvuscza
[17/11/2013 03:21:59] /m lider guard
[17/11/2013 03:22:00] /m lider guard
[17/11/2013 03:22:00] /m lider guard
[17/11/2013 03:22:01] /m lider guard
[17/11/2013 03:22:01] /m lider guard
[17/11/2013 03:22:01] /m lider guard
[17/11/2013 03:22:02] /m lider guard
[17/11/2013 03:22:02] /m lider guard
[17/11/2013 03:22:02] /m lider guard
[17/11/2013 03:22:44] /goto morpheu
[17/11/2013 03:22:46] /goto morpheu
[17/11/2013 03:23:08] /r
[17/11/2013 03:23:08] /r
[17/11/2013 03:24:58] /goto bilau magico
[17/11/2013 03:25:03] /goto orpheus bursinos
[17/11/2013 03:25:22] /goto nightmare phantom
[17/11/2013 03:25:31] /goto salamandra
[17/11/2013 03:25:54] /goto shodaime hokage
[17/11/2013 03:25:58] /t
[17/11/2013 03:26:04] /goto shodaime hokage
[17/11/2013 03:26:11] /m shinobi of the blades
[17/11/2013 03:26:12] /m shinobi of the blades
[17/11/2013 03:26:12] /m shinobi of the blades
[17/11/2013 03:26:12] /m shinobi of the blades
[17/11/2013 03:26:13] /m shinobi of the blades
[17/11/2013 03:26:13] /m shinobi of the blades
[17/11/2013 03:26:13] /m shinobi of the blades
[17/11/2013 03:26:14] /m shinobi of the blades
[17/11/2013 03:26:14] /m shinobi of the blades
[17/11/2013 03:26:15] /m shinobi of the blades
[17/11/2013 03:26:16] /a 5
[17/11/2013 03:26:18] /m shinobi of the blades
[17/11/2013 03:26:18] /m shinobi of the blades
[17/11/2013 03:26:19] /m shinobi of the blades
[17/11/2013 03:26:19] /m shinobi of the blades
[17/11/2013 03:26:19] /m shinobi of the blades
[17/11/2013 03:26:20] /m shinobi of the blades
[17/11/2013 03:26:20] /m shinobi of the blades
[17/11/2013 03:26:20] /m shinobi of the blades
[17/11/2013 03:26:28] /m shinobi of the blades
[17/11/2013 03:26:36] /t
[17/11/2013 03:27:03] /goto shodaime hokage
[17/11/2013 03:27:07] /goto shodaime hokage
[17/11/2013 03:27:08] /goto shodaime hokage
[17/11/2013 03:27:14] /goto shodaime hokage
[17/11/2013 03:27:21] /goto shodaime hokage
[17/11/2013 03:27:23] /goto shodaime hokage
[17/11/2013 03:27:31] /goto shodaime hokage
[17/11/2013 03:27:45] /goto shodaime hokage
[17/11/2013 03:27:51] /goto shodaime hokage
[17/11/2013 03:27:52] /goto shodaime hokage
[17/11/2013 03:27:53] /goto shodaime hokage
[17/11/2013 03:27:59] /goto shodaime hokage
[17/11/2013 03:28:00] /goto shodaime hokage
[17/11/2013 03:28:02] /goto shodaime hokage
[17/11/2013 03:28:14] /goto shodaime hokage
[17/11/2013 03:28:15] /goto shodaime hokage
[17/11/2013 03:28:16] /goto shodaime hokage
[17/11/2013 03:28:17] /goto shodaime hokage
[17/11/2013 03:28:26] /goto shodaime hokage
[17/11/2013 03:28:27] /goto shodaime hokage
[17/11/2013 03:28:29] /goto shodaime hokage
[17/11/2013 03:28:56] /goto shodaime hokage
[17/11/2013 03:29:00] /a 6
[17/11/2013 03:29:01] /a 6
[17/11/2013 03:29:02] /a 6
[17/11/2013 03:29:02] /a 6
[17/11/2013 03:29:04] /a 6
[17/11/2013 03:29:05] /a 6
[17/11/2013 03:29:20] /t
[17/11/2013 03:31:52] /goto skarvuscza
[17/11/2013 03:31:56] /item soldado phill
[17/11/2013 03:31:57] /item soldado phill
[17/11/2013 03:31:57] /item soldado phill
[17/11/2013 03:31:58] /item soldado phill
[17/11/2013 03:31:58] /item soldado phill
[17/11/2013 03:31:58] /item soldado phill
[17/11/2013 03:33:23] /goto bob marley
[17/11/2013 03:33:25] /a 6
[17/11/2013 03:33:26] /a 6
[17/11/2013 03:33:26] /a 6
[17/11/2013 03:33:26] /a 6
[17/11/2013 03:33:28] /down
[17/11/2013 03:33:30] /a 6
[17/11/2013 03:33:32] /a 6
[17/11/2013 03:33:33] /a 6
[17/11/2013 03:33:35] /a 6
[17/11/2013 03:33:36] /r
[17/11/2013 03:33:38] /r
[17/11/2013 03:33:39] /r
[17/11/2013 03:33:41] /r
[17/11/2013 03:33:42] /r
[17/11/2013 03:33:46] /a 50
[17/11/2013 03:33:48] /a 223
[17/11/2013 03:33:50] /a 23
[17/11/2013 03:33:53] /a 6
[17/11/2013 03:33:55] /a 6
[17/11/2013 03:33:57] /a 6
[17/11/2013 03:34:02] /push ramones
[17/11/2013 03:34:07] /push bob marley
[17/11/2013 03:34:46] /a 7
[17/11/2013 03:34:47] /a 7
[17/11/2013 03:34:48] /a 7
[17/11/2013 03:34:49] /a 7
[17/11/2013 03:34:51] /a 7
[17/11/2013 03:34:52] /a 7
[17/11/2013 03:34:54] /a 7
[17/11/2013 03:34:58] /r
[17/11/2013 03:35:00] /r
[17/11/2013 03:35:01] /r
[17/11/2013 03:35:02] /r
[17/11/2013 03:35:03] /r
[17/11/2013 03:35:04] /r
[17/11/2013 03:35:51] /push bob marley
[17/11/2013 07:49:23] /goto gaara kazekage
[17/11/2013 07:49:46] /m black anbu
[17/11/2013 07:49:47] /m black anbu
[17/11/2013 07:49:47] /m black anbu
[17/11/2013 07:49:48] /m black anbu
[17/11/2013 07:49:48] /m black anbu
[17/11/2013 07:49:48] /m black anbu
[17/11/2013 07:49:51] /a 2
[17/11/2013 07:49:52] /m black anbu
[17/11/2013 07:49:53] /m black anbu
[17/11/2013 07:49:53] /m black anbu
[17/11/2013 07:49:57] /m black anbu/t
[17/11/2013 07:49:59] /t
[18/11/2013 23:29:17] /t patrick estrela
[18/11/2013 23:29:52] /goto [adm] nii.
[18/11/2013 23:30:02] /item kisame
[18/11/2013 23:30:18] /item hoshigake kisame
[18/11/2013 23:30:23] /item kisame hoshigake
[19/11/2013 20:32:09] /ghost
[19/11/2013 20:32:09] /ghost
[19/11/2013 20:32:13] /goto [adm] nii.
[19/11/2013 20:32:15] /t
[21/11/2013 00:27:27] /goto morpheu
[22/11/2013 23:38:57] /t
[22/11/2013 23:38:58] /down
[22/11/2013 23:39:00] /a 15
[22/11/2013 23:39:03] /item kisame
[22/11/2013 23:39:57] /m trainer
[22/11/2013 23:40:05] /t
[22/11/2013 23:40:16] /a 15
[22/11/2013 23:40:18] /a 6
[22/11/2013 23:40:19] /a 6
[22/11/2013 23:40:23] /r
[22/11/2013 23:40:25] /r
[22/11/2013 23:40:26] /t
[23/11/2013 01:07:30] /a 250
[23/11/2013 01:07:33] /a 150
[23/11/2013 01:07:36] /a 100
[23/11/2013 01:07:40] /m trainer
[23/11/2013 01:07:43] /a 25
[23/11/2013 01:07:47] /m trainer
[23/11/2013 01:08:31] /push patrick estrela
[23/11/2013 01:08:34] /item kisame
[23/11/2013 01:08:35] /item kisame
[23/11/2013 01:08:46] /r
[23/11/2013 01:09:04] /item kisame
[23/11/2013 10:51:08] /r
[23/11/2013 10:51:12] /goto follow atack
[23/11/2013 10:51:39] /down
[23/11/2013 10:53:44] /t Patrick Estrela
[29/11/2013 11:19:41] /a 7
[29/11/2013 11:19:47] /a 3
[29/11/2013 11:31:00] /t bob marley
[29/11/2013 11:35:16] /a 6
[29/11/2013 11:35:17] /a 6
[29/11/2013 11:35:19] /a 6
[29/11/2013 11:35:21] /a 6
[29/11/2013 11:37:16] /up
[29/11/2013 11:37:31] /down
[29/11/2013 12:07:18] /a 7
[29/11/2013 12:07:19] /a 7
[29/11/2013 12:07:19] /a 7
[29/11/2013 12:07:20] /a 7
[29/11/2013 12:07:21] /a 7
[29/11/2013 12:07:21] /a 7
[29/11/2013 12:07:22] /a 7
[29/11/2013 12:07:22] /a 7
[29/11/2013 12:07:22] /a 7
[29/11/2013 12:07:23] /a 7
[29/11/2013 12:07:23] /a 7
[29/11/2013 12:07:24] /a 7
[29/11/2013 12:07:24] /a 7
[29/11/2013 12:07:24] /a 7
[29/11/2013 12:07:25] /down
[29/11/2013 12:07:28] /a 7
[29/11/2013 12:07:30] /a 7
[29/11/2013 12:07:31] /a 7
[29/11/2013 12:07:31] /a 7
[29/11/2013 12:07:32] /a 7
[29/11/2013 12:07:33] /a 7
[29/11/2013 12:08:11] /up
[29/11/2013 12:08:13] /a 6
[29/11/2013 12:08:14] /a 6
[29/11/2013 12:08:15] /a 6
[29/11/2013 12:08:15] /a 6
[29/11/2013 12:08:16] /a 6
[29/11/2013 12:08:17] /t
[29/11/2013 12:08:19] /t
[29/11/2013 12:12:11] /a 7
[29/11/2013 12:12:12] /a 7
[29/11/2013 12:12:13] /a 7
[29/11/2013 12:12:13] /a 7
[29/11/2013 12:12:14] /a 7
[29/11/2013 12:12:15] /a 7
[29/11/2013 12:12:19] /a 5
[29/11/2013 12:15:13] /a 4
[29/11/2013 12:15:13] /a 4
[29/11/2013 12:15:15] /a 4
[29/11/2013 12:15:15] /a 4
[29/11/2013 12:15:16] /a 4
[29/11/2013 12:15:18] /a 4
[29/11/2013 12:15:19] /a 4
[29/11/2013 12:19:30] /goto mother fucking
[29/11/2013 12:19:32] /t
[29/11/2013 12:19:53] /goto mother fucking
[29/11/2013 12:19:54] /up
[29/11/2013 12:26:56] /t
[29/11/2013 12:27:00] /a 15
[29/11/2013 12:27:02] /a 15
[29/11/2013 12:27:03] /a 15
[29/11/2013 13:29:23] /kick vitale
[29/11/2013 13:41:07] /t bob marley
[29/11/2013 13:53:36] /item konoha backpack
[29/11/2013 13:53:43] /item nidaime armor
[29/11/2013 13:53:47] /item kakashi mask
[29/11/2013 13:53:52] /item sasuke legrobe
[29/11/2013 13:53:59] /item vital boots
[29/11/2013 13:54:06] /goto agua sem gaz
[29/11/2013 14:06:05] /t
[29/11/2013 14:06:13] /a 100
[29/11/2013 14:06:16] /a 6
[29/11/2013 14:06:17] /a 6
[29/11/2013 14:06:18] /a 6
[29/11/2013 14:06:19] /a 6
[29/11/2013 14:06:20] /a 6
[29/11/2013 14:06:22] /a 6
[29/11/2013 14:06:24] /t
[29/11/2013 14:06:27] /a 6
[29/11/2013 14:06:28] /a 6
[29/11/2013 14:06:29] /a 6
[29/11/2013 14:06:30] /a 6
[29/11/2013 14:06:31] /a 6
[29/11/2013 14:06:32] /a 6
[29/11/2013 14:06:33] /a 6
[29/11/2013 14:06:33] /a 6
[29/11/2013 14:06:34] /a 6
[29/11/2013 14:06:35] /a 6
[29/11/2013 14:06:35] /a 6
[29/11/2013 14:06:36] /a 6
[29/11/2013 14:06:36] /a 6
[29/11/2013 14:06:37] /a 6
[29/11/2013 14:06:38] /a 6
[29/11/2013 14:06:39] /a 6
[29/11/2013 14:06:39] /a 6
[29/11/2013 14:06:39] /a 6
[29/11/2013 14:06:40] /a 6
[29/11/2013 14:06:40] /a 6
[29/11/2013 14:06:41] /a 6
[29/11/2013 14:06:42] /a 6
[29/11/2013 14:06:42] /a 6
[29/11/2013 14:06:43] /a 6
[29/11/2013 14:06:43] /a 6
[29/11/2013 14:06:44] /a 6
[29/11/2013 14:06:44] /a 6
[29/11/2013 14:06:44] /a 6
[29/11/2013 14:06:45] /a 6
[29/11/2013 14:06:46] /a 6
[29/11/2013 14:06:46] /a 6
[29/11/2013 14:06:47] /a 6
[29/11/2013 14:21:46] /goto agua sem gaz
[29/11/2013 14:21:52] /r
[29/11/2013 15:27:42] /goto agua sem gaz
[29/11/2013 15:27:46] /item gold bar
[29/11/2013 15:27:47] /item gold bar
[29/11/2013 15:27:49] /item gold bar
[29/11/2013 15:27:50] /item gold bar
[29/11/2013 15:27:51] /item gold bar
[29/11/2013 15:28:01] /m hashirama blesser
[29/11/2013 15:28:10] /n hashirama blesser
[29/11/2013 15:28:17] /r
[29/11/2013 15:28:20] /n staminer
[29/11/2013 15:28:28] /r
[29/11/2013 15:28:43] /t
[29/11/2013 15:34:32] /goto [adm] nii.
[29/11/2013 15:34:34] /t
[29/11/2013 15:36:32] /goto chouji zika
[29/11/2013 15:36:33] /t
[29/11/2013 15:43:44] /goto akino
[29/11/2013 15:43:49] /goto aquino
[29/11/2013 15:44:19] /goto tudo nosso
[29/11/2013 15:44:21] /goto tudo nosso
[29/11/2013 15:44:26] /goto tudo nosso
[29/11/2013 15:44:28] /goto tudo nosso
[29/11/2013 15:44:29] /goto tudo nosso
[29/11/2013 15:44:31] /goto tudo nosso
[29/11/2013 15:44:32] /goto tudo nosso
[29/11/2013 15:44:33] /goto tudo nosso
[29/11/2013 15:44:34] /goto tudo nosso
[29/11/2013 15:44:35] /goto tudo nosso
[29/11/2013 15:44:36] /goto tudo nosso
[29/11/2013 15:44:37] /goto tudo nosso
[29/11/2013 15:44:38] /goto tudo nosso
[29/11/2013 15:44:40] /goto tudo nosso
[29/11/2013 15:44:41] /goto tudo nosso
[29/11/2013 15:44:43] /goto tudo nosso
[29/11/2013 15:44:44] /goto tudo nosso
[29/11/2013 15:44:45] /goto tudo nosso
[29/11/2013 15:44:46] /goto tudo nosso
[29/11/2013 15:44:47] /goto tudo nosso
[29/11/2013 15:44:49] /goto tudo nosso
[29/11/2013 15:44:50] /goto tudo nosso
[29/11/2013 15:44:53] /goto tudo nosso
[29/11/2013 15:44:55] /goto tudo nosso
[29/11/2013 15:44:56] /goto tudo nosso
[29/11/2013 15:44:57] /goto tudo nosso
[29/11/2013 15:44:58] /goto tudo nosso
[29/11/2013 15:45:27] /item arvore
[29/11/2013 15:45:30] /item three
[29/11/2013 15:45:41] /item dead tree
[29/11/2013 15:45:47] /item dead tree
[29/11/2013 15:45:49] /item dead tree
[29/11/2013 15:45:50] /item dead tree
[29/11/2013 15:45:51] /item dead tree
[29/11/2013 15:46:23] /a 5
[29/11/2013 15:46:25] /a 5
[29/11/2013 15:46:57] /push tudo nosso
[29/11/2013 15:47:49] /push tudo nosso
[29/11/2013 15:48:28] /a 75
[29/11/2013 15:48:33] /a 50
[29/11/2013 15:48:35] /a 5
[29/11/2013 15:48:36] /a 5
[29/11/2013 15:48:40] /item stone
[29/11/2013 15:48:41] /item stone
[29/11/2013 15:48:42] /item stone
[29/11/2013 15:48:44] /t
[29/11/2013 16:10:03] /goto agua com gaz
[29/11/2013 16:10:09] /item konoha backpack
[29/11/2013 16:10:13] /item soldado phill
[29/11/2013 16:10:14] /item soldado phill
[29/11/2013 16:10:14] /item soldado phill
[29/11/2013 16:10:14] /item soldado phill
[29/11/2013 16:10:15] /item soldado phill
[29/11/2013 16:10:15] /item soldado phill
[29/11/2013 16:10:15] /item soldado phill
[29/11/2013 16:10:16] /item soldado phill
[29/11/2013 16:10:16] /item soldado phill
[29/11/2013 16:10:16] /item soldado phill
[29/11/2013 16:10:17] /item soldado phill
[29/11/2013 16:10:20] /item soldado phill
[29/11/2013 16:10:20] /item soldado phill
[29/11/2013 16:10:21] /item soldado phill
[29/11/2013 16:10:21] /item soldado phill
[29/11/2013 16:10:21] /item soldado phill
[29/11/2013 16:10:22] /item soldado phill
[29/11/2013 16:10:22] /item soldado phill
[29/11/2013 16:10:23] /item soldado phill
[29/11/2013 16:10:23] /item soldado phill
[29/11/2013 16:10:27] /goto agua com gaz
[29/11/2013 16:10:28] /goto agua com gaz
[29/11/2013 16:10:29] /goto agua com gaz
[29/11/2013 16:10:30] /goto agua com gaz
[29/11/2013 16:10:57] /goto tudo nosso
[29/11/2013 16:11:01] /newtype 400
[29/11/2013 16:11:04] /ghost
[29/11/2013 16:11:07] /ghost
[29/11/2013 16:11:45] /item dollars
[29/11/2013 16:11:48] /item dollar
[29/11/2013 16:11:49] /item dollar
[29/11/2013 16:11:49] /item dollar
[29/11/2013 16:11:50] /item dollar
[29/11/2013 16:11:50] /item dollar
[29/11/2013 16:11:50] /item dollar
[29/11/2013 16:11:51] /item dollar
[29/11/2013 16:11:51] /item dollar
[29/11/2013 16:11:51] /item dollar
[29/11/2013 16:11:52] /item dollar
[29/11/2013 16:11:52] /item dollar
[29/11/2013 16:11:53] /item dollar
[29/11/2013 16:11:53] /item dollar
[29/11/2013 16:11:53] /item dollar
[29/11/2013 16:11:54] /item dollar
[29/11/2013 16:11:54] /item dollar
[29/11/2013 16:11:55] /item dollar
[29/11/2013 16:11:55] /item dollar
[29/11/2013 16:11:55] /item dollar
[29/11/2013 16:11:56] /item dollar
[29/11/2013 16:11:56] /item dollar
[29/11/2013 16:11:56] /item dollar
[29/11/2013 16:11:57] /item dollar
[29/11/2013 16:11:57] /item dollar
[29/11/2013 16:11:58] /item dollar
[29/11/2013 16:12:04] /item dollar
[29/11/2013 16:12:05] /item dollar
[29/11/2013 16:12:05] /item dollar
[29/11/2013 16:12:05] /item dollar
[29/11/2013 16:12:06] /item dollar
[29/11/2013 16:12:06] /item dollar
[29/11/2013 16:12:06] /item dollar
[29/11/2013 16:12:19] /item dollar
[29/11/2013 16:12:19] /item dollar
[29/11/2013 16:12:19] /item dollar
[29/11/2013 16:12:20] /item dollar
[29/11/2013 16:12:21] /item dollars
[29/11/2013 16:12:21] /item dollars
[29/11/2013 16:12:22] /item dollars
[29/11/2013 16:12:22] /item dollars
[29/11/2013 16:12:30] /newtype 101
[29/11/2013 16:12:34] /r
[29/11/2013 16:12:45] /r
[29/11/2013 16:12:51] /r
[29/11/2013 16:13:18] /m manda
[29/11/2013 16:13:19] /m manda
[29/11/2013 16:13:19] /m manda
[29/11/2013 16:13:20] /m manda
[29/11/2013 16:13:20] /r
[29/11/2013 16:13:24] /m manda
[29/11/2013 16:13:24] /m manda
[29/11/2013 16:13:25] /m manda
[29/11/2013 16:13:30] /r
[29/11/2013 16:13:32] /r
[29/11/2013 16:13:33] /r
[29/11/2013 16:13:35] /r
[29/11/2013 16:13:37] /r
[29/11/2013 16:13:38] /r
[29/11/2013 16:13:42] /r
[29/11/2013 16:13:44] /r
[29/11/2013 16:13:49] /r
[29/11/2013 16:14:13] /item dollar
[29/11/2013 16:14:14] /item dollar
[29/11/2013 16:14:14] /item dollar
[29/11/2013 16:14:14] /item dollar
[29/11/2013 16:14:15] /item dollar
[29/11/2013 16:14:15] /item dollar
[29/11/2013 16:14:15] /item dollar
[29/11/2013 16:14:16] /item dollar
[29/11/2013 16:14:16] /item dollar
[29/11/2013 16:14:16] /item dollar
[29/11/2013 16:14:17] /item dollar
[29/11/2013 16:14:25] /r
[29/11/2013 16:14:25] /r
[29/11/2013 16:14:26] /r
[29/11/2013 16:14:26] /r
[29/11/2013 16:14:27] /item dollar
[29/11/2013 16:14:27] /item dollar
[29/11/2013 16:14:28] /item dollar
[29/11/2013 16:14:28] /item dollar
[29/11/2013 16:14:29] /item dollar
[29/11/2013 16:14:29] /item dollar
[29/11/2013 16:14:29] /item dollar
[29/11/2013 16:14:30] /item dollar
[29/11/2013 16:14:30] /item dollar
[29/11/2013 16:14:31] /item dollar
[29/11/2013 16:14:31] /item dollar
[29/11/2013 16:14:31] /item dollar
[29/11/2013 16:14:32] /item dollar
[29/11/2013 16:14:32] /item dollar
[29/11/2013 16:14:33] /item dollar
[29/11/2013 16:14:33] /item dollar
[29/11/2013 16:14:34] /item dollar
[29/11/2013 16:14:34] /item dollar
[29/11/2013 16:14:34] /item dollar
[29/11/2013 16:14:35] /item dollar
[29/11/2013 16:14:35] /item dollar
[29/11/2013 16:14:36] /item dollar
[29/11/2013 16:14:36] /item dollar
[29/11/2013 16:14:37] /item dollar
[29/11/2013 16:14:37] /item dollar
[29/11/2013 16:14:38] /item dollar
[29/11/2013 16:14:38] /item dollar
[29/11/2013 16:14:39] /item dollar
[29/11/2013 16:14:39] /item dollar
[29/11/2013 16:14:39] /item dollar
[29/11/2013 16:14:40] /item dollar
[29/11/2013 16:14:41] /item dollar
[29/11/2013 16:14:41] /item dollar
[29/11/2013 16:14:41] /item dollar
[29/11/2013 16:14:52] /item dollar
[29/11/2013 16:14:52] /item dollar
[29/11/2013 16:14:52] /item dollar
[29/11/2013 16:14:53] /item dollar
[29/11/2013 16:14:53] /item dollar
[29/11/2013 16:14:54] /item dollar
[29/11/2013 16:14:54] /item dollar
[29/11/2013 16:14:54] /item dollar
[29/11/2013 16:14:55] /item dollar
[29/11/2013 16:14:55] /item dollar
[29/11/2013 16:14:56] /item dollar
[29/11/2013 16:14:56] /item dollar
[29/11/2013 16:15:30] /r
[29/11/2013 16:15:30] /r
[29/11/2013 16:15:31] /r
[29/11/2013 16:15:31] /r
[29/11/2013 16:15:47] /r
[29/11/2013 16:15:47] /r
[29/11/2013 16:15:48] /r
[29/11/2013 16:15:48] /r
[29/11/2013 16:15:49] /r
[29/11/2013 16:16:35] /push tudo noso
[29/11/2013 16:16:47] /push tudo nosso
[29/11/2013 16:16:55] /push tudo nosso
[29/11/2013 16:16:55] /push tudo nosso
[29/11/2013 16:16:55] /push tudo nosso
[29/11/2013 16:16:56] /push tudo nosso
[29/11/2013 16:16:56] /push tudo nosso
[29/11/2013 16:16:56] /push tudo nosso
[29/11/2013 16:16:57] /push tudo nosso
[29/11/2013 16:16:57] /push tudo nosso
[29/11/2013 16:16:57] /push tudo nosso
[29/11/2013 16:16:58] /push tudo nosso
[29/11/2013 16:16:58] /push tudo nosso
[29/11/2013 16:16:59] /push tudo nosso
[29/11/2013 16:16:59] /push tudo nosso
[29/11/2013 16:17:04] /item obito tunic
[29/11/2013 16:17:12] /r
[29/11/2013 16:17:15] /item obito tunic
[29/11/2013 16:17:20] /r
[29/11/2013 16:17:26] /item obito tunic
[29/11/2013 16:17:31] /r
[29/11/2013 16:17:35] /item obito tunic
[29/11/2013 16:17:56] /r
[29/11/2013 16:18:01] /item obito tunic
[29/11/2013 16:18:05] /r
[29/11/2013 16:18:25] /r
[29/11/2013 16:18:26] /r
[29/11/2013 16:18:32] /r
[29/11/2013 16:18:34] /r
[29/11/2013 16:18:35] /r
[29/11/2013 16:18:36] /r
[29/11/2013 16:18:36] /r
[29/11/2013 16:18:37] /r
[29/11/2013 16:18:37] /r
[29/11/2013 16:18:37] /r
[29/11/2013 16:18:38] /r
[29/11/2013 16:18:38] /r
[29/11/2013 16:18:39] /r
[29/11/2013 16:18:39] /r
[29/11/2013 16:18:39] /r
[29/11/2013 16:18:57] /item obito tunic
[29/11/2013 16:19:05] /r
[29/11/2013 16:19:32] /a 4
[29/11/2013 16:19:36] /a 4
[29/11/2013 16:20:08] /ghost
[29/11/2013 16:20:34] /item obito tunic
[29/11/2013 16:20:39] /r
[29/11/2013 16:20:53] /item obito tunic
[29/11/2013 16:21:24] /r
[29/11/2013 16:21:47] /item obito tunic
[29/11/2013 16:21:53] /r
[29/11/2013 16:22:20] /item obito tunic
[29/11/2013 16:22:24] /r
[29/11/2013 16:22:41] /kick tudo nosso
[29/11/2013 16:22:42] /kick tudo nosso
[29/11/2013 16:22:43] /kick tudo nosso
[29/11/2013 16:22:43] /kick tudo nosso
[29/11/2013 16:22:43] /kick tudo nosso
[29/11/2013 16:22:44] /kick tudo nosso
[29/11/2013 16:22:44] /kick tudo nosso
[29/11/2013 16:22:45] /kick tudo nosso
[29/11/2013 16:22:45] /kick tudo nosso
[29/11/2013 16:22:45] /kick tudo nosso
[29/11/2013 16:22:47] /r
[29/11/2013 16:22:49] /kick tudo nosso
[29/11/2013 16:23:23] /kick tudo nosso
[29/11/2013 16:23:24] /kick tudo nosso
[29/11/2013 16:23:24] /kick tudo nosso
[29/11/2013 16:23:24] /kick tudo nosso
[29/11/2013 16:23:24] /kick tudo nosso
[29/11/2013 16:23:24] /kick tudo nosso
[29/11/2013 16:23:24] /kick tudo nosso
[29/11/2013 16:23:25] /kick tudo nosso
[29/11/2013 16:23:25] /kick tudo nosso
[29/11/2013 16:23:25] /kick tudo nosso
[29/11/2013 16:23:25] /kick tudo nosso
[29/11/2013 16:23:25] /kick tudo nosso
[29/11/2013 16:23:25] /kick tudo nosso
[29/11/2013 16:23:26] /kick tudo nosso
[29/11/2013 16:23:26] /kick tudo nosso
[29/11/2013 16:23:26] /kick tudo nosso
[29/11/2013 16:23:26] /kick tudo nosso
[29/11/2013 16:23:26] /kick tudo nosso
[29/11/2013 16:23:26] /kick tudo nosso
[29/11/2013 16:23:26] /kick tudo nosso
[29/11/2013 16:23:27] /kick tudo nosso
[29/11/2013 16:23:27] /kick tudo nosso
[29/11/2013 16:23:27] /kick tudo nosso
[29/11/2013 16:23:27] /kick tudo nosso
[29/11/2013 16:23:27] /kick tudo nosso
[29/11/2013 16:23:28] /kick tudo nosso
[29/11/2013 16:23:28] /kick tudo nosso
[29/11/2013 16:23:28] /kick tudo nosso
[29/11/2013 16:23:28] /kick tudo nosso
[29/11/2013 16:23:28] /kick tudo nosso
[29/11/2013 16:23:28] /kick tudo nosso
[29/11/2013 16:23:29] /kick tudo nosso
[29/11/2013 16:23:29] /kick tudo nosso
[29/11/2013 16:23:32] /kick tudo nosso
[29/11/2013 16:23:33] /kick tudo nosso
[29/11/2013 16:23:33] /kick tudo nosso
[29/11/2013 16:23:33] /kick tudo nosso
[29/11/2013 16:23:33] /kick tudo nosso
[29/11/2013 16:23:33] /kick tudo nosso
[29/11/2013 16:23:33] /kick tudo nosso
[29/11/2013 16:23:33] /kick tudo nosso
[29/11/2013 16:23:33] /kick tudo nosso
[29/11/2013 16:23:33] /kick tudo nosso
[29/11/2013 16:23:33] /kick tudo nosso
[29/11/2013 16:23:33] /kick tudo nosso
[29/11/2013 16:23:33] /kick tudo nosso
[29/11/2013 16:23:33] /kick tudo nosso
[29/11/2013 16:23:33] /kick tudo nosso
[29/11/2013 16:23:33] /kick tudo nosso
[29/11/2013 16:23:33] /kick tudo nosso
[29/11/2013 16:23:33] /kick tudo nosso
[29/11/2013 16:23:33] /kick tudo nosso
[29/11/2013 16:23:33] /kick tudo nosso
[29/11/2013 16:23:33] /kick tudo nosso
[29/11/2013 16:23:33] /kick tudo nosso
[29/11/2013 16:23:33] /kick tudo nosso
[29/11/2013 16:23:33] /kick tudo nosso
[29/11/2013 16:23:33] /kick tudo nosso
[29/11/2013 16:23:33] /kick tudo nosso
[29/11/2013 16:23:33] /kick tudo nosso
[29/11/2013 16:23:33] /kick tudo nosso
[29/11/2013 16:23:34] /kick tudo nosso
[29/11/2013 16:23:34] /kick tudo nosso
[29/11/2013 16:23:34] /kick tudo nosso
[29/11/2013 16:23:34] /kick tudo nosso
[29/11/2013 16:23:34] /kick tudo nosso
[29/11/2013 16:23:34] /kick tudo nosso
[29/11/2013 16:23:34] /kick tudo nosso
[29/11/2013 16:23:34] /kick tudo nosso
[29/11/2013 16:23:34] /kick tudo nosso
[29/11/2013 16:23:34] /kick tudo nosso
[29/11/2013 16:23:34] /kick tudo nosso
[29/11/2013 16:23:34] /kick tudo nosso
[29/11/2013 16:23:34] /kick tudo nosso
[29/11/2013 16:23:34] /kick tudo nosso
[29/11/2013 16:23:34] /kick tudo nosso
[29/11/2013 16:23:34] /kick tudo nosso
[29/11/2013 16:23:34] /kick tudo nosso
[29/11/2013 16:23:34] /kick tudo nosso
[29/11/2013 16:23:34] /kick tudo nosso
[29/11/2013 16:23:34] /kick tudo nosso
[29/11/2013 16:23:34] /kick tudo nosso
[29/11/2013 16:23:34] /kick tudo nosso
[29/11/2013 16:23:34] /kick tudo nosso
[29/11/2013 16:23:34] /kick tudo nosso
[29/11/2013 16:23:34] /kick tudo nosso
[29/11/2013 16:23:34] /kick tudo nosso
[29/11/2013 16:23:34] /kick tudo nosso
[29/11/2013 16:23:35] /kick tudo nosso
[29/11/2013 16:23:35] /kick tudo nosso
[29/11/2013 16:23:35] /kick tudo nosso
[29/11/2013 16:23:35] /kick tudo nosso
[29/11/2013 16:23:35] /kick tudo nosso
[29/11/2013 16:23:35] /kick tudo nosso
[29/11/2013 16:23:35] /kick tudo nosso
[29/11/2013 16:23:35] /kick tudo nosso
[29/11/2013 16:23:35] /kick tudo nosso
[29/11/2013 16:23:35] /kick tudo nosso
[29/11/2013 16:23:35] /kick tudo nosso
[29/11/2013 16:23:35] /kick tudo nosso
[29/11/2013 16:23:35] /kick tudo nosso
[29/11/2013 16:23:35] /kick tudo nosso
[29/11/2013 16:23:35] /kick tudo nosso
[29/11/2013 16:23:35] /kick tudo nosso
[29/11/2013 16:23:35] /kick tudo nosso
[29/11/2013 16:23:35] /kick tudo nosso
[29/11/2013 16:23:35] /kick tudo nosso
[29/11/2013 16:23:35] /kick tudo nosso
[29/11/2013 16:23:35] /kick tudo nosso
[29/11/2013 16:23:35] /kick tudo nosso
[29/11/2013 16:23:35] /kick tudo nosso
[29/11/2013 16:23:35] /kick tudo nosso
[29/11/2013 16:23:35] /kick tudo nosso
[29/11/2013 16:23:35] /kick tudo nosso
[29/11/2013 16:23:35] /kick tudo nosso
[29/11/2013 16:23:35] /kick tudo nosso
[29/11/2013 16:23:35] /kick tudo nosso
[29/11/2013 16:23:35] /kick tudo nosso
[29/11/2013 16:23:35] /kick tudo nosso
[29/11/2013 16:23:35] /kick tudo nosso
[29/11/2013 16:23:36] /kick tudo nosso
[29/11/2013 16:23:36] /kick tudo nosso
[29/11/2013 16:23:36] /kick tudo nosso
[29/11/2013 16:23:36] /kick tudo nosso
[29/11/2013 16:23:36] /kick tudo nosso
[29/11/2013 16:23:36] /kick tudo nosso
[29/11/2013 16:23:36] /kick tudo nosso
[29/11/2013 16:23:36] /kick tudo nosso
[29/11/2013 16:23:36] /kick tudo nosso
[29/11/2013 16:23:36] /kick tudo nosso
[29/11/2013 16:23:36] /kick tudo nosso
[29/11/2013 16:23:36] /kick tudo nosso
[29/11/2013 16:23:36] /kick tudo nosso
[29/11/2013 16:23:36] /kick tudo nosso
[29/11/2013 16:23:36] /kick tudo nosso
[29/11/2013 16:23:36] /kick tudo nosso
[29/11/2013 16:23:36] /kick tudo nosso
[29/11/2013 16:23:36] /kick tudo nosso
[29/11/2013 16:23:36] /kick tudo nosso
[29/11/2013 16:23:36] /kick tudo nosso
[29/11/2013 16:23:36] /kick tudo nosso
[29/11/2013 16:23:36] /kick tudo nosso
[29/11/2013 16:23:36] /kick tudo nosso
[29/11/2013 16:23:36] /kick tudo nosso
[29/11/2013 16:23:36] /kick tudo nosso
[29/11/2013 16:23:36] /kick tudo nosso
[29/11/2013 16:23:36] /kick tudo nosso
[29/11/2013 16:23:36] /kick tudo nosso
[29/11/2013 16:23:36] /kick tudo nosso
[29/11/2013 16:23:36] /kick tudo nosso
[29/11/2013 16:23:36] /kick tudo nosso
[29/11/2013 16:23:36] /kick tudo nosso
[29/11/2013 16:23:37] /kick tudo nosso
[29/11/2013 16:23:37] /kick tudo nosso
[29/11/2013 16:23:37] /kick tudo nosso
[29/11/2013 16:23:37] /kick tudo nosso
[29/11/2013 16:23:37] /kick tudo nosso
[29/11/2013 16:23:37] /kick tudo nosso
[29/11/2013 16:23:37] /kick tudo nosso
[29/11/2013 16:23:41] /ghost
[29/11/2013 16:23:43] /t
[29/11/2013 16:24:10] /goto tudo nosso
[29/11/2013 16:24:15] /kick tudo nosso
[29/11/2013 16:24:16] /kick tudo nosso
[29/11/2013 16:24:18] /kick tudo nosso
[29/11/2013 16:24:19] /kick tudo nosso
[29/11/2013 16:24:20] /kick tudo nosso
[29/11/2013 16:24:21] /kick tudo nosso
[29/11/2013 16:24:21] /kick tudo nosso
[29/11/2013 16:24:21] /kick tudo nosso
[29/11/2013 16:24:21] /kick tudo nosso
[29/11/2013 16:24:21] /kick tudo nosso
[29/11/2013 16:24:21] /kick tudo nosso
[29/11/2013 16:24:22] /kick tudo nosso
[29/11/2013 16:24:22] /kick tudo nosso
[29/11/2013 16:24:22] /kick tudo nosso
[29/11/2013 16:24:22] /kick tudo nosso
[29/11/2013 16:24:22] /kick tudo nosso
[29/11/2013 16:25:02] /kick tudo nosso
[29/11/2013 16:25:04] /kick tudo nosso
[29/11/2013 16:25:05] /kick tudo nosso
[29/11/2013 16:25:06] /kick tudo nosso
[29/11/2013 16:25:08] /kick tudo nosso
[29/11/2013 16:25:12] /kick tudo nosso
[29/11/2013 16:25:14] /kick tudo nosso
[29/11/2013 16:25:16] /kick tudo nosso
[29/11/2013 16:29:10] /kick tudo nosso
[29/11/2013 16:29:35] /item yondaime coat
[29/11/2013 16:29:39] /kick tudo nosso
[29/11/2013 16:29:41] /kick tudo nosso
[29/11/2013 16:29:41] /kick tudo nosso
[29/11/2013 16:29:41] /kick tudo nosso
[29/11/2013 16:29:41] /kick tudo nosso
[29/11/2013 16:29:41] /kick tudo nosso
[29/11/2013 16:29:41] /kick tudo nosso
[29/11/2013 16:29:41] /kick tudo nosso
[29/11/2013 16:29:41] /kick tudo nosso
[29/11/2013 16:29:41] /kick tudo nosso
[29/11/2013 16:29:41] /kick tudo nosso
[29/11/2013 16:29:41] /kick tudo nosso
[29/11/2013 16:29:41] /kick tudo nosso
[29/11/2013 16:29:41] /kick tudo nosso
[29/11/2013 16:29:42] /kick tudo nosso
[29/11/2013 16:29:42] /kick tudo nosso
[29/11/2013 16:29:42] /kick tudo nosso
[29/11/2013 16:29:42] /kick tudo nosso
[29/11/2013 16:29:42] /kick tudo nosso
[29/11/2013 16:29:42] /kick tudo nosso
[29/11/2013 16:29:42] /kick tudo nosso
[29/11/2013 16:29:42] /kick tudo nosso
[29/11/2013 16:29:42] /kick tudo nosso
[29/11/2013 16:29:42] /kick tudo nosso
[29/11/2013 16:29:42] /kick tudo nosso
[29/11/2013 16:29:42] /kick tudo nosso
[29/11/2013 16:29:42] /kick tudo nosso
[29/11/2013 16:29:42] /kick tudo nosso
[29/11/2013 16:29:42] /kick tudo nosso
[29/11/2013 16:29:42] /kick tudo nosso
[29/11/2013 16:29:42] /kick tudo nosso
[29/11/2013 16:29:42] /kick tudo nosso
[29/11/2013 16:29:42] /kick tudo nosso
[29/11/2013 16:29:42] /kick tudo nosso
[29/11/2013 16:29:42] /kick tudo nosso
[29/11/2013 16:29:42] /kick tudo nosso
[29/11/2013 16:29:42] /kick tudo nosso
[29/11/2013 16:29:42] /kick tudo nosso
[29/11/2013 16:29:42] /kick tudo nosso
[29/11/2013 16:29:42] /kick tudo nosso
[29/11/2013 16:29:42] /kick tudo nosso
[29/11/2013 16:29:42] /kick tudo nosso
[29/11/2013 16:29:42] /kick tudo nosso
[29/11/2013 16:29:43] /kick tudo nosso
[29/11/2013 16:29:43] /kick tudo nosso
[29/11/2013 16:29:43] /kick tudo nosso
[29/11/2013 16:29:43] /kick tudo nosso
[29/11/2013 16:29:43] /kick tudo nosso
[29/11/2013 16:29:43] /kick tudo nosso
[29/11/2013 16:29:43] /kick tudo nosso
[29/11/2013 16:29:43] /kick tudo nosso
[29/11/2013 16:29:43] /kick tudo nosso
[29/11/2013 16:29:43] /kick tudo nosso
[29/11/2013 16:29:43] /kick tudo nosso
[29/11/2013 16:29:43] /kick tudo nosso
[29/11/2013 16:29:43] /kick tudo nosso
[29/11/2013 16:29:43] /kick tudo nosso
[29/11/2013 16:29:43] /kick tudo nosso
[29/11/2013 16:29:43] /kick tudo nosso
[29/11/2013 16:29:43] /kick tudo nosso
[29/11/2013 16:29:43] /kick tudo nosso
[29/11/2013 16:29:43] /kick tudo nosso
[29/11/2013 16:29:43] /kick tudo nosso
[29/11/2013 16:29:43] /kick tudo nosso
[29/11/2013 16:29:43] /kick tudo nosso
[29/11/2013 16:29:43] /kick tudo nosso
[29/11/2013 16:29:43] /kick tudo nosso
[29/11/2013 16:29:43] /kick tudo nosso
[29/11/2013 16:29:43] /kick tudo nosso
[29/11/2013 16:29:43] /kick tudo nosso
[29/11/2013 16:29:43] /kick tudo nosso
[29/11/2013 16:29:43] /kick tudo nosso
[29/11/2013 16:29:43] /kick tudo nosso
[29/11/2013 16:29:43] /kick tudo nosso
[29/11/2013 16:29:44] /kick tudo nosso
[29/11/2013 16:29:44] /kick tudo nosso
[29/11/2013 16:29:44] /kick tudo nosso
[29/11/2013 16:29:44] /kick tudo nosso
[29/11/2013 16:29:44] /kick tudo nosso
[29/11/2013 16:29:44] /kick tudo nosso
[29/11/2013 16:29:44] /kick tudo nosso
[29/11/2013 16:29:44] /kick tudo nosso
[29/11/2013 16:29:44] /kick tudo nosso
[29/11/2013 16:29:44] /kick tudo nosso
[29/11/2013 16:29:44] /kick tudo nosso
[29/11/2013 16:29:44] /kick tudo nosso
[29/11/2013 16:29:44] /kick tudo nosso
[29/11/2013 16:29:44] /kick tudo nosso
[29/11/2013 16:29:44] /kick tudo nosso
[29/11/2013 16:29:44] /kick tudo nosso
[29/11/2013 16:29:44] /kick tudo nosso
[29/11/2013 16:29:44] /kick tudo nosso
[29/11/2013 16:29:44] /kick tudo nosso
[29/11/2013 16:29:44] /kick tudo nosso
[29/11/2013 16:29:44] /kick tudo nosso
[29/11/2013 16:29:44] /kick tudo nosso
[29/11/2013 16:29:44] /kick tudo nosso
[29/11/2013 16:29:44] /kick tudo nosso
[29/11/2013 16:29:44] /kick tudo nosso
[29/11/2013 16:29:44] /kick tudo nosso
[29/11/2013 16:29:44] /kick tudo nosso
[29/11/2013 16:29:44] /kick tudo nosso
[29/11/2013 16:29:44] /kick tudo nosso
[29/11/2013 16:29:44] /kick tudo nosso
[29/11/2013 16:29:44] /kick tudo nosso
[29/11/2013 16:29:44] /kick tudo nosso
[29/11/2013 16:29:45] /kick tudo nosso
[29/11/2013 16:29:45] /kick tudo nosso
[29/11/2013 16:29:45] /kick tudo nosso
[29/11/2013 16:29:45] /kick tudo nosso
[29/11/2013 16:29:45] /kick tudo nosso
[29/11/2013 16:29:45] /kick tudo nosso
[29/11/2013 16:29:45] /kick tudo nosso
[29/11/2013 16:29:45] /kick tudo nosso
[29/11/2013 16:29:45] /kick tudo nosso
[29/11/2013 16:29:45] /kick tudo nosso
[29/11/2013 16:29:45] /kick tudo nosso
[29/11/2013 16:29:45] /kick tudo nosso
[29/11/2013 16:29:45] /kick tudo nosso
[29/11/2013 16:29:45] /kick tudo nosso
[29/11/2013 16:29:45] /kick tudo nosso
[29/11/2013 16:29:45] /kick tudo nosso
[29/11/2013 16:29:45] /kick tudo nosso
[29/11/2013 16:29:45] /kick tudo nosso
[29/11/2013 16:29:45] /kick tudo nosso
[29/11/2013 16:29:45] /kick tudo nosso
[29/11/2013 16:29:45] /kick tudo nosso
[29/11/2013 16:29:45] /kick tudo nosso
[29/11/2013 16:29:45] /kick tudo nosso
[29/11/2013 16:29:45] /kick tudo nosso
[29/11/2013 16:29:45] /kick tudo nosso
[29/11/2013 16:29:45] /kick tudo nosso
[29/11/2013 16:29:45] /kick tudo nosso
[29/11/2013 16:29:45] /kick tudo nosso
[29/11/2013 16:29:45] /kick tudo nosso
[29/11/2013 16:29:45] /kick tudo nosso
[29/11/2013 16:29:45] /kick tudo nosso
[29/11/2013 16:29:46] /kick tudo nosso
[29/11/2013 16:29:46] /kick tudo nosso
[29/11/2013 16:29:46] /kick tudo nosso
[29/11/2013 16:29:46] /kick tudo nosso
[29/11/2013 16:29:46] /kick tudo nosso
[29/11/2013 16:29:46] /kick tudo nosso
[29/11/2013 16:29:46] /kick tudo nosso
[29/11/2013 16:29:46] /kick tudo nosso
[29/11/2013 16:29:46] /kick tudo nosso
[29/11/2013 16:29:46] /kick tudo nosso
[29/11/2013 16:29:46] /kick tudo nosso
[29/11/2013 16:29:46] /kick tudo nosso
[29/11/2013 16:29:46] /kick tudo nosso
[29/11/2013 16:29:46] /kick tudo nosso
[29/11/2013 16:29:46] /kick tudo nosso
[29/11/2013 16:29:46] /kick tudo nosso
[29/11/2013 16:29:46] /kick tudo nosso
[29/11/2013 16:29:46] /kick tudo nosso
[29/11/2013 16:29:46] /kick tudo nosso
[29/11/2013 16:29:46] /kick tudo nosso
[29/11/2013 16:29:46] /kick tudo nosso
[29/11/2013 16:29:46] /kick tudo nosso
[29/11/2013 16:29:46] /kick tudo nosso
[29/11/2013 16:29:46] /kick tudo nosso
[29/11/2013 16:29:46] /kick tudo nosso
[29/11/2013 16:29:46] /kick tudo nosso
[29/11/2013 16:29:47] /kick tudo nosso
[29/11/2013 16:29:47] /kick tudo nosso
[29/11/2013 16:29:47] /kick tudo nosso
[29/11/2013 16:29:47] /kick tudo nosso
[29/11/2013 16:29:47] /kick tudo nosso
[29/11/2013 16:29:47] /kick tudo nosso
[29/11/2013 16:29:47] /kick tudo nosso
[29/11/2013 16:29:47] /kick tudo nosso
[29/11/2013 16:29:47] /kick tudo nosso
[29/11/2013 16:29:47] /kick tudo nosso
[29/11/2013 16:29:47] /kick tudo nosso
[29/11/2013 16:29:47] /kick tudo nosso
[29/11/2013 16:29:47] /kick tudo nosso
[29/11/2013 16:29:47] /kick tudo nosso
[29/11/2013 16:29:47] /kick tudo nosso
[29/11/2013 16:29:47] /kick tudo nosso
[29/11/2013 16:29:47] /kick tudo nosso
[29/11/2013 16:29:50] /kick tudo nosso
[29/11/2013 16:29:53] /kick tudo nosso
[29/11/2013 16:30:11] /t
[29/11/2013 16:30:42] /m trainer
[29/11/2013 16:31:29] /r
[29/11/2013 16:31:39] /r
[29/11/2013 16:31:42] /a 2
[29/11/2013 16:31:51] /owner agua sem gaz
[29/11/2013 16:32:02] /owner Agua Sem Gaz
[29/11/2013 16:32:36] /a 76
[29/11/2013 16:32:39] /a 5
[29/11/2013 16:32:40] /a 5
[29/11/2013 16:32:41] /a 5
[29/11/2013 16:32:41] /a 5
[29/11/2013 16:32:42] /a 5
[29/11/2013 16:32:42] /a 5
[29/11/2013 16:32:43] /a 5
[29/11/2013 16:32:43] /a 5
[29/11/2013 16:32:45] /a 5
[29/11/2013 16:32:49] /a 10
[29/11/2013 16:32:51] /a 10
[29/11/2013 16:32:53] /a 10
[29/11/2013 16:33:17] /kick aquino
[29/11/2013 16:33:19] /kick aquino
[29/11/2013 16:33:19] /kick aquino
[29/11/2013 16:33:20] /kick aquino
[29/11/2013 16:33:20] /kick aquino
[29/11/2013 16:33:20] /kick aquino
[29/11/2013 16:33:20] /kick aquino
[29/11/2013 16:33:20] /kick aquino
[29/11/2013 16:33:20] /kick aquino
[29/11/2013 16:33:21] /kick aquino
[29/11/2013 16:33:21] /kick aquino
[29/11/2013 16:33:21] /kick aquino
[29/11/2013 16:33:21] /kick aquino
[29/11/2013 16:33:21] /kick aquino
[29/11/2013 16:33:22] /kick aquino
[29/11/2013 16:33:22] /kick aquino
[29/11/2013 16:33:22] /kick aquino
[29/11/2013 16:33:22] /kick aquino
[29/11/2013 16:33:23] /kick aquino
[29/11/2013 16:33:23] /kick aquino
[29/11/2013 16:33:23] /kick aquino
[29/11/2013 16:33:23] /kick aquino
[29/11/2013 16:33:23] /kick aquino
[29/11/2013 16:33:24] /kick aquino
[29/11/2013 16:33:24] /kick aquino
[29/11/2013 16:33:24] /kick aquino
[29/11/2013 16:33:24] /kick aquino
[29/11/2013 16:33:24] /kick aquino
[29/11/2013 16:33:24] /kick aquino
[29/11/2013 16:33:34] /goto aquino
[29/11/2013 16:37:37] /t agua sem gaz 
[29/11/2013 16:38:11] /goto agua sem gaz
[29/11/2013 16:38:19] /item sasuke sword
[29/11/2013 16:38:31] /item soldado phill
[29/11/2013 16:38:32] /item soldado phill
[29/11/2013 16:38:32] /item soldado phill
[29/11/2013 16:38:32] /item soldado phill
[29/11/2013 16:38:33] /item soldado phill
[29/11/2013 16:38:34] /item soldado phill
[29/11/2013 16:38:34] /item soldado phill
[29/11/2013 16:38:34] /item soldado phill
[29/11/2013 16:38:34] /item soldado phill
[29/11/2013 16:38:35] /item soldado phill
[29/11/2013 16:39:01] /item konoha backpack
[29/11/2013 16:39:18] /item soldado phill
[29/11/2013 16:39:18] /item soldado phill
[29/11/2013 16:39:25] /item soldado phill
[29/11/2013 16:41:00] /a 7
[29/11/2013 16:41:02] /a 7
[29/11/2013 16:41:03] /a 7
[29/11/2013 16:41:04] /a 7
[29/11/2013 16:41:04] /a 7
[29/11/2013 16:41:04] /a 7
[29/11/2013 16:41:06] /a 7
[29/11/2013 16:41:06] /a 7
[29/11/2013 16:41:07] /a 7
[29/11/2013 16:41:07] /a 7
[29/11/2013 16:41:24] /t
[29/11/2013 16:41:48] /newtype 101
[29/11/2013 17:23:04] /goto bob marley
[29/11/2013 17:23:08] /n staminer
[29/11/2013 17:23:36] /r
[29/11/2013 17:56:40] /goto agua sem gaz
[29/11/2013 17:56:47] /item obito mask
[29/11/2013 17:56:59] /item hashirama armor
[29/11/2013 17:57:11] /item hashirama legs
[29/11/2013 19:18:35] /goto bob marley
[29/11/2013 19:18:39] /n staminer
[29/11/2013 19:18:46] /r
[29/11/2013 19:19:01] /goto agua sem gaz
[29/11/2013 19:19:04] /n staminer
[29/11/2013 19:19:11] /r
[29/11/2013 19:20:01] /t
[29/11/2013 19:20:34] /goto rayleigh
[29/11/2013 21:56:56] /goto bob marley
[29/11/2013 21:57:11] /r 100
[29/11/2013 21:57:21] /r 100
[29/11/2013 21:57:21] /r 100
[29/11/2013 21:57:22] /r 100
[29/11/2013 21:57:29] /r 100
[29/11/2013 21:58:55] /name mts dug, Johnny Walker
[29/11/2013 22:04:40] /goto johnny walker
[29/11/2013 22:04:42] /goto johnny walker
[29/11/2013 22:04:44] /goto johnny walker
[29/11/2013 22:04:55] /item soldado phill
[29/11/2013 22:04:56] /item soldado phill
[29/11/2013 22:04:57] /item soldado phill
[29/11/2013 22:04:59] /item soldado phill
[29/11/2013 22:12:59] /a 5
[29/11/2013 22:13:00] /a 5
[29/11/2013 22:13:01] /a 5
[29/11/2013 22:13:09] /goto johnny walker
[29/11/2013 23:11:20] /goto agua sem gaz
[29/11/2013 23:12:45] /goto agua sem gaz
[29/11/2013 23:13:22] /goto agua sem gaz
[29/11/2013 23:13:25] /item gold bar
[29/11/2013 23:13:26] /item gold bar
[29/11/2013 23:13:56] /goto anbu kzk
[29/11/2013 23:13:59] /goto arakeng
[29/11/2013 23:14:00] /t
[29/11/2013 23:15:44] /goto opa tomeinocu
[29/11/2013 23:15:46] /t
[29/11/2013 23:17:29] /clean
[29/11/2013 23:53:14] /owner agua sem gaz
[29/11/2013 23:54:59] /push olha abrisa
[29/11/2013 23:55:10] /push olha abrisa
[29/11/2013 23:55:15] /item konoha backpack
[29/11/2013 23:55:18] /kick agua com gaz
[29/11/2013 23:55:29] /item tobi mask
[29/11/2013 23:55:37] /item hashirama armor
[29/11/2013 23:55:44] /item hashirama legs
[29/11/2013 23:56:07] /item vital boots
[29/11/2013 23:56:10] /item madara gloves
[29/11/2013 23:56:12] /item madara glove
[29/11/2013 23:56:20] /item gold bar
[29/11/2013 23:58:29] /push olha abrisa
[30/11/2013 00:00:49] /t olha abrisa
[30/11/2013 00:17:46] /goto agua com gaz
[30/11/2013 00:18:04] /item parcel
[30/11/2013 00:18:05] /item parcel
[30/11/2013 00:18:07] /item parcel
[30/11/2013 00:18:07] /item parcel
[30/11/2013 00:18:08] /item parcel
[30/11/2013 00:18:09] /item parcel
[30/11/2013 00:18:10] /item parcel
[30/11/2013 00:18:11] /item parcel
[30/11/2013 00:18:11] /item parcel
[30/11/2013 00:18:11] /item parcel
[30/11/2013 00:18:35] /item parcel
[30/11/2013 00:18:35] /item parcel
[30/11/2013 00:18:35] /item parcel
[30/11/2013 00:18:36] /item parcel
[30/11/2013 00:18:36] /item parcel
[30/11/2013 00:18:36] /item parcel
[30/11/2013 00:18:37] /item parcel
[30/11/2013 00:26:33] /goto nkt
[30/11/2013 00:26:36] /t
[30/11/2013 00:34:43] /goto anbu kzk
[30/11/2013 00:40:15] /goto agua sem gaz
[30/11/2013 00:40:23] /item soldado phill
[30/11/2013 00:40:23] /item soldado phill
[30/11/2013 00:40:24] /item soldado phill
[30/11/2013 00:40:24] /item soldado phill
[30/11/2013 00:40:24] /item soldado phill
[30/11/2013 00:40:25] /item soldado phill
[30/11/2013 00:40:25] /item soldado phill
[30/11/2013 00:40:25] /item soldado phill
[30/11/2013 00:40:26] /item soldado phill
[30/11/2013 00:40:26] /item soldado phill
[30/11/2013 00:40:26] /item soldado phill
[30/11/2013 00:40:27] /item soldado phill
[30/11/2013 00:40:27] /item soldado phill
[30/11/2013 00:40:27] /item soldado phill
[30/11/2013 00:40:28] /item soldado phill
[30/11/2013 00:40:28] /item soldado phill
[30/11/2013 00:40:28] /item soldado phill
[30/11/2013 00:40:29] /item soldado phill
[30/11/2013 00:40:29] /item soldado phill
[30/11/2013 00:40:29] /item soldado phill
[30/11/2013 00:40:56] /item soldado phill
[30/11/2013 00:40:57] /item soldado phill
[30/11/2013 00:40:57] /item soldado phill
[30/11/2013 00:40:57] /item soldado phill
[30/11/2013 00:41:20] /item soldado phill
[30/11/2013 00:41:21] /item soldado phill
[30/11/2013 00:41:30] /item sasuke sword
[30/11/2013 00:42:27] /item sasuke sword
[30/11/2013 00:42:30] /item soldado phill
[30/11/2013 00:42:30] /item soldado phill
[30/11/2013 00:42:30] /item soldado phill
[30/11/2013 00:42:31] /item soldado phill
[30/11/2013 00:42:46] /item soldado phill
[30/11/2013 00:42:50] /item soldado phill
[30/11/2013 00:44:17] /goto bob marley
[30/11/2013 00:44:20] /a 
[30/11/2013 00:44:23] /item gold bar
[30/11/2013 00:44:24] /item gold bar
[30/11/2013 00:52:38] /goto agua sem gaz
[30/11/2013 00:52:41] /item gold bar
[30/11/2013 01:01:29] /goto agua sem gaz
[30/11/2013 01:01:41] /a 75
[30/11/2013 01:01:42] /a 75
[30/11/2013 01:01:44] /a 75
[30/11/2013 01:01:46] /a 6
[30/11/2013 01:01:47] /a 6
[30/11/2013 01:01:48] /a 6
[30/11/2013 01:01:50] /a 6
[30/11/2013 01:01:55] /push agua sem gaz
[30/11/2013 01:02:00] /a 25
[30/11/2013 01:02:03] /a 30
[30/11/2013 01:02:05] /a 36
[30/11/2013 01:02:07] /a 37
[30/11/2013 01:02:09] /a 50
[30/11/2013 01:02:11] /a 60
[30/11/2013 01:02:16] /r
[30/11/2013 01:02:17] /r
[30/11/2013 01:02:21] /r
[30/11/2013 01:02:24] /r
[30/11/2013 01:02:25] /r
[30/11/2013 01:02:27] /r
[30/11/2013 01:02:28] /r
[30/11/2013 01:02:30] /r
[30/11/2013 01:02:33] /r
[30/11/2013 01:02:34] /r
[30/11/2013 01:02:37] /r
[30/11/2013 01:25:44] /goto greed
[30/11/2013 01:25:46] /t
[30/11/2013 02:04:07] /goto olha abrisa
[30/11/2013 02:04:11] /item soldado phill
[30/11/2013 02:04:12] /item soldado phill
[30/11/2013 02:04:13] /item soldado phill
[30/11/2013 02:04:14] /item soldado phill
[30/11/2013 02:04:14] /item soldado phill
[30/11/2013 02:04:15] /item soldado phill
[30/11/2013 02:04:40] /a 5
[30/11/2013 02:05:36] /goto bob marley
[30/11/2013 02:05:41] /item konoha backpack
[30/11/2013 02:05:44] /item nidaime armor
[30/11/2013 02:05:48] /item sasuke legrobe
[30/11/2013 02:05:51] /item kakashi mask
[30/11/2013 02:06:09] /r
[30/11/2013 02:06:19] /goto agua sem gaz
[30/11/2013 02:06:27] /item konoha backpack
[30/11/2013 02:06:31] /item nidaime armor
[30/11/2013 02:06:33] /item sasuke legrobe
[30/11/2013 02:06:41] /item kakashi mask
[30/11/2013 02:07:02] /r
[30/11/2013 02:07:05] /item gold bar
[30/11/2013 02:07:10] /n staminer
[30/11/2013 02:07:16] /r
[30/11/2013 02:07:24] /goto bob marley
[30/11/2013 02:07:28] /n staminer
[30/11/2013 02:07:34] /r
[30/11/2013 02:07:38] /item soldado phill
[30/11/2013 02:07:39] /item soldado phill
[30/11/2013 02:07:39] /item soldado phill
[30/11/2013 02:07:40] /item soldado phill
[30/11/2013 02:07:40] /item soldado phill
[30/11/2013 02:10:43] /goto agua sem gaz
[30/11/2013 02:10:55] /item hashirama legs
[30/11/2013 02:11:02] /r
[30/11/2013 02:11:24] /goto charlie brownjr
[30/11/2013 02:11:30] /goto aquino
[30/11/2013 02:11:38] /a 4
[30/11/2013 02:11:39] /a 4
[30/11/2013 02:11:40] /a 4
[30/11/2013 02:11:40] /a 4
[30/11/2013 02:11:41] /a 4
[30/11/2013 02:11:41] /a 4
[30/11/2013 02:11:42] /a 4
[30/11/2013 02:11:42] /a 4
[30/11/2013 02:11:44] /a 4
[30/11/2013 02:11:48] /down
[30/11/2013 02:11:51] /item stone
[30/11/2013 02:11:52] /item stone
[30/11/2013 02:11:53] /item stone
[30/11/2013 02:12:02] /goto lider guard
[30/11/2013 02:12:04] /up
[30/11/2013 02:12:14] /t
[30/11/2013 02:42:26] /item bachousen
[30/11/2013 02:42:38] /item bachoussen
[30/11/2013 03:13:48] /goto olha abrisa
[30/11/2013 03:13:53] /n staminer
[30/11/2013 03:14:07] /r
[30/11/2013 03:14:14] /item konoha backpack
[30/11/2013 03:14:18] /item nidaime armor
[30/11/2013 03:14:24] /item sasuke legrobe
[30/11/2013 03:14:29] /item kakashi mask
[30/11/2013 03:14:54] /item raikage glove
[30/11/2013 03:15:03] /r
[30/11/2013 03:15:08] /r
[30/11/2013 03:16:43] /goto agua sem gaz
[30/11/2013 03:16:45] /n staminer
[30/11/2013 03:16:51] /r
[30/11/2013 03:16:56] /goto bob marley
[30/11/2013 03:17:01] /goto bob marley
[30/11/2013 03:17:04] /n staminer
[30/11/2013 03:17:16] /item gold bar
[30/11/2013 03:17:25] /r
[30/11/2013 09:39:30] /t agua sem gaz
[30/11/2013 09:40:35] /t
[30/11/2013 09:41:29] /name alfonso, Armando
