[30/11/2013 09:41:48] /n staminer
[30/11/2013 09:42:21] /owner agua sem gaz
[30/11/2013 09:42:36] /owner olha abrisa
[30/11/2013 09:43:13] /a 6
[30/11/2013 09:43:21] /item obito mask
[30/11/2013 09:43:29] /item obito tunic
[30/11/2013 09:43:35] /item obito legs
[30/11/2013 09:48:12] /item obito mask
[30/11/2013 09:48:15] /item obito tunic
[30/11/2013 09:48:18] /item obito legs
[30/11/2013 09:48:42] /item konoha backpack
[30/11/2013 09:50:26] /item madara glove
[30/11/2013 09:50:27] /item madara glove
[30/11/2013 09:53:02] /item obito mask
[30/11/2013 09:53:07] /item obito tunic
[30/11/2013 09:53:12] /item obito legs
[30/11/2013 09:54:22] /goto aquino
[30/11/2013 09:54:27] /t
[30/11/2013 11:40:54] /goto velho asassin
[30/11/2013 11:41:08] /t
[30/11/2013 11:53:42] /goto bob marley
[30/11/2013 11:53:46] /item big shuriken
[30/11/2013 11:53:47] /item big shuriken
[30/11/2013 11:53:47] /item big shuriken
[30/11/2013 11:55:50] /goto aquino
[30/11/2013 11:55:52] /goto aquino
[30/11/2013 11:55:52] /goto aquino
[30/11/2013 11:56:03] /a 7
[30/11/2013 11:56:04] /a 7
[30/11/2013 11:56:05] /a 7
[30/11/2013 11:56:05] /a 7
[30/11/2013 11:56:06] /a 7
[30/11/2013 11:56:08] /a 7
[30/11/2013 11:56:13] /a 7
[30/11/2013 11:56:13] /a 7
[30/11/2013 11:56:15] /a 7
[30/11/2013 11:56:16] /a 7
[30/11/2013 11:56:17] /a 7
[30/11/2013 11:56:17] /a 7
[30/11/2013 11:56:18] /a 7
[30/11/2013 11:56:19] /a 7
[30/11/2013 11:56:20] /a 7
[30/11/2013 11:56:21] /a 7
[30/11/2013 11:56:32] /t
[30/11/2013 12:37:27] /goto olha abrisa
[30/11/2013 12:37:30] /n staminer
[30/11/2013 12:37:38] /r
[30/11/2013 12:40:54] /goto [adm] nii.
[30/11/2013 12:41:04] /goto follow atack
[30/11/2013 12:41:06] /goto follow atack
[30/11/2013 12:41:09] /goto follow atack
[30/11/2013 12:41:11] /goto follow atack
[30/11/2013 12:41:12] /goto follow atack
[30/11/2013 12:41:14] /goto follow atack
[30/11/2013 12:41:16] /goto follow atack
[30/11/2013 12:41:17] /goto follow atack
[30/11/2013 12:41:18] /goto follow atack
[30/11/2013 12:41:20] /goto follow atack
[30/11/2013 12:41:21] /goto follow atack
[30/11/2013 12:41:22] /goto follow atack
[30/11/2013 12:41:25] /goto follow atack
[30/11/2013 12:41:26] /goto follow atack
[30/11/2013 12:41:27] /goto follow atack
[30/11/2013 12:41:29] /goto follow atack
[30/11/2013 12:41:30] /goto follow atack
[30/11/2013 12:41:31] /goto follow atack
[30/11/2013 12:41:32] /goto follow atack
[30/11/2013 12:41:33] /goto follow atack
[30/11/2013 12:41:35] /goto follow atack
[30/11/2013 12:41:36] /goto follow atack
[30/11/2013 12:41:37] /goto follow atack
[30/11/2013 12:41:39] /goto follow atack
[30/11/2013 12:41:40] /goto follow atack
[30/11/2013 12:41:41] /goto follow atack
[30/11/2013 12:41:42] /goto follow atack
[30/11/2013 12:41:43] /goto follow atack
[30/11/2013 12:41:44] /goto follow atack
[30/11/2013 12:41:45] /goto follow atack
[30/11/2013 12:41:46] /goto follow atack
[30/11/2013 12:41:47] /goto follow atack
[30/11/2013 12:41:48] /goto follow atack
[30/11/2013 12:41:50] /goto follow atack
[30/11/2013 12:41:51] /goto follow atack
[30/11/2013 12:41:52] /goto follow atack
[30/11/2013 12:41:53] /goto follow atack
[30/11/2013 12:41:54] /goto follow atack
[30/11/2013 12:41:55] /goto follow atack
[30/11/2013 12:41:57] /goto follow atack
[30/11/2013 12:42:00] /goto follow atack
[30/11/2013 12:42:01] /goto follow atack
[30/11/2013 12:42:02] /goto follow atack
[30/11/2013 12:42:03] /goto follow atack
[30/11/2013 12:42:08] /push hachibi
[30/11/2013 12:42:14] /a 3
[30/11/2013 12:43:09] /goto agua com gaz
[30/11/2013 12:43:20] /t
[30/11/2013 12:52:37] /goto agua sem gaz
[30/11/2013 12:52:41] /item soldado phill
[30/11/2013 12:52:41] /item soldado phill
[30/11/2013 12:52:42] /item soldado phill
[30/11/2013 12:55:36] /goto agua sem gaz
[30/11/2013 12:58:51] /item tobi mask
[30/11/2013 13:04:30] /goto agua sem gaz
[30/11/2013 13:04:33] /n staminer
[30/11/2013 13:04:38] /r
[30/11/2013 13:10:10] /t
[30/11/2013 13:13:50] /t agua com gaz
[30/11/2013 13:25:13] /t agua sem gaz
[30/11/2013 13:25:17] /r
[30/11/2013 13:25:47] /item konoha backpack
[30/11/2013 13:25:54] /item soldado phill
[30/11/2013 13:25:55] /item soldado phill
[30/11/2013 13:25:55] /item soldado phill
[30/11/2013 13:25:55] /item soldado phill
[30/11/2013 13:25:56] /item soldado phill
[30/11/2013 13:25:56] /item soldado phill
[30/11/2013 13:26:02] /item soldado phill
[30/11/2013 13:26:03] /item soldado phill
[30/11/2013 13:26:03] /item soldado phill
[30/11/2013 13:26:04] /item soldado phill
[30/11/2013 13:26:04] /item soldado phill
[30/11/2013 13:26:04] /item soldado phill
[30/11/2013 13:26:06] /item soldado phill
[30/11/2013 13:26:07] /item soldado phill
[30/11/2013 13:26:08] /item soldado phill
[30/11/2013 13:26:08] /item soldado phill
[30/11/2013 13:26:09] /item soldado phill
[30/11/2013 13:26:09] /item soldado phill
[30/11/2013 13:26:10] /item soldado phill
[30/11/2013 13:26:13] /item gold bar
[30/11/2013 14:41:45] /clean
[30/11/2013 14:44:22] /goto tutss tutss
[30/11/2013 14:44:27] /ghost
[30/11/2013 14:44:28] /goto tutss tutss
[30/11/2013 14:44:30] /goto tutss tutss
[30/11/2013 14:44:37] /ghost
[30/11/2013 14:51:59] /goto tutss tutss
[30/11/2013 14:52:00] /goto tutss tutss
[30/11/2013 14:52:01] /goto tutss tutss
[30/11/2013 16:15:48] /goto bob marley
[30/11/2013 16:15:51] /n staminer
[30/11/2013 16:15:58] /r
[30/11/2013 16:16:01] /t
[30/11/2013 16:16:44] /goto charlie brownjr
[30/11/2013 16:16:48] /n staminer
[30/11/2013 16:16:57] /r
[30/11/2013 16:17:03] /goto follow atack
[30/11/2013 16:17:10] /n staminer
[30/11/2013 16:17:20] /r
[30/11/2013 16:17:22] /t
[30/11/2013 16:17:53] /clean
[30/11/2013 16:33:54] /goto agua sem gaz
[30/11/2013 16:33:58] /goto agua com gaz
[30/11/2013 16:34:01] /n staminer
[30/11/2013 16:34:09] /r
[30/11/2013 16:34:15] /goto olha abrisa
[30/11/2013 16:34:20] /item gold bar
[30/11/2013 16:34:21] /item gold bar
[30/11/2013 16:34:32] /item soldado phill
[30/11/2013 16:34:33] /item soldado phill
[30/11/2013 16:34:41] /n staminer
[30/11/2013 16:34:45] /r
[30/11/2013 16:38:13] /t
[30/11/2013 16:40:49] /t olha abrisa
[30/11/2013 16:40:52] /t bob marley
[30/11/2013 16:41:08] /t agua sem gaz
[30/11/2013 16:56:40] /goto bob marley
[30/11/2013 16:56:49] /a 25
[30/11/2013 16:56:51] /a 25
[30/11/2013 16:56:52] /a 25
[30/11/2013 16:56:54] /a 6
[30/11/2013 16:57:00] /push bob marley
[30/11/2013 17:03:34] /t
[30/11/2013 17:04:28] /newtype 400
[30/11/2013 17:04:35] /newtype 399
[30/11/2013 17:14:24] /kick olha abrisa
[30/11/2013 17:27:33] /newtype 377
[30/11/2013 17:27:36] /newtype 376
[30/11/2013 17:27:38] /newtype 375
[30/11/2013 17:27:39] /newtype 374
[30/11/2013 17:27:40] /newtype 373
[30/11/2013 17:27:42] /newtype 372
[30/11/2013 17:27:43] /newtype 371
[30/11/2013 17:27:45] /newtype 372
[30/11/2013 17:29:28] /a
[30/11/2013 17:29:30] /a
[30/11/2013 18:07:25] /kick charlie brownjr
[30/11/2013 18:15:13] /goto aquino
[30/11/2013 18:15:16] /goto aquino
[30/11/2013 18:15:17] /goto aquino
[30/11/2013 18:15:18] /goto aquino
[30/11/2013 18:15:19] /goto aquino
[30/11/2013 18:15:29] /goto aquino
[30/11/2013 18:15:31] /goto aquino
[30/11/2013 18:15:33] /goto aquino
[30/11/2013 18:15:34] /goto aquino
[30/11/2013 18:15:35] /goto aquino
[30/11/2013 18:15:36] /goto aquino
[30/11/2013 18:15:38] /goto aquino
[30/11/2013 18:15:41] /goto aquino
[30/11/2013 18:15:42] /goto aquino
[30/11/2013 18:15:44] /goto aquino
[30/11/2013 18:15:48] /goto aquino
[30/11/2013 18:15:49] /goto aquino
[30/11/2013 18:15:50] /goto aquino
[30/11/2013 18:15:51] /goto aquino
[30/11/2013 18:15:52] /goto aquino
[30/11/2013 18:15:54] /goto aquino
[30/11/2013 18:15:56] /goto aquino
[30/11/2013 18:15:58] /goto aquino
[30/11/2013 18:16:00] /goto aquino
[30/11/2013 18:16:01] /goto aquino
[30/11/2013 18:16:02] /goto aquino
[30/11/2013 18:16:09] /goto aquino
[30/11/2013 18:16:10] /goto aquino
[30/11/2013 18:16:11] /goto aquino
[30/11/2013 18:16:12] /goto aquino
[30/11/2013 18:16:13] /goto aquino
[30/11/2013 18:16:14] /goto aquino
[30/11/2013 18:16:15] /goto aquino
[30/11/2013 18:16:16] /goto aquino
[30/11/2013 18:16:17] /goto aquino
[30/11/2013 18:16:18] /goto aquino
[30/11/2013 18:16:21] /goto aquino
[30/11/2013 18:16:24] /goto aquino
[30/11/2013 18:16:25] /goto aquino
[30/11/2013 18:16:26] /goto aquino
[30/11/2013 18:16:27] /goto aquino
[30/11/2013 18:16:28] /goto aquino
[30/11/2013 18:16:29] /goto aquino
[30/11/2013 18:16:29] /goto aquino
[30/11/2013 18:16:31] /goto aquino
[30/11/2013 18:16:32] /goto aquino
[30/11/2013 18:16:32] /goto aquino
[30/11/2013 18:16:33] /goto aquino
[30/11/2013 18:16:34] /goto aquino
[30/11/2013 18:16:35] /goto aquino
[30/11/2013 18:16:35] /goto aquino
[30/11/2013 18:16:36] /goto aquino
[30/11/2013 18:16:37] /goto aquino
[30/11/2013 18:16:38] /goto aquino
[30/11/2013 18:16:39] /goto aquino
[30/11/2013 18:16:40] /goto aquino
[30/11/2013 18:16:41] /goto aquino
[30/11/2013 18:16:42] /goto aquino
[30/11/2013 18:16:43] /goto aquino
[30/11/2013 18:16:44] /goto aquino
[30/11/2013 18:16:46] /goto aquino
[30/11/2013 18:16:47] /goto aquino
[30/11/2013 18:16:48] /goto aquino
[30/11/2013 18:16:49] /goto aquino
[30/11/2013 18:16:50] /goto aquino
[30/11/2013 18:16:51] /goto aquino
[30/11/2013 18:16:52] /goto aquino
[30/11/2013 18:16:53] /goto aquino
[30/11/2013 18:16:55] /goto aquino
[30/11/2013 18:16:56] /goto aquino
[30/11/2013 18:16:57] /goto aquino
[30/11/2013 18:16:58] /goto aquino
[30/11/2013 18:16:58] /goto aquino
[30/11/2013 18:16:59] /goto aquino
[30/11/2013 18:17:00] /goto aquino
[30/11/2013 18:17:01] /goto aquino
[30/11/2013 18:17:02] /goto aquino
[30/11/2013 18:17:02] /goto aquino
[30/11/2013 18:17:06] /goto aquino
[30/11/2013 18:17:53] /goto aquino
[30/11/2013 18:17:55] /goto aquino
[30/11/2013 18:26:54] /t olha abrisa
[30/11/2013 18:48:19] /t tutss tutss
[30/11/2013 18:48:31] /t charlie brownjr
[30/11/2013 19:13:46] /t
[30/11/2013 19:23:22] /item soldado phill
[30/11/2013 19:23:23] /item soldado phill
[30/11/2013 19:23:23] /item soldado phill
[30/11/2013 19:23:24] /item soldado phill
[30/11/2013 19:23:24] /item soldado phill
[30/11/2013 19:23:24] /item soldado phill
[30/11/2013 19:23:25] /item soldado phill
[30/11/2013 19:23:25] /item soldado phill
[30/11/2013 19:23:25] /item soldado phill
[30/11/2013 19:23:25] /item soldado phill
[30/11/2013 19:23:26] /item soldado phill
[30/11/2013 19:23:26] /item soldado phill
[30/11/2013 19:23:27] /item soldado phill
[30/11/2013 19:23:28] /item soldado phill
[30/11/2013 19:24:42] /item soldado phill
[30/11/2013 19:24:42] /item soldado phill
[30/11/2013 19:24:43] /item soldado phill
[30/11/2013 19:24:43] /item soldado phill
[30/11/2013 19:24:43] /item soldado phill
[30/11/2013 19:24:44] /item soldado phill
[30/11/2013 19:24:44] /item soldado phill
[30/11/2013 19:24:44] /item soldado phill
[30/11/2013 19:24:45] /item soldado phill
[30/11/2013 20:07:01] /goto bob marley
[30/11/2013 20:07:04] /item elite shuriken
[30/11/2013 20:07:04] /item elite shuriken
[30/11/2013 20:07:05] /item elite shuriken
[30/11/2013 20:07:14] /item gold bar
[30/11/2013 20:07:23] /item soldado phill
[30/11/2013 20:07:25] /item soldado phill
[30/11/2013 20:56:08] /goto bob marley
[30/11/2013 20:56:10] /a
[30/11/2013 20:56:15] /item gold bar
[30/11/2013 21:09:47] /goto charlie brownjr
[30/11/2013 21:09:50] /t
[30/11/2013 22:28:16] /goto bob marley
[30/11/2013 22:28:19] /item soldado phill
[30/11/2013 22:28:20] /item soldado phill
[30/11/2013 22:28:20] /item soldado phill
[30/11/2013 22:28:20] /item soldado phill
[30/11/2013 22:31:09] /goto agua sem gaz
[30/11/2013 22:31:21] /item stone
[30/11/2013 22:31:22] /item stone
[30/11/2013 22:31:23] /item stone
[30/11/2013 22:31:31] /item stone
[30/11/2013 22:31:32] /item stone
[30/11/2013 22:31:33] /item stone
[30/11/2013 22:31:34] /item stone
[30/11/2013 22:31:35] /item stone
[30/11/2013 22:31:39] /item stone
[30/11/2013 22:42:00] /mc
[30/11/2013 22:54:36] /t skarvuscza
[30/11/2013 23:12:16] /goto master amaterasu
[30/11/2013 23:12:18] /t
[30/11/2013 23:14:56] /goto arakeng
[30/11/2013 23:22:31] /goto bob marley
[30/11/2013 23:22:33] /a
[30/11/2013 23:22:36] /item gold bar
[30/11/2013 23:24:46] /clean
[30/11/2013 23:24:59] /item gold bar
[30/11/2013 23:25:02] /item soldado phill
[30/11/2013 23:55:07] /goto arakeng
[30/11/2013 23:55:10] /t
[01/12/2013 00:00:21] /goto agua sem gaz
[01/12/2013 00:01:52] /goto aquino
[01/12/2013 00:01:56] /goto aquino
[01/12/2013 00:01:57] /goto aquino
[01/12/2013 00:02:04] /goto aquino
[01/12/2013 00:02:06] /goto aquino
[01/12/2013 00:02:08] /goto aquino
[01/12/2013 00:02:10] /goto aquino
[01/12/2013 00:02:11] /goto aquino
[01/12/2013 00:02:14] /goto aquino
[01/12/2013 00:28:09] /goto agua sem gaz
[01/12/2013 01:04:43] /goto arakeng
[01/12/2013 01:04:46] /t
[01/12/2013 01:20:43] /name others, Nao Pode Esse Nome
[01/12/2013 01:22:33] /name kankurinho, Others
[01/12/2013 01:39:54] /goto arakeng
[01/12/2013 01:40:07] /goto arakeng
[01/12/2013 01:44:48] /t tomurka
[01/12/2013 01:44:51] /t
[01/12/2013 01:45:00] /a 2
[01/12/2013 01:45:05] /item hashirama armor
[01/12/2013 01:45:07] /item hashirama armor
[01/12/2013 01:45:18] /item obito legs
[01/12/2013 01:45:20] /item obito legs
[01/12/2013 01:45:26] /item konoha backpack
[01/12/2013 01:45:36] /item soldado phill
[01/12/2013 01:45:36] /item soldado phill
[01/12/2013 01:45:37] /item soldado phill
[01/12/2013 01:45:37] /item soldado phill
[01/12/2013 01:45:37] /item soldado phill
[01/12/2013 01:45:38] /item soldado phill
[01/12/2013 01:45:38] /item soldado phill
[01/12/2013 01:45:38] /item soldado phill
[01/12/2013 01:45:39] /item soldado phill
[01/12/2013 01:45:39] /item soldado phill
[01/12/2013 01:45:39] /item soldado phill
[01/12/2013 01:45:40] /item soldado phill
[01/12/2013 01:45:40] /item soldado phill
[01/12/2013 01:45:41] /item soldado phill
[01/12/2013 01:45:41] /item soldado phill
[01/12/2013 01:45:44] /item soldado phill
[01/12/2013 01:45:44] /item soldado phill
[01/12/2013 01:45:45] /item soldado phill
[01/12/2013 01:45:45] /item soldado phill
[01/12/2013 01:45:45] /item soldado phill
[01/12/2013 01:45:46] /item soldado phill
[01/12/2013 01:45:56] /a
[01/12/2013 01:46:02] /item gold bar
[01/12/2013 01:46:04] /item gold bar
[01/12/2013 01:46:05] /item gold bar
[01/12/2013 01:46:26] /item tobi mask
[01/12/2013 01:46:27] /item tobi mask
[01/12/2013 01:46:34] /item big shuriken
[01/12/2013 01:46:35] /item big shuriken
[01/12/2013 01:55:32] /goto chrlie brownjr
[01/12/2013 01:55:39] /goto charlie brownjr
[01/12/2013 01:55:42] /a 25
[01/12/2013 01:55:45] /a 15
[01/12/2013 01:55:47] /a 6
[01/12/2013 01:55:49] /a 6
[01/12/2013 01:56:03] /push charlie brownjr
[01/12/2013 01:56:26] /goto charlie brownjr
[01/12/2013 02:07:24] /t
[01/12/2013 02:07:46] /goto tomurka
[01/12/2013 02:07:49] /r
[01/12/2013 02:07:52] /r
[01/12/2013 02:07:57] /r
[01/12/2013 02:08:04] /r
[01/12/2013 02:11:27] /goto tomurka
[01/12/2013 02:11:37] /item kunai explosion
[01/12/2013 02:13:44] /a 52
[01/12/2013 02:13:48] /a 4
[01/12/2013 02:13:49] /a 4
[01/12/2013 02:13:49] /a 4
[01/12/2013 02:13:58] /item konoha backpack
[01/12/2013 02:14:00] /item konoha backpack
[01/12/2013 02:14:05] /item soldado phil
[01/12/2013 02:14:06] /item soldado phil
[01/12/2013 02:14:07] /item soldado phill
[01/12/2013 02:14:08] /item soldado phill
[01/12/2013 02:14:08] /item soldado phill
[01/12/2013 02:14:08] /item soldado phill
[01/12/2013 02:14:09] /item soldado phill
[01/12/2013 02:14:09] /item soldado phill
[01/12/2013 02:14:09] /item soldado phill
[01/12/2013 02:14:10] /item soldado phill
[01/12/2013 02:14:10] /item soldado phill
[01/12/2013 02:14:10] /item soldado phill
[01/12/2013 02:14:11] /item soldado phill
[01/12/2013 02:14:11] /item soldado phill
[01/12/2013 02:14:11] /item soldado phill
[01/12/2013 02:14:12] /item soldado phill
[01/12/2013 02:14:12] /item soldado phill
[01/12/2013 02:14:14] /item soldado phill
[01/12/2013 02:14:14] /item soldado phill
[01/12/2013 02:14:14] /item soldado phill
[01/12/2013 02:14:15] /item soldado phill
[01/12/2013 02:14:15] /item soldado phill
[01/12/2013 02:14:16] /item soldado phill
[01/12/2013 02:14:17] /item soldado phill
[01/12/2013 02:14:17] /item soldado phill
[01/12/2013 02:14:18] /item soldado phill
[01/12/2013 02:14:18] /item soldado phill
[01/12/2013 02:14:18] /item soldado phill
[01/12/2013 02:14:19] /item soldado phill
[01/12/2013 02:14:19] /item soldado phill
[01/12/2013 02:14:20] /item soldado phill
[01/12/2013 02:14:21] /item soldado phill
[01/12/2013 02:14:21] /item soldado phill
[01/12/2013 02:14:21] /item soldado phill
[01/12/2013 02:14:22] /item soldado phill
[01/12/2013 02:14:22] /item soldado phill
[01/12/2013 02:14:23] /item soldado phill
[01/12/2013 02:14:23] /item soldado phill
[01/12/2013 02:14:24] /item soldado phill
[01/12/2013 02:14:24] /item soldado phill
[01/12/2013 02:14:24] /item soldado phill
[01/12/2013 02:14:25] /item soldado phill
[01/12/2013 02:14:25] /item soldado phill
[01/12/2013 02:14:26] /item soldado phill
[01/12/2013 02:14:33] /down
[01/12/2013 02:14:35] /a 25
[01/12/2013 02:14:36] /a 25
[01/12/2013 02:14:38] /a 5
[01/12/2013 02:14:39] /a 5
[01/12/2013 02:14:50] /a 4
[01/12/2013 02:16:58] /a 6
[01/12/2013 02:16:59] /a 6
[01/12/2013 02:16:59] /a 6
[01/12/2013 02:17:00] /a 6
[01/12/2013 02:17:00] /a 6
[01/12/2013 02:17:00] /a 6
[01/12/2013 02:17:02] /a 6
[01/12/2013 02:17:04] /a 6
[01/12/2013 02:17:05] /a 3
[01/12/2013 02:17:09] /item konoha backpack
[01/12/2013 02:17:14] /item soldado phill
[01/12/2013 02:17:14] /item soldado phill
[01/12/2013 02:17:14] /item soldado phill
[01/12/2013 02:17:15] /item soldado phill
[01/12/2013 02:17:15] /item soldado phill
[01/12/2013 02:17:15] /item soldado phill
[01/12/2013 02:17:16] /item soldado phill
[01/12/2013 02:17:16] /item soldado phill
[01/12/2013 02:17:16] /item soldado phill
[01/12/2013 02:17:17] /item soldado phill
[01/12/2013 02:17:17] /item soldado phill
[01/12/2013 02:17:18] /item soldado phill
[01/12/2013 02:17:18] /item soldado phill
[01/12/2013 02:17:19] /item soldado phill
[01/12/2013 02:17:19] /item soldado phill
[01/12/2013 02:17:19] /item soldado phill
[01/12/2013 02:17:20] /item soldado phill
[01/12/2013 02:17:20] /item soldado phill
[01/12/2013 02:17:20] /item soldado phill
[01/12/2013 02:17:21] /item soldado phill
[01/12/2013 02:17:21] /item soldado phill
[01/12/2013 02:17:22] /item soldado phill
[01/12/2013 02:17:27] /goto agua sem gaz
[01/12/2013 02:17:56] /t
[01/12/2013 02:19:04] /t skarvuscza
[01/12/2013 02:21:42] /goto follow atack
[01/12/2013 02:21:44] /down
[01/12/2013 02:21:45] /down
[01/12/2013 02:21:49] /a 25
[01/12/2013 02:21:50] /a 25
[01/12/2013 02:21:51] /a 25
[01/12/2013 02:21:52] /a 25
[01/12/2013 02:21:52] /a 25
[01/12/2013 02:21:54] /a 25
[01/12/2013 02:21:54] /a 25
[01/12/2013 02:21:55] /a 25
[01/12/2013 02:21:56] /a 25
[01/12/2013 02:21:57] /a 25
[01/12/2013 02:21:59] /a 6
[01/12/2013 02:22:00] /a 6
[01/12/2013 02:22:06] /push skarvuscza
[01/12/2013 02:23:38] /goto arakeng
[01/12/2013 02:23:41] /t
[01/12/2013 02:23:47] /goto arakeng
[01/12/2013 02:23:50] /a 25
[01/12/2013 02:23:52] /a 25
[01/12/2013 02:23:53] /a 25
[01/12/2013 02:23:56] /a 6
[01/12/2013 02:23:58] /a 6
[01/12/2013 02:23:59] /a 6
[01/12/2013 02:23:59] /a 6
[01/12/2013 02:24:00] /a 6
[01/12/2013 02:24:35] /push bob marley
[01/12/2013 02:24:41] /m lider guard
[01/12/2013 02:24:41] /m lider guard
[01/12/2013 02:24:42] /m lider guard
[01/12/2013 02:24:42] /m lider guard
[01/12/2013 02:24:42] /m lider guard
[01/12/2013 02:24:43] /m lider guard
[01/12/2013 02:24:43] /m lider guard
[01/12/2013 02:24:43] /m lider guard
[01/12/2013 02:24:47] /r
[01/12/2013 02:24:50] /r
[01/12/2013 02:24:53] /r
[01/12/2013 02:25:00] /r
[01/12/2013 02:25:01] /clean
[01/12/2013 02:25:40] /goto arakeng
[01/12/2013 02:26:02] /goto arakeng
[01/12/2013 02:26:09] /goto arakeng
[01/12/2013 02:26:11] /goto arakeng
[01/12/2013 02:26:26] /goto arakeng
[01/12/2013 02:26:28] /goto arakeng
[01/12/2013 02:26:37] /goto arakeng
[01/12/2013 02:26:44] /goto arakeng
[01/12/2013 02:26:46] /goto arakeng
[01/12/2013 02:26:48] /goto arakeng
[01/12/2013 02:26:56] /goto arakeng
[01/12/2013 02:26:58] /goto arakeng
[01/12/2013 02:27:24] /t
[01/12/2013 02:28:13] /goto aquino
[01/12/2013 02:28:15] /goto aquino
[01/12/2013 02:28:17] /goto aquino
[01/12/2013 02:28:18] /goto aquino
[01/12/2013 02:28:41] /goto aquino
[01/12/2013 02:28:43] /goto aquino
[01/12/2013 02:33:41] /goto aquino
[01/12/2013 02:33:43] /goto aquino
[01/12/2013 02:33:50] /t
[01/12/2013 02:33:52] /goto aquino
[01/12/2013 02:33:54] /goto aquino
[01/12/2013 02:34:05] /goto aquino
[01/12/2013 02:34:07] /goto aquino
[01/12/2013 02:34:08] /goto aquino
[01/12/2013 02:34:10] /goto aquino
[01/12/2013 02:34:12] /goto aquino
[01/12/2013 02:34:14] /goto aquino
[01/12/2013 02:34:16] /goto aquino
[01/12/2013 02:34:17] /goto aquino
[01/12/2013 02:34:19] /goto aquino
[01/12/2013 02:34:25] /goto aquino
[01/12/2013 02:34:34] /goto aquino
[01/12/2013 02:34:35] /goto aquino
[01/12/2013 02:34:36] /goto aquino
[01/12/2013 02:34:37] /goto aquino
[01/12/2013 02:34:38] /goto aquino
[01/12/2013 02:34:40] /goto aquino
[01/12/2013 02:34:41] /goto aquino
[01/12/2013 02:34:43] /goto aquino
[01/12/2013 02:34:44] /goto aquino
[01/12/2013 02:34:45] /goto aquino
[01/12/2013 02:34:46] /goto aquino
[01/12/2013 02:34:58] /goto aquino
[01/12/2013 02:35:00] /goto aquino
[01/12/2013 02:35:01] /goto aquino
[01/12/2013 02:35:02] /goto aquino
[01/12/2013 02:35:03] /goto aquino
[01/12/2013 02:35:30] /goto aquino
[01/12/2013 02:35:31] /goto aquino
[01/12/2013 02:35:32] /goto aquino
[01/12/2013 02:36:05] /goto aquino
[01/12/2013 02:36:08] /t
[01/12/2013 02:38:16] /goto arakeng
[01/12/2013 02:38:19] /t
[01/12/2013 02:38:52] /goto aquino
[01/12/2013 02:38:53] /goto aquino
[01/12/2013 02:38:55] /goto aquino
[01/12/2013 02:38:57] /goto aquino
[01/12/2013 02:39:08] /goto aquino
[01/12/2013 02:39:09] /goto aquino
[01/12/2013 02:39:11] /goto aquino
[01/12/2013 02:39:12] /goto aquino
[01/12/2013 02:39:13] /goto aquino
[01/12/2013 02:39:14] /goto aquino
[01/12/2013 02:39:23] /goto aquino
[01/12/2013 02:39:25] /goto aquino
[01/12/2013 02:39:26] /t
[01/12/2013 02:44:10] /a 6
[01/12/2013 02:44:12] /a 
[01/12/2013 02:44:13] /a 
[01/12/2013 02:44:21] /item dollar
[01/12/2013 02:44:22] /item dollar
[01/12/2013 02:44:23] /item dollar
[01/12/2013 02:44:23] /item dollar
[01/12/2013 02:44:24] /item dollar
[01/12/2013 02:44:24] /item dollar
[01/12/2013 02:44:24] /item dollar
[01/12/2013 02:44:25] /item dollar
[01/12/2013 02:44:25] /a 
[01/12/2013 02:44:26] /a 
[01/12/2013 02:44:26] /a 
[01/12/2013 02:44:31] /a /a 2
[01/12/2013 02:44:33] /a
[01/12/2013 02:44:37] /item dollar
[01/12/2013 02:44:37] /item dollar
[01/12/2013 02:44:38] /item dollar
[01/12/2013 02:44:38] /item dollar
[01/12/2013 02:44:39] /item dollar
[01/12/2013 02:44:40] /item dollar
[01/12/2013 02:44:40] /item dollar
[01/12/2013 02:44:41] /item dollar
[01/12/2013 02:44:41] /item dollar
[01/12/2013 02:44:42] /item dollar
[01/12/2013 02:44:42] /item dollar
[01/12/2013 02:44:43] /item dollar
[01/12/2013 02:44:43] /item dollar
[01/12/2013 02:44:44] /item dollar
[01/12/2013 02:44:44] /item dollar
[01/12/2013 02:44:45] /item dollar
[01/12/2013 02:44:45] /item dollar
[01/12/2013 02:44:45] /item dollar
[01/12/2013 02:44:46] /item dollar
[01/12/2013 02:44:46] /item dollar
[01/12/2013 02:44:47] /item dollar
[01/12/2013 02:44:47] /item dollar
[01/12/2013 02:44:48] /item dollar
[01/12/2013 02:44:48] /item dollar
[01/12/2013 02:44:49] /item dollar
[01/12/2013 02:44:49] /item dollar
[01/12/2013 02:44:50] /item dollar
[01/12/2013 02:44:50] /item dollar
[01/12/2013 02:44:51] /item dollar
[01/12/2013 02:44:51] /item dollar
[01/12/2013 02:44:51] /item dollar
[01/12/2013 02:45:12] /a 2
[01/12/2013 02:52:46] /goto guhleo
[01/12/2013 02:52:49] /t
[01/12/2013 02:52:55] /goto guhleo
[01/12/2013 02:52:56] /goto guhleo
[01/12/2013 02:52:58] /goto guhleo
[01/12/2013 02:53:00] /goto guhleo
[01/12/2013 02:53:02] /goto guhleo
[01/12/2013 02:55:12] /goto arakeng
[01/12/2013 02:55:16] /t
[01/12/2013 02:58:13] /goto guhleo
[01/12/2013 02:58:23] /t
[01/12/2013 02:59:45] /goto agua com gaz
[01/12/2013 02:59:50] /goto pvp lure
[01/12/2013 03:05:07] /goto infinity lizard
[01/12/2013 03:06:07] /goto infinity lizard
[01/12/2013 03:06:12] /goto infinity lizard
[01/12/2013 03:06:13] /goto infinity lizard
[01/12/2013 03:06:14] /goto infinity lizard
[01/12/2013 03:06:14] /goto infinity lizard
[01/12/2013 03:06:15] /goto infinity lizard
[01/12/2013 03:06:21] /goto infinity lizard
[01/12/2013 03:06:23] /goto infinity lizard
[01/12/2013 03:06:25] /goto infinity lizard
[01/12/2013 03:06:26] /goto infinity lizard
[01/12/2013 03:06:41] /goto infinity lizard
[01/12/2013 03:06:42] /goto infinity lizard
[01/12/2013 03:06:44] /goto infinity lizard
[01/12/2013 03:06:58] /goto infinity lizard
[01/12/2013 03:06:59] /goto infinity lizard
[01/12/2013 03:07:02] /goto infinity lizard
[01/12/2013 04:27:44] /goto arakeng
[01/12/2013 04:28:02] /m lider guard
[01/12/2013 04:28:02] /m lider guard
[01/12/2013 04:28:03] /m lider guard
[01/12/2013 04:28:06] /m lider guard
[01/12/2013 04:28:07] /t
[01/12/2013 04:28:12] /goto infinity lizard
[01/12/2013 04:28:19] /t
[01/12/2013 13:26:09] /goto skarvuscza
[01/12/2013 13:26:11] /a 
[01/12/2013 13:26:15] /item gold bar
[01/12/2013 13:26:27] /item soldado phill
[01/12/2013 13:26:28] /item soldado phill
[01/12/2013 13:33:40] /goto mizu bunshin
[01/12/2013 13:33:45] /goto mizu bushin
[01/12/2013 13:33:47] /t
[01/12/2013 13:34:45] /a 5
[01/12/2013 13:34:47] /a 3
[01/12/2013 13:34:48] /a 3
[01/12/2013 13:34:50] /a
[01/12/2013 13:34:54] /item soldado phill
[01/12/2013 13:34:56] /item soldado phill
[01/12/2013 13:34:57] /item soldado phill
[01/12/2013 13:35:02] /item gold bar
[01/12/2013 13:35:03] /item gold bar
[01/12/2013 13:35:03] /item gold bar
[01/12/2013 14:31:06] /goto infinity lizard
[01/12/2013 14:31:10] /t
[01/12/2013 14:32:31] /goto olha abrisa
[01/12/2013 14:32:34] /a 2
[01/12/2013 14:32:44] /m kikai
[01/12/2013 16:03:32] /goto infinity lizard
[01/12/2013 16:03:34] /t
[01/12/2013 16:05:12] /goto agua sem gaz
[01/12/2013 16:05:21] /item vital boots
[01/12/2013 16:05:21] /item vital boots
[01/12/2013 16:22:05] /item emma staff
[01/12/2013 16:22:20] /item emma staf
[01/12/2013 16:22:24] /item ema staff
[01/12/2013 16:22:26] /item ema staf
[01/12/2013 16:24:18] /item enma staff
[01/12/2013 16:24:30] /item konoha backpack
[01/12/2013 16:24:36] /item soldado phill
[01/12/2013 16:24:36] /item soldado phill
[01/12/2013 16:24:37] /item soldado phill
[01/12/2013 16:24:37] /item soldado phill
[01/12/2013 16:24:38] /item soldado phill
[01/12/2013 16:24:38] /item soldado phill
[01/12/2013 16:24:38] /item soldado phill
[01/12/2013 16:24:38] /item soldado phill
[01/12/2013 16:24:39] /item soldado phill
[01/12/2013 16:24:39] /item soldado phill
[01/12/2013 16:24:39] /item soldado phill
[01/12/2013 16:24:40] /item soldado phill
[01/12/2013 16:24:40] /item soldado phill
[01/12/2013 16:24:41] /item soldado phill
[01/12/2013 16:24:41] /item soldado phill
[01/12/2013 16:24:41] /item soldado phill
[01/12/2013 16:24:42] /item soldado phill
[01/12/2013 16:24:42] /item soldado phill
[01/12/2013 16:24:42] /item soldado phill
[01/12/2013 16:24:43] /item soldado phill
[01/12/2013 16:24:43] /item soldado phill
[01/12/2013 16:24:43] /item soldado phill
[01/12/2013 16:25:26] /goto morpheu
[01/12/2013 16:25:34] /item follow atack
[01/12/2013 16:25:39] /goto follow atack
[01/12/2013 16:25:43] /item kunai explosion
[01/12/2013 16:27:17] /item akatsuki hat
[01/12/2013 16:27:34] /item konoha backpack
[01/12/2013 16:27:46] /item elite shuriken
[01/12/2013 16:27:46] /item elite shuriken
[01/12/2013 16:27:47] /item elite shuriken
[01/12/2013 16:27:47] /item elite shuriken
[01/12/2013 16:27:48] /item elite shuriken
[01/12/2013 16:27:48] /item elite shuriken
[01/12/2013 16:27:49] /item elite shuriken
[01/12/2013 16:27:49] /item elite shuriken
[01/12/2013 16:27:50] /item elite shuriken
[01/12/2013 16:27:50] /item elite shuriken
[01/12/2013 16:27:51] /item elite shuriken
[01/12/2013 16:27:51] /item elite shuriken
[01/12/2013 16:27:51] /item elite shuriken
[01/12/2013 16:27:52] /item elite shuriken
[01/12/2013 16:27:52] /item elite shuriken
[01/12/2013 16:27:52] /item elite shuriken
[01/12/2013 16:27:53] /item elite shuriken
[01/12/2013 16:27:53] /item elite shuriken
[01/12/2013 16:27:54] /item elite shuriken
[01/12/2013 16:27:55] /item elite shuriken
[01/12/2013 16:28:01] /item enma staf
[01/12/2013 16:28:03] /item enma staff
[01/12/2013 16:30:00] /item soldado phill
[01/12/2013 16:30:00] /item soldado phill
[01/12/2013 16:30:00] /item soldado phill
[01/12/2013 16:30:00] /item soldado phill
[01/12/2013 16:30:00] /item soldado phill
[01/12/2013 16:30:00] /item soldado phill
[01/12/2013 16:30:00] /item soldado phill
[01/12/2013 16:30:01] /item soldado phill
[01/12/2013 16:30:01] /item soldado phill
[01/12/2013 16:30:01] /item soldado phill
[01/12/2013 16:30:01] /item soldado phill
[01/12/2013 16:30:01] /item soldado phill
[01/12/2013 16:30:01] /item soldado phill
[01/12/2013 16:30:01] /item soldado phill
[01/12/2013 16:30:01] /item soldado phill
[01/12/2013 16:30:01] /item soldado phill
[01/12/2013 16:30:01] /item soldado phill
[01/12/2013 16:30:01] /item soldado phill
[01/12/2013 16:30:01] /item soldado phill
[01/12/2013 16:30:01] /item soldado phill
[01/12/2013 16:30:01] /item soldado phill
[01/12/2013 16:30:01] /item soldado phill
[01/12/2013 16:30:01] /item soldado phill
[01/12/2013 16:30:01] /item soldado phill
[01/12/2013 16:30:01] /item soldado phill
[01/12/2013 16:30:01] /item soldado phill
[01/12/2013 16:30:01] /item soldado phill
[01/12/2013 16:30:01] /item soldado phill
[01/12/2013 16:30:01] /item soldado phill
[01/12/2013 16:30:01] /item soldado phill
[01/12/2013 16:30:01] /item soldado phill
[01/12/2013 16:30:01] /item soldado phill
[01/12/2013 16:30:01] /item soldado phill
[01/12/2013 16:30:01] /item soldado phill
[01/12/2013 16:30:02] /item soldado phill
[01/12/2013 16:30:02] /item soldado phill
[01/12/2013 16:30:02] /item soldado phill
[01/12/2013 16:30:02] /item soldado phill
[01/12/2013 16:30:02] /item soldado phill
[01/12/2013 16:30:02] /item soldado phill
[01/12/2013 16:30:02] /item soldado phill
[01/12/2013 16:30:02] /item soldado phill
[01/12/2013 16:30:02] /item soldado phill
[01/12/2013 16:30:02] /item soldado phill
[01/12/2013 16:30:02] /item soldado phill
[01/12/2013 16:30:02] /item soldado phill
[01/12/2013 16:30:02] /item soldado phill
[01/12/2013 16:30:02] /item soldado phill
[01/12/2013 16:30:02] /item soldado phill
[01/12/2013 16:30:02] /item soldado phill
[01/12/2013 16:30:02] /item soldado phill
[01/12/2013 16:30:02] /item soldado phill
[01/12/2013 16:30:02] /item soldado phill
[01/12/2013 16:30:02] /item soldado phill
[01/12/2013 16:30:02] /item soldado phill
[01/12/2013 16:30:02] /item soldado phill
[01/12/2013 16:30:02] /item soldado phill
[01/12/2013 16:30:02] /item soldado phill
[01/12/2013 16:30:02] /item soldado phill
[01/12/2013 16:30:02] /item soldado phill
[01/12/2013 16:30:02] /item soldado phill
[01/12/2013 16:30:03] /item soldado phill
[01/12/2013 16:30:03] /item soldado phill
[01/12/2013 16:30:03] /item soldado phill
[01/12/2013 16:30:03] /item soldado phill
[01/12/2013 16:30:03] /item soldado phill
[01/12/2013 16:30:03] /item soldado phill
[01/12/2013 16:30:03] /item soldado phill
[01/12/2013 16:30:03] /item soldado phill
[01/12/2013 16:30:03] /item soldado phill
[01/12/2013 16:30:03] /item soldado phill
[01/12/2013 16:30:03] /item soldado phill
[01/12/2013 16:30:03] /item soldado phill
[01/12/2013 16:30:03] /item soldado phill
[01/12/2013 16:30:03] /item soldado phill
[01/12/2013 16:30:03] /item soldado phill
[01/12/2013 16:30:03] /item soldado phill
[01/12/2013 16:30:03] /item soldado phill
[01/12/2013 16:30:03] /item soldado phill
[01/12/2013 16:30:03] /item soldado phill
[01/12/2013 16:30:03] /item soldado phill
[01/12/2013 16:30:03] /item soldado phill
[01/12/2013 16:30:03] /item soldado phill
[01/12/2013 16:30:03] /item soldado phill
[01/12/2013 16:30:03] /item soldado phill
[01/12/2013 16:30:03] /item soldado phill
[01/12/2013 16:30:03] /item soldado phill
[01/12/2013 16:30:03] /item soldado phill
[01/12/2013 16:30:03] /item soldado phill
[01/12/2013 16:30:03] /item soldado phill
[01/12/2013 16:30:04] /item soldado phill
[01/12/2013 16:30:04] /item soldado phill
[01/12/2013 16:30:04] /item soldado phill
[01/12/2013 16:30:04] /item soldado phill
[01/12/2013 16:30:04] /item soldado phill
[01/12/2013 16:30:04] /item soldado phill
[01/12/2013 16:30:04] /item soldado phill
[01/12/2013 16:30:04] /item soldado phill
[01/12/2013 16:30:04] /item soldado phill
[01/12/2013 16:30:04] /item soldado phill
[01/12/2013 16:30:04] /item soldado phill
[01/12/2013 16:30:04] /item soldado phill
[01/12/2013 16:30:04] /item soldado phill
[01/12/2013 16:30:04] /item soldado phill
[01/12/2013 16:30:04] /item soldado phill
[01/12/2013 16:30:04] /item soldado phill
[01/12/2013 16:30:04] /item soldado phill
[01/12/2013 16:30:04] /item soldado phill
[01/12/2013 16:30:04] /item soldado phill
[01/12/2013 16:30:04] /item soldado phill
[01/12/2013 16:30:04] /item soldado phill
[01/12/2013 16:30:04] /item soldado phill
[01/12/2013 16:30:04] /item soldado phill
[01/12/2013 16:30:04] /item soldado phill
[01/12/2013 16:30:04] /item soldado phill
[01/12/2013 16:30:04] /item soldado phill
[01/12/2013 16:30:04] /item soldado phill
[01/12/2013 16:30:04] /item soldado phill
[01/12/2013 16:30:04] /item soldado phill
[01/12/2013 16:30:05] /item soldado phill
[01/12/2013 16:30:05] /item soldado phill
[01/12/2013 16:30:05] /item soldado phill
[01/12/2013 16:30:05] /item soldado phill
[01/12/2013 16:30:05] /item soldado phill
[01/12/2013 16:30:05] /item soldado phill
[01/12/2013 16:30:05] /item soldado phill
[01/12/2013 16:30:05] /item soldado phill
[01/12/2013 16:30:05] /item soldado phill
[01/12/2013 16:38:55] /goto follow atack
[01/12/2013 16:38:57] /up
[01/12/2013 16:38:59] /up
[01/12/2013 16:39:40] /t
[01/12/2013 16:55:28] /goto guhleo
[01/12/2013 16:55:32] /goto guhleo
[01/12/2013 16:55:35] /t
[01/12/2013 17:21:44] /a 6
[01/12/2013 17:21:45] /a 6
[01/12/2013 17:21:46] /a 6
[01/12/2013 17:21:47] /a 6
[01/12/2013 17:21:47] /a 6
[01/12/2013 17:21:48] /a 6
[01/12/2013 17:21:49] /a 6
[01/12/2013 17:21:51] /a 2
[01/12/2013 17:26:34] /item gold bar
[01/12/2013 17:26:34] /item gold bar
[01/12/2013 17:26:34] /item gold bar
[01/12/2013 17:26:34] /item gold bar
[01/12/2013 17:26:34] /item gold bar
[01/12/2013 17:26:34] /item gold bar
[01/12/2013 17:26:34] /item gold bar
[01/12/2013 17:26:35] /item gold bar
[01/12/2013 17:26:35] /item gold bar
[01/12/2013 17:26:35] /item gold bar
[01/12/2013 17:26:35] /item gold bar
[01/12/2013 17:26:35] /item gold bar
[01/12/2013 17:26:35] /item gold bar
[01/12/2013 17:26:35] /item gold bar
[01/12/2013 17:26:35] /item gold bar
[01/12/2013 17:26:35] /item gold bar
[01/12/2013 17:26:35] /item gold bar
[01/12/2013 17:26:35] /item gold bar
[01/12/2013 17:26:35] /item gold bar
[01/12/2013 17:26:35] /item gold bar
[01/12/2013 17:26:35] /item gold bar
[01/12/2013 17:26:35] /item gold bar
[01/12/2013 17:26:35] /item gold bar
[01/12/2013 17:26:35] /item gold bar
[01/12/2013 17:26:35] /item gold bar
[01/12/2013 17:26:35] /item gold bar
[01/12/2013 17:26:35] /item gold bar
[01/12/2013 17:26:35] /item gold bar
[01/12/2013 17:26:35] /item gold bar
[01/12/2013 17:26:35] /item gold bar
[01/12/2013 17:26:35] /item gold bar
[01/12/2013 17:26:35] /item gold bar
[01/12/2013 17:26:35] /item gold bar
[01/12/2013 17:26:35] /item gold bar
[01/12/2013 17:26:35] /item gold bar
[01/12/2013 17:26:36] /item gold bar
[01/12/2013 17:26:36] /item gold bar
[01/12/2013 17:26:36] /item gold bar
[01/12/2013 17:26:36] /item gold bar
[01/12/2013 17:26:36] /item gold bar
[01/12/2013 17:26:36] /item gold bar
[01/12/2013 17:26:36] /item gold bar
[01/12/2013 17:26:36] /item gold bar
[01/12/2013 17:26:36] /item gold bar
[01/12/2013 17:26:36] /item gold bar
[01/12/2013 17:26:36] /item gold bar
[01/12/2013 17:26:36] /item gold bar
[01/12/2013 17:26:36] /item gold bar
[01/12/2013 17:26:36] /item gold bar
[01/12/2013 17:26:36] /item gold bar
[01/12/2013 17:26:36] /item gold bar
[01/12/2013 17:26:36] /item gold bar
[01/12/2013 17:26:36] /item gold bar
[01/12/2013 17:26:36] /item gold bar
[01/12/2013 17:26:36] /item gold bar
[01/12/2013 17:26:36] /item gold bar
[01/12/2013 17:26:36] /item gold bar
[01/12/2013 17:26:37] /item gold bar
[01/12/2013 17:26:37] /item gold bar
[01/12/2013 17:26:37] /item gold bar
[01/12/2013 17:26:37] /item gold bar
[01/12/2013 17:26:37] /item gold bar
[01/12/2013 17:26:37] /item gold bar
[01/12/2013 17:26:37] /item gold bar
[01/12/2013 17:26:37] /item gold bar
[01/12/2013 17:26:37] /item gold bar
[01/12/2013 17:26:37] /item gold bar
[01/12/2013 17:26:37] /item gold bar
[01/12/2013 17:26:37] /item gold bar
[01/12/2013 17:26:37] /item gold bar
[01/12/2013 17:26:37] /item gold bar
[01/12/2013 17:26:37] /item gold bar
[01/12/2013 17:26:37] /item gold bar
[01/12/2013 17:26:37] /item gold bar
[01/12/2013 17:26:56] /item elite shuriken
[01/12/2013 17:26:56] /item elite shuriken
[01/12/2013 17:26:56] /item elite shuriken
[01/12/2013 17:26:56] /item elite shuriken
[01/12/2013 17:26:56] /item elite shuriken
[01/12/2013 17:26:56] /item elite shuriken
[01/12/2013 17:26:56] /item elite shuriken
[01/12/2013 17:26:57] /item elite shuriken
[01/12/2013 17:26:57] /item elite shuriken
[01/12/2013 17:26:57] /item elite shuriken
[01/12/2013 17:26:57] /item elite shuriken
[01/12/2013 17:26:57] /item elite shuriken
[01/12/2013 17:26:57] /item elite shuriken
[01/12/2013 17:26:57] /item elite shuriken
[01/12/2013 17:26:57] /item elite shuriken
[01/12/2013 17:26:57] /item elite shuriken
[01/12/2013 17:26:57] /item elite shuriken
[01/12/2013 17:26:57] /item elite shuriken
[01/12/2013 17:26:57] /item elite shuriken
[01/12/2013 17:26:57] /item elite shuriken
[01/12/2013 17:26:57] /item elite shuriken
[01/12/2013 17:26:57] /item elite shuriken
[01/12/2013 17:26:57] /item elite shuriken
[01/12/2013 17:26:57] /item elite shuriken
[01/12/2013 17:26:57] /item elite shuriken
[01/12/2013 17:26:57] /item elite shuriken
[01/12/2013 17:26:57] /item elite shuriken
[01/12/2013 17:26:57] /item elite shuriken
[01/12/2013 17:26:57] /item elite shuriken
[01/12/2013 17:26:57] /item elite shuriken
[01/12/2013 17:26:57] /item elite shuriken
[01/12/2013 17:26:57] /item elite shuriken
[01/12/2013 17:26:57] /item elite shuriken
[01/12/2013 17:26:57] /item elite shuriken
[01/12/2013 17:26:57] /item elite shuriken
[01/12/2013 17:26:57] /item elite shuriken
[01/12/2013 17:26:57] /item elite shuriken
[01/12/2013 17:26:58] /item elite shuriken
[01/12/2013 17:26:58] /item elite shuriken
[01/12/2013 17:26:58] /item elite shuriken
[01/12/2013 17:26:58] /item elite shuriken
[01/12/2013 17:26:58] /item elite shuriken
[01/12/2013 17:26:58] /item elite shuriken
[01/12/2013 17:26:58] /item elite shuriken
[01/12/2013 17:26:58] /item elite shuriken
[01/12/2013 17:26:58] /item elite shuriken
[01/12/2013 17:26:58] /item elite shuriken
[01/12/2013 17:26:58] /item elite shuriken
[01/12/2013 17:26:58] /item elite shuriken
[01/12/2013 17:26:58] /item elite shuriken
[01/12/2013 17:26:58] /item elite shuriken
[01/12/2013 17:26:58] /item elite shuriken
[01/12/2013 17:26:58] /item elite shuriken
[01/12/2013 17:26:58] /item elite shuriken
[01/12/2013 17:26:58] /item elite shuriken
[01/12/2013 17:26:58] /item elite shuriken
[01/12/2013 17:26:58] /item elite shuriken
[01/12/2013 17:26:58] /item elite shuriken
[01/12/2013 17:26:58] /item elite shuriken
[01/12/2013 17:26:58] /item elite shuriken
[01/12/2013 17:26:58] /item elite shuriken
[01/12/2013 17:26:58] /item elite shuriken
[01/12/2013 17:26:58] /item elite shuriken
[01/12/2013 17:26:58] /item elite shuriken
[01/12/2013 17:26:58] /item elite shuriken
[01/12/2013 18:49:59] /t skarvuscza
[01/12/2013 19:07:19] /goto morpheu
[01/12/2013 19:10:39] /goto olha abrisa
[01/12/2013 19:10:43] /n staminer
[01/12/2013 19:10:51] /item gold bar
[01/12/2013 19:10:52] /item gold bar
[01/12/2013 19:11:05] /r
[01/12/2013 19:11:06] /t
[01/12/2013 19:11:42] /goto skarvuscza
[01/12/2013 19:11:44] /a
[01/12/2013 19:11:45] /a
[01/12/2013 19:11:52] /owner follow atack
[01/12/2013 19:11:55] /a 2
[01/12/2013 19:11:55] /a 2
[01/12/2013 19:11:56] /a 2
[01/12/2013 19:11:57] /a 2
[01/12/2013 19:12:01] /owner aquino
[01/12/2013 19:14:42] /a 6
[01/12/2013 19:14:43] /a 6
[01/12/2013 19:14:45] /a 6
[01/12/2013 19:14:47] /a 6
[01/12/2013 19:14:48] /a 6
[01/12/2013 19:14:49] /a 6
[01/12/2013 19:14:50] /a 6
[01/12/2013 19:15:04] /owner morpheu
[01/12/2013 19:15:22] /a 7
[01/12/2013 19:15:24] /a 7
[01/12/2013 19:15:26] /a 7
[01/12/2013 19:15:27] /a 7
[01/12/2013 19:15:28] /a 7
[01/12/2013 19:15:30] /a 5
[01/12/2013 19:15:37] /item konoha backpack
[01/12/2013 19:16:43] /owner agua sem gaz
[01/12/2013 19:16:53] /owner aquino
[01/12/2013 19:17:05] /owner skarvuscza
[01/12/2013 19:18:00] /goto follow atack
[01/12/2013 19:18:24] /goto skarvuscza
[01/12/2013 19:18:30] /item gold bar
[01/12/2013 19:18:32] /item gold bar
[01/12/2013 19:18:39] /item gold bar
[01/12/2013 19:18:40] /item gold bar
[01/12/2013 19:19:11] /item gold bar
[01/12/2013 19:19:12] /item gold bar
[01/12/2013 19:19:14] /item gold bar
[01/12/2013 19:19:15] /item gold bar
[01/12/2013 19:19:16] /item gold bar
[01/12/2013 19:19:17] /item gold bar
[01/12/2013 19:19:18] /item gold bar
[01/12/2013 19:19:19] /item gold bar
[01/12/2013 19:19:25] /item gold bar
[01/12/2013 19:19:39] /item gold bar
[01/12/2013 19:19:40] /item gold bar
[01/12/2013 19:19:41] /item gold bar
[01/12/2013 19:19:42] /item gold bar
[01/12/2013 19:19:45] /item gold bar
[01/12/2013 19:19:46] /item gold bar
[01/12/2013 19:19:47] /item gold bar
[01/12/2013 19:19:48] /item gold bar
[01/12/2013 19:19:49] /item gold bar
[01/12/2013 19:19:50] /item gold bar
[01/12/2013 19:19:52] /item gold bar
[01/12/2013 19:20:59] /item hashirama
[01/12/2013 19:21:08] /item anbu
[01/12/2013 19:21:20] /r
[01/12/2013 19:21:24] /item elite shuriken
[01/12/2013 19:22:54] /a
[01/12/2013 19:22:55] /r
[01/12/2013 19:26:18] /a 2
[01/12/2013 19:26:22] /n etsuko
[01/12/2013 19:26:35] /item
[01/12/2013 19:26:37] /a 15
[01/12/2013 19:26:38] /a 15
[01/12/2013 19:26:40] /a 15
[01/12/2013 19:26:41] /a 15
[01/12/2013 19:26:42] /a 15
[01/12/2013 19:26:45] /a 5
[01/12/2013 19:26:46] /a 5
[01/12/2013 19:26:48] /a 5
[01/12/2013 19:26:51] /item parcel
[01/12/2013 19:26:53] /item parcel
[01/12/2013 19:26:54] /item parcel
[01/12/2013 19:26:55] /item parcel
[01/12/2013 19:26:57] /item parcel
[01/12/2013 19:26:58] /item parcel
[01/12/2013 19:27:25] /item parcel
[01/12/2013 19:27:26] /item parcel
[01/12/2013 19:27:27] /item parcel
[01/12/2013 19:27:28] /item parcel
[01/12/2013 19:27:28] /item parcel
[01/12/2013 19:27:29] /item parcel
[01/12/2013 19:27:34] /r
[01/12/2013 19:27:35] /r
[01/12/2013 19:27:35] /r
[01/12/2013 19:27:36] /r
[01/12/2013 19:27:36] /r
[01/12/2013 19:27:36] /r
[01/12/2013 19:29:07] /item nidaime armor
[01/12/2013 19:29:08] /item nidaime armor
[01/12/2013 19:29:09] /item nidaime armor
[01/12/2013 19:29:20] /item kakashi mask
[01/12/2013 19:29:22] /item kakashi mask
[01/12/2013 19:29:23] /item kakashi mask
[01/12/2013 19:29:28] /item sasuke legrobe
[01/12/2013 19:29:29] /item sasuke legrobe
[01/12/2013 19:29:30] /item sasuke legrobe
[01/12/2013 19:31:48] /a 2
[01/12/2013 19:31:49] /a 2
[01/12/2013 19:31:54] /item gold bar
[01/12/2013 19:31:55] /item gold bar
[01/12/2013 19:31:56] /item gold bar
[01/12/2013 19:31:57] /item gold bar
[01/12/2013 19:31:58] /item gold bar
[01/12/2013 19:31:59] /item gold bar
[01/12/2013 19:32:00] /item gold bar
[01/12/2013 19:32:02] /item gold bar
[01/12/2013 19:32:02] /item gold bar
[01/12/2013 19:32:03] /item gold bar
[01/12/2013 19:32:04] /item gold bar
[01/12/2013 19:32:06] /item gold bar
[01/12/2013 19:32:09] /push skarvuscza
[01/12/2013 19:32:14] /item elite shuriken
[01/12/2013 19:32:59] /goto aquino
[01/12/2013 19:33:13] /goto aquino
[01/12/2013 19:34:45] /goto aquino
[01/12/2013 19:36:00] /item parcel
[01/12/2013 19:36:02] /item parcel
[01/12/2013 19:36:03] /item parcel
[01/12/2013 19:36:05] /item parcel
[01/12/2013 19:36:08] /item parcel
[01/12/2013 19:40:54] /item parcel
[01/12/2013 19:41:01] /item parcel
[01/12/2013 19:41:01] /item parcel
[01/12/2013 19:41:02] /item parcel
[01/12/2013 19:41:03] /item parcel
[01/12/2013 19:41:06] /item parcel
[01/12/2013 19:41:08] /item parcel
[01/12/2013 19:41:09] /item parcel
[01/12/2013 19:41:10] /item parcel
[01/12/2013 19:42:10] /goto follow atack
[01/12/2013 19:43:56] /item parcel
[01/12/2013 19:43:57] /item parcel
[01/12/2013 19:43:59] /item parcel
[01/12/2013 19:44:03] /item parcel
[01/12/2013 19:44:04] /item parcel
[01/12/2013 19:44:05] /item parcel
[01/12/2013 19:44:06] /item parcel
[01/12/2013 19:44:07] /item parcel
[01/12/2013 19:44:09] /item parcel
[01/12/2013 19:44:10] /item parcel
[01/12/2013 19:44:11] /item parcel
[01/12/2013 19:44:31] /item parcel
[01/12/2013 19:47:50] /clean
[01/12/2013 19:47:58] /item parcel
[01/12/2013 19:47:59] /item parcel
[01/12/2013 19:48:00] /item parcel
[01/12/2013 19:48:04] /item parcel
[01/12/2013 19:48:05] /item parcel
[01/12/2013 19:48:07] /item parcel
[01/12/2013 19:48:07] /item parcel
[01/12/2013 19:48:08] /item parcel
[01/12/2013 19:48:09] /item parcel
[01/12/2013 19:48:10] /item parcel
[01/12/2013 19:48:12] /item parcel
[01/12/2013 19:48:22] /item parcel
[01/12/2013 19:48:24] /item parcel
[01/12/2013 19:48:25] /item parcel
[01/12/2013 19:48:27] /item parcel
[01/12/2013 19:48:28] /item parcel
[01/12/2013 19:48:29] /item parcel
[01/12/2013 19:50:20] /goto aquino
[01/12/2013 19:52:04] /up
[01/12/2013 19:52:28] /a 6
[01/12/2013 19:52:30] /a 6
[01/12/2013 19:52:31] /a 6
[01/12/2013 19:52:32] /a 6
[01/12/2013 20:37:55] /goto aquino
[01/12/2013 20:37:59] /goto aquino
[01/12/2013 20:38:12] /t
[01/12/2013 20:40:49] /kick agua sem gaz
[01/12/2013 20:41:00] /mc
[01/12/2013 20:45:39] /goto tutss tutss
[01/12/2013 20:45:44] /t
[01/12/2013 20:46:57] /goto black kakashi
[01/12/2013 20:49:33] /mc
[01/12/2013 20:51:51] /goto sapoquenaolavaope
[01/12/2013 20:51:54] /t
[01/12/2013 20:58:16] /goto guhleo
[01/12/2013 20:58:17] /t
[01/12/2013 20:58:22] /goto sapoquenaolavaope
[01/12/2013 21:12:45] /goto arakeng
[01/12/2013 21:12:46] /t
[01/12/2013 21:17:33] /goto skarvuscza
[01/12/2013 21:17:40] /item gold bar
[01/12/2013 21:18:03] /goto bilau magico
[01/12/2013 21:18:07] /a 7
[01/12/2013 21:18:08] /a 2
[01/12/2013 21:18:13] /item kunai explosion
[01/12/2013 21:19:33] /goto bob marley
[01/12/2013 21:19:35] /a 2
[01/12/2013 21:19:46] /push bob marley
[01/12/2013 21:19:50] /item gold bar
[01/12/2013 21:19:50] /item gold bar
[01/12/2013 21:20:08] /item soldado phill
[01/12/2013 21:20:09] /item soldado phill
[01/12/2013 21:20:09] /item soldado phill
[01/12/2013 21:20:10] /item soldado phill
[01/12/2013 21:20:10] /item soldado phill
[01/12/2013 21:20:10] /item soldado phill
[01/12/2013 21:20:11] /item soldado phill
[01/12/2013 21:20:11] /item soldado phill
[01/12/2013 21:20:11] /item soldado phill
[01/12/2013 21:20:12] /item soldado phill
[01/12/2013 21:20:12] /item soldado phill
[01/12/2013 21:20:12] /item soldado phill
[01/12/2013 21:20:13] /item soldado phill
[01/12/2013 21:20:13] /item soldado phill
[01/12/2013 21:20:24] /item konoha backpack
[01/12/2013 21:20:53] /item soldado phill
[01/12/2013 21:20:53] /item soldado phill
[01/12/2013 21:21:01] /item soldado phill
[01/12/2013 21:21:44] /goto bob marley
[01/12/2013 21:21:47] /item enma staff
[01/12/2013 21:22:25] /kick dragonx
[01/12/2013 21:22:25] /kick dragonx
[01/12/2013 21:22:26] /kick dragonx
[01/12/2013 21:22:26] /kick dragonx
[01/12/2013 21:22:26] /kick dragonx
[01/12/2013 21:22:26] /kick dragonx
[01/12/2013 21:22:26] /kick dragonx
[01/12/2013 21:22:26] /kick dragonx
[01/12/2013 21:22:26] /kick dragonx
[01/12/2013 21:22:26] /kick dragonx
[01/12/2013 21:22:26] /kick dragonx
[01/12/2013 21:22:26] /kick dragonx
[01/12/2013 21:22:26] /kick dragonx
[01/12/2013 21:22:26] /kick dragonx
[01/12/2013 21:22:26] /kick dragonx
[01/12/2013 21:22:26] /kick dragonx
[01/12/2013 21:22:26] /kick dragonx
[01/12/2013 21:22:26] /kick dragonx
[01/12/2013 21:22:26] /kick dragonx
[01/12/2013 21:22:26] /kick dragonx
[01/12/2013 21:22:26] /kick dragonx
[01/12/2013 21:22:26] /kick dragonx
[01/12/2013 21:22:26] /kick dragonx
[01/12/2013 21:22:26] /kick dragonx
[01/12/2013 21:22:26] /kick dragonx
[01/12/2013 21:22:26] /kick dragonx
[01/12/2013 21:22:26] /kick dragonx
[01/12/2013 21:22:26] /kick dragonx
[01/12/2013 21:22:26] /kick dragonx
[01/12/2013 21:22:27] /kick dragonx
[01/12/2013 21:22:27] /kick dragonx
[01/12/2013 21:22:27] /kick dragonx
[01/12/2013 21:22:27] /kick dragonx
[01/12/2013 21:22:27] /kick dragonx
[01/12/2013 21:22:27] /kick dragonx
[01/12/2013 21:22:27] /kick dragonx
[01/12/2013 21:22:27] /kick dragonx
[01/12/2013 21:22:27] /kick dragonx
[01/12/2013 21:22:27] /kick dragonx
[01/12/2013 21:22:27] /kick dragonx
[01/12/2013 21:22:27] /kick dragonx
[01/12/2013 21:22:27] /kick dragonx
[01/12/2013 21:22:27] /kick dragonx
[01/12/2013 21:22:27] /kick dragonx
[01/12/2013 21:22:27] /kick dragonx
[01/12/2013 21:22:27] /kick dragonx
[01/12/2013 21:22:27] /kick dragonx
[01/12/2013 21:22:27] /kick dragonx
[01/12/2013 21:22:27] /kick dragonx
[01/12/2013 21:22:27] /kick dragonx
[01/12/2013 21:22:27] /kick dragonx
[01/12/2013 21:22:27] /kick dragonx
[01/12/2013 21:22:27] /kick dragonx
[01/12/2013 21:22:27] /kick dragonx
[01/12/2013 21:22:27] /kick dragonx
[01/12/2013 21:22:27] /kick dragonx
[01/12/2013 21:22:27] /kick dragonx
[01/12/2013 21:22:28] /kick dragonx
[01/12/2013 21:22:28] /kick dragonx
[01/12/2013 21:22:28] /kick dragonx
[01/12/2013 21:22:28] /kick dragonx
[01/12/2013 21:22:28] /kick dragonx
[01/12/2013 21:22:28] /kick dragonx
[01/12/2013 21:22:28] /kick dragonx
[01/12/2013 21:22:28] /kick dragonx
[01/12/2013 21:22:28] /kick dragonx
[01/12/2013 21:22:28] /kick dragonx
[01/12/2013 21:22:28] /kick dragonx
[01/12/2013 21:22:28] /kick dragonx
[01/12/2013 21:22:28] /kick dragonx
[01/12/2013 21:22:28] /kick dragonx
[01/12/2013 21:22:28] /kick dragonx
[01/12/2013 21:22:28] /kick dragonx
[01/12/2013 21:22:28] /kick dragonx
[01/12/2013 21:22:28] /kick dragonx
[01/12/2013 21:22:28] /kick dragonx
[01/12/2013 21:22:28] /kick dragonx
[01/12/2013 21:22:28] /kick dragonx
[01/12/2013 21:22:28] /kick dragonx
[01/12/2013 21:22:28] /kick dragonx
[01/12/2013 21:22:29] /kick dragonx
[01/12/2013 21:22:29] /kick dragonx
[01/12/2013 21:22:29] /kick dragonx
[01/12/2013 21:22:29] /kick dragonx
[01/12/2013 21:22:29] /kick dragonx
[01/12/2013 21:22:29] /kick dragonx
[01/12/2013 21:22:29] /kick dragonx
[01/12/2013 21:22:29] /kick dragonx
[01/12/2013 21:22:29] /kick dragonx
[01/12/2013 21:22:29] /kick dragonx
[01/12/2013 21:22:29] /kick dragonx
[01/12/2013 21:22:29] /kick dragonx
[01/12/2013 21:22:29] /kick dragonx
[01/12/2013 21:22:29] /kick dragonx
[01/12/2013 21:22:29] /kick dragonx
[01/12/2013 21:22:29] /kick dragonx
[01/12/2013 21:22:29] /kick dragonx
[01/12/2013 21:22:29] /kick dragonx
[01/12/2013 21:22:29] /kick dragonx
[01/12/2013 21:22:29] /kick dragonx
[01/12/2013 21:22:29] /kick dragonx
[01/12/2013 21:22:29] /kick dragonx
[01/12/2013 21:22:29] /kick dragonx
[01/12/2013 21:22:29] /kick dragonx
[01/12/2013 21:22:30] /kick dragonx
[01/12/2013 21:22:30] /kick dragonx
[01/12/2013 21:22:30] /kick dragonx
[01/12/2013 21:22:30] /kick dragonx
[01/12/2013 21:22:30] /kick dragonx
[01/12/2013 21:22:30] /kick dragonx
[01/12/2013 21:22:30] /kick dragonx
[01/12/2013 21:22:30] /kick dragonx
[01/12/2013 21:22:30] /kick dragonx
[01/12/2013 21:22:30] /kick dragonx
[01/12/2013 21:22:30] /kick dragonx
[01/12/2013 21:22:30] /kick dragonx
[01/12/2013 21:22:30] /kick dragonx
[01/12/2013 21:22:30] /kick dragonx
[01/12/2013 21:22:30] /kick dragonx
[01/12/2013 21:22:30] /kick dragonx
[01/12/2013 21:22:30] /kick dragonx
[01/12/2013 21:22:30] /kick dragonx
[01/12/2013 21:22:30] /kick dragonx
[01/12/2013 21:22:30] /kick dragonx
[01/12/2013 21:22:30] /kick dragonx
[01/12/2013 21:22:30] /kick dragonx
[01/12/2013 21:22:30] /kick dragonx
[01/12/2013 21:22:30] /kick dragonx
[01/12/2013 21:22:30] /kick dragonx
[01/12/2013 21:22:30] /kick dragonx
[01/12/2013 21:22:31] /kick dragonx
[01/12/2013 21:22:31] /kick dragonx
[01/12/2013 21:22:31] /kick dragonx
[01/12/2013 21:22:31] /kick dragonx
[01/12/2013 21:22:31] /kick dragonx
[01/12/2013 21:22:31] /kick dragonx
[01/12/2013 21:22:31] /kick dragonx
[01/12/2013 21:22:31] /kick dragonx
[01/12/2013 21:22:31] /kick dragonx
[01/12/2013 21:22:31] /kick dragonx
[01/12/2013 21:22:31] /kick dragonx
[01/12/2013 21:22:31] /kick dragonx
[01/12/2013 21:22:31] /kick dragonx
[01/12/2013 21:22:31] /kick dragonx
[01/12/2013 21:22:31] /kick dragonx
[01/12/2013 21:22:31] /kick dragonx
[01/12/2013 21:22:31] /kick dragonx
[01/12/2013 21:22:31] /kick dragonx
[01/12/2013 21:22:31] /kick dragonx
[01/12/2013 21:22:31] /kick dragonx
[01/12/2013 21:22:31] /kick dragonx
[01/12/2013 21:22:31] /kick dragonx
[01/12/2013 21:22:31] /kick dragonx
[01/12/2013 21:22:31] /kick dragonx
[01/12/2013 21:22:31] /kick dragonx
[01/12/2013 21:22:31] /kick dragonx
[01/12/2013 21:22:31] /kick dragonx
[01/12/2013 21:22:31] /kick dragonx
[01/12/2013 21:22:32] /kick dragonx
[01/12/2013 21:22:32] /kick dragonx
[01/12/2013 21:22:32] /kick dragonx
[01/12/2013 21:22:32] /kick dragonx
[01/12/2013 21:22:32] /kick dragonx
[01/12/2013 21:22:32] /kick dragonx
[01/12/2013 21:22:32] /kick dragonx
[01/12/2013 21:22:32] /kick dragonx
[01/12/2013 21:22:32] /kick dragonx
[01/12/2013 21:22:32] /kick dragonx
[01/12/2013 21:22:32] /kick dragonx
[01/12/2013 21:22:32] /kick dragonx
[01/12/2013 21:22:32] /kick dragonx
[01/12/2013 21:22:32] /kick dragonx
[01/12/2013 21:22:32] /kick dragonx
[01/12/2013 21:22:32] /kick dragonx
[01/12/2013 21:22:32] /kick dragonx
[01/12/2013 21:22:32] /kick dragonx
[01/12/2013 21:22:32] /kick dragonx
[01/12/2013 21:22:32] /kick dragonx
[01/12/2013 21:22:32] /kick dragonx
[01/12/2013 21:22:32] /kick dragonx
[01/12/2013 21:22:32] /kick dragonx
[01/12/2013 21:22:32] /kick dragonx
[01/12/2013 21:22:32] /kick dragonx
[01/12/2013 21:22:32] /kick dragonx
[01/12/2013 21:22:33] /kick dragonx
[01/12/2013 21:22:33] /kick dragonx
[01/12/2013 21:22:33] /kick dragonx
[01/12/2013 21:22:33] /kick dragonx
[01/12/2013 21:22:33] /kick dragonx
[01/12/2013 21:22:33] /kick dragonx
[01/12/2013 21:22:33] /kick dragonx
[01/12/2013 21:22:33] /kick dragonx
[01/12/2013 21:22:33] /kick dragonx
[01/12/2013 21:22:33] /kick dragonx
[01/12/2013 21:22:33] /kick dragonx
[01/12/2013 21:22:33] /kick dragonx
[01/12/2013 21:22:33] /kick dragonx
[01/12/2013 21:22:33] /kick dragonx
[01/12/2013 21:22:33] /kick dragonx
[01/12/2013 21:22:33] /kick dragonx
[01/12/2013 21:22:33] /kick dragonx
[01/12/2013 21:22:33] /kick dragonx
[01/12/2013 21:22:33] /kick dragonx
[01/12/2013 21:22:33] /kick dragonx
[01/12/2013 21:22:33] /kick dragonx
[01/12/2013 21:22:33] /kick dragonx
[01/12/2013 21:22:33] /kick dragonx
[01/12/2013 21:22:33] /kick dragonx
[01/12/2013 21:22:34] /kick dragonx
[01/12/2013 21:22:34] /kick dragonx
[01/12/2013 21:22:34] /kick dragonx
[01/12/2013 21:22:34] /kick dragonx
[01/12/2013 21:22:34] /kick dragonx
[01/12/2013 21:22:34] /kick dragonx
[01/12/2013 21:22:34] /kick dragonx
[01/12/2013 21:22:34] /kick dragonx
[01/12/2013 21:22:34] /kick dragonx
[01/12/2013 21:22:34] /kick dragonx
[01/12/2013 21:22:34] /kick dragonx
[01/12/2013 21:22:34] /kick dragonx
[01/12/2013 21:22:34] /kick dragonx
[01/12/2013 21:22:34] /kick dragonx
[01/12/2013 21:22:34] /kick dragonx
[01/12/2013 21:22:34] /kick dragonx
[01/12/2013 21:22:34] /kick dragonx
[01/12/2013 21:22:34] /kick dragonx
[01/12/2013 21:22:34] /kick dragonx
[01/12/2013 21:22:34] /kick dragonx
[01/12/2013 21:22:34] /kick dragonx
[01/12/2013 21:22:34] /kick dragonx
[01/12/2013 21:22:34] /kick dragonx
[01/12/2013 21:22:34] /kick dragonx
[01/12/2013 21:22:34] /kick dragonx
[01/12/2013 21:22:34] /kick dragonx
[01/12/2013 21:22:34] /kick dragonx
[01/12/2013 21:22:35] /kick dragonx
[01/12/2013 21:22:35] /kick dragonx
[01/12/2013 21:22:35] /kick dragonx
[01/12/2013 21:22:35] /kick dragonx
[01/12/2013 21:22:35] /kick dragonx
[01/12/2013 21:22:35] /kick dragonx
[01/12/2013 21:22:35] /kick dragonx
[01/12/2013 21:22:35] /kick dragonx
[01/12/2013 21:22:35] /kick dragonx
[01/12/2013 21:22:35] /kick dragonx
[01/12/2013 21:22:35] /kick dragonx
[01/12/2013 21:22:35] /kick dragonx
[01/12/2013 21:22:35] /kick dragonx
[01/12/2013 21:22:35] /kick dragonx
[01/12/2013 21:22:35] /kick dragonx
[01/12/2013 21:22:35] /kick dragonx
[01/12/2013 21:22:35] /kick dragonx
[01/12/2013 21:22:35] /kick dragonx
[01/12/2013 21:22:35] /kick dragonx
[01/12/2013 21:22:35] /kick dragonx
[01/12/2013 21:22:35] /kick dragonx
[01/12/2013 21:22:35] /kick dragonx
[01/12/2013 21:22:35] /kick dragonx
[01/12/2013 21:22:35] /kick dragonx
[01/12/2013 21:22:35] /kick dragonx
[01/12/2013 21:22:35] /kick dragonx
[01/12/2013 21:22:35] /kick dragonx
[01/12/2013 21:22:36] /kick dragonx
[01/12/2013 21:22:36] /kick dragonx
[01/12/2013 21:22:36] /kick dragonx
[01/12/2013 21:22:36] /kick dragonx
[01/12/2013 21:22:36] /kick dragonx
[01/12/2013 21:22:36] /kick dragonx
[01/12/2013 21:22:36] /kick dragonx
[01/12/2013 21:22:36] /kick dragonx
[01/12/2013 21:22:36] /kick dragonx
[01/12/2013 21:22:36] /kick dragonx
[01/12/2013 21:22:36] /kick dragonx
[01/12/2013 21:22:36] /kick dragonx
[01/12/2013 21:22:36] /kick dragonx
[01/12/2013 21:22:36] /kick dragonx
[01/12/2013 21:22:36] /kick dragonx
[01/12/2013 21:22:36] /kick dragonx
[01/12/2013 21:22:36] /kick dragonx
[01/12/2013 21:22:36] /kick dragonx
[01/12/2013 21:22:36] /kick dragonx
[01/12/2013 21:22:36] /kick dragonx
[01/12/2013 21:22:36] /kick dragonx
[01/12/2013 21:22:36] /kick dragonx
[01/12/2013 21:22:36] /kick dragonx
[01/12/2013 21:22:36] /kick dragonx
[01/12/2013 21:22:36] /kick dragonx
[01/12/2013 21:22:36] /kick dragonx
[01/12/2013 21:22:36] /kick dragonx
[01/12/2013 21:22:37] /kick dragonx
[01/12/2013 21:22:37] /kick dragonx
[01/12/2013 21:22:37] /kick dragonx
[01/12/2013 21:22:37] /kick dragonx
[01/12/2013 21:22:37] /kick dragonx
[01/12/2013 21:22:37] /kick dragonx
[01/12/2013 21:22:37] /kick dragonx
[01/12/2013 21:22:37] /kick dragonx
[01/12/2013 21:22:37] /kick dragonx
[01/12/2013 21:22:37] /kick dragonx
[01/12/2013 21:22:37] /kick dragonx
[01/12/2013 21:22:37] /kick dragonx
[01/12/2013 21:22:37] /kick dragonx
[01/12/2013 21:22:37] /kick dragonx
[01/12/2013 21:22:37] /kick dragonx
[01/12/2013 21:22:37] /kick dragonx
[01/12/2013 21:22:37] /kick dragonx
[01/12/2013 21:22:37] /kick dragonx
[01/12/2013 21:22:37] /kick dragonx
[01/12/2013 21:22:37] /kick dragonx
[01/12/2013 21:22:37] /kick dragonx
[01/12/2013 21:22:37] /kick dragonx
[01/12/2013 21:22:37] /kick dragonx
[01/12/2013 21:22:37] /kick dragonx
[01/12/2013 21:22:37] /kick dragonx
[01/12/2013 21:22:37] /kick dragonx
[01/12/2013 21:22:37] /kick dragonx
[01/12/2013 21:22:37] /kick dragonx
[01/12/2013 21:22:37] /kick dragonx
[01/12/2013 21:22:37] /kick dragonx
[01/12/2013 21:22:38] /kick dragonx
[01/12/2013 21:22:38] /kick dragonx
[01/12/2013 21:22:38] /kick dragonx
[01/12/2013 21:22:38] /kick dragonx
[01/12/2013 21:22:38] /kick dragonx
[01/12/2013 21:22:38] /kick dragonx
[01/12/2013 21:22:38] /kick dragonx
[01/12/2013 21:22:38] /kick dragonx
[01/12/2013 21:22:38] /kick dragonx
[01/12/2013 21:22:38] /kick dragonx
[01/12/2013 21:22:38] /kick dragonx
[01/12/2013 21:22:38] /kick dragonx
[01/12/2013 21:22:38] /kick dragonx
[01/12/2013 21:22:38] /kick dragonx
[01/12/2013 21:22:38] /kick dragonx
[01/12/2013 21:22:38] /kick dragonx
[01/12/2013 21:22:38] /kick dragonx
[01/12/2013 21:22:38] /kick dragonx
[01/12/2013 21:22:38] /kick dragonx
[01/12/2013 21:22:38] /kick dragonx
[01/12/2013 21:22:38] /kick dragonx
[01/12/2013 21:22:38] /kick dragonx
[01/12/2013 21:22:38] /kick dragonx
[01/12/2013 21:22:38] /kick dragonx
[01/12/2013 21:22:38] /kick dragonx
[01/12/2013 21:22:38] /kick dragonx
[01/12/2013 21:22:38] /kick dragonx
[01/12/2013 21:22:38] /kick dragonx
[01/12/2013 21:22:38] /kick dragonx
[01/12/2013 21:22:39] /kick dragonx
[01/12/2013 21:22:39] /kick dragonx
[01/12/2013 21:22:39] /kick dragonx
[01/12/2013 21:22:39] /kick dragonx
[01/12/2013 21:22:39] /kick dragonx
[01/12/2013 21:22:39] /kick dragonx
[01/12/2013 21:22:39] /kick dragonx
[01/12/2013 21:22:39] /kick dragonx
[01/12/2013 21:22:39] /kick dragonx
[01/12/2013 21:22:39] /kick dragonx
[01/12/2013 21:22:39] /kick dragonx
[01/12/2013 21:22:39] /kick dragonx
[01/12/2013 21:22:39] /kick dragonx
[01/12/2013 21:22:39] /kick dragonx
[01/12/2013 21:22:39] /kick dragonx
[01/12/2013 21:22:39] /kick dragonx
[01/12/2013 21:22:39] /kick dragonx
[01/12/2013 21:22:39] /kick dragonx
[01/12/2013 21:22:39] /kick dragonx
[01/12/2013 21:22:39] /kick dragonx
[01/12/2013 21:22:39] /kick dragonx
[01/12/2013 21:22:39] /kick dragonx
[01/12/2013 21:22:39] /kick dragonx
[01/12/2013 21:22:39] /kick dragonx
[01/12/2013 21:22:39] /kick dragonx
[01/12/2013 21:22:39] /kick dragonx
[01/12/2013 21:22:39] /kick dragonx
[01/12/2013 21:22:39] /kick dragonx
[01/12/2013 21:22:39] /kick dragonx
[01/12/2013 21:22:40] /kick dragonx
[01/12/2013 21:22:40] /kick dragonx
[01/12/2013 21:22:40] /kick dragonx
[01/12/2013 21:22:40] /kick dragonx
[01/12/2013 21:22:40] /kick dragonx
[01/12/2013 21:22:40] /kick dragonx
[01/12/2013 21:22:40] /kick dragonx
[01/12/2013 21:22:40] /kick dragonx
[01/12/2013 21:22:40] /kick dragonx
[01/12/2013 21:22:40] /kick dragonx
[01/12/2013 21:22:40] /kick dragonx
[01/12/2013 21:22:40] /kick dragonx
[01/12/2013 21:22:40] /kick dragonx
[01/12/2013 21:22:40] /kick dragonx
[01/12/2013 21:22:40] /kick dragonx
[01/12/2013 21:22:40] /kick dragonx
[01/12/2013 21:22:40] /kick dragonx
[01/12/2013 21:22:40] /kick dragonx
[01/12/2013 21:22:40] /kick dragonx
[01/12/2013 21:22:40] /kick dragonx
[01/12/2013 21:22:40] /kick dragonx
[01/12/2013 21:22:40] /kick dragonx
[01/12/2013 21:22:40] /kick dragonx
[01/12/2013 21:22:40] /kick dragonx
[01/12/2013 21:22:40] /kick dragonx
[01/12/2013 21:22:40] /kick dragonx
[01/12/2013 21:22:40] /kick dragonx
[01/12/2013 21:22:40] /kick dragonx
[01/12/2013 21:22:41] /kick dragonx
[01/12/2013 21:22:41] /kick dragonx
[01/12/2013 21:22:41] /kick dragonx
[01/12/2013 21:22:41] /kick dragonx
[01/12/2013 21:22:41] /kick dragonx
[01/12/2013 21:22:41] /kick dragonx
[01/12/2013 21:22:41] /kick dragonx
[01/12/2013 21:22:41] /kick dragonx
[01/12/2013 21:22:41] /kick dragonx
[01/12/2013 21:22:41] /kick dragonx
[01/12/2013 21:22:41] /kick dragonx
[01/12/2013 21:22:41] /kick dragonx
[01/12/2013 21:22:41] /kick dragonx
[01/12/2013 21:22:41] /kick dragonx
[01/12/2013 21:22:41] /kick dragonx
[01/12/2013 21:22:41] /kick dragonx
[01/12/2013 21:22:41] /kick dragonx
[01/12/2013 21:22:41] /kick dragonx
[01/12/2013 21:22:41] /kick dragonx
[01/12/2013 21:22:41] /kick dragonx
[01/12/2013 21:22:41] /kick dragonx
[01/12/2013 21:22:41] /kick dragonx
[01/12/2013 21:22:41] /kick dragonx
[01/12/2013 21:22:41] /kick dragonx
[01/12/2013 21:22:41] /kick dragonx
[01/12/2013 21:22:41] /kick dragonx
[01/12/2013 21:22:41] /kick dragonx
[01/12/2013 21:22:41] /kick dragonx
[01/12/2013 21:22:42] /kick dragonx
[01/12/2013 21:22:42] /kick dragonx
[01/12/2013 21:22:42] /kick dragonx
[01/12/2013 21:22:42] /kick dragonx
[01/12/2013 21:22:42] /kick dragonx
[01/12/2013 21:22:42] /kick dragonx
[01/12/2013 21:22:42] /kick dragonx
[01/12/2013 21:22:42] /kick dragonx
[01/12/2013 21:22:42] /kick dragonx
[01/12/2013 21:22:42] /kick dragonx
[01/12/2013 21:22:42] /kick dragonx
[01/12/2013 21:22:42] /kick dragonx
[01/12/2013 21:22:42] /kick dragonx
[01/12/2013 21:22:42] /kick dragonx
[01/12/2013 21:22:42] /kick dragonx
[01/12/2013 21:22:42] /kick dragonx
[01/12/2013 21:22:42] /kick dragonx
[01/12/2013 21:22:50] /kick dragonx
[01/12/2013 21:23:01] /a 250
[01/12/2013 21:23:03] /a 120
[01/12/2013 21:23:07] /item stone
[01/12/2013 21:23:09] /a
[01/12/2013 21:23:12] /a
[01/12/2013 21:23:17] /push dragonx
[01/12/2013 21:23:23] /item stone
[01/12/2013 21:23:25] /a
[01/12/2013 21:23:27] /item stone
[01/12/2013 21:23:29] /a
[01/12/2013 21:23:30] /item stone
[01/12/2013 21:23:32] /a
[01/12/2013 21:23:35] /item sand
[01/12/2013 21:23:40] /a
[01/12/2013 21:23:41] /r
[01/12/2013 21:23:44] /item ground
[01/12/2013 21:23:50] /push dragonx
[01/12/2013 21:23:56] /a
[01/12/2013 21:23:58] /r
[01/12/2013 21:23:59] /a
[01/12/2013 21:24:00] /r
[01/12/2013 21:24:01] /a
[01/12/2013 21:24:02] /r
[01/12/2013 21:24:04] /r
[01/12/2013 21:24:31] /a
[01/12/2013 21:24:32] /a
[01/12/2013 21:24:35] /item ground
[01/12/2013 21:24:37] /a
[01/12/2013 21:24:38] /item ground
[01/12/2013 21:24:41] /a
[01/12/2013 21:25:05] /name armando, [ADM] Zica.
[01/12/2013 21:43:01] /a 8
[01/12/2013 21:43:02] /a 8
[01/12/2013 21:43:03] /a 8
[01/12/2013 21:43:13] /item konoha backpack
[01/12/2013 21:43:17] /item soldado phill
[01/12/2013 21:43:18] /item soldado phill
[01/12/2013 21:43:19] /item soldado phill
[01/12/2013 21:43:19] /item soldado phill
[01/12/2013 21:43:19] /item soldado phill
[01/12/2013 21:43:20] /item soldado phill
[01/12/2013 21:43:20] /item soldado phill
[01/12/2013 21:43:21] /item soldado phill
[01/12/2013 21:43:21] /item soldado phill
[01/12/2013 21:43:21] /item soldado phill
[01/12/2013 21:43:22] /item soldado phill
[01/12/2013 21:43:22] /item soldado phill
[01/12/2013 21:43:22] /item soldado phill
[01/12/2013 21:43:28] /item soldado phill
[01/12/2013 21:43:28] /item soldado phill
[01/12/2013 21:43:28] /item soldado phill
[01/12/2013 21:43:29] /item soldado phill
[01/12/2013 21:43:29] /item soldado phill
[01/12/2013 21:43:30] /item soldado phill
[01/12/2013 21:43:31] /item soldado phill
[01/12/2013 21:44:13] /goto agua sem gaz
[01/12/2013 21:45:46] /r
[02/12/2013 13:58:56] /item konoha backpack
[02/12/2013 13:59:04] /item soldado phill
[02/12/2013 13:59:05] /item soldado phill
[02/12/2013 13:59:05] /item soldado phill
[02/12/2013 13:59:06] /item soldado phill
[02/12/2013 13:59:06] /item soldado phill
[02/12/2013 13:59:06] /item soldado phill
[02/12/2013 13:59:07] /item soldado phill
[02/12/2013 13:59:07] /item soldado phill
[02/12/2013 13:59:08] /item soldado phill
[02/12/2013 13:59:08] /item soldado phill
[02/12/2013 13:59:09] /item soldado phill
[02/12/2013 13:59:09] /item soldado phill
[02/12/2013 13:59:09] /item soldado phill
[02/12/2013 13:59:10] /item soldado phill
[02/12/2013 13:59:10] /item soldado phill
[02/12/2013 13:59:11] /item soldado phill
[02/12/2013 13:59:12] /item soldado phill
[02/12/2013 13:59:12] /item soldado phill
[02/12/2013 13:59:13] /item soldado phill
[02/12/2013 13:59:14] /item soldado phill
[02/12/2013 14:01:14] /item konoha backpack
[02/12/2013 14:01:22] /item soldado phill
[02/12/2013 14:01:25] /item soldado phill
[02/12/2013 14:01:25] /item soldado phill
[02/12/2013 14:01:26] /item soldado phill
[02/12/2013 14:01:27] /item soldado phill
[02/12/2013 14:01:28] /item soldado phill
[02/12/2013 14:01:29] /item soldado phill
[02/12/2013 14:01:29] /item soldado phill
[02/12/2013 14:01:29] /item soldado phill
[02/12/2013 14:01:30] /item soldado phill
[02/12/2013 14:01:30] /item soldado phill
[02/12/2013 14:01:31] /item soldado phill
[02/12/2013 14:01:31] /item soldado phill
[02/12/2013 14:01:31] /item soldado phill
[02/12/2013 14:01:35] /item soldado phill
[02/12/2013 14:01:35] /item soldado phill
[02/12/2013 14:01:36] /item soldado phill
[02/12/2013 16:07:39] /kick bob marley
[02/12/2013 16:11:43] /mc
[02/12/2013 16:35:29] /goto arakeng
[02/12/2013 16:35:33] /goto arakeng
[02/12/2013 16:35:36] /goto arakeng
[02/12/2013 16:35:38] /goto arakeng
[02/12/2013 16:35:40] /goto arakeng
[02/12/2013 16:35:42] /goto arakeng
[02/12/2013 16:35:43] /goto arakeng
[02/12/2013 16:35:44] /goto arakeng
[02/12/2013 16:35:45] /goto arakeng
[02/12/2013 16:35:50] /goto arakeng
[02/12/2013 16:36:02] /t
[02/12/2013 16:36:49] /goto arakeng
[02/12/2013 16:36:53] /goto arakeng
[02/12/2013 16:37:01] /goto arakeng
[02/12/2013 17:28:49] /goto arakeng
[02/12/2013 17:29:11] /goto i111123
[02/12/2013 17:29:21] /t
[02/12/2013 23:12:50] /a 2
[02/12/2013 23:12:51] /a 2
[02/12/2013 23:12:52] /a 2
[02/12/2013 23:12:53] /a 2
[02/12/2013 23:12:53] /a 2
[02/12/2013 23:12:54] /a 2
[02/12/2013 23:13:57] /a 2
[02/12/2013 23:14:03] /item kakashi mask
[02/12/2013 23:14:06] /item vital boots
[02/12/2013 23:14:08] /a
