[01/10/2013 14:32:25] /a 5
[01/10/2013 14:32:30] /newtype 25
[01/10/2013 14:32:37] /newtype 23
[01/10/2013 14:32:39] /newtype 30
[01/10/2013 14:32:41] /newtype 409
[01/10/2013 14:32:42] /newtype 40
[01/10/2013 14:32:43] /newtype 41
[01/10/2013 14:32:47] /newtype 50
[01/10/2013 14:32:49] /newtype 35
[01/10/2013 14:32:50] /newtype 33
[01/10/2013 14:32:51] /newtype 32
[01/10/2013 14:32:53] /newtype 22
[01/10/2013 14:33:10] /newtype 28
[01/10/2013 14:33:12] /newtype 26
[01/10/2013 14:33:13] /newtype 27
[01/10/2013 14:33:14] /newtype 20
[01/10/2013 14:34:30] /a 2
[01/10/2013 14:34:32] /a 2
[01/10/2013 14:34:33] /a 2
[01/10/2013 14:34:34] /a 2
[01/10/2013 14:34:41] /i 2523
[01/10/2013 14:34:51] /i yondaime armor
[01/10/2013 14:35:03] /attr group 1
[01/10/2013 14:35:05] /r
[01/10/2013 14:35:33] /c lendary fox
[01/10/2013 14:37:06] /i big shuriken
[01/10/2013 14:37:08] /i big shuriken
[01/10/2013 14:37:11] /i big shuriken
[01/10/2013 14:37:13] /i big shuriken
[01/10/2013 14:37:15] /i big shuriken
[01/10/2013 14:39:07] /t
[01/10/2013 14:39:14] /newtype 25
[01/10/2013 14:39:17] /newtype 30
[01/10/2013 14:39:19] /newtype 35
[01/10/2013 14:39:20] /newtype 33
[01/10/2013 14:39:20] /newtype 32
[01/10/2013 14:39:21] /newtype 31
[01/10/2013 14:39:24] /newtype 28
[01/10/2013 14:39:25] /newtype 27
[01/10/2013 14:39:26] /newtype 23
[01/10/2013 14:39:27] /newtype 22
[01/10/2013 14:39:28] /newtype 20
[01/10/2013 14:40:51] /goto lendary fox
[01/10/2013 14:41:21] /addskill Lendary Fox,distance,80
[01/10/2013 14:41:40] /addskill Lendary Fox,distance,20
[01/10/2013 14:41:57] /i elite shuriken
[01/10/2013 14:42:41] /r
[01/10/2013 14:42:47] /r
[01/10/2013 14:44:53] /i 2784
[01/10/2013 14:44:54] /i 2784
[01/10/2013 14:44:55] /i 2784
[01/10/2013 14:44:56] /i 2784
[01/10/2013 14:44:57] /i 2784
[01/10/2013 14:44:58] /i 2784
[01/10/2013 14:44:58] /i 2784
[01/10/2013 14:44:59] /i 2784
[01/10/2013 14:45:01] /a 2
[01/10/2013 14:45:19] /goto lendary fox
[01/10/2013 14:45:35] /m madara
[01/10/2013 14:45:37] /m madara
[01/10/2013 14:45:41] /m shukaku
[01/10/2013 14:46:00] /r
[01/10/2013 14:46:01] /r
[01/10/2013 14:46:05] /m kyuubi
[01/10/2013 14:46:06] /m kyuubi
[01/10/2013 14:46:09] /m sambi
[01/10/2013 14:46:11] /m sanbi
[01/10/2013 14:46:18] /m uchiha madara
[01/10/2013 14:46:20] /m uchiha madara
[01/10/2013 14:46:28] /m rat
[01/10/2013 14:46:31] /m wolf
[01/10/2013 14:46:39] /m chunnin
[01/10/2013 14:46:44] /m yondaime boss
[01/10/2013 14:47:16] /m shukaku
[01/10/2013 14:47:18] /a 2
[01/10/2013 14:47:20] /m shukaku
[01/10/2013 14:47:23] /t lendary fox
[01/10/2013 14:47:25] /t
[01/10/2013 14:47:39] /goto yondaime boss
[01/10/2013 14:47:42] /r
[01/10/2013 14:47:45] /c lendary fox
[01/10/2013 14:50:06] /m nindaime boss
[01/10/2013 14:50:08] /m nindaime boss
[01/10/2013 14:50:23] /m tobirama boss
[01/10/2013 14:50:30] /r
[01/10/2013 14:50:33] /r
[01/10/2013 14:50:36] /r
[01/10/2013 14:50:38] /r
[01/10/2013 14:50:41] /r
[01/10/2013 14:50:45] /r
[01/10/2013 14:50:50] /r
[01/10/2013 14:50:55] /c lendary fox
[01/10/2013 14:53:03] /m tobirama boss
[01/10/2013 14:53:09] /m tobirama boss
[01/10/2013 14:53:16] /t lendary fox
[01/10/2013 14:53:20] /c lendary fox
[01/10/2013 14:53:41] /m kazekage boss
[01/10/2013 14:54:05] /m kakashi boss
[01/10/2013 14:54:20] /m orochimaru boss 
[01/10/2013 14:54:24] /m sasuke boss
[01/10/2013 14:54:26] /m naruto boss
[01/10/2013 14:54:47] /m zabuza boss
[01/10/2013 14:55:27] /m sanbi
[01/10/2013 14:55:29] /m yonbi
[01/10/2013 14:55:37] /m hachibi
[01/10/2013 14:56:19] /m wolf
[01/10/2013 14:56:28] /m sasuke boss
[01/10/2013 14:57:01] /m naruto boss
[01/10/2013 14:57:34] /m naruto boss
[01/10/2013 14:57:36] /m naruto boss
[01/10/2013 14:57:36] /m naruto boss
[01/10/2013 14:57:36] /m naruto boss
[01/10/2013 14:57:51] /t lendary fox
[01/10/2013 14:58:02] /c lendary fox
[01/10/2013 14:58:22] /m naruto boss
[01/10/2013 14:58:23] /m naruto boss
[01/10/2013 14:58:23] /m naruto boss
[01/10/2013 14:58:23] /m naruto boss
[01/10/2013 14:58:24] /m naruto boss
[01/10/2013 14:58:24] /m naruto boss
[01/10/2013 14:58:24] /m naruto boss
[01/10/2013 14:58:25] /m naruto boss
[01/10/2013 14:58:25] /m naruto boss
[01/10/2013 14:58:33] /r
[01/10/2013 14:58:35] /r
[01/10/2013 14:58:39] /r
[01/10/2013 14:58:41] /r
[01/10/2013 14:58:44] /r
[01/10/2013 14:58:44] /r
[01/10/2013 14:58:47] /r
[01/10/2013 14:58:48] /r
[01/10/2013 14:58:48] /r
[01/10/2013 14:59:10] /t
[01/10/2013 14:59:47] /addskill Dhaora,level 400
[01/10/2013 14:59:51] /addskill Dhaora,level,400
[01/10/2013 15:00:11] /t
[01/10/2013 15:01:20] /t
[01/10/2013 15:01:54] /addskill Jase,level,401
[01/10/2013 15:03:40] /m trainer
[01/10/2013 15:04:22] /addskill Jase,magic, 90
[01/10/2013 15:04:40] /addskill Jase,magic, 8
[01/10/2013 15:04:43] /addskill Jase,magic, 8
[01/10/2013 15:04:44] /addskill Jase,magic, 8
[01/10/2013 15:04:45] /addskill Jase,magic, 8
[01/10/2013 15:04:45] /addskill Jase,magic, 8
[01/10/2013 15:04:46] /addskill Jase,magic, 8
[01/10/2013 15:04:47] /addskill Jase,magic, 8
[01/10/2013 15:05:44] /addskill Jase,gloves,100
[01/10/2013 15:05:53] /addskill Jase,gloves, 100
[01/10/2013 15:06:01] /addskill Jase,gloves
[01/10/2013 15:06:01] /addskill Jase,gloves
[01/10/2013 15:06:27] /addskill jase,gloves
[01/10/2013 15:06:41] /addskill jase,sword
[01/10/2013 15:06:45] /addskill jase,club
[01/10/2013 15:06:48] /addskill jase,axe
[01/10/2013 15:07:16] /addskill jase,spedd
[01/10/2013 15:07:20] /addskill jase,glove
[01/10/2013 15:07:22] /addskill jase,gloves
[01/10/2013 15:07:43] /addskill clone das sombras,gloves
[01/10/2013 15:08:06] /i sasuke gloves
[01/10/2013 15:08:12] /i sealed gloves
[01/10/2013 15:08:31] /i zabuza sword
[01/10/2013 15:08:45] /i eletric sword
[01/10/2013 15:08:48] /i katana
[01/10/2013 15:09:09] /i chakra eletric katana
[01/10/2013 15:09:50] /attr set attack, 50
[01/10/2013 15:09:52] /attr set attack, 50
[01/10/2013 15:10:10] /attr set attack, 100
[01/10/2013 15:10:26] /i sasuke sword
[01/10/2013 15:10:59] /addskill jase,sword 100
[01/10/2013 15:11:03] /addskill jase,sword,100
[01/10/2013 15:11:31] /addskill jase,magic,30
[01/10/2013 15:11:34] /addskill jase,magic,30
[01/10/2013 15:11:37] /addskill jase,magic,30
[01/10/2013 15:12:13] /addskill jase,magic,1
[01/10/2013 15:12:14] /addskill jase,magic,1
[01/10/2013 15:12:15] /addskill jase,magic,1
[01/10/2013 15:12:16] /addskill jase,magic,1
[01/10/2013 15:12:41] /i obito armor
[01/10/2013 15:12:44] /i obito tunic
[01/10/2013 15:12:59] /i obito mask
[01/10/2013 15:13:04] /i vital boots
[01/10/2013 15:13:11] /i obito legs
[01/10/2013 15:13:44] /m yondaime boss
[01/10/2013 15:14:11] /i 2145
[01/10/2013 15:14:20] /i 2145
[01/10/2013 15:14:21] /i 2145
[01/10/2013 15:14:22] /i 2145
[01/10/2013 15:14:30] /i 2145
[01/10/2013 15:14:33] /i 2145
[01/10/2013 15:14:38] /i 2145
[01/10/2013 15:14:39] /i 2145
[01/10/2013 15:14:39] /i 2145
[01/10/2013 15:14:40] /i 2145
[01/10/2013 15:14:46] /i backpack
[01/10/2013 15:14:53] /i 2533
[01/10/2013 15:14:53] /i 2533
[01/10/2013 15:14:54] /i 2533
[01/10/2013 15:14:54] /i 2533
[01/10/2013 15:14:54] /i 2533
[01/10/2013 15:14:55] /i 2533
[01/10/2013 15:14:55] /i 2533
[01/10/2013 15:14:55] /i 2533
[01/10/2013 15:14:58] /i 2533
[01/10/2013 15:14:59] /i 2533
[01/10/2013 15:14:59] /i 2533
[01/10/2013 15:14:59] /i 2533
[01/10/2013 15:15:00] /i 2533
[01/10/2013 15:15:00] /i 2533
[01/10/2013 15:15:00] /i 2533
[01/10/2013 15:15:01] /i 2533
[01/10/2013 15:15:01] /i 2533
[01/10/2013 15:15:01] /i 2533
[01/10/2013 15:15:02] /i 2533
[01/10/2013 15:15:02] /i 2533
[01/10/2013 15:15:03] /i 2533
[01/10/2013 15:15:25] /r
[01/10/2013 15:16:17] /i obito legs
[01/10/2013 15:16:22] /i backpack
[01/10/2013 15:16:28] /i hashirama legs
[01/10/2013 15:16:52] /i obito tunic
[01/10/2013 15:19:16] /attr group 6
