[26/04/2012 21:24:07] /c oni oni
[26/04/2012 21:24:10] /t
[26/04/2012 21:26:50] /a 20
[26/04/2012 21:27:02] /c oni oni
[26/04/2012 21:27:14] /c oni oni
[26/04/2012 21:27:16] /t
[26/04/2012 21:27:48] /a
[26/04/2012 21:27:50] /a
[26/04/2012 21:27:52] /a
[26/04/2012 21:27:54] /a
[26/04/2012 21:28:40] /n gold
[26/04/2012 21:30:02] /n yondaime
[26/04/2012 21:30:46] /b dentao dentao
[26/04/2012 21:30:58] /b dentao
[26/04/2012 21:31:56] /b ???
[26/04/2012 22:06:40] /a 2
[26/04/2012 22:07:09] /m pain boss
[26/04/2012 22:07:57] /n yondaime coat
[26/04/2012 22:08:35] /m sasori boss
[26/04/2012 22:08:42] /m kona boss
[26/04/2012 22:08:47] /m pain boss
[26/04/2012 22:08:57] /m kisame boss
[26/04/2012 22:09:10] /m konnan boss
[26/04/2012 22:11:55] /m pain boss
[26/04/2012 22:12:38] /m sasori boss
[26/04/2012 22:12:48] /m kisame boss
[26/04/2012 22:13:37] /m itachii boss
[26/04/2012 22:15:29] /up 1
[26/04/2012 22:15:40] /up 1
[26/04/2012 22:15:54] /a 2
[26/04/2012 22:16:07] /a 2
[26/04/2012 22:16:15] /c tobiii
[26/04/2012 22:16:21] /c tobii
[26/04/2012 22:16:26] /c japa
[26/04/2012 22:16:32] /c tobii
[26/04/2012 22:16:51] /c tobiii
[26/04/2012 22:17:00] /goto japa
