[15/10/2013 01:24:11] exiva "bob esponja
[15/10/2013 01:24:24] exiva "bob esponja
[15/10/2013 01:24:31] exiva "bob esponja
[15/10/2013 01:26:32] full bob esponja
[15/10/2013 01:26:36] full bob esponja
[15/10/2013 01:26:42] full bob esponja
[15/10/2013 01:26:43] full bob esponja
[15/10/2013 01:26:46] full bob esponja
[15/10/2013 01:26:47] full bob esponja
[15/10/2013 01:26:48] full bob esponja
[15/10/2013 01:26:49] full bob esponja
[15/10/2013 01:26:49] full bob esponja
[15/10/2013 01:26:50] full bob esponja
[15/10/2013 01:26:51] full bob esponja
[15/10/2013 01:26:51] full bob esponja
[15/10/2013 01:26:52] full bob esponja
[15/10/2013 01:26:52] full bob esponja
[15/10/2013 01:27:21] full taker
[15/10/2013 01:31:04] full kage bunshin
[15/10/2013 10:59:45] full Arthax 
[15/10/2013 11:05:32] full Arthax 
