[11/10/2012 14:07:36] /b so foda
[11/10/2012 14:07:37] /b kkkkk
[11/10/2012 14:19:38] /b u.u
[11/10/2012 14:19:57] /b kkkkk e so foda
[11/10/2012 14:20:48] /b kika
[11/10/2012 14:20:49] /b kk
[11/10/2012 14:22:15] /b bernandi e nicks I LOVE BOUTH KKKKKKKKK
[11/10/2012 14:22:27] /b bernandi e nicks I LOVE BOUTH KKKKKKKKK
[11/10/2012 14:22:40] /b yeah
[11/10/2012 14:22:48] /b tomorrow?:
[11/10/2012 14:23:05] /b  my posicion is 4
[11/10/2012 14:23:16] /b de quatro tendeu kkkk
[11/10/2012 14:23:36] /b kkkkkkkkkkk
[11/10/2012 14:23:54] /b posicion do nicks mum and dad kkkkkkkkk
[11/10/2012 14:25:46] /b grenn a
[11/10/2012 14:26:17] /b )+
[11/10/2012 14:28:30] /b kk
[11/10/2012 14:43:13] /b kikai
[11/10/2012 14:43:15] /b kkkk
[11/10/2012 14:43:20] /b entao ela kai
[11/10/2012 14:43:25] /b kikai çf,ankgfvbOUHGBASD
[11/10/2012 14:44:27] /b ele e do mal parace meu pai dando pauliostinha em mim
[11/10/2012 14:44:34] /b ele e do mal parace meu pai dando pauliostinha em mim
[11/10/2012 14:46:09] /b nunca vi gente mais tetuda que o bernardi
[11/10/2012 14:46:11] /b nunca vi gente mais tetuda que o bernardi
[11/10/2012 14:51:37] /b diferente
[11/10/2012 14:51:39] /b kkk
[11/10/2012 14:51:51] /b renan vai toma no seu orificio anal
[11/10/2012 14:51:52] /b renan vai toma no seu orificio anal
[11/10/2012 14:54:08] /b renan vai toma no orificio do seu cu
[11/10/2012 14:54:10] /b kkkkkkkkkkkkkk
[11/10/2012 14:54:22] /b calma habichi
[11/10/2012 14:56:21] /b fala a palavra magica
[11/10/2012 14:56:34] /b um minino gostoso
[11/10/2012 14:56:36] /b kkkkkkkkk
[11/10/2012 14:58:04] /b fala a palavrinha magica
[12/10/2012 16:17:55] /b que medo kk
[12/10/2012 16:46:28] /b o nii e solitario kkkkkkkkkk
[12/10/2012 16:46:43] /b so a namo dele que satisfaz
[12/10/2012 16:47:04] /b indabem que nao ta on
[12/10/2012 17:03:14] /b ta onde hachibi
[12/10/2012 17:03:15] /b ?
[12/10/2012 17:25:30] /b oloco mosso
[12/10/2012 17:25:44] /b nao e baguio e trainer
[12/10/2012 17:26:01] /b comeca nao nao gosto
[12/10/2012 17:26:02] /b kk
[12/10/2012 17:26:06] /b eu que mandor nessa porra
[12/10/2012 17:28:07] /b oloco em bixo
[12/10/2012 17:28:16] /b nd nao
[12/10/2012 17:28:31] /b claro e que so foda tenho fogo na pika
[12/10/2012 17:30:03] /b tomo na chato
[12/10/2012 17:30:05] /b tomo na chata
[12/10/2012 17:30:41] /b 17:29 [ADM] Nii.: crianção mais nao me deu presente ne viado
[12/10/2012 17:30:54] /b 17:29 [ADM] Nii.: crianção 
[12/10/2012 17:31:02] /b fala isso mais nao me deu presente ne gay
[12/10/2012 17:31:21] /b hachibi
[12/10/2012 17:31:32] /b oia o nii
[12/10/2012 17:31:36] /b 17:29 [ADM] Nii.: crianção
[12/10/2012 17:31:47] /b mais o foda e que ele nao me deu presente
[12/10/2012 17:32:52] /b somos felizes
