[01/10/2013 15:19:23] /r
[01/10/2013 15:20:07] /attr fogo mitico,distance,100
[01/10/2013 15:20:16] /addskill fogo mitico,distance,100
[01/10/2013 15:21:59] /addskill jase,sword
[01/10/2013 15:22:01] /addskill jase,sword
[01/10/2013 15:22:01] /addskill jase,sword
[01/10/2013 15:22:02] /addskill jase,sword
[01/10/2013 15:22:02] /addskill jase,sword
[01/10/2013 15:22:08] /addskill jase,sword
[01/10/2013 15:22:09] /addskill jase,sword
[01/10/2013 15:22:10] /addskill jase,sword
[01/10/2013 15:22:10] /addskill jase,sword
[01/10/2013 15:22:11] /addskill jase,sword
[01/10/2013 15:22:11] /addskill jase,sword
[01/10/2013 15:22:12] /addskill jase,sword
[01/10/2013 15:22:12] /addskill jase,sword
[01/10/2013 15:22:13] /addskill jase,sword
[01/10/2013 15:22:14] /addskill jase,sword
[01/10/2013 15:22:15] /addskill jase,sword
[01/10/2013 15:23:35] /addskill fogo mitico, gloves, 60
[01/10/2013 15:23:42] /addskill fogo mitico, gloves, 60
[01/10/2013 15:23:52] /addskill fogo mitico, gloves
[01/10/2013 15:24:00] /addskill fogo mitico, gloves 20
[01/10/2013 15:24:04] /addskill fogo mitico, gloves 20
[01/10/2013 15:24:04] /addskill fogo mitico, gloves 20
[01/10/2013 15:24:04] /addskill fogo mitico, gloves 20
[01/10/2013 15:24:05] /addskill fogo mitico, gloves 20
[01/10/2013 15:24:12] /addskill fogo mitico, gloves 20
[01/10/2013 15:24:39] /addskill fogo mitico, gloves 20
[01/10/2013 15:24:47] /addskill fogo mitico, gloves 20
[01/10/2013 15:24:48] /addskill fogo mitico, gloves 20
[01/10/2013 15:24:55] /addskill fogo mitico, gloves 20
[01/10/2013 15:24:55] /addskill fogo mitico, gloves 20
[01/10/2013 15:24:56] /addskill fogo mitico, gloves 20
[01/10/2013 15:24:56] /addskill fogo mitico, gloves 20
[01/10/2013 15:25:03] /addskill fogo mitico, gloves
[01/10/2013 15:25:17] /addskill fogo mitico, gloves
[01/10/2013 15:25:22] /addskill fogo mitico, fist
[01/10/2013 15:28:04] /addskill fogo mitico,1
[01/10/2013 15:28:11] /addskill fogo mitico,level 
[01/10/2013 15:28:12] /addskill fogo mitico,level 
[01/10/2013 15:28:34] /addskill jase, sword
[01/10/2013 15:28:37] /addskill jase, sword
[01/10/2013 15:28:37] /addskill jase, sword
[01/10/2013 15:28:38] /addskill jase, sword
[01/10/2013 15:28:39] /addskill jase, sword
[01/10/2013 15:28:39] /addskill jase, sword
[01/10/2013 15:28:39] /addskill jase, sword
[01/10/2013 15:28:39] /addskill jase, sword
[01/10/2013 15:28:40] /addskill jase, sword
[01/10/2013 15:28:40] /addskill jase, sword
[01/10/2013 15:28:41] /addskill jase, sword
[01/10/2013 15:28:41] /addskill jase, sword
[01/10/2013 15:28:42] /addskill jase, sword
[01/10/2013 15:28:43] /addskill jase, sword
[01/10/2013 15:28:43] /addskill jase, sword
[01/10/2013 15:28:44] /addskill jase, sword
[01/10/2013 15:28:45] /addskill jase, sword
[01/10/2013 15:28:55] /addskill fogo mitico, distance
[01/10/2013 15:28:55] /addskill fogo mitico, distance
[01/10/2013 15:28:55] /addskill fogo mitico, distance
[01/10/2013 15:28:56] /addskill fogo mitico, distance
[01/10/2013 15:28:56] /addskill fogo mitico, distance
[01/10/2013 15:28:56] /addskill fogo mitico, distance
[01/10/2013 15:28:57] /addskill fogo mitico, distance
[01/10/2013 15:28:57] /addskill fogo mitico, distance
[01/10/2013 15:28:58] /addskill fogo mitico, distance
[01/10/2013 15:28:58] /addskill fogo mitico, distance
[01/10/2013 15:28:59] /addskill fogo mitico, distance
[01/10/2013 15:28:59] /addskill fogo mitico, distance
[01/10/2013 15:29:00] /addskill fogo mitico, distance
[01/10/2013 15:29:00] /addskill fogo mitico, distance
[01/10/2013 15:29:01] /addskill fogo mitico, distance
[01/10/2013 15:29:02] /addskill fogo mitico, distance
[01/10/2013 15:29:03] /addskill fogo mitico, distance
[01/10/2013 15:32:08] /r
[01/10/2013 15:32:25] /i elite shuriken
[01/10/2013 15:32:32] /ghost
[01/10/2013 15:32:45] /goto fogo mitico
[01/10/2013 15:32:54] /r
[01/10/2013 15:33:40] /t
[01/10/2013 15:33:46] /ghost
[01/10/2013 15:33:59] /addskill Lendary Fox,level 
[01/10/2013 15:34:00] /addskill Lendary Fox,level 
[01/10/2013 15:34:03] /addskill Lendary Fox,level 
[01/10/2013 15:34:03] /addskill Lendary Fox,level 
[01/10/2013 15:34:04] /addskill Lendary Fox,level 
[01/10/2013 15:34:05] /addskill Lendary Fox,level 
[01/10/2013 15:34:49] /addskill Lendary Fox,distance
[01/10/2013 15:34:50] /addskill Lendary Fox,distance
[01/10/2013 15:34:52] /addskill Lendary Fox,distance
[01/10/2013 15:35:00] /addskill Lendary Fox,distance
[01/10/2013 15:35:02] /addskill Lendary Fox,distance
[01/10/2013 15:35:03] /addskill Lendary Fox,distance
[01/10/2013 15:35:05] /addskill Lendary Fox,distance
[01/10/2013 15:35:06] /addskill Lendary Fox,distance
[01/10/2013 15:35:08] /addskill Lendary Fox,distance
[01/10/2013 15:35:09] /addskill Lendary Fox,distance
[01/10/2013 15:35:10] /addskill Lendary Fox,distance
[01/10/2013 15:35:11] /addskill Lendary Fox,distance
[01/10/2013 15:35:12] /addskill Lendary Fox,distance
[01/10/2013 15:35:21] /addskill Lendary Fox, distance
[01/10/2013 15:35:52] /i elite shuriken
[01/10/2013 15:39:11] /t
[01/10/2013 15:44:10] /t lendary fox
[01/10/2013 15:44:15] /t fogo mitico
[01/10/2013 15:44:26] /m yondaime boss
[01/10/2013 15:44:27] /m yondaime boss
[01/10/2013 15:44:27] /m yondaime boss
[01/10/2013 15:44:28] /m yondaime boss
[01/10/2013 15:44:28] /m yondaime boss
[01/10/2013 15:44:52] /r
[01/10/2013 15:44:53] /r
[01/10/2013 15:44:54] /r
[01/10/2013 15:45:23] /addskill lendary fox,level
[01/10/2013 15:45:24] /addskill lendary fox,level
[01/10/2013 15:45:54] /m yondaime boss
[01/10/2013 15:45:54] /m yondaime boss
[01/10/2013 15:45:55] /m yondaime boss
[01/10/2013 15:48:02] /t fogo mitico
[01/10/2013 15:55:04] /i 2533
[01/10/2013 15:55:04] /i 2533
[01/10/2013 15:55:05] /i 2533
[01/10/2013 15:55:06] /i 2533
[01/10/2013 15:55:06] /i 2533
[01/10/2013 15:55:06] /i 2533
[01/10/2013 15:55:07] /i 2533
[01/10/2013 15:55:08] /i 2533
[01/10/2013 15:55:08] /i 2533
[01/10/2013 15:55:08] /i 2533
[01/10/2013 15:55:09] /i 2533
[01/10/2013 15:55:09] /i 2533
[01/10/2013 15:55:09] /i 2533
[01/10/2013 15:55:10] /i 2533
[01/10/2013 15:55:10] /i 2533
[01/10/2013 15:55:10] /i 2533
[01/10/2013 15:55:11] /i 2533
[01/10/2013 15:55:11] /i 2533
[01/10/2013 15:55:11] /i 2533
[01/10/2013 15:55:12] /i 2533
[01/10/2013 15:55:12] /i 2533
[01/10/2013 15:55:12] /i 2533
[01/10/2013 15:55:13] /i 2533
[01/10/2013 15:55:13] /i 2533
[01/10/2013 15:55:13] /i 2533
[01/10/2013 15:55:13] /i 2533
[01/10/2013 15:55:59] /r
[01/10/2013 15:56:01] /r
[01/10/2013 15:56:07] /r
[01/10/2013 15:56:09] /r
[01/10/2013 15:56:10] /r
[01/10/2013 15:56:11] /r
[01/10/2013 15:56:24] /r
[01/10/2013 15:56:31] /r
[01/10/2013 15:57:16] /m yondaime boss
[01/10/2013 15:57:16] /m yondaime boss
[01/10/2013 15:57:16] /m yondaime boss
[01/10/2013 15:57:39] /r
[01/10/2013 15:57:42] /r
[01/10/2013 15:57:43] /r
[01/10/2013 15:57:53] /r
[01/10/2013 15:57:54] /r
[01/10/2013 16:04:11] /down
[01/10/2013 16:04:12] /a 2
[01/10/2013 16:04:13] /a 2
[01/10/2013 16:04:13] /a 2
[01/10/2013 16:04:13] /a 2
[01/10/2013 16:04:14] /a 2
[01/10/2013 16:04:16] /a 5
[01/10/2013 16:04:20] /a 5
[01/10/2013 16:14:14] /newtype 20
[01/10/2013 16:16:57] /r
