[09/10/2012 10:49:32] /b kk
[09/10/2012 11:13:38] /b Galera Achando Bug no mapa , Fale pra mim' que falo com adm ;x
[09/10/2012 12:12:55] /b AFK *
[09/10/2012 12:25:34] /b agr é serio , AFK
[09/10/2012 12:34:26] /b on ;x
[09/10/2012 13:03:59] /b Duvidas em naruto help , não responderei pm
[09/10/2012 13:08:30] /b Ni , msn plz ?
[09/10/2012 14:08:47] /b Nii se estiver on , PM ! 
[09/10/2012 14:16:50] /b GALERA NARUTO HELP é Só PERGUNTAS
[09/10/2012 14:30:05] /b galera , nii ta on ??
[09/10/2012 14:50:13] /b galera to com uns problema aqq , mais tarde entrooo
[09/10/2012 15:05:36] /b nii pm .
[10/10/2012 10:50:40] /b Bom Dia ;D
[10/10/2012 10:51:02] /b SEM PM !! 
[10/10/2012 10:51:18] /b Naruto Help .. duvidas .
[10/10/2012 11:00:18] /b ANTES DE DEIXA OFF AVISA PLZ 
[10/10/2012 12:18:06] /b pucha ?
[10/10/2012 12:40:16] /b http://ntoabsulut.webnode.com/
[10/10/2012 12:40:36] /b http://ntoabsulut.webnode.com/ site para download do novo client , quem não baixar corre risco de tomar Debug
[10/10/2012 12:55:21] /b http://ntoabsulut.webnode.com/download/
[10/10/2012 12:55:35] /b Novo cliente no link > http://ntoabsulut.webnode.com/download/
[10/10/2012 13:01:37] /b > novo client no link http://ntoabsulut.webnode.com/download/
[10/10/2012 19:37:24] /b Duvidas no naruto help
[10/10/2012 19:39:55] /b Duvidas help
[10/10/2012 20:06:23] /b Niick , se por acaso estiver on, pm preciso falar com você ! 
[10/10/2012 21:16:39] /b help bugado aqui
[10/10/2012 21:16:41] /b D:
[10/10/2012 21:17:52] /b se tiverem duvidas pode mandar pm que respondo .. ´tutor ..
[10/10/2012 21:48:47] /b duvidas pm , meu client ta bugado e nao abre help
[10/10/2012 22:23:05] /b duvidas pm .
[10/10/2012 23:03:03] /b Nii, meu client bugou o help
[10/10/2012 23:03:05] /b e agr ? D:
[11/10/2012 08:09:44] /b site > http://ntoabsulut.webnode.com/
[11/10/2012 08:14:52] /b O server tem duas formas de pagamento, basta voçê escolher a melhor forma. "Boleto Bancário" ou "Direto na Conta" 
[11/10/2012 11:40:53] /b duvidas , help .
[11/10/2012 12:02:17] /b saindo glr
[11/10/2012 13:07:08] /b só eu to com lag ? ;x
[11/10/2012 13:10:08] /b GALERA HOSTER TA CRIANDO CAVES, POR ISSO O LAG. 
[11/10/2012 13:10:22] /b FOI OQUE ME FALARAM .
[11/10/2012 13:11:23] /b Afk, Tomar banho , jaja respondo vocês ! 
[11/10/2012 14:20:19] /b pucha ni
[11/10/2012 14:25:09] /b \o/ faz quest hokage coat
[11/10/2012 14:28:21] /b que falta faz um mause
[11/10/2012 14:28:23] /b pqp saksopakspaok
[11/10/2012 14:28:26] /b pucha.
[11/10/2012 14:29:21] /b -.- kkkkkkkk
[11/10/2012 14:29:25] /b pucha dnv
[11/10/2012 14:44:14] /b -.-
[11/10/2012 14:44:18] /b pucha
[11/10/2012 14:44:33] /b aqui tbm ta ..
[11/10/2012 14:49:58] /b afffffffffffffff
[11/10/2012 14:50:02] /b to nascendo na areia
[11/10/2012 14:50:04] /b arruma isso nii
[11/10/2012 14:51:37] /b nii
[11/10/2012 14:51:40] /b namoral 
[11/10/2012 14:51:44] /b me desbuga ?
[11/10/2012 14:51:50] /b meu respawn é na areia .
[11/10/2012 14:51:52] /b -.-
[11/10/2012 14:52:18] /b aff
[11/10/2012 14:52:20] /b kkkkkkkkkkkk
[11/10/2012 14:54:16] /b afffffffffff
[11/10/2012 14:54:17] /b kkkkkkk
[11/10/2012 14:56:12] /b segue
[11/10/2012 14:56:29] /b fazendo favor
[11/10/2012 14:57:48] /b nii
[11/10/2012 14:57:54] /b vai resolve my problem ?
[11/10/2012 15:00:09] /b só os vicios
[11/10/2012 15:00:11] /b on 
[11/10/2012 15:25:05] /b Nii vem aqi
[11/10/2012 15:25:07] /b FAST 
[11/10/2012 15:53:28] /b o.o nii descobri como fazer trainer mecher
[11/10/2012 15:53:36] /b Bug de lariat + buf .
[11/10/2012 15:58:06] /b bernadis buguei
[11/10/2012 15:58:09] /b tira eu daqui '-'
[11/10/2012 16:08:05] /b Instruções para comprar itens / vip .. http://ntoabsulut.webnode.com/shop-vip/
[11/10/2012 17:45:12] /b Duvidas pm , help bugou aqui , msm relogando nn abre x.x
[11/10/2012 20:13:45] /b afk
[11/10/2012 20:31:42] /b auz, ver naruto
[11/10/2012 22:20:07] /b Duvidas ? naruto help ;D
[11/10/2012 23:55:48] /b Help bugado . D:
[12/10/2012 00:00:14] /b Afk .
[12/10/2012 10:45:19] /b Nii arruma MEU BUG
[12/10/2012 10:45:25] /b de nascer na areia .
[12/10/2012 11:12:44] /b pucha.
[12/10/2012 11:21:22] /b TY , Ni ... Duvidas ? help
[12/10/2012 11:22:03] /b msm coisa
[12/10/2012 11:51:10] /b eu posso ir .
[12/10/2012 11:51:18] /b Maby falo que filma .
[12/10/2012 11:51:33] /b sussa '-'
[12/10/2012 11:59:48] /b Ok ..
[12/10/2012 11:59:54] /b que horas volta ?
[12/10/2012 12:00:19] /b o.o
[12/10/2012 12:03:37] /b Nii . entra msn pro povo saber noticias x.x
[12/10/2012 12:04:54] /b eba
[12/10/2012 12:04:56] /b só eu e vc
[12/10/2012 12:05:00] /b juntinhos *-*
[12/10/2012 12:05:08] /b ksaopskaops  pucha ? 
[12/10/2012 13:54:03] /b ni ?
[12/10/2012 13:57:06] /b D: Nii  ta ae ?  vc falo que era rapidin
[12/10/2012 14:19:32] /b Nii. '
[12/10/2012 14:20:55] /b NII QUANDO VOLTAR ME AVISA
[12/10/2012 14:32:27] /b volotoo ?
[12/10/2012 14:32:32] /b voltooo * ?
[12/10/2012 14:41:53] /b Galera pelo oq saiba , ocorreu um imprevisto e adm não pode fazer a nova VOC ! :@
[12/10/2012 14:42:25] /b não posso dar itens
[12/10/2012 16:02:05] /b até quem fim .
[12/10/2012 16:23:31] /b ta travando
[12/10/2012 16:23:33] /b ni pucha
[12/10/2012 16:23:35] /b  ?
[12/10/2012 16:24:53] /b só aqui que ta lag ?
[12/10/2012 16:46:15] /b pucha 
[12/10/2012 16:46:41] /b como sai daqui
[12/10/2012 16:46:48] /b kkkk
[12/10/2012 16:47:28] /b laggg
[12/10/2012 16:47:38] /b acho que vo morrer >.<
[12/10/2012 16:58:52] /b vish
[12/10/2012 16:58:59] /b seraá que ele vai ficar afk dnv ? kkk
[12/10/2012 16:59:10] /b mais cedo ele falo que ja voltava e só volto 1:30 dps
[12/10/2012 17:25:34] /b sklaopkopskas
[12/10/2012 17:25:37] /b ataquei o baguiu
[12/10/2012 17:25:52] /b pvp se comessa um do lado do outro
[12/10/2012 17:25:56] /b vadia '-'
[12/10/2012 17:28:10] /b ??
[12/10/2012 17:28:19] /b seu hp n desce o.o sakospak
[12/10/2012 17:31:11] /b travo tudo
[12/10/2012 17:31:26] /b eu
[12/10/2012 18:08:52] /b no site ta dizendo que hj ia ter evento x.x
[12/10/2012 18:13:05] /b )=
[12/10/2012 18:54:59] /b Não adianta vocês fazerem nada jiraya 30 reais  , palavras do adm.
[12/10/2012 19:49:55] /b EBA !
[12/10/2012 19:49:58] /b :D
[12/10/2012 21:12:35] /b on
[12/10/2012 21:14:31] /b JIRAYA 30 PILA '-'
[12/10/2012 21:19:05] /b evento de hj foi adiado pra segunda
[12/10/2012 21:37:55] /b GELERINHA VO DESLOGAR AQUI JAJA VOLTO
[12/10/2012 21:39:31] /b galera eu sou medingo não tenho dinheiro ..
[12/10/2012 21:40:42] /b saindo ..
[12/10/2012 22:05:36] /b volteiii :D
[12/10/2012 22:12:43] /b n tava healando fdp
[12/10/2012 22:12:45] /b saksopaasok
[12/10/2012 22:23:50] /b Print :D
[12/10/2012 23:50:25] /b AFK treinando .
[13/10/2012 02:43:18] /b AFK
[13/10/2012 23:02:59] /b DUVIDAS PM pois help bugado.
[14/10/2012 11:33:37] /b Nii preciso falar com você .. pucha? 
[14/10/2012 11:58:33] /b \o/
[14/10/2012 11:58:35] /b \o/
[14/10/2012 11:58:37] /b \o/
[14/10/2012 12:08:01] /b aff vey
[14/10/2012 12:24:37] /b Site do ot http://ntoabsulut.webnode.com/
[14/10/2012 12:38:08] /b mto debug
[14/10/2012 13:14:23] /b :/
[14/10/2012 13:52:48] /b faz faz \o/
[14/10/2012 14:39:00] /b aneiim , eu nascii na areia
[14/10/2012 14:39:03] /b D:
[14/10/2012 15:32:21] /b :)
[14/10/2012 15:50:36] /b AFK , rapidaum ;x
[14/10/2012 23:45:44] /b Galera , irei viajar nessa madrugada então amanha e depois não irei entrar ;X
[16/10/2012 17:07:51] /b Carmae .
[16/10/2012 17:26:53] /b n pucha
[16/10/2012 17:31:43] /b nii
[16/10/2012 17:31:49] /b vo ter que buscar meu irmao na escola
[16/10/2012 17:31:53] /b da pra espera 10 mins ?
[16/10/2012 17:31:56] /b AFK ! 
[17/10/2012 12:00:30] /b Bom Dia ! 
[17/10/2012 13:14:24] /b lol
[18/10/2012 10:21:27] /b bom dia
[18/10/2012 15:35:17] /b Invasão daqui 5 mins
[18/10/2012 15:42:17] /b ele vai summonar mais glr 
[18/10/2012 15:57:50] /b Esperem po ..
[18/10/2012 15:57:54] /b D:
[18/10/2012 16:00:48] /b Parem com pm , e esperem :S
[18/10/2012 16:04:55] /b CABOU ! 
[18/10/2012 16:48:37] /b voltai :D
[18/10/2012 17:46:28] /b Duvidas > Help
[18/10/2012 18:25:43] /b Duvidas > Naruto help
[18/10/2012 19:12:22] /b Blocko nidaime quest 100g
[18/10/2012 19:46:05] /b AFK
[19/10/2012 11:49:57] /b Bom Dia :!
[19/10/2012 12:03:23] /b Duvidas ? >> Help :P
[19/10/2012 13:26:59] /b Duvidas no Help ;P
[19/10/2012 13:29:08] /b http://ntoabsulut.webnode.com/
[19/10/2012 18:27:43] /b Servidor crescendo .. 70 Nego on + ! 
[19/10/2012 20:55:19] /b Ja to ate vendo metade do sv sair pra ver novela
[19/10/2012 20:55:20] /b kkkk
[19/10/2012 21:00:04] /b kkkkkkk
[19/10/2012 21:00:07] /b to falando ...
[19/10/2012 21:17:36] /b AFK TOMANDO BANHO
[19/10/2012 21:21:52] /b afk msm agr
[19/10/2012 21:49:03] /b Volteii , Duvidas > Help
[19/10/2012 21:50:23] /b opa ^^
[19/10/2012 21:51:49] /b pra comprar vip >> http://ntoabsulut.webnode.com/shop-vip/
[19/10/2012 21:52:36] /b Seguinte galera, o servidor tem a seguinte medida ant-botters > é permitido até o momento que você esteja online 
[19/10/2012 21:53:27] /b Verificação é feita da seguinte forma .. algum adm vai dar goto em vc , e fazer uma pergunta
[19/10/2012 21:53:57] /b Tem 1 minuto para responder essa pergunta , se caso não responda é ban de 1 dia , 4 bans de 1 dia ou seja 4 warings é = BAN PERMANENTE
[19/10/2012 21:54:47] /b Galera Pm é dificil eu responder .. pf vão para Neruto help
[19/10/2012 21:54:50] /b Ty .
[19/10/2012 22:02:43] /b galera só duvidas help plz ?
[19/10/2012 22:05:17] /b GELERA HELP SÓ DUVIDAS VAO GAME CHAT
[19/10/2012 22:05:25] /b GELERA HELP SÓ DUVIDAS VAO GAME CHAT
[19/10/2012 22:05:26] /b GELERA HELP SÓ DUVIDAS VAO GAME CHAT
[19/10/2012 22:05:27] /b GELERA HELP SÓ DUVIDAS VAO GAME CHAT
[19/10/2012 22:05:41] /b plz
[19/10/2012 22:09:58] /b desculpa tava relogando
[19/10/2012 22:14:57] /b gogogo conversar game chat plz
[19/10/2012 22:40:35] /b afk
[20/10/2012 08:28:25] /b Voltei 
[20/10/2012 08:28:30] /b Bom dia pra todos
[20/10/2012 09:18:55] /b GERAL DP VO LEVAR QUEST LEGS ARMOR E KATANA
[20/10/2012 09:19:20] /b vem todo mundo
[20/10/2012 09:19:47] /b Daquii 2 minutos saiu do dp ..
[20/10/2012 09:20:52] /b Saindo DP ! :@ fuiz
[20/10/2012 09:23:00] /b Desce
[20/10/2012 09:27:58] /b eu to ajudando os novatos -.-
[20/10/2012 09:38:55] /b Voltei >> perguntas HELP 
[20/10/2012 09:39:14] /b Galera sem pm , vai no help
[20/10/2012 09:50:11] /b AFKK
[20/10/2012 10:34:12] /b GALERA USEM O HELP APENAS PRA PENGUTAS
[20/10/2012 11:26:30] /b gente. vamos deixar o help so pra help...
[20/10/2012 11:26:31] /b gente. vamos deixar o help so pra help...
[20/10/2012 11:26:32] /b gente. vamos deixar o help so pra help...
[20/10/2012 11:26:35] /b gente. vamos deixar o help so pra help...
[20/10/2012 11:28:31] /b Galera é 13:00 , 
[20/10/2012 11:56:28] /b afk
[20/10/2012 16:38:01] /b jaja vo ir nidaime blokar pra alguns 200 + 
[20/10/2012 18:12:39] /b Duvidas > help
[20/10/2012 18:39:12] /b pegando nivel 400 eu vo levar alguns nivel 200 ++ pra nidaime , vai eo e o Uchiha amaterasu 
[20/10/2012 18:42:21] /b PERGUNTAS NARUTO HELP <<
[20/10/2012 20:18:30] /b Net caiu BAGAÇA :#
[20/10/2012 20:51:56] /b todos 200 + to esperando dp
[20/10/2012 20:52:07] /b nidaime primeiro SE PAH vou madara.
[20/10/2012 20:53:03] /b nivel 200
[20/10/2012 20:53:21] /b Nidaime primeiro 
[20/10/2012 20:53:25] /b se pah madara ! 
[20/10/2012 20:53:36] /b falem help nao vo responder pm
[20/10/2012 20:54:30] /b nao respondo mais pm
[20/10/2012 20:55:06] /b vo esperar na porta da quest
[20/10/2012 20:55:17] /b venham ponte <
[20/10/2012 21:10:07] /b indo dp
[20/10/2012 21:10:59] /b pera que uuchuha hunted agr
[20/10/2012 21:12:34] /b VOU MADARA AGR NAO
[21/10/2012 09:04:18] /b AFK
[21/10/2012 09:10:00] /b afk , tomar banhuu
[21/10/2012 11:15:34] /b Bom Dia ..
[21/10/2012 14:51:50] /b Sim , evento terminado !
[21/10/2012 15:12:15] /mute adm chupa-rola, 10
[21/10/2012 15:14:38] /mute asdol, 100
[21/10/2012 15:23:26] /b AGORA O HELP É ORGANIZADO , SÓ DUVIDAS.
[21/10/2012 15:23:35] /b CONVERSAS NO GAME-CHAT
[21/10/2012 15:24:07] /mute obscure, 1
[21/10/2012 15:34:34] /b Duvidas ? >>>> HELP 
[21/10/2012 15:46:34] /mute Kankurooo, 1
[21/10/2012 15:52:18] /b Da SAOLVE
[21/10/2012 15:52:20] /b Salve
[21/10/2012 15:52:23] /b nos chars
[21/10/2012 16:04:14] /mute killer beer, 10
[21/10/2012 16:47:38] /mute newhit, 1000
[21/10/2012 16:47:47] /mute newhit, 1000
[21/10/2012 16:47:50] /mute newhit, 100
[21/10/2012 16:48:04] /mute new hit, 1000
[21/10/2012 16:48:44] /mute new hit, 100000000
[21/10/2012 16:49:14] /mute new hit, 10
[21/10/2012 17:02:43] /mute insayner, 2
[21/10/2012 17:09:24] /mute saiyoki, 10
[21/10/2012 17:11:03] /mute suiton zabuza, 10
[21/10/2012 17:18:01] /mute bahiano picadoce, 3
[21/10/2012 17:22:43] /mute Saiyoki, 1000000
[21/10/2012 17:23:17] /mute saiyoki, 10
[21/10/2012 17:28:28] /mute death zabuza, 5
[21/10/2012 17:33:33] /b AFK !
[21/10/2012 17:59:49] /mute broterhood, 1
[22/10/2012 01:45:16] /mute alex, 10
[22/10/2012 11:56:57] /b bom Dia ! 
[22/10/2012 12:40:18] /b õ/
[22/10/2012 12:40:30] /b demoro 
[22/10/2012 12:40:53] /mute byakuya kuchiki, 1
[22/10/2012 12:40:56] /b EOOO nii
[22/10/2012 12:40:59] /b EOOO nii
[22/10/2012 12:41:02] /b EOOO nii
[22/10/2012 12:41:28] /b Habichi Chan
