[28/04/2012 14:47:28] /newtype 395
[28/04/2012 14:47:29] /newtype 394
[28/04/2012 14:47:31] /newtype 393
[28/04/2012 14:47:31] /t
[28/04/2012 14:47:37] /attr group 1
[28/04/2012 15:20:19] /attr group 6
[28/04/2012 16:00:52] /attr group 1
[28/04/2012 16:01:14] /goto legen~
[28/04/2012 16:01:24] /goto vixi
[28/04/2012 16:01:32] /ghost
[28/04/2012 16:01:33] /t
[28/04/2012 16:02:02] /ghost
[28/04/2012 16:02:13] /goto cra~
[28/04/2012 16:02:28] /t
[28/04/2012 16:02:34] /unban
[28/04/2012 16:02:47] /unban viadinhooooo 
[28/04/2012 16:18:18] /ghost
[28/04/2012 16:21:52] /ghost
[28/04/2012 16:21:56] /goto vit~
[28/04/2012 16:22:15] /attr  group 1
[28/04/2012 16:23:16] /ghost
[28/04/2012 16:23:18] /ghost
