[24/07/2013 20:33:39] /i hashirama armor
[24/07/2013 20:33:40] /i hashirama armor
[24/07/2013 20:33:40] /i hashirama armor
[24/07/2013 20:33:40] /i hashirama armor
[24/07/2013 20:34:03] /addskill anbu sou eu, level, 250
[24/07/2013 20:34:17] /addskill anbu sou eu, magic 80
[24/07/2013 20:34:23] /addskill anbu sou eu, magic, 80
[24/07/2013 20:34:42] /addskill anbu sou eu, magic 20
[24/07/2013 20:34:50] /addskill anbu sou eu, magic 
[24/07/2013 20:34:52] /addskill anbu sou eu, magic 
[24/07/2013 20:34:52] /addskill anbu sou eu, magic 
[24/07/2013 20:34:52] /addskill anbu sou eu, magic 
[24/07/2013 20:34:52] /addskill anbu sou eu, magic 
[24/07/2013 20:34:53] /addskill anbu sou eu, magic 
[24/07/2013 20:34:53] /addskill anbu sou eu, magic 
[24/07/2013 20:34:53] /addskill anbu sou eu, magic 
[24/07/2013 20:34:54] /addskill anbu sou eu, magic 
[24/07/2013 20:34:54] /addskill anbu sou eu, magic 
[24/07/2013 20:34:54] /addskill anbu sou eu, magic 
[24/07/2013 20:34:55] /addskill anbu sou eu, magic 
[24/07/2013 20:34:55] /addskill anbu sou eu, magic 
[24/07/2013 20:34:55] /addskill anbu sou eu, magic 
[24/07/2013 20:34:56] /addskill anbu sou eu, magic 
[24/07/2013 20:34:56] /addskill anbu sou eu, magic 
[24/07/2013 20:34:56] /addskill anbu sou eu, magic 
[24/07/2013 20:34:57] /addskill anbu sou eu, magic 
[24/07/2013 20:34:57] /addskill anbu sou eu, magic 
[24/07/2013 20:34:57] /addskill anbu sou eu, magic 
[24/07/2013 20:34:58] /addskill anbu sou eu, magic 
[24/07/2013 20:34:58] /addskill anbu sou eu, magic 
[24/07/2013 20:34:58] /addskill anbu sou eu, magic 
[24/07/2013 20:34:58] /addskill anbu sou eu, magic 
[24/07/2013 20:34:59] /addskill anbu sou eu, magic 
[24/07/2013 20:34:59] /addskill anbu sou eu, magic 
[24/07/2013 20:35:00] /addskill anbu sou eu, magic 
[24/07/2013 20:35:00] /addskill anbu sou eu, magic 
[24/07/2013 20:35:00] /addskill anbu sou eu, magic 
[24/07/2013 20:35:01] /addskill anbu sou eu, magic 
[24/07/2013 20:35:01] /addskill anbu sou eu, magic 
[24/07/2013 20:35:01] /addskill anbu sou eu, magic 
[24/07/2013 20:35:02] /addskill anbu sou eu, magic 
[24/07/2013 20:35:02] /addskill anbu sou eu, magic 
[24/07/2013 20:35:02] /addskill anbu sou eu, magic 
[24/07/2013 20:35:03] /addskill anbu sou eu, magic 
[24/07/2013 20:35:03] /addskill anbu sou eu, magic 
[24/07/2013 20:35:03] /addskill anbu sou eu, magic 
[24/07/2013 20:35:04] /addskill anbu sou eu, magic 
[24/07/2013 20:35:04] /addskill anbu sou eu, magic 
[24/07/2013 20:35:04] /addskill anbu sou eu, magic 
[24/07/2013 20:35:05] /addskill anbu sou eu, magic /addskill anbu sou eu, magic 
[24/07/2013 20:35:05] /addskill anbu sou eu, magic 
[24/07/2013 20:35:06] /addskill anbu sou eu, magic 
[24/07/2013 20:35:06] /addskill anbu sou eu, magic 
[24/07/2013 20:43:38] /i elite shuriken
[24/07/2013 20:43:50] /addskill anbu sou eu, distance
[24/07/2013 20:43:51] /addskill anbu sou eu, distance
[24/07/2013 20:43:55] /addskill anbu sou eu, distance
[24/07/2013 20:43:55] /addskill anbu sou eu, distance
[24/07/2013 20:43:55] /addskill anbu sou eu, distance
[24/07/2013 20:43:55] /addskill anbu sou eu, distance
[24/07/2013 20:43:55] /addskill anbu sou eu, distance
[24/07/2013 20:43:56] /addskill anbu sou eu, distance
[24/07/2013 20:43:56] /addskill anbu sou eu, distance
[24/07/2013 20:43:56] /addskill anbu sou eu, distance
[24/07/2013 20:43:56] /addskill anbu sou eu, distance
[24/07/2013 20:43:56] /addskill anbu sou eu, distance
[24/07/2013 20:43:56] /addskill anbu sou eu, distance
[24/07/2013 20:43:57] /addskill anbu sou eu, distance
[24/07/2013 20:43:57] /addskill anbu sou eu, distance
[24/07/2013 20:43:57] /addskill anbu sou eu, distance
[24/07/2013 20:43:57] /addskill anbu sou eu, distance
[24/07/2013 20:43:57] /addskill anbu sou eu, distance
[24/07/2013 20:43:58] /addskill anbu sou eu, distance
[24/07/2013 20:43:58] /addskill anbu sou eu, distance
[24/07/2013 20:43:58] /addskill anbu sou eu, distance
[24/07/2013 20:43:58] /addskill anbu sou eu, distance
[24/07/2013 20:43:58] /addskill anbu sou eu, distance
[24/07/2013 20:43:58] /addskill anbu sou eu, distance
[24/07/2013 20:43:58] /addskill anbu sou eu, distance
[24/07/2013 20:43:58] /addskill anbu sou eu, distance
[24/07/2013 20:43:59] /addskill anbu sou eu, distance
[24/07/2013 20:43:59] /addskill anbu sou eu, distance
[24/07/2013 20:43:59] /addskill anbu sou eu, distance
[24/07/2013 20:43:59] /addskill anbu sou eu, distance
[24/07/2013 20:43:59] /addskill anbu sou eu, distance
[24/07/2013 20:43:59] /addskill anbu sou eu, distance
[24/07/2013 20:43:59] /addskill anbu sou eu, distance
[24/07/2013 20:43:59] /addskill anbu sou eu, distance
[24/07/2013 20:43:59] /addskill anbu sou eu, distance
[24/07/2013 20:44:00] /addskill anbu sou eu, distance
[24/07/2013 20:44:00] /addskill anbu sou eu, distance
[24/07/2013 20:44:00] /addskill anbu sou eu, distance
[24/07/2013 20:44:00] /addskill anbu sou eu, distance
[24/07/2013 20:44:00] /addskill anbu sou eu, distance
[24/07/2013 20:44:00] /addskill anbu sou eu, distance
[24/07/2013 20:44:00] /addskill anbu sou eu, distance
[24/07/2013 20:44:00] /addskill anbu sou eu, distance
[24/07/2013 20:44:01] /addskill anbu sou eu, distance
[24/07/2013 20:44:01] /addskill anbu sou eu, distance
[24/07/2013 20:44:01] /addskill anbu sou eu, distance
[24/07/2013 20:44:01] /addskill anbu sou eu, distance
[24/07/2013 20:44:01] /addskill anbu sou eu, distance
[24/07/2013 20:44:01] /addskill anbu sou eu, distance
[24/07/2013 20:44:01] /addskill anbu sou eu, distance
[24/07/2013 20:44:02] /addskill anbu sou eu, distance
[24/07/2013 20:44:02] /addskill anbu sou eu, distance
[24/07/2013 20:44:02] /addskill anbu sou eu, distance
[24/07/2013 20:44:02] /addskill anbu sou eu, distance
[24/07/2013 20:44:02] /addskill anbu sou eu, distance
[24/07/2013 20:44:02] /addskill anbu sou eu, distance
[24/07/2013 20:44:02] /addskill anbu sou eu, distance
[24/07/2013 20:44:02] /addskill anbu sou eu, distance
[24/07/2013 20:44:03] /addskill anbu sou eu, distance
[24/07/2013 20:44:03] /addskill anbu sou eu, distance
[24/07/2013 20:44:03] /addskill anbu sou eu, distance
[24/07/2013 20:44:03] /addskill anbu sou eu, distance
[24/07/2013 20:44:03] /addskill anbu sou eu, distance
[24/07/2013 20:44:03] /addskill anbu sou eu, distance
[24/07/2013 20:44:05] /addskill anbu sou eu, distance
[24/07/2013 20:44:05] /addskill anbu sou eu, distance
[24/07/2013 20:44:05] /addskill anbu sou eu, distance
[24/07/2013 20:44:05] /addskill anbu sou eu, distance
[24/07/2013 20:44:05] /addskill anbu sou eu, distance
[24/07/2013 20:44:05] /addskill anbu sou eu, distance
[24/07/2013 20:44:06] /addskill anbu sou eu, distance
[24/07/2013 20:44:06] /addskill anbu sou eu, distance
[24/07/2013 20:44:06] /addskill anbu sou eu, distance
[24/07/2013 20:44:06] /addskill anbu sou eu, distance
[24/07/2013 20:44:06] /addskill anbu sou eu, distance
[24/07/2013 20:44:06] /addskill anbu sou eu, distance
[24/07/2013 20:44:07] /addskill anbu sou eu, distance
[24/07/2013 20:44:07] /addskill anbu sou eu, distance
[24/07/2013 20:44:07] /addskill anbu sou eu, distance
[24/07/2013 20:44:07] /addskill anbu sou eu, distance
[24/07/2013 20:44:08] /addskill anbu sou eu, distance
[24/07/2013 20:44:08] /addskill anbu sou eu, distance
[24/07/2013 20:44:08] /addskill anbu sou eu, distance
[24/07/2013 20:44:08] /addskill anbu sou eu, distance
[24/07/2013 20:44:09] /addskill anbu sou eu, distance
[24/07/2013 20:44:09] /addskill anbu sou eu, distance
[24/07/2013 20:44:09] /addskill anbu sou eu, distance
[24/07/2013 20:44:09] /addskill anbu sou eu, distance
[24/07/2013 20:44:10] /addskill anbu sou eu, distance
[24/07/2013 20:44:11] /addskill anbu sou eu, distance
[27/07/2013 16:23:58] /addskill anbu sou eu, level 10
[27/07/2013 16:24:02] /addskill anbu sou eu, level 10
[27/07/2013 16:35:57] /addskill anbu sou eu, magic, 1
[27/07/2013 16:35:58] /addskill anbu sou eu, magic, 1
[27/07/2013 16:35:58] /addskill anbu sou eu, magic, 1
[27/07/2013 16:35:58] /addskill anbu sou eu, magic, 1
[27/07/2013 16:35:59] /addskill anbu sou eu, magic, 1
[27/07/2013 16:35:59] /addskill anbu sou eu, magic, 1
[27/07/2013 16:35:59] /addskill anbu sou eu, magic, 1
[27/07/2013 16:36:00] /addskill anbu sou eu, magic, 1
[27/07/2013 16:36:00] /addskill anbu sou eu, magic, 1
[27/07/2013 16:36:00] /addskill anbu sou eu, magic, 1
[27/07/2013 16:36:00] /addskill anbu sou eu, magic, 1
[27/07/2013 16:36:01] /addskill anbu sou eu, magic, 1
[27/07/2013 16:36:01] /addskill anbu sou eu, magic, 1
[27/07/2013 16:36:01] /addskill anbu sou eu, magic, 1
[27/07/2013 16:36:02] /addskill anbu sou eu, magic, 1
[27/07/2013 16:36:02] /addskill anbu sou eu, magic, 1
[27/07/2013 16:36:03] /addskill anbu sou eu, magic, 1
[27/07/2013 16:36:03] /addskill anbu sou eu, magic, 1
[27/07/2013 16:36:04] /addskill anbu sou eu, magic, 1
