[16/04/2012 21:38:21] /ghost
[16/04/2012 21:38:51] /a 1
[16/04/2012 21:38:51] /a 1
[16/04/2012 21:38:52] /a 1
[16/04/2012 21:38:53] /r 100000000000000000000
[16/04/2012 21:39:28] /ghost
[16/04/2012 21:39:48] /ghost
[16/04/2012 21:39:57] /b adm
[16/04/2012 21:41:20] /a 1
[16/04/2012 21:41:22] /r 100000000000000000000
[16/04/2012 21:41:29] /r 100000000000000000000
[16/04/2012 21:41:29] /r 100000000000000000000
[16/04/2012 21:41:29] /r 100000000000000000000
[16/04/2012 21:41:29] /r 100000000000000000000
[16/04/2012 21:41:29] /r 100000000000000000000
[16/04/2012 21:41:29] /r 100000000000000000000
[16/04/2012 21:41:29] /r 100000000000000000000
[16/04/2012 21:41:29] /r 100000000000000000000
[16/04/2012 21:41:29] /r 100000000000000000000
[16/04/2012 21:41:29] /r 100000000000000000000
[16/04/2012 21:41:29] /r 100000000000000000000
[16/04/2012 21:41:29] /r 100000000000000000000
[16/04/2012 21:41:29] /r 100000000000000000000
[16/04/2012 21:41:29] /r 100000000000000000000
[16/04/2012 21:41:29] /r 100000000000000000000
[16/04/2012 21:41:29] /r 100000000000000000000
[16/04/2012 21:41:29] /r 100000000000000000000
[16/04/2012 21:41:29] /r 100000000000000000000
[16/04/2012 21:41:29] /r 100000000000000000000
[16/04/2012 21:41:29] /r 100000000000000000000
[16/04/2012 21:41:29] /r 100000000000000000000
[16/04/2012 21:41:29] /r 100000000000000000000
[16/04/2012 21:41:29] /r 100000000000000000000
[16/04/2012 21:41:29] /r 100000000000000000000
[16/04/2012 21:41:29] /r 100000000000000000000
[16/04/2012 21:41:29] /r 100000000000000000000
[16/04/2012 21:41:31] /r 100000000000000000000
[16/04/2012 21:41:41] /r 100000000000000000000
[16/04/2012 21:42:24] /a 1
[16/04/2012 21:42:25] /r 100000000000000000000
[16/04/2012 21:42:50] /b adm 
[16/04/2012 21:43:36] /r 100000000000000000000
[16/04/2012 21:43:42] /r 100000000000000000000
[16/04/2012 21:43:46] /r 100000000000000000000
[16/04/2012 21:43:47] /r 100000000000000000000
[16/04/2012 21:44:39] /a 1
[16/04/2012 21:44:40] /a 1
