[14/04/2012 12:39:16] /addskill Igor,level 300
[14/04/2012 12:39:24] /addskill Igor,level,300
[14/04/2012 12:39:24] /addskill Igor,level,300
[14/04/2012 12:40:11] /attr set attack 9999999
[14/04/2012 12:40:17] /attr set attack 9999
[14/04/2012 12:40:24] /attr set attack 1000
[14/04/2012 12:40:25] /attr set attack 10000
[14/04/2012 12:41:09] /i backpack
[14/04/2012 12:41:15] /b matheus entra msn po
[14/04/2012 12:41:24] /goto kakashi
[14/04/2012 12:42:11] /attr set attack 99999999
[14/04/2012 12:42:42] /m jinchurikio
[14/04/2012 12:42:43] /m jinchuriki
[14/04/2012 12:42:44] /m jinchuriki
[14/04/2012 12:42:54] /r
[14/04/2012 12:42:55] /r
[14/04/2012 12:45:46] /a 30
[14/04/2012 12:46:14] /m naruto
[14/04/2012 12:46:21] /r
[14/04/2012 12:46:22] /r
[14/04/2012 12:46:34] /m naruto
[14/04/2012 12:47:58] /a
[14/04/2012 12:48:58] /bc
[14/04/2012 12:49:03] /goto ~
[14/04/2012 12:50:02] /r
[14/04/2012 12:50:17] /m naruto
[14/04/2012 12:50:19] /r
[14/04/2012 12:50:28] /reload spells
[14/04/2012 12:50:50] /b xD
[14/04/2012 13:11:55] /attr set attack 1000
[14/04/2012 13:12:02] /attr set attack 10000
[14/04/2012 13:12:43] /goto naruto
[14/04/2012 13:12:44] /goto naruto~
[14/04/2012 13:12:57] /r
[14/04/2012 13:12:59] /r
[14/04/2012 13:17:44] /goto nbe~
[14/04/2012 13:17:50] /c na~
[14/04/2012 13:43:46] /goto naruto~
[14/04/2012 13:43:54] /r
[14/04/2012 13:44:01] /r
[14/04/2012 13:50:42] /t
[14/04/2012 13:50:56] /attr set attack 20000
[14/04/2012 13:51:21] /attr set defense 20000
[14/04/2012 13:51:49] /goto naruto~
[14/04/2012 13:51:58] /r
[14/04/2012 13:52:00] /r
[14/04/2012 13:52:08] /r
[14/04/2012 13:52:52] /r
[14/04/2012 13:52:58] /r
[14/04/2012 13:53:19] /r
[14/04/2012 14:01:17] /a 6
[14/04/2012 14:01:19] /a 6
[14/04/2012 14:01:21] /a 6
[14/04/2012 14:01:23] /a
[14/04/2012 14:01:24] /a
[14/04/2012 14:01:25] /a 20
[14/04/2012 14:01:27] /up
[14/04/2012 14:01:35] /a 20
[14/04/2012 14:01:39] /a 20
[14/04/2012 14:01:52] /a
[14/04/2012 14:01:53] /a
[14/04/2012 14:01:53] /a
[14/04/2012 14:01:53] /a
[14/04/2012 14:01:54] /a
[14/04/2012 14:01:55] /a
[14/04/2012 14:01:55] /a
[14/04/2012 14:01:55] /a
[14/04/2012 14:01:55] /a
[14/04/2012 14:01:56] /a
[14/04/2012 14:01:56] /a
[14/04/2012 14:01:56] /a
[14/04/2012 14:01:56] /a
[14/04/2012 14:01:57] /a
[14/04/2012 14:02:01] /a
[14/04/2012 14:02:01] /a
[14/04/2012 14:02:04] /a 2
[14/04/2012 14:02:04] /a 2
[14/04/2012 14:02:04] /a 2
[14/04/2012 14:02:04] /a 2
[14/04/2012 14:02:05] /a 2
[14/04/2012 14:02:05] /a 2
[14/04/2012 14:02:07] /a 2
[14/04/2012 14:02:07] /a 2
[14/04/2012 14:02:07] /a 2
[14/04/2012 14:02:07] /a 2
[14/04/2012 14:02:07] /a 2
[14/04/2012 14:02:07] /a 2
[14/04/2012 14:02:07] /a 2
[14/04/2012 14:02:07] /a 2
[14/04/2012 14:02:07] /a 2
[14/04/2012 14:02:07] /a 2
[14/04/2012 14:02:07] /a 2
[14/04/2012 14:02:07] /a 2
[14/04/2012 14:02:07] /a 2
[14/04/2012 14:02:07] /a 2
[14/04/2012 14:02:08] /a 2
[14/04/2012 14:02:08] /a 2
[14/04/2012 14:02:08] /a 2
[14/04/2012 14:02:09] /a 2
[14/04/2012 14:02:09] /a 2
[14/04/2012 14:02:09] /a 2
[14/04/2012 14:02:09] /a 2
[14/04/2012 14:02:10] /a 2
[14/04/2012 14:02:10] /a 2
[14/04/2012 14:02:10] /a 2
[14/04/2012 14:02:10] /a 2
[14/04/2012 14:02:11] /a 2
[14/04/2012 14:02:11] /a 2
[14/04/2012 14:02:11] /a 2
[14/04/2012 14:02:11] /a 2
[14/04/2012 14:02:11] /a 2
[14/04/2012 14:02:12] /a 2
[14/04/2012 14:02:12] /a 2
[14/04/2012 14:02:12] /a 2
[14/04/2012 14:02:12] /a 2
[14/04/2012 14:02:12] /a 2
[14/04/2012 14:02:12] /a 2
[14/04/2012 14:02:13] /a 2
[14/04/2012 14:02:13] /a 2
[14/04/2012 14:02:13] /a 2
[14/04/2012 14:02:13] /a 2
[14/04/2012 14:02:13] /a 2
[14/04/2012 14:02:17] /a 2
[14/04/2012 14:02:17] /a 2
[14/04/2012 14:02:17] /a 2
[14/04/2012 14:02:18] /a 2
[14/04/2012 14:02:18] /a 2
[14/04/2012 14:02:18] /a 2
[14/04/2012 14:02:19] /a 2
[14/04/2012 14:02:19] /a 2
[14/04/2012 14:02:19] /a 2
[14/04/2012 14:02:19] /a 2
[14/04/2012 14:02:19] /a 2
[14/04/2012 14:02:19] /a 2
[14/04/2012 14:02:20] /a 2
[14/04/2012 14:02:20] /a 2
[14/04/2012 14:02:20] /a 2
[14/04/2012 14:02:20] /a 2
[14/04/2012 14:02:20] /a 2
[14/04/2012 14:02:20] /a 2
[14/04/2012 14:02:20] /a 2
[14/04/2012 14:02:21] /a 2
[14/04/2012 14:02:21] /a 2
[14/04/2012 14:02:21] /a 2
[14/04/2012 14:02:22] /a 2
[14/04/2012 14:02:22] /a 2
[14/04/2012 14:02:22] /a 2
[14/04/2012 14:02:22] /a 2
[14/04/2012 14:02:23] /a 2
[14/04/2012 14:02:23] /a 2
[14/04/2012 14:02:23] /a 2
[14/04/2012 14:02:23] /a 2
[14/04/2012 14:02:23] /a 2
[14/04/2012 14:02:23] /a 2
[14/04/2012 14:02:23] /a 2
[14/04/2012 14:02:24] /a 2
[14/04/2012 14:02:24] /a 2
[14/04/2012 14:02:24] /a 2
[14/04/2012 14:02:24] /a 2
[14/04/2012 14:02:24] /a 2
[14/04/2012 14:02:24] /a 2
[14/04/2012 14:02:24] /a 2
[14/04/2012 14:02:26] /a 2
[14/04/2012 14:02:26] /a 2
[14/04/2012 14:02:26] /a 2
[14/04/2012 14:02:26] /a 2
[14/04/2012 14:02:26] /a 2
[14/04/2012 14:02:26] /a 2
[14/04/2012 14:02:26] /a 2
[14/04/2012 14:02:26] /a 2
[14/04/2012 14:02:26] /a 2
[14/04/2012 14:02:26] /a 2
[14/04/2012 14:02:26] /a 2
[14/04/2012 14:02:26] /a 2
[14/04/2012 14:02:26] /a 2
[14/04/2012 14:02:26] /a 2
[14/04/2012 14:02:26] /a 2
[14/04/2012 14:02:26] /a 2
[14/04/2012 14:02:26] /a 2
[14/04/2012 14:02:26] /a 2
[14/04/2012 14:02:26] /a 2
[14/04/2012 14:02:26] /a 2
[14/04/2012 14:02:26] /a 2
[14/04/2012 14:02:26] /a 2
[14/04/2012 14:02:26] /a 2
[14/04/2012 14:02:26] /a 2
[14/04/2012 14:02:26] /a 2
[14/04/2012 14:02:26] /a 2
[14/04/2012 14:02:26] /a 2
[14/04/2012 14:02:27] /a 2
[14/04/2012 14:02:27] /a 2
[14/04/2012 14:03:01] /a 2
[14/04/2012 14:03:01] /a 2
[14/04/2012 14:03:01] /a 2
[14/04/2012 14:03:01] /a 2
[14/04/2012 14:03:08] /c naruto~
[14/04/2012 14:03:43] /b axei kd vcs
[14/04/2012 14:03:55] /c naruto~
[14/04/2012 14:04:00] /r
[14/04/2012 14:04:34] /goto [adm~
[14/04/2012 14:04:54] /a 2
[14/04/2012 14:04:59] /a 2
[14/04/2012 14:05:00] /a 2
[14/04/2012 14:05:00] /a 2
[14/04/2012 14:05:01] /a 2
[14/04/2012 14:05:01] /a 2
[14/04/2012 14:05:01] /a 2
[14/04/2012 14:05:01] /a 2
[14/04/2012 14:05:01] /a 2
[14/04/2012 14:05:01] /a 2
[14/04/2012 14:05:01] /a 2
[14/04/2012 14:05:01] /a 2
[14/04/2012 14:05:01] /a 2
[14/04/2012 14:05:01] /a 2
[14/04/2012 14:05:01] /a 2
[14/04/2012 14:05:01] /a 2
[14/04/2012 14:05:01] /a 2
[14/04/2012 14:05:03] /a 2
[14/04/2012 14:05:05] /a 2
[14/04/2012 14:05:05] /a 2
[14/04/2012 14:05:05] /a 2
[14/04/2012 14:05:05] /a 2
[14/04/2012 14:05:05] /a 2
[14/04/2012 14:05:05] /a 2
[14/04/2012 14:05:05] /a 2
[14/04/2012 14:05:05] /a 2
[14/04/2012 14:05:05] /a 2
[14/04/2012 14:05:05] /a 2
[14/04/2012 14:05:05] /a 2
[14/04/2012 14:05:06] /a 2
[14/04/2012 14:05:08] /a 2
[14/04/2012 14:05:08] /a 2
[14/04/2012 14:05:08] /a 2
[14/04/2012 14:05:08] /a 2
[14/04/2012 14:05:08] /a 2
[14/04/2012 14:05:08] /a 2
[14/04/2012 14:05:08] /a 2
[14/04/2012 14:05:09] /a 2
[14/04/2012 14:05:10] /a 2
[14/04/2012 14:05:10] /a 2
[14/04/2012 14:05:10] /a 2
[14/04/2012 14:05:10] /a 2
[14/04/2012 14:05:10] /a 2
[14/04/2012 14:05:10] /a 2
[14/04/2012 14:05:10] /a 2
[14/04/2012 14:05:10] /a 2
[14/04/2012 14:05:10] /a 2
[14/04/2012 14:05:10] /a 2
[14/04/2012 14:05:10] /a 2
[14/04/2012 14:05:10] /a 2
[14/04/2012 14:05:10] /a 2
[14/04/2012 14:05:10] /a 2
[14/04/2012 14:05:11] /a 2
[14/04/2012 14:05:11] /a 2
[14/04/2012 14:05:11] /a 2
[14/04/2012 14:05:11] /a 2
[14/04/2012 14:05:11] /a 2
[14/04/2012 14:05:11] /a 2
[14/04/2012 14:05:16] /a 2
[14/04/2012 14:05:16] /a 2
[14/04/2012 14:05:16] /a 2
[14/04/2012 14:05:16] /a 2
[14/04/2012 14:05:16] /a 2
[14/04/2012 14:05:16] /a 2
[14/04/2012 14:05:16] /a 2
[14/04/2012 14:05:16] /a 2
[14/04/2012 14:05:16] /a 2
[14/04/2012 14:05:16] /a 2
[14/04/2012 14:05:16] /a 2
[14/04/2012 14:05:16] /a 2
[14/04/2012 14:05:16] /a 2
[14/04/2012 14:05:16] /a 2
[14/04/2012 14:05:17] /a 2
[14/04/2012 14:05:17] /a 2
[14/04/2012 14:05:18] /a 2
[14/04/2012 14:05:18] /a 2
[14/04/2012 14:05:18] /a 2
[14/04/2012 14:05:18] /a 2
[14/04/2012 14:05:18] /a 2
[14/04/2012 14:05:18] /a 2
[14/04/2012 14:05:18] /a 2
[14/04/2012 14:05:18] /a 2
[14/04/2012 14:05:19] /a 2
[14/04/2012 14:05:19] /a 2
[14/04/2012 14:05:20] /a 2
[14/04/2012 14:05:20] /a 2
[14/04/2012 14:05:20] /a 2
[14/04/2012 14:05:20] /a 2
[14/04/2012 14:05:20] /a 2
[14/04/2012 14:05:21] /a 2
[14/04/2012 14:05:21] /a 2
[14/04/2012 14:05:25] /a 2
[14/04/2012 14:05:25] /a 2
[14/04/2012 14:05:25] /a 2
[14/04/2012 14:05:25] /a 2
[14/04/2012 14:05:25] /a 2
[14/04/2012 14:05:25] /a 2
[14/04/2012 14:05:25] /a 2
[14/04/2012 14:05:25] /a 2
[14/04/2012 14:05:25] /a 2
[14/04/2012 14:05:25] /a 2
[14/04/2012 14:05:25] /a 2
[14/04/2012 14:05:36] /goto [adm~
[14/04/2012 14:07:05] /c naruto~
[14/04/2012 14:07:08] /c naruto~
[14/04/2012 14:07:13] /c naruto uzumake
[14/04/2012 14:07:13] /c naruto uzumak~
[14/04/2012 14:07:34] /attr set attack 99999999
[14/04/2012 14:11:24] /t naruto uz~
[14/04/2012 14:11:26] /t
[14/04/2012 14:11:33] /t naruto uz~
[14/04/2012 14:11:33] /t naruto uz~
[14/04/2012 14:11:34] /t naruto uz~
[14/04/2012 14:11:34] /t naruto uz~
[14/04/2012 14:11:35] /t naruto uz~
[14/04/2012 14:11:35] /t naruto uz~
[14/04/2012 14:11:35] /t naruto uz~
[14/04/2012 14:11:36] /t naruto uz~
[14/04/2012 14:12:23] /attr set attack 20000
[14/04/2012 15:10:35] /attr set attack 20000
[14/04/2012 15:10:55] /attr set defense 2000
[14/04/2012 15:10:57] /attr set defense 2000
[14/04/2012 15:11:07] /attr set defense 200
[14/04/2012 15:11:11] /attr set defense 20000
[14/04/2012 15:14:03] /goto nb~
[14/04/2012 15:14:23] /ghost
[14/04/2012 15:15:06] /ghost
[14/04/2012 15:15:31] /ghost
[14/04/2012 15:15:46] /m raposa 7 calda
[14/04/2012 15:16:24] /m naruto
[14/04/2012 15:16:30] /m naruto
[14/04/2012 15:16:30] /m naruto
[14/04/2012 15:16:30] /m naruto
[14/04/2012 15:16:30] /m naruto
[14/04/2012 15:16:31] /m naruto
[14/04/2012 15:16:31] /m naruto
[14/04/2012 15:16:32] /m naruto
[14/04/2012 15:16:32] /m naruto
[14/04/2012 15:16:33] /m naruto
[14/04/2012 15:16:33] /m naruto
[14/04/2012 15:16:34] /m naruto
[14/04/2012 15:17:07] /r
[14/04/2012 15:17:07] /r
[14/04/2012 15:17:07] /r
[14/04/2012 15:17:08] /r
[14/04/2012 15:17:09] /r
[14/04/2012 15:17:10] /r
[14/04/2012 15:17:13] /r
[14/04/2012 15:17:13] /r
[14/04/2012 15:17:13] /r
[14/04/2012 15:17:14] /r
[14/04/2012 15:17:16] /r
[14/04/2012 15:17:20] /r
[14/04/2012 15:17:21] /r
[14/04/2012 15:17:25] /r
[14/04/2012 15:17:31] /r
[14/04/2012 15:17:32] /r
[14/04/2012 15:18:06] /m naruto 
[14/04/2012 15:18:20] /r 
[14/04/2012 15:18:23] /r
[14/04/2012 15:18:27] /r 
[14/04/2012 15:18:28] /r 
[14/04/2012 15:18:31] /r 
[14/04/2012 15:18:33] /r 
[14/04/2012 15:18:34] /r 
[14/04/2012 15:18:35] /r 
[14/04/2012 15:18:36] /r 
[14/04/2012 15:18:42] /attr group 1
[14/04/2012 15:18:48] /attr group 6
[14/04/2012 15:23:19] /ghost
[14/04/2012 15:23:56] /c temari
[14/04/2012 15:25:16] /addskill Temari,level,300
[14/04/2012 15:25:26] /addskill Temari,magic level,100
[14/04/2012 15:25:47] /addskill Nbee,level,40
[14/04/2012 15:28:24] /i 2383
[14/04/2012 15:28:36] /attr set attack 5000
[14/04/2012 15:28:39] /attr set defense 5000
[14/04/2012 15:30:38] /reload spells
[14/04/2012 15:32:15] /c tamiri
[14/04/2012 15:32:18] /c Temari
[14/04/2012 15:32:28] /attr set protection all 20
[14/04/2012 15:32:43] /attr set protection all 220%
[14/04/2012 15:32:53] /attr set protection 20%
[14/04/2012 15:32:57] /attr set protection 20
[14/04/2012 15:33:06] /attr set protection 20
[14/04/2012 15:33:13] /attr protection 
[14/04/2012 15:33:38] /attr protection 10
[14/04/2012 15:33:40] /attr protection 109
[14/04/2012 15:33:43] /attr protection 100
[14/04/2012 15:33:46] /attr protection 100
[14/04/2012 15:33:48] /attr protection 100
[14/04/2012 15:34:42] /attr protection 20
[14/04/2012 15:34:51] /attr protection all +20
[14/04/2012 15:34:56] /attr protection all +20
[14/04/2012 15:35:27] /m naruto
[14/04/2012 15:35:39] /r
[14/04/2012 15:36:00] /m naruto
[14/04/2012 21:24:35] /addskill sasuke vigador, level, 250
[14/04/2012 21:24:36] /addskill sasuke vingador, magic level, 150
[14/04/2012 21:24:44] /addskill sasuke vingador, level, 250
[14/04/2012 22:27:12] /reload spells
[14/04/2012 22:40:40] /addskill toobi, level, 250
[14/04/2012 22:40:55] /addskill toobi, magic level, 120
[14/04/2012 22:41:03] /addskill toobi, magic level, 120
[14/04/2012 22:41:07] /addskill toobi, magic level, 120
