[26/03/2012 13:56:53] /t
[26/03/2012 13:57:06] /m kiba boss
[26/03/2012 13:57:20] /m yondaime boss
[26/03/2012 13:57:33] /s yondaime boss
[26/03/2012 14:03:31] /goto [ADM] Hokage
[10/04/2012 21:32:43] /goto [adm] hokage
[10/04/2012 21:38:21] /goto [adm] hokage
[10/04/2012 21:38:24] /down
[10/04/2012 21:38:26] /up
[10/04/2012 21:38:29] /a x
[10/04/2012 21:38:31] /goto [adm] hokage
[11/04/2012 15:45:49] /b eae adm
[11/04/2012 15:46:01] /b aki gm tobi 
[11/04/2012 15:46:18] /c itachi
[11/04/2012 15:46:32] /b kkk o batlle do meu nn keria sair kkk
[11/04/2012 15:46:39] /c itachi
[11/04/2012 15:47:13] /b eae ta fazendo oq de bom ?
[11/04/2012 15:47:55] /b vou no itachi ja vouto
[11/04/2012 21:20:48] /b aff ia digita /newtype 39 mais apertei um 9 a mais /newtype 399 e bugo kkkkk
[11/04/2012 21:20:58] /b quando tiver tempo desbuga plz
[11/04/2012 21:22:02] /a x
[11/04/2012 21:22:05] /a x
[11/04/2012 21:22:15] /a x
[11/04/2012 21:22:27] /a x
[11/04/2012 21:22:39] /a x
[11/04/2012 21:23:27] /b ta ae ?
[11/04/2012 21:24:01] /b s
