[24/03/2012 14:20:37] /m demon
[24/03/2012 14:30:30] /t
[24/03/2012 14:30:45] /c tobi
[24/03/2012 14:33:09] /n yondaime armor
[24/03/2012 14:33:39] /goto tobi
[24/03/2012 14:34:18] /n nidaime armor
[24/03/2012 14:35:57] /s kyubi
[24/03/2012 14:37:16] /c tobi
[24/03/2012 14:41:44] /t
[24/03/2012 14:50:36] /c itachi
[24/03/2012 14:57:27] /addskill itachi kiler 50
[24/03/2012 14:58:05] /addskill tobi 50
[24/03/2012 15:06:04] /i nidaime armor
[24/03/2012 15:06:18] /i sasuke legbore
[24/03/2012 15:06:56] /i akatsuki hat
[24/03/2012 15:07:20] /addskill mato mesmo magic level 100
[24/03/2012 15:07:38] /addskill mato mesmo, magic level, 100
[24/03/2012 15:07:41] /addskill mato mesmo, magic level, 100
[24/03/2012 15:07:43] /addskill mato mesmo, magic level, 100
[24/03/2012 15:07:45] /addskill mato mesmo, magic level, 100
[24/03/2012 15:07:46] /addskill mato mesmo, magic level, 100
[24/03/2012 15:07:46] /addskill mato mesmo, magic level, 100
[24/03/2012 15:07:47] /addskill mato mesmo, magic level, 100
[24/03/2012 15:07:51] /addskill mato mesmo, magic level, 100
[24/03/2012 15:08:00] /addskill mato mesmo, magic level,  200
[24/03/2012 15:08:03] /addskill mato mesmo, magic level, 100
[24/03/2012 15:08:07] /addskill mato mesmo, magic level, 100
[24/03/2012 15:08:57] /i vital boots
[24/03/2012 15:09:28] /i  tobi mask
[24/03/2012 15:09:47] /addskill ou add lvl magia ai pra mi magic level, 100
[24/03/2012 15:09:51] /addskill mato mesmo, magic level, 100
[24/03/2012 15:10:53] /i vital boots
[24/03/2012 15:11:34] /i yondaime armor
[24/03/2012 15:24:29] /addskill mato mesmo, magic level, 100
[24/03/2012 15:24:31] /addskill mato mesmo, magic level, 100
[24/03/2012 15:24:38] /addskill mato mesmo, magic level, 100
[24/03/2012 15:24:39] /addskill mato mesmo, magic level, 100
[24/03/2012 15:25:02] /addskill ,anbu, magic level, 100
[24/03/2012 15:25:41] /kick itachi
[24/03/2012 15:30:44] /addskill itachi, magic lvl , 250
[24/03/2012 15:31:01] /addskill ,itachi, magic lvl , 250
[24/03/2012 15:31:23] /addskill itachi, magic lvl , 250
[24/03/2012 15:31:25] /addskill itachi, magic lvl , 250
[24/03/2012 15:31:30] /c itachi
[24/03/2012 15:31:40] /addskill itachi, magic lvl , 250
[24/03/2012 15:31:41] /addskill itachi, magic lvl , 250
[24/03/2012 15:31:49] /addskill itachi, magic lvl , 250
[24/03/2012 15:31:51] /addskill itachi, magic lvl , 250
[24/03/2012 15:31:52] /addskill itachi, magic lvl , 250
[24/03/2012 15:31:52] /addskill itachi, magic lvl , 250
[24/03/2012 15:32:20] /addskill itachi, magic lvl , 250
[24/03/2012 15:32:56] /addskill itachi,magiclvl,250
[24/03/2012 15:33:30] /addskill itachi,magiclvl,250
[24/03/2012 15:33:33] /addskill itachi,magiclvl,250
[24/03/2012 15:33:42] /addskill itachi,magiclvl,250
[24/03/2012 15:34:39] /addskill eu odeio nome grande,magiclvl,250
[24/03/2012 15:52:13] /addskill sannin,250
[24/03/2012 15:52:34] /addskill sannin,250
[24/03/2012 15:52:36] /addskill sannin,250
[24/03/2012 15:52:36] /addskill sannin,250
[24/03/2012 15:52:37] /addskill sannin,250
[24/03/2012 15:52:37] /addskill sannin,250
[24/03/2012 15:52:38] /addskill sannin,250
[24/03/2012 15:52:38] /addskill sannin,250
[24/03/2012 15:52:38] /addskill sannin,250
[24/03/2012 15:52:39] /addskill sannin,250
[24/03/2012 15:52:39] /addskill sannin,250
[24/03/2012 15:52:39] /addskill sannin,250
[24/03/2012 15:52:40] /addskill sannin,250
[24/03/2012 15:52:40] /addskill sannin,250
[24/03/2012 15:52:41] /addskill sannin,250
[24/03/2012 15:52:41] /addskill sannin,250
[24/03/2012 15:53:11] /addskill sannin,lvl,250
[24/03/2012 15:53:13] /addskill sannin,lvl,250
[24/03/2012 15:53:14] /addskill sannin,lvl,250
[24/03/2012 16:06:50] /c itachi
[24/03/2012 16:07:00] /c itachi
[24/03/2012 16:07:14] /c kankurinho
[24/03/2012 16:21:23] /m kyubi
[24/03/2012 16:22:34] /m yondaime
[24/03/2012 16:22:47] /m yondaime
[24/03/2012 16:22:59] /m kyubi
[24/03/2012 16:23:05] /m yondaime
[24/03/2012 16:23:27] /m demon
[24/03/2012 16:23:33] /m yondaime
[24/03/2012 16:24:19] /m karasu
[24/03/2012 16:25:01] /m mato mesmo
[24/03/2012 16:25:15] /t mato mesmo
[24/03/2012 16:25:31] /t mato memo
[24/03/2012 16:25:42] /m kyuby
[24/03/2012 16:25:48] /m kyubi
[24/03/2012 16:25:53] /m yondaime
[24/03/2012 16:25:57] /m yondaime
[24/03/2012 16:26:02] /m yondaime
[24/03/2012 16:26:05] /m yondaime
[24/03/2012 16:29:24] /m yondaime
[24/03/2012 16:29:25] /m yondaime
[24/03/2012 16:29:25] /m yondaime
[24/03/2012 16:29:26] /m yondaime
[24/03/2012 16:29:26] /m yondaime
[24/03/2012 16:29:27] /m yondaime
[24/03/2012 16:29:27] /m yondaime
[24/03/2012 16:29:28] /m yondaime
[24/03/2012 16:29:33] /m yondaime
[24/03/2012 16:29:34] /m yondaime
[24/03/2012 16:29:34] /m yondaime
[24/03/2012 16:29:35] /m yondaime
[24/03/2012 16:30:20] /m yondaime
[24/03/2012 16:30:20] /m yondaime
[24/03/2012 16:30:20] /m yondaime
[24/03/2012 16:30:20] /m yondaime
[24/03/2012 16:30:21] /m yondaime/m yondaime/m yondaime
[24/03/2012 16:30:21] /m yondaime
[24/03/2012 16:30:21] /m yondaime
[24/03/2012 16:30:22] /m yondaime
[24/03/2012 16:30:22] /m yondaime
[24/03/2012 16:30:23] /m yondaime
[24/03/2012 16:30:23] /m yondaime
[24/03/2012 16:30:26] /m yondaime
[24/03/2012 16:30:38] /m yondaime/m yondaime
[24/03/2012 16:30:39] /m yondaime
[24/03/2012 16:30:39] /m yondaime
[24/03/2012 16:30:39] /m yondaime
[24/03/2012 16:30:40] /m yondaime
[24/03/2012 16:31:54] /m kisame boss
[24/03/2012 16:32:28] /m kisame boss
[24/03/2012 16:32:50] /m kiba boss
[24/03/2012 16:33:04] /m kisame boss
