[26/04/2012 21:23:52] /a 5
[26/04/2012 21:23:56] /a
[26/04/2012 21:23:57] /a
[26/04/2012 21:24:03] /a
[26/04/2012 21:24:05] /a
[26/04/2012 21:24:08] /a
[26/04/2012 21:24:09] /a
[26/04/2012 21:24:16] /a 5
[26/04/2012 21:25:49] /clean
[26/04/2012 21:26:04] /up
[26/04/2012 21:26:06] /a
[26/04/2012 21:26:11] /up
[26/04/2012 21:26:44] /a
[26/04/2012 21:26:55] /r
[26/04/2012 21:27:00] /r
[26/04/2012 21:27:13] /a
[26/04/2012 21:27:28] /c demonic
[26/04/2012 21:27:31] /c demonic
[26/04/2012 21:27:36] /c demonic
[26/04/2012 21:27:37] /c demonic
[26/04/2012 21:27:39] /c demonic
[26/04/2012 21:27:53] /a 3
[26/04/2012 21:27:55] /a 3
[26/04/2012 21:28:17] /i 6840
[26/04/2012 21:29:21] /up
[26/04/2012 21:29:30] /c tobiii
[26/04/2012 21:30:01] /c oni oni
[26/04/2012 21:30:07] /c tobiii
[26/04/2012 21:30:12] /c demonic
[26/04/2012 21:30:28] /b aee so usa adm pra bani ou tira bug .
[26/04/2012 21:30:38] /b ññ faz cagada em .
[26/04/2012 21:30:49] /b e n fica editando char que zua o bang ..
[26/04/2012 21:30:59] /b Ok amores ?
[26/04/2012 21:31:28] /c willian
[26/04/2012 21:31:38] /b affs porra tem uns par de coisa pra arruma fica sumonando bicho aff..
[26/04/2012 21:31:45] /b dxa eu fla porra !!!!!!!!!
[26/04/2012 21:31:50] /a
[26/04/2012 21:31:56] /b -.- '
[26/04/2012 21:32:08] /b willian tem que exclui todos esse char ae do rank
[26/04/2012 21:32:13] /b !rank ve ae pra voc ve
[26/04/2012 21:32:23] /b ve ae pra voc ve avá KK '
[26/04/2012 21:32:28] /b exclui esses char ae
[26/04/2012 21:32:33] /a
[26/04/2012 21:32:34] /b no sql .
[26/04/2012 21:32:52] /b ZzZz
[26/04/2012 21:35:47] /a 2
[26/04/2012 21:35:56] /r 1657
[26/04/2012 21:36:07] /i 1657
[26/04/2012 21:36:42] /r
[26/04/2012 21:36:56] /a
[26/04/2012 21:37:24] /a
[26/04/2012 21:37:58] /a
[26/04/2012 21:38:00] /c tobii
[26/04/2012 21:38:02] /c tobiii
[26/04/2012 21:39:18] /a
[26/04/2012 21:45:33] /addskill tobiii,level, 1
[26/04/2012 21:45:36] /addskill tobiii,level, 1
[26/04/2012 21:45:39] /addskill tobiii,level, 1
[26/04/2012 21:45:40] /addskill tobiii,level, 1
[26/04/2012 21:45:40] /addskill tobiii,level, 1
[26/04/2012 21:46:18] /addskill Japa,level, 1
[26/04/2012 21:46:19] /addskill Japa,level, 1
[26/04/2012 21:46:19] /addskill Japa,level, 1
[26/04/2012 21:46:26] /addskill Japa,level, 1
[26/04/2012 21:46:27] /addskill Japa,level, 1
[26/04/2012 21:46:27] /addskill Japa,level, 1
[26/04/2012 21:46:27] /addskill Japa,level, 1
[26/04/2012 21:46:27] /addskill Japa,level, 1
[26/04/2012 21:46:27] /addskill Japa,level, 1
[26/04/2012 21:46:27] /addskill Japa,level, 1
[26/04/2012 21:46:27] /addskill Japa,level, 1
[26/04/2012 21:46:27] /addskill Japa,level, 1
[26/04/2012 21:46:27] /addskill Japa,level, 1
[26/04/2012 21:46:27] /addskill Japa,level, 1
[26/04/2012 21:46:27] /addskill Japa,level, 1
[26/04/2012 21:46:27] /addskill Japa,level, 1
[26/04/2012 21:46:27] /addskill Japa,level, 1
[26/04/2012 21:46:27] /addskill Japa,level, 1
[26/04/2012 21:46:27] /addskill Japa,level, 1
[26/04/2012 21:46:27] /addskill Japa,level, 1
[26/04/2012 21:46:27] /addskill Japa,level, 1
[26/04/2012 21:46:27] /addskill Japa,level, 1
[26/04/2012 21:46:27] /addskill Japa,level, 1
[26/04/2012 21:46:27] /addskill Japa,level, 1
[26/04/2012 21:46:28] /addskill Japa,level, 1
[26/04/2012 21:46:28] /addskill Japa,level, 1
[26/04/2012 21:46:28] /addskill Japa,level, 1
[26/04/2012 21:46:28] /addskill Japa,level, 1
[26/04/2012 21:46:28] /addskill Japa,level, 1
[26/04/2012 21:46:28] /addskill Japa,level, 1
[26/04/2012 21:46:28] /addskill Japa,level, 1
[26/04/2012 21:46:28] /addskill Japa,level, 1
[26/04/2012 21:46:28] /addskill Japa,level, 1
[26/04/2012 21:46:28] /addskill Japa,level, 1
[26/04/2012 21:46:28] /addskill Japa,level, 1
[26/04/2012 21:46:28] /addskill Japa,level, 1
[26/04/2012 21:46:28] /addskill Japa,level, 1
[26/04/2012 21:46:28] /addskill Japa,level, 1
[26/04/2012 21:46:28] /addskill Japa,level, 1
[26/04/2012 21:46:28] /addskill Japa,level, 1
[26/04/2012 21:46:28] /addskill Japa,level, 1
[26/04/2012 21:46:28] /addskill Japa,level, 1
[26/04/2012 21:46:28] /addskill Japa,level, 1
[26/04/2012 21:46:28] /addskill Japa,level, 1
[26/04/2012 21:46:28] /addskill Japa,level, 1
[26/04/2012 21:46:29] /addskill Japa,level, 1
[26/04/2012 21:46:29] /addskill Japa,level, 1
[26/04/2012 21:46:29] /addskill Japa,level, 1
[26/04/2012 21:46:29] /addskill Japa,level, 1
[26/04/2012 21:46:29] /addskill Japa,level, 1
[26/04/2012 21:46:29] /addskill Japa,level, 1
[26/04/2012 21:46:29] /addskill Japa,level, 1
[26/04/2012 21:46:29] /addskill Japa,level, 1
[26/04/2012 21:46:29] /addskill Japa,level, 1
[26/04/2012 21:46:29] /addskill Japa,level, 1
[26/04/2012 21:46:29] /addskill Japa,level, 1
[26/04/2012 21:46:29] /addskill Japa,level, 1
[26/04/2012 21:46:29] /addskill Japa,level, 1
[26/04/2012 21:46:29] /addskill Japa,level, 1
[26/04/2012 21:46:29] /addskill Japa,level, 1
[26/04/2012 21:46:29] /addskill Japa,level, 1
[26/04/2012 21:46:29] /addskill Japa,level, 1
[26/04/2012 21:46:29] /addskill Japa,level, 1
[26/04/2012 21:46:29] /addskill Japa,level, 1
[26/04/2012 21:46:29] /addskill Japa,level, 1
[26/04/2012 21:46:29] /addskill Japa,level, 1
[26/04/2012 21:46:30] /addskill Japa,level, 1
[26/04/2012 21:46:30] /addskill Japa,level, 1
[26/04/2012 21:46:30] /addskill Japa,level, 1
[26/04/2012 21:46:30] /addskill Japa,level, 1
[26/04/2012 21:46:30] /addskill Japa,level, 1
[26/04/2012 21:46:30] /addskill Japa,level, 1
[26/04/2012 21:46:30] /addskill Japa,level, 1
[26/04/2012 21:46:30] /addskill Japa,level, 1
[26/04/2012 21:46:30] /addskill Japa,level, 1
[26/04/2012 21:46:30] /addskill Japa,level, 1
[26/04/2012 21:46:30] /addskill Japa,level, 1
[26/04/2012 21:46:30] /addskill Japa,level, 1
[26/04/2012 21:46:30] /addskill Japa,level, 1
[26/04/2012 21:46:30] /addskill Japa,level, 1
[26/04/2012 21:46:30] /addskill Japa,level, 1
[26/04/2012 21:46:30] /addskill Japa,level, 1
[26/04/2012 21:46:30] /addskill Japa,level, 1
[26/04/2012 21:46:30] /addskill Japa,level, 1
[26/04/2012 21:46:30] /addskill Japa,level, 1
[26/04/2012 21:46:30] /addskill Japa,level, 1
[26/04/2012 21:46:30] /addskill Japa,level, 1
[26/04/2012 21:46:30] /addskill Japa,level, 1
[26/04/2012 21:46:30] /addskill Japa,level, 1
[26/04/2012 21:46:31] /addskill Japa,level, 1
[26/04/2012 21:46:31] /addskill Japa,level, 1
[26/04/2012 21:46:31] /addskill Japa,level, 1
[26/04/2012 21:46:31] /addskill Japa,level, 1
[26/04/2012 21:46:31] /addskill Japa,level, 1
[26/04/2012 21:46:31] /addskill Japa,level, 1
[26/04/2012 21:46:31] /addskill Japa,level, 1
[26/04/2012 21:46:31] /addskill Japa,level, 1
[26/04/2012 21:46:31] /addskill Japa,level, 1
[26/04/2012 21:46:31] /addskill Japa,level, 1
[26/04/2012 21:46:31] /addskill Japa,level, 1
[26/04/2012 21:46:31] /addskill Japa,level, 1
[26/04/2012 21:46:31] /addskill Japa,level, 1
[26/04/2012 21:46:31] /addskill Japa,level, 1
[26/04/2012 21:46:31] /addskill Japa,level, 1
[26/04/2012 21:46:31] /addskill Japa,level, 1
[26/04/2012 21:46:31] /addskill Japa,level, 1
[26/04/2012 21:46:31] /addskill Japa,level, 1
[26/04/2012 21:46:31] /addskill Japa,level, 1
[26/04/2012 21:46:31] /addskill Japa,level, 1
[26/04/2012 21:46:32] /addskill Japa,level, 1
[26/04/2012 21:46:32] /addskill Japa,level, 1
[26/04/2012 21:46:32] /addskill Japa,level, 1
[26/04/2012 21:46:32] /addskill Japa,level, 1
[26/04/2012 21:46:32] /addskill Japa,level, 1
[26/04/2012 21:46:32] /addskill Japa,level, 1
[26/04/2012 21:46:32] /addskill Japa,level, 1
[26/04/2012 21:46:32] /addskill Japa,level, 1
[26/04/2012 21:46:32] /addskill Japa,level, 1
[26/04/2012 21:46:32] /addskill Japa,level, 1
[26/04/2012 21:46:32] /addskill Japa,level, 1
[26/04/2012 21:46:32] /addskill Japa,level, 1
[26/04/2012 21:46:32] /addskill Japa,level, 1
[26/04/2012 21:46:32] /addskill Japa,level, 1
[26/04/2012 21:46:32] /addskill Japa,level, 1
[26/04/2012 21:46:32] /addskill Japa,level, 1
[26/04/2012 21:46:32] /addskill Japa,level, 1
[26/04/2012 21:46:32] /addskill Japa,level, 1
[26/04/2012 21:46:32] /addskill Japa,level, 1
[26/04/2012 21:46:32] /addskill Japa,level, 1
[26/04/2012 21:46:32] /addskill Japa,level, 1
[26/04/2012 21:46:32] /addskill Japa,level, 1
[26/04/2012 21:46:33] /addskill Japa,level, 1
[26/04/2012 21:46:33] /addskill Japa,level, 1
[26/04/2012 21:46:33] /addskill Japa,level, 1
[26/04/2012 21:46:33] /addskill Japa,level, 1
[26/04/2012 21:46:33] /addskill Japa,level, 1
[26/04/2012 21:46:33] /addskill Japa,level, 1
[26/04/2012 21:46:33] /addskill Japa,level, 1
[26/04/2012 21:46:33] /addskill Japa,level, 1
[26/04/2012 21:46:33] /addskill Japa,level, 1
[26/04/2012 21:46:33] /addskill Japa,level, 1
[26/04/2012 21:46:33] /addskill Japa,level, 1
[26/04/2012 21:46:33] /addskill Japa,level, 1
[26/04/2012 21:46:33] /addskill Japa,level, 1
[26/04/2012 21:46:33] /addskill Japa,level, 1
[26/04/2012 21:46:33] /addskill Japa,level, 1
[26/04/2012 21:46:33] /addskill Japa,level, 1
[26/04/2012 21:46:33] /addskill Japa,level, 1
[26/04/2012 21:46:33] /addskill Japa,level, 1
[26/04/2012 21:46:33] /addskill Japa,level, 1
[26/04/2012 21:46:33] /addskill Japa,level, 1
[26/04/2012 21:46:33] /addskill Japa,level, 1
[26/04/2012 21:46:34] /addskill Japa,level, 1
[26/04/2012 21:46:34] /addskill Japa,level, 1
[26/04/2012 21:46:34] /addskill Japa,level, 1
[26/04/2012 21:46:34] /addskill Japa,level, 1
[26/04/2012 21:46:34] /addskill Japa,level, 1
[26/04/2012 21:46:34] /addskill Japa,level, 1
[26/04/2012 21:46:34] /addskill Japa,level, 1
[26/04/2012 21:46:34] /addskill Japa,level, 1
[26/04/2012 21:46:34] /addskill Japa,level, 1
[26/04/2012 21:46:34] /addskill Japa,level, 1
[26/04/2012 21:46:34] /addskill Japa,level, 1
[26/04/2012 21:46:34] /addskill Japa,level, 1
[26/04/2012 21:46:34] /addskill Japa,level, 1
[26/04/2012 21:46:34] /addskill Japa,level, 1
[26/04/2012 21:46:34] /addskill Japa,level, 1
[26/04/2012 21:46:34] /addskill Japa,level, 1
[26/04/2012 21:46:34] /addskill Japa,level, 1
[26/04/2012 21:46:34] /addskill Japa,level, 1
[26/04/2012 21:46:34] /addskill Japa,level, 1
[26/04/2012 21:46:34] /addskill Japa,level, 1
[26/04/2012 21:46:34] /addskill Japa,level, 1
[26/04/2012 21:46:34] /addskill Japa,level, 1
[26/04/2012 21:46:35] /addskill Japa,level, 1
[26/04/2012 21:46:35] /addskill Japa,level, 1
[26/04/2012 21:46:35] /addskill Japa,level, 1
[26/04/2012 21:46:35] /addskill Japa,level, 1
[26/04/2012 21:46:35] /addskill Japa,level, 1
[26/04/2012 21:46:35] /addskill Japa,level, 1
[26/04/2012 21:46:35] /addskill Japa,level, 1
[26/04/2012 21:46:35] /addskill Japa,level, 1
[26/04/2012 21:46:35] /addskill Japa,level, 1
[26/04/2012 21:46:35] /addskill Japa,level, 1
[26/04/2012 21:46:35] /addskill Japa,level, 1
[26/04/2012 21:46:35] /addskill Japa,level, 1
[26/04/2012 21:46:35] /addskill Japa,level, 1
[26/04/2012 21:46:35] /addskill Japa,level, 1
[26/04/2012 21:46:35] /addskill Japa,level, 1
[26/04/2012 21:46:35] /addskill Japa,level, 1
[26/04/2012 21:46:35] /addskill Japa,level, 1
[26/04/2012 21:46:35] /addskill Japa,level, 1
[26/04/2012 21:46:35] /addskill Japa,level, 1
[26/04/2012 21:46:35] /addskill Japa,level, 1
[26/04/2012 21:46:35] /addskill Japa,level, 1
[26/04/2012 21:46:36] /addskill Japa,level, 1
[26/04/2012 21:46:36] /addskill Japa,level, 1
[26/04/2012 21:46:36] /addskill Japa,level, 1
[26/04/2012 21:46:36] /addskill Japa,level, 1
[26/04/2012 21:46:36] /addskill Japa,level, 1
[26/04/2012 21:46:36] /addskill Japa,level, 1
[26/04/2012 21:46:36] /addskill Japa,level, 1
[26/04/2012 21:46:36] /addskill Japa,level, 1
[26/04/2012 21:46:36] /addskill Japa,level, 1
[26/04/2012 21:46:36] /addskill Japa,level, 1
[26/04/2012 21:46:36] /addskill Japa,level, 1
[26/04/2012 21:46:36] /addskill Japa,level, 1
[26/04/2012 21:46:36] /addskill Japa,level, 1
[26/04/2012 21:46:36] /addskill Japa,level, 1
[26/04/2012 21:46:36] /addskill Japa,level, 1
[26/04/2012 21:46:36] /addskill Japa,level, 1
[26/04/2012 21:46:36] /addskill Japa,level, 1
[26/04/2012 21:46:36] /addskill Japa,level, 1
[26/04/2012 21:46:36] /addskill Japa,level, 1
[26/04/2012 21:46:36] /addskill Japa,level, 1
[26/04/2012 21:46:36] /addskill Japa,level, 1
[26/04/2012 21:46:37] /addskill Japa,level, 1
[26/04/2012 21:46:37] /addskill Japa,level, 1
[26/04/2012 21:46:37] /addskill Japa,level, 1
[26/04/2012 21:46:37] /addskill Japa,level, 1
[26/04/2012 21:46:37] /addskill Japa,level, 1
[26/04/2012 21:46:37] /addskill Japa,level, 1
[26/04/2012 21:46:37] /addskill Japa,level, 1
[26/04/2012 21:46:37] /addskill Japa,level, 1
[26/04/2012 21:46:37] /addskill Japa,level, 1
[26/04/2012 21:46:37] /addskill Japa,level, 1
[26/04/2012 21:46:37] /addskill Japa,level, 1
[26/04/2012 21:46:37] /addskill Japa,level, 1
[26/04/2012 21:46:37] /addskill Japa,level, 1
[26/04/2012 21:46:37] /addskill Japa,level, 1
[26/04/2012 21:46:37] /addskill Japa,level, 1
[26/04/2012 21:46:37] /addskill Japa,level, 1
[26/04/2012 21:46:37] /addskill Japa,level, 1
[26/04/2012 21:46:37] /addskill Japa,level, 1
[26/04/2012 21:46:37] /addskill Japa,level, 1
[26/04/2012 21:46:37] /addskill Japa,level, 1
[26/04/2012 21:46:37] /addskill Japa,level, 1
[26/04/2012 21:46:38] /addskill Japa,level, 1
[26/04/2012 21:46:38] /addskill Japa,level, 1
[26/04/2012 21:46:38] /addskill Japa,level, 1
[26/04/2012 21:46:38] /addskill Japa,level, 1
[26/04/2012 21:46:38] /addskill Japa,level, 1
[26/04/2012 21:46:38] /addskill Japa,level, 1
[26/04/2012 21:46:38] /addskill Japa,level, 1
[26/04/2012 21:46:38] /addskill Japa,level, 1
[26/04/2012 21:46:38] /addskill Japa,level, 1
[26/04/2012 21:46:38] /addskill Japa,level, 1
[26/04/2012 21:46:38] /addskill Japa,level, 1
[26/04/2012 21:46:38] /addskill Japa,level, 1
[26/04/2012 21:46:38] /addskill Japa,level, 1
[26/04/2012 21:46:38] /addskill Japa,level, 1
[26/04/2012 21:46:38] /addskill Japa,level, 1
[26/04/2012 21:46:38] /addskill Japa,level, 1
[26/04/2012 21:46:38] /addskill Japa,level, 1
[26/04/2012 21:46:38] /addskill Japa,level, 1
[26/04/2012 21:46:38] /addskill Japa,level, 1
[26/04/2012 21:46:38] /addskill Japa,level, 1
[26/04/2012 21:46:38] /addskill Japa,level, 1
[26/04/2012 21:46:39] /addskill Japa,level, 1
[26/04/2012 21:46:39] /addskill Japa,level, 1
[26/04/2012 21:46:39] /addskill Japa,level, 1
[26/04/2012 21:46:39] /addskill Japa,level, 1
[26/04/2012 21:46:39] /addskill Japa,level, 1
[26/04/2012 21:46:39] /addskill Japa,level, 1
[26/04/2012 21:46:39] /addskill Japa,level, 1
[26/04/2012 21:46:39] /addskill Japa,level, 1
[26/04/2012 21:46:39] /addskill Japa,level, 1
[26/04/2012 21:46:39] /addskill Japa,level, 1
[26/04/2012 21:46:39] /addskill Japa,level, 1
[26/04/2012 21:46:39] /addskill Japa,level, 1
[26/04/2012 21:46:39] /addskill Japa,level, 1
[26/04/2012 21:46:39] /addskill Japa,level, 1
[26/04/2012 21:46:39] /addskill Japa,level, 1
[26/04/2012 21:46:39] /addskill Japa,level, 1
[26/04/2012 21:46:39] /addskill Japa,level, 1
[26/04/2012 21:46:39] /addskill Japa,level, 1
[26/04/2012 21:46:39] /addskill Japa,level, 1
[26/04/2012 21:46:39] /addskill Japa,level, 1
[26/04/2012 21:46:39] /addskill Japa,level, 1
[26/04/2012 21:46:40] /addskill Japa,level, 1
[26/04/2012 21:46:40] /addskill Japa,level, 1
[26/04/2012 21:46:40] /addskill Japa,level, 1
[26/04/2012 21:46:40] /addskill Japa,level, 1
[26/04/2012 21:46:40] /addskill Japa,level, 1
[26/04/2012 21:46:40] /addskill Japa,level, 1
[26/04/2012 21:46:40] /addskill Japa,level, 1
[26/04/2012 21:46:40] /addskill Japa,level, 1
[26/04/2012 21:46:40] /addskill Japa,level, 1
[26/04/2012 21:46:40] /addskill Japa,level, 1
[26/04/2012 21:46:40] /addskill Japa,level, 1
[26/04/2012 21:46:40] /addskill Japa,level, 1
[26/04/2012 21:46:40] /addskill Japa,level, 1
[26/04/2012 21:46:40] /addskill Japa,level, 1
[26/04/2012 21:46:40] /addskill Japa,level, 1
[26/04/2012 21:46:40] /addskill Japa,level, 1
[26/04/2012 21:46:40] /addskill Japa,level, 1
[26/04/2012 21:46:40] /addskill Japa,level, 1
[26/04/2012 21:46:40] /addskill Japa,level, 1
[26/04/2012 21:46:40] /addskill Japa,level, 1
[26/04/2012 21:46:40] /addskill Japa,level, 1
[26/04/2012 21:46:40] /addskill Japa,level, 1
[26/04/2012 21:46:41] /addskill Japa,level, 1
[26/04/2012 21:46:41] /addskill Japa,level, 1
[26/04/2012 21:46:41] /addskill Japa,level, 1
[26/04/2012 21:46:41] /addskill Japa,level, 1
[26/04/2012 21:46:41] /addskill Japa,level, 1
[26/04/2012 21:46:41] /addskill Japa,level, 1
[26/04/2012 21:46:41] /addskill Japa,level, 1
[26/04/2012 21:46:41] /addskill Japa,level, 1
[26/04/2012 21:46:41] /addskill Japa,level, 1
[26/04/2012 21:46:41] /addskill Japa,level, 1
[26/04/2012 21:46:41] /addskill Japa,level, 1
[26/04/2012 21:46:41] /addskill Japa,level, 1
[26/04/2012 21:46:41] /addskill Japa,level, 1
[26/04/2012 21:46:41] /addskill Japa,level, 1
[26/04/2012 21:46:41] /addskill Japa,level, 1
[26/04/2012 21:46:41] /addskill Japa,level, 1
[26/04/2012 21:46:41] /addskill Japa,level, 1
[26/04/2012 21:46:41] /addskill Japa,level, 1
[26/04/2012 21:46:41] /addskill Japa,level, 1
[26/04/2012 21:46:41] /addskill Japa,level, 1
[26/04/2012 21:46:41] /addskill Japa,level, 1
[26/04/2012 21:46:42] /addskill Japa,level, 1
[26/04/2012 21:46:42] /addskill Japa,level, 1
[26/04/2012 21:46:42] /addskill Japa,level, 1
[26/04/2012 21:46:42] /addskill Japa,level, 1
[26/04/2012 21:46:42] /addskill Japa,level, 1
[26/04/2012 21:46:42] /addskill Japa,level, 1
[26/04/2012 21:46:42] /addskill Japa,level, 1
[26/04/2012 21:46:42] /addskill Japa,level, 1
[26/04/2012 21:46:42] /addskill Japa,level, 1
[26/04/2012 21:46:42] /addskill Japa,level, 1
[26/04/2012 21:46:42] /addskill Japa,level, 1
[26/04/2012 21:46:42] /addskill Japa,level, 1
[26/04/2012 21:46:42] /addskill Japa,level, 1
[26/04/2012 21:46:42] /addskill Japa,level, 1
[26/04/2012 21:46:42] /addskill Japa,level, 1
[26/04/2012 21:46:42] /addskill Japa,level, 1
[26/04/2012 21:46:42] /addskill Japa,level, 1
[26/04/2012 21:46:42] /addskill Japa,level, 1
[26/04/2012 21:46:42] /addskill Japa,level, 1
[26/04/2012 21:46:42] /addskill Japa,level, 1
[26/04/2012 21:46:42] /addskill Japa,level, 1
[26/04/2012 21:46:43] /addskill Japa,level, 1
[26/04/2012 21:46:43] /addskill Japa,level, 1
[26/04/2012 21:46:43] /addskill Japa,level, 1
[26/04/2012 21:46:43] /addskill Japa,level, 1
[26/04/2012 21:46:43] /addskill Japa,level, 1
[26/04/2012 21:46:43] /addskill Japa,level, 1
[26/04/2012 21:46:43] /addskill Japa,level, 1
[26/04/2012 21:46:43] /addskill Japa,level, 1
[26/04/2012 21:46:43] /addskill Japa,level, 1
[26/04/2012 21:46:43] /addskill Japa,level, 1
[26/04/2012 21:46:43] /addskill Japa,level, 1
[26/04/2012 21:46:43] /addskill Japa,level, 1
[26/04/2012 21:46:43] /addskill Japa,level, 1
[26/04/2012 21:46:43] /addskill Japa,level, 1
[26/04/2012 21:46:43] /addskill Japa,level, 1
[26/04/2012 21:46:43] /addskill Japa,level, 1
[26/04/2012 21:46:43] /addskill Japa,level, 1
[26/04/2012 21:46:43] /addskill Japa,level, 1
[26/04/2012 21:46:43] /addskill Japa,level, 1
[26/04/2012 21:46:43] /addskill Japa,level, 1
[26/04/2012 21:46:43] /addskill Japa,level, 1
[26/04/2012 21:46:44] /addskill Japa,level, 1
[26/04/2012 21:46:44] /addskill Japa,level, 1
[26/04/2012 21:46:44] /addskill Japa,level, 1
[26/04/2012 21:46:44] /addskill Japa,level, 1
[26/04/2012 21:46:44] /addskill Japa,level, 1
[26/04/2012 21:46:44] /addskill Japa,level, 1
[26/04/2012 21:46:44] /addskill Japa,level, 1
[26/04/2012 21:46:44] /addskill Japa,level, 1
[26/04/2012 21:46:44] /addskill Japa,level, 1
[26/04/2012 21:46:44] /addskill Japa,level, 1
[26/04/2012 21:46:44] /addskill Japa,level, 1
[26/04/2012 21:46:44] /addskill Japa,level, 1
[26/04/2012 21:46:44] /addskill Japa,level, 1
[26/04/2012 21:46:44] /addskill Japa,level, 1
[26/04/2012 21:46:44] /addskill Japa,level, 1
[26/04/2012 21:46:44] /addskill Japa,level, 1
[26/04/2012 21:46:44] /addskill Japa,level, 1
[26/04/2012 21:46:44] /addskill Japa,level, 1
[26/04/2012 21:46:44] /addskill Japa,level, 1
[26/04/2012 21:46:44] /addskill Japa,level, 1
[26/04/2012 21:46:44] /addskill Japa,level, 1
[26/04/2012 21:46:44] /addskill Japa,level, 1
[26/04/2012 21:46:45] /addskill Japa,level, 1
[26/04/2012 21:46:45] /addskill Japa,level, 1
[26/04/2012 21:46:45] /addskill Japa,level, 1
[26/04/2012 21:46:45] /addskill Japa,level, 1
[26/04/2012 21:46:45] /addskill Japa,level, 1
[26/04/2012 21:46:45] /addskill Japa,level, 1
[26/04/2012 21:46:45] /addskill Japa,level, 1
[26/04/2012 21:46:45] /addskill Japa,level, 1
[26/04/2012 21:46:45] /addskill Japa,level, 1
[26/04/2012 21:46:45] /addskill Japa,level, 1
[26/04/2012 21:46:45] /addskill Japa,level, 1
[26/04/2012 21:46:45] /addskill Japa,level, 1
[26/04/2012 21:46:45] /addskill Japa,level, 1
[26/04/2012 21:46:45] /addskill Japa,level, 1
[26/04/2012 21:46:45] /addskill Japa,level, 1
[26/04/2012 21:46:45] /addskill Japa,level, 1
[26/04/2012 21:46:45] /addskill Japa,level, 1
[26/04/2012 21:46:45] /addskill Japa,level, 1
[26/04/2012 21:46:45] /addskill Japa,level, 1
[26/04/2012 21:46:45] /addskill Japa,level, 1
[26/04/2012 21:46:45] /addskill Japa,level, 1
[26/04/2012 21:46:45] /addskill Japa,level, 1
[26/04/2012 21:46:46] /addskill Japa,level, 1
[26/04/2012 21:46:46] /addskill Japa,level, 1
[26/04/2012 21:46:46] /addskill Japa,level, 1
[26/04/2012 21:46:46] /addskill Japa,level, 1
[26/04/2012 21:46:46] /addskill Japa,level, 1
[26/04/2012 21:46:46] /addskill Japa,level, 1
[26/04/2012 21:46:46] /addskill Japa,level, 1
[26/04/2012 21:46:46] /addskill Japa,level, 1
[26/04/2012 21:46:46] /addskill Japa,level, 1
[26/04/2012 21:46:46] /addskill Japa,level, 1
[26/04/2012 21:46:46] /addskill Japa,level, 1
[26/04/2012 21:46:46] /addskill Japa,level, 1
[26/04/2012 21:46:46] /addskill Japa,level, 1
[26/04/2012 21:46:46] /addskill Japa,level, 1
[26/04/2012 21:46:46] /addskill Japa,level, 1
[26/04/2012 21:46:46] /addskill Japa,level, 1
[26/04/2012 21:46:46] /addskill Japa,level, 1
[26/04/2012 21:46:46] /addskill Japa,level, 1
[26/04/2012 21:46:46] /addskill Japa,level, 1
[26/04/2012 21:46:46] /addskill Japa,level, 1
[26/04/2012 21:46:47] /addskill Japa,level, 1
[26/04/2012 21:46:47] /addskill Japa,level, 1
[26/04/2012 21:46:47] /addskill Japa,level, 1
[26/04/2012 21:46:47] /addskill Japa,level, 1
[26/04/2012 21:46:47] /addskill Japa,level, 1
[26/04/2012 21:46:47] /addskill Japa,level, 1
[26/04/2012 21:46:47] /addskill Japa,level, 1
[26/04/2012 21:46:47] /addskill Japa,level, 1
[26/04/2012 21:46:47] /addskill Japa,level, 1
[26/04/2012 21:46:47] /addskill Japa,level, 1
[26/04/2012 21:46:47] /addskill Japa,level, 1
[26/04/2012 21:46:47] /addskill Japa,level, 1
[26/04/2012 21:46:47] /addskill Japa,level, 1
[26/04/2012 21:46:47] /addskill Japa,level, 1
[26/04/2012 21:46:47] /addskill Japa,level, 1
[26/04/2012 21:46:47] /addskill Japa,level, 1
[26/04/2012 21:46:47] /addskill Japa,level, 1
[26/04/2012 21:46:47] /addskill Japa,level, 1
[26/04/2012 21:46:47] /addskill Japa,level, 1
[26/04/2012 21:46:47] /addskill Japa,level, 1
[26/04/2012 21:46:48] /addskill Japa,level, 1
[26/04/2012 21:46:48] /addskill Japa,level, 1
[26/04/2012 21:46:48] /addskill Japa,level, 1
[26/04/2012 21:46:48] /addskill Japa,level, 1
[26/04/2012 21:46:49] /addskill Japa,level, 1
[26/04/2012 21:46:49] /addskill Japa,level, 1
[26/04/2012 21:46:49] /addskill Japa,level, 1
[26/04/2012 21:46:50] /addskill Japa,level, 1
[26/04/2012 21:46:50] /addskill Japa,level, 1
[26/04/2012 21:46:50] /addskill Japa,level, 1
[26/04/2012 21:46:50] /addskill Japa,level, 1
[26/04/2012 21:46:50] /addskill Japa,level, 1
[26/04/2012 21:46:50] /addskill Japa,level, 1
[26/04/2012 21:46:50] /addskill Japa,level, 1
[26/04/2012 21:46:50] /addskill Japa,level, 1
[26/04/2012 21:46:50] /addskill Japa,level, 1
[26/04/2012 21:46:50] /addskill Japa,level, 1
[26/04/2012 21:46:50] /addskill Japa,level, 1
[26/04/2012 21:46:50] /addskill Japa,level, 1
[26/04/2012 21:46:50] /addskill Japa,level, 1
[26/04/2012 21:46:50] /addskill Japa,level, 1
[26/04/2012 21:46:50] /addskill Japa,level, 1
[26/04/2012 21:46:50] /addskill Japa,level, 1
[26/04/2012 21:46:50] /addskill Japa,level, 1
[26/04/2012 21:46:50] /addskill Japa,level, 1
[26/04/2012 21:46:50] /addskill Japa,level, 1
[26/04/2012 21:46:50] /addskill Japa,level, 1
[26/04/2012 21:46:50] /addskill Japa,level, 1
[26/04/2012 21:46:51] /addskill Japa,level, 1
[26/04/2012 21:46:51] /addskill Japa,level, 1
[26/04/2012 21:46:51] /addskill Japa,level, 1
[26/04/2012 21:46:51] /addskill Japa,level, 1
[26/04/2012 21:46:51] /addskill Japa,level, 1
[26/04/2012 21:46:51] /addskill Japa,level, 1
[26/04/2012 21:46:51] /addskill Japa,level, 1
[26/04/2012 21:46:51] /addskill Japa,level, 1
[26/04/2012 21:46:51] /addskill Japa,level, 1
[26/04/2012 21:46:52] /addskill Japa,level, 1
[26/04/2012 21:46:52] /addskill Japa,level, 1
[26/04/2012 21:46:52] /addskill Japa,level, 1
[26/04/2012 21:46:52] /addskill Japa,level, 1
[26/04/2012 21:46:52] /addskill Japa,level, 1
[26/04/2012 21:46:52] /addskill Japa,level, 1
[26/04/2012 21:46:52] /addskill Japa,level, 1
[26/04/2012 21:46:52] /addskill Japa,level, 1
[26/04/2012 21:46:52] /addskill Japa,level, 1
[26/04/2012 21:46:52] /addskill Japa,level, 1
[26/04/2012 21:46:52] /addskill Japa,level, 1
[26/04/2012 21:46:53] /addskill Japa,level, 1
[26/04/2012 21:46:53] /addskill Japa,level, 1
[26/04/2012 21:46:53] /addskill Japa,level, 1
[26/04/2012 21:47:59] /addskill Demonic,level, 1
[26/04/2012 21:47:59] /addskill Demonic,level, 1
[26/04/2012 21:47:59] /addskill Demonic,level, 1
[26/04/2012 21:47:59] /addskill Demonic,level, 1
[26/04/2012 21:47:59] /addskill Demonic,level, 1
[26/04/2012 21:48:00] /addskill Demonic,level, 1
[26/04/2012 21:48:00] /addskill Demonic,level, 1
[26/04/2012 21:48:00] /addskill Demonic,level, 1
[26/04/2012 21:48:00] /addskill Demonic,level, 1
[26/04/2012 21:48:00] /addskill Demonic,level, 1
[26/04/2012 21:48:00] /addskill Demonic,level, 1
[26/04/2012 21:48:00] /addskill Demonic,level, 1
[26/04/2012 21:48:00] /addskill Demonic,level, 1
[26/04/2012 21:48:00] /addskill Demonic,level, 1
[26/04/2012 21:48:00] /addskill Demonic,level, 1
[26/04/2012 21:48:00] /addskill Demonic,level, 1
[26/04/2012 21:48:00] /addskill Demonic,level, 1
[26/04/2012 21:48:00] /addskill Demonic,level, 1
[26/04/2012 21:48:00] /addskill Demonic,level, 1
[26/04/2012 21:48:00] /addskill Demonic,level, 1
[26/04/2012 21:48:00] /addskill Demonic,level, 1
[26/04/2012 21:48:00] /addskill Demonic,level, 1
[26/04/2012 21:48:00] /addskill Demonic,level, 1
[26/04/2012 21:48:00] /addskill Demonic,level, 1
[26/04/2012 21:48:00] /addskill Demonic,level, 1
[26/04/2012 21:48:00] /addskill Demonic,level, 1
[26/04/2012 21:48:01] /addskill Demonic,level, 1
[26/04/2012 21:48:01] /addskill Demonic,level, 1
[26/04/2012 21:48:01] /addskill Demonic,level, 1
[26/04/2012 21:48:01] /addskill Demonic,level, 1
[26/04/2012 21:48:01] /addskill Demonic,level, 1
[26/04/2012 21:48:01] /addskill Demonic,level, 1
[26/04/2012 21:48:01] /addskill Demonic,level, 1
[26/04/2012 21:48:01] /addskill Demonic,level, 1
[26/04/2012 21:48:01] /addskill Demonic,level, 1
[26/04/2012 21:48:01] /addskill Demonic,level, 1
[26/04/2012 21:48:01] /addskill Demonic,level, 1
[26/04/2012 21:48:01] /addskill Demonic,level, 1
[26/04/2012 21:48:01] /addskill Demonic,level, 1
[26/04/2012 21:48:01] /addskill Demonic,level, 1
[26/04/2012 21:48:01] /addskill Demonic,level, 1
[26/04/2012 21:48:01] /addskill Demonic,level, 1
[26/04/2012 21:48:01] /addskill Demonic,level, 1
[26/04/2012 21:48:01] /addskill Demonic,level, 1
[26/04/2012 21:48:01] /addskill Demonic,level, 1
[26/04/2012 21:48:01] /addskill Demonic,level, 1
[26/04/2012 21:48:03] /addskill Demonic,level, 1
[26/04/2012 21:48:04] /addskill Demonic,level, 1
[26/04/2012 21:48:04] /addskill Demonic,level, 1
[26/04/2012 21:48:04] /addskill Demonic,level, 1
[26/04/2012 21:48:05] /addskill Demonic,level, 1
[26/04/2012 21:48:05] /addskill Demonic,level, 1
[26/04/2012 21:48:05] /addskill Demonic,level, 1
[26/04/2012 21:48:05] /addskill Demonic,level, 1
[26/04/2012 21:48:05] /addskill Demonic,level, 1
[26/04/2012 21:48:05] /addskill Demonic,level, 1
[26/04/2012 21:48:05] /addskill Demonic,level, 1
[26/04/2012 21:48:05] /addskill Demonic,level, 1
[26/04/2012 21:48:05] /addskill Demonic,level, 1
[26/04/2012 21:48:05] /addskill Demonic,level, 1
[26/04/2012 21:48:05] /addskill Demonic,level, 1
[26/04/2012 21:48:06] /addskill Demonic,level, 1
[26/04/2012 21:48:06] /addskill Demonic,level, 1
[26/04/2012 21:48:06] /addskill Demonic,level, 1
[26/04/2012 21:48:06] /addskill Demonic,level, 1
[26/04/2012 21:48:06] /addskill Demonic,level, 1
[26/04/2012 21:48:06] /addskill Demonic,level, 1
[26/04/2012 21:48:06] /addskill Demonic,level, 1
[26/04/2012 21:48:06] /addskill Demonic,level, 1
[26/04/2012 21:48:06] /addskill Demonic,level, 1
[26/04/2012 21:48:06] /addskill Demonic,level, 1
[26/04/2012 21:48:06] /addskill Demonic,level, 1
[26/04/2012 21:48:06] /addskill Demonic,level, 1
[26/04/2012 21:48:06] /addskill Demonic,level, 1
[26/04/2012 21:48:06] /addskill Demonic,level, 1
[26/04/2012 21:48:06] /addskill Demonic,level, 1
[26/04/2012 21:48:06] /addskill Demonic,level, 1
[26/04/2012 21:48:06] /addskill Demonic,level, 1
[26/04/2012 21:48:06] /addskill Demonic,level, 1
[26/04/2012 21:48:06] /addskill Demonic,level, 1
[26/04/2012 21:48:06] /addskill Demonic,level, 1
[26/04/2012 21:48:06] /addskill Demonic,level, 1
[26/04/2012 21:48:07] /addskill Demonic,level, 1
[26/04/2012 21:48:07] /addskill Demonic,level, 1
[26/04/2012 21:48:07] /addskill Demonic,level, 1
[26/04/2012 21:48:07] /addskill Demonic,level, 1
[26/04/2012 21:48:07] /addskill Demonic,level, 1
[26/04/2012 21:48:07] /addskill Demonic,level, 1
[26/04/2012 21:48:07] /addskill Demonic,level, 1
[26/04/2012 21:48:07] /addskill Demonic,level, 1
[26/04/2012 21:48:07] /addskill Demonic,level, 1
[26/04/2012 21:48:07] /addskill Demonic,level, 1
[26/04/2012 21:48:07] /addskill Demonic,level, 1
[26/04/2012 21:48:07] /addskill Demonic,level, 1
[26/04/2012 21:48:07] /addskill Demonic,level, 1
[26/04/2012 21:48:07] /addskill Demonic,level, 1
[26/04/2012 21:48:07] /addskill Demonic,level, 1
[26/04/2012 21:48:07] /addskill Demonic,level, 1
[26/04/2012 21:48:07] /addskill Demonic,level, 1
[26/04/2012 21:48:07] /addskill Demonic,level, 1
[26/04/2012 21:48:07] /addskill Demonic,level, 1
[26/04/2012 21:48:07] /addskill Demonic,level, 1
[26/04/2012 21:48:07] /addskill Demonic,level, 1
[26/04/2012 21:48:08] /addskill Demonic,level, 1
[26/04/2012 21:48:08] /addskill Demonic,level, 1
[26/04/2012 21:48:08] /addskill Demonic,level, 1
[26/04/2012 21:48:08] /addskill Demonic,level, 1
[26/04/2012 21:48:08] /addskill Demonic,level, 1
[26/04/2012 21:48:08] /addskill Demonic,level, 1
[26/04/2012 21:48:08] /addskill Demonic,level, 1
[26/04/2012 21:48:08] /addskill Demonic,level, 1
[26/04/2012 21:48:08] /addskill Demonic,level, 1
[26/04/2012 21:48:08] /addskill Demonic,level, 1
[26/04/2012 21:48:08] /addskill Demonic,level, 1
[26/04/2012 21:48:08] /addskill Demonic,level, 1
[26/04/2012 21:48:08] /addskill Demonic,level, 1
[26/04/2012 21:48:08] /addskill Demonic,level, 1
[26/04/2012 21:48:08] /addskill Demonic,level, 1
[26/04/2012 21:48:08] /addskill Demonic,level, 1
[26/04/2012 21:48:08] /addskill Demonic,level, 1
[26/04/2012 21:48:08] /addskill Demonic,level, 1
[26/04/2012 21:48:08] /addskill Demonic,level, 1
[26/04/2012 21:48:08] /addskill Demonic,level, 1
[26/04/2012 21:48:09] /addskill Demonic,level, 1
[26/04/2012 21:48:09] /addskill Demonic,level, 1
[26/04/2012 21:48:09] /addskill Demonic,level, 1
[26/04/2012 21:48:09] /addskill Demonic,level, 1
[26/04/2012 21:48:09] /addskill Demonic,level, 1
[26/04/2012 21:48:09] /addskill Demonic,level, 1
[26/04/2012 21:48:09] /addskill Demonic,level, 1
[26/04/2012 21:48:09] /addskill Demonic,level, 1
[26/04/2012 21:48:09] /addskill Demonic,level, 1
[26/04/2012 21:48:09] /addskill Demonic,level, 1
[26/04/2012 21:48:09] /addskill Demonic,level, 1
[26/04/2012 21:48:09] /addskill Demonic,level, 1
[26/04/2012 21:48:09] /addskill Demonic,level, 1
[26/04/2012 21:48:09] /addskill Demonic,level, 1
[26/04/2012 21:48:09] /addskill Demonic,level, 1
[26/04/2012 21:48:09] /addskill Demonic,level, 1
[26/04/2012 21:48:09] /addskill Demonic,level, 1
[26/04/2012 21:48:09] /addskill Demonic,level, 1
[26/04/2012 21:48:09] /addskill Demonic,level, 1
[26/04/2012 21:48:09] /addskill Demonic,level, 1
[26/04/2012 21:48:09] /addskill Demonic,level, 1
[26/04/2012 21:48:10] /addskill Demonic,level, 1
[26/04/2012 21:48:10] /addskill Demonic,level, 1
[26/04/2012 21:48:10] /addskill Demonic,level, 1
[26/04/2012 21:48:10] /addskill Demonic,level, 1
[26/04/2012 21:48:10] /addskill Demonic,level, 1
[26/04/2012 21:48:10] /addskill Demonic,level, 1
[26/04/2012 21:48:10] /addskill Demonic,level, 1
[26/04/2012 21:48:10] /addskill Demonic,level, 1
[26/04/2012 21:48:10] /addskill Demonic,level, 1
[26/04/2012 21:48:10] /addskill Demonic,level, 1
[26/04/2012 21:48:10] /addskill Demonic,level, 1
[26/04/2012 21:48:10] /addskill Demonic,level, 1
[26/04/2012 21:48:10] /addskill Demonic,level, 1
[26/04/2012 21:48:10] /addskill Demonic,level, 1
[26/04/2012 21:48:10] /addskill Demonic,level, 1
[26/04/2012 21:48:10] /addskill Demonic,level, 1
[26/04/2012 21:48:10] /addskill Demonic,level, 1
[26/04/2012 21:48:10] /addskill Demonic,level, 1
[26/04/2012 21:48:10] /addskill Demonic,level, 1
[26/04/2012 21:48:10] /addskill Demonic,level, 1
[26/04/2012 21:48:10] /addskill Demonic,level, 1
[26/04/2012 21:48:10] /addskill Demonic,level, 1
[26/04/2012 21:48:11] /addskill Demonic,level, 1
[26/04/2012 21:48:11] /addskill Demonic,level, 1
[26/04/2012 21:48:11] /addskill Demonic,level, 1
[26/04/2012 21:48:11] /addskill Demonic,level, 1
[26/04/2012 21:48:11] /addskill Demonic,level, 1
[26/04/2012 21:48:11] /addskill Demonic,level, 1
[26/04/2012 21:48:11] /addskill Demonic,level, 1
[26/04/2012 21:48:11] /addskill Demonic,level, 1
[26/04/2012 21:48:11] /addskill Demonic,level, 1
[26/04/2012 21:48:11] /addskill Demonic,level, 1
[26/04/2012 21:48:11] /addskill Demonic,level, 1
[26/04/2012 21:48:11] /addskill Demonic,level, 1
[26/04/2012 21:48:11] /addskill Demonic,level, 1
[26/04/2012 21:48:11] /addskill Demonic,level, 1
[26/04/2012 21:48:11] /addskill Demonic,level, 1
[26/04/2012 21:48:11] /addskill Demonic,level, 1
[26/04/2012 21:48:11] /addskill Demonic,level, 1
[26/04/2012 21:48:11] /addskill Demonic,level, 1
[26/04/2012 21:48:11] /addskill Demonic,level, 1
[26/04/2012 21:48:11] /addskill Demonic,level, 1
[26/04/2012 21:48:11] /addskill Demonic,level, 1
[26/04/2012 21:48:12] /addskill Demonic,level, 1
[26/04/2012 21:48:12] /addskill Demonic,level, 1
[26/04/2012 21:48:12] /addskill Demonic,level, 1
[26/04/2012 21:48:12] /addskill Demonic,level, 1
[26/04/2012 21:48:12] /addskill Demonic,level, 1
[26/04/2012 21:48:12] /addskill Demonic,level, 1
[26/04/2012 21:48:12] /addskill Demonic,level, 1
[26/04/2012 21:48:12] /addskill Demonic,level, 1
[26/04/2012 21:48:12] /addskill Demonic,level, 1
[26/04/2012 21:48:12] /addskill Demonic,level, 1
[26/04/2012 21:48:12] /addskill Demonic,level, 1
[26/04/2012 21:48:12] /addskill Demonic,level, 1
[26/04/2012 21:48:12] /addskill Demonic,level, 1
[26/04/2012 21:48:12] /addskill Demonic,level, 1
[26/04/2012 21:48:12] /addskill Demonic,level, 1
[26/04/2012 21:48:12] /addskill Demonic,level, 1
[26/04/2012 21:48:12] /addskill Demonic,level, 1
[26/04/2012 21:48:12] /addskill Demonic,level, 1
[26/04/2012 21:48:12] /addskill Demonic,level, 1
[26/04/2012 21:48:12] /addskill Demonic,level, 1
[26/04/2012 21:48:13] /addskill Demonic,level, 1
[26/04/2012 21:48:13] /addskill Demonic,level, 1
[26/04/2012 21:48:13] /addskill Demonic,level, 1
[26/04/2012 21:48:13] /addskill Demonic,level, 1
[26/04/2012 21:48:13] /addskill Demonic,level, 1
[26/04/2012 21:48:13] /addskill Demonic,level, 1
[26/04/2012 21:48:13] /addskill Demonic,level, 1
[26/04/2012 21:48:13] /addskill Demonic,level, 1
[26/04/2012 21:48:13] /addskill Demonic,level, 1
[26/04/2012 21:48:13] /addskill Demonic,level, 1
[26/04/2012 21:48:13] /addskill Demonic,level, 1
[26/04/2012 21:48:13] /addskill Demonic,level, 1
[26/04/2012 21:48:13] /addskill Demonic,level, 1
[26/04/2012 21:48:13] /addskill Demonic,level, 1
[26/04/2012 21:48:13] /addskill Demonic,level, 1
[26/04/2012 21:48:13] /addskill Demonic,level, 1
[26/04/2012 21:48:13] /addskill Demonic,level, 1
[26/04/2012 21:48:13] /addskill Demonic,level, 1
[26/04/2012 21:48:13] /addskill Demonic,level, 1
[26/04/2012 21:48:13] /addskill Demonic,level, 1
[26/04/2012 21:48:13] /addskill Demonic,level, 1
[26/04/2012 21:48:14] /addskill Demonic,level, 1
[26/04/2012 21:48:14] /addskill Demonic,level, 1
[26/04/2012 21:48:14] /addskill Demonic,level, 1
[26/04/2012 21:48:14] /addskill Demonic,level, 1
[26/04/2012 21:48:14] /addskill Demonic,level, 1
[26/04/2012 21:48:14] /addskill Demonic,level, 1
[26/04/2012 21:48:14] /addskill Demonic,level, 1
[26/04/2012 21:48:14] /addskill Demonic,level, 1
[26/04/2012 21:48:14] /addskill Demonic,level, 1
[26/04/2012 21:48:14] /addskill Demonic,level, 1
[26/04/2012 21:48:14] /addskill Demonic,level, 1
[26/04/2012 21:48:14] /addskill Demonic,level, 1
[26/04/2012 21:48:14] /addskill Demonic,level, 1
[26/04/2012 21:48:14] /addskill Demonic,level, 1
[26/04/2012 21:48:14] /addskill Demonic,level, 1
[26/04/2012 21:48:14] /addskill Demonic,level, 1
[26/04/2012 21:48:14] /addskill Demonic,level, 1
[26/04/2012 21:48:14] /addskill Demonic,level, 1
[26/04/2012 21:48:14] /addskill Demonic,level, 1
[26/04/2012 21:48:14] /addskill Demonic,level, 1
[26/04/2012 21:48:15] /addskill Demonic,level, 1
[26/04/2012 21:48:15] /addskill Demonic,level, 1
[26/04/2012 21:48:15] /addskill Demonic,level, 1
[26/04/2012 21:48:15] /addskill Demonic,level, 1
[26/04/2012 21:48:15] /addskill Demonic,level, 1
[26/04/2012 21:48:15] /addskill Demonic,level, 1
[26/04/2012 21:48:15] /addskill Demonic,level, 1
[26/04/2012 21:48:15] /addskill Demonic,level, 1
[26/04/2012 21:48:15] /addskill Demonic,level, 1
[26/04/2012 21:48:15] /addskill Demonic,level, 1
[26/04/2012 21:48:15] /addskill Demonic,level, 1
[26/04/2012 21:48:15] /addskill Demonic,level, 1
[26/04/2012 21:48:15] /addskill Demonic,level, 1
[26/04/2012 21:48:15] /addskill Demonic,level, 1
[26/04/2012 21:48:15] /addskill Demonic,level, 1
[26/04/2012 21:48:15] /addskill Demonic,level, 1
[26/04/2012 21:48:15] /addskill Demonic,level, 1
[26/04/2012 21:48:15] /addskill Demonic,level, 1
[26/04/2012 21:48:15] /addskill Demonic,level, 1
[26/04/2012 21:48:15] /addskill Demonic,level, 1
[26/04/2012 21:48:15] /addskill Demonic,level, 1
[26/04/2012 21:48:16] /addskill Demonic,level, 1
[26/04/2012 21:48:16] /addskill Demonic,level, 1
[26/04/2012 21:48:16] /addskill Demonic,level, 1
[26/04/2012 21:48:16] /addskill Demonic,level, 1
[26/04/2012 21:48:16] /addskill Demonic,level, 1
[26/04/2012 21:48:16] /addskill Demonic,level, 1
[26/04/2012 21:48:16] /addskill Demonic,level, 1
[26/04/2012 21:48:16] /addskill Demonic,level, 1
[26/04/2012 21:48:16] /addskill Demonic,level, 1
[26/04/2012 21:48:16] /addskill Demonic,level, 1
[26/04/2012 21:48:16] /addskill Demonic,level, 1
[26/04/2012 21:48:16] /addskill Demonic,level, 1
[26/04/2012 21:48:16] /addskill Demonic,level, 1
[26/04/2012 21:48:16] /addskill Demonic,level, 1
[26/04/2012 21:48:16] /addskill Demonic,level, 1
[26/04/2012 21:48:16] /addskill Demonic,level, 1
[26/04/2012 21:48:16] /addskill Demonic,level, 1
[26/04/2012 21:48:16] /addskill Demonic,level, 1
[26/04/2012 21:48:16] /addskill Demonic,level, 1
[26/04/2012 21:48:16] /addskill Demonic,level, 1
[26/04/2012 21:48:17] /addskill Demonic,level, 1
[26/04/2012 21:48:17] /addskill Demonic,level, 1
[26/04/2012 21:48:17] /addskill Demonic,level, 1
[26/04/2012 21:48:17] /addskill Demonic,level, 1
[26/04/2012 21:48:17] /addskill Demonic,level, 1
[26/04/2012 21:48:17] /addskill Demonic,level, 1
[26/04/2012 21:48:17] /addskill Demonic,level, 1
[26/04/2012 21:48:17] /addskill Demonic,level, 1
[26/04/2012 21:48:17] /addskill Demonic,level, 1
[26/04/2012 21:48:17] /addskill Demonic,level, 1
[26/04/2012 21:48:17] /addskill Demonic,level, 1
[26/04/2012 21:48:17] /addskill Demonic,level, 1
[26/04/2012 21:48:17] /addskill Demonic,level, 1
[26/04/2012 21:48:17] /addskill Demonic,level, 1
[26/04/2012 21:48:17] /addskill Demonic,level, 1
[26/04/2012 21:48:17] /addskill Demonic,level, 1
[26/04/2012 21:48:17] /addskill Demonic,level, 1
[26/04/2012 21:48:17] /addskill Demonic,level, 1
[26/04/2012 21:48:17] /addskill Demonic,level, 1
[26/04/2012 21:48:17] /addskill Demonic,level, 1
[26/04/2012 21:48:17] /addskill Demonic,level, 1
[26/04/2012 21:48:18] /addskill Demonic,level, 1
[26/04/2012 21:48:18] /addskill Demonic,level, 1
[26/04/2012 21:48:18] /addskill Demonic,level, 1
[26/04/2012 21:48:18] /addskill Demonic,level, 1
[26/04/2012 21:48:18] /addskill Demonic,level, 1
[26/04/2012 21:48:18] /addskill Demonic,level, 1
[26/04/2012 21:48:18] /addskill Demonic,level, 1
[26/04/2012 21:48:18] /addskill Demonic,level, 1
[26/04/2012 21:48:18] /addskill Demonic,level, 1
[26/04/2012 21:48:18] /addskill Demonic,level, 1
[26/04/2012 21:48:18] /addskill Demonic,level, 1
[26/04/2012 21:48:18] /addskill Demonic,level, 1
[26/04/2012 21:48:18] /addskill Demonic,level, 1
[26/04/2012 21:48:18] /addskill Demonic,level, 1
[26/04/2012 21:48:18] /addskill Demonic,level, 1
[26/04/2012 21:48:18] /addskill Demonic,level, 1
[26/04/2012 21:48:18] /addskill Demonic,level, 1
[26/04/2012 21:48:18] /addskill Demonic,level, 1
[26/04/2012 21:48:18] /addskill Demonic,level, 1
[26/04/2012 21:48:18] /addskill Demonic,level, 1
[26/04/2012 21:48:18] /addskill Demonic,level, 1
[26/04/2012 21:48:19] /addskill Demonic,level, 1
[26/04/2012 21:48:19] /addskill Demonic,level, 1
[26/04/2012 21:48:19] /addskill Demonic,level, 1
[26/04/2012 21:48:19] /addskill Demonic,level, 1
[26/04/2012 21:48:19] /addskill Demonic,level, 1
[26/04/2012 21:48:19] /addskill Demonic,level, 1
[26/04/2012 21:48:19] /addskill Demonic,level, 1
[26/04/2012 21:48:19] /addskill Demonic,level, 1
[26/04/2012 21:48:19] /addskill Demonic,level, 1
[26/04/2012 21:48:19] /addskill Demonic,level, 1
[26/04/2012 21:48:19] /addskill Demonic,level, 1
[26/04/2012 21:48:19] /addskill Demonic,level, 1
[26/04/2012 21:48:19] /addskill Demonic,level, 1
[26/04/2012 21:48:19] /addskill Demonic,level, 1
[26/04/2012 21:48:19] /addskill Demonic,level, 1
[26/04/2012 21:48:19] /addskill Demonic,level, 1
[26/04/2012 21:48:19] /addskill Demonic,level, 1
[26/04/2012 21:48:19] /addskill Demonic,level, 1
[26/04/2012 21:48:20] /addskill Demonic,level, 1
[26/04/2012 21:48:20] /addskill Demonic,level, 1
[26/04/2012 21:48:20] /addskill Demonic,level, 1
[26/04/2012 21:48:20] /addskill Demonic,level, 1
[26/04/2012 21:48:20] /addskill Demonic,level, 1
[26/04/2012 21:48:20] /addskill Demonic,level, 1
[26/04/2012 21:48:20] /addskill Demonic,level, 1
[26/04/2012 21:48:20] /addskill Demonic,level, 1
[26/04/2012 21:48:20] /addskill Demonic,level, 1
[26/04/2012 21:48:20] /addskill Demonic,level, 1
[26/04/2012 21:48:20] /addskill Demonic,level, 1
[26/04/2012 21:48:20] /addskill Demonic,level, 1
[26/04/2012 21:48:20] /addskill Demonic,level, 1
[26/04/2012 21:48:20] /addskill Demonic,level, 1
[26/04/2012 21:48:20] /addskill Demonic,level, 1
[26/04/2012 21:48:20] /addskill Demonic,level, 1
[26/04/2012 21:48:20] /addskill Demonic,level, 1
[26/04/2012 21:48:20] /addskill Demonic,level, 1
[26/04/2012 21:48:20] /addskill Demonic,level, 1
[26/04/2012 21:48:20] /addskill Demonic,level, 1
[26/04/2012 21:48:20] /addskill Demonic,level, 1
[26/04/2012 21:48:20] /addskill Demonic,level, 1
[26/04/2012 21:48:21] /addskill Demonic,level, 1
[26/04/2012 21:48:21] /addskill Demonic,level, 1
[26/04/2012 21:48:21] /addskill Demonic,level, 1
[26/04/2012 21:48:21] /addskill Demonic,level, 1
[26/04/2012 21:48:21] /addskill Demonic,level, 1
[26/04/2012 21:48:21] /addskill Demonic,level, 1
[26/04/2012 21:48:21] /addskill Demonic,level, 1
[26/04/2012 21:48:21] /addskill Demonic,level, 1
[26/04/2012 21:48:21] /addskill Demonic,level, 1
[26/04/2012 21:48:21] /addskill Demonic,level, 1
[26/04/2012 21:48:21] /addskill Demonic,level, 1
[26/04/2012 21:48:21] /addskill Demonic,level, 1
[26/04/2012 21:48:21] /addskill Demonic,level, 1
[26/04/2012 21:48:21] /addskill Demonic,level, 1
[26/04/2012 21:48:21] /addskill Demonic,level, 1
[26/04/2012 21:48:21] /addskill Demonic,level, 1
[26/04/2012 21:48:21] /addskill Demonic,level, 1
[26/04/2012 21:48:21] /addskill Demonic,level, 1
[26/04/2012 21:48:21] /addskill Demonic,level, 1
[26/04/2012 21:48:21] /addskill Demonic,level, 1
[26/04/2012 21:48:21] /addskill Demonic,level, 1
[26/04/2012 21:48:21] /addskill Demonic,level, 1
[26/04/2012 21:48:22] /addskill Demonic,level, 1
[26/04/2012 21:48:22] /addskill Demonic,level, 1
[26/04/2012 21:48:22] /addskill Demonic,level, 1
[26/04/2012 21:48:22] /addskill Demonic,level, 1
[26/04/2012 21:48:22] /addskill Demonic,level, 1
[26/04/2012 21:48:22] /addskill Demonic,level, 1
[26/04/2012 21:48:22] /addskill Demonic,level, 1
[26/04/2012 21:48:22] /addskill Demonic,level, 1
[26/04/2012 21:48:22] /addskill Demonic,level, 1
[26/04/2012 21:48:22] /addskill Demonic,level, 1
[26/04/2012 21:48:22] /addskill Demonic,level, 1
[26/04/2012 21:48:22] /addskill Demonic,level, 1
[26/04/2012 21:48:22] /addskill Demonic,level, 1
[26/04/2012 21:48:22] /addskill Demonic,level, 1
[26/04/2012 21:48:22] /addskill Demonic,level, 1
[26/04/2012 21:48:22] /addskill Demonic,level, 1
[26/04/2012 21:48:22] /addskill Demonic,level, 1
[26/04/2012 21:48:22] /addskill Demonic,level, 1
[26/04/2012 21:48:22] /addskill Demonic,level, 1
[26/04/2012 21:48:22] /addskill Demonic,level, 1
[26/04/2012 21:48:22] /addskill Demonic,level, 1
[26/04/2012 21:48:23] /addskill Demonic,level, 1
[26/04/2012 21:48:23] /addskill Demonic,level, 1
[26/04/2012 21:48:23] /addskill Demonic,level, 1
[26/04/2012 21:48:23] /addskill Demonic,level, 1
[26/04/2012 21:48:23] /addskill Demonic,level, 1
[26/04/2012 21:48:23] /addskill Demonic,level, 1
[26/04/2012 21:48:23] /addskill Demonic,level, 1
[26/04/2012 21:48:23] /addskill Demonic,level, 1
[26/04/2012 21:48:23] /addskill Demonic,level, 1
[26/04/2012 21:48:23] /addskill Demonic,level, 1
[26/04/2012 21:48:23] /addskill Demonic,level, 1
[26/04/2012 21:48:23] /addskill Demonic,level, 1
[26/04/2012 21:48:23] /addskill Demonic,level, 1
[26/04/2012 21:48:23] /addskill Demonic,level, 1
[26/04/2012 21:48:23] /addskill Demonic,level, 1
[26/04/2012 21:48:23] /addskill Demonic,level, 1
[26/04/2012 21:48:23] /addskill Demonic,level, 1
[26/04/2012 21:48:23] /addskill Demonic,level, 1
[26/04/2012 21:48:23] /addskill Demonic,level, 1
[26/04/2012 21:48:23] /addskill Demonic,level, 1
[26/04/2012 21:48:24] /addskill Demonic,level, 1
[26/04/2012 21:48:24] /addskill Demonic,level, 1
[26/04/2012 21:48:24] /addskill Demonic,level, 1
[26/04/2012 21:48:24] /addskill Demonic,level, 1
[26/04/2012 21:48:24] /addskill Demonic,level, 1
[26/04/2012 21:48:24] /addskill Demonic,level, 1
[26/04/2012 21:48:24] /addskill Demonic,level, 1
[26/04/2012 21:48:24] /addskill Demonic,level, 1
[26/04/2012 21:48:24] /addskill Demonic,level, 1
[26/04/2012 21:48:24] /addskill Demonic,level, 1
[26/04/2012 21:48:24] /addskill Demonic,level, 1
[26/04/2012 21:48:24] /addskill Demonic,level, 1
[26/04/2012 21:48:24] /addskill Demonic,level, 1
[26/04/2012 21:48:24] /addskill Demonic,level, 1
[26/04/2012 21:48:24] /addskill Demonic,level, 1
[26/04/2012 21:48:24] /addskill Demonic,level, 1
[26/04/2012 21:48:24] /addskill Demonic,level, 1
[26/04/2012 21:48:24] /addskill Demonic,level, 1
[26/04/2012 21:48:24] /addskill Demonic,level, 1
[26/04/2012 21:48:24] /addskill Demonic,level, 1
[26/04/2012 21:48:24] /addskill Demonic,level, 1
[26/04/2012 21:48:24] /addskill Demonic,level, 1
[26/04/2012 21:48:25] /addskill Demonic,level, 1
[26/04/2012 21:48:25] /addskill Demonic,level, 1
[26/04/2012 21:48:25] /addskill Demonic,level, 1
[26/04/2012 21:48:25] /addskill Demonic,level, 1
[26/04/2012 21:48:25] /addskill Demonic,level, 1
[26/04/2012 21:48:25] /addskill Demonic,level, 1
[26/04/2012 21:48:25] /addskill Demonic,level, 1
[26/04/2012 21:48:25] /addskill Demonic,level, 1
[26/04/2012 21:48:25] /addskill Demonic,level, 1
[26/04/2012 21:48:25] /addskill Demonic,level, 1
[26/04/2012 21:48:25] /addskill Demonic,level, 1
[26/04/2012 21:48:25] /addskill Demonic,level, 1
[26/04/2012 21:48:25] /addskill Demonic,level, 1
[26/04/2012 21:48:25] /addskill Demonic,level, 1
[26/04/2012 21:48:25] /addskill Demonic,level, 1
[26/04/2012 21:48:25] /addskill Demonic,level, 1
[26/04/2012 21:48:25] /addskill Demonic,level, 1
[26/04/2012 21:48:25] /addskill Demonic,level, 1
[26/04/2012 21:48:25] /addskill Demonic,level, 1
[26/04/2012 21:48:25] /addskill Demonic,level, 1
[26/04/2012 21:48:25] /addskill Demonic,level, 1
[26/04/2012 21:48:26] /addskill Demonic,level, 1
[26/04/2012 21:48:26] /addskill Demonic,level, 1
[26/04/2012 21:48:26] /addskill Demonic,level, 1
[26/04/2012 21:48:26] /addskill Demonic,level, 1
[26/04/2012 21:48:26] /addskill Demonic,level, 1
[26/04/2012 21:48:26] /addskill Demonic,level, 1
[26/04/2012 21:48:26] /addskill Demonic,level, 1
[26/04/2012 21:48:26] /addskill Demonic,level, 1
[26/04/2012 21:48:26] /addskill Demonic,level, 1
[26/04/2012 21:48:26] /addskill Demonic,level, 1
[26/04/2012 21:48:26] /addskill Demonic,level, 1
[26/04/2012 21:48:26] /addskill Demonic,level, 1
[26/04/2012 21:48:26] /addskill Demonic,level, 1
[26/04/2012 21:48:26] /addskill Demonic,level, 1
[26/04/2012 21:48:26] /addskill Demonic,level, 1
[26/04/2012 21:48:27] /addskill Demonic,level, 1
[26/04/2012 21:48:27] /addskill Demonic,level, 1
[26/04/2012 21:48:27] /addskill Demonic,level, 1
[26/04/2012 21:48:27] /addskill Demonic,level, 1
[26/04/2012 21:48:28] /addskill Demonic,level, 1
[26/04/2012 21:48:28] /addskill Demonic,level, 1
[26/04/2012 21:48:29] /addskill Demonic,level, 1
[26/04/2012 21:48:45] /addskill ONI ONI,level, 1
[26/04/2012 21:48:46] /addskill ONI ONI,level, 1
[26/04/2012 21:48:46] /addskill ONI ONI,level, 1
[26/04/2012 21:48:46] /addskill ONI ONI,level, 1
[26/04/2012 21:48:46] /addskill ONI ONI,level, 1
[26/04/2012 21:48:46] /addskill ONI ONI,level, 1
[26/04/2012 21:48:46] /addskill ONI ONI,level, 1
[26/04/2012 21:48:46] /addskill ONI ONI,level, 1
[26/04/2012 21:48:46] /addskill ONI ONI,level, 1
[26/04/2012 21:48:46] /addskill ONI ONI,level, 1
[26/04/2012 21:48:46] /addskill ONI ONI,level, 1
[26/04/2012 21:48:46] /addskill ONI ONI,level, 1
[26/04/2012 21:48:46] /addskill ONI ONI,level, 1
[26/04/2012 21:48:46] /addskill ONI ONI,level, 1
[26/04/2012 21:48:46] /addskill ONI ONI,level, 1
[26/04/2012 21:48:46] /addskill ONI ONI,level, 1
[26/04/2012 21:48:46] /addskill ONI ONI,level, 1
[26/04/2012 21:48:46] /addskill ONI ONI,level, 1
[26/04/2012 21:48:46] /addskill ONI ONI,level, 1
[26/04/2012 21:48:46] /addskill ONI ONI,level, 1
[26/04/2012 21:48:47] /addskill ONI ONI,level, 1
[26/04/2012 21:48:47] /addskill ONI ONI,level, 1
[26/04/2012 21:48:47] /addskill ONI ONI,level, 1
[26/04/2012 21:48:47] /addskill ONI ONI,level, 1
[26/04/2012 21:48:47] /addskill ONI ONI,level, 1
[26/04/2012 21:48:47] /addskill ONI ONI,level, 1
[26/04/2012 21:48:47] /addskill ONI ONI,level, 1
[26/04/2012 21:48:47] /addskill ONI ONI,level, 1
[26/04/2012 21:48:47] /addskill ONI ONI,level, 1
[26/04/2012 21:48:47] /addskill ONI ONI,level, 1
[26/04/2012 21:48:47] /addskill ONI ONI,level, 1
[26/04/2012 21:48:47] /addskill ONI ONI,level, 1
[26/04/2012 21:48:47] /addskill ONI ONI,level, 1
[26/04/2012 21:48:47] /addskill ONI ONI,level, 1
[26/04/2012 21:48:47] /addskill ONI ONI,level, 1
[26/04/2012 21:48:47] /addskill ONI ONI,level, 1
[26/04/2012 21:48:47] /addskill ONI ONI,level, 1
[26/04/2012 21:48:47] /addskill ONI ONI,level, 1
[26/04/2012 21:48:47] /addskill ONI ONI,level, 1
[26/04/2012 21:48:47] /addskill ONI ONI,level, 1
[26/04/2012 21:48:48] /addskill ONI ONI,level, 1
[26/04/2012 21:48:48] /addskill ONI ONI,level, 1
[26/04/2012 21:48:48] /addskill ONI ONI,level, 1
[26/04/2012 21:48:48] /addskill ONI ONI,level, 1
[26/04/2012 21:48:48] /addskill ONI ONI,level, 1
[26/04/2012 21:48:48] /addskill ONI ONI,level, 1
[26/04/2012 21:48:48] /addskill ONI ONI,level, 1
[26/04/2012 21:48:48] /addskill ONI ONI,level, 1
[26/04/2012 21:48:48] /addskill ONI ONI,level, 1
[26/04/2012 21:48:48] /addskill ONI ONI,level, 1
[26/04/2012 21:48:48] /addskill ONI ONI,level, 1
[26/04/2012 21:48:48] /addskill ONI ONI,level, 1
[26/04/2012 21:48:48] /addskill ONI ONI,level, 1
[26/04/2012 21:48:48] /addskill ONI ONI,level, 1
[26/04/2012 21:48:48] /addskill ONI ONI,level, 1
[26/04/2012 21:48:48] /addskill ONI ONI,level, 1
[26/04/2012 21:48:48] /addskill ONI ONI,level, 1
[26/04/2012 21:48:48] /addskill ONI ONI,level, 1
[26/04/2012 21:48:48] /addskill ONI ONI,level, 1
[26/04/2012 21:48:48] /addskill ONI ONI,level, 1
[26/04/2012 21:48:48] /addskill ONI ONI,level, 1
[26/04/2012 21:48:48] /addskill ONI ONI,level, 1
[26/04/2012 21:48:49] /addskill ONI ONI,level, 1
[26/04/2012 21:48:49] /addskill ONI ONI,level, 1
[26/04/2012 21:48:49] /addskill ONI ONI,level, 1
[26/04/2012 21:48:49] /addskill ONI ONI,level, 1
[26/04/2012 21:48:49] /addskill ONI ONI,level, 1
[26/04/2012 21:48:49] /addskill ONI ONI,level, 1
[26/04/2012 21:48:49] /addskill ONI ONI,level, 1
[26/04/2012 21:48:49] /addskill ONI ONI,level, 1
[26/04/2012 21:48:49] /addskill ONI ONI,level, 1
[26/04/2012 21:48:49] /addskill ONI ONI,level, 1
[26/04/2012 21:48:49] /addskill ONI ONI,level, 1
[26/04/2012 21:48:49] /addskill ONI ONI,level, 1
[26/04/2012 21:48:49] /addskill ONI ONI,level, 1
[26/04/2012 21:48:49] /addskill ONI ONI,level, 1
[26/04/2012 21:48:49] /addskill ONI ONI,level, 1
[26/04/2012 21:48:49] /addskill ONI ONI,level, 1
[26/04/2012 21:48:49] /addskill ONI ONI,level, 1
[26/04/2012 21:48:49] /addskill ONI ONI,level, 1
[26/04/2012 21:48:49] /addskill ONI ONI,level, 1
[26/04/2012 21:48:49] /addskill ONI ONI,level, 1
[26/04/2012 21:48:50] /addskill ONI ONI,level, 1
[26/04/2012 21:48:50] /addskill ONI ONI,level, 1
[26/04/2012 21:48:50] /addskill ONI ONI,level, 1
[26/04/2012 21:48:50] /addskill ONI ONI,level, 1
[26/04/2012 21:48:50] /addskill ONI ONI,level, 1
[26/04/2012 21:48:50] /addskill ONI ONI,level, 1
[26/04/2012 21:48:50] /addskill ONI ONI,level, 1
[26/04/2012 21:48:50] /addskill ONI ONI,level, 1
[26/04/2012 21:48:50] /addskill ONI ONI,level, 1
[26/04/2012 21:48:50] /addskill ONI ONI,level, 1
[26/04/2012 21:48:50] /addskill ONI ONI,level, 1
[26/04/2012 21:48:50] /addskill ONI ONI,level, 1
[26/04/2012 21:48:50] /addskill ONI ONI,level, 1
[26/04/2012 21:48:50] /addskill ONI ONI,level, 1
[26/04/2012 21:48:50] /addskill ONI ONI,level, 1
[26/04/2012 21:48:50] /addskill ONI ONI,level, 1
[26/04/2012 21:48:50] /addskill ONI ONI,level, 1
[26/04/2012 21:48:50] /addskill ONI ONI,level, 1
[26/04/2012 21:48:50] /addskill ONI ONI,level, 1
[26/04/2012 21:48:50] /addskill ONI ONI,level, 1
[26/04/2012 21:48:50] /addskill ONI ONI,level, 1
[26/04/2012 21:48:51] /addskill ONI ONI,level, 1
[26/04/2012 21:48:51] /addskill ONI ONI,level, 1
[26/04/2012 21:48:51] /addskill ONI ONI,level, 1
[26/04/2012 21:48:51] /addskill ONI ONI,level, 1
[26/04/2012 21:48:51] /addskill ONI ONI,level, 1
[26/04/2012 21:48:51] /addskill ONI ONI,level, 1
[26/04/2012 21:48:51] /addskill ONI ONI,level, 1
[26/04/2012 21:48:51] /addskill ONI ONI,level, 1
[26/04/2012 21:48:51] /addskill ONI ONI,level, 1
[26/04/2012 21:48:51] /addskill ONI ONI,level, 1
[26/04/2012 21:48:51] /addskill ONI ONI,level, 1
[26/04/2012 21:48:51] /addskill ONI ONI,level, 1
[26/04/2012 21:48:51] /addskill ONI ONI,level, 1
[26/04/2012 21:48:51] /addskill ONI ONI,level, 1
[26/04/2012 21:48:51] /addskill ONI ONI,level, 1
[26/04/2012 21:48:51] /addskill ONI ONI,level, 1
[26/04/2012 21:48:51] /addskill ONI ONI,level, 1
[26/04/2012 21:48:51] /addskill ONI ONI,level, 1
[26/04/2012 21:48:51] /addskill ONI ONI,level, 1
[26/04/2012 21:48:51] /addskill ONI ONI,level, 1
[26/04/2012 21:48:51] /addskill ONI ONI,level, 1
[26/04/2012 21:48:52] /addskill ONI ONI,level, 1
[26/04/2012 21:48:52] /addskill ONI ONI,level, 1
[26/04/2012 21:48:52] /addskill ONI ONI,level, 1
[26/04/2012 21:48:52] /addskill ONI ONI,level, 1
[26/04/2012 21:48:52] /addskill ONI ONI,level, 1
[26/04/2012 21:48:52] /addskill ONI ONI,level, 1
[26/04/2012 21:48:52] /addskill ONI ONI,level, 1
[26/04/2012 21:48:52] /addskill ONI ONI,level, 1
[26/04/2012 21:48:52] /addskill ONI ONI,level, 1
[26/04/2012 21:48:52] /addskill ONI ONI,level, 1
[26/04/2012 21:48:52] /addskill ONI ONI,level, 1
[26/04/2012 21:48:52] /addskill ONI ONI,level, 1
[26/04/2012 21:48:52] /addskill ONI ONI,level, 1
[26/04/2012 21:48:52] /addskill ONI ONI,level, 1
[26/04/2012 21:48:52] /addskill ONI ONI,level, 1
[26/04/2012 21:48:52] /addskill ONI ONI,level, 1
[26/04/2012 21:48:52] /addskill ONI ONI,level, 1
[26/04/2012 21:48:52] /addskill ONI ONI,level, 1
[26/04/2012 21:48:52] /addskill ONI ONI,level, 1
[26/04/2012 21:48:52] /addskill ONI ONI,level, 1
[26/04/2012 21:48:52] /addskill ONI ONI,level, 1
[26/04/2012 21:48:53] /addskill ONI ONI,level, 1
[26/04/2012 21:48:53] /addskill ONI ONI,level, 1
[26/04/2012 21:48:53] /addskill ONI ONI,level, 1
[26/04/2012 21:48:53] /addskill ONI ONI,level, 1
[26/04/2012 21:48:53] /addskill ONI ONI,level, 1
[26/04/2012 21:48:53] /addskill ONI ONI,level, 1
[26/04/2012 21:48:53] /addskill ONI ONI,level, 1
[26/04/2012 21:48:53] /addskill ONI ONI,level, 1
[26/04/2012 21:48:53] /addskill ONI ONI,level, 1
[26/04/2012 21:48:53] /addskill ONI ONI,level, 1
[26/04/2012 21:48:53] /addskill ONI ONI,level, 1
[26/04/2012 21:48:53] /addskill ONI ONI,level, 1
[26/04/2012 21:48:53] /addskill ONI ONI,level, 1
[26/04/2012 21:48:53] /addskill ONI ONI,level, 1
[26/04/2012 21:48:53] /addskill ONI ONI,level, 1
[26/04/2012 21:48:53] /addskill ONI ONI,level, 1
[26/04/2012 21:48:53] /addskill ONI ONI,level, 1
[26/04/2012 21:48:53] /addskill ONI ONI,level, 1
[26/04/2012 21:48:53] /addskill ONI ONI,level, 1
[26/04/2012 21:48:53] /addskill ONI ONI,level, 1
[26/04/2012 21:48:54] /addskill ONI ONI,level, 1
[26/04/2012 21:48:54] /addskill ONI ONI,level, 1
[26/04/2012 21:48:54] /addskill ONI ONI,level, 1
[26/04/2012 21:48:54] /addskill ONI ONI,level, 1
[26/04/2012 21:48:54] /addskill ONI ONI,level, 1
[26/04/2012 21:48:54] /addskill ONI ONI,level, 1
[26/04/2012 21:48:54] /addskill ONI ONI,level, 1
[26/04/2012 21:48:54] /addskill ONI ONI,level, 1
[26/04/2012 21:48:54] /addskill ONI ONI,level, 1
[26/04/2012 21:48:54] /addskill ONI ONI,level, 1
[26/04/2012 21:48:54] /addskill ONI ONI,level, 1
[26/04/2012 21:48:54] /addskill ONI ONI,level, 1
[26/04/2012 21:48:54] /addskill ONI ONI,level, 1
[26/04/2012 21:48:54] /addskill ONI ONI,level, 1
[26/04/2012 21:48:54] /addskill ONI ONI,level, 1
[26/04/2012 21:48:54] /addskill ONI ONI,level, 1
[26/04/2012 21:48:54] /addskill ONI ONI,level, 1
[26/04/2012 21:48:54] /addskill ONI ONI,level, 1
[26/04/2012 21:48:54] /addskill ONI ONI,level, 1
[26/04/2012 21:48:54] /addskill ONI ONI,level, 1
[26/04/2012 21:48:54] /addskill ONI ONI,level, 1
[26/04/2012 21:48:55] /addskill ONI ONI,level, 1
[26/04/2012 21:48:55] /addskill ONI ONI,level, 1
[26/04/2012 21:48:55] /addskill ONI ONI,level, 1
[26/04/2012 21:48:55] /addskill ONI ONI,level, 1
[26/04/2012 21:48:55] /addskill ONI ONI,level, 1
[26/04/2012 21:48:55] /addskill ONI ONI,level, 1
[26/04/2012 21:48:55] /addskill ONI ONI,level, 1
[26/04/2012 21:48:55] /addskill ONI ONI,level, 1
[26/04/2012 21:48:55] /addskill ONI ONI,level, 1
[26/04/2012 21:48:55] /addskill ONI ONI,level, 1
[26/04/2012 21:48:55] /addskill ONI ONI,level, 1
[26/04/2012 21:48:55] /addskill ONI ONI,level, 1
[26/04/2012 21:48:55] /addskill ONI ONI,level, 1
[26/04/2012 21:48:55] /addskill ONI ONI,level, 1
[26/04/2012 21:48:55] /addskill ONI ONI,level, 1
[26/04/2012 21:48:55] /addskill ONI ONI,level, 1
[26/04/2012 21:48:55] /addskill ONI ONI,level, 1
[26/04/2012 21:48:55] /addskill ONI ONI,level, 1
[26/04/2012 21:48:56] /addskill ONI ONI,level, 1
[26/04/2012 21:48:56] /addskill ONI ONI,level, 1
[26/04/2012 21:48:56] /addskill ONI ONI,level, 1
[26/04/2012 21:51:15] /a
[26/04/2012 21:51:15] /a
[26/04/2012 21:51:40] /m itcachi boss
[26/04/2012 21:51:49] /m itachi boss
[26/04/2012 21:51:56] /m itachi boss
[26/04/2012 21:51:59] /m itachi 
[26/04/2012 21:52:02] /m itachi
[26/04/2012 21:52:08] /m o nome do bicho
[26/04/2012 21:53:29] /i kunai
[26/04/2012 21:53:46] /attr attack set 999
[26/04/2012 21:53:52] /attr attack set 9999
[26/04/2012 21:54:06] /attr attack set 9999
[26/04/2012 21:54:08] /attr attack set 999999999
[26/04/2012 21:54:11] /attr attack set 99999
[26/04/2012 21:55:25] /clean
[26/04/2012 21:55:35] /i 4398
[26/04/2012 21:55:37] /i 4398
[26/04/2012 21:55:38] /i 4398
[26/04/2012 21:55:40] /i 4398
[26/04/2012 21:55:45] /i 4398
[26/04/2012 21:56:01] /i 4398
[26/04/2012 21:56:37] /i 4398
[26/04/2012 21:56:44] /i 4398
[26/04/2012 21:59:15] /a
[26/04/2012 21:59:50] /r
[26/04/2012 21:59:54] /i 4398
[26/04/2012 21:59:55] /i 4398
[26/04/2012 21:59:55] /i 4398
[26/04/2012 21:59:56] /i 4398
[26/04/2012 21:59:57] /i 4398
[26/04/2012 21:59:57] /i 4398
[26/04/2012 21:59:57] /i 4398
[26/04/2012 21:59:57] /i 4398
[26/04/2012 21:59:57] /i 4398
[26/04/2012 21:59:57] /i 4398
[26/04/2012 21:59:58] /i 4398
[26/04/2012 21:59:58] /i 4398
[26/04/2012 21:59:58] /i 4398
[26/04/2012 21:59:58] /i 4398
[26/04/2012 21:59:58] /i 4398
[26/04/2012 21:59:59] /i 4398
[26/04/2012 22:00:02] /i 4398
[26/04/2012 22:00:02] /i 4398
[26/04/2012 22:00:02] /i 4398
[26/04/2012 22:00:02] /i 4398
[26/04/2012 22:00:03] /i 4398
[26/04/2012 22:00:04] /i 4398
[26/04/2012 22:00:04] /i 4398
[26/04/2012 22:00:04] /i 4398
[26/04/2012 22:00:04] /i 4398
[26/04/2012 22:00:05] /i 4398
[26/04/2012 22:00:06] /i 4398
[26/04/2012 22:00:06] /i 4398
[26/04/2012 22:00:07] /i 4398
[26/04/2012 22:00:07] /i 4398
[26/04/2012 22:00:07] /i 4398
[26/04/2012 22:00:07] /i 4398
[26/04/2012 22:00:07] /i 4398
[26/04/2012 22:00:08] /i 4398
[26/04/2012 22:00:08] /i 4398
[26/04/2012 22:00:08] /i 4398
[26/04/2012 22:00:08] /i 4398
[26/04/2012 22:00:08] /i 4398
[26/04/2012 22:00:09] /i 4398
[26/04/2012 22:00:09] /i 4398
[26/04/2012 22:00:09] /i 4398
[26/04/2012 22:00:09] /i 4398
[26/04/2012 22:00:09] /i 4398
[26/04/2012 22:00:10] /i 4398
[26/04/2012 22:00:10] /i 4398
[26/04/2012 22:00:12] /i 4398
[26/04/2012 22:00:12] /i 4398
[26/04/2012 22:00:12] /i 4398
[26/04/2012 22:00:12] /i 4398
[26/04/2012 22:00:13] /i 4398
[26/04/2012 22:00:13] /i 4398
[26/04/2012 22:00:13] /i 4398
[26/04/2012 22:00:13] /i 4398
[26/04/2012 22:00:14] /i 4398
[26/04/2012 22:00:14] /i 4398
[26/04/2012 22:00:16] /i 4398
[26/04/2012 22:00:17] /i 4398
[26/04/2012 22:00:17] /i 4398
[26/04/2012 22:00:19] /a
[26/04/2012 22:00:20] /i 4398
[26/04/2012 22:00:21] /i 4398
[26/04/2012 22:00:21] /i 4398
[26/04/2012 22:00:22] /i 4398
[26/04/2012 22:00:22] /i 4398
[26/04/2012 22:00:22] /i 4398
[26/04/2012 22:00:22] /i 4398
[26/04/2012 22:00:27] /c oni oni
[26/04/2012 22:00:28] /i 4398
[26/04/2012 22:00:28] /i 4398
[26/04/2012 22:00:29] /i 4398
[26/04/2012 22:00:29] /i 4398
[26/04/2012 22:00:29] /i 4398
[26/04/2012 22:00:30] /i 4398
[26/04/2012 22:00:30] /i 4398
[26/04/2012 22:00:30] /i 4398
[26/04/2012 22:00:30] /i 4398
[26/04/2012 22:00:30] /i 4398
[26/04/2012 22:00:31] /i 4398
[26/04/2012 22:00:31] /i 4398
[26/04/2012 22:08:13] /b GABIIIIIIIIIIIIII <33333333333333333333333333333333333333333333333333333333333333 '
[26/04/2012 22:12:55] /clean
[26/04/2012 22:12:57] /clean
[26/04/2012 22:15:25] /up
[26/04/2012 22:15:47] /down
[26/04/2012 22:15:55] /up
[26/04/2012 22:15:56] /up
[26/04/2012 22:15:59] /down
[26/04/2012 22:16:01] /a 2
[26/04/2012 22:16:05] /a 5
[26/04/2012 22:16:07] /a 5
[26/04/2012 22:16:08] /a 5
[26/04/2012 22:16:24] /a
[26/04/2012 22:16:25] /a
[26/04/2012 22:16:51] /t
[26/04/2012 22:16:59] /down
[26/04/2012 22:17:22] /a
[26/04/2012 22:17:23] /a
[26/04/2012 22:18:01] /addskill Killer Bee,level,1
[26/04/2012 22:18:08] /addskill Killer Bee,level,1
[26/04/2012 22:18:13] /addskill Killer Bee,level,1
[26/04/2012 22:18:13] /addskill Killer Bee,level,1
[26/04/2012 22:18:13] /addskill Killer Bee,level,1
[26/04/2012 22:18:13] /addskill Killer Bee,level,1
[26/04/2012 22:18:13] /addskill Killer Bee,level,1
[26/04/2012 22:18:13] /addskill Killer Bee,level,1
[26/04/2012 22:18:13] /addskill Killer Bee,level,1
[26/04/2012 22:18:13] /addskill Killer Bee,level,1
[26/04/2012 22:18:13] /addskill Killer Bee,level,1
[26/04/2012 22:18:13] /addskill Killer Bee,level,1
[26/04/2012 22:18:13] /addskill Killer Bee,level,1
[26/04/2012 22:18:13] /addskill Killer Bee,level,1
[26/04/2012 22:18:13] /addskill Killer Bee,level,1
[26/04/2012 22:18:13] /addskill Killer Bee,level,1
[26/04/2012 22:18:13] /addskill Killer Bee,level,1
[26/04/2012 22:18:13] /addskill Killer Bee,level,1
[26/04/2012 22:18:13] /addskill Killer Bee,level,1
[26/04/2012 22:18:13] /addskill Killer Bee,level,1
[26/04/2012 22:18:13] /addskill Killer Bee,level,1
[26/04/2012 22:18:15] /addskill Killer Bee,level,1
[26/04/2012 22:18:16] /addskill Killer Bee,level,1
[26/04/2012 22:18:16] /addskill Killer Bee,level,1
[26/04/2012 22:18:16] /addskill Killer Bee,level,1
[26/04/2012 22:18:16] /addskill Killer Bee,level,1
[26/04/2012 22:18:16] /addskill Killer Bee,level,1
[26/04/2012 22:18:16] /addskill Killer Bee,level,1
[26/04/2012 22:18:16] /addskill Killer Bee,level,1
[26/04/2012 22:18:16] /addskill Killer Bee,level,1
[26/04/2012 22:18:16] /addskill Killer Bee,level,1
[26/04/2012 22:18:16] /addskill Killer Bee,level,1
[26/04/2012 22:18:16] /addskill Killer Bee,level,1
[26/04/2012 22:18:17] /addskill Killer Bee,level,1
[26/04/2012 22:18:17] /addskill Killer Bee,level,1
[26/04/2012 22:18:17] /addskill Killer Bee,level,1
[26/04/2012 22:18:17] /addskill Killer Bee,level,1
[26/04/2012 22:18:17] /addskill Killer Bee,level,1
[26/04/2012 22:18:17] /addskill Killer Bee,level,1
[26/04/2012 22:18:17] /addskill Killer Bee,level,1
[26/04/2012 22:18:17] /addskill Killer Bee,level,1
[26/04/2012 22:18:17] /addskill Killer Bee,level,1
[26/04/2012 22:18:17] /addskill Killer Bee,level,1
[26/04/2012 22:18:17] /addskill Killer Bee,level,1
[26/04/2012 22:18:17] /addskill Killer Bee,level,1
[26/04/2012 22:18:17] /addskill Killer Bee,level,1
[26/04/2012 22:18:17] /addskill Killer Bee,level,1
[26/04/2012 22:18:17] /addskill Killer Bee,level,1
[26/04/2012 22:18:17] /addskill Killer Bee,level,1
[26/04/2012 22:18:17] /addskill Killer Bee,level,1
[26/04/2012 22:18:17] /addskill Killer Bee,level,1
[26/04/2012 22:18:17] /addskill Killer Bee,level,1
[26/04/2012 22:18:18] /addskill Killer Bee,level,1
[26/04/2012 22:18:18] /addskill Killer Bee,level,1
[26/04/2012 22:18:18] /addskill Killer Bee,level,1
[26/04/2012 22:18:18] /addskill Killer Bee,level,1
[26/04/2012 22:18:18] /addskill Killer Bee,level,1
[26/04/2012 22:18:18] /addskill Killer Bee,level,1
[26/04/2012 22:18:18] /addskill Killer Bee,level,1
[26/04/2012 22:18:18] /addskill Killer Bee,level,1
[26/04/2012 22:18:18] /addskill Killer Bee,level,1
[26/04/2012 22:18:18] /addskill Killer Bee,level,1
[26/04/2012 22:18:18] /addskill Killer Bee,level,1
[26/04/2012 22:18:18] /addskill Killer Bee,level,1
[26/04/2012 22:18:18] /addskill Killer Bee,level,1
[26/04/2012 22:18:18] /addskill Killer Bee,level,1
[26/04/2012 22:18:18] /addskill Killer Bee,level,1
[26/04/2012 22:18:18] /addskill Killer Bee,level,1
[26/04/2012 22:18:18] /addskill Killer Bee,level,1
[26/04/2012 22:18:18] /addskill Killer Bee,level,1
[26/04/2012 22:18:19] /addskill Killer Bee,level,1
[26/04/2012 22:18:19] /addskill Killer Bee,level,1
[26/04/2012 22:18:19] /addskill Killer Bee,level,1
[26/04/2012 22:18:19] /addskill Killer Bee,level,1
[26/04/2012 22:18:19] /addskill Killer Bee,level,1
[26/04/2012 22:18:19] /addskill Killer Bee,level,1
[26/04/2012 22:18:19] /addskill Killer Bee,level,1
[26/04/2012 22:18:19] /addskill Killer Bee,level,1
[26/04/2012 22:18:19] /addskill Killer Bee,level,1
[26/04/2012 22:18:19] /addskill Killer Bee,level,1
[26/04/2012 22:18:19] /addskill Killer Bee,level,1
[26/04/2012 22:18:19] /addskill Killer Bee,level,1
[26/04/2012 22:18:19] /addskill Killer Bee,level,1
[26/04/2012 22:18:19] /addskill Killer Bee,level,1
[26/04/2012 22:18:19] /addskill Killer Bee,level,1
[26/04/2012 22:18:19] /addskill Killer Bee,level,1
[26/04/2012 22:18:19] /addskill Killer Bee,level,1
[26/04/2012 22:18:19] /addskill Killer Bee,level,1
[26/04/2012 22:18:20] /addskill Killer Bee,level,1
[26/04/2012 22:18:20] /addskill Killer Bee,level,1
[26/04/2012 22:18:20] /addskill Killer Bee,level,1
[26/04/2012 22:18:20] /addskill Killer Bee,level,1
[26/04/2012 22:18:20] /addskill Killer Bee,level,1
[26/04/2012 22:18:20] /addskill Killer Bee,level,1
[26/04/2012 22:18:20] /addskill Killer Bee,level,1
[26/04/2012 22:18:20] /addskill Killer Bee,level,1
[26/04/2012 22:18:20] /addskill Killer Bee,level,1
[26/04/2012 22:18:20] /addskill Killer Bee,level,1
[26/04/2012 22:18:20] /addskill Killer Bee,level,1
[26/04/2012 22:18:20] /addskill Killer Bee,level,1
[26/04/2012 22:18:20] /addskill Killer Bee,level,1
[26/04/2012 22:18:20] /addskill Killer Bee,level,1
[26/04/2012 22:18:20] /addskill Killer Bee,level,1
[26/04/2012 22:18:20] /addskill Killer Bee,level,1
[26/04/2012 22:18:20] /addskill Killer Bee,level,1
[26/04/2012 22:18:20] /addskill Killer Bee,level,1
[26/04/2012 22:18:20] /addskill Killer Bee,level,1
[26/04/2012 22:18:21] /addskill Killer Bee,level,1
[26/04/2012 22:18:21] /addskill Killer Bee,level,1
[26/04/2012 22:18:21] /addskill Killer Bee,level,1
[26/04/2012 22:18:21] /addskill Killer Bee,level,1
[26/04/2012 22:18:21] /addskill Killer Bee,level,1
[26/04/2012 22:18:21] /addskill Killer Bee,level,1
[26/04/2012 22:18:21] /addskill Killer Bee,level,1
[26/04/2012 22:18:21] /addskill Killer Bee,level,1
[26/04/2012 22:18:21] /addskill Killer Bee,level,1
[26/04/2012 22:18:21] /addskill Killer Bee,level,1
[26/04/2012 22:18:21] /addskill Killer Bee,level,1
[26/04/2012 22:18:21] /addskill Killer Bee,level,1
[26/04/2012 22:18:21] /addskill Killer Bee,level,1
[26/04/2012 22:18:21] /addskill Killer Bee,level,1
[26/04/2012 22:18:21] /addskill Killer Bee,level,1
[26/04/2012 22:18:21] /addskill Killer Bee,level,1
[26/04/2012 22:18:21] /addskill Killer Bee,level,1
[26/04/2012 22:18:21] /addskill Killer Bee,level,1
[26/04/2012 22:18:21] /addskill Killer Bee,level,1
[26/04/2012 22:18:22] /addskill Killer Bee,level,1
[26/04/2012 22:18:22] /addskill Killer Bee,level,1
[26/04/2012 22:18:22] /addskill Killer Bee,level,1
[26/04/2012 22:18:22] /addskill Killer Bee,level,1
[26/04/2012 22:18:22] /addskill Killer Bee,level,1
[26/04/2012 22:18:22] /addskill Killer Bee,level,1
[26/04/2012 22:18:22] /addskill Killer Bee,level,1
[26/04/2012 22:18:22] /addskill Killer Bee,level,1
[26/04/2012 22:18:22] /addskill Killer Bee,level,1
[26/04/2012 22:18:22] /addskill Killer Bee,level,1
[26/04/2012 22:18:22] /addskill Killer Bee,level,1
[26/04/2012 22:18:22] /addskill Killer Bee,level,1
[26/04/2012 22:18:22] /addskill Killer Bee,level,1
[26/04/2012 22:18:22] /addskill Killer Bee,level,1
[26/04/2012 22:18:22] /addskill Killer Bee,level,1
[26/04/2012 22:18:22] /addskill Killer Bee,level,1
[26/04/2012 22:18:22] /addskill Killer Bee,level,1
[26/04/2012 22:18:22] /addskill Killer Bee,level,1
[26/04/2012 22:18:22] /addskill Killer Bee,level,1
[26/04/2012 22:18:23] /addskill Killer Bee,level,1
[26/04/2012 22:18:23] /addskill Killer Bee,level,1
[26/04/2012 22:18:23] /addskill Killer Bee,level,1
[26/04/2012 22:18:23] /addskill Killer Bee,level,1
[26/04/2012 22:18:23] /addskill Killer Bee,level,1
[26/04/2012 22:18:23] /addskill Killer Bee,level,1
[26/04/2012 22:18:23] /addskill Killer Bee,level,1
[26/04/2012 22:18:23] /addskill Killer Bee,level,1
[26/04/2012 22:18:23] /addskill Killer Bee,level,1
[26/04/2012 22:18:23] /addskill Killer Bee,level,1
[26/04/2012 22:18:23] /addskill Killer Bee,level,1
[26/04/2012 22:18:23] /addskill Killer Bee,level,1
[26/04/2012 22:18:23] /addskill Killer Bee,level,1
[26/04/2012 22:18:23] /addskill Killer Bee,level,1
[26/04/2012 22:18:23] /addskill Killer Bee,level,1
[26/04/2012 22:18:23] /addskill Killer Bee,level,1
[26/04/2012 22:18:23] /addskill Killer Bee,level,1
[26/04/2012 22:18:23] /addskill Killer Bee,level,1
[26/04/2012 22:18:23] /addskill Killer Bee,level,1
[26/04/2012 22:18:24] /addskill Killer Bee,level,1
[26/04/2012 22:18:24] /addskill Killer Bee,level,1
[26/04/2012 22:18:24] /addskill Killer Bee,level,1
[26/04/2012 22:18:24] /addskill Killer Bee,level,1
[26/04/2012 22:18:24] /addskill Killer Bee,level,1
[26/04/2012 22:18:24] /addskill Killer Bee,level,1
[26/04/2012 22:18:24] /addskill Killer Bee,level,1
[26/04/2012 22:18:24] /addskill Killer Bee,level,1
[26/04/2012 22:18:24] /addskill Killer Bee,level,1
[26/04/2012 22:18:24] /addskill Killer Bee,level,1
[26/04/2012 22:18:24] /addskill Killer Bee,level,1
[26/04/2012 22:18:24] /addskill Killer Bee,level,1
[26/04/2012 22:18:24] /addskill Killer Bee,level,1
[26/04/2012 22:18:24] /addskill Killer Bee,level,1
[26/04/2012 22:18:24] /addskill Killer Bee,level,1
[26/04/2012 22:18:24] /addskill Killer Bee,level,1
[26/04/2012 22:18:24] /addskill Killer Bee,level,1
[26/04/2012 22:18:24] /addskill Killer Bee,level,1
[26/04/2012 22:18:25] /addskill Killer Bee,level,1
[26/04/2012 22:18:25] /addskill Killer Bee,level,1
[26/04/2012 22:18:25] /addskill Killer Bee,level,1
[26/04/2012 22:18:25] /addskill Killer Bee,level,1
[26/04/2012 22:18:25] /addskill Killer Bee,level,1
[26/04/2012 22:18:25] /addskill Killer Bee,level,1
[26/04/2012 22:18:25] /addskill Killer Bee,level,1
[26/04/2012 22:18:25] /addskill Killer Bee,level,1
[26/04/2012 22:18:25] /addskill Killer Bee,level,1
[26/04/2012 22:18:25] /addskill Killer Bee,level,1
[26/04/2012 22:18:25] /addskill Killer Bee,level,1
[26/04/2012 22:18:25] /addskill Killer Bee,level,1
[26/04/2012 22:18:25] /addskill Killer Bee,level,1
[26/04/2012 22:18:25] /addskill Killer Bee,level,1
[26/04/2012 22:18:25] /addskill Killer Bee,level,1
[26/04/2012 22:18:25] /addskill Killer Bee,level,1
[26/04/2012 22:18:25] /addskill Killer Bee,level,1
[26/04/2012 22:18:25] /addskill Killer Bee,level,1
[26/04/2012 22:18:25] /addskill Killer Bee,level,1
[26/04/2012 22:18:26] /addskill Killer Bee,level,1
[26/04/2012 22:18:26] /addskill Killer Bee,level,1
[26/04/2012 22:18:26] /addskill Killer Bee,level,1
[26/04/2012 22:18:26] /addskill Killer Bee,level,1
[26/04/2012 22:18:26] /addskill Killer Bee,level,1
[26/04/2012 22:18:26] /addskill Killer Bee,level,1
[26/04/2012 22:18:26] /addskill Killer Bee,level,1
[26/04/2012 22:18:26] /addskill Killer Bee,level,1
[26/04/2012 22:18:26] /addskill Killer Bee,level,1
[26/04/2012 22:18:26] /addskill Killer Bee,level,1
[26/04/2012 22:18:26] /addskill Killer Bee,level,1
[26/04/2012 22:18:26] /addskill Killer Bee,level,1
[26/04/2012 22:18:26] /addskill Killer Bee,level,1
[26/04/2012 22:18:26] /addskill Killer Bee,level,1
[26/04/2012 22:18:26] /addskill Killer Bee,level,1
[26/04/2012 22:18:26] /addskill Killer Bee,level,1
[26/04/2012 22:18:26] /addskill Killer Bee,level,1
[26/04/2012 22:18:26] /addskill Killer Bee,level,1
[26/04/2012 22:18:27] /addskill Killer Bee,level,1
[26/04/2012 22:18:27] /addskill Killer Bee,level,1
[26/04/2012 22:18:27] /addskill Killer Bee,level,1
[26/04/2012 22:18:27] /addskill Killer Bee,level,1
[26/04/2012 22:18:27] /addskill Killer Bee,level,1
[26/04/2012 22:18:27] /addskill Killer Bee,level,1
[26/04/2012 22:18:27] /addskill Killer Bee,level,1
[26/04/2012 22:18:27] /addskill Killer Bee,level,1
[26/04/2012 22:18:27] /addskill Killer Bee,level,1
[26/04/2012 22:18:27] /addskill Killer Bee,level,1
[26/04/2012 22:18:27] /addskill Killer Bee,level,1
[26/04/2012 22:18:27] /addskill Killer Bee,level,1
[26/04/2012 22:18:27] /addskill Killer Bee,level,1
[26/04/2012 22:18:27] /addskill Killer Bee,level,1
[26/04/2012 22:18:27] /addskill Killer Bee,level,1
[26/04/2012 22:18:27] /addskill Killer Bee,level,1
[26/04/2012 22:18:27] /addskill Killer Bee,level,1
[26/04/2012 22:18:27] /addskill Killer Bee,level,1
[26/04/2012 22:18:27] /addskill Killer Bee,level,1
[26/04/2012 22:18:28] /addskill Killer Bee,level,1
[26/04/2012 22:18:28] /addskill Killer Bee,level,1
[26/04/2012 22:18:28] /addskill Killer Bee,level,1
[26/04/2012 22:18:28] /addskill Killer Bee,level,1
[26/04/2012 22:18:28] /addskill Killer Bee,level,1
[26/04/2012 22:18:28] /addskill Killer Bee,level,1
[26/04/2012 22:18:28] /addskill Killer Bee,level,1
[26/04/2012 22:18:28] /addskill Killer Bee,level,1
[26/04/2012 22:18:28] /addskill Killer Bee,level,1
[26/04/2012 22:18:28] /addskill Killer Bee,level,1
[26/04/2012 22:18:28] /addskill Killer Bee,level,1
[26/04/2012 22:18:28] /addskill Killer Bee,level,1
[26/04/2012 22:18:28] /addskill Killer Bee,level,1
[26/04/2012 22:18:28] /addskill Killer Bee,level,1
[26/04/2012 22:18:28] /addskill Killer Bee,level,1
[26/04/2012 22:18:28] /addskill Killer Bee,level,1
[26/04/2012 22:18:28] /addskill Killer Bee,level,1
[26/04/2012 22:18:28] /addskill Killer Bee,level,1
[26/04/2012 22:18:28] /addskill Killer Bee,level,1
[26/04/2012 22:18:29] /addskill Killer Bee,level,1
[26/04/2012 22:18:29] /addskill Killer Bee,level,1
[26/04/2012 22:18:29] /addskill Killer Bee,level,1
[26/04/2012 22:18:29] /addskill Killer Bee,level,1
[26/04/2012 22:18:29] /addskill Killer Bee,level,1
[26/04/2012 22:18:29] /addskill Killer Bee,level,1
[26/04/2012 22:18:29] /addskill Killer Bee,level,1
[26/04/2012 22:18:29] /addskill Killer Bee,level,1
[26/04/2012 22:18:29] /addskill Killer Bee,level,1
[26/04/2012 22:18:29] /addskill Killer Bee,level,1
[26/04/2012 22:18:29] /addskill Killer Bee,level,1
[26/04/2012 22:18:29] /addskill Killer Bee,level,1
[26/04/2012 22:18:29] /addskill Killer Bee,level,1
[26/04/2012 22:18:29] /addskill Killer Bee,level,1
[26/04/2012 22:18:29] /addskill Killer Bee,level,1
[26/04/2012 22:18:29] /addskill Killer Bee,level,1
[26/04/2012 22:18:29] /addskill Killer Bee,level,1
[26/04/2012 22:18:29] /addskill Killer Bee,level,1
[26/04/2012 22:18:30] /addskill Killer Bee,level,1
[26/04/2012 22:18:30] /addskill Killer Bee,level,1
[26/04/2012 22:18:30] /addskill Killer Bee,level,1
[26/04/2012 22:18:30] /addskill Killer Bee,level,1
[26/04/2012 22:18:30] /addskill Killer Bee,level,1
[26/04/2012 22:18:30] /addskill Killer Bee,level,1
[26/04/2012 22:18:30] /addskill Killer Bee,level,1
[26/04/2012 22:18:30] /addskill Killer Bee,level,1
[26/04/2012 22:18:30] /addskill Killer Bee,level,1
[26/04/2012 22:18:30] /addskill Killer Bee,level,1
[26/04/2012 22:18:30] /addskill Killer Bee,level,1
[26/04/2012 22:18:30] /addskill Killer Bee,level,1
[26/04/2012 22:18:30] /addskill Killer Bee,level,1
[26/04/2012 22:18:30] /addskill Killer Bee,level,1
[26/04/2012 22:18:31] /addskill Killer Bee,level,1
[26/04/2012 22:18:34] /a
[26/04/2012 22:18:34] /a
[26/04/2012 22:18:35] /a
[26/04/2012 22:18:35] /a
