[27/8/2020 5:16:3] /goto ezreal
[27/8/2020 5:16:24] /up
[27/8/2020 5:16:55] /up
[27/8/2020 5:16:58] /cliport
[27/8/2020 5:18:8] /c happy kakashi
[27/8/2020 5:18:15] /c Happy Hatake
[27/8/2020 5:19:27] /t
[27/8/2020 5:19:36] /a 50
[27/8/2020 5:19:41] /a 10
[27/8/2020 5:19:56] /i konoha backpack
[27/8/2020 5:20:5] /i Naruto kurama Armor
[27/8/2020 5:20:6] /i Naruto kurama Armor
[27/8/2020 5:20:7] /i Naruto kurama Armor
[27/8/2020 5:20:7] /i Naruto kurama Armor
[27/8/2020 5:20:8] /i Naruto kurama Armor
[27/8/2020 5:20:8] /i Naruto kurama Armor
[27/8/2020 5:20:11] /i Naruto kurama Legs
[27/8/2020 5:20:12] /i Naruto kurama Legs
[27/8/2020 5:20:13] /i Naruto kurama Legs
[27/8/2020 5:20:13] /i Naruto kurama Legs
[27/8/2020 5:20:15] /i Naruto kurama boots
[27/8/2020 5:20:16] /i Naruto kurama boots
[27/8/2020 5:20:16] /i Naruto kurama boots
[27/8/2020 5:20:17] /i Naruto kurama boots
[27/8/2020 5:20:20] /i Naruto kurama helmet
[27/8/2020 5:20:21] /i Naruto kurama helmet
[27/8/2020 5:20:21] /i Naruto kurama helmet
[27/8/2020 5:20:22] /i Naruto kurama helmet
[27/8/2020 5:20:33] /i Naruto kurama Shield
[27/8/2020 5:20:58] /i kaguya helmet
[27/8/2020 5:20:59] /i kaguya helmet
[27/8/2020 5:21:0] /i kaguya helmet
[27/8/2020 5:21:0] /i kaguya helmet
[27/8/2020 5:22:1] /goto Happy Kakashi
[27/8/2020 5:22:7] /goto Happy Hatake
[27/8/2020 5:22:19] /i kyuubi backpack
[27/8/2020 5:22:22] /t
[27/8/2020 5:22:40] /i Otsutsuki Protector
[27/8/2020 5:22:41] /i Otsutsuki Protector
[27/8/2020 5:22:42] /i Otsutsuki Protector
[27/8/2020 5:22:42] /i Otsutsuki Protector
[27/8/2020 5:22:47] /a 70
[27/8/2020 5:23:14] /i kaguya shield
[27/8/2020 5:23:15] /i kaguya shield
[27/8/2020 5:23:16] /i kaguya shield
[27/8/2020 5:23:17] /i kaguya shield
[27/8/2020 5:23:34] /i Otsuki robe
[27/8/2020 5:23:35] /i Otsuki robe
[27/8/2020 5:23:35] /i Otsuki robe
[27/8/2020 5:23:43] /i Otsutsuki Robe
[27/8/2020 5:23:44] /i Otsutsuki Robe
[27/8/2020 5:23:45] /i Otsutsuki Robe
[27/8/2020 5:23:45] /i Otsutsuki Robe
[27/8/2020 5:23:50] /i Otsutsuki Legs
[27/8/2020 5:23:51] /i Otsutsuki Legs
[27/8/2020 5:23:51] /i Otsutsuki Legs
[27/8/2020 5:23:52] /i Otsutsuki Legs
[27/8/2020 5:23:54] /i Otsutsuki Boots
[27/8/2020 5:23:55] /i Otsutsuki Boots
[27/8/2020 5:23:56] /i Otsutsuki Boots
[27/8/2020 5:23:56] /i Otsutsuki Boots
[27/8/2020 5:24:4] /i Unic gloves
[27/8/2020 5:24:6] /i Unic gloves
[27/8/2020 5:24:6] /i Unic gloves
[27/8/2020 5:24:8] /i Unic gloves
[27/8/2020 5:24:40] /i Double Exp
[27/8/2020 5:24:41] /i Double Exp
[27/8/2020 5:24:41] /i Double Exp
[27/8/2020 5:24:42] /i Double Exp
[27/8/2020 5:24:48] /i Double Exp
[27/8/2020 5:24:48] /i Double Exp
[27/8/2020 5:24:55] /r 
[27/8/2020 5:24:58] /r 10000000
[27/8/2020 5:25:3] /i Kyuubi Backpack
[27/8/2020 5:25:14] /i Exp Boosts
[27/8/2020 5:25:15] /i Exp Boosts
[27/8/2020 5:25:16] /i Exp Boosts
[27/8/2020 5:25:27] /i Exp Boosts
[27/8/2020 5:25:29] /i Exp Boosts
[27/8/2020 5:25:34] /i Exp Boost
[27/8/2020 5:25:37] /i Exp Boost
[27/8/2020 5:25:38] /i Exp Boost
[27/8/2020 5:25:38] /i Exp Boost
[27/8/2020 5:25:38] /i Exp Boost
[27/8/2020 5:25:39] /i Exp Boost
[27/8/2020 5:25:39] /i Exp Boost
[27/8/2020 5:25:40] /i Exp Boost
[27/8/2020 5:25:41] /i Exp Boost
[27/8/2020 5:25:41] /i Exp Boost
[27/8/2020 5:25:41] /i Exp Boost
[27/8/2020 5:25:43] /i Exp Boost
[27/8/2020 5:25:57] /i 11466
[27/8/2020 5:25:59] /i 11466
[27/8/2020 5:26:0] /i 11466
[27/8/2020 5:26:0] /i 11466
[27/8/2020 5:26:3] /i 11466
[27/8/2020 5:26:4] /i 11466
[27/8/2020 5:26:4] /i 11466
[27/8/2020 5:26:4] /i 11466
[27/8/2020 5:26:5] /i 11466
[27/8/2020 5:26:5] /i 11466
[27/8/2020 5:26:5] /i 11466
[27/8/2020 5:26:6] /i 11466
[27/8/2020 5:26:16] /i kyuubi backpack
[27/8/2020 5:26:20] /i 11465
[27/8/2020 5:26:20] /i 11465
[27/8/2020 5:26:20] /i 11465
[27/8/2020 5:26:21] /i 11465
[27/8/2020 5:26:21] /i 11465
[27/8/2020 5:26:22] /i 11465
[27/8/2020 5:26:25] /i 11465
[27/8/2020 5:26:26] /i 11465
[27/8/2020 5:26:26] /i 11465
[27/8/2020 5:26:26] /i 11465
[27/8/2020 5:26:27] /i 11465
[27/8/2020 5:26:27] /i 11465
[27/8/2020 5:26:27] /i 11465
[27/8/2020 5:26:37] /i Stamina Refil
[27/8/2020 5:26:38] /i Stamina Refil
[27/8/2020 5:26:39] /i Stamina Refil
[27/8/2020 5:26:39] /i Stamina Refil
[27/8/2020 5:26:40] /i Stamina Refil
[27/8/2020 5:26:40] /i Stamina Refil
[27/8/2020 5:26:41] /i Stamina Refil
[27/8/2020 5:26:41] /i Stamina Refil
[27/8/2020 5:26:42] /i Stamina Refil
[27/8/2020 5:26:45] /i kyuubi backpack
[27/8/2020 5:26:59] /i Susanoo Amulet
[27/8/2020 5:27:0] /i Susanoo Amulet
[27/8/2020 5:27:0] /i Susanoo Amulet
[27/8/2020 5:27:1] /i Susanoo Amulet
[27/8/2020 5:27:1] /i Susanoo Amulet
[27/8/2020 5:27:2] /i Susanoo Amulet
[27/8/2020 5:27:2] /i Susanoo Amulet
[27/8/2020 5:27:2] /i Susanoo Amulet
[27/8/2020 5:27:10] /i Rinnegan Eye
[27/8/2020 5:27:11] /i Rinnegan Eye
[27/8/2020 5:27:11] /i Rinnegan Eye
[27/8/2020 5:27:12] /i Rinnegan Eye
[27/8/2020 5:27:12] /i Rinnegan Eye
[27/8/2020 5:27:14] /i Rinnegan Eye
[27/8/2020 5:27:14] /i Rinnegan Eye
[27/8/2020 5:27:15] /i Rinnegan Eye
[27/8/2020 5:27:15] /i Rinnegan Eye
[27/8/2020 5:27:16] /i Rinnegan Eye
[27/8/2020 5:27:41] /r
[27/8/2020 5:27:47] /r
[27/8/2020 5:28:6] /i Naruto Fun bag
[27/8/2020 5:28:8] /i Naruto Fun bag
[27/8/2020 5:28:9] /i Naruto Fun bag
[27/8/2020 5:28:9] /i Naruto Fun bag
[27/8/2020 5:28:10] /i Naruto Fun bag
[27/8/2020 5:28:10] /i Naruto Fun bag
[27/8/2020 5:28:48] /i White demon mask
[27/8/2020 5:28:48] /i White demon mask
[27/8/2020 5:28:49] /i White demon mask
[27/8/2020 5:28:50] /i White demon mask
[27/8/2020 5:28:50] /i White demon mask
[27/8/2020 5:30:10] /i 7411
[27/8/2020 5:30:11] /i 7411
[27/8/2020 5:30:12] /i 7411
[27/8/2020 5:30:12] /i 7411
[27/8/2020 5:31:9] /t
[30/8/2020 4:46:32] /ghost
[30/8/2020 4:54:13] /c herick curandeiro
[30/8/2020 4:54:26] /goto fodao uchiha
[10/3/2021 16:10:55] !missao
