[28/2/2021 14:53:31] /r
[28/2/2021 14:54:5] /openserver
[28/2/2021 14:54:30] /closeserver
[28/2/2021 14:54:31] /shutdown
[28/2/2021 14:54:44] /closeserver
[28/2/2021 15:7:12] /c teste
[28/2/2021 15:7:15] /attr vocation 13
[28/2/2021 15:7:18] /attr vocation 23
[28/2/2021 15:7:22] /goto ichiry
[28/2/2021 15:7:26] /goto ichyru
[28/2/2021 15:7:28] /a 10
[28/2/2021 15:7:30] /c teste
[28/2/2021 15:7:44] /r
[28/2/2021 15:8:50] /openserver
[28/2/2021 15:8:57] /closeserver
[28/2/2021 15:16:47] /t
[28/2/2021 15:17:57] /shutdown
[28/2/2021 15:18:8] /closeserver
[28/2/2021 15:21:11] /shutdown
[28/2/2021 15:21:24] /closeserver
[28/2/2021 15:21:27] /shutdown
[28/2/2021 15:21:38] /closeserver
[28/2/2021 15:23:57] /shutdown
[28/2/2021 15:24:11] /closeserver
[28/2/2021 15:33:54] /ghost
[28/2/2021 15:35:29] /i tsunade
[28/2/2021 15:50:39] /reload monster
[28/2/2021 15:51:55] /shutdown 9
[28/2/2021 15:58:39] /a 50
[28/2/2021 15:58:39] /a 50
[28/2/2021 15:58:40] /a 50
[28/2/2021 15:58:41] /a 50
[28/2/2021 15:58:42] /a 50
[28/2/2021 15:58:43] /a 50
[28/2/2021 15:58:45] /a 10
[28/2/2021 15:58:46] /a 10
[28/2/2021 15:58:47] /a 10
[28/2/2021 15:59:0] /owner Knepper.
[28/2/2021 15:59:6] /t
[28/2/2021 16:53:9] /goto dragonscurderar
[28/2/2021 16:53:18] /goto dragonscuderar
[28/2/2021 17:9:20] /goto dragonscuderar
[28/2/2021 17:10:26] /r
[28/2/2021 17:10:32] /i elite shuriken
[28/2/2021 17:11:3] /reload npc
[28/2/2021 17:12:38] /i chunnin legs
[28/2/2021 17:14:15] /goto kakashi sensei
[28/2/2021 17:15:30] /reload npc
[28/2/2021 17:15:58] /reload npc
[28/2/2021 17:33:35] /reload npc
[28/2/2021 17:34:12] /goto hijo
[28/2/2021 17:35:29] /b Valorizem o dinheiro dropado, até mesmo as moedas.
[28/2/2021 17:35:29] /b Valorizem o dinheiro dropado, até mesmo as moedas.
[28/2/2021 17:35:30] /b Valorizem o dinheiro dropado, até mesmo as moedas.
[28/2/2021 17:35:30] /b Valorizem o dinheiro dropado, até mesmo as moedas.
[28/2/2021 17:35:30] /b Valorizem o dinheiro dropado, até mesmo as moedas.
[28/2/2021 17:35:30] /b Valorizem o dinheiro dropado, até mesmo as moedas.
[28/2/2021 17:35:31] /b Valorizem o dinheiro dropado, até mesmo as moedas.
[28/2/2021 17:35:31] /b Valorizem o dinheiro dropado, até mesmo as moedas.
[28/2/2021 17:35:31] /b Valorizem o dinheiro dropado, até mesmo as moedas.
[28/2/2021 17:35:31] /b Valorizem o dinheiro dropado, até mesmo as moedas.
[28/2/2021 17:35:32] /b Valorizem o dinheiro dropado, até mesmo as moedas.
[28/2/2021 17:35:32] /b Valorizem o dinheiro dropado, até mesmo as moedas.
[28/2/2021 17:35:32] /b Valorizem o dinheiro dropado, até mesmo as moedas.
[28/2/2021 17:44:51] /b Galera, da pra vender os set que dropam nos npcs que estão espalhado em konoha.
[28/2/2021 17:44:51] /b Galera, da pra vender os set que dropam nos npcs que estão espalhado em konoha.
[28/2/2021 17:44:52] /b Galera, da pra vender os set que dropam nos npcs que estão espalhado em konoha.
[28/2/2021 17:44:55] /b Galera, da pra vender os set que dropam nos npcs que estão espalhado em konoha.
[28/2/2021 17:44:55] /b Galera, da pra vender os set que dropam nos npcs que estão espalhado em konoha.
[28/2/2021 17:44:55] /b Galera, da pra vender os set que dropam nos npcs que estão espalhado em konoha.
[28/2/2021 17:44:55] /b Galera, da pra vender os set que dropam nos npcs que estão espalhado em konoha.
[28/2/2021 17:44:56] /b Galera, da pra vender os set que dropam nos npcs que estão espalhado em konoha.
[28/2/2021 17:44:56] /b Galera, da pra vender os set que dropam nos npcs que estão espalhado em konoha.
[28/2/2021 17:44:56] /b Galera, da pra vender os set que dropam nos npcs que estão espalhado em konoha.
[28/2/2021 17:44:56] /b Galera, da pra vender os set que dropam nos npcs que estão espalhado em konoha.
[28/2/2021 17:44:57] /b Galera, da pra vender os set que dropam nos npcs que estão espalhado em konoha.
[28/2/2021 17:44:57] /b Galera, da pra vender os set que dropam nos npcs que estão espalhado em konoha.
[28/2/2021 17:44:57] /b Galera, da pra vender os set que dropam nos npcs que estão espalhado em konoha.
[28/2/2021 17:45:11] /goto strong weapon specialist
[28/2/2021 18:3:44] /reload monsters
[28/2/2021 18:5:14] /t
[28/2/2021 18:5:23] /goto hyro
[28/2/2021 18:7:51] /goto kakashi boss
[28/2/2021 18:7:54] /t
[28/2/2021 18:21:11] /goto taki
[28/2/2021 18:22:29] /i begginer hunter legs
[28/2/2021 18:22:45] /i chunnin shinobi legs
[28/2/2021 18:23:6] /i gennin shinobi legs
[28/2/2021 18:23:38] /i jounnin shinobi legs
[28/2/2021 18:23:49] /i haku legs
[28/2/2021 18:24:11] /reload npc
[28/2/2021 18:26:41] /reload npc
[28/2/2021 18:45:39] /i hyuuga legs
[28/2/2021 18:46:10] /reload npc
[28/2/2021 18:46:48] /goto rock lee
[28/2/2021 18:48:12] /t
[28/2/2021 18:48:40] /b não esqueça que tem como vender shuriken tbm!
[28/2/2021 21:12:0] /goto musk
[28/2/2021 21:26:31] /goto kakashi boss
[28/2/2021 21:26:41] /down
[28/2/2021 22:5:5] /reload spells
[28/2/2021 23:58:17] /t
