[02/02/2012 00:09:02] /r
[02/02/2012 00:09:44] /newtype 75
[02/02/2012 00:10:09] /r
[02/02/2012 00:14:18] /r
[02/02/2012 00:14:51] /n anbu
[02/02/2012 00:15:01] /r
[02/02/2012 00:15:15] /r
[02/02/2012 00:15:20] /n anbu
[02/02/2012 00:15:22] /r
[02/02/2012 00:15:33] /t
[02/02/2012 00:15:41] /t
[02/02/2012 10:33:22] /goto [adm] chaado
[02/02/2012 10:33:25] /goto [adm] chapado
[02/02/2012 10:34:46] /newtype 75
[02/02/2012 10:36:55] /newtype 260
[02/02/2012 10:37:02] /newtype 261
[02/02/2012 10:37:05] /newtype 262
[02/02/2012 10:37:09] /newtype 263
[02/02/2012 10:37:20] /newtype 262a262
[02/02/2012 10:37:24] /newtype 262a262a262
[02/02/2012 10:37:41] /newtype 263
[02/02/2012 10:37:47] /newtype 264
[02/02/2012 10:37:49] /newtype 265
[02/02/2012 10:37:51] /newtype 266
[02/02/2012 10:37:52] /newtype 267
[02/02/2012 10:37:57] /newtype 268
[02/02/2012 10:38:00] /newtype 269
[02/02/2012 10:38:03] /newtype 270
[02/02/2012 10:38:06] /newtype 271
[02/02/2012 10:38:08] /newtype 272
[02/02/2012 10:38:25] /newtype 273
[02/02/2012 10:38:55] /newtype 274
[02/02/2012 10:38:57] /newtype 275
[02/02/2012 10:39:08] /newtype 276
[02/02/2012 10:40:08] /newtype 277
[02/02/2012 10:40:25] /newtype 278
[02/02/2012 10:40:33] /newtype 279
[02/02/2012 10:40:39] /newtype 280
[02/02/2012 10:40:50] /newtype 281
[02/02/2012 10:40:54] /newtype 282
[02/02/2012 10:41:38] /newtype 283
[02/02/2012 10:41:43] /newtype 284
[02/02/2012 10:41:53] /newtype 285
[02/02/2012 10:42:07] /newtype 286
[02/02/2012 10:42:37] /newtype 287
[02/02/2012 10:42:41] /newtype 288
[02/02/2012 10:42:43] /newtype 289
[02/02/2012 10:42:47] /newtype 290
[02/02/2012 10:42:53] /newtype 291
[02/02/2012 10:43:14] /attr health -9999999999999
[02/02/2012 10:43:25] /goto [adm] chapado
[02/02/2012 10:43:45] /newtype 291
[02/02/2012 10:44:08] /goto adm rokage
[02/02/2012 10:44:51] /newtype 292
[02/02/2012 10:45:10] /newtype 293
[02/02/2012 10:45:15] /newtype 294
[02/02/2012 10:45:29] /newtype 295
[02/02/2012 10:45:32] /newtype 296
[02/02/2012 10:45:35] /newtype 297
[02/02/2012 10:45:37] /newtype 298
[02/02/2012 10:45:39] /newtype 299
[02/02/2012 10:45:43] /newtype 300
[02/02/2012 10:45:47] /newtype 301
[02/02/2012 10:45:49] /newtype 302
[02/02/2012 10:45:55] /newtype 281
[02/02/2012 10:45:58] /newtype 280
[02/02/2012 10:46:02] /newtype 290
[02/02/2012 10:46:06] /newtype 283
[02/02/2012 10:46:08] /newtype 282
[02/02/2012 10:46:11] /newtype 284
[02/02/2012 10:46:18] /newtype 75
[02/02/2012 10:52:47] /newtype 282
[02/02/2012 10:52:53] /newtype 278
[02/02/2012 10:52:56] /newtype 276
[02/02/2012 10:53:11] /newtype 277
[02/02/2012 10:53:14] /newtype 278
[02/02/2012 10:53:16] /newtype 279
[02/02/2012 10:53:19] /newtype 280
[02/02/2012 10:53:21] /newtype 281
[02/02/2012 10:53:22] /newtype 282
[02/02/2012 10:53:24] /newtype 283
[02/02/2012 10:53:38] /newtype 33
[02/02/2012 10:54:08] /newtype 283
[02/02/2012 10:55:01] /t
[02/02/2012 10:55:15] /goto belinha
[02/02/2012 10:55:59] /goto adm rokage
[02/02/2012 10:58:58] /m sakura
[02/02/2012 10:59:01] /m sakura boss
[02/02/2012 10:59:05] /m naruto
[02/02/2012 11:01:11] /addskill Lol Baniu Errado,level,200
[02/02/2012 11:03:41] /goto [adm] chapado
[02/02/2012 11:03:45] /goto [adm] chapado
[02/02/2012 11:03:47] /goto [adm] chapado
[02/02/2012 11:03:50] /goto [adm] chapado
[02/02/2012 11:03:59] /a 2
[02/02/2012 11:04:27] /up
[02/02/2012 11:05:12] /a
[02/02/2012 11:16:07] /a
[02/02/2012 11:16:09] /a
[02/02/2012 12:23:23] /goto adm rokage
[02/02/2012 12:23:51] /newtype 75
[02/02/2012 12:23:59] /up
[02/02/2012 12:24:28] /a
[02/02/2012 12:24:29] /a
[02/02/2012 12:24:32] /up
[02/02/2012 12:24:48] /down
[02/02/2012 12:24:50] /a 2
[02/02/2012 12:27:21] /a
[02/02/2012 12:27:27] /up
[02/02/2012 12:28:25] /t
[02/02/2012 12:29:49] /goto adm rokage
[02/02/2012 12:29:56] /newtype 75
[02/02/2012 12:30:09] /newtype 75
[02/02/2012 12:30:12] /goto adm rokage
[02/02/2012 12:30:15] /goto adm rokage
[02/02/2012 12:30:45] /a
[02/02/2012 12:30:53] /goto adm rokage
[02/02/2012 12:30:59] /a
[02/02/2012 12:31:34] /a
[02/02/2012 12:31:54] /a
[02/02/2012 12:32:06] /a
[02/02/2012 12:32:37] /a
[02/02/2012 12:32:40] /a 2
[02/02/2012 12:32:42] /a
[02/02/2012 12:32:45] /up
[02/02/2012 12:32:51] /goto adm rokage
[02/02/2012 12:33:21] /up
[02/02/2012 12:33:41] /up
[02/02/2012 12:34:54] /newtype 175
[02/02/2012 12:34:57] /newtype 174
[02/02/2012 12:35:00] /newtype 50
[02/02/2012 12:35:09] /newtype 51
[02/02/2012 12:35:30] /t
[02/02/2012 12:35:34] /newtype 95
[02/02/2012 12:35:41] /goto adm rokage
[02/02/2012 12:35:53] /t
[02/02/2012 12:36:12] /goto adm rokage
[02/02/2012 12:36:29] /down
[02/02/2012 12:36:38] /up
[02/02/2012 12:38:04] /newtype 284
[02/02/2012 12:38:15] /newtype 285
[02/02/2012 12:38:18] /newtype 286
[02/02/2012 12:38:25] /newtype 284
[02/02/2012 12:39:58] /a 5
[02/02/2012 12:40:01] /a 5
[02/02/2012 12:40:12] /down
[02/02/2012 12:42:53] /down
[02/02/2012 12:42:57] /c itachi vingador
[02/02/2012 12:43:14] /addskill itachi vingador,level,248
[02/02/2012 12:43:26] /addskill itachi vingador,level,1
[02/02/2012 12:43:35] /goto itachi vingador
[02/02/2012 12:43:54] /t
[02/02/2012 12:49:26] /goto itachi vingador
[02/02/2012 12:49:59] /a
[02/02/2012 12:50:28] /goto adm rokage
[02/02/2012 12:53:06] /goto black snake
[02/02/2012 12:53:11] /goto naruto
[02/02/2012 12:53:15] /goto black anbu
[02/02/2012 12:53:18] /t
[02/02/2012 12:54:16] /goto itachi vingador
[02/02/2012 12:54:33] /t
[02/02/2012 12:54:42] /attr group 6
[02/02/2012 12:54:44] /r
[02/02/2012 12:55:09] /goto itachi vingador
[02/02/2012 12:55:21] /c Narutozinhow Supremo
[02/02/2012 12:56:05] /a
[02/02/2012 12:56:10] /r
[02/02/2012 12:56:13] /a
[02/02/2012 12:57:40] /a
[02/02/2012 12:57:52] /a
[02/02/2012 12:59:08] /a
[02/02/2012 12:59:17] /a
[02/02/2012 12:59:31] /a
[02/02/2012 13:03:02] /a
[02/02/2012 13:04:32] /newtype 75
[02/02/2012 13:04:42] /a
[02/02/2012 13:05:32] /newtype 275
[02/02/2012 13:05:39] /newtype 276
[02/02/2012 13:27:01] /goto itachi vingador
[02/02/2012 13:27:05] /m black anbu
[02/02/2012 13:27:09] /a
[02/02/2012 13:27:16] /newtype 75
[02/02/2012 13:27:19] /a
[02/02/2012 13:27:45] /m black anbu
[02/02/2012 13:27:46] /m black anbu
[02/02/2012 13:31:46] /a
[02/02/2012 13:31:51] /i 3304
[02/02/2012 13:32:02] /i 999
[02/02/2012 13:32:12] /m black anb
[02/02/2012 13:32:29] /m cat
[02/02/2012 13:32:34] /m sasori boss
[02/02/2012 13:33:18] /clean
[02/02/2012 13:33:56] /up
[02/02/2012 13:34:22] /newtype 75
[02/02/2012 13:35:09] /newtype 95
[02/02/2012 14:00:28] /newtype 95
[02/02/2012 14:01:31] /goto black anbu
[02/02/2012 14:01:54] /goto adm rokage
[02/02/2012 14:02:55] /newtype 95
[02/02/2012 14:05:04] /newtype 95
[02/02/2012 14:05:06] /newtype 96
[02/02/2012 14:05:10] /newtype 97
[02/02/2012 14:05:14] /newtype 98
[02/02/2012 14:05:16] /newtype 99
[02/02/2012 14:05:18] /newtype 100
[02/02/2012 14:05:20] /newtype 101
[02/02/2012 14:05:22] /newtype 102
[02/02/2012 14:05:26] /newtype 102
[02/02/2012 14:05:28] /newtype 103
[02/02/2012 14:05:30] /newtype 104
[02/02/2012 14:05:35] /newtype 105
[02/02/2012 14:05:37] /newtype 106
[02/02/2012 14:05:41] /newtype 107
[02/02/2012 14:05:45] /newtype 108
[02/02/2012 14:05:47] /newtype 109
[02/02/2012 14:05:50] /newtype 110
[02/02/2012 14:05:53] /newtype 111
[02/02/2012 14:05:57] /newtype 112
[02/02/2012 14:06:01] /newtype 113
[02/02/2012 14:06:09] /newtype 114
[02/02/2012 14:06:11] /newtype 115
[02/02/2012 14:06:14] /newtype 116
[02/02/2012 14:06:18] /newtype 117
[02/02/2012 14:06:20] /newtype 118
[02/02/2012 14:06:22] /newtype 119
[02/02/2012 14:06:25] /newtype 120
[02/02/2012 14:06:26] /newtype 121
[02/02/2012 14:06:28] /newtype 122
[02/02/2012 14:06:29] /newtype 123
[02/02/2012 14:06:31] /newtype 124
[02/02/2012 14:06:33] /newtype 125
[02/02/2012 14:06:35] /newtype 126
[02/02/2012 14:06:36] /newtype 127
[02/02/2012 14:06:38] /newtype 128
[02/02/2012 14:07:45] /newtype 129
[02/02/2012 14:07:49] /newtype 130
[02/02/2012 14:07:51] /newtype 131
[02/02/2012 14:07:52] /newtype 132
[02/02/2012 14:07:56] /newtype 133
[02/02/2012 14:07:58] /newtype 134
[02/02/2012 14:09:29] /newtype 140
[02/02/2012 14:09:31] /newtype 141
[02/02/2012 14:09:32] /newtype 142
[02/02/2012 14:09:34] /newtype 143
[02/02/2012 14:09:36] /newtype 144
[02/02/2012 14:09:38] /newtype 145
[02/02/2012 14:09:39] /newtype 146
[02/02/2012 14:09:41] /newtype 147
[02/02/2012 14:09:43] /newtype 148
[02/02/2012 14:09:45] /newtype 149
[02/02/2012 14:09:49] /newtype 150
[02/02/2012 14:09:51] /newtype 151
[02/02/2012 14:09:53] /newtype 152
[02/02/2012 14:09:54] /newtype 153
[02/02/2012 14:09:56] /newtype 154
[02/02/2012 14:09:58] /newtype 155
[02/02/2012 14:09:59] /newtype 156
[02/02/2012 14:10:01] /newtype 157
[02/02/2012 14:10:03] /newtype 158
[02/02/2012 14:10:04] /newtype 159
[02/02/2012 14:10:07] /newtype 160
[02/02/2012 14:10:09] /newtype 161
[02/02/2012 14:10:12] /newtype 162
[02/02/2012 14:10:15] /newtype 1170
[02/02/2012 14:10:20] /newtype 170
[02/02/2012 14:10:23] /newtype 180
[02/02/2012 14:10:27] /newtype 190
[02/02/2012 14:10:31] /newtype 200
[02/02/2012 14:10:36] /newtype 201
[02/02/2012 14:10:37] /newtype 202
[02/02/2012 14:10:39] /newtype 203
[02/02/2012 14:10:40] /newtype 204
[02/02/2012 14:10:42] /newtype 205
[02/02/2012 14:10:43] /newtype 206
[02/02/2012 14:10:45] /newtype 207
[02/02/2012 14:10:47] /newtype 208
[02/02/2012 14:10:49] /newtype 209
[02/02/2012 14:10:51] /newtype 210
[02/02/2012 14:10:52] /newtype 211
[02/02/2012 14:10:56] /newtype 212
[02/02/2012 14:11:11] /newtype 213
[02/02/2012 14:11:19] /newtype 214
[02/02/2012 14:11:22] /newtype 215
[02/02/2012 14:11:26] /newtype 216
[02/02/2012 14:13:02] /newtype 75
[02/02/2012 14:13:32] /newtype 30
[02/02/2012 14:13:33] /newtype 31
[02/02/2012 14:13:34] /newtype 32
[02/02/2012 14:13:37] /newtype 33
[02/02/2012 14:13:39] /newtype 34
[02/02/2012 14:13:40] /newtype 35
[02/02/2012 14:13:42] /newtype 36
[02/02/2012 14:13:43] /newtype 37
[02/02/2012 14:13:46] /newtype 38
[02/02/2012 14:13:48] /newtype 39
[02/02/2012 14:13:52] /newtype 40
[02/02/2012 14:13:53] /newtype 41
[02/02/2012 14:13:55] /newtype 42
[02/02/2012 14:13:57] /newtype 43
[02/02/2012 14:13:58] /newtype 44
[02/02/2012 14:14:02] /newtype 45
[02/02/2012 14:14:04] /newtype 46
[02/02/2012 14:14:06] /newtype 47
[02/02/2012 14:14:08] /newtype 48
[02/02/2012 14:14:10] /newtype 49
[02/02/2012 14:14:13] /newtype 50
[02/02/2012 14:14:16] /newtype 51
[02/02/2012 14:14:18] /newtype 52
[02/02/2012 14:14:20] /newtype 53
[02/02/2012 14:14:22] /newtype 54
[02/02/2012 14:14:25] /newtype 55
[02/02/2012 14:14:27] /newtype 56
[02/02/2012 14:14:28] /newtype 57
[02/02/2012 14:14:30] /newtype 58
[02/02/2012 14:14:32] /newtype 59
[02/02/2012 14:14:35] /newtype 60
[02/02/2012 14:14:37] /newtype 61
[02/02/2012 14:14:38] /newtype 62
[02/02/2012 14:14:40] /newtype 63
[02/02/2012 14:14:41] /newtype 64
[02/02/2012 14:14:43] /newtype 65
[02/02/2012 14:14:44] /newtype 66
[02/02/2012 14:14:47] /newtype 67
[02/02/2012 14:14:49] /newtype 68
[02/02/2012 14:14:50] /newtype 69
[02/02/2012 14:14:54] /newtype 70
[02/02/2012 14:14:55] /newtype 71
[02/02/2012 14:14:57] /newtype 72
[02/02/2012 14:14:59] /newtype 73
[02/02/2012 14:15:01] /newtype 74
[02/02/2012 14:15:03] /newtype 76
[02/02/2012 14:15:05] /newtype 77
[02/02/2012 14:15:07] /newtype 789
[02/02/2012 14:15:08] /newtype 78
[02/02/2012 14:15:10] /newtype 79
[02/02/2012 14:15:13] /newtype 80
[02/02/2012 14:15:14] /newtype 81
[02/02/2012 14:15:16] /newtype 82
[02/02/2012 14:15:18] /newtype 83
[02/02/2012 14:15:20] /newtype 84
[02/02/2012 14:15:22] /newtype 85
[02/02/2012 14:15:24] /newtype 86
[02/02/2012 14:15:25] /newtype 87
[02/02/2012 14:15:27] /newtype 88
[02/02/2012 14:15:29] /newtype 89
[02/02/2012 14:15:32] /newtype 90
[02/02/2012 14:15:35] /newtype 91
[02/02/2012 14:15:36] /newtype 92
[02/02/2012 14:16:49] /goto adm rokage
[02/02/2012 14:17:13] /newtype 2
[02/02/2012 14:17:15] /newtype 23
[02/02/2012 14:17:17] /newtype 234
[02/02/2012 14:17:23] /newtype 75
[02/02/2012 14:18:18] /newtype 320
[02/02/2012 14:37:20] /goto itachi vingador
[02/02/2012 14:37:29] /newtype 75
[02/02/2012 14:37:33] /newtype 101
[02/02/2012 14:37:40] /newtype 201
[02/02/2012 14:37:45] /newtype 100
[02/02/2012 14:38:20] /m sasori
[02/02/2012 14:38:34] /newtype 230,sasori
[02/02/2012 14:50:25] /goto adm rokage
[02/02/2012 14:50:30] /a
[02/02/2012 14:50:30] /a
[02/02/2012 14:50:31] /a
[02/02/2012 14:50:32] /a
[02/02/2012 14:50:33] /a
[02/02/2012 14:50:34] /a
[02/02/2012 14:50:34] /a
[02/02/2012 14:50:37] /a 5
[02/02/2012 14:50:39] /a 5
[02/02/2012 14:50:41] /a 5
[02/02/2012 14:50:48] /a 5
[02/02/2012 14:50:50] /a 5
[02/02/2012 14:50:51] /a 5
[02/02/2012 14:50:52] /a 5
[02/02/2012 14:50:53] /a 5
[02/02/2012 14:50:56] /a 5
[02/02/2012 14:50:57] /a 5
[02/02/2012 14:50:59] /a 5
[02/02/2012 14:51:00] /a 5
[02/02/2012 14:51:00] /a 5
[02/02/2012 14:51:01] /a 5
[02/02/2012 14:51:01] /a 5
[02/02/2012 14:51:02] /a 5
[02/02/2012 14:51:02] /a 5
[02/02/2012 14:51:02] /a 5
[02/02/2012 14:51:03] /a 5
[02/02/2012 14:51:03] /a 5
[02/02/2012 14:51:03] /a 5
[02/02/2012 14:51:04] /a 5
[02/02/2012 14:51:04] /a 5
[02/02/2012 14:51:04] /a 5
[02/02/2012 14:51:05] /a 5
[02/02/2012 14:51:06] /a 5
[02/02/2012 14:51:08] /a 5
[02/02/2012 14:51:10] /a 5
[02/02/2012 14:51:12] /a 5
[02/02/2012 14:51:13] /a 5
[02/02/2012 14:51:18] /a 5
[02/02/2012 14:51:19] /a 5
[02/02/2012 14:51:20] /a 5
[02/02/2012 14:51:21] /a 5
[02/02/2012 14:51:21] /a 5
[02/02/2012 14:51:24] /a 10
[02/02/2012 14:51:25] /a 10
[02/02/2012 14:51:26] /a 10
[02/02/2012 14:51:30] /c adm rokage
[02/02/2012 14:51:59] /c itachi vingador
[02/02/2012 14:52:52] /c itachi vingador
[02/02/2012 14:53:11] /a
[02/02/2012 14:53:46] /a
[02/02/2012 14:53:48] /newtype 75
[02/02/2012 14:54:01] /a
[02/02/2012 14:54:10] /a 5
[02/02/2012 14:54:14] /up
[02/02/2012 14:54:19] /up
[02/02/2012 14:54:23] /up
[02/02/2012 14:54:28] /goto itachi vingador
[02/02/2012 14:54:36] /t itachi vingador
[02/02/2012 14:54:37] /t
[02/02/2012 14:54:47] /i ultimate potion
[02/02/2012 15:22:35] /goto adm rokage
[02/02/2012 15:22:46] /newtype 75
[02/02/2012 15:24:18] /i 2018
[02/02/2012 15:24:33] /r
[02/02/2012 15:24:41] /i 4195
[02/02/2012 15:25:05] /i 4526
[02/02/2012 15:25:09] /r
[02/02/2012 15:28:55] /m kyuubi
[02/02/2012 15:30:22] /newtype 86
[02/02/2012 15:30:55] /newtype 75
[02/02/2012 15:49:42] /goto adm rokage
[02/02/2012 15:50:16] /a
[02/02/2012 16:09:05] /goto adm rokage
[02/02/2012 16:12:16] /newtype 75
[02/02/2012 16:36:09] /newtype 50
[02/02/2012 16:36:12] /newtype 41
[02/02/2012 16:36:13] /newtype 42
[02/02/2012 16:36:15] /newtype 43
[02/02/2012 16:36:17] /newtype 44
[02/02/2012 16:36:18] /newtype 45
[02/02/2012 16:36:20] /newtype 46
[02/02/2012 16:36:22] /newtype 47
[02/02/2012 16:36:23] /newtype 48
[02/02/2012 16:36:26] /newtype 49
[02/02/2012 16:36:28] /newtype 31
[02/02/2012 16:36:29] /newtype 32
[02/02/2012 16:36:31] /newtype 33
[02/02/2012 16:36:33] /newtype 34
[02/02/2012 16:36:35] /newtype 35
[02/02/2012 16:36:36] /newtype 36
[02/02/2012 16:36:38] /newtype 37
[02/02/2012 16:36:40] /newtype 38
[02/02/2012 16:36:41] /newtype 39
[02/02/2012 16:36:44] /newtype 21
[02/02/2012 16:36:45] /newtype 22
[02/02/2012 16:36:47] /newtype 23
[02/02/2012 16:36:48] /newtype 24
[02/02/2012 16:36:50] /newtype 25
[02/02/2012 16:37:26] /newtype 23
[02/02/2012 16:37:27] /newtype 24
[02/02/2012 16:37:29] /newtype 25
[02/02/2012 16:37:31] /newtype 26
[02/02/2012 16:37:32] /newtype 27
[02/02/2012 16:37:34] /newtype 28
[02/02/2012 16:37:35] /newtype 29
[02/02/2012 16:37:39] /newtype 61
[02/02/2012 16:37:41] /newtype 62
[02/02/2012 16:37:42] /newtype 63
[02/02/2012 16:37:44] /newtype 64
[02/02/2012 16:37:45] /newtype 65
[02/02/2012 16:37:47] /newtype 66
[02/02/2012 16:37:49] /newtype 67
[02/02/2012 16:37:51] /newtype 68
[02/02/2012 16:37:52] /newtype 69
[02/02/2012 16:37:55] /newtype 15
[02/02/2012 16:37:58] /newtype 11
[02/02/2012 16:38:03] /newtype 12
[02/02/2012 16:38:05] /newtype 13
[02/02/2012 16:38:06] /newtype 14
[02/02/2012 16:38:08] /newtype 15
[02/02/2012 16:38:09] /newtype 16
[02/02/2012 16:38:11] /newtype 17
[02/02/2012 16:38:34] /newtype 18
[02/02/2012 16:38:36] /newtype 19
[02/02/2012 16:38:39] /newtype 20
[02/02/2012 16:38:41] /newtype 1
[02/02/2012 16:38:44] /newtype 2
[02/02/2012 16:38:46] /newtype 3
[02/02/2012 16:38:47] /newtype 4
[02/02/2012 16:38:49] /newtype 5
[02/02/2012 16:38:50] /newtype 6
[02/02/2012 16:38:52] /newtype 7
[02/02/2012 16:38:53] /newtype 8
[02/02/2012 16:38:55] /newtype 9
[02/02/2012 16:38:58] /newtype 10
[02/02/2012 16:39:03] /newtype 11
[02/02/2012 16:39:05] /newtype 111
[02/02/2012 16:39:08] /newtype 112
[02/02/2012 16:39:11] /newtype 113
[02/02/2012 16:39:13] /newtype 114
[02/02/2012 16:39:15] /newtype 115
[02/02/2012 16:39:18] /newtype 116
[02/02/2012 16:39:20] /newtype 117
[02/02/2012 16:39:22] /newtype 118
[02/02/2012 16:39:24] /newtype 119
[02/02/2012 16:39:25] /newtype 120
[02/02/2012 16:39:28] /newtype 121
[02/02/2012 16:39:31] /newtype 121
[02/02/2012 16:39:33] /newtype 122
[02/02/2012 16:39:35] /newtype 123
[02/02/2012 16:39:37] /newtype 124
[02/02/2012 16:39:38] /newtype 125
[02/02/2012 16:39:40] /newtype 126
[02/02/2012 16:39:42] /newtype 127
[02/02/2012 16:39:44] /newtype 128
[02/02/2012 16:48:44] /newtype 52
[03/02/2012 15:05:21] /newtype 75
[03/02/2012 15:07:49] /b .........
[03/02/2012 15:09:49] /a
[03/02/2012 15:09:52] /i 414
[03/02/2012 15:09:54] /i 414
[03/02/2012 15:09:56] /a
[03/02/2012 15:09:57] /i 414
[03/02/2012 15:10:00] /i 414
[03/02/2012 15:10:02] /r
[03/02/2012 15:10:12] /i stairs
[03/02/2012 15:10:18] /a
[03/02/2012 15:10:22] /i 414
[03/02/2012 15:10:24] /r
[03/02/2012 15:10:31] /up
[03/02/2012 15:10:38] /a
[03/02/2012 15:10:42] /i 414
[03/02/2012 15:10:45] /r all
[03/02/2012 15:11:08] /a
[03/02/2012 15:11:12] /i 1112
[03/02/2012 15:11:20] /up
[03/02/2012 15:11:34] /i 414
[03/02/2012 15:11:35] /i 414
[03/02/2012 15:11:36] /i 414
[03/02/2012 15:11:37] /i 414
[03/02/2012 15:11:38] /i 414
[03/02/2012 15:11:38] /i 414
[03/02/2012 15:11:39] /i 414
[03/02/2012 15:11:40] /i 414
[03/02/2012 15:11:40] /i 414
[03/02/2012 15:11:41] /i 414
[03/02/2012 15:11:42] /i 414
[03/02/2012 15:11:43] /i 414
[03/02/2012 15:11:45] /i 414
[03/02/2012 15:11:45] /i 414
[03/02/2012 15:11:46] /i 414
[03/02/2012 15:11:48] /i 414
[03/02/2012 15:11:49] /i 414
[03/02/2012 15:11:50] /i 414
[03/02/2012 15:11:51] /i 414
[03/02/2012 15:11:53] /i 414
[03/02/2012 15:11:54] /i 414
[03/02/2012 15:11:55] /a
[03/02/2012 15:11:56] /i 414
[03/02/2012 15:11:58] /i 414
[03/02/2012 15:11:59] /i 414
[03/02/2012 15:12:00] /i 414
[03/02/2012 15:12:01] /i 414
[03/02/2012 15:12:02] /i 414
[03/02/2012 15:12:03] /i 414
[03/02/2012 15:12:04] /i 414
[03/02/2012 15:12:07] /i 414
[03/02/2012 15:12:08] /i 414
[03/02/2012 15:12:12] /r
[03/02/2012 15:12:15] /i 414
[03/02/2012 15:12:18] /r
[03/02/2012 15:12:19] /r
[03/02/2012 15:12:21] /i 414
[03/02/2012 15:12:22] /i 414
[03/02/2012 15:12:24] /a
[03/02/2012 15:12:26] /i 414
[03/02/2012 15:12:31] /r
[03/02/2012 15:12:33] /i 414
[03/02/2012 15:12:42] /i 1112
[03/02/2012 15:12:48] /r
[03/02/2012 15:12:49] /r
[03/02/2012 15:12:56] /r
[03/02/2012 15:12:59] /r
[03/02/2012 15:13:01] /r
[03/02/2012 15:13:02] /r
[03/02/2012 15:13:04] /r
[03/02/2012 15:13:11] /a
[03/02/2012 15:13:14] /i 414
[03/02/2012 15:14:43] /i 999
[03/02/2012 15:14:45] /i 999
[03/02/2012 15:14:47] /r
[03/02/2012 15:14:50] /i 999
[03/02/2012 15:14:52] /a
[03/02/2012 15:14:53] /i 999
[03/02/2012 15:14:56] /r
[03/02/2012 15:14:58] /r
[03/02/2012 15:15:01] /a
[03/02/2012 15:15:03] /r
[03/02/2012 15:15:07] /i 999
[03/02/2012 15:15:09] /r
[03/02/2012 15:15:13] /r
[03/02/2012 15:15:16] /r
[03/02/2012 15:15:24] /i 1535
[03/02/2012 15:15:26] /r
[03/02/2012 15:15:29] /i 1537
[03/02/2012 15:15:31] /r
[03/02/2012 15:15:33] /i 1533
[03/02/2012 15:15:45] /i 4526
[03/02/2012 15:15:47] /i 4526
[03/02/2012 15:15:49] /i 4526
[03/02/2012 15:15:50] /i 4526
[03/02/2012 15:15:51] /a
[03/02/2012 15:15:52] /i 4526
[03/02/2012 15:16:02] /i 3304
[03/02/2012 15:16:27] /i 3304
[03/02/2012 15:16:31] /r
[03/02/2012 15:16:39] /i 4526
[03/02/2012 15:16:41] /i 4526
[03/02/2012 15:16:44] /i 4526
[03/02/2012 15:16:59] /a
[03/02/2012 15:17:03] /a
[03/02/2012 15:17:06] /a
[03/02/2012 15:17:11] /a
[03/02/2012 15:21:41] /a
[03/02/2012 15:22:02] /newtype 51
[03/02/2012 15:39:37] /goto adm rokage
[03/02/2012 15:41:41] /newtype 1
[03/02/2012 15:41:43] /newtype 2
[03/02/2012 15:42:19] /newtype 3
[03/02/2012 15:42:21] /newtype 4
[03/02/2012 15:42:23] /newtype 5
[03/02/2012 15:43:34] /newtype 2
[03/02/2012 15:43:37] /newtype 6
[03/02/2012 15:43:39] /newtype 7
[03/02/2012 15:43:40] /newtype 8
[03/02/2012 15:43:42] /newtype 9
[03/02/2012 15:43:45] /newtype 95
[03/02/2012 15:46:02] /newtype 50
[03/02/2012 15:46:06] /newtype 49
[03/02/2012 15:46:10] /newtype 51
[03/02/2012 16:01:55] /goto adm rokage
[03/02/2012 16:05:41] /newtype 281
[03/02/2012 16:05:43] /newtype 282
[03/02/2012 16:05:46] /newtype 283
[03/02/2012 16:05:47] /newtype 2834
[03/02/2012 16:05:50] /newtype 284
[03/02/2012 16:56:36] /goto adm rokage
[03/02/2012 18:14:06] /goto adm rokage
[03/02/2012 18:14:08] /goto adm rokage
[03/02/2012 18:15:48] /goto krong ninja
[03/02/2012 18:16:22] /goto adm rokage
[03/02/2012 18:19:17] /goto kakashi
