[23/10/2012 14:34:06] /mute Kakashi san, 1
[23/10/2012 14:34:47] /mute harakiri, 10
[23/10/2012 14:35:15] /mute harakiri, 1
[23/10/2012 14:35:40] /mute harakiri, 10
[23/10/2012 14:35:42] /mute harakiri, 10
[23/10/2012 14:35:43] /mute harakiri, 10
[23/10/2012 14:35:43] /mute harakiri, 10
[23/10/2012 14:35:44] /mute harakiri, 10
[23/10/2012 14:36:04] /mute harakiri, 10
[23/10/2012 14:36:13] /mute harakiri, 10
[23/10/2012 14:36:22] /mute harakiri, 10
[23/10/2012 14:40:17] /mute style kankuro, 3
[23/10/2012 14:44:01] /mute dlink, 3
[28/10/2012 18:43:00] /b Iae Galera ;D
[28/10/2012 18:50:11] /b ;D
[28/10/2012 21:40:01] /b Volteii eae
[28/10/2012 21:40:47] /mute gladiador, 10
[28/10/2012 21:41:03] /mute mito, 10
[28/10/2012 21:50:14] /mute susane, 10
[28/10/2012 21:52:02] /b vo ali tomar banho ja volto
[28/10/2012 21:52:05] /b Banheta *
[28/10/2012 22:35:56] /mute doug roludo, 1
[28/10/2012 22:37:03] /mute doug roludo, 2
[28/10/2012 22:42:33] /mute doug roludo, 2
[28/10/2012 22:43:23] /mute doug roludo, 10
[30/10/2012 19:24:41] /b saindo até mais ;x
[09/11/2012 18:31:19] /b Booom Diia ;2
[09/11/2012 18:31:25] /b ou tarde ;s
