[25/01/2012 16:10:18] /newtype 91
[25/01/2012 16:10:20] /newtype 92
[25/01/2012 16:10:22] /newtype 93
[25/01/2012 16:10:24] /newtype 94
[25/01/2012 16:10:26] /newtype 95
[25/01/2012 16:10:27] /newtype 96
[25/01/2012 16:10:28] /newtype 97
[25/01/2012 16:10:31] /newtype 98
[25/01/2012 16:10:34] /newtype 99
[25/01/2012 16:10:36] /newtype 100
[25/01/2012 16:10:37] /newtype 101
[25/01/2012 16:10:39] /newtype 102
[25/01/2012 16:10:40] /newtype 103
[25/01/2012 16:10:41] /newtype 104
[25/01/2012 16:10:44] /newtype 105
[25/01/2012 16:10:45] /newtype 106
[25/01/2012 16:10:47] /newtype 107
[25/01/2012 16:10:51] /newtype 108
[25/01/2012 16:10:52] /newtype 109
[25/01/2012 16:10:53] /newtype 110
[25/01/2012 16:10:55] /newtype 111
[25/01/2012 16:10:56] /newtype 112
[25/01/2012 16:10:58] /newtype 113
[25/01/2012 16:11:01] /newtype 114
[25/01/2012 16:11:02] /newtype 115
[25/01/2012 16:11:03] /newtype 116
[25/01/2012 16:11:05] /newtype 117
[25/01/2012 16:11:06] /newtype 118
[25/01/2012 16:11:08] /newtype 119
[25/01/2012 16:11:15] /newtype 120
[25/01/2012 16:11:17] /newtype 121
[25/01/2012 16:11:17] /newtype 122
[25/01/2012 16:11:19] /newtype 123
[25/01/2012 16:12:08] /newtype 1
[25/01/2012 16:12:37] /newtype 75
[25/01/2012 16:12:44] /newtype 2
[25/01/2012 16:12:45] /newtype 3
[25/01/2012 16:12:46] /newtype 4
[25/01/2012 16:12:47] /newtype 5
[25/01/2012 16:12:48] /newtype 6
[25/01/2012 16:12:49] /newtype 7
[25/01/2012 16:12:50] /newtype 8
[25/01/2012 16:12:51] /newtype 9
[25/01/2012 16:12:53] /newtype 10
[25/01/2012 16:12:54] /newtype 11
[25/01/2012 16:12:55] /newtype 12
[25/01/2012 16:12:56] /newtype 13
[25/01/2012 16:12:57] /newtype 14
[25/01/2012 16:12:58] /newtype 15
[25/01/2012 16:12:59] /newtype 16
[25/01/2012 16:13:03] /newtype 17
[25/01/2012 16:13:04] /newtype 18
[25/01/2012 16:13:05] /newtype 19
[25/01/2012 16:13:07] /newtype 20
[25/01/2012 16:13:08] /newtype 21
[25/01/2012 16:13:09] /newtype 22
[25/01/2012 16:13:10] /newtype 23
[25/01/2012 16:13:11] /newtype 24
[25/01/2012 16:13:14] /newtype 25
[25/01/2012 16:13:17] /newtype 26
[25/01/2012 16:13:18] /newtype 27
[25/01/2012 16:13:19] /newtype 28
[25/01/2012 16:13:21] /newtype 29
[25/01/2012 16:13:23] /newtype 30
[25/01/2012 16:13:24] /newtype 31
[25/01/2012 16:13:25] /newtype 32
[25/01/2012 16:13:26] /newtype 33
[25/01/2012 16:13:28] /newtype 34
[25/01/2012 16:13:29] /newtype 35
[25/01/2012 16:13:30] /newtype 36
[25/01/2012 16:13:31] /newtype 37
[25/01/2012 16:13:32] /newtype 38
[25/01/2012 16:14:15] /newtype 157
[25/01/2012 16:14:25] /newtype 158
[25/01/2012 16:14:43] /newtype 170
[25/01/2012 16:15:23] /newtype 159
[25/01/2012 16:15:26] /newtype 160
[25/01/2012 16:15:27] /newtype 161
[25/01/2012 16:15:28] /newtype 162
[25/01/2012 16:16:49] /newtype 91
[25/01/2012 16:16:51] /newtype 92
[25/01/2012 16:16:52] /newtype 93
[25/01/2012 16:16:54] /newtype 94
[25/01/2012 16:16:56] /newtype 95
[25/01/2012 16:16:57] /newtype 96
[25/01/2012 16:16:59] /newtype 95
[25/01/2012 16:17:37] /r
[25/01/2012 16:22:05] /reload talkactions
[25/01/2012 16:22:18] /a
[25/01/2012 16:22:38] /reload talkactions
[25/01/2012 16:23:29] /addskill Marmotinha, level, 24
[25/01/2012 16:24:22] /addskill Marmotinha, level, 84
[25/01/2012 16:27:09] /i kazekage coat
[25/01/2012 16:36:49] /addskill marmotinha, level, 11
[25/01/2012 16:37:21] /down
[25/01/2012 16:38:32] /newtype 179
[25/01/2012 17:08:42] /reload talkaction
[25/01/2012 17:11:08] /reload talkactions
[25/01/2012 17:12:04] /reload talkactions
[25/01/2012 17:12:35] /reload talkactions
[25/01/2012 17:12:58] /reload talkaction
[25/01/2012 17:17:55] /reload talkaction
[25/01/2012 17:20:19] /reload talkactions
[25/01/2012 17:23:38] /reload talkactions
[25/01/2012 17:32:34] /reload talkactions
[25/01/2012 21:10:43] /i backpack
[25/01/2012 21:11:00] /owner Marmotinha
[25/01/2012 21:11:06] /m demon
[25/01/2012 21:11:09] /m itachi
[25/01/2012 21:14:54] /owner Marmotinha
[25/01/2012 21:15:56] /i 2142
[25/01/2012 21:16:15] /i 2393
[25/01/2012 21:16:32] /i 2457
[25/01/2012 21:16:42] /i 2458
[25/01/2012 21:16:56] /i 2460
[25/01/2012 21:17:21] /i 2453
[25/01/2012 21:17:29] /r
[25/01/2012 21:17:34] /i 2463
[25/01/2012 21:17:49] /i 2464
[25/01/2012 21:17:57] /i 2465
[25/01/2012 21:18:03] /i 2466
[25/01/2012 21:18:10] /i 2467
[25/01/2012 21:18:34] /i 2472
[25/01/2012 21:18:43] /i 2476
[25/01/2012 21:19:24] /i 2483
[25/01/2012 21:20:07] /i 2484
[25/01/2012 21:20:24] /i 2485
[25/01/2012 21:20:30] /i 2486
[25/01/2012 21:20:56] /i 2487
[25/01/2012 21:21:21] /i 2489
[25/01/2012 21:21:57] /i 2492
[25/01/2012 21:22:14] /i 2492
[25/01/2012 21:22:37] /i 2494
[25/01/2012 21:22:44] /i 2500
[25/01/2012 21:23:08] /i 2503
[25/01/2012 21:23:32] /i 2505
[25/01/2012 21:30:42] /i 2508
[25/01/2012 21:31:34] /i 2523
[25/01/2012 21:32:15] /i 2650
[25/01/2012 21:32:21] /r
[25/01/2012 21:32:26] /i 2650
[25/01/2012 21:33:03] /i 2651
[25/01/2012 21:33:18] /i 2652
[25/01/2012 21:34:21] /i 2653
[25/01/2012 21:34:53] /i 2654
[25/01/2012 21:35:00] /r
[26/01/2012 21:42:38] /newtype 55
[26/01/2012 21:43:15] /newtype 65
[26/01/2012 21:49:11] /newtype 79
[26/01/2012 21:51:27] /newtype 110
[29/01/2012 14:42:20] /a
[29/01/2012 14:42:23] /m lee trainer
[29/01/2012 14:45:06] /newtype 95
[29/01/2012 14:45:53] /newtype 58
[29/01/2012 14:46:27] /newtype 92
[29/01/2012 14:46:30] /newtype 93
[29/01/2012 14:46:31] /newtype 94
[29/01/2012 14:46:32] /newtype 95
[29/01/2012 14:46:33] /newtype 96
[29/01/2012 14:46:38] /newtype 97
[29/01/2012 14:46:51] /newtype 98
[29/01/2012 14:46:54] /newtype 99
[29/01/2012 14:47:03] /newtype 100
[29/01/2012 14:47:11] /newtype 101
[29/01/2012 14:47:12] /newtype 102
[29/01/2012 14:47:40] /newtype 42
[29/01/2012 14:49:12] /newtype 91
[29/01/2012 14:49:23] /newtype 90
[29/01/2012 14:49:30] /newtype 92
[29/01/2012 14:49:33] /newtype 93
[29/01/2012 14:50:04] /newtype 49
[29/01/2012 14:50:09] /newtype 42
[29/01/2012 14:50:14] /reload monster
[29/01/2012 14:50:26] /a
[29/01/2012 14:50:37] /attr health
[29/01/2012 14:50:40] /attr health
[29/01/2012 14:50:45] /attr health
[29/01/2012 14:51:22] /attr health -15000000
[29/01/2012 14:51:27] /attr health -15000000
[29/01/2012 14:51:27] /attr health -15000000
[29/01/2012 14:51:31] /attr health -15000000
[29/01/2012 14:51:32] /attr health -15000000
[29/01/2012 14:51:33] /attr health -15000000
[29/01/2012 14:51:35] /attr health -15000000
[29/01/2012 14:51:36] /attr health -15000000
[29/01/2012 14:51:38] /attr health -15000000
[29/01/2012 14:51:39] /attr health -15000000
[29/01/2012 14:51:42] /attr health -15000000
[29/01/2012 14:51:46] /attr health -15000000
[29/01/2012 14:51:50] /attr health -15000000
[29/01/2012 14:51:51] /attr health -15000000
[29/01/2012 14:51:53] /attr health -15000000
[29/01/2012 14:51:54] /attr health -15000000
[29/01/2012 14:52:38] /i depot
[29/01/2012 14:52:52] /m trainer
[29/01/2012 14:52:59] /r
[29/01/2012 14:54:24] /up
[29/01/2012 14:54:26] /a
[29/01/2012 14:54:36] /r
[29/01/2012 14:54:41] /r
[29/01/2012 14:54:44] /r
[29/01/2012 14:54:45] /r
[29/01/2012 14:54:45] /r
[29/01/2012 14:54:46] /r
[29/01/2012 14:54:50] /r
[29/01/2012 14:54:57] /r
[29/01/2012 14:54:57] /r
[29/01/2012 14:55:00] /r
[29/01/2012 14:55:03] /r
[29/01/2012 14:55:03] /r
[29/01/2012 14:55:03] /r
[29/01/2012 14:55:06] /r
[29/01/2012 14:55:06] /r
[29/01/2012 14:55:11] /r
[29/01/2012 14:55:13] /r
[29/01/2012 14:55:14] /r
[29/01/2012 14:55:15] /r
[29/01/2012 14:55:16] /r
[29/01/2012 14:55:20] /t
[29/01/2012 14:55:27] /r
[29/01/2012 14:55:32] /r
[29/01/2012 15:44:08] /reload talkactions
[29/01/2012 16:00:05] /reload talkactions
[29/01/2012 16:09:49] /newtype 40
[29/01/2012 21:39:11] /newtype 62
[29/01/2012 21:40:10] /reload talkactions
[29/01/2012 21:41:06] /reload talkactions
[29/01/2012 21:48:39] /reload talkactions
[29/01/2012 21:58:48] /reload talkactions
[29/01/2012 22:02:49] /i 2160
[29/01/2012 22:07:21] /reload talkactions
[29/01/2012 22:27:50] /newtype 95
[29/01/2012 22:36:17] /reload talkactions
[29/01/2012 22:50:10] /reload talkactions
[30/01/2012 16:37:11] /reload talkactions
[01/02/2012 20:39:16] /t
[01/02/2012 20:40:58] /attr group 5
[01/02/2012 20:41:08] /r
[28/04/2012 14:44:58] /attr group 6
[28/04/2012 14:45:10] /newtype 394
[28/04/2012 14:45:13] /t
[28/04/2012 14:45:32] /attr group 1
[28/04/2012 14:45:34] /attr group 1
[28/04/2012 14:45:55] /name Marmotinha, .
[28/04/2012 14:46:51] /attr group 1
