[11/10/2013 23:37:52] /b Novo membro da STAFF :D
[11/10/2013 23:38:27] /ghost
[11/10/2013 23:38:33] /ghost
[11/10/2013 23:39:11] /ghost
[11/10/2013 23:44:50] /i nidaime armor
[11/10/2013 23:45:49] /owner Credibillity
[11/10/2013 23:46:37] /i yondaime coat
[11/10/2013 23:46:40] /i kakashi mask
[11/10/2013 23:46:44] /i sasuke legrobe
[11/10/2013 23:46:53] /i speed boots
[11/10/2013 23:47:15] /i kunai explosion
[11/10/2013 23:48:04] /i purple backpack
[11/10/2013 23:48:12] /i gold bar
[11/10/2013 23:48:44] /i gold bar
[11/10/2013 23:48:45] /i gold bar
[11/10/2013 23:48:45] /i gold bar
[11/10/2013 23:50:16] /i anbu
[11/10/2013 23:59:04] /a 5
[11/10/2013 23:59:10] /goto itz coca coca
[11/10/2013 23:59:14] /t
