[16/04/2012 21:56:58] /r
[16/04/2012 21:57:52] /b vini tu so faz bosta
[16/04/2012 21:57:54] /b pqp
[16/04/2012 21:58:18] /r
[16/04/2012 21:59:08] /r
[16/04/2012 21:59:09] /r
[16/04/2012 21:59:10] /r
[16/04/2012 21:59:11] /r
[16/04/2012 21:59:12] /r
[16/04/2012 21:59:13] /r
[16/04/2012 21:59:14] /r
[16/04/2012 21:59:17] /r
[16/04/2012 21:59:18] /r
[16/04/2012 22:01:47] /a 3
[16/04/2012 22:02:26] /r
[16/04/2012 22:02:30] /goto lukas
[16/04/2012 22:02:52] /t
[16/04/2012 22:03:36] /b ae gente n sou eu q sou tutor aki --''
[16/04/2012 22:03:55] /c hoster
[16/04/2012 22:04:08] /r
[16/04/2012 22:04:12] /r
[16/04/2012 22:04:57] /a 10
[16/04/2012 22:05:12] /r
[16/04/2012 22:05:14] /r
[16/04/2012 22:05:16] /r
[16/04/2012 22:05:17] /r
[16/04/2012 22:05:18] /r
[16/04/2012 22:05:20] /r
[16/04/2012 22:05:22] /r
[16/04/2012 22:05:23] /r
[16/04/2012 22:05:26] /r
[16/04/2012 22:05:26] /r
[16/04/2012 22:05:27] /r
[16/04/2012 22:05:28] /r
[16/04/2012 22:05:30] /r
[16/04/2012 22:05:30] /r
[16/04/2012 22:05:31] /r
[16/04/2012 22:05:32] /r
[16/04/2012 22:05:32] /r
[16/04/2012 22:05:33] /r
[16/04/2012 22:05:34] /r
[16/04/2012 22:05:34] /r
[16/04/2012 22:05:37] /r
[16/04/2012 22:05:38] /r
[16/04/2012 22:05:39] /r
[16/04/2012 22:05:40] /r
[16/04/2012 22:05:40] /r
[16/04/2012 22:05:41] /r
[16/04/2012 22:05:41] /r
[16/04/2012 22:05:41] /r
[16/04/2012 22:05:42] /r
[16/04/2012 22:05:42] /r
[16/04/2012 22:05:43] /r
[16/04/2012 22:05:44] /r
[16/04/2012 22:06:37] /ghost
[16/04/2012 22:06:44] /c hoster
[16/04/2012 22:07:49] /a
[16/04/2012 22:07:49] /a
[16/04/2012 22:07:49] /a
[16/04/2012 22:07:50] /a
[16/04/2012 22:07:50] /a
[16/04/2012 22:07:50] /a
[16/04/2012 22:07:50] /a
[16/04/2012 22:07:50] /a
[16/04/2012 22:07:50] /a
[16/04/2012 22:07:55] /a
[16/04/2012 22:07:55] /a
[16/04/2012 22:07:55] /a
[16/04/2012 22:07:55] /a
[16/04/2012 22:07:55] /a
[16/04/2012 22:07:55] /a
[16/04/2012 22:07:55] /a
[16/04/2012 22:07:55] /a
[16/04/2012 22:07:55] /a
[16/04/2012 22:07:55] /a
[16/04/2012 22:07:55] /a
[16/04/2012 22:07:55] /a
[16/04/2012 22:07:55] /a
[16/04/2012 22:07:55] /a
[16/04/2012 22:07:55] /a
[16/04/2012 22:07:55] /a
[16/04/2012 22:07:55] /a
[16/04/2012 22:07:55] /a
[16/04/2012 22:07:55] /a
[16/04/2012 22:07:55] /a
[16/04/2012 22:07:55] /a
[16/04/2012 22:07:56] /a
[16/04/2012 22:07:56] /a
[16/04/2012 22:07:56] /a
[16/04/2012 22:07:56] /a
[16/04/2012 22:07:56] /a
[16/04/2012 22:07:56] /a
[16/04/2012 22:07:56] /a
[16/04/2012 22:07:56] /a
[16/04/2012 22:07:56] /a
[16/04/2012 22:07:56] /a
[16/04/2012 22:07:57] /a
[16/04/2012 22:07:57] /a
[16/04/2012 22:07:57] /a
[16/04/2012 22:07:57] /a
[16/04/2012 22:07:57] /a
[16/04/2012 22:07:57] /a
[16/04/2012 22:07:57] /a
[16/04/2012 22:07:57] /a
[16/04/2012 22:07:57] /a
[16/04/2012 22:07:57] /a
[16/04/2012 22:07:57] /a
[16/04/2012 22:07:57] /a
[16/04/2012 22:07:57] /a
[16/04/2012 22:07:57] /a
[16/04/2012 22:07:57] /a
[16/04/2012 22:07:57] /a
[16/04/2012 22:07:57] /a
[16/04/2012 22:07:57] /a
[16/04/2012 22:07:58] /a
[16/04/2012 22:07:58] /a
[16/04/2012 22:07:58] /a
[16/04/2012 22:07:58] /a
[16/04/2012 22:07:58] /a
[16/04/2012 22:07:58] /a
[16/04/2012 22:07:58] /a
[16/04/2012 22:07:58] /a
[16/04/2012 22:07:58] /a
[16/04/2012 22:07:58] /a
[16/04/2012 22:07:58] /a
[16/04/2012 22:07:58] /a
[16/04/2012 22:07:58] /a
[16/04/2012 22:07:58] /a
[16/04/2012 22:07:58] /a
[16/04/2012 22:07:58] /a
[16/04/2012 22:07:58] /a
[16/04/2012 22:07:58] /a
[16/04/2012 22:07:58] /a
[16/04/2012 22:07:58] /a
[16/04/2012 22:07:58] /a
[16/04/2012 22:07:58] /a
[16/04/2012 22:07:58] /a
[16/04/2012 22:07:58] /a
[16/04/2012 22:07:58] /a
[16/04/2012 22:07:58] /a
[16/04/2012 22:07:58] /a
[16/04/2012 22:08:02] /a
[16/04/2012 22:08:02] /a
[16/04/2012 22:08:04] /a
[16/04/2012 22:08:04] /a
[16/04/2012 22:08:04] /a
[16/04/2012 22:08:04] /a
[16/04/2012 22:08:04] /a
[16/04/2012 22:08:04] /a
[16/04/2012 22:08:04] /a
[16/04/2012 22:08:04] /a
[16/04/2012 22:08:04] /a
[16/04/2012 22:08:04] /a
[16/04/2012 22:08:04] /a
[16/04/2012 22:08:05] /a
[16/04/2012 22:08:05] /a
[16/04/2012 22:08:05] /a
[16/04/2012 22:08:05] /a
[16/04/2012 22:08:05] /a
[16/04/2012 22:08:05] /a
[16/04/2012 22:08:06] /a
[16/04/2012 22:08:07] /a
[16/04/2012 22:08:07] /a
[16/04/2012 22:08:07] /a
[16/04/2012 22:08:07] /a
[16/04/2012 22:08:07] /a
[16/04/2012 22:08:07] /a
[16/04/2012 22:08:07] /a
[16/04/2012 22:08:07] /a
[16/04/2012 22:08:07] /a
[16/04/2012 22:08:07] /a
[16/04/2012 22:08:11] /a
[16/04/2012 22:08:11] /a
[16/04/2012 22:08:11] /a
[16/04/2012 22:08:11] /a
[16/04/2012 22:08:11] /a
[16/04/2012 22:08:11] /a
[16/04/2012 22:08:11] /a
[16/04/2012 22:08:11] /a
[16/04/2012 22:08:11] /a
[16/04/2012 22:08:11] /a
[16/04/2012 22:08:11] /a
[16/04/2012 22:08:11] /a
[16/04/2012 22:08:11] /a
[16/04/2012 22:08:11] /a
[16/04/2012 22:08:11] /a
[16/04/2012 22:08:11] /a
[16/04/2012 22:08:11] /a
[16/04/2012 22:08:14] /a
[16/04/2012 22:08:14] /a
[16/04/2012 22:08:14] /a
[16/04/2012 22:08:14] /a
[16/04/2012 22:08:14] /a
[16/04/2012 22:08:14] /a
[16/04/2012 22:08:14] /a
[16/04/2012 22:08:14] /a
[16/04/2012 22:08:14] /a
[16/04/2012 22:08:14] /a
[16/04/2012 22:08:14] /a
[16/04/2012 22:08:14] /a
[16/04/2012 22:08:14] /a
[16/04/2012 22:08:14] /a
[16/04/2012 22:08:17] /a
[16/04/2012 22:08:17] /a
[16/04/2012 22:08:17] /a
[16/04/2012 22:08:17] /a
[16/04/2012 22:08:17] /a
[16/04/2012 22:08:17] /a
[16/04/2012 22:08:17] /a
[16/04/2012 22:08:17] /a
[16/04/2012 22:08:17] /a
[16/04/2012 22:08:17] /a
[16/04/2012 22:08:17] /a
[16/04/2012 22:08:19] /a
[16/04/2012 22:08:20] /a
[16/04/2012 22:08:20] /a
[16/04/2012 22:08:28] /a
[16/04/2012 22:08:42] /a
[16/04/2012 22:08:42] /a
[16/04/2012 22:08:42] /a
[16/04/2012 22:10:22] /c hoster
[16/04/2012 22:11:07] /r
[16/04/2012 22:11:07] /r
[16/04/2012 22:11:07] /r
[16/04/2012 22:11:08] /r
[16/04/2012 22:11:09] /r
[16/04/2012 22:11:12] /r
[16/04/2012 22:11:13] /r
[16/04/2012 22:11:17] /a
[16/04/2012 22:11:17] /a
[16/04/2012 22:11:18] /a
[16/04/2012 22:11:18] /a
[16/04/2012 22:11:19] /a
[16/04/2012 22:11:19] /a
[16/04/2012 22:11:19] /a
[16/04/2012 22:11:19] /a
[16/04/2012 22:11:19] /a
[16/04/2012 22:11:20] /a
[16/04/2012 22:11:20] /a
[16/04/2012 22:11:20] /a
[16/04/2012 22:11:20] /a
[16/04/2012 22:11:20] /a
[16/04/2012 22:11:20] /a
[16/04/2012 22:11:20] /a
[16/04/2012 22:11:31] /a
[16/04/2012 22:11:31] /a
[16/04/2012 22:11:45] /a
[16/04/2012 22:13:08] /b adm vou fazer um rango ja  volto
