[02/02/2012 12:58:38] /r
[02/02/2012 12:58:41] /r
[02/02/2012 12:58:42] /r
[02/02/2012 12:58:44] /r
[02/02/2012 12:58:45] /r
[02/02/2012 12:59:29] /a
[02/02/2012 12:59:30] /a
[02/02/2012 13:03:53] /addskill Narutozinhow Supremo,magic
[02/02/2012 13:03:54] /addskill Narutozinhow Supremo,magic
[02/02/2012 13:03:55] /addskill Narutozinhow Supremo,magic
[02/02/2012 13:03:55] /addskill Narutozinhow Supremo,magic
[02/02/2012 13:03:56] /addskill Narutozinhow Supremo,magic
[02/02/2012 13:03:56] /addskill Narutozinhow Supremo,magic
[02/02/2012 13:03:57] /addskill Narutozinhow Supremo,magic
[02/02/2012 13:03:59] /addskill Narutozinhow Supremo,magic
[02/02/2012 13:03:59] /addskill Narutozinhow Supremo,magic
[02/02/2012 13:03:59] /addskill Narutozinhow Supremo,magic
[02/02/2012 13:04:00] /addskill Narutozinhow Supremo,magic
[02/02/2012 13:04:01] /addskill Narutozinhow Supremo,magic
[02/02/2012 13:04:01] /addskill Narutozinhow Supremo,magic
[02/02/2012 13:04:02] /addskill Narutozinhow Supremo,magic
[02/02/2012 13:04:02] /addskill Narutozinhow Supremo,magic
[02/02/2012 13:04:03] /addskill Narutozinhow Supremo,magic
[02/02/2012 13:04:09] /addskill Narutozinhow Supremo,magic
[02/02/2012 13:04:09] /addskill Narutozinhow Supremo,magic
[02/02/2012 13:04:09] /addskill Narutozinhow Supremo,magic
[02/02/2012 13:04:09] /addskill Narutozinhow Supremo,magic
[02/02/2012 13:04:10] /addskill Narutozinhow Supremo,magic
[02/02/2012 13:04:10] /addskill Narutozinhow Supremo,magic
[02/02/2012 13:04:10] /addskill Narutozinhow Supremo,magic
[02/02/2012 13:04:10] /addskill Narutozinhow Supremo,magic
[02/02/2012 13:04:10] /addskill Narutozinhow Supremo,magic
[02/02/2012 13:04:10] /addskill Narutozinhow Supremo,magic
[02/02/2012 13:04:11] /addskill Narutozinhow Supremo,magic
[02/02/2012 13:04:11] /addskill Narutozinhow Supremo,magic
[02/02/2012 13:04:11] /addskill Narutozinhow Supremo,magic
[02/02/2012 13:04:12] /addskill Narutozinhow Supremo,magic
[02/02/2012 13:04:12] /addskill Narutozinhow Supremo,magic
[02/02/2012 13:04:12] /addskill Narutozinhow Supremo,magic
[02/02/2012 13:04:12] /addskill Narutozinhow Supremo,magic
[02/02/2012 13:04:12] /addskill Narutozinhow Supremo,magic
[02/02/2012 13:04:13] /addskill Narutozinhow Supremo,magic
[02/02/2012 13:04:13] /addskill Narutozinhow Supremo,magic
[02/02/2012 13:04:13] /addskill Narutozinhow Supremo,magic
[02/02/2012 13:04:13] /addskill Narutozinhow Supremo,magic
[02/02/2012 13:04:14] /addskill Narutozinhow Supremo,magic
[02/02/2012 13:04:14] /addskill Narutozinhow Supremo,magic
[02/02/2012 13:04:14] /addskill Narutozinhow Supremo,magic
[02/02/2012 13:04:14] /addskill Narutozinhow Supremo,magic
[02/02/2012 13:04:14] /addskill Narutozinhow Supremo,magic
[02/02/2012 13:04:15] /addskill Narutozinhow Supremo,magic
[02/02/2012 13:04:15] /addskill Narutozinhow Supremo,magic
[02/02/2012 13:04:15] /addskill Narutozinhow Supremo,magic
[02/02/2012 13:04:15] /addskill Narutozinhow Supremo,magic
[02/02/2012 13:04:16] /addskill Narutozinhow Supremo,magic
[02/02/2012 13:04:16] /addskill Narutozinhow Supremo,magic
[02/02/2012 13:04:16] /addskill Narutozinhow Supremo,magic
[02/02/2012 13:04:17] /addskill Narutozinhow Supremo,magic
[02/02/2012 13:04:17] /addskill Narutozinhow Supremo,magic
[02/02/2012 13:04:17] /addskill Narutozinhow Supremo,magic
[02/02/2012 13:04:17] /addskill Narutozinhow Supremo,magic
[02/02/2012 13:04:17] /addskill Narutozinhow Supremo,magic
[02/02/2012 13:04:17] /addskill Narutozinhow Supremo,magic
[02/02/2012 13:04:18] /addskill Narutozinhow Supremo,magic
[02/02/2012 13:04:18] /addskill Narutozinhow Supremo,magic
[02/02/2012 13:04:18] /addskill Narutozinhow Supremo,magic
[02/02/2012 13:04:18] /addskill Narutozinhow Supremo,magic
[02/02/2012 13:04:19] /addskill Narutozinhow Supremo,magic
[02/02/2012 13:04:19] /addskill Narutozinhow Supremo,magic
[02/02/2012 13:04:19] /addskill Narutozinhow Supremo,magic
[02/02/2012 13:04:19] /addskill Narutozinhow Supremo,magic
[02/02/2012 13:04:19] /addskill Narutozinhow Supremo,magic
[02/02/2012 13:04:20] /addskill Narutozinhow Supremo,magic
[02/02/2012 13:04:20] /addskill Narutozinhow Supremo,magic
[02/02/2012 13:04:20] /addskill Narutozinhow Supremo,magic
[02/02/2012 13:04:20] /addskill Narutozinhow Supremo,magic
[02/02/2012 13:04:20] /addskill Narutozinhow Supremo,magic
[02/02/2012 13:04:21] /addskill Narutozinhow Supremo,magic
[02/02/2012 13:04:21] /addskill Narutozinhow Supremo,magic
[02/02/2012 13:04:21] /addskill Narutozinhow Supremo,magic
[02/02/2012 13:04:21] /addskill Narutozinhow Supremo,magic
[02/02/2012 13:04:33] /addskill Narutozinhow Supremo,magic
[02/02/2012 13:04:57] /goto lol baniu errado
[02/02/2012 13:05:21] /newtype 75
[02/02/2012 13:05:25] /newtype 100
[02/02/2012 13:05:30] /newtype 1000
[02/02/2012 13:05:34] /newtype 159
[02/02/2012 13:05:41] /newtype 1560
[02/02/2012 13:05:45] /newtype 500
[02/02/2012 13:05:49] /newtype 400
[02/02/2012 13:08:26] /newtype mateus meu amigo.
[02/02/2012 13:09:18] /goto onde pega itens
[02/02/2012 13:09:56] /addskill narutozinhow supremo,level
[02/02/2012 13:10:04] /addskill narutozinhow supremo,leveel 2000
[02/02/2012 13:10:10] /addskill narutozinhow supremo,level 2000
[02/02/2012 13:10:13] /addskill narutozinhow supremo,level 2000
[02/02/2012 13:10:15] /addskill narutozinhow supremo,level 2000
[02/02/2012 13:10:17] /addskill narutozinhow supremo,level 2000
[02/02/2012 13:10:17] /addskill narutozinhow supremo,level 2000
[02/02/2012 13:10:18] /addskill narutozinhow supremo,level 2000
[02/02/2012 13:10:19] /addskill narutozinhow supremo,level 2000
[02/02/2012 13:10:20] /addskill narutozinhow supremo,level 2000
[02/02/2012 13:10:21] /addskill narutozinhow supremo,level 2000
[02/02/2012 13:10:22] /addskill narutozinhow supremo,level 2000
[02/02/2012 13:10:26] /addskill narutozinhow supremo,level 2000
[02/02/2012 13:10:27] /addskill narutozinhow supremo,level 2000
[02/02/2012 13:10:30] /addskill narutozinhow supremo,level 2000
[02/02/2012 13:10:32] /addskill narutozinhow supremo,level 2000
[02/02/2012 13:10:33] /addskill narutozinhow supremo,level 2000
[02/02/2012 13:10:34] /addskill narutozinhow supremo,level 2000
[02/02/2012 13:10:35] /addskill narutozinhow supremo,level 2000
[02/02/2012 13:10:36] /addskill narutozinhow supremo,level 2000
[02/02/2012 13:10:37] /addskill narutozinhow supremo,level 2000
[02/02/2012 13:10:38] /addskill narutozinhow supremo,level 2000
[02/02/2012 13:11:57] /addskill narutozinhow supremo,level 2
[02/02/2012 13:12:00] /addskill narutozinhow supremo,level 5
[02/02/2012 13:12:02] /addskill narutozinhow supremo,level 6
[02/02/2012 13:12:11] /addskill narutozinhow supremo,lvl1000
[02/02/2012 13:12:15] /addskill narutozinhow supremo,lvl 000
[02/02/2012 13:12:22] /addskill narutozinhow supremo,1000
[02/02/2012 13:12:29] /addskill narutozinhow supremo,1000
[02/02/2012 13:12:34] /addskill narutozinhow supremo,level
[02/02/2012 13:12:37] /addskill narutozinhow supremo,level
[02/02/2012 13:12:50] /a
[02/02/2012 13:13:29] /goto itachi vingador
[02/02/2012 13:15:05] /i ultimate gloves
[02/02/2012 13:15:20] /goto onde pega itens
[02/02/2012 13:15:53] /goto onde pega itens
[02/02/2012 13:16:35] /goto onde pega itens
[02/02/2012 13:17:12] /ghost
[02/02/2012 13:17:18] /goto onde pega itens
[02/02/2012 13:17:46] /attr health +9999999999
[02/02/2012 13:17:50] /attr health +9999999999
[02/02/2012 13:17:55] /attr health +9999999999
[02/02/2012 13:17:59] /attr health +9999999999
[02/02/2012 13:18:01] /attr health +9999999999
[02/02/2012 13:18:02] /attr health +9999999999
[02/02/2012 13:18:04] /attr health +9999999999
[02/02/2012 13:18:08] /attr health +9999999999
[02/02/2012 13:18:10] /attr health +9999999999
[02/02/2012 13:18:12] /attr health +9999999999
[02/02/2012 13:18:14] /attr health +9999999999
[02/02/2012 13:18:16] /attr health +9999999999
[02/02/2012 13:18:21] /r
[02/02/2012 13:18:22] /r
[02/02/2012 13:18:48] /attr level +99999999
[02/02/2012 13:18:54] /attr level 99999
[02/02/2012 13:18:57] /ghost
[02/02/2012 13:19:09] /attr health +9999999999
[02/02/2012 13:19:11] /attr health +9999999999
[02/02/2012 13:19:12] /attr health +9999999999
[02/02/2012 13:19:40] /r
[02/02/2012 13:20:20] /goto onde pega itens
[02/02/2012 13:20:44] /down
[02/02/2012 13:20:48] /up
[02/02/2012 13:21:31] /down itachi vingador
[02/02/2012 13:21:46] /newtype 10
[02/02/2012 13:22:54] /down
[02/02/2012 13:23:09] /a
[02/02/2012 13:23:09] /a
[02/02/2012 13:23:09] /a
[02/02/2012 13:23:09] /a
[02/02/2012 13:23:10] /a
[02/02/2012 13:23:10] /a
[02/02/2012 13:23:10] /a
[02/02/2012 13:23:10] /a
[02/02/2012 13:23:10] /a
[02/02/2012 13:23:10] /a
[02/02/2012 13:23:10] /a
[02/02/2012 13:23:10] /a
[02/02/2012 13:23:10] /a
[02/02/2012 13:23:10] /a
[02/02/2012 13:23:10] /a
[02/02/2012 13:23:10] /a
[02/02/2012 13:23:10] /a
[02/02/2012 13:23:10] /a
[02/02/2012 13:23:10] /a
[02/02/2012 13:23:10] /a
[02/02/2012 13:23:10] /a
[02/02/2012 13:23:10] /a
[02/02/2012 13:23:10] /a
[02/02/2012 13:23:10] /a
[02/02/2012 13:23:10] /a
[02/02/2012 13:23:10] /a
[02/02/2012 13:23:10] /a
[02/02/2012 13:23:10] /a
[02/02/2012 13:23:10] /a
[02/02/2012 13:23:11] /a
[02/02/2012 13:23:11] /a
[02/02/2012 13:23:11] /a
[02/02/2012 13:23:11] /a
[02/02/2012 13:23:11] /a
[02/02/2012 13:23:11] /a
[02/02/2012 13:23:11] /a
[02/02/2012 13:23:11] /a
[02/02/2012 13:23:11] /a
[02/02/2012 13:23:11] /a
[02/02/2012 13:23:11] /a
[02/02/2012 13:23:11] /a
[02/02/2012 13:23:11] /a
[02/02/2012 13:23:11] /a
[02/02/2012 13:23:11] /a
[02/02/2012 13:23:11] /a
[02/02/2012 13:23:11] /a
[02/02/2012 13:23:11] /a
[02/02/2012 13:23:11] /a
[02/02/2012 13:23:11] /a
[02/02/2012 13:23:11] /a
[02/02/2012 13:23:11] /a
[02/02/2012 13:23:11] /a
[02/02/2012 13:23:11] /a
[02/02/2012 13:23:12] /a
[02/02/2012 13:23:12] /a
[02/02/2012 13:23:12] /a
[02/02/2012 13:23:12] /a
[02/02/2012 13:23:12] /a
[02/02/2012 13:23:12] /a
[02/02/2012 13:23:12] /a
[02/02/2012 13:23:12] /a
[02/02/2012 13:23:12] /a
[02/02/2012 13:23:12] /a
[02/02/2012 13:23:12] /a
[02/02/2012 13:23:12] /a
[02/02/2012 13:23:12] /a
[02/02/2012 13:23:12] /a
[02/02/2012 13:23:12] /a
[02/02/2012 13:23:12] /a
[02/02/2012 13:23:12] /a
[02/02/2012 13:23:12] /a
[02/02/2012 13:23:12] /a
[02/02/2012 13:23:12] /a
[02/02/2012 13:23:12] /a
[02/02/2012 13:23:13] /a
[02/02/2012 13:23:13] /a
[02/02/2012 13:23:13] /a
[02/02/2012 13:23:13] /a
[02/02/2012 13:23:13] /a
[02/02/2012 13:23:13] /a
[02/02/2012 13:23:13] /a
[02/02/2012 13:23:13] /a
[02/02/2012 13:23:13] /a
[02/02/2012 13:23:13] /a
[02/02/2012 13:23:13] /a
[02/02/2012 13:23:13] /a
[02/02/2012 13:23:13] /a
[02/02/2012 13:23:13] /a
[02/02/2012 13:23:13] /a
[02/02/2012 13:23:13] /a
[02/02/2012 13:23:13] /a
[02/02/2012 13:23:13] /a
[02/02/2012 13:23:13] /a
[02/02/2012 13:23:13] /a
[02/02/2012 13:23:13] /a
[02/02/2012 13:23:13] /a
[02/02/2012 13:23:13] /a
[02/02/2012 13:23:13] /a
[02/02/2012 13:23:13] /c onde pega itens
[02/02/2012 13:23:14] /a
[02/02/2012 13:23:14] /a
[02/02/2012 13:23:14] /a
[02/02/2012 13:23:14] /a
[02/02/2012 13:23:14] /a
[02/02/2012 13:23:14] /a
[02/02/2012 13:23:14] /a
[02/02/2012 13:23:14] /a
[02/02/2012 13:23:14] /a
[02/02/2012 13:23:14] /a
[02/02/2012 13:23:14] /a
[02/02/2012 13:23:14] /a
[02/02/2012 13:23:14] /a
[02/02/2012 13:23:15] /a
[02/02/2012 13:23:15] /a
[02/02/2012 13:23:15] /a
[02/02/2012 13:23:15] /a
[02/02/2012 13:23:15] /a
[02/02/2012 13:23:15] /a
[02/02/2012 13:23:15] /a
[02/02/2012 13:23:15] /a
[02/02/2012 13:23:15] /a
[02/02/2012 13:23:15] /a
[02/02/2012 13:23:15] /a
[02/02/2012 13:23:15] /a
[02/02/2012 13:23:15] /a
[02/02/2012 13:23:15] /a
[02/02/2012 13:23:15] /a
[02/02/2012 13:23:15] /a
[02/02/2012 13:23:15] /a
[02/02/2012 13:23:15] /a
[02/02/2012 13:23:15] /a
[02/02/2012 13:23:15] /a
[02/02/2012 13:23:15] /a
[02/02/2012 13:23:15] /a
[02/02/2012 13:23:15] /a
[02/02/2012 13:23:16] /a
[02/02/2012 13:23:16] /a
[02/02/2012 13:23:16] /a
[02/02/2012 13:23:16] /a
[02/02/2012 13:23:16] /a
[02/02/2012 13:23:16] /a
[02/02/2012 13:23:16] /c onde pega itens
[02/02/2012 13:23:16] /a
[02/02/2012 13:23:16] /a
[02/02/2012 13:23:16] /a
[02/02/2012 13:23:16] /a
[02/02/2012 13:23:16] /a
[02/02/2012 13:23:16] /a
[02/02/2012 13:23:16] /a
[02/02/2012 13:23:16] /a
[02/02/2012 13:23:17] /a
[02/02/2012 13:23:17] /a
[02/02/2012 13:23:17] /a
[02/02/2012 13:23:17] /a
[02/02/2012 13:23:17] /a
[02/02/2012 13:23:17] /a
[02/02/2012 13:23:17] /a
[02/02/2012 13:23:17] /a
[02/02/2012 13:23:17] /a
[02/02/2012 13:23:17] /a
[02/02/2012 13:23:17] /a
[02/02/2012 13:23:17] /a
[02/02/2012 13:23:17] /a
[02/02/2012 13:23:17] /a
[02/02/2012 13:23:17] /a
[02/02/2012 13:23:17] /a
[02/02/2012 13:23:17] /a
[02/02/2012 13:23:17] /a
[02/02/2012 13:23:17] /a
[02/02/2012 13:23:17] /a
[02/02/2012 13:23:17] /a
[02/02/2012 13:23:18] /a
[02/02/2012 13:23:18] /a
[02/02/2012 13:23:18] /a
[02/02/2012 13:23:18] /a
[02/02/2012 13:23:18] /a
[02/02/2012 13:23:18] /a
[02/02/2012 13:23:18] /c onde pega itens
[02/02/2012 13:23:18] /a
[02/02/2012 13:23:19] /a
[02/02/2012 13:23:19] /a
[02/02/2012 13:23:19] /a
[02/02/2012 13:23:19] /a
[02/02/2012 13:23:19] /a
[02/02/2012 13:23:19] /a
[02/02/2012 13:23:19] /a
[02/02/2012 13:23:19] /a
[02/02/2012 13:23:19] /a
[02/02/2012 13:23:19] /a
[02/02/2012 13:23:19] /a
[02/02/2012 13:23:19] /a
[02/02/2012 13:23:19] /a
[02/02/2012 13:23:19] /a
[02/02/2012 13:23:20] /a
[02/02/2012 13:23:20] /a
[02/02/2012 13:23:20] /a
[02/02/2012 13:23:20] /a
[02/02/2012 13:23:20] /a
[02/02/2012 13:23:20] /a
[02/02/2012 13:23:20] /a
[02/02/2012 13:23:20] /a
[02/02/2012 13:23:20] /a
[02/02/2012 13:23:20] /a
[02/02/2012 13:23:20] /a
[02/02/2012 13:23:20] /a
[02/02/2012 13:23:20] /a
[02/02/2012 13:23:20] /a
[02/02/2012 13:23:20] /a
[02/02/2012 13:23:20] /a
[02/02/2012 13:23:20] /a
[02/02/2012 13:23:20] /a
[02/02/2012 13:23:20] /a
[02/02/2012 13:23:20] /a
[02/02/2012 13:23:20] /a
[02/02/2012 13:23:20] /a
[02/02/2012 13:23:21] /a
[02/02/2012 13:23:21] /c onde pega itens
[02/02/2012 13:23:21] /a
[02/02/2012 13:23:21] /a
[02/02/2012 13:23:21] /a
[02/02/2012 13:23:21] /a
[02/02/2012 13:23:21] /a
[02/02/2012 13:23:21] /a
[02/02/2012 13:23:21] /a
[02/02/2012 13:23:21] /a
[02/02/2012 13:23:21] /a
[02/02/2012 13:23:21] /a
[02/02/2012 13:23:21] /a
[02/02/2012 13:23:21] /a
[02/02/2012 13:23:22] /a
[02/02/2012 13:23:22] /a
[02/02/2012 13:23:22] /a
[02/02/2012 13:23:22] /a
[02/02/2012 13:23:22] /a
[02/02/2012 13:23:22] /a
[02/02/2012 13:23:22] /a
[02/02/2012 13:23:22] /a
[02/02/2012 13:23:22] /a
[02/02/2012 13:23:22] /a
[02/02/2012 13:23:22] /a
[02/02/2012 13:23:22] /a
[02/02/2012 13:23:22] /a
[02/02/2012 13:23:22] /a
[02/02/2012 13:23:22] /a
[02/02/2012 13:23:22] /a
[02/02/2012 13:23:22] /a
[02/02/2012 13:23:22] /a
[02/02/2012 13:23:22] /a
[02/02/2012 13:23:22] /a
[02/02/2012 13:23:22] /a
[02/02/2012 13:23:22] /a
[02/02/2012 13:23:22] /a
[02/02/2012 13:23:22] /a
[02/02/2012 13:23:22] /a
[02/02/2012 13:23:54] /a
[02/02/2012 13:23:54] /a
[02/02/2012 13:23:54] /a
[02/02/2012 13:23:55] /a
[02/02/2012 13:23:55] /a
[02/02/2012 13:23:55] /a
[02/02/2012 13:23:55] /a
[02/02/2012 13:24:00] /a
[02/02/2012 13:24:03] /a
[02/02/2012 13:24:03] /a
[02/02/2012 13:24:03] /a
[02/02/2012 13:24:03] /a
[02/02/2012 13:24:03] /a
[02/02/2012 13:24:03] /a
[02/02/2012 13:24:03] /a
[02/02/2012 13:24:03] /a
[02/02/2012 13:24:03] /a
[02/02/2012 13:24:03] /a
[02/02/2012 13:24:03] /a
[02/02/2012 13:24:03] /a
[02/02/2012 13:24:03] /a
[02/02/2012 13:24:04] /a
[02/02/2012 13:24:04] /a
[02/02/2012 13:24:04] /a
[02/02/2012 13:24:04] /a
[02/02/2012 13:24:04] /a
[02/02/2012 13:24:04] /a
[02/02/2012 13:24:04] /a
[02/02/2012 13:24:04] /a
[02/02/2012 13:24:04] /a
[02/02/2012 13:24:05] /a
[02/02/2012 13:24:05] /a
[02/02/2012 13:24:05] /a
[02/02/2012 13:24:05] /a
[02/02/2012 13:24:05] /a
[02/02/2012 13:24:05] /a
[02/02/2012 13:24:05] /a
[02/02/2012 13:24:05] /a
[02/02/2012 13:24:05] /a
[02/02/2012 13:24:05] /a
[02/02/2012 13:24:05] /a
[02/02/2012 13:24:05] /a
[02/02/2012 13:24:05] /a
[02/02/2012 13:24:05] /a
[02/02/2012 13:24:05] /a
[02/02/2012 13:24:05] /a
[02/02/2012 13:24:05] /a
[02/02/2012 13:24:05] /a
[02/02/2012 13:24:05] /a
[02/02/2012 13:24:05] /a
[02/02/2012 13:24:05] /a
[02/02/2012 13:24:05] /a
[02/02/2012 13:24:05] /a
[02/02/2012 13:24:05] /a
[02/02/2012 13:24:05] /a
[02/02/2012 13:24:06] /a
[02/02/2012 13:24:06] /a
[02/02/2012 13:24:06] /a
[02/02/2012 13:24:06] /a
[02/02/2012 13:24:06] /a
[02/02/2012 13:24:06] /a
[02/02/2012 13:24:06] /a
[02/02/2012 13:24:06] /a
[02/02/2012 13:24:06] /a
[02/02/2012 13:24:06] /a
[02/02/2012 13:24:06] /a
[02/02/2012 13:24:06] /a
[02/02/2012 13:24:06] /a
[02/02/2012 13:24:06] /c onde pega itens
[02/02/2012 13:24:06] /a
[02/02/2012 13:24:06] /a
[02/02/2012 13:24:07] /a
[02/02/2012 13:24:07] /a
[02/02/2012 13:24:07] /a
[02/02/2012 13:24:07] /a
[02/02/2012 13:24:07] /a
[02/02/2012 13:24:07] /a
[02/02/2012 13:24:07] /a
[02/02/2012 13:24:07] /a
[02/02/2012 13:24:07] /a
[02/02/2012 13:24:07] /a
[02/02/2012 13:24:07] /a
[02/02/2012 13:24:07] /a
[02/02/2012 13:24:07] /a
[02/02/2012 13:24:07] /a
[02/02/2012 13:24:07] /a
[02/02/2012 13:24:07] /a
[02/02/2012 13:24:07] /a
[02/02/2012 13:24:07] /a
[02/02/2012 13:24:07] /a
[02/02/2012 13:24:07] /a
[02/02/2012 13:24:07] /a
[02/02/2012 13:24:07] /a
[02/02/2012 13:24:07] /a
[02/02/2012 13:24:07] /a
[02/02/2012 13:24:07] /a
[02/02/2012 13:24:07] /a
[02/02/2012 13:24:07] /a
[02/02/2012 13:24:07] /a
[02/02/2012 13:24:08] /a
[02/02/2012 13:24:08] /a
[02/02/2012 13:24:08] /a
[02/02/2012 13:24:08] /a
[02/02/2012 13:24:08] /a
[02/02/2012 13:24:08] /a
[02/02/2012 13:24:08] /a
[02/02/2012 13:24:08] /a
[02/02/2012 13:24:08] /a
[02/02/2012 13:24:08] /a
[02/02/2012 13:24:08] /a
[02/02/2012 13:24:09] /a
[02/02/2012 13:24:09] /a
[02/02/2012 13:24:09] /a
[02/02/2012 13:24:09] /a
[02/02/2012 13:24:09] /a
[02/02/2012 13:24:09] /a
[02/02/2012 13:24:09] /a
[02/02/2012 13:24:09] /a
[02/02/2012 13:24:09] /a
[02/02/2012 13:24:09] /a
[02/02/2012 13:24:09] /a
[02/02/2012 13:24:09] /a
[02/02/2012 13:24:09] /a
[02/02/2012 13:24:09] /a
[02/02/2012 13:24:09] /a
[02/02/2012 13:24:09] /a
[02/02/2012 13:24:09] /a
[02/02/2012 13:24:09] /a
[02/02/2012 13:24:09] /a
[02/02/2012 13:24:09] /a
[02/02/2012 13:24:09] /a
[02/02/2012 13:24:09] /a
[02/02/2012 13:24:09] /a
[02/02/2012 13:24:09] /a
[02/02/2012 13:24:09] /a
[02/02/2012 13:24:09] /a
[02/02/2012 13:24:10] /a
[02/02/2012 13:24:10] /a
[02/02/2012 13:24:10] /a
[02/02/2012 13:24:10] /a
[02/02/2012 13:24:10] /a
[02/02/2012 13:24:10] /a
[02/02/2012 13:24:10] /a
[02/02/2012 13:24:10] /a
[02/02/2012 13:24:10] /a
[02/02/2012 13:24:10] /a
[02/02/2012 13:24:10] /a
[02/02/2012 13:24:10] /a
[02/02/2012 13:24:10] /a
[02/02/2012 13:24:10] /a
[02/02/2012 13:24:10] /a
[02/02/2012 13:24:10] /a
[02/02/2012 13:24:10] /a
[02/02/2012 13:24:10] /a
[02/02/2012 13:24:11] /a
[02/02/2012 13:24:11] /a
[02/02/2012 13:24:11] /a
[02/02/2012 13:24:11] /a
[02/02/2012 13:24:11] /a
[02/02/2012 13:24:11] /a
[02/02/2012 13:24:11] /a
[02/02/2012 13:24:11] /a
[02/02/2012 13:24:11] /a
[02/02/2012 13:24:11] /a
[02/02/2012 13:24:11] /a
[02/02/2012 13:24:11] /a
[02/02/2012 13:24:11] /a
[02/02/2012 13:24:11] /a
[02/02/2012 13:24:11] /a
[02/02/2012 13:24:11] /a
[02/02/2012 13:24:11] /a
[02/02/2012 13:24:12] /a
[02/02/2012 13:24:13] /a
[02/02/2012 13:24:13] /a
[02/02/2012 13:24:13] /a
[02/02/2012 13:24:13] /a
[02/02/2012 13:24:13] /a
[02/02/2012 13:24:13] /a
[02/02/2012 13:24:13] /a
[02/02/2012 13:24:13] /a
[02/02/2012 13:24:13] /a
[02/02/2012 13:24:13] /a
[02/02/2012 13:24:13] /a
[02/02/2012 13:24:13] /a
[02/02/2012 13:24:13] /a
[02/02/2012 13:24:13] /a
[02/02/2012 13:24:13] /a
[02/02/2012 13:24:13] /a
[02/02/2012 13:24:13] /a
[02/02/2012 13:24:13] /a
[02/02/2012 13:24:13] /a
[02/02/2012 13:24:13] /a
[02/02/2012 13:24:13] /a
[02/02/2012 13:24:13] /a
[02/02/2012 13:24:14] /a
[02/02/2012 13:24:14] /a
[02/02/2012 13:24:14] /a
[02/02/2012 13:24:14] /a
[02/02/2012 13:24:14] /a
[02/02/2012 13:24:14] /a
[02/02/2012 13:24:16] /c onde pega itens
[02/02/2012 13:24:27] /t
[02/02/2012 13:24:31] /up
[02/02/2012 13:24:38] /goto itachi vingador
[02/02/2012 13:24:49] /newtype 50
[02/02/2012 13:25:00] /newtype 70
[02/02/2012 13:25:03] /newtype 80
[02/02/2012 13:25:06] /newtype 90
[02/02/2012 13:25:09] /newtype 110
[02/02/2012 13:25:26] /m black anbu
[02/02/2012 13:25:55] /newtype 184,onde pega itens
[02/02/2012 13:26:02] /m black anbu
[02/02/2012 13:26:03] /m black anbu
[02/02/2012 13:27:48] /m stron anbu
[02/02/2012 13:27:53] /m strong anbu
[02/02/2012 13:28:02] /m Sasuke Boss
[02/02/2012 13:28:11] /r
[02/02/2012 13:28:49] /up
[02/02/2012 13:29:11] /newtype 284,onde pega itens
[02/02/2012 13:29:23] /t
[02/02/2012 13:29:39] /m sasori boss
[02/02/2012 13:29:51] /m naruto boss
[02/02/2012 13:30:06] /m black anbu
[02/02/2012 13:30:07] /m black anbu
[02/02/2012 13:30:07] /m black anbu
[02/02/2012 13:30:08] /m black anbu
[02/02/2012 13:30:08] /m black anbu
[02/02/2012 13:30:09] /m black anbu
[02/02/2012 13:30:09] /m black anbu
[02/02/2012 13:30:10] /m black anbu
[02/02/2012 13:30:11] /m black anbu
[02/02/2012 13:30:11] /m black anbu
[02/02/2012 13:30:11] /m black anbu
[02/02/2012 13:30:34] /attr health +9999999999
[02/02/2012 13:30:58] /i 918
[02/02/2012 13:31:05] /r
[02/02/2012 13:31:07] /r
[02/02/2012 13:31:09] /r
[02/02/2012 13:31:17] /r
[02/02/2012 13:32:13] /m black anbu
[02/02/2012 13:32:16] /r
[02/02/2012 13:32:18] /r
[02/02/2012 13:32:20] /r
[02/02/2012 13:32:27] /r
[02/02/2012 13:32:28] /r
[02/02/2012 13:32:32] /r
[02/02/2012 13:32:33] /r
[02/02/2012 13:32:36] /r
[02/02/2012 13:32:38] /r
[02/02/2012 13:32:40] /r
[02/02/2012 13:32:43] /r
[02/02/2012 13:32:44] /r
[02/02/2012 13:32:47] /r
[02/02/2012 13:32:52] /r
[02/02/2012 13:32:54] /r
[02/02/2012 13:32:55] /r
[02/02/2012 13:32:57] /r
[02/02/2012 13:32:58] /r
[02/02/2012 13:33:01] /r
[02/02/2012 13:33:02] /r
[02/02/2012 13:33:12] /r
[02/02/2012 13:33:20] /clean
[02/02/2012 13:33:26] /r
[02/02/2012 13:33:30] /r
[02/02/2012 13:33:32] /r
[02/02/2012 13:33:33] /r
[02/02/2012 13:33:37] /r
[02/02/2012 13:33:39] /r
[02/02/2012 13:33:41] /r
[02/02/2012 13:33:42] /r
[02/02/2012 13:33:43] /r
[02/02/2012 13:33:44] /r
[02/02/2012 13:33:47] /r
[02/02/2012 13:33:52] /r
[02/02/2012 13:33:54] /r
[02/02/2012 13:33:55] /r
[02/02/2012 13:33:59] /r
[02/02/2012 13:34:03] /r
