[24/03/2012 14:24:15] /ghost
[24/03/2012 14:33:33] /attr
[24/03/2012 14:33:38] /attr
[24/03/2012 14:33:38] /attr
[24/03/2012 14:33:39] /attr
[24/03/2012 14:33:39] /attr
[24/03/2012 14:35:29] /t
[24/03/2012 14:35:30] /t
[24/03/2012 14:35:31] /t
[24/03/2012 14:35:31] /t
[24/03/2012 14:35:32] /t
[24/03/2012 14:35:32] /t
[24/03/2012 14:35:33] /t
[24/03/2012 14:35:33] /t
[24/03/2012 14:35:34] /t
[24/03/2012 14:35:34] /t
[24/03/2012 14:35:35] /t
[24/03/2012 14:35:38] /t
[24/03/2012 14:35:58] /m itachi
[24/03/2012 14:36:15] /m itachi boss
[24/03/2012 14:36:35] /r
[24/03/2012 14:37:10] /m itachi boss
[24/03/2012 14:37:10] /m itachi boss
[24/03/2012 14:47:34] /addskill naruto chapado,level.249
[24/03/2012 14:47:41] /addskill naruto chapado,level,249
[24/03/2012 14:48:01] /m itachi boss
[24/03/2012 14:48:14] /m deidara boss
[24/03/2012 14:52:38] /attr health -200
[24/03/2012 14:52:39] /attr health -200
[24/03/2012 14:52:40] /attr health -200
[24/03/2012 14:52:42] /attr health -200
[24/03/2012 14:52:42] /attr health -200
[24/03/2012 14:52:42] /attr health -200
[24/03/2012 14:52:42] /attr health -200
[24/03/2012 14:52:42] /attr health -200
[24/03/2012 14:52:42] /attr health -200
[24/03/2012 14:52:43] /attr health -200
[24/03/2012 14:52:43] /attr health -200
[24/03/2012 14:52:44] /attr health -200
[24/03/2012 14:52:49] /attr health -1000
[24/03/2012 14:52:50] /attr health -1000
[24/03/2012 14:52:50] /attr health -1000
[24/03/2012 14:52:51] /attr health -1000
[24/03/2012 14:52:51] /attr health -1000
[24/03/2012 14:52:52] /attr health -1000
[24/03/2012 14:52:55] /attr health -1000
[24/03/2012 14:52:56] /attr health -5000
[24/03/2012 14:52:57] /attr health -5000
[24/03/2012 14:52:59] /attr health -1000
[24/03/2012 14:53:00] /attr health -1000
[24/03/2012 14:53:00] /attr health -1000
[24/03/2012 14:53:01] /attr health -1000
[24/03/2012 14:53:01] /attr health -1000
[24/03/2012 14:53:01] /attr health -1000
[24/03/2012 14:53:02] /attr health -1000
[24/03/2012 14:53:06] /attr health -6000
[24/03/2012 14:53:09] /attr health -6000
[24/03/2012 14:53:09] /attr health -6000
[24/03/2012 14:53:09] /attr health -6000
[24/03/2012 14:53:10] /attr health -6000
[24/03/2012 14:53:10] /attr health -6000
[24/03/2012 14:53:11] /attr health -6000
[24/03/2012 14:53:11] /attr health -6000
[24/03/2012 14:53:13] /attr health -6000
[24/03/2012 14:53:14] /attr health -6000
[24/03/2012 14:53:14] /attr health -6000
[24/03/2012 14:53:14] /attr health -6000
[24/03/2012 14:53:15] /attr health -6000
[24/03/2012 14:53:15] /attr health -6000
[24/03/2012 14:53:17] /attr health -6000
[24/03/2012 14:53:17] /attr health -6000
[24/03/2012 14:53:17] /attr health -6000
[24/03/2012 14:53:18] /attr health -6000
[24/03/2012 14:53:18] /attr health -6000
[24/03/2012 14:53:19] /attr health -6000
[24/03/2012 14:53:23] /attr health -8000
[24/03/2012 14:53:24] /attr health -8000
[24/03/2012 14:53:25] /attr health -8000
[24/03/2012 14:53:25] /attr health -8000
[24/03/2012 14:53:26] /attr health -8000
[24/03/2012 14:53:26] /attr health -8000
[24/03/2012 14:53:29] /attr health -6000
[24/03/2012 14:53:34] /attr health -6000
[24/03/2012 14:53:35] /attr health -8000
[24/03/2012 14:53:35] /attr health -8000
[24/03/2012 14:53:36] /attr health -8000
[24/03/2012 14:53:36] /attr health -8000
[24/03/2012 14:53:36] /attr health -8000
[24/03/2012 14:53:37] /attr health -8000
[24/03/2012 14:53:38] /attr health -8000
[24/03/2012 14:53:38] /attr health -8000
[24/03/2012 14:53:39] /attr health -8000
[24/03/2012 14:53:39] /attr health -8000
[24/03/2012 14:53:40] /attr health -8000
[24/03/2012 14:53:41] /attr health -8000
[24/03/2012 14:53:41] /attr health -8000
[24/03/2012 14:53:41] /attr health -8000
[24/03/2012 14:53:42] /attr health -8000
[24/03/2012 14:53:42] /attr health -8000
[24/03/2012 14:53:43] /attr health -8000
[24/03/2012 14:53:44] /attr health -8000
[24/03/2012 14:53:49] /attr health -10000
[24/03/2012 14:53:51] /attr health -10000
[24/03/2012 14:53:51] /attr health -10000
[24/03/2012 14:53:52] /attr health -10000
[24/03/2012 14:53:55] /attr health -10000
[24/03/2012 14:53:56] /attr health -10000
[24/03/2012 14:53:57] /attr health -10000
[24/03/2012 14:53:57] /attr health -10000
[24/03/2012 14:53:58] /attr health -10000
[24/03/2012 14:53:58] /attr health -10000
[24/03/2012 14:53:59] /attr health -10000
[24/03/2012 14:53:59] /attr health -10000
[24/03/2012 14:54:00] /attr health -10000
[24/03/2012 14:54:08] /attr health -10000
[24/03/2012 14:54:08] /attr health -10000
[24/03/2012 14:54:15] /attr health -10000
[24/03/2012 14:54:23] /attr health -10000
[24/03/2012 14:54:32] /attr health -10000
[24/03/2012 14:54:40] /attr health -10000
[24/03/2012 14:54:40] /attr health -10000
[24/03/2012 14:54:41] /attr health -10000
[24/03/2012 14:54:50] /attr health -10000
[24/03/2012 14:54:53] /kick itachi
[24/03/2012 14:55:10] /kick tobi
[24/03/2012 14:55:19] /kick tobi
[24/03/2012 14:56:37] /bc green fdp
[24/03/2012 14:56:50] /b o c n
[24/03/2012 14:57:04] /b o itachi n responde
[24/03/2012 14:57:24] /b o itachi killer
[24/03/2012 14:57:33] /b ai chamei ele de fdp kk
[24/03/2012 14:57:49] /b pq?
[24/03/2012 14:58:23] /goto [adm]hokage
[24/03/2012 14:58:38] /b eu falei fdp  só issu
[24/03/2012 14:59:08] /b ta
[24/03/2012 14:59:56] /bc white oi
[24/03/2012 15:00:14] /bc white Itachi killer 
[24/03/2012 15:00:35] /bc white kk
[24/03/2012 15:00:49] /bc white tbm vo então
[24/03/2012 15:01:03] /bc white a n tenhu hotkeys debug fdp :@
[24/03/2012 15:01:39] /clean
[24/03/2012 15:01:43] /r
[24/03/2012 15:01:44] /r
[24/03/2012 15:01:45] /r
[24/03/2012 15:01:46] /r
[24/03/2012 15:01:47] /r
[24/03/2012 15:01:49] /r
[24/03/2012 15:01:51] /r
[24/03/2012 15:01:56] /r
[24/03/2012 15:01:59] /r
[24/03/2012 15:02:03] /r
[24/03/2012 15:02:04] /r
[24/03/2012 15:02:05] /r
[24/03/2012 15:02:08] /r
[24/03/2012 15:02:23] /i 2018
[24/03/2012 15:02:25] /i 2018
[24/03/2012 15:02:26] /i 2018
[24/03/2012 15:02:27] /i 2018
[24/03/2012 15:02:28] /i 2018
[24/03/2012 15:02:29] /i 2018
[24/03/2012 15:02:30] /i 2018
[24/03/2012 15:03:03] /r
[24/03/2012 15:03:38] /r
[24/03/2012 15:03:40] /r
[24/03/2012 15:03:43] /r
[24/03/2012 15:03:43] /r
[24/03/2012 15:03:44] /r
[24/03/2012 15:03:46] /r
[24/03/2012 15:03:52] /r
[24/03/2012 15:03:55] /r
[24/03/2012 15:03:57] /r
[24/03/2012 15:04:04] /r
[24/03/2012 15:04:11] /r
[24/03/2012 15:04:22] /b fais torneio na arena
[24/03/2012 15:04:30] /b mais n conta comigo
[24/03/2012 15:05:54] /i 1112
[24/03/2012 15:05:55] /i 1112
[24/03/2012 15:06:04] /r
[24/03/2012 15:06:06] /r
[24/03/2012 15:06:10] /r
[24/03/2012 15:06:13] /r
[24/03/2012 15:09:31] /bc green ???
[24/03/2012 15:09:47] /bc green ¿¿¿¿¿
[24/03/2012 15:09:57] /bc green ZZZZZZZZD
[24/03/2012 15:10:29] /bc green ZZZZZZZZD
[24/03/2012 15:10:40] /bc green ZZZZZZZZD
[24/03/2012 15:10:40] /bc green ZZZZZZZZD
[24/03/2012 15:10:40] /bc green ZZZZZZZZD
[24/03/2012 15:10:40] /bc green ZZZZZZZZD
[24/03/2012 15:10:40] /bc green ZZZZZZZZD
[24/03/2012 15:10:48] /ghost
[24/03/2012 15:12:20] /m yondaime
[24/03/2012 15:13:21] /r
[24/03/2012 15:18:09] /r
[24/03/2012 15:25:22] /a
[24/03/2012 15:25:23] /a
[24/03/2012 15:25:23] /a
[24/03/2012 15:25:23] /a
[24/03/2012 15:25:35] /m yondaime
[24/03/2012 15:25:57] /i yondaime coat
[24/03/2012 15:26:10] /a
[24/03/2012 15:26:10] /a
[24/03/2012 15:26:10] /a
[24/03/2012 15:26:13] /a
[24/03/2012 15:26:13] /a
[24/03/2012 15:26:13] /a
[24/03/2012 15:26:45] /t
[24/03/2012 15:27:18] /i bag
[24/03/2012 15:27:32] /i jashin amulet
[24/03/2012 15:27:34] /i jashin amulet
[24/03/2012 15:27:37] /i jashin amulet
[24/03/2012 15:27:37] /i jashin amulet
[24/03/2012 15:27:37] /i jashin amulet
[24/03/2012 15:27:37] /i jashin amulet
[24/03/2012 15:27:37] /i jashin amulet
[24/03/2012 15:27:37] /i jashin amulet
[24/03/2012 15:50:20] /attr attack 99999999
[24/03/2012 15:50:29] /attr attack 99999999
[24/03/2012 15:50:29] /attr attack 99999
[24/03/2012 15:50:38] /attr atack 99999
[24/03/2012 15:50:47] /attr atak 99999
[24/03/2012 15:50:58] /attr arm 99999
[24/03/2012 15:51:09] /attr atk 99999
[24/03/2012 15:51:09] /attr atk 99999
[24/03/2012 15:51:11] /attr atk 99999
[24/03/2012 15:51:11] /attr atk 99999
[24/03/2012 15:51:12] /attr atk 99999
[24/03/2012 15:51:15] /attr atk 99999
[24/03/2012 15:51:19] /attr at
[24/03/2012 15:51:34] /attr attack 999999
[24/03/2012 15:51:37] /attr attack 999999
[24/03/2012 15:52:49] /attr arm 999999
[24/03/2012 15:53:00] /attr arm 999999
[24/03/2012 15:53:02] /attr arm 999999
[24/03/2012 15:53:11] /attr armor 999999
[24/03/2012 15:53:22] /attr armr 999999
[24/03/2012 15:53:33] /attr armr 999999
[24/03/2012 15:53:41] /attr armo 999999
[24/03/2012 15:54:06] /attr arm 999999
[24/03/2012 15:54:18] /attr armor 999999
[24/03/2012 15:55:14] /b Vou sair aqui flw
[13/04/2012 23:15:08] /b issu pareçe tibia
[13/04/2012 23:15:40] /b ajuda quest dh?
[13/04/2012 23:15:53] /b demon helmt
[13/04/2012 23:16:11] /b eu sei eu só rock lee
[13/04/2012 23:17:02] /newtype 377
[13/04/2012 23:17:17] /newtype 373
[13/04/2012 23:17:22] /newtype 374
[13/04/2012 23:17:24] /newtype 375
[13/04/2012 23:17:30] /newtype 376
[13/04/2012 23:20:17] /newtype 378
[13/04/2012 23:20:21] /newtype 370
[13/04/2012 23:20:37] /newtype 371
[13/04/2012 23:20:43] /newtype 372
[13/04/2012 23:20:56] /newtype 373
[13/04/2012 23:21:03] /newtype 374
[13/04/2012 23:21:12] /newtype 375
[13/04/2012 23:21:15] /newtype 376
[13/04/2012 23:21:18] /newtype 377
[13/04/2012 23:36:38] /t
[13/04/2012 23:36:46] /down
[13/04/2012 23:37:36] /addskill Kankurinho,level,34
[13/04/2012 23:38:02] /i bag
[13/04/2012 23:38:08] /i backpack
[13/04/2012 23:38:10] /i backpack
[13/04/2012 23:38:10] /i backpack
[13/04/2012 23:38:10] /i backpack
[13/04/2012 23:38:11] /i backpack
[13/04/2012 23:38:11] /i backpack
[13/04/2012 23:45:45] /b seu nome? kk
[13/04/2012 23:46:06] /addskill Kankurinho,level,80
[14/04/2012 00:51:00] /goto [Vip] [ADM] Hokage
[14/04/2012 00:51:47] /m madara
[14/04/2012 00:52:01] /m hamichi
[14/04/2012 00:52:59] /m backpack
[14/04/2012 00:53:06] /i backpack
[14/04/2012 00:55:18] /m kyuubi
[14/04/2012 00:58:53] /clean
[14/04/2012 12:19:19] /t
[14/04/2012 12:19:21] /down
[14/04/2012 12:19:34] /goto Kakashi
[14/04/2012 12:19:51] /m black anbu
[14/04/2012 12:20:36] /m tutor
[14/04/2012 12:20:47] /m black anbu
[14/04/2012 12:21:09] /reload spells
[14/04/2012 12:21:30] /reload spells
[14/04/2012 12:21:58] /reload spells
[14/04/2012 12:23:19] /reload spells
[14/04/2012 12:24:33] /m hamichi
[14/04/2012 12:24:40] /m hachibi
[14/04/2012 12:24:48] /m hachibi no ushi oni
[14/04/2012 12:24:54] /m Hachibi No Ushi Oni
[14/04/2012 12:24:59] /m kyuubi boss
[14/04/2012 12:25:03] /m kyuubi 
[14/04/2012 12:25:31] /m black anbu
[14/04/2012 12:25:31] /m black anbu
[14/04/2012 12:25:32] /m black anbu
[14/04/2012 12:25:32] /m black anbu
[14/04/2012 12:25:32] /m black anbu
[14/04/2012 12:25:33] /m black anbu
[14/04/2012 12:25:34] /m black anbu
[14/04/2012 12:25:34] /m black anbu
[14/04/2012 12:25:34] /m black anbu
[14/04/2012 12:25:34] /m black anbu
[14/04/2012 12:25:35] /m black anbu
[14/04/2012 12:25:35] /m black anbu
[14/04/2012 12:25:46] /m kyuubi
[14/04/2012 12:29:32] /reload spells
[14/04/2012 12:30:59] /reload spells
[14/04/2012 12:31:51] /reload spells
[14/04/2012 12:34:24] /reload spells
[14/04/2012 12:34:51] /m black anbu
[14/04/2012 12:35:33] /reload spells
[14/04/2012 12:36:07] /s black anbu
[14/04/2012 12:38:27] /attr group 4
[14/04/2012 12:40:19] /attr group 4
[14/04/2012 12:40:48] /attr group 1
[14/04/2012 12:42:10] /r
[14/04/2012 12:42:32] /s kyuubi
[14/04/2012 12:42:35] /s kyuubi
[14/04/2012 12:42:38] /s kyuubi
[14/04/2012 12:43:29] /r
[14/04/2012 12:43:31] /r
[14/04/2012 12:43:32] /r
[14/04/2012 12:43:35] /r
[14/04/2012 12:43:36] /r
[14/04/2012 12:50:43] /b voltei
[14/04/2012 13:26:23] /c Naruto uzumake
[14/04/2012 13:39:20] /t
[14/04/2012 13:40:16] /r
[14/04/2012 13:40:21] /r
[14/04/2012 13:40:23] /r
[14/04/2012 13:40:25] /r
[14/04/2012 13:40:28] /r
[14/04/2012 13:40:29] /r
[14/04/2012 13:40:30] /r
[14/04/2012 13:40:31] /r
[14/04/2012 13:40:34] /r
[14/04/2012 13:40:42] /r
[14/04/2012 13:41:12] /i 405
[14/04/2012 13:41:13] /i 405
[14/04/2012 13:41:14] /i 405
[14/04/2012 13:41:15] /i 405
[14/04/2012 13:41:16] /i 405
[14/04/2012 13:41:17] /i 405
[14/04/2012 13:41:17] /i 405
[14/04/2012 13:41:21] /i 405
[14/04/2012 13:41:21] /i 405
[14/04/2012 13:41:28] /i 405
[14/04/2012 13:41:29] /i 405
[14/04/2012 13:41:30] /i 405
[14/04/2012 13:43:15] /c Naruto uzumake
[14/04/2012 13:53:32] /c naruto
[14/04/2012 14:00:37] /goto n aruto
[14/04/2012 14:00:42] /goto naruto
[14/04/2012 14:00:49] /goto naruto
[14/04/2012 14:00:49] /goto naruto
[14/04/2012 14:00:50] /goto naruto
[14/04/2012 14:00:51] /goto naruto
[14/04/2012 14:00:59] /goto naruto
[14/04/2012 14:02:01] /goto [ADM] Hokage
[14/04/2012 14:02:13] /goto [ADM] Hokage
[14/04/2012 14:02:23] /goto [ADM] Hokage
[14/04/2012 14:02:24] /goto [ADM] Hokage
[14/04/2012 14:02:26] /goto [ADM] Hokage
[14/04/2012 14:02:30] /goto [ADM] Hokage
[14/04/2012 14:02:33] /goto [ADM] Hokage
[14/04/2012 14:02:37] /goto [ADM] Hokage
[14/04/2012 14:02:39] /goto [ADM] Hokage
[14/04/2012 14:02:40] /goto [ADM] Hokage
[14/04/2012 14:02:42] /goto [ADM] Hokage
[14/04/2012 14:02:50] /goto [ADM] Hokage
[14/04/2012 14:02:52] /goto [ADM] Hokage
[14/04/2012 14:02:57] /a 5
[14/04/2012 14:03:01] /goto [ADM] Hokage
[14/04/2012 14:03:03] /goto [ADM] Hokage
[14/04/2012 14:03:08] /goto [ADM] Hokage
[14/04/2012 14:07:45] /b achei + 1 kisame boss
[14/04/2012 14:08:13] /b vm para de fase quest e vm arruma o server?
[14/04/2012 14:08:30] /b o matheus q vai arruma neh kkk
[14/04/2012 14:11:22] /t
[14/04/2012 14:11:31] /c Naruto uzumake
[14/04/2012 14:37:10] /i sealed sword
[14/04/2012 14:37:17] /i sealed sword
[14/04/2012 14:37:40] /i selad sword
[14/04/2012 14:37:51] /i selad sword
[14/04/2012 14:37:52] /i selad sword
[14/04/2012 14:37:52] /i selad sword
[14/04/2012 14:42:02] /i tobi mask
[14/04/2012 14:42:03] /i tobi mask
[14/04/2012 14:42:04] /i tobi mask
[14/04/2012 14:42:07] /i tobi mask
[14/04/2012 14:42:13] /i speed bots
[14/04/2012 15:00:36] /addskill ten ten, magic level, 100
[14/04/2012 15:22:30] /addskill naruto,level,4
[14/04/2012 15:22:34] /addskill naruto,level,10
[14/04/2012 15:22:45] /addskill naruto,level,100
[14/04/2012 15:34:35] /attr arm 9999
[14/04/2012 15:34:50] /attr protect 999
[14/04/2012 15:34:59] /attr protection 999
[14/04/2012 15:36:08] /s kyuubi
[14/04/2012 20:33:37] /t
[14/04/2012 20:33:42] /down
[14/04/2012 20:34:57] /addskill Choji,level,249
[14/04/2012 20:35:21] /addskill choji, magic level, 120
[14/04/2012 20:35:28] /addskill choji, magic level, 120
[14/04/2012 20:35:36] /addskill choji, magic level, 1
[14/04/2012 20:35:37] /addskill choji, magic level, 1
[14/04/2012 20:35:38] /addskill choji, magic level, 1
[14/04/2012 20:38:40] /r
[14/04/2012 20:38:43] /r
[14/04/2012 20:38:46] /r
[14/04/2012 20:38:48] /r
[14/04/2012 20:38:49] /r
[14/04/2012 20:38:50] /r
[14/04/2012 20:38:51] /r
[14/04/2012 20:38:53] /r
[14/04/2012 20:38:54] /r
[14/04/2012 20:38:55] /r
[14/04/2012 20:38:56] /r
[14/04/2012 20:39:03] /r
[14/04/2012 20:39:05] /r
[14/04/2012 20:39:27] /i 405
[14/04/2012 20:39:29] /i 405
[14/04/2012 20:39:29] /i 405
[14/04/2012 20:39:30] /i 405
[14/04/2012 20:39:31] /i 405
[14/04/2012 20:39:32] /i 405
[14/04/2012 20:39:33] /i 405
[14/04/2012 20:39:33] /i 405
[14/04/2012 20:39:34] /i 405
[14/04/2012 20:39:35] /i 405
[14/04/2012 20:39:47] /i 1111
[14/04/2012 20:39:54] /r
[14/04/2012 20:40:24] /reload spells
[14/04/2012 20:40:31] /i 1118
[14/04/2012 20:40:32] /i 1118
[14/04/2012 20:40:34] /i 1118
[14/04/2012 20:40:36] /i 1118
[14/04/2012 20:40:37] /i 1118
[14/04/2012 20:40:38] /i 1118
[14/04/2012 20:40:39] /i 1118
[14/04/2012 20:40:43] /i 1118
[14/04/2012 20:40:44] /i 1118
[14/04/2012 20:40:45] /i 1118
[14/04/2012 20:40:46] /i 1118
[14/04/2012 20:40:53] /a
[14/04/2012 20:40:56] /a
[14/04/2012 20:40:58] /a
[14/04/2012 20:41:01] /i 1118
[14/04/2012 20:41:13] /r
[14/04/2012 20:41:15] /r
[14/04/2012 20:41:31] /r
[14/04/2012 20:41:32] /r
[14/04/2012 20:41:42] /a
[14/04/2012 20:41:46] /a
[14/04/2012 20:41:49] /r
[14/04/2012 20:41:52] /r
[14/04/2012 20:41:53] /r
[14/04/2012 20:41:55] /r
[14/04/2012 20:41:56] /r
[14/04/2012 20:41:58] /r
[14/04/2012 20:41:59] /r
[14/04/2012 20:42:00] /r
[14/04/2012 20:42:01] /r
[14/04/2012 20:42:02] /r
[14/04/2012 20:42:06] /r
[14/04/2012 20:42:06] /r
[14/04/2012 20:42:08] /r
[14/04/2012 20:42:09] /r
[14/04/2012 20:44:14] /m black anbu
[14/04/2012 20:44:15] /m black anbu
[14/04/2012 20:44:16] /m black anbu
[14/04/2012 20:44:16] /m black anbu
[14/04/2012 20:44:16] /m black anbu
[14/04/2012 20:44:16] /m black anbu
[14/04/2012 20:44:23] /reload spells
[14/04/2012 20:44:52] /i 118
[14/04/2012 20:44:57] /i 1118
[14/04/2012 20:44:59] /i 1118
[14/04/2012 20:45:01] /i 1118
[14/04/2012 20:45:03] /i 1118
[14/04/2012 20:45:04] /i 1118
[14/04/2012 20:45:06] /i 1118
[14/04/2012 20:45:17] /i 1118
[14/04/2012 20:45:19] /i 1118
[14/04/2012 20:45:20] /i 1118
[14/04/2012 20:45:29] /a
[14/04/2012 20:45:32] /i 1118
[14/04/2012 20:45:32] /i 1118
[14/04/2012 20:45:33] /i 1118
[14/04/2012 20:45:35] /a
[14/04/2012 20:45:42] /r
[14/04/2012 20:45:44] /r
[14/04/2012 20:45:46] /r
[14/04/2012 20:45:47] /r
[14/04/2012 20:45:56] /r
[14/04/2012 20:45:57] /r
[14/04/2012 20:45:59] /r
[14/04/2012 20:46:15] /r
[14/04/2012 20:46:16] /r
[14/04/2012 20:46:18] /r
[14/04/2012 20:46:19] /r
[14/04/2012 20:46:22] /r
[14/04/2012 20:46:25] /r
[14/04/2012 20:46:27] /r
[14/04/2012 20:46:28] /r
[14/04/2012 20:46:42] /i 1112
[14/04/2012 20:46:43] /i 1112
[14/04/2012 20:46:45] /i 1112
[14/04/2012 20:46:55] /reload spells
[14/04/2012 20:48:39] /i 1112
[14/04/2012 20:48:45] /i 1112
[14/04/2012 20:48:49] /i 1112
[14/04/2012 20:48:50] /i 1112
[14/04/2012 20:48:56] /i 1112
[14/04/2012 20:48:58] /i 1112
[14/04/2012 20:48:59] /i 1112
[14/04/2012 20:49:08] /i 1112
[14/04/2012 20:50:20] /reload spells
[14/04/2012 20:50:59] /r
[14/04/2012 20:51:44] /reload spells
[14/04/2012 20:51:51] /r
[14/04/2012 20:51:56] /r
[14/04/2012 20:52:19] /reload spells
[14/04/2012 20:52:43] /s traioner
[14/04/2012 20:52:50] /s trainer
[14/04/2012 20:52:51] /s trainer
[14/04/2012 20:52:53] /s trainer
[14/04/2012 20:53:30] /attr -1000000
[14/04/2012 20:53:34] /attr -1000000
[14/04/2012 20:53:36] /attr -1000000
[14/04/2012 20:53:38] /attr -1000000
[14/04/2012 20:53:41] /attr -1000000
[14/04/2012 20:53:52] /attr -1000000
[14/04/2012 20:54:02] /attr health -1000000
[14/04/2012 20:54:05] /attr health -1000000
[14/04/2012 20:54:11] /attr health -100
[14/04/2012 20:54:18] /attr health -100000
[14/04/2012 20:54:19] /attr health -100000
[14/04/2012 20:54:21] /attr health -100000
[14/04/2012 20:54:22] /attr health -100000
[14/04/2012 20:54:27] /attr health -100000000
[14/04/2012 20:54:34] /attr health -100000
[14/04/2012 20:54:37] /attr health -1000000
[14/04/2012 20:54:41] /attr health -1000000
[14/04/2012 20:54:44] /attr health -10000000
[14/04/2012 20:54:51] /attr health -10000000
[14/04/2012 20:54:55] /attr health -10000000
[14/04/2012 20:55:49] /i 111
[14/04/2012 20:55:53] /i 1111
[14/04/2012 20:56:00] /i 1111
[14/04/2012 20:56:09] /i 1112
[14/04/2012 20:56:14] /a
[14/04/2012 20:56:17] /i 1112
[14/04/2012 20:56:23] /i 1112
[14/04/2012 20:56:31] /m kyuubi
[14/04/2012 20:56:39] /a 4
[14/04/2012 20:56:43] /r
[14/04/2012 20:56:48] /r
[14/04/2012 20:57:00] /r
[14/04/2012 20:57:11] /i 1111
[14/04/2012 20:57:34] /reload spells
[14/04/2012 20:58:31] /reload spells
[14/04/2012 20:59:21] /a
[14/04/2012 20:59:28] /m shukaku
[14/04/2012 20:59:33] /r
[14/04/2012 21:00:05] /i 1111
[14/04/2012 21:00:47] /r
[14/04/2012 21:02:14] /i 1111
[14/04/2012 21:02:24] /m shukaku
[14/04/2012 21:02:34] /b shukaku n existe?
[14/04/2012 21:02:44] /b hachibi
[14/04/2012 21:02:50] /b ops
[14/04/2012 21:03:01] /m hachibi
[14/04/2012 21:03:10] /m ichibi
[14/04/2012 21:03:20] /m kyuubi
[14/04/2012 21:03:25] /m naruto
[14/04/2012 21:03:26] /m naruto
[14/04/2012 21:03:26] /m naruto
[14/04/2012 21:03:27] /m naruto
[14/04/2012 21:03:28] /m naruto
[14/04/2012 21:03:31] /a
[14/04/2012 21:03:33] /m naruto
[14/04/2012 21:03:34] /m naruto
[14/04/2012 21:03:38] /r
[14/04/2012 21:04:23] /a
[14/04/2012 21:04:29] /i 5107
[14/04/2012 21:04:43] /a
[14/04/2012 21:04:45] /i 5107
[14/04/2012 21:04:49] /a
[14/04/2012 21:04:53] /a
[14/04/2012 21:04:56] /a
[14/04/2012 21:04:58] /a
[14/04/2012 21:05:16] /reload talkactions
[14/04/2012 21:05:41] /a
[14/04/2012 21:05:46] /i 5107
[14/04/2012 21:06:02] /m semehada
[14/04/2012 21:06:05] /m semehada
[14/04/2012 21:06:09] /i semehada
[14/04/2012 21:06:12] /i semehada
[14/04/2012 21:06:12] /i semehada
[14/04/2012 21:06:12] /i semehada
[14/04/2012 21:06:33] /i semehada
[14/04/2012 21:06:36] /i semeada
[14/04/2012 21:06:43] /i semerada
[14/04/2012 21:06:49] /i semehadah
[14/04/2012 21:06:55] /i semehado
[14/04/2012 21:07:09] /i semehada
[14/04/2012 21:07:17] /r
[14/04/2012 21:07:19] /r
[14/04/2012 21:07:24] /i 5107
[14/04/2012 21:07:41] /a
[14/04/2012 21:07:42] /r
[14/04/2012 21:07:46] /r
[14/04/2012 21:08:11] /addskill Anbu,level  210
[14/04/2012 21:08:23] /addskill Anbu,level,29
[14/04/2012 21:08:29] /addskill Anbu,level,29
[14/04/2012 21:08:33] /addskill Anbu,level,1
[14/04/2012 21:08:37] /addskill Anbu,level,150
[14/04/2012 21:08:41] /r
[14/04/2012 21:08:56] /m kyuubi
[14/04/2012 21:08:58] /m kyuubi
[14/04/2012 21:09:02] /a
[14/04/2012 21:09:06] /m kyuubi
[14/04/2012 21:09:18] /a 5
[14/04/2012 21:09:48] /i 1112
[14/04/2012 21:09:49] /i 1112
[14/04/2012 21:09:50] /i 1112
[14/04/2012 21:10:39] /addskill Anbu,magic level,120
[14/04/2012 21:10:42] /r
[14/04/2012 21:10:46] /r
[14/04/2012 21:10:46] /r
[14/04/2012 21:11:15] /addskill Anbu,magic level,20
[14/04/2012 21:11:17] /addskill Anbu,magic level,20
[14/04/2012 21:11:21] /addskill Anbu,magic level,20
[14/04/2012 21:11:28] /addskill Anbu,magic level,1
[14/04/2012 21:11:33] /addskill Anbu,magic level,1
[14/04/2012 21:11:36] /r
[14/04/2012 21:11:39] /r
[14/04/2012 21:11:40] /r
[14/04/2012 21:11:48] /s trainer
[14/04/2012 21:14:08] /reload spells
[14/04/2012 21:16:35] /r
[14/04/2012 21:16:37] /r
[14/04/2012 21:16:39] /r
[14/04/2012 21:16:42] /r
[14/04/2012 21:16:47] /i 111
[14/04/2012 21:16:49] /i 1111
[14/04/2012 21:17:06] /i 5107
[14/04/2012 21:17:09] /r
[14/04/2012 21:17:11] /a
[14/04/2012 21:17:13] /i 5107
[14/04/2012 21:17:15] /a
[14/04/2012 21:17:17] /a
[14/04/2012 21:17:18] /i 5107
[14/04/2012 21:17:21] /a
[14/04/2012 21:17:25] /i 5107
[14/04/2012 21:17:30] /m kyuubi
[14/04/2012 21:17:31] /m kyuubi
[14/04/2012 21:17:32] /m kyuubi
[14/04/2012 21:17:33] /m kyuubi
[14/04/2012 21:17:37] /a
[14/04/2012 21:17:47] /r
[14/04/2012 21:18:10] /i 1112
[14/04/2012 21:18:11] /i 1112
[14/04/2012 21:18:13] /i 1112
[14/04/2012 21:25:21] /b ¬¬
[14/04/2012 21:26:51] /s black anbu
[14/04/2012 21:27:09] /s trainer
[14/04/2012 21:27:09] /s trainer
[14/04/2012 21:32:20] /reload spells
[14/04/2012 21:33:39] /reload talkaction
[14/04/2012 21:37:37] /i sasuke
[14/04/2012 21:38:05] /addskill Meditian hinata,magic level, 1
[14/04/2012 21:38:08] /addskill Meditian hinata,magic level, 1
[14/04/2012 21:38:12] /addskill Meditian hinata,magic level, 50
[14/04/2012 21:38:15] /addskill Meditian hinata,magic level, 50
[14/04/2012 21:38:21] /addskill Meditian hinata,magic level, 1
[14/04/2012 21:38:21] /addskill Meditian hinata,magic level, 1
[14/04/2012 21:38:21] /addskill Meditian hinata,magic level, 1
[14/04/2012 21:38:21] /addskill Meditian hinata,magic level, 1
[14/04/2012 21:38:22] /addskill Meditian hinata,magic level, 1
[14/04/2012 21:38:23] /addskill Meditian hinata,magic level, 1
[14/04/2012 21:38:23] /addskill Meditian hinata,magic level, 1
[14/04/2012 21:38:24] /addskill Meditian hinata,magic level, 1
[14/04/2012 21:38:27] /addskill Meditian hinata,magic level, 1
[14/04/2012 21:38:27] /addskill Meditian hinata,magic level, 1
[14/04/2012 21:38:29] /addskill Meditian hinata,magic level, 1
[14/04/2012 21:38:31] /addskill Meditian hinata,magic level, 1
[14/04/2012 21:38:31] /addskill Meditian hinata,magic level, 1
[14/04/2012 21:38:32] /addskill Meditian hinata,magic level, 1
[14/04/2012 21:38:33] /addskill Meditian hinata,magic level, 1
[14/04/2012 21:39:20] /reload spells
[14/04/2012 21:39:43] /s trainer?
[14/04/2012 21:39:43] /s trainer
[14/04/2012 21:43:38] /reload spells
[14/04/2012 21:44:47] /attr health -1000 
[14/04/2012 21:44:51] /attr health -10000
[14/04/2012 21:44:55] /attr health -100000
[14/04/2012 21:44:57] /attr health -100000
[14/04/2012 21:44:59] /attr health -100000
[14/04/2012 21:45:04] /attr health -100000
[14/04/2012 21:45:08] /attr health -100000
[14/04/2012 21:45:17] /reload spells
[14/04/2012 21:45:29] /attr health -100000
[14/04/2012 21:46:00] /r
[14/04/2012 21:46:26] /m anbu
[14/04/2012 21:46:30] /s anbu
[14/04/2012 21:46:32] /s anbu
[14/04/2012 21:46:42] /m Anbu
[14/04/2012 21:47:14] /addskill Gaara vingador,level,149
[14/04/2012 21:47:23] /addskill Gaara vingador,level,100
[14/04/2012 21:48:36] /addskill Gaara vingador,magic level, 100
[14/04/2012 21:48:38] /addskill Gaara vingador,magic level, 100
[14/04/2012 21:49:44] /reload talkactions
[14/04/2012 21:50:56] /newtype 377 gaara vingador
[14/04/2012 21:51:53] /r
[14/04/2012 21:53:39] /newtype 144
[14/04/2012 21:53:44] /newtype 155
[14/04/2012 21:59:26] /reload spells
[14/04/2012 21:59:57] /r
[14/04/2012 21:59:59] /r
[14/04/2012 22:01:16] /addskill neji,level,249
[14/04/2012 22:02:02] /addskill neji,magic level,120
[14/04/2012 22:02:09] /addskill neji,magic level,120
[14/04/2012 22:02:54] /newtype 250,neji
[14/04/2012 22:03:11] /newtype 377,neji
[14/04/2012 22:04:26] /addskill biju,magic level,1
[14/04/2012 22:04:29] /addskill biju,magic level,1
[14/04/2012 22:04:29] /addskill biju,magic level,1
[14/04/2012 22:04:29] /addskill biju,magic level,1
[14/04/2012 22:04:29] /addskill biju,magic level,1
[14/04/2012 22:04:29] /addskill biju,magic level,1
[14/04/2012 22:04:29] /addskill biju,magic level,1
[14/04/2012 22:04:29] /addskill biju,magic level,1
[14/04/2012 22:04:30] /addskill biju,magic level,1
[14/04/2012 22:04:30] /addskill biju,magic level,1
[14/04/2012 22:04:30] /addskill biju,magic level,1
[14/04/2012 22:04:31] /addskill biju,magic level,1
[14/04/2012 22:04:31] /addskill biju,magic level,1
[14/04/2012 22:04:31] /addskill biju,magic level,1
[14/04/2012 22:04:32] /addskill biju,magic level,1
[14/04/2012 22:04:32] /addskill biju,magic level,1
[14/04/2012 22:04:33] /addskill biju,magic level,1
[14/04/2012 22:04:33] /addskill biju,magic level,1
[14/04/2012 22:04:33] /addskill biju,magic level,1
[14/04/2012 22:04:34] /addskill biju,magic level,1
[14/04/2012 22:04:34] /addskill biju,magic level,1
[14/04/2012 22:04:35] /addskill biju,magic level,1
[14/04/2012 22:04:37] /addskill biju,magic level,1
[14/04/2012 22:04:38] /addskill biju,magic level,50
[14/04/2012 22:04:39] /addskill biju,magic level,50
[14/04/2012 22:04:40] /addskill biju,magic level,50
[14/04/2012 22:04:42] /addskill biju,magic level,50
[14/04/2012 22:05:25] /newtype 148,buju
[14/04/2012 22:05:30] /newtype 148,biju
[14/04/2012 22:05:49] /addskill niju,level,1
[14/04/2012 22:06:03] /addskill biju,level,1
[14/04/2012 22:06:23] /kick biju
[14/04/2012 22:06:59] /newtype 148,Kankurinho
[14/04/2012 22:07:28] /newtype 148,Kankurinho
[14/04/2012 22:08:02] /newtype 149,Kankurinho
[14/04/2012 22:08:15] /newtype 150,Kankurinho
[14/04/2012 22:21:39] /goto [ADM] Hokage
[14/04/2012 22:22:24] /c pein
[14/04/2012 22:24:34] /addskill pein,magic level, 10
[14/04/2012 22:24:35] /addskill pein,magic level, 10
[14/04/2012 22:24:36] /addskill pein,magic level, 10
[14/04/2012 22:24:39] /addskill pein,magic level, 10
[14/04/2012 22:24:39] /addskill pein,magic level, 10
[14/04/2012 22:24:39] /addskill pein,magic level, 10
[14/04/2012 22:24:39] /addskill pein,magic level, 10
[14/04/2012 22:24:39] /addskill pein,magic level, 10
[14/04/2012 22:24:41] /addskill pein,magic level, 10
[14/04/2012 22:24:41] /addskill pein,magic level, 10
[14/04/2012 22:24:41] /addskill pein,magic level, 10
[14/04/2012 22:24:42] /addskill pein,magic level, 10
[14/04/2012 22:24:48] /addskill pein,magic level, 10
[14/04/2012 22:24:50] /addskill pein,magic level, 10
[14/04/2012 22:24:50] /addskill pein,magic level, 10
[14/04/2012 22:24:51] /addskill pein,magic level, 10
[14/04/2012 22:24:51] /addskill pein,magic level, 10
[14/04/2012 22:24:52] /addskill pein,magic level, 10
[14/04/2012 22:24:52] /addskill pein,magic level, 10
[14/04/2012 22:24:52] /addskill pein,magic level, 10
[14/04/2012 22:24:53] /addskill pein,magic level, 10
[14/04/2012 22:24:53] /addskill pein,magic level, 10
[14/04/2012 22:24:53] /addskill pein,magic level, 10
[14/04/2012 22:24:54] /addskill pein,magic level, 10
[14/04/2012 22:24:54] /addskill pein,magic level, 10
[14/04/2012 22:24:54] /addskill pein,magic level, 10
[14/04/2012 22:25:00] /addskill pein,magic level, 10
[14/04/2012 22:25:01] /addskill pein,magic level, 10
[14/04/2012 22:25:02] /addskill pein,magic level, 10
[14/04/2012 22:25:04] /addskill pein,magic level, 10
[14/04/2012 22:25:05] /addskill pein,magic level, 10
[14/04/2012 22:25:06] /addskill pein,magic level, 10
[14/04/2012 22:25:06] /addskill pein,magic level, 10
[14/04/2012 22:25:07] /addskill pein,magic level, 10
[14/04/2012 22:25:08] /addskill pein,magic level, 10
[15/04/2012 12:45:33] /t
[15/04/2012 12:45:41] /down
[15/04/2012 12:48:10] /ghost
[15/04/2012 12:50:25] /i soldado pill
[15/04/2012 12:58:36] /b hm
[15/04/2012 12:58:46] /b afk  vo almoça
[15/04/2012 13:09:02] /b voltei 
[15/04/2012 13:09:11] /b da um sinal de vida
[15/04/2012 13:10:19] /b vo ve ma coisa ake afk
[15/04/2012 13:10:29] /b vo te q sai do jogo
[15/04/2012 13:10:35] /b dps eu volto
[15/04/2012 13:21:09] /bc oi
[15/04/2012 13:21:29] /bc green oi2
[15/04/2012 13:21:48] /a 2
[15/04/2012 13:22:57] /bc green kkkk
[15/04/2012 13:23:11] /a
[15/04/2012 13:23:22] /a
[15/04/2012 13:23:25] /a
[15/04/2012 13:23:27] /a
[15/04/2012 13:24:32] /t
[15/04/2012 13:24:35] /down
[15/04/2012 13:29:33] /ghost
[15/04/2012 13:30:25] /newtype 239
[15/04/2012 13:31:19] /b big o q? o  nome
[15/04/2012 13:39:20] /addskill   Nagato Chapado,level,299
[15/04/2012 13:42:44] /addskill nagato chapado, magic level, 120
[15/04/2012 13:54:59] /i sasuke legs
[15/04/2012 13:55:09] /i youndaime coat
[15/04/2012 13:55:22] /i yondaime coat
[15/04/2012 13:56:00] /i 6021
[15/04/2012 13:56:09] /i 2160
[15/04/2012 13:56:09] /i 2160
[15/04/2012 13:56:09] /i 2160
[15/04/2012 13:56:09] /i 2160
[15/04/2012 13:56:09] /i 2160
[15/04/2012 13:56:09] /i 2160
[15/04/2012 13:56:09] /i 2160
[15/04/2012 13:56:10] /i 2160
[15/04/2012 13:56:10] /i 2160
[15/04/2012 13:56:10] /i 2160
[15/04/2012 13:56:11] /i 2160
[15/04/2012 13:56:22] /r
[15/04/2012 13:56:24] /r
[15/04/2012 14:07:06] /addskill nagato chapado,level,7
[15/04/2012 14:07:16] /b da pein pra ele :@
[15/04/2012 14:08:36] /b matheus com group n da pra da pein?
[15/04/2012 14:10:20] /b ele é naruto ¬¬
[15/04/2012 14:11:46] /b matheus pq ele n viro pein?
[15/04/2012 14:13:21] /b s
[15/04/2012 14:13:41] /b ja almento o atack das magias?
