[10/9/2017 22:56:8] /m trainer
[10/9/2017 22:59:11] /goto raikage boss
[10/9/2017 22:59:22] /down
[10/9/2017 22:59:25] /a 4
[10/9/2017 22:59:29] /a
[10/9/2017 23:21:4] /down
[10/9/2017 23:21:6] /down
[10/9/2017 23:21:8] /up
[10/9/2017 23:21:10] /a
[10/9/2017 23:21:11] /a
[10/9/2017 23:21:14] /a
[10/9/2017 23:21:14] /a
[10/9/2017 23:22:24] /a 5
[10/9/2017 23:22:26] /a 5
[10/9/2017 23:23:17] /a
[10/9/2017 23:23:43] /down
[10/9/2017 23:25:14] /a
[10/9/2017 23:25:19] /a 5
[10/9/2017 23:28:14] /t
[10/9/2017 23:31:23] /goto raikage boss
[10/9/2017 23:31:26] /goto raikage boss
[10/9/2017 23:31:26] /goto raikage boss
[10/9/2017 23:31:27] /goto raikage boss
[10/9/2017 23:31:27] /goto raikage boss
[10/9/2017 23:31:47] /a
[10/9/2017 23:31:56] /a
[11/9/2017 22:49:2] /a
[11/9/2017 23:6:26] /down 2
[11/9/2017 23:6:28] /down 1
[11/9/2017 23:6:29] /down 3
[11/9/2017 23:6:30] /t
[11/9/2017 23:8:37] /t
[11/9/2017 23:11:6] /i chunnin armor
[11/9/2017 23:25:8] /r
[11/9/2017 23:25:10] /r
[11/9/2017 23:25:13] /r
[11/9/2017 23:26:31] /down
[11/9/2017 23:47:47] /i minato legs
[11/9/2017 23:47:56] /i minatu tunic
[11/9/2017 23:48:5] /i minato tunic
[11/9/2017 23:48:25] /i minato boots
[11/9/2017 23:49:36] /r
[11/9/2017 23:49:37] /r
[11/9/2017 23:49:39] /r
[12/9/2017 0:1:26] /i kazekage coat
[12/9/2017 0:1:35] /i hokage coat
[13/9/2017 22:6:5] /a 2
[13/9/2017 22:13:9] /r
[13/9/2017 22:20:13] /r
[13/9/2017 22:33:13] /newtype 101
[13/9/2017 22:33:16] /newtype 102
[13/9/2017 22:33:18] /newtype 106
[13/9/2017 22:33:19] /newtype 108
[13/9/2017 22:33:22] /newtype 200
[13/9/2017 22:33:31] /newtype 201
[13/9/2017 22:33:33] /newtype 200
[13/9/2017 22:33:40] /newtype 202
[13/9/2017 22:33:41] /newtype 203
[13/9/2017 22:33:43] /newtype 204
[13/9/2017 22:33:44] /newtype 205
[13/9/2017 22:33:46] /newtype 206
[13/9/2017 22:33:47] /newtype 207
[13/9/2017 22:35:21] /newtype 250
[13/9/2017 22:35:28] /newtype 252
[13/9/2017 22:35:35] /newtype 250
[13/9/2017 22:35:36] /newtype 251
[13/9/2017 22:35:40] /newtype 253
[13/9/2017 22:35:41] /newtype 254
[13/9/2017 22:35:44] /newtype 255
[13/9/2017 22:35:46] /newtype 255
[13/9/2017 23:4:36] /t
[13/9/2017 23:4:39] /down 2
[15/9/2017 21:56:21] /a 50
[15/9/2017 21:56:21] /a 50
[15/9/2017 21:56:22] /a 50
[15/9/2017 21:56:22] /a 50
[15/9/2017 21:56:22] /a 50
[15/9/2017 21:56:22] /a 50
[15/9/2017 21:56:23] /a 50
[15/9/2017 21:56:23] /a 50
[15/9/2017 21:56:24] /a 50
[15/9/2017 21:56:24] /a 50
[15/9/2017 21:56:24] /a 50
[15/9/2017 21:56:25] /a 50
[15/9/2017 21:59:11] /t
[15/9/2017 22:0:51] /newtype 100
[15/9/2017 22:0:56] /newtype 200
[15/9/2017 22:0:58] /newtype 202
[15/9/2017 22:1:0] /newtype 201
[15/9/2017 22:1:2] /newtype 204
[15/9/2017 22:1:3] /newtype 205
[15/9/2017 22:1:4] /newtype 206
[15/9/2017 22:1:7] /newtype 208
[15/9/2017 22:1:9] /newtype 209
[15/9/2017 22:1:11] /newtype 210
[15/9/2017 22:1:13] /newtype 212
[15/9/2017 22:1:15] /newtype 213
[15/9/2017 22:1:16] /newtype 214
[15/9/2017 22:1:18] /newtype 215
[15/9/2017 22:1:19] /newtype 216
[15/9/2017 22:1:20] /newtype 217
[15/9/2017 22:1:22] /newtype 218
[15/9/2017 22:1:38] /newtype 219
[15/9/2017 22:1:40] /newtype 211
[15/9/2017 22:1:43] /newtype 220
[15/9/2017 22:1:45] /newtype 223
[15/9/2017 22:1:46] /newtype 224
[15/9/2017 22:1:47] /newtype 225
[15/9/2017 22:1:48] /newtype 226
[15/9/2017 22:1:49] /newtype 227
[15/9/2017 22:2:20] /t
[15/9/2017 22:4:48] /goto sharkey
[15/9/2017 22:9:25] /i sasuke legs
[15/9/2017 22:9:29] /i sasuke legrobe
[15/9/2017 22:10:2] /i chunnin boots
[15/9/2017 22:11:37] /m hidan boss
[15/9/2017 22:11:54] /r
[15/9/2017 22:13:9] /i raikage boss
[15/9/2017 22:13:15] /m raikage boss
[15/9/2017 22:13:25] /r
[15/9/2017 22:13:35] /i sasuke akatsuki boss
[15/9/2017 22:13:44] /m sasuke akatsuki boss
[15/9/2017 22:13:55] /r
[15/9/2017 22:14:28] /m kakashi boss
[15/9/2017 22:14:38] /r
[15/9/2017 22:16:55] /m tsunade boss
[15/9/2017 22:17:0] /m tsunade
[15/9/2017 22:17:16] /m lendary sannin
[15/9/2017 22:17:23] /m tsunade lendary sannin
[15/9/2017 22:17:33] /r
[15/9/2017 22:17:36] /r
[15/9/2017 22:17:37] /r
[15/9/2017 22:17:38] /r
[15/9/2017 22:17:39] /r
[15/9/2017 22:17:55] /m gaara boss
[15/9/2017 22:18:16] /r
[15/9/2017 22:18:19] /m shukaku
[15/9/2017 22:18:33] /r
[15/9/2017 22:18:40] /m tobi boss
[15/9/2017 22:18:47] /r
[15/9/2017 22:26:33] /a 
[15/9/2017 22:26:36] /a
[15/9/2017 22:26:40] /up
[15/9/2017 22:27:51] /t
[15/9/2017 22:34:17] /a 50
[15/9/2017 22:34:18] /a 50
[15/9/2017 22:34:18] /a 50
[15/9/2017 22:34:18] /a 50
[15/9/2017 22:34:19] /a 50
[15/9/2017 22:34:19] /a 50
[15/9/2017 22:34:20] /a 50
[15/9/2017 22:34:20] /a 50
[15/9/2017 22:34:21] /a 50
[15/9/2017 22:34:21] /a 50
[15/9/2017 22:34:21] /a 50
[15/9/2017 22:34:22] /a 50
[15/9/2017 22:34:22] /a 50
[15/9/2017 22:34:23] /a 50
[15/9/2017 22:34:24] /a 50
[15/9/2017 22:34:24] /a 50
[15/9/2017 22:34:25] /a 50
[15/9/2017 22:34:25] /a 50
[15/9/2017 22:34:26] /a 50
[15/9/2017 22:34:27] /a 50
[15/9/2017 22:34:28] /a 50
[15/9/2017 22:34:31] /a 50
[15/9/2017 22:34:39] /a 50
[15/9/2017 22:34:40] /a 50
[15/9/2017 22:34:40] /a 50
[15/9/2017 22:34:41] /a 50
[15/9/2017 22:34:41] /a 50
[15/9/2017 22:34:43] /a 50
[15/9/2017 22:36:3] /t
[15/9/2017 22:36:14] /t
