[17/10/2017 0:19:32] /addskill testandoasd, level, 200
[17/10/2017 0:19:41] /addskill testandoasd, fist, 50
[17/10/2017 0:19:49] /m uchiha itachi
[17/10/2017 0:19:50] /m uchiha itachi
[17/10/2017 0:19:55] /m uchiha itachi
[17/10/2017 0:19:55] /m uchiha itachi
[17/10/2017 0:19:56] /m uchiha itachi
[17/10/2017 0:19:56] /m uchiha itachi
[17/10/2017 0:19:56] /m uchiha itachi
[17/10/2017 0:22:38] /r
[17/10/2017 0:23:40] /addskill testandoasd, fist, 50
[17/10/2017 0:23:42] /addskill testandoasd, fist, 50
[17/10/2017 0:23:56] /clean
[17/10/2017 0:24:26] /r
[17/10/2017 0:26:1] /i konohamaru coat
[17/10/2017 0:26:3] /i anbu mask
[17/10/2017 0:26:9] /i haku mask
[17/10/2017 0:26:26] /i gennin boots
[17/10/2017 0:26:32] /i gennin legs
[17/10/2017 0:26:35] /i boots
[17/10/2017 0:27:8] /i shuriken
[17/10/2017 0:27:10] /i kunai
[17/10/2017 0:27:22] /i konoha backpack
[17/10/2017 0:27:32] /i lee glove
[17/10/2017 0:27:36] /i dollar
[17/10/2017 0:28:5] /i phill
[17/10/2017 0:28:9] /i soldado phill
[17/10/2017 0:28:29] /i chakra potion
[17/10/2017 0:28:37] /i life potion
[17/10/2017 0:30:28] /i speed boots
[17/10/2017 0:30:47] /i Ninja Boots
[17/10/2017 0:39:11] /save
[17/10/2017 0:42:38] /save
[17/10/2017 0:54:26] /up 2
[17/10/2017 0:55:2] /attr vocation 14
[17/10/2017 0:55:6] /attr vocation 17
[17/10/2017 0:55:25] /attr vocation 18
[17/10/2017 0:55:39] /attr vocation 9
[17/10/2017 0:55:57] /attr vocation 19
[17/10/2017 0:56:8] /attr vocation 22
[17/10/2017 0:56:35] /attr vocation 20
[17/10/2017 0:56:50] /attr vocation 7
[17/10/2017 0:56:57] /attr vocation kakashi
[17/10/2017 0:57:5] /attr vocation itachi
[17/10/2017 0:57:20] /attr vocation 7
[17/10/2017 0:57:41] /attr vocation 8
[17/10/2017 0:57:51] /attr vocation 12]
[17/10/2017 0:58:6] /attr vocation 16
[17/10/2017 0:58:33] /attr vocation 23
[17/10/2017 0:59:13] /attr vocation 4
[17/10/2017 0:59:32] /attr vocation 5
[17/10/2017 0:59:47] /attr vocation 14
[17/10/2017 1:0:5] /attr vocation 40
[17/10/2017 1:0:24] /attr vocation 15
[17/10/2017 1:3:31] /attr vocation 21
[17/10/2017 1:4:0] /attr vocation 24
[17/10/2017 1:4:18] /attr vocation 25
[17/10/2017 1:4:32] /attr vocation 26
[17/10/2017 1:4:47] /attr vocation 27
[17/10/2017 1:5:3] /attr vocation 28
[17/10/2017 1:5:17] /save
[17/10/2017 2:20:2] /a 1
[17/10/2017 2:20:8] /r
[17/10/2017 2:20:11] /r
[17/10/2017 2:20:14] /a 1
[17/10/2017 2:20:15] /r
[17/10/2017 2:20:16] /a 1
[17/10/2017 2:20:18] /a 1
[17/10/2017 2:20:26] /r
[17/10/2017 2:20:30] /r
[17/10/2017 2:20:36] /r
[17/10/2017 2:20:41] /r
[17/10/2017 2:20:45] /r
[17/10/2017 2:20:57] /r
[17/10/2017 2:21:8] /r
[17/10/2017 2:23:25] /addskill nicks, level, 250
[17/10/2017 2:23:40] /addskill testandoasd, 250
[17/10/2017 2:23:45] /addskill testandoasd, level, 250
[17/10/2017 2:27:12] /i tobirama armor
[17/10/2017 2:27:15] /i nidaime armor
[17/10/2017 2:28:41] /i sasuke legrobe
[17/10/2017 2:28:56] /i akatsuki mask
[17/10/2017 2:29:7] /i akatsuki hat
[17/10/2017 2:29:38] /i raikage globe
[17/10/2017 2:29:40] /i raikage glove
[17/10/2017 2:30:19] /i kunai explision
[17/10/2017 2:30:22] /i kunai explosion
[17/10/2017 2:32:46] /i soldado phill
[17/10/2017 2:35:22] /addskill nicks, magic, 10
[17/10/2017 2:35:24] /addskill nicks, magic, 10
[17/10/2017 2:35:25] /addskill nicks, magic, 10
[17/10/2017 2:35:25] /addskill nicks, magic, 10
[17/10/2017 2:35:25] /addskill nicks, magic, 10
[17/10/2017 2:35:25] /addskill nicks, magic, 10
[17/10/2017 2:35:25] /addskill nicks, magic, 10
[17/10/2017 2:35:26] /addskill nicks, magic, 10
[17/10/2017 2:35:26] /addskill nicks, magic, 10
[17/10/2017 2:35:26] /addskill nicks, magic, 10
[17/10/2017 2:35:27] /addskill nicks, magic, 10
[17/10/2017 2:35:28] /addskill nicks, magic, 10
[17/10/2017 2:35:29] /addskill nicks, magic, 10
[17/10/2017 2:35:30] /addskill nicks, magic, 10
[17/10/2017 2:35:30] /addskill nicks, magic, 10
[17/10/2017 2:35:31] /addskill nicks, magic, 10
[17/10/2017 2:35:32] /addskill nicks, magic, 10
[17/10/2017 2:35:33] /addskill nicks, magic, 10
[17/10/2017 2:35:33] /addskill nicks, magic, 10
[17/10/2017 2:35:34] /addskill nicks, magic, 10
[17/10/2017 2:35:35] /addskill nicks, magic, 10
[17/10/2017 2:35:35] /addskill nicks, magic, 10
[17/10/2017 2:35:35] /addskill nicks, magic, 10
[17/10/2017 2:35:36] /addskill nicks, magic, 10
[17/10/2017 2:35:36] /addskill nicks, magic, 10
[17/10/2017 2:35:37] /addskill nicks, magic, 10
[17/10/2017 2:35:37] /addskill nicks, magic, 10
[17/10/2017 2:35:37] /addskill nicks, magic, 10
[17/10/2017 2:35:37] /addskill nicks, magic, 10
[17/10/2017 2:35:38] /addskill nicks, magic, 10
[17/10/2017 2:35:38] /addskill nicks, magic, 10
[17/10/2017 2:35:39] /addskill nicks, magic, 10
[17/10/2017 2:35:40] /addskill nicks, magic, 10
[17/10/2017 2:35:40] /addskill nicks, magic, 10
[17/10/2017 2:35:41] /addskill nicks, magic, 10
[17/10/2017 2:35:41] /addskill nicks, magic, 10
[17/10/2017 2:35:41] /addskill nicks, magic, 10
[17/10/2017 2:35:42] /addskill nicks, magic, 10
[17/10/2017 2:35:42] /addskill nicks, magic, 10
[17/10/2017 2:35:42] /addskill nicks, magic, 10
[17/10/2017 2:35:43] /addskill nicks, magic, 10
[17/10/2017 2:35:44] /addskill nicks, magic, 10
[17/10/2017 2:35:45] /addskill nicks, magic, 10
[17/10/2017 2:35:46] /addskill nicks, magic, 10
[17/10/2017 2:35:49] /addskill nicks, magic, 10
[17/10/2017 2:35:51] /addskill nicks, magic, 10
[17/10/2017 2:35:51] /addskill nicks, magic, 10
[17/10/2017 2:35:52] /addskill nicks, magic, 10
[17/10/2017 2:35:53] /addskill nicks, magic, 1
[17/10/2017 2:35:54] /addskill nicks, magic, 1
[17/10/2017 2:35:55] /addskill nicks, magic, 1
[17/10/2017 2:36:0] /addskill nicks, magic, 1
[17/10/2017 2:36:2] /addskill nicks, magic, 1
[17/10/2017 2:36:4] /addskill nicks, magic, 1
[17/10/2017 2:36:5] /addskill nicks, magic, 1
[17/10/2017 2:39:41] /m trainer
[17/10/2017 2:40:9] /ghost
[17/10/2017 2:42:45] /i big shuriken
[17/10/2017 2:42:48] /i big shuriken
[17/10/2017 2:44:3] /addskill nicks, level, 100
[17/10/2017 2:44:9] /addskill nicks, level, 50
[17/10/2017 2:44:16] /addskill testandoasd, level, 150
[17/10/2017 2:54:39] /addskill Nicks, magic, 10
[17/10/2017 2:54:41] /addskill Nicks, magic, 10
[17/10/2017 2:54:42] /addskill Nicks, magic, 10
[17/10/2017 2:54:44] /addskill Nicks, magic, 10
[17/10/2017 2:54:45] /addskill Nicks, magic, 10
[17/10/2017 3:32:5] /reload config
[17/10/2017 4:1:53] /reload global
[17/10/2017 4:1:56] /reload globalevents
[17/10/2017 4:15:13] /i hashirama armor
[17/10/2017 4:15:57] /reload global
[17/10/2017 4:16:7] /reload globalevents
[17/10/2017 4:20:12] /reload globalevents
[17/10/2017 4:22:5] /reload globalevents
[17/10/2017 12:19:16] /m black anbu
[17/10/2017 12:20:8] /m black anbu
[17/10/2017 12:20:8] /m black anbu
[17/10/2017 12:20:9] /m black anbu
[17/10/2017 12:20:9] /m black anbu
[17/10/2017 12:20:9] /m black anbu
[17/10/2017 12:20:10] /m black anbu
[17/10/2017 12:20:10] /m black anbu
[17/10/2017 12:20:10] /m black anbu
[17/10/2017 12:20:10] /m black anbu
[17/10/2017 12:20:11] /m black anbu
[17/10/2017 12:20:40] /addskill nicks, level, 1
[17/10/2017 12:21:27] /c nicks
[17/10/2017 12:21:31] /r
[17/10/2017 12:21:34] /r
[17/10/2017 12:21:35] /r
[17/10/2017 12:21:37] /r
[17/10/2017 12:21:39] /r
[17/10/2017 12:21:40] /r
[17/10/2017 12:21:46] /m raikage boss
[17/10/2017 12:21:54] /c nicks
[17/10/2017 12:22:6] /c nicks
[17/10/2017 12:22:18] /c nicks
[17/10/2017 12:22:32] /r
[17/10/2017 12:22:35] /c nicks
[17/10/2017 12:23:14] /m lider guard
[17/10/2017 12:23:28] /m lider guard
[17/10/2017 12:23:29] /m lider guard
[17/10/2017 12:24:25] /m lider guard
[17/10/2017 12:24:26] /m lider guard
[17/10/2017 12:24:53] /m white zetsu
[17/10/2017 12:24:55] /m white zetsu
[17/10/2017 12:25:27] /m white zetsu
[17/10/2017 12:25:27] /m white zetsu
[17/10/2017 12:25:56] /m white zetsu
[17/10/2017 12:26:10] /m white zetsu
[17/10/2017 12:26:10] /m white zetsu
