[08/08/2013 16:16:23] /m sasuke boss
[08/08/2013 16:18:24] /m sasuke boss
[08/08/2013 16:27:02] /m sasuke boss
[08/08/2013 16:27:57] /m tasker
[08/08/2013 16:28:01] /n tasker
[13/08/2013 20:47:31] /m black anbu
[13/08/2013 20:47:32] /m black anbu
[13/08/2013 20:47:32] /m black anbu
[13/08/2013 21:27:22] /i hashirama armor
[13/08/2013 21:30:14] /r
[13/08/2013 21:30:20] /r
[13/08/2013 21:30:22] /r
[14/08/2013 19:52:20] /a 10
[14/08/2013 19:52:21] /a 10
[14/08/2013 19:52:21] /a 10
[14/08/2013 19:52:21] /a 10
[14/08/2013 19:52:21] /a 10
[14/08/2013 19:52:21] /a 10
[14/08/2013 19:52:21] /a 10
[14/08/2013 19:52:21] /a 10
[14/08/2013 19:52:21] /a 10
[14/08/2013 19:52:21] /a 10
[14/08/2013 19:52:21] /a 10
[14/08/2013 19:52:22] /a 10
[14/08/2013 19:52:22] /a 10
[14/08/2013 19:52:22] /a 10
[14/08/2013 19:52:22] /a 10
[14/08/2013 19:52:22] /a 10
[14/08/2013 19:52:22] /a 10
[14/08/2013 19:52:22] /a 10
[14/08/2013 19:52:22] /a 10
[14/08/2013 19:52:23] /a 10
[14/08/2013 19:52:23] /a 10
[14/08/2013 19:52:23] /a 10
[14/08/2013 19:52:23] /a 10
[14/08/2013 19:52:23] /a 10
[14/08/2013 19:52:23] /a 10
[14/08/2013 19:52:23] /a 10
[14/08/2013 19:52:23] /a 10
[14/08/2013 19:52:23] /a 10
[14/08/2013 19:52:23] /a 10
[14/08/2013 19:52:23] /a 10
[14/08/2013 19:52:24] /a 10
[14/08/2013 19:52:24] /a 10
[14/08/2013 19:52:24] /a 10
[14/08/2013 19:52:24] /a 10
[14/08/2013 19:52:24] /a 10
[14/08/2013 19:52:24] /a 10
[14/08/2013 19:52:24] /a 10
[14/08/2013 19:52:24] /a 10
[14/08/2013 19:52:24] /a 10
[14/08/2013 19:52:25] /a 10
[14/08/2013 19:52:26] /a 10
[14/08/2013 19:52:26] /a 10
[14/08/2013 19:52:36] /a 
[14/08/2013 19:52:51] /m tayuya
[14/08/2013 19:53:00] /r
[14/08/2013 19:53:50] /m tayuya
[14/08/2013 19:53:51] /m tayuya
[14/08/2013 19:53:51] /m tayuya
[14/08/2013 19:53:51] /m tayuya
[14/08/2013 19:53:52] /m tayuya
[14/08/2013 19:53:52] /m tayuya
[14/08/2013 19:53:52] /m tayuya
[14/08/2013 23:00:44] /i eletric katana
[14/08/2013 23:00:48] /i eletric katana
[14/08/2013 23:01:04] /attr set attack 1000
[14/08/2013 23:14:15] /i hashirama armor
[15/08/2013 12:20:21] /t
[15/08/2013 12:20:27] /i hashirama armor
[15/08/2013 12:20:35] /i raikage gloves
[15/08/2013 12:37:21] /m shinobi of the blades
[15/08/2013 12:37:31] /m black anbu
[15/08/2013 12:58:00] /m black anbu
[15/08/2013 12:58:01] /m black anbu
[15/08/2013 12:58:01] /m black anbu
[15/08/2013 12:58:02] /m black anbu
[15/08/2013 12:58:02] /m black anbu
[15/08/2013 12:58:02] /m black anbu
[15/08/2013 12:58:42] /i protection amulet
[15/08/2013 12:59:06] /m black anbu
[15/08/2013 12:59:07] /m black anbu
[15/08/2013 12:59:08] /m black anbu
[15/08/2013 12:59:08] /m black anbu
[15/08/2013 12:59:10] /m black anbu
[15/08/2013 12:59:10] /m black anbu
[15/08/2013 12:59:11] /m black anbu
[15/08/2013 13:09:07] /i black anbu
[15/08/2013 13:09:07] /i black anbu
[15/08/2013 13:09:12] /m black anbu
[15/08/2013 13:09:12] /m black anbu
[15/08/2013 13:09:13] /m black anbu
[15/08/2013 13:09:13] /m black anbu
[15/08/2013 13:09:14] /m black anbu
[15/08/2013 14:11:46] /m black anbu
[15/08/2013 14:11:47] /m black anbu
[15/08/2013 14:57:30] /newtype 85
[15/08/2013 14:58:14] /name Novo Adm, [ADM] Nii.
