[26/04/2012 20:44:58] /a
[26/04/2012 20:45:28] /a
[26/04/2012 20:45:32] /a
[26/04/2012 20:45:54] /a
[26/04/2012 20:46:43] /a
[26/04/2012 20:46:51] /a
[26/04/2012 20:46:54] /a
[26/04/2012 20:46:59] /a
[26/04/2012 20:47:02] /a
[26/04/2012 20:47:04] /a
[26/04/2012 20:48:18] /m
[26/04/2012 20:48:25] /m beez
[26/04/2012 20:48:38] /r
[26/04/2012 20:48:47] /m beez
[26/04/2012 20:49:22] /m [1996].
[26/04/2012 20:49:41] /m 1996
[26/04/2012 21:07:31] /m tobi
[26/04/2012 21:07:46] /r
[26/04/2012 21:11:57] /a
[26/04/2012 21:13:19] /m beez
[26/04/2012 21:13:56] /m [2397]
[26/04/2012 21:14:08] /m pain
[26/04/2012 21:14:18] /m tobi boss
[26/04/2012 21:15:43] /r
[26/04/2012 21:15:52] /r
[26/04/2012 21:16:00] /r
[26/04/2012 21:16:13] /r
[26/04/2012 21:16:58] /c
[26/04/2012 21:18:17] /m tobi
[26/04/2012 21:18:39] /r
[26/04/2012 21:19:01] /m sasuke
[26/04/2012 21:21:13] /m pain
[26/04/2012 21:21:50] /m sasuke
[26/04/2012 21:22:34] /m tobi boss
[26/04/2012 21:23:37] /m tobi boss
[26/04/2012 21:24:01] /m tobi
[26/04/2012 21:24:39] /a
[26/04/2012 21:24:49] /m demon
[26/04/2012 21:25:06] /r
[26/04/2012 21:25:34] /r
[26/04/2012 21:27:06] /r
[26/04/2012 21:27:55] /r
[26/04/2012 21:28:49] /m sakura
[26/04/2012 21:28:58] /m bison
[26/04/2012 21:29:32] /m bison
[26/04/2012 21:31:03] /c
[26/04/2012 21:32:01] /m sasuke boss
[26/04/2012 21:32:18] /r
[26/04/2012 21:35:13] /r
[26/04/2012 21:35:53] /a
[26/04/2012 21:35:56] /a
[26/04/2012 21:37:23] /i kasekague
[26/04/2012 21:37:41] /i glove
[26/04/2012 21:38:11] /a
[26/04/2012 21:38:13] /a
[26/04/2012 21:39:13] /i jashin amulet 
[26/04/2012 21:45:24] /a
[26/04/2012 21:45:29] /a
[26/04/2012 21:45:33] /a
[26/04/2012 21:45:36] /a
[26/04/2012 21:52:08] /m choji
[26/04/2012 21:52:36] /r
[26/04/2012 21:53:12] /m gaara
[26/04/2012 21:53:23] /m gaara
[26/04/2012 21:53:44] /m gara
[26/04/2012 21:53:52] /m shinobi star
[26/04/2012 21:54:28] /m iatai
[26/04/2012 21:54:59] /m shinobi
[26/04/2012 21:55:08] /m gamaken
[26/04/2012 21:55:22] /m back anbu
[26/04/2012 21:55:30] /m anbu
[26/04/2012 21:55:37] /m black anbu
[26/04/2012 21:55:57] /r
[26/04/2012 21:56:13] /m japa
[26/04/2012 21:56:44] /i dead human
[26/04/2012 21:58:54] /m black anbu
[26/04/2012 21:59:40] /m throne
[26/04/2012 21:59:45] /i throne
[26/04/2012 22:38:14] /m bison
[26/04/2012 22:38:42] /a
[26/04/2012 22:39:06] /m unknow akatsuki
[26/04/2012 22:39:07] /m unknow akatsuki
[26/04/2012 22:39:08] /m unknow akatsuki
[26/04/2012 22:39:08] /m unknow akatsuki
[26/04/2012 22:39:09] /m unknow akatsuki
[26/04/2012 22:39:10] /m unknow akatsuki
[26/04/2012 22:39:10] /m unknow akatsuki
[26/04/2012 22:39:11] /m unknow akatsuki
[26/04/2012 22:39:11] /m unknow akatsuki
[26/04/2012 22:39:40] /a
[26/04/2012 22:41:41] /m unknow akatsuki
[26/04/2012 22:41:42] /m unknow akatsuki
[26/04/2012 22:42:04] /c chat
[26/04/2012 23:10:26] /r
[26/04/2012 23:11:54] /m [4398]
[26/04/2012 23:12:14] /a
[26/04/2012 23:13:35] /m naruto
[26/04/2012 23:18:09] /m hokague
[26/04/2012 23:18:24] /m hokage
[26/04/2012 23:19:37] /m tobi boss
[26/04/2012 23:20:06] /m tutor
[26/04/2012 23:20:25] /m gamaken
[26/04/2012 23:20:25] /m gamaken
[26/04/2012 23:20:26] /m gamaken
[26/04/2012 23:20:27] /m gamaken
[26/04/2012 23:20:28] /m gamaken
[26/04/2012 23:20:28] /m gamaken
[26/04/2012 23:20:30] /m gamaken
[26/04/2012 23:20:54] /m tobi boss
[26/04/2012 23:20:57] /m gamaken
[26/04/2012 23:20:57] /m gamaken
[26/04/2012 23:20:58] /m gamaken
[26/04/2012 23:20:58] /m gamaken
[26/04/2012 23:20:58] /m gamaken
[26/04/2012 23:21:00] /m gamaken
[26/04/2012 23:21:09] /m gamaken
[26/04/2012 23:21:10] /m gamaken
[26/04/2012 23:21:11] /m gamaken/m gamaken/m gamaken
[26/04/2012 23:21:12] /m gamaken
[26/04/2012 23:21:12] /m gamaken/m gamaken
[26/04/2012 23:21:12] /m gamaken
[26/04/2012 23:21:38] /m hokage
[26/04/2012 23:21:44] /m gamaken
[26/04/2012 23:21:48] /m gamaken
[26/04/2012 23:21:48] /m gamaken
[26/04/2012 23:21:49] /m gamaken
[26/04/2012 23:22:44] /i fence
[26/04/2012 23:23:16] /i wooden wall
[26/04/2012 23:23:43] /i wooden wall
[26/04/2012 23:23:47] /i wooden wall
[26/04/2012 23:23:53] /i wooden wall
[26/04/2012 23:24:02] /i wooden wall
[26/04/2012 23:24:04] /i wooden wall
[26/04/2012 23:24:07] /i wooden wall
[26/04/2012 23:24:12] /i wooden wall
[26/04/2012 23:24:15] /i wooden wall
[26/04/2012 23:24:20] /i wooden wall
[26/04/2012 23:24:24] /i wooden wall
[26/04/2012 23:24:27] /i wooden wall
[26/04/2012 23:24:33] /i wooden wall
[26/04/2012 23:24:38] /i wooden wall
[26/04/2012 23:24:42] /i wooden wall
[26/04/2012 23:24:46] /i wooden wall
[26/04/2012 23:25:14] /i brick wall
[26/04/2012 23:25:18] /i brick wall
[26/04/2012 23:25:21] /i brick wall
[26/04/2012 23:25:49] /m hokage
[26/04/2012 23:26:11] /m hokage boss
[26/04/2012 23:27:03] /i brick wall
[26/04/2012 23:27:06] /i brick wall
[26/04/2012 23:27:08] /i brick wall
[26/04/2012 23:27:12] /i brick wall
[26/04/2012 23:27:18] /i brick wall
[26/04/2012 23:28:32] /newtype 1
[26/04/2012 23:29:44] /i  red carpet
[26/04/2012 23:29:45] /i  red carpet
[26/04/2012 23:29:47] /i  red carpet
[26/04/2012 23:29:49] /i  red carpet
[26/04/2012 23:29:51] /i  red carpet
[26/04/2012 23:29:56] /i  red carpet
[26/04/2012 23:29:59] /i  red carpet
[26/04/2012 23:30:01] /i  red carpet
[26/04/2012 23:30:03] /i  red carpet
[26/04/2012 23:30:05] /i  red carpet
[26/04/2012 23:30:56] /newtype
[26/04/2012 23:31:16] /newtype 1
[26/04/2012 23:31:22] /newtype 56
[26/04/2012 23:31:31] /newtype 99
[26/04/2012 23:33:43] /newtype 87
[26/04/2012 23:33:49] /newtype 23
[26/04/2012 23:33:56] /newtype 31
[26/04/2012 23:34:03] /newtype 21
[26/04/2012 23:34:17] /newtype 99
[26/04/2012 23:34:23] /newtype 100
[26/04/2012 23:34:39] /newtype 200
[26/04/2012 23:34:48] /newtype 199
[26/04/2012 23:34:56] /newtype 93
[26/04/2012 23:35:06] /newtype 194
[26/04/2012 23:35:13] /newtype 195
[26/04/2012 23:35:23] /newtype 196
[26/04/2012 23:35:24] /newtype 197
[27/04/2012 13:46:43] /m biosn
[27/04/2012 13:46:48] /m bison
[27/04/2012 13:47:09] /t
[27/04/2012 13:47:36] /m sasuke boss
[27/04/2012 13:48:16] /m hokage
[27/04/2012 13:49:06] /r
[27/04/2012 13:49:30] /m sasori boss
[27/04/2012 13:51:43] /m sasori
[27/04/2012 13:51:50] /m sasori boss
[27/04/2012 13:53:16] /m tobi boss
[27/04/2012 13:53:31] /m sasuke boss
[27/04/2012 13:55:35] /i fence
[27/04/2012 13:55:41] /t Killer Bee
[27/04/2012 13:55:48] /t Killer Bee
[27/04/2012 13:55:58] /t Killer Bee 
[27/04/2012 13:56:15] /i Killer Bee 
[27/04/2012 13:56:24] /t Killer Bee 
[27/04/2012 13:56:27] /t
[27/04/2012 13:57:55] /c Killer Bee 
[27/04/2012 13:58:49] /t
[27/04/2012 13:59:21] /c Killer Bee 
[27/04/2012 14:01:31] /a
[27/04/2012 14:02:32] /t
[27/04/2012 14:03:54] /t
[27/04/2012 14:25:07] /c killer bee
[27/04/2012 14:25:39] /c killer bee
[27/04/2012 14:27:21] /m sasori
[27/04/2012 14:27:29] /m sasori boss
[27/04/2012 14:27:38] /m sasori boss
[27/04/2012 15:20:26] /c
[27/04/2012 15:20:37] /c kasekaghe
[27/04/2012 15:20:58] /c Akatsuki hat 
[27/04/2012 15:21:09] /c Akatsuki hat 
[27/04/2012 15:21:17] /c akatsuki hat 
[27/04/2012 15:21:28] /i 2652
[27/04/2012 16:00:27] /ghost
[27/04/2012 16:00:45] /t
[27/04/2012 16:05:49] /ghost
[27/04/2012 17:22:53] /i 6313
[27/04/2012 17:23:23] /ghost
[27/04/2012 17:26:14] /a
[27/04/2012 17:26:24] /t
[27/04/2012 17:27:36] /t
[27/04/2012 17:28:24] /a
[27/04/2012 17:28:53] /a
[27/04/2012 18:01:39] /t
[27/04/2012 18:02:30] /s
[27/04/2012 18:02:37] /save
[27/04/2012 18:02:40] /s
[27/04/2012 18:02:59] /ghost
[27/04/2012 18:03:51] /a
[27/04/2012 18:04:02] /a
[27/04/2012 18:04:30] /a
[27/04/2012 18:04:45] /a
[27/04/2012 18:05:59] /a
[27/04/2012 18:06:04] /a
[27/04/2012 18:06:12] /a
[27/04/2012 18:06:16] /a
[27/04/2012 18:06:20] /a
[27/04/2012 18:06:23] /a
[27/04/2012 18:07:20] /a
[27/04/2012 18:07:53] /a
[27/04/2012 18:07:54] /a
[27/04/2012 18:07:54] /a
[27/04/2012 18:07:55] /a
[27/04/2012 18:07:56] /a
[27/04/2012 18:07:56] /a
[27/04/2012 18:07:57] /a
[27/04/2012 18:07:57] /a
[27/04/2012 18:07:59] /a
[27/04/2012 18:08:00] /a
[27/04/2012 18:08:01] /a
[27/04/2012 18:08:01] /a
[27/04/2012 18:08:02] /a
[27/04/2012 18:08:02] /a
[27/04/2012 18:08:04] /a
[27/04/2012 18:08:05] /a
[27/04/2012 18:08:06] /a
[27/04/2012 18:08:06] /a
[27/04/2012 18:08:07] /a
[27/04/2012 18:08:11] /a
[27/04/2012 18:08:12] /a
[27/04/2012 18:08:13] /a
[27/04/2012 18:08:14] /a
[27/04/2012 18:08:15] /a
[27/04/2012 18:08:16] /a
[27/04/2012 18:08:17] /a
[27/04/2012 18:08:18] /a
[27/04/2012 18:08:19] /a
[27/04/2012 18:08:19] /a
[27/04/2012 18:08:20] /a
[27/04/2012 18:08:21] /a
[27/04/2012 18:10:27] /m susanou itachi
[27/04/2012 18:10:39] /m susanou itachi
[27/04/2012 18:10:42] /m susanou itachi
[27/04/2012 18:10:49] /m susanou itachi
[27/04/2012 18:11:27] /t
[27/04/2012 18:12:00] /ghost
[27/04/2012 18:13:47] /b evento pessoal  vai todo mundo na arena
[27/04/2012 18:14:18] /b evento pessoal  vai todo mundo na arena
[27/04/2012 18:16:37] /t
[27/04/2012 18:17:04] /ghost
[27/04/2012 18:17:09] /b evento pessoal  vai todo mundo na arena
[27/04/2012 18:18:02] /i /b evento pessoal  vai todo mundo na arena
[27/04/2012 18:18:27] /c hyouton
[27/04/2012 18:18:38] /b evento pessoal  vai todo mundo na arena
[27/04/2012 18:19:25] /b evento corre corre
[27/04/2012 18:19:51] /ghost
[27/04/2012 18:21:44] /c Uzumaki Naruto 
[27/04/2012 18:24:31] /m bison
[27/04/2012 18:24:54] /m sasuke
[27/04/2012 18:25:04] /m beez\
[27/04/2012 18:25:14] /m beez
[27/04/2012 18:25:39] /i Akatsuki hat 
[27/04/2012 18:26:24] /m sasori
[27/04/2012 18:26:32] /m bison 
[27/04/2012 18:26:40] /m sasuke 
[27/04/2012 18:26:45] /m bison
[27/04/2012 18:27:07] /m beez
[27/04/2012 18:27:38] /m sasori boss
[27/04/2012 18:28:26] /i Akatsuki hat 
[27/04/2012 18:29:13] /m sasori boss
[27/04/2012 18:29:16] /m bison
[27/04/2012 18:30:45] /ghost
[27/04/2012 18:37:29] /ghost
[27/04/2012 18:37:33] /t
[27/04/2012 18:40:04] /r
[27/04/2012 18:45:54] /ghost
[27/04/2012 18:46:36] /i 2129
[27/04/2012 18:48:27] /ghost
[27/04/2012 18:49:00] /i 2125
[28/04/2012 10:32:32] /t
