[18/09/2013 14:34:26] /goto gordo mais loko
[18/09/2013 14:34:28] /goto gordo mais loko
[18/09/2013 14:34:30] /goto gordo mais loko
[18/09/2013 14:34:32] /goto gordo mais loko
[18/09/2013 14:34:38] /t madara boss
[18/09/2013 14:34:41] /goto gordo mais loko
[18/09/2013 14:34:46] /m shukaku
[18/09/2013 14:34:57] /c gordo mais loko
[18/09/2013 14:35:52] /goto gordo mais loko
[18/09/2013 14:35:56] /goto gordo mais loko
[18/09/2013 14:35:57] /goto gordo mais loko
[18/09/2013 14:35:59] /goto gordo mais loko
[18/09/2013 14:36:04] /goto gordo mais loko
[18/09/2013 14:36:06] /goto gordo mais loko
[18/09/2013 14:36:12] /goto gordo mais loko
[18/09/2013 14:36:13] /goto gordo mais loko
[18/09/2013 14:36:14] /goto gordo mais loko
[18/09/2013 14:36:15] /goto gordo mais loko
[18/09/2013 14:36:16] /goto gordo mais loko
[18/09/2013 14:36:17] /goto gordo mais loko
[18/09/2013 14:36:19] /goto gordo mais loko
[18/09/2013 14:36:21] /goto gordo mais loko
[18/09/2013 14:36:21] /goto gordo mais loko
[18/09/2013 14:36:22] /goto gordo mais loko
[18/09/2013 14:36:22] /goto gordo mais loko
[18/09/2013 14:36:23] /goto gordo mais loko
[18/09/2013 14:36:24] /goto gordo mais loko
[18/09/2013 14:36:26] /goto gordo mais loko
[18/09/2013 14:36:26] /goto gordo mais loko
[18/09/2013 14:36:28] /goto gordo mais loko
[18/09/2013 14:36:33] /goto gordo mais loko
[18/09/2013 14:36:35] /goto gordo mais loko
[18/09/2013 14:36:37] /goto gordo mais loko
[18/09/2013 14:36:41] /r
[18/09/2013 14:36:46] /m max
[18/09/2013 14:36:49] /c max
[18/09/2013 14:36:51] /c max
[18/09/2013 14:36:54] /c max
[18/09/2013 14:40:14] /m naruto
[18/09/2013 14:40:15] /m naruto
[18/09/2013 14:40:16] /m naruto
[18/09/2013 14:40:17] /m naruto
[18/09/2013 14:40:20] /m naruto
[18/09/2013 14:40:21] /m naruto
[18/09/2013 14:40:22] /m naruto
[18/09/2013 14:46:16] /goto gordo mais loko
[18/09/2013 14:46:18] /goto gordo mais loko
[18/09/2013 14:46:19] /goto gordo mais loko
[18/09/2013 14:46:20] /goto gordo mais loko
[18/09/2013 14:46:21] /goto gordo mais loko
[18/09/2013 14:46:23] /goto gordo mais loko
[18/09/2013 14:46:25] /goto gordo mais loko
[18/09/2013 14:46:27] /goto gordo mais loko
[18/09/2013 14:46:29] /goto gordo mais loko
[18/09/2013 14:49:04] /goto gordo mais loko
[18/09/2013 14:49:06] /goto gordo mais loko
[18/09/2013 14:50:46] /goto gordo mais loko
[18/09/2013 14:53:59] /t
[18/09/2013 14:54:06] /goto [adm] nii.
[18/09/2013 14:55:10] /t
[18/09/2013 14:55:16] /goto [adm] nii.
[18/09/2013 14:56:00] /goto gordo mais loko
[18/09/2013 14:56:02] /goto gordo mais loko
[18/09/2013 14:56:03] /goto gordo mais loko
[18/09/2013 14:56:03] /goto gordo mais loko
[18/09/2013 14:56:04] /goto gordo mais loko
[18/09/2013 14:56:04] /goto gordo mais loko
[18/09/2013 14:56:04] /goto gordo mais loko
[18/09/2013 14:56:05] /goto gordo mais loko
[18/09/2013 14:56:05] /goto gordo mais loko
[18/09/2013 14:56:06] /goto gordo mais loko
[18/09/2013 14:56:06] /goto gordo mais loko
[18/09/2013 14:56:06] /goto gordo mais loko
[18/09/2013 14:56:07] /goto gordo mais loko
[18/09/2013 14:56:07] /goto gordo mais loko
[18/09/2013 14:56:08] /goto gordo mais loko
[18/09/2013 14:56:08] /goto gordo mais loko
[18/09/2013 14:56:09] /goto gordo mais loko
[18/09/2013 14:56:09] /goto gordo mais loko
[18/09/2013 14:56:10] /goto gordo mais loko
[18/09/2013 14:56:10] /goto gordo mais loko
[18/09/2013 14:56:11] /goto gordo mais loko
[18/09/2013 14:56:12] /goto gordo mais loko
[18/09/2013 14:56:19] /goto haku
[18/09/2013 14:56:24] /c gordo mais loko
[18/09/2013 14:56:25] /c gordo mais loko
[18/09/2013 14:56:26] /c gordo mais loko
[18/09/2013 14:56:26] /c gordo mais loko
[18/09/2013 14:56:26] /c gordo mais loko
[18/09/2013 14:56:27] /c gordo mais loko
[18/09/2013 14:56:27] /c gordo mais loko
[18/09/2013 14:56:27] /c gordo mais loko
[18/09/2013 14:56:28] /c gordo mais loko
[18/09/2013 14:56:28] /c gordo mais loko
[18/09/2013 14:56:44] /c gordo mais loko
[18/09/2013 14:58:16] /a 1
[18/09/2013 14:58:16] /a 1
[18/09/2013 14:58:17] /a 1
[18/09/2013 14:58:17] /a 1
[18/09/2013 14:58:17] /a 1
[18/09/2013 14:58:17] /a 1
[18/09/2013 14:58:17] /a 1
[18/09/2013 14:58:18] /a 1
[18/09/2013 14:58:18] /a 1
[18/09/2013 14:58:18] /a 1
[18/09/2013 14:58:18] /a 1
[18/09/2013 14:58:18] /a 1
[18/09/2013 14:58:19] /a 1
[18/09/2013 14:58:19] /a 1
[18/09/2013 14:58:19] /a 1
[18/09/2013 14:58:19] /a 1
[18/09/2013 14:58:19] /a 1
[18/09/2013 14:58:20] /a 1
[18/09/2013 14:58:20] /a 1
[18/09/2013 14:58:20] /a 1
[18/09/2013 14:58:21] /a 1
[18/09/2013 14:58:21] /a 1
[18/09/2013 14:58:21] /a 1
[18/09/2013 14:58:21] /a 1
[18/09/2013 14:58:21] /a 1
[18/09/2013 14:58:21] /a 1
[18/09/2013 14:58:21] /a 1
[18/09/2013 14:58:21] /a 1
[18/09/2013 14:58:21] /a 1
[18/09/2013 14:58:21] /a 1
[18/09/2013 14:58:21] /a 1
[18/09/2013 14:58:21] /a 1
[18/09/2013 14:58:21] /a 1
[18/09/2013 14:58:22] /a 1
[18/09/2013 14:58:22] /a 1
[18/09/2013 14:58:22] /a 1
[18/09/2013 14:58:22] /a 1
[18/09/2013 14:58:22] /a 1
[18/09/2013 14:58:22] /a 1
[18/09/2013 14:58:22] /a 1
[18/09/2013 14:58:22] /a 1
[18/09/2013 14:58:22] /a 1
[18/09/2013 14:58:22] /a 1
[18/09/2013 14:58:22] /a 1
[18/09/2013 14:58:22] /a 1
[18/09/2013 14:58:22] /a 1
[18/09/2013 14:58:22] /a 1
[18/09/2013 14:58:22] /a 1
[18/09/2013 14:58:22] /a 1
[18/09/2013 14:58:22] /a 1
[18/09/2013 14:58:22] /a 1
[18/09/2013 14:58:23] /a 1
[18/09/2013 14:58:23] /a 1
[18/09/2013 14:58:23] /a 1
[18/09/2013 14:58:23] /a 1
[18/09/2013 14:58:23] /a 1
[18/09/2013 14:58:23] /a 1
[18/09/2013 14:58:23] /a 1
[18/09/2013 14:58:23] /a 1
[18/09/2013 14:58:23] /a 1
[18/09/2013 14:58:23] /a 1
[18/09/2013 14:58:23] /a 1
[18/09/2013 14:58:23] /a 1
[18/09/2013 14:58:23] /a 1
[18/09/2013 14:58:23] /a 1
[18/09/2013 14:58:23] /a 1
[18/09/2013 14:58:23] /a 1
[18/09/2013 14:58:23] /a 1
[18/09/2013 14:58:23] /a 1
[18/09/2013 14:58:23] /a 1
[18/09/2013 14:58:23] /a 1
[18/09/2013 14:58:23] /a 1
[18/09/2013 14:58:24] /a 1
[18/09/2013 14:58:24] /a 1
[18/09/2013 14:58:24] /a 1
[18/09/2013 14:58:24] /a 1
[18/09/2013 14:58:24] /a 1
[18/09/2013 14:58:24] /a 1
[18/09/2013 14:58:24] /a 1
[18/09/2013 14:58:24] /a 1
[18/09/2013 14:58:24] /a 1
[18/09/2013 14:58:24] /a 1
[18/09/2013 14:58:24] /a 1
[18/09/2013 14:58:24] /a 1
[18/09/2013 14:58:24] /a 1
[18/09/2013 14:58:24] /a 1
[18/09/2013 14:58:24] /a 1
[18/09/2013 14:58:24] /a 1
[18/09/2013 14:58:24] /a 1
[18/09/2013 14:58:24] /a 1
[18/09/2013 14:58:24] /a 1
[18/09/2013 14:58:24] /a 1
[18/09/2013 14:58:24] /a 1
[18/09/2013 14:58:24] /a 1
[18/09/2013 14:58:24] /a 1
[18/09/2013 14:58:24] /a 1
[18/09/2013 14:58:24] /a 1
[18/09/2013 14:58:24] /a 1
[18/09/2013 14:58:24] /a 1
[18/09/2013 14:58:24] /a 1
[18/09/2013 14:58:24] /a 1
[18/09/2013 14:58:24] /a 1
[18/09/2013 14:58:24] /a 1
[18/09/2013 14:58:25] /a 1
[18/09/2013 14:58:25] /a 1
[18/09/2013 14:58:25] /a 1
[18/09/2013 14:58:25] /a 1
[18/09/2013 14:58:25] /a 1
[18/09/2013 14:58:25] /a 1
[18/09/2013 14:58:25] /a 1
[18/09/2013 14:58:25] /a 1
[18/09/2013 14:58:25] /a 1
[18/09/2013 14:58:25] /a 1
[18/09/2013 14:58:25] /a 1
[18/09/2013 14:58:25] /a 1
[18/09/2013 14:58:25] /a 1
[18/09/2013 14:58:25] /a 1
[18/09/2013 14:58:25] /a 1
[18/09/2013 14:58:25] /a 1
[18/09/2013 14:58:25] /a 1
[18/09/2013 14:58:25] /a 1
[18/09/2013 14:58:25] /a 1
[18/09/2013 14:58:25] /a 1
[18/09/2013 14:58:25] /a 1
[18/09/2013 14:58:25] /a 1
[18/09/2013 14:58:25] /a 1
[18/09/2013 14:58:25] /a 1
[18/09/2013 14:58:25] /a 1
[18/09/2013 14:58:25] /a 1
[18/09/2013 14:58:25] /a 1
[18/09/2013 14:58:25] /a 1
[18/09/2013 14:58:25] /a 1
[18/09/2013 14:58:25] /a 1
[18/09/2013 14:58:25] /a 1
[18/09/2013 14:58:26] /a 1
[18/09/2013 14:58:26] /a 1
[18/09/2013 14:58:26] /a 1
[18/09/2013 14:58:26] /a 1
[18/09/2013 14:58:26] /a 1
[18/09/2013 14:58:26] /a 1
[18/09/2013 14:58:26] /a 1
[18/09/2013 14:58:26] /a 1
[18/09/2013 14:58:26] /a 1
[18/09/2013 14:58:26] /a 1
[18/09/2013 14:58:26] /a 1
[18/09/2013 14:58:26] /a 1
[18/09/2013 14:58:26] /a 1
[18/09/2013 14:58:26] /a 1
[18/09/2013 14:58:26] /a 1
[18/09/2013 14:58:26] /a 1
[18/09/2013 14:58:26] /a 1
[18/09/2013 14:58:26] /a 1
[18/09/2013 14:58:26] /a 1
[18/09/2013 14:58:26] /a 1
[18/09/2013 14:58:26] /a 1
[18/09/2013 14:58:26] /a 1
[18/09/2013 14:58:26] /a 1
[18/09/2013 14:58:26] /a 1
[18/09/2013 14:58:26] /a 1
[18/09/2013 14:58:26] /a 1
[18/09/2013 14:58:26] /a 1
[18/09/2013 14:58:26] /a 1
[18/09/2013 14:58:26] /a 1
[18/09/2013 14:58:26] /a 1
[18/09/2013 14:58:27] /a 1
[18/09/2013 14:58:27] /a 1
[18/09/2013 14:58:27] /a 1
[18/09/2013 14:58:27] /a 1
[18/09/2013 14:58:27] /a 1
[18/09/2013 14:58:27] /a 1
[18/09/2013 14:58:27] /a 1
[18/09/2013 14:58:27] /a 1
[18/09/2013 14:58:27] /a 1
[18/09/2013 14:58:27] /a 1
[18/09/2013 14:58:27] /a 1
[18/09/2013 14:58:27] /a 1
[18/09/2013 14:58:27] /a 1
[18/09/2013 14:58:27] /a 1
[18/09/2013 14:58:27] /a 1
[18/09/2013 14:58:27] /a 1
[18/09/2013 14:58:27] /a 1
[18/09/2013 14:58:27] /a 1
[18/09/2013 14:58:27] /a 1
[18/09/2013 14:58:27] /a 1
[18/09/2013 14:58:27] /a 1
[18/09/2013 14:58:27] /a 1
[18/09/2013 14:58:27] /a 1
[18/09/2013 14:58:27] /a 1
[18/09/2013 14:58:27] /a 1
[18/09/2013 14:58:27] /a 1
[18/09/2013 14:58:27] /a 1
[18/09/2013 14:58:27] /a 1
[18/09/2013 14:58:27] /a 1
[18/09/2013 14:58:27] /a 1
[18/09/2013 14:58:28] /a 1
[18/09/2013 14:58:28] /a 1
[18/09/2013 14:58:28] /a 1
[18/09/2013 14:58:28] /a 1
[18/09/2013 14:58:28] /a 1
[18/09/2013 14:58:28] /a 1
[18/09/2013 14:58:28] /a 1
[18/09/2013 14:58:28] /a 1
[18/09/2013 14:58:28] /a 1
[18/09/2013 14:58:28] /a 1
[18/09/2013 14:58:28] /a 1
[18/09/2013 14:58:28] /a 1
[18/09/2013 14:58:28] /a 1
[18/09/2013 14:58:28] /a 1
[18/09/2013 14:58:28] /a 1
[18/09/2013 14:58:28] /a 1
[18/09/2013 14:58:28] /a 1
[18/09/2013 14:58:28] /a 1
[18/09/2013 14:58:28] /a 1
[18/09/2013 14:58:28] /a 1
[18/09/2013 14:58:28] /a 1
[18/09/2013 14:58:28] /a 1
[18/09/2013 14:58:28] /a 1
[18/09/2013 14:58:28] /a 1
[18/09/2013 14:58:28] /a 1
[18/09/2013 14:58:28] /a 1
[18/09/2013 14:58:28] /a 1
[18/09/2013 14:58:28] /a 1
[18/09/2013 14:58:28] /a 1
[18/09/2013 14:58:28] /a 1
[18/09/2013 14:58:28] /a 1
[18/09/2013 14:58:29] /a 1
[18/09/2013 14:58:29] /a 1
[18/09/2013 14:58:29] /a 1
[18/09/2013 14:58:29] /a 1
[18/09/2013 14:58:29] /a 1
[18/09/2013 14:58:29] /a 1
[18/09/2013 14:58:29] /a 1
[18/09/2013 14:58:29] /a 1
[18/09/2013 14:58:29] /a 1
[18/09/2013 14:58:29] /a 1
[18/09/2013 14:58:29] /a 1
[18/09/2013 14:58:29] /a 1
[18/09/2013 14:58:29] /a 1
[18/09/2013 14:58:29] /a 1
[18/09/2013 14:58:29] /a 1
[18/09/2013 14:58:29] /a 1
[18/09/2013 14:58:29] /a 1
[18/09/2013 14:58:29] /a 1
[18/09/2013 14:58:29] /a 1
[18/09/2013 14:58:29] /a 1
[18/09/2013 14:58:29] /a 1
[18/09/2013 14:58:29] /a 1
[18/09/2013 14:58:29] /a 1
[18/09/2013 14:58:29] /a 1
[18/09/2013 14:58:29] /a 1
[18/09/2013 14:58:29] /a 1
[18/09/2013 14:58:29] /a 1
[18/09/2013 14:58:29] /a 1
[18/09/2013 14:58:29] /a 1
[18/09/2013 14:58:30] /a 1
[18/09/2013 14:58:30] /a 1
[18/09/2013 14:58:30] /a 1
[18/09/2013 14:58:30] /a 1
[18/09/2013 14:58:30] /a 1
[18/09/2013 14:58:30] /a 1
[18/09/2013 14:58:30] /a 1
[18/09/2013 14:58:30] /a 1
[18/09/2013 14:58:30] /a 1
[18/09/2013 14:58:30] /a 1
[18/09/2013 14:58:30] /a 1
[18/09/2013 14:58:30] /a 1
[18/09/2013 14:58:30] /a 1
[18/09/2013 14:58:30] /a 1
[18/09/2013 14:58:30] /a 1
[18/09/2013 14:58:30] /a 1
[18/09/2013 14:58:30] /a 1
[18/09/2013 14:58:30] /a 1
[18/09/2013 14:58:30] /a 1
[18/09/2013 14:58:30] /a 1
[18/09/2013 14:58:30] /a 1
[18/09/2013 14:58:30] /a 1
[18/09/2013 14:58:30] /a 1
[18/09/2013 14:58:30] /a 1
[18/09/2013 14:58:30] /a 1
[18/09/2013 14:58:30] /a 1
[18/09/2013 14:58:30] /a 1
[18/09/2013 14:58:30] /a 1
[18/09/2013 14:58:30] /a 1
[18/09/2013 14:58:30] /a 1
[18/09/2013 14:58:30] /a 1
[18/09/2013 14:58:31] /a 1
[18/09/2013 14:58:31] /a 1
[18/09/2013 14:58:31] /a 1
[18/09/2013 14:58:31] /a 1
[18/09/2013 14:58:31] /a 1
[18/09/2013 14:58:31] /a 1
[18/09/2013 14:58:31] /a 1
[18/09/2013 14:58:31] /a 1
[18/09/2013 14:58:31] /a 1
[18/09/2013 14:58:31] /a 1
[18/09/2013 14:58:31] /a 1
[18/09/2013 14:58:31] /a 1
[18/09/2013 14:58:31] /a 1
[18/09/2013 14:58:31] /a 1
[18/09/2013 14:58:31] /a 1
[18/09/2013 14:58:31] /a 1
[18/09/2013 14:58:31] /a 1
[18/09/2013 14:58:31] /a 1
[18/09/2013 14:58:31] /a 1
[18/09/2013 14:58:31] /a 1
[18/09/2013 14:58:31] /a 1
[18/09/2013 14:58:31] /a 1
[18/09/2013 14:58:31] /a 1
[18/09/2013 14:58:31] /a 1
[18/09/2013 14:58:31] /a 1
[18/09/2013 14:58:31] /a 1
[18/09/2013 14:58:31] /a 1
[18/09/2013 14:58:31] /a 1
[18/09/2013 14:58:31] /a 1
[18/09/2013 14:58:31] /a 1
[18/09/2013 14:58:31] /a 1
[18/09/2013 14:58:32] /a 1
[18/09/2013 14:58:32] /a 1
[18/09/2013 14:58:32] /a 1
[18/09/2013 14:58:32] /a 1
[18/09/2013 14:58:32] /a 1
[18/09/2013 14:58:32] /a 1
[18/09/2013 14:58:32] /a 1
[18/09/2013 14:58:32] /a 1
[18/09/2013 14:58:32] /a 1
[18/09/2013 14:58:32] /a 1
[18/09/2013 14:58:32] /a 1
[18/09/2013 14:58:32] /a 1
[18/09/2013 14:58:32] /a 1
[18/09/2013 14:58:32] /a 1
[18/09/2013 14:58:32] /a 1
[18/09/2013 14:58:32] /a 1
[18/09/2013 14:58:32] /a 1
[18/09/2013 14:58:32] /a 1
[18/09/2013 14:58:32] /a 1
[18/09/2013 14:58:32] /a 1
[18/09/2013 14:58:32] /a 1
[18/09/2013 14:58:32] /a 1
[18/09/2013 14:58:32] /a 1
[18/09/2013 14:58:32] /a 1
[18/09/2013 14:58:32] /a 1
[18/09/2013 14:58:32] /a 1
[18/09/2013 14:58:32] /a 1
[18/09/2013 14:58:32] /a 1
[18/09/2013 14:58:32] /a 1
[18/09/2013 14:58:32] /a 1
[18/09/2013 14:58:33] /a 1
[18/09/2013 14:58:33] /a 1
[18/09/2013 14:58:33] /a 1
[18/09/2013 14:58:33] /a 1
[18/09/2013 14:58:33] /a 1
[18/09/2013 14:58:33] /a 1
[18/09/2013 14:58:33] /a 1
[18/09/2013 14:58:33] /a 1
[18/09/2013 14:58:33] /a 1
[18/09/2013 14:58:33] /a 1
[18/09/2013 14:58:33] /a 1
[18/09/2013 14:58:33] /a 1
[18/09/2013 14:58:33] /a 1
[18/09/2013 14:58:33] /a 1
[18/09/2013 14:58:33] /a 1
[18/09/2013 14:58:33] /a 1
[18/09/2013 14:58:33] /a 1
[18/09/2013 14:58:33] /a 1
[18/09/2013 14:58:33] /a 1
[18/09/2013 14:58:33] /a 1
[18/09/2013 14:58:33] /a 1
[18/09/2013 14:58:33] /a 1
[18/09/2013 14:58:33] /a 1
[18/09/2013 14:58:33] /a 1
[18/09/2013 14:58:33] /a 1
[18/09/2013 14:58:33] /a 1
[18/09/2013 14:58:33] /a 1
[18/09/2013 14:58:33] /a 1
[18/09/2013 14:58:33] /a 1
[18/09/2013 14:58:33] /a 1
[18/09/2013 14:58:34] /a 1
[18/09/2013 14:58:34] /a 1
[18/09/2013 14:58:34] /a 1
[18/09/2013 14:58:34] /a 1
[18/09/2013 14:58:34] /a 1
[18/09/2013 14:58:34] /a 1
[18/09/2013 14:58:34] /a 1
[18/09/2013 14:58:34] /a 1
[18/09/2013 14:58:34] /a 1
[18/09/2013 14:58:34] /a 1
[18/09/2013 14:58:34] /a 1
[18/09/2013 14:58:34] /a 1
[18/09/2013 14:58:34] /a 1
[18/09/2013 14:58:34] /a 1
[18/09/2013 14:58:34] /a 1
[18/09/2013 14:58:34] /a 1
[18/09/2013 14:58:34] /a 1
[18/09/2013 14:58:34] /a 1
[18/09/2013 14:58:34] /a 1
[18/09/2013 14:58:34] /a 1
[18/09/2013 14:58:34] /a 1
[18/09/2013 14:58:34] /a 1
[18/09/2013 14:58:34] /a 1
[18/09/2013 14:58:34] /a 1
[18/09/2013 14:58:34] /a 1
[18/09/2013 14:58:34] /a 1
[18/09/2013 14:58:34] /a 1
[18/09/2013 14:58:34] /a 1
[18/09/2013 14:58:34] /a 1
[18/09/2013 14:58:35] /a 1
[18/09/2013 14:58:35] /a 1
[18/09/2013 14:58:35] /a 1
[18/09/2013 14:58:35] /a 1
[18/09/2013 14:58:35] /a 1
[18/09/2013 14:58:35] /a 1
[18/09/2013 14:58:35] /a 1
[18/09/2013 14:58:35] /a 1
[18/09/2013 14:58:35] /a 1
[18/09/2013 14:58:35] /a 1
[18/09/2013 14:58:35] /a 1
[18/09/2013 14:58:35] /a 1
[18/09/2013 14:58:35] /a 1
[18/09/2013 14:58:35] /a 1
[18/09/2013 14:58:35] /a 1
[18/09/2013 14:58:35] /a 1
[18/09/2013 14:58:35] /a 1
[18/09/2013 14:58:35] /a 1
[18/09/2013 14:58:35] /a 1
[18/09/2013 14:58:35] /a 1
[18/09/2013 14:58:35] /a 1
[18/09/2013 14:58:35] /a 1
[18/09/2013 14:58:35] /a 1
[18/09/2013 14:58:35] /a 1
[18/09/2013 14:58:35] /a 1
[18/09/2013 14:58:35] /a 1
[18/09/2013 14:58:35] /a 1
[18/09/2013 14:58:35] /a 1
[18/09/2013 14:58:35] /a 1
[18/09/2013 14:58:35] /a 1
[18/09/2013 14:58:35] /a 1
[18/09/2013 14:58:36] /a 1
[18/09/2013 14:58:36] /a 1
[18/09/2013 14:58:36] /a 1
[18/09/2013 14:58:36] /a 1
[18/09/2013 14:58:36] /a 1
[18/09/2013 14:58:36] /a 1
[18/09/2013 14:58:36] /a 1
[18/09/2013 14:58:36] /a 1
[18/09/2013 14:58:36] /a 1
[18/09/2013 14:58:36] /a 1
[18/09/2013 14:58:36] /a 1
[18/09/2013 14:58:36] /a 1
[18/09/2013 14:58:36] /a 1
[18/09/2013 14:58:36] /a 1
[18/09/2013 14:58:36] /a 1
[18/09/2013 14:58:36] /a 1
[18/09/2013 14:58:36] /a 1
[18/09/2013 14:58:36] /a 1
[18/09/2013 14:58:36] /a 1
[18/09/2013 14:58:36] /a 1
[18/09/2013 14:58:36] /a 1
[18/09/2013 14:58:36] /a 1
[18/09/2013 14:58:36] /a 1
[18/09/2013 14:58:36] /a 1
[18/09/2013 14:58:36] /a 1
[18/09/2013 14:58:36] /a 1
[18/09/2013 14:58:36] /a 1
[18/09/2013 14:58:36] /a 1
[18/09/2013 14:58:36] /a 1
[18/09/2013 14:58:37] /a 1
[18/09/2013 14:58:37] /a 1
[18/09/2013 14:58:37] /a 1
[18/09/2013 14:58:37] /a 1
[18/09/2013 14:58:37] /a 1
[18/09/2013 14:58:37] /a 1
[18/09/2013 14:58:37] /a 1
[18/09/2013 14:58:37] /a 1
[18/09/2013 14:58:37] /a 1
[18/09/2013 14:58:37] /a 1
[18/09/2013 14:58:37] /a 1
[18/09/2013 14:58:37] /a 1
[18/09/2013 14:58:37] /a 1
[18/09/2013 14:58:37] /a 1
[18/09/2013 14:58:37] /a 1
[18/09/2013 14:58:37] /a 1
[18/09/2013 14:58:37] /a 1
[18/09/2013 14:58:37] /a 1
[18/09/2013 14:58:37] /a 1
[18/09/2013 14:58:37] /a 1
[18/09/2013 14:58:37] /a 1
[18/09/2013 14:58:37] /a 1
[18/09/2013 14:58:37] /a 1
[18/09/2013 14:58:37] /a 1
[18/09/2013 14:58:37] /a 1
[18/09/2013 14:58:37] /a 1
[18/09/2013 14:58:37] /a 1
[18/09/2013 14:58:37] /a 1
[18/09/2013 14:58:37] /a 1
[18/09/2013 14:58:37] /a 1
[18/09/2013 14:58:37] /a 1
[18/09/2013 14:58:37] /a 1
[18/09/2013 14:58:38] /a 1
[18/09/2013 14:58:38] /a 1
[18/09/2013 14:58:38] /a 1
[18/09/2013 14:58:38] /a 1
[18/09/2013 14:58:38] /a 1
[18/09/2013 14:58:38] /a 1
[18/09/2013 14:58:38] /a 1
[18/09/2013 14:58:38] /a 1
[18/09/2013 14:58:38] /a 1
[18/09/2013 14:58:38] /a 1
[18/09/2013 14:58:38] /a 1
[18/09/2013 14:58:38] /a 1
[18/09/2013 14:58:38] /a 1
[18/09/2013 14:58:38] /a 1
[18/09/2013 14:58:38] /a 1
[18/09/2013 14:58:38] /a 1
[18/09/2013 14:58:38] /a 1
[18/09/2013 14:58:38] /a 1
[18/09/2013 14:58:38] /a 1
[18/09/2013 14:58:38] /a 1
[18/09/2013 14:58:38] /a 1
[18/09/2013 14:58:38] /a 1
[18/09/2013 14:58:38] /a 1
[18/09/2013 14:58:38] /a 1
[18/09/2013 14:58:38] /a 1
[18/09/2013 14:58:38] /a 1
[18/09/2013 14:58:38] /a 1
[18/09/2013 14:58:38] /a 1
[18/09/2013 14:58:38] /a 1
[18/09/2013 14:58:38] /a 1
[18/09/2013 14:58:39] /a 1
[18/09/2013 14:58:39] /a 1
[18/09/2013 14:58:39] /a 1
[18/09/2013 14:58:39] /a 1
[18/09/2013 14:58:39] /a 1
[18/09/2013 14:58:39] /a 1
[18/09/2013 14:58:39] /a 1
[18/09/2013 14:58:39] /a 1
[18/09/2013 14:58:39] /a 1
[18/09/2013 14:58:39] /a 1
[18/09/2013 14:58:39] /a 1
[18/09/2013 14:58:39] /a 1
[18/09/2013 14:58:39] /a 1
[18/09/2013 14:58:39] /a 1
[18/09/2013 14:58:39] /a 1
[18/09/2013 14:58:39] /a 1
[18/09/2013 14:58:39] /a 1
[18/09/2013 14:58:39] /a 1
[18/09/2013 14:58:39] /a 1
[18/09/2013 14:58:39] /a 1
[18/09/2013 14:58:39] /a 1
[18/09/2013 14:58:39] /a 1
[18/09/2013 14:58:39] /a 1
[18/09/2013 14:58:39] /a 1
[18/09/2013 14:58:39] /a 1
[18/09/2013 14:58:39] /a 1
[18/09/2013 14:58:39] /a 1
[18/09/2013 14:58:39] /a 1
[18/09/2013 14:58:39] /a 1
[18/09/2013 14:58:39] /a 1
[18/09/2013 14:58:40] /a 1
[18/09/2013 14:58:40] /a 1
[18/09/2013 14:58:40] /a 1
[18/09/2013 14:58:40] /a 1
[18/09/2013 14:58:40] /a 1
[18/09/2013 14:58:40] /a 1
[18/09/2013 14:58:40] /a 1
[18/09/2013 14:58:40] /a 1
[18/09/2013 14:58:40] /a 1
[18/09/2013 14:58:40] /a 1
[18/09/2013 14:58:40] /a 1
[18/09/2013 14:58:40] /a 1
[18/09/2013 14:58:40] /a 1
[18/09/2013 14:58:40] /a 1
[18/09/2013 14:58:40] /a 1
[18/09/2013 14:58:40] /a 1
[18/09/2013 14:58:40] /a 1
[18/09/2013 14:58:40] /a 1
[18/09/2013 14:58:40] /a 1
[18/09/2013 14:58:40] /a 1
[18/09/2013 14:58:40] /a 1
[18/09/2013 14:58:40] /a 1
[18/09/2013 14:58:40] /a 1
[18/09/2013 14:58:40] /a 1
[18/09/2013 14:58:40] /a 1
[18/09/2013 14:58:40] /a 1
[18/09/2013 14:58:40] /a 1
[18/09/2013 14:58:40] /a 1
[18/09/2013 14:58:40] /a 1
[18/09/2013 14:58:40] /a 1
[18/09/2013 14:58:40] /a 1
[18/09/2013 14:58:41] /a 1
[18/09/2013 14:58:41] /a 1
[18/09/2013 14:58:41] /a 1
[18/09/2013 14:58:41] /a 1
[18/09/2013 14:58:41] /a 1
[18/09/2013 14:58:41] /a 1
[18/09/2013 14:58:41] /a 1
[18/09/2013 14:58:41] /a 1
[18/09/2013 14:58:41] /a 1
[18/09/2013 14:58:41] /a 1
[18/09/2013 14:58:41] /a 1
[18/09/2013 14:58:41] /a 1
[18/09/2013 14:58:41] /a 1
[18/09/2013 14:58:41] /a 1
[18/09/2013 14:58:41] /a 1
[18/09/2013 14:58:41] /a 1
[18/09/2013 14:58:41] /a 1
[18/09/2013 14:58:41] /a 1
[18/09/2013 14:58:41] /a 1
[18/09/2013 14:58:41] /a 1
[18/09/2013 14:58:41] /a 1
[18/09/2013 14:58:41] /a 1
[18/09/2013 14:58:41] /a 1
[18/09/2013 14:58:41] /a 1
[18/09/2013 14:58:41] /a 1
[18/09/2013 14:58:41] /a 1
[18/09/2013 14:58:41] /a 1
[18/09/2013 14:58:41] /a 1
[18/09/2013 14:58:41] /a 1
[18/09/2013 14:58:41] /a 1
[18/09/2013 14:58:42] /a 1
[18/09/2013 14:58:42] /a 1
[18/09/2013 14:58:42] /a 1
[18/09/2013 14:58:42] /a 1
[18/09/2013 14:58:42] /a 1
[18/09/2013 14:58:42] /a 1
[18/09/2013 14:58:42] /a 1
[18/09/2013 14:58:42] /a 1
[18/09/2013 14:58:42] /a 1
[18/09/2013 14:58:42] /a 1
[18/09/2013 14:58:42] /a 1
[18/09/2013 14:58:42] /a 1
[18/09/2013 14:58:42] /a 1
[18/09/2013 14:58:42] /a 1
[18/09/2013 14:58:42] /a 1
[18/09/2013 14:58:42] /a 1
[18/09/2013 14:58:42] /a 1
[18/09/2013 14:58:42] /a 1
[18/09/2013 14:58:42] /a 1
[18/09/2013 14:58:42] /a 1
[18/09/2013 14:58:42] /a 1
[18/09/2013 14:58:42] /a 1
[18/09/2013 14:58:42] /a 1
[18/09/2013 14:58:42] /a 1
[18/09/2013 14:58:42] /a 1
[18/09/2013 14:58:42] /a 1
[18/09/2013 14:58:42] /a 1
[18/09/2013 14:58:42] /a 1
[18/09/2013 14:58:42] /a 1
[18/09/2013 14:58:42] /a 1
[18/09/2013 14:58:42] /a 1
[18/09/2013 14:58:43] /a 1
[18/09/2013 14:58:43] /a 1
[18/09/2013 14:58:43] /a 1
[18/09/2013 14:58:43] /a 1
[18/09/2013 14:58:43] /a 1
[18/09/2013 14:58:43] /a 1
[18/09/2013 14:58:43] /a 1
[18/09/2013 14:58:43] /a 1
[18/09/2013 14:58:43] /a 1
[18/09/2013 14:58:43] /a 1
[18/09/2013 14:58:43] /a 1
[18/09/2013 14:58:43] /a 1
[18/09/2013 14:58:43] /a 1
[18/09/2013 14:58:43] /a 1
[18/09/2013 14:58:43] /a 1
[18/09/2013 14:58:43] /a 1
[18/09/2013 14:58:43] /a 1
[18/09/2013 14:58:43] /a 1
[18/09/2013 14:58:43] /a 1
[18/09/2013 14:58:43] /a 1
[18/09/2013 14:58:43] /a 1
[18/09/2013 14:58:43] /a 1
[18/09/2013 14:58:43] /a 1
[18/09/2013 14:58:43] /a 1
[18/09/2013 14:58:43] /a 1
[18/09/2013 14:58:43] /a 1
[18/09/2013 14:58:43] /a 1
[18/09/2013 14:58:43] /a 1
[18/09/2013 14:58:43] /a 1
[18/09/2013 14:58:43] /a 1
[18/09/2013 14:58:44] /a 1
[18/09/2013 14:58:44] /a 1
[18/09/2013 14:58:44] /a 1
[18/09/2013 14:58:44] /a 1
[18/09/2013 14:58:44] /a 1
[18/09/2013 14:58:44] /a 1
[18/09/2013 14:58:44] /a 1
[18/09/2013 14:58:44] /a 1
[18/09/2013 14:58:44] /a 1
[18/09/2013 14:58:44] /a 1
[18/09/2013 14:58:44] /a 1
[18/09/2013 14:58:44] /a 1
[18/09/2013 14:58:44] /a 1
[18/09/2013 14:58:44] /a 1
[18/09/2013 14:58:44] /a 1
[18/09/2013 14:58:44] /a 1
[18/09/2013 14:58:44] /a 1
[18/09/2013 14:58:44] /a 1
[18/09/2013 14:58:44] /a 1
[18/09/2013 14:58:44] /a 1
[18/09/2013 14:58:44] /a 1
[18/09/2013 14:58:44] /a 1
[18/09/2013 14:58:44] /a 1
[18/09/2013 14:58:44] /a 1
[18/09/2013 14:58:44] /a 1
[18/09/2013 14:58:44] /a 1
[18/09/2013 14:58:44] /a 1
[18/09/2013 14:58:44] /a 1
[18/09/2013 14:58:44] /a 1
[18/09/2013 14:58:44] /a 1
[18/09/2013 14:58:45] /a 1
[18/09/2013 14:58:45] /a 1
[18/09/2013 14:58:45] /a 1
[18/09/2013 14:58:45] /a 1
[18/09/2013 14:58:45] /a 1
[18/09/2013 14:58:45] /a 1
[18/09/2013 14:58:45] /a 1
[18/09/2013 14:58:45] /a 1
[18/09/2013 14:58:45] /a 1
[18/09/2013 14:58:45] /a 1
[18/09/2013 14:58:45] /a 1
[18/09/2013 14:58:45] /a 1
[18/09/2013 14:58:45] /a 1
[18/09/2013 14:58:45] /a 1
[18/09/2013 14:58:45] /a 1
[18/09/2013 14:58:45] /a 1
[18/09/2013 14:58:45] /a 1
[18/09/2013 14:58:45] /a 1
[18/09/2013 14:58:45] /a 1
[18/09/2013 14:58:45] /a 1
[18/09/2013 14:58:45] /a 1
[18/09/2013 14:58:45] /a 1
[18/09/2013 14:58:45] /a 1
[18/09/2013 14:58:45] /a 1
[18/09/2013 14:58:45] /a 1
[18/09/2013 14:58:45] /a 1
[18/09/2013 14:58:45] /a 1
[18/09/2013 14:58:45] /a 1
[18/09/2013 14:58:45] /a 1
[18/09/2013 14:58:45] /a 1
[18/09/2013 14:58:46] /a 1
[18/09/2013 14:58:46] /a 1
[18/09/2013 14:58:46] /a 1
[18/09/2013 14:58:46] /a 1
[18/09/2013 14:58:46] /a 1
[18/09/2013 14:58:46] /a 1
[18/09/2013 14:58:46] /a 1
[18/09/2013 14:58:46] /a 1
[18/09/2013 14:58:46] /a 1
[18/09/2013 14:58:46] /a 1
[18/09/2013 14:58:46] /a 1
[18/09/2013 14:58:46] /a 1
[18/09/2013 14:58:46] /a 1
[18/09/2013 14:58:46] /a 1
[18/09/2013 14:58:46] /a 1
[18/09/2013 14:58:46] /a 1
[18/09/2013 14:58:46] /a 1
[18/09/2013 14:58:46] /a 1
[18/09/2013 14:58:46] /a 1
[18/09/2013 14:58:46] /a 1
[18/09/2013 14:58:46] /a 1
[18/09/2013 14:58:46] /a 1
[18/09/2013 14:58:46] /a 1
[18/09/2013 14:58:46] /a 1
[18/09/2013 14:58:46] /a 1
[18/09/2013 14:58:46] /a 1
[18/09/2013 14:58:46] /a 1
[18/09/2013 14:58:46] /a 1
[18/09/2013 14:58:46] /a 1
[18/09/2013 14:58:46] /a 1
[18/09/2013 14:58:47] /a 1
[18/09/2013 14:58:47] /a 1
[18/09/2013 14:58:47] /a 1
[18/09/2013 14:58:47] /a 1
[18/09/2013 14:58:47] /a 1
[18/09/2013 14:58:47] /a 1
[18/09/2013 14:58:47] /a 1
[18/09/2013 14:58:47] /a 1
[18/09/2013 14:58:47] /a 1
[18/09/2013 14:58:47] /a 1
[18/09/2013 14:58:47] /a 1
[18/09/2013 14:58:47] /a 1
[18/09/2013 14:58:47] /a 1
[18/09/2013 14:58:47] /a 1
[18/09/2013 14:58:47] /a 1
[18/09/2013 14:58:47] /a 1
[18/09/2013 14:58:47] /a 1
[18/09/2013 14:58:47] /a 1
[18/09/2013 14:58:47] /a 1
[18/09/2013 14:58:47] /a 1
[18/09/2013 14:58:47] /a 1
[18/09/2013 14:58:47] /a 1
[18/09/2013 14:58:47] /a 1
[18/09/2013 14:58:47] /a 1
[18/09/2013 14:58:47] /a 1
[18/09/2013 14:58:47] /a 1
[18/09/2013 14:58:47] /a 1
[18/09/2013 14:58:47] /a 1
[18/09/2013 14:58:47] /a 1
[18/09/2013 14:58:47] /a 1
[18/09/2013 14:58:47] /a 1
[18/09/2013 14:58:48] /a 1
[18/09/2013 14:58:48] /a 1
[18/09/2013 14:58:48] /a 1
[18/09/2013 14:58:48] /a 1
[18/09/2013 14:58:48] /a 1
[18/09/2013 14:58:48] /a 1
[18/09/2013 14:58:48] /a 1
[18/09/2013 14:58:48] /a 1
[18/09/2013 14:58:48] /a 1
[18/09/2013 14:58:48] /a 1
[18/09/2013 14:58:48] /a 1
[18/09/2013 14:58:48] /a 1
[18/09/2013 14:58:48] /a 1
[18/09/2013 14:58:48] /a 1
[18/09/2013 14:58:48] /a 1
[18/09/2013 14:58:48] /a 1
[18/09/2013 14:58:48] /a 1
[18/09/2013 14:58:48] /a 1
[18/09/2013 14:58:48] /a 1
[18/09/2013 14:58:48] /a 1
[18/09/2013 14:58:48] /a 1
[18/09/2013 14:58:48] /a 1
[18/09/2013 14:58:48] /a 1
[18/09/2013 14:58:48] /a 1
[18/09/2013 14:58:48] /a 1
[18/09/2013 14:58:48] /a 1
[18/09/2013 14:58:48] /a 1
[18/09/2013 14:58:48] /a 1
[18/09/2013 14:58:48] /a 1
[18/09/2013 14:58:48] /a 1
[18/09/2013 14:58:49] /a 1
[18/09/2013 14:58:49] /a 1
[18/09/2013 14:58:49] /a 1
[18/09/2013 14:58:49] /a 1
[18/09/2013 14:58:49] /a 1
[18/09/2013 14:58:49] /a 1
[18/09/2013 14:58:49] /a 1
[18/09/2013 14:58:49] /a 1
[18/09/2013 14:58:49] /a 1
[18/09/2013 14:58:49] /a 1
[18/09/2013 14:58:49] /a 1
[18/09/2013 14:58:49] /a 1
[18/09/2013 14:58:49] /a 1
[18/09/2013 14:58:49] /a 1
[18/09/2013 14:58:49] /a 1
[18/09/2013 14:58:49] /a 1
[18/09/2013 14:58:49] /a 1
[18/09/2013 14:58:49] /a 1
[18/09/2013 14:58:49] /a 1
[18/09/2013 14:58:49] /a 1
[18/09/2013 14:58:49] /a 1
[18/09/2013 14:58:49] /a 1
[18/09/2013 14:58:49] /a 1
[18/09/2013 14:58:49] /a 1
[18/09/2013 14:58:49] /a 1
[18/09/2013 14:58:49] /a 1
[18/09/2013 14:58:49] /a 1
[18/09/2013 14:58:49] /a 1
[18/09/2013 14:58:49] /a 1
[18/09/2013 14:58:49] /a 1
[18/09/2013 14:58:49] /a 1
[18/09/2013 14:58:50] /a 1
[18/09/2013 14:58:50] /a 1
[18/09/2013 14:58:50] /a 1
[18/09/2013 14:58:50] /a 1
[18/09/2013 14:58:50] /a 1
[18/09/2013 14:58:50] /a 1
[18/09/2013 14:58:50] /a 1
[18/09/2013 14:58:50] /a 1
[18/09/2013 14:58:50] /a 1
[18/09/2013 14:58:50] /a 1
[18/09/2013 14:58:50] /a 1
[18/09/2013 14:58:50] /a 1
[18/09/2013 14:58:50] /a 1
[18/09/2013 14:58:50] /a 1
[18/09/2013 14:58:50] /a 1
[18/09/2013 14:58:50] /a 1
[18/09/2013 14:58:50] /a 1
[18/09/2013 14:58:50] /a 1
[18/09/2013 14:58:50] /a 1
[18/09/2013 14:58:50] /a 1
[18/09/2013 14:58:50] /a 1
[18/09/2013 14:58:50] /a 1
[18/09/2013 14:58:50] /a 1
[18/09/2013 14:58:50] /a 1
[18/09/2013 14:58:50] /a 1
[18/09/2013 14:58:50] /a 1
[18/09/2013 14:58:50] /a 1
[18/09/2013 14:58:50] /a 1
[18/09/2013 14:58:50] /a 1
[18/09/2013 14:58:50] /a 1
[18/09/2013 14:58:51] /a 1
[18/09/2013 14:58:51] /a 1
[18/09/2013 14:58:51] /a 1
[18/09/2013 14:58:51] /a 1
[18/09/2013 14:58:51] /a 1
[18/09/2013 14:58:51] /a 1
[18/09/2013 14:58:51] /a 1
[18/09/2013 14:58:51] /a 1
[18/09/2013 14:58:51] /a 1
[18/09/2013 14:58:51] /a 1
[18/09/2013 14:58:51] /a 1
[18/09/2013 14:58:51] /a 1
[18/09/2013 14:58:51] /a 1
[18/09/2013 14:58:51] /a 1
[18/09/2013 14:58:51] /a 1
[18/09/2013 14:58:51] /a 1
[18/09/2013 14:58:51] /a 1
[18/09/2013 14:58:51] /a 1
[18/09/2013 14:58:51] /a 1
[18/09/2013 14:58:51] /a 1
[18/09/2013 14:58:51] /a 1
[18/09/2013 14:58:51] /a 1
[18/09/2013 14:58:51] /a 1
[18/09/2013 14:58:51] /a 1
[18/09/2013 14:58:51] /a 1
[18/09/2013 14:58:51] /a 1
[18/09/2013 14:58:51] /a 1
[18/09/2013 14:58:51] /a 1
[18/09/2013 14:58:51] /a 1
[18/09/2013 14:58:51] /a 1
[18/09/2013 14:58:52] /a 1
[18/09/2013 14:58:52] /a 1
[18/09/2013 14:58:52] /a 1
[18/09/2013 14:58:52] /a 1
[18/09/2013 14:58:52] /a 1
[18/09/2013 14:58:52] /a 1
[18/09/2013 14:58:52] /a 1
[18/09/2013 14:58:52] /a 1
[18/09/2013 14:58:52] /a 1
[18/09/2013 14:58:52] /a 1
[18/09/2013 14:58:52] /a 1
[18/09/2013 14:58:52] /a 1
[18/09/2013 14:58:52] /a 1
[18/09/2013 14:58:52] /a 1
[18/09/2013 14:58:52] /a 1
[18/09/2013 14:58:52] /a 1
[18/09/2013 14:58:52] /a 1
[18/09/2013 14:58:52] /a 1
[18/09/2013 14:58:52] /a 1
[18/09/2013 14:58:52] /a 1
[18/09/2013 14:58:52] /a 1
[18/09/2013 14:58:52] /a 1
[18/09/2013 14:58:52] /a 1
[18/09/2013 14:58:52] /a 1
[18/09/2013 14:58:52] /a 1
[18/09/2013 14:58:52] /a 1
[18/09/2013 14:58:52] /a 1
[18/09/2013 14:58:52] /a 1
[18/09/2013 14:58:52] /a 1
[18/09/2013 14:58:52] /a 1
[18/09/2013 14:58:53] /a 1
[18/09/2013 14:58:53] /a 1
[18/09/2013 14:58:53] /a 1
[18/09/2013 14:58:53] /a 1
[18/09/2013 14:58:53] /a 1
[18/09/2013 14:58:53] /a 1
[18/09/2013 14:58:53] /a 1
[18/09/2013 14:58:53] /a 1
[18/09/2013 14:58:53] /a 1
[18/09/2013 14:58:53] /a 1
[18/09/2013 14:58:53] /a 1
[18/09/2013 14:58:53] /a 1
[18/09/2013 14:58:53] /a 1
[18/09/2013 14:58:53] /a 1
[18/09/2013 14:58:53] /a 1
[18/09/2013 14:58:53] /a 1
[18/09/2013 14:58:53] /a 1
[18/09/2013 14:58:53] /a 1
[18/09/2013 14:58:53] /a 1
[18/09/2013 14:58:53] /a 1
[18/09/2013 14:58:53] /a 1
[18/09/2013 14:58:53] /a 1
[18/09/2013 14:58:53] /a 1
[18/09/2013 14:58:53] /a 1
[18/09/2013 14:58:53] /a 1
[18/09/2013 14:58:53] /a 1
[18/09/2013 14:58:53] /a 1
[18/09/2013 14:58:53] /a 1
[18/09/2013 14:58:53] /a 1
[18/09/2013 14:58:53] /a 1
[18/09/2013 14:58:53] /a 1
[18/09/2013 14:58:54] /a 1
[18/09/2013 14:58:54] /a 1
[18/09/2013 14:58:54] /a 1
[18/09/2013 14:58:54] /a 1
[18/09/2013 14:58:54] /a 1
[18/09/2013 14:58:54] /a 1
[18/09/2013 14:58:54] /a 1
[18/09/2013 14:58:54] /a 1
[18/09/2013 14:58:54] /a 1
[18/09/2013 14:58:54] /a 1
[18/09/2013 14:58:54] /a 1
[18/09/2013 14:58:54] /a 1
[18/09/2013 14:58:54] /a 1
[18/09/2013 14:58:54] /a 1
[18/09/2013 14:58:54] /a 1
[18/09/2013 14:58:54] /a 1
[18/09/2013 14:58:54] /a 1
[18/09/2013 14:58:54] /a 1
[18/09/2013 14:58:54] /a 1
[18/09/2013 14:58:54] /a 1
[18/09/2013 14:58:54] /a 1
[18/09/2013 14:58:54] /a 1
[18/09/2013 14:58:54] /a 1
[18/09/2013 14:58:54] /a 1
[18/09/2013 14:58:54] /a 1
[18/09/2013 14:58:54] /a 1
[18/09/2013 14:58:54] /a 1
[18/09/2013 14:58:54] /a 1
[18/09/2013 14:58:54] /a 1
[18/09/2013 14:58:54] /a 1
[18/09/2013 14:58:55] /a 1
[18/09/2013 14:58:55] /a 1
[18/09/2013 14:58:55] /a 1
[18/09/2013 14:58:55] /a 1
[18/09/2013 14:58:55] /a 1
[18/09/2013 14:58:55] /a 1
[18/09/2013 14:58:55] /a 1
[18/09/2013 14:58:55] /a 1
[18/09/2013 14:58:55] /a 1
[18/09/2013 14:58:55] /a 1
[18/09/2013 14:58:55] /a 1
[18/09/2013 14:58:55] /a 1
[18/09/2013 14:58:55] /a 1
[18/09/2013 14:58:55] /a 1
[18/09/2013 14:58:55] /a 1
[18/09/2013 14:58:55] /a 1
[18/09/2013 14:58:55] /a 1
[18/09/2013 14:58:55] /a 1
[18/09/2013 14:58:55] /a 1
[18/09/2013 14:58:55] /a 1
[18/09/2013 14:58:55] /a 1
[18/09/2013 14:58:55] /a 1
[18/09/2013 14:58:55] /a 1
[18/09/2013 14:58:55] /a 1
[18/09/2013 14:58:55] /a 1
[18/09/2013 14:58:55] /a 1
[18/09/2013 14:58:55] /a 1
[18/09/2013 14:58:55] /a 1
[18/09/2013 14:58:55] /a 1
[18/09/2013 14:58:55] /a 1
[18/09/2013 14:58:56] /a 1
[18/09/2013 14:58:56] /a 1
[18/09/2013 14:58:56] /a 1
[18/09/2013 14:58:56] /a 1
[18/09/2013 14:58:56] /a 1
[18/09/2013 14:58:56] /a 1
[18/09/2013 14:58:56] /a 1
[18/09/2013 14:58:56] /a 1
[18/09/2013 14:58:56] /a 1
[18/09/2013 14:58:56] /a 1
[18/09/2013 14:58:56] /a 1
[18/09/2013 14:58:56] /a 1
[18/09/2013 14:58:56] /a 1
[18/09/2013 14:58:56] /a 1
[18/09/2013 14:58:56] /a 1
[18/09/2013 14:58:56] /a 1
[18/09/2013 14:58:56] /a 1
[18/09/2013 14:58:56] /a 1
[18/09/2013 14:58:56] /a 1
[18/09/2013 14:58:56] /a 1
[18/09/2013 14:58:56] /a 1
[18/09/2013 14:58:56] /a 1
[18/09/2013 14:58:56] /a 1
[18/09/2013 14:58:56] /a 1
[18/09/2013 14:58:56] /a 1
[18/09/2013 14:58:56] /a 1
[18/09/2013 14:58:56] /a 1
[18/09/2013 14:58:56] /a 1
[18/09/2013 14:58:56] /a 1
[18/09/2013 14:58:57] /a 1
[18/09/2013 14:58:57] /a 1
[18/09/2013 14:58:57] /a 1
[18/09/2013 14:58:57] /a 1
[18/09/2013 14:58:57] /a 1
[18/09/2013 14:58:57] /a 1
[18/09/2013 14:58:57] /a 1
[18/09/2013 14:58:57] /a 1
[18/09/2013 14:58:57] /a 1
[18/09/2013 14:58:57] /a 1
[18/09/2013 14:58:57] /a 1
[18/09/2013 14:58:57] /a 1
[18/09/2013 14:58:57] /a 1
[18/09/2013 14:58:57] /a 1
[18/09/2013 14:58:57] /a 1
[18/09/2013 14:58:57] /a 1
[18/09/2013 14:58:57] /a 1
[18/09/2013 14:58:57] /a 1
[18/09/2013 14:58:57] /a 1
[18/09/2013 14:58:57] /a 1
[18/09/2013 14:58:57] /a 1
[18/09/2013 14:58:57] /a 1
[18/09/2013 14:58:57] /a 1
[18/09/2013 14:58:57] /a 1
[18/09/2013 14:58:57] /a 1
[18/09/2013 14:58:57] /a 1
[18/09/2013 14:58:57] /a 1
[18/09/2013 14:58:57] /a 1
[18/09/2013 14:58:57] /a 1
[18/09/2013 14:58:57] /a 1
[18/09/2013 14:58:57] /a 1
[18/09/2013 14:58:57] /a 1
[18/09/2013 14:58:58] /a 1
[18/09/2013 14:58:58] /a 1
[18/09/2013 14:58:58] /a 1
[18/09/2013 14:58:58] /a 1
[18/09/2013 14:58:58] /a 1
[18/09/2013 14:58:58] /a 1
[18/09/2013 14:58:58] /a 1
[18/09/2013 14:58:58] /a 1
[18/09/2013 14:58:58] /a 1
[18/09/2013 14:58:58] /a 1
[18/09/2013 14:58:58] /a 1
[18/09/2013 14:58:58] /a 1
[18/09/2013 14:58:58] /a 1
[18/09/2013 14:58:58] /a 1
[18/09/2013 14:58:58] /a 1
[18/09/2013 14:58:58] /a 1
[18/09/2013 14:58:58] /a 1
[18/09/2013 14:58:58] /a 1
[18/09/2013 14:58:58] /a 1
[18/09/2013 14:58:58] /a 1
[18/09/2013 14:58:58] /a 1
[18/09/2013 14:58:58] /a 1
[18/09/2013 14:58:58] /a 1
[18/09/2013 14:58:58] /a 1
[18/09/2013 14:58:58] /a 1
[18/09/2013 14:58:58] /a 1
[18/09/2013 14:58:58] /a 1
[18/09/2013 14:58:58] /a 1
[18/09/2013 14:58:58] /a 1
[18/09/2013 14:58:58] /a 1
[18/09/2013 14:58:59] /a 1
[18/09/2013 14:58:59] /a 1
[18/09/2013 14:58:59] /a 1
[18/09/2013 14:58:59] /a 1
[18/09/2013 14:58:59] /a 1
[18/09/2013 14:58:59] /a 1
[18/09/2013 14:58:59] /a 1
[18/09/2013 14:58:59] /a 1
[18/09/2013 14:58:59] /a 1
[18/09/2013 14:58:59] /a 1
[18/09/2013 14:58:59] /a 1
[18/09/2013 14:58:59] /a 1
[18/09/2013 14:58:59] /a 1
[18/09/2013 14:58:59] /a 1
[18/09/2013 14:58:59] /a 1
[18/09/2013 14:58:59] /a 1
[18/09/2013 14:58:59] /a 1
[18/09/2013 14:58:59] /a 1
[18/09/2013 14:58:59] /a 1
[18/09/2013 14:58:59] /a 1
[18/09/2013 14:58:59] /a 1
[18/09/2013 14:58:59] /a 1
[18/09/2013 14:58:59] /a 1
[18/09/2013 14:58:59] /a 1
[18/09/2013 14:58:59] /a 1
[18/09/2013 14:58:59] /a 1
[18/09/2013 14:58:59] /a 1
[18/09/2013 14:58:59] /a 1
[18/09/2013 14:58:59] /a 1
[18/09/2013 14:58:59] /a 1
[18/09/2013 14:58:59] /a 1
[18/09/2013 14:59:00] /a 1
[18/09/2013 14:59:00] /a 1
[18/09/2013 14:59:00] /a 1
[18/09/2013 14:59:00] /a 1
[18/09/2013 14:59:00] /a 1
[18/09/2013 14:59:00] /a 1
[18/09/2013 14:59:00] /a 1
[18/09/2013 14:59:00] /a 1
[18/09/2013 14:59:00] /a 1
[18/09/2013 14:59:00] /a 1
[18/09/2013 14:59:00] /a 1
[18/09/2013 14:59:00] /a 1
[18/09/2013 14:59:00] /a 1
[18/09/2013 14:59:00] /a 1
[18/09/2013 14:59:00] /a 1
[18/09/2013 14:59:00] /a 1
[18/09/2013 14:59:00] /a 1
[18/09/2013 14:59:00] /a 1
[18/09/2013 14:59:00] /a 1
[18/09/2013 14:59:00] /a 1
[18/09/2013 14:59:00] /a 1
[18/09/2013 14:59:00] /a 1
[18/09/2013 14:59:00] /a 1
[18/09/2013 14:59:00] /a 1
[18/09/2013 14:59:00] /a 1
[18/09/2013 14:59:00] /a 1
[18/09/2013 14:59:00] /a 1
[18/09/2013 14:59:00] /a 1
[18/09/2013 14:59:00] /a 1
[18/09/2013 14:59:01] /a 1
[18/09/2013 14:59:01] /a 1
[18/09/2013 14:59:01] /a 1
[18/09/2013 14:59:01] /a 1
[18/09/2013 14:59:01] /a 1
[18/09/2013 14:59:01] /a 1
[18/09/2013 14:59:01] /a 1
[18/09/2013 14:59:01] /a 1
[18/09/2013 14:59:01] /a 1
[18/09/2013 14:59:01] /a 1
[18/09/2013 14:59:01] /a 1
[18/09/2013 14:59:01] /a 1
[18/09/2013 14:59:01] /a 1
[18/09/2013 14:59:01] /a 1
[18/09/2013 14:59:01] /a 1
[18/09/2013 14:59:01] /a 1
[18/09/2013 14:59:01] /a 1
[18/09/2013 14:59:01] /a 1
[18/09/2013 14:59:01] /a 1
[18/09/2013 14:59:01] /a 1
[18/09/2013 14:59:01] /a 1
[18/09/2013 14:59:01] /a 1
[18/09/2013 14:59:01] /a 1
[18/09/2013 14:59:01] /a 1
[18/09/2013 14:59:01] /a 1
[18/09/2013 14:59:01] /a 1
[18/09/2013 14:59:01] /a 1
[18/09/2013 14:59:01] /a 1
[18/09/2013 14:59:01] /a 1
[18/09/2013 14:59:01] /a 1
[18/09/2013 14:59:01] /a 1
[18/09/2013 14:59:02] /a 1
[18/09/2013 14:59:02] /a 1
[18/09/2013 14:59:02] /a 1
[18/09/2013 14:59:02] /a 1
[18/09/2013 14:59:02] /a 1
[18/09/2013 14:59:02] /a 1
[18/09/2013 14:59:02] /a 1
[18/09/2013 14:59:02] /a 1
[18/09/2013 14:59:02] /a 1
[18/09/2013 14:59:02] /a 1
[18/09/2013 14:59:02] /a 1
[18/09/2013 14:59:02] /a 1
[18/09/2013 14:59:02] /a 1
[18/09/2013 14:59:02] /a 1
[18/09/2013 14:59:02] /a 1
[18/09/2013 14:59:02] /a 1
[18/09/2013 14:59:02] /a 1
[18/09/2013 14:59:02] /a 1
[18/09/2013 14:59:02] /a 1
[18/09/2013 14:59:02] /a 1
[18/09/2013 14:59:02] /a 1
[18/09/2013 14:59:02] /a 1
[18/09/2013 14:59:02] /a 1
[18/09/2013 14:59:02] /a 1
[18/09/2013 14:59:02] /a 1
[18/09/2013 14:59:02] /a 1
[18/09/2013 14:59:02] /a 1
[18/09/2013 14:59:02] /a 1
[18/09/2013 14:59:02] /a 1
[18/09/2013 14:59:02] /a 1
[18/09/2013 14:59:03] /a 1
[18/09/2013 14:59:03] /a 1
[18/09/2013 14:59:03] /a 1
[18/09/2013 14:59:03] /a 1
[18/09/2013 14:59:03] /a 1
[18/09/2013 14:59:03] /a 1
[18/09/2013 14:59:03] /a 1
[18/09/2013 14:59:03] /a 1
[18/09/2013 14:59:03] /a 1
[18/09/2013 14:59:03] /a 1
[18/09/2013 14:59:03] /a 1
[18/09/2013 14:59:03] /a 1
[18/09/2013 14:59:03] /a 1
[18/09/2013 14:59:03] /a 1
[18/09/2013 14:59:03] /a 1
[18/09/2013 14:59:03] /a 1
[18/09/2013 14:59:03] /a 1
[18/09/2013 14:59:03] /a 1
[18/09/2013 14:59:03] /a 1
[18/09/2013 14:59:03] /a 1
[18/09/2013 14:59:03] /a 1
[18/09/2013 14:59:03] /a 1
[18/09/2013 14:59:03] /a 1
[18/09/2013 14:59:03] /a 1
[18/09/2013 14:59:03] /a 1
[18/09/2013 14:59:03] /a 1
[18/09/2013 14:59:03] /a 1
[18/09/2013 14:59:03] /a 1
[18/09/2013 14:59:03] /a 1
[18/09/2013 14:59:03] /a 1
[18/09/2013 14:59:03] /a 1
[18/09/2013 14:59:04] /a 1
[18/09/2013 14:59:04] /a 1
[18/09/2013 14:59:04] /a 1
[18/09/2013 14:59:04] /a 1
[18/09/2013 14:59:04] /a 1
[18/09/2013 14:59:04] /a 1
[18/09/2013 14:59:04] /a 1
[18/09/2013 14:59:04] /a 1
[18/09/2013 14:59:04] /a 1
[18/09/2013 14:59:04] /a 1
[18/09/2013 14:59:04] /a 1
[18/09/2013 14:59:04] /a 1
[18/09/2013 14:59:04] /a 1
[18/09/2013 14:59:04] /a 1
[18/09/2013 14:59:04] /a 1
[18/09/2013 14:59:04] /a 1
[18/09/2013 14:59:04] /a 1
[18/09/2013 14:59:04] /a 1
[18/09/2013 14:59:04] /a 1
[18/09/2013 14:59:04] /a 1
[18/09/2013 14:59:04] /a 1
[18/09/2013 14:59:04] /a 1
[18/09/2013 14:59:04] /a 1
[18/09/2013 14:59:04] /a 1
[18/09/2013 14:59:04] /a 1
[18/09/2013 14:59:04] /a 1
[18/09/2013 14:59:04] /a 1
[18/09/2013 14:59:04] /a 1
[18/09/2013 14:59:04] /a 1
[18/09/2013 14:59:05] /a 1
[18/09/2013 14:59:05] /a 1
[18/09/2013 14:59:05] /a 1
[18/09/2013 14:59:05] /a 1
[18/09/2013 14:59:05] /a 1
[18/09/2013 14:59:05] /a 1
[18/09/2013 14:59:05] /a 1
[18/09/2013 14:59:05] /a 1
[18/09/2013 14:59:05] /a 1
[18/09/2013 14:59:05] /a 1
[18/09/2013 14:59:05] /a 1
[18/09/2013 14:59:05] /a 1
[18/09/2013 14:59:05] /a 1
[18/09/2013 14:59:05] /a 1
[18/09/2013 14:59:05] /a 1
[18/09/2013 14:59:05] /a 1
[18/09/2013 14:59:05] /a 1
[18/09/2013 14:59:05] /a 1
[18/09/2013 14:59:05] /a 1
[18/09/2013 14:59:05] /a 1
[18/09/2013 14:59:05] /a 1
[18/09/2013 14:59:05] /a 1
[18/09/2013 14:59:05] /a 1
[18/09/2013 14:59:05] /a 1
[18/09/2013 14:59:05] /a 1
[18/09/2013 14:59:05] /a 1
[18/09/2013 14:59:05] /a 1
[18/09/2013 14:59:05] /a 1
[18/09/2013 14:59:05] /a 1
[18/09/2013 14:59:05] /a 1
[18/09/2013 14:59:05] /a 1
[18/09/2013 14:59:06] /a 1
[18/09/2013 14:59:06] /a 1
[18/09/2013 14:59:06] /a 1
[18/09/2013 14:59:06] /a 1
[18/09/2013 14:59:06] /a 1
[18/09/2013 14:59:06] /a 1
[18/09/2013 14:59:06] /a 1
[18/09/2013 14:59:06] /a 1
[18/09/2013 14:59:06] /a 1
[18/09/2013 14:59:06] /a 1
[18/09/2013 14:59:06] /a 1
[18/09/2013 14:59:06] /a 1
[18/09/2013 14:59:06] /a 1
[18/09/2013 14:59:06] /a 1
[18/09/2013 14:59:06] /a 1
[18/09/2013 14:59:06] /a 1
[18/09/2013 14:59:06] /a 1
[18/09/2013 14:59:06] /a 1
[18/09/2013 14:59:06] /a 1
[18/09/2013 14:59:06] /a 1
[18/09/2013 14:59:06] /a 1
[18/09/2013 14:59:06] /a 1
[18/09/2013 14:59:06] /a 1
[18/09/2013 14:59:06] /a 1
[18/09/2013 14:59:06] /a 1
[18/09/2013 14:59:06] /a 1
[18/09/2013 14:59:06] /a 1
[18/09/2013 14:59:06] /a 1
[18/09/2013 14:59:06] /a 1
[18/09/2013 14:59:06] /a 1
[18/09/2013 14:59:06] /a 1
[18/09/2013 14:59:07] /a 1
[18/09/2013 14:59:07] /a 1
[18/09/2013 14:59:07] /a 1
[18/09/2013 14:59:07] /a 1
[18/09/2013 14:59:07] /a 1
[18/09/2013 14:59:07] /a 1
[18/09/2013 14:59:07] /a 1
[18/09/2013 14:59:07] /a 1
[18/09/2013 14:59:07] /a 1
[18/09/2013 14:59:07] /a 1
[18/09/2013 14:59:07] /a 1
[18/09/2013 14:59:07] /a 1
[18/09/2013 14:59:07] /a 1
[18/09/2013 14:59:07] /a 1
[18/09/2013 14:59:07] /a 1
[18/09/2013 14:59:07] /a 1
[18/09/2013 14:59:07] /a 1
[18/09/2013 14:59:07] /a 1
[18/09/2013 14:59:07] /a 1
[18/09/2013 14:59:07] /a 1
[18/09/2013 14:59:07] /a 1
[18/09/2013 14:59:07] /a 1
[18/09/2013 14:59:07] /a 1
[18/09/2013 14:59:07] /a 1
[18/09/2013 14:59:07] /a 1
[18/09/2013 14:59:07] /a 1
[18/09/2013 14:59:07] /a 1
[18/09/2013 14:59:07] /a 1
[18/09/2013 14:59:07] /a 1
[18/09/2013 14:59:08] /a 1
[18/09/2013 14:59:08] /a 1
[18/09/2013 14:59:08] /a 1
[18/09/2013 14:59:08] /a 1
[18/09/2013 14:59:08] /a 1
[18/09/2013 14:59:08] /a 1
[18/09/2013 14:59:08] /a 1
[18/09/2013 14:59:08] /a 1
[18/09/2013 14:59:08] /a 1
[18/09/2013 14:59:08] /a 1
[18/09/2013 14:59:08] /a 1
[18/09/2013 14:59:08] /a 1
[18/09/2013 14:59:08] /a 1
[18/09/2013 14:59:08] /a 1
[18/09/2013 14:59:08] /a 1
[18/09/2013 14:59:08] /a 1
[18/09/2013 14:59:08] /a 1
[18/09/2013 14:59:08] /a 1
[18/09/2013 14:59:08] /a 1
[18/09/2013 14:59:08] /a 1
[18/09/2013 14:59:08] /a 1
[18/09/2013 14:59:08] /a 1
[18/09/2013 14:59:08] /a 1
[18/09/2013 14:59:08] /a 1
[18/09/2013 14:59:08] /a 1
[18/09/2013 14:59:08] /a 1
[18/09/2013 14:59:08] /a 1
[18/09/2013 14:59:08] /a 1
[18/09/2013 14:59:08] /a 1
[18/09/2013 14:59:08] /a 1
[18/09/2013 14:59:08] /a 1
[18/09/2013 14:59:09] /a 1
[18/09/2013 14:59:09] /a 1
[18/09/2013 14:59:09] /a 1
[18/09/2013 14:59:09] /a 1
[18/09/2013 14:59:09] /a 1
[18/09/2013 14:59:09] /a 1
[18/09/2013 14:59:09] /a 1
[18/09/2013 14:59:09] /a 1
[18/09/2013 14:59:09] /a 1
[18/09/2013 14:59:09] /a 1
[18/09/2013 14:59:09] /a 1
[18/09/2013 14:59:09] /a 1
[18/09/2013 14:59:09] /a 1
[18/09/2013 14:59:09] /a 1
[18/09/2013 14:59:09] /a 1
[18/09/2013 14:59:09] /a 1
[18/09/2013 14:59:09] /a 1
[18/09/2013 14:59:09] /a 1
[18/09/2013 14:59:09] /a 1
[18/09/2013 14:59:09] /a 1
[18/09/2013 14:59:09] /a 1
[18/09/2013 14:59:09] /a 1
[18/09/2013 14:59:09] /a 1
[18/09/2013 14:59:09] /a 1
[18/09/2013 14:59:09] /a 1
[18/09/2013 14:59:09] /a 1
[18/09/2013 14:59:09] /a 1
[18/09/2013 14:59:09] /a 1
[18/09/2013 14:59:09] /a 1
[18/09/2013 14:59:09] /a 1
[18/09/2013 14:59:09] /a 1
[18/09/2013 14:59:10] /a 1
[18/09/2013 14:59:10] /a 1
[18/09/2013 14:59:10] /a 1
[18/09/2013 14:59:10] /a 1
[18/09/2013 14:59:10] /a 1
[18/09/2013 14:59:10] /a 1
[18/09/2013 14:59:10] /a 1
[18/09/2013 14:59:10] /a 1
[18/09/2013 14:59:10] /a 1
[18/09/2013 14:59:10] /a 1
[18/09/2013 14:59:10] /a 1
[18/09/2013 14:59:10] /a 1
[18/09/2013 14:59:10] /a 1
[18/09/2013 14:59:10] /a 1
[18/09/2013 14:59:10] /a 1
[18/09/2013 14:59:10] /a 1
[18/09/2013 14:59:10] /a 1
[18/09/2013 14:59:10] /a 1
[18/09/2013 14:59:10] /a 1
[18/09/2013 14:59:10] /a 1
[18/09/2013 14:59:10] /a 1
[18/09/2013 14:59:10] /a 1
[18/09/2013 14:59:10] /a 1
[18/09/2013 14:59:10] /a 1
[18/09/2013 14:59:10] /a 1
[18/09/2013 14:59:10] /a 1
[18/09/2013 14:59:10] /a 1
[18/09/2013 14:59:10] /a 1
[18/09/2013 14:59:10] /a 1
[18/09/2013 14:59:10] /a 1
[18/09/2013 14:59:11] /a 1
[18/09/2013 14:59:11] /a 1
[18/09/2013 14:59:11] /a 1
[18/09/2013 14:59:11] /a 1
[18/09/2013 14:59:11] /a 1
[18/09/2013 14:59:11] /a 1
[18/09/2013 14:59:11] /a 1
[18/09/2013 14:59:11] /a 1
[18/09/2013 14:59:11] /a 1
[18/09/2013 14:59:11] /a 1
[18/09/2013 14:59:11] /a 1
[18/09/2013 14:59:11] /a 1
[18/09/2013 14:59:11] /a 1
[18/09/2013 14:59:11] /a 1
[18/09/2013 14:59:11] /a 1
[18/09/2013 14:59:11] /a 1
[18/09/2013 14:59:11] /a 1
[18/09/2013 14:59:11] /a 1
[18/09/2013 14:59:11] /a 1
[18/09/2013 14:59:11] /a 1
[18/09/2013 14:59:11] /a 1
[18/09/2013 14:59:11] /a 1
[18/09/2013 14:59:11] /a 1
[18/09/2013 14:59:11] /a 1
[18/09/2013 14:59:11] /a 1
[18/09/2013 14:59:11] /a 1
[18/09/2013 14:59:11] /a 1
[18/09/2013 14:59:11] /a 1
[18/09/2013 14:59:12] /a 1
[18/09/2013 14:59:12] /a 1
[18/09/2013 14:59:12] /a 1
[18/09/2013 14:59:12] /a 1
[18/09/2013 14:59:12] /a 1
[18/09/2013 14:59:12] /a 1
[18/09/2013 14:59:12] /a 1
[18/09/2013 14:59:12] /a 1
[18/09/2013 14:59:12] /a 1
[18/09/2013 14:59:12] /a 1
[18/09/2013 14:59:12] /a 1
[18/09/2013 14:59:12] /a 1
[18/09/2013 14:59:12] /a 1
[18/09/2013 14:59:12] /a 1
[18/09/2013 14:59:12] /a 1
[18/09/2013 14:59:12] /a 1
[18/09/2013 14:59:12] /a 1
[18/09/2013 14:59:12] /a 1
[18/09/2013 14:59:12] /a 1
[18/09/2013 14:59:12] /a 1
[18/09/2013 14:59:12] /a 1
[18/09/2013 14:59:12] /a 1
[18/09/2013 14:59:12] /a 1
[18/09/2013 14:59:12] /a 1
[18/09/2013 14:59:12] /a 1
[18/09/2013 14:59:12] /a 1
[18/09/2013 14:59:12] /a 1
[18/09/2013 14:59:12] /a 1
[18/09/2013 14:59:12] /a 1
[18/09/2013 14:59:12] /a 1
[18/09/2013 14:59:12] /a 1
[18/09/2013 14:59:12] /a 1
[18/09/2013 14:59:13] /a 1
[18/09/2013 14:59:13] /a 1
[18/09/2013 14:59:13] /a 1
[18/09/2013 14:59:13] /a 1
[18/09/2013 14:59:13] /a 1
[18/09/2013 14:59:13] /a 1
[18/09/2013 14:59:13] /a 1
[18/09/2013 14:59:13] /a 1
[18/09/2013 14:59:13] /a 1
[18/09/2013 14:59:13] /a 1
[18/09/2013 14:59:13] /a 1
[18/09/2013 14:59:13] /a 1
[18/09/2013 14:59:13] /a 1
[18/09/2013 14:59:13] /a 1
[18/09/2013 14:59:13] /a 1
[18/09/2013 14:59:13] /a 1
[18/09/2013 14:59:13] /a 1
[18/09/2013 14:59:13] /a 1
[18/09/2013 14:59:13] /a 1
[18/09/2013 14:59:13] /a 1
[18/09/2013 14:59:13] /a 1
[18/09/2013 14:59:13] /a 1
[18/09/2013 14:59:13] /a 1
[18/09/2013 14:59:13] /a 1
[18/09/2013 14:59:13] /a 1
[18/09/2013 14:59:13] /a 1
[18/09/2013 14:59:13] /a 1
[18/09/2013 14:59:13] /a 1
[18/09/2013 14:59:13] /a 1
[18/09/2013 14:59:13] /a 1
[18/09/2013 14:59:14] /a 1
[18/09/2013 14:59:14] /a 1
[18/09/2013 14:59:14] /a 1
[18/09/2013 14:59:14] /a 1
[18/09/2013 14:59:14] /a 1
[18/09/2013 14:59:14] /a 1
[18/09/2013 14:59:14] /a 1
[18/09/2013 14:59:14] /a 1
[18/09/2013 14:59:14] /a 1
[18/09/2013 14:59:14] /a 1
[18/09/2013 14:59:14] /a 1
[18/09/2013 14:59:14] /a 1
[18/09/2013 14:59:14] /a 1
[18/09/2013 14:59:14] /a 1
[18/09/2013 14:59:14] /a 1
[18/09/2013 14:59:14] /a 1
[18/09/2013 14:59:14] /a 1
[18/09/2013 14:59:14] /a 1
[18/09/2013 14:59:14] /a 1
[18/09/2013 14:59:14] /a 1
[18/09/2013 14:59:14] /a 1
[18/09/2013 14:59:14] /a 1
[18/09/2013 14:59:14] /a 1
[18/09/2013 14:59:14] /a 1
[18/09/2013 14:59:14] /a 1
[18/09/2013 14:59:14] /a 1
[18/09/2013 14:59:14] /a 1
[18/09/2013 14:59:14] /a 1
[18/09/2013 14:59:14] /a 1
[18/09/2013 14:59:14] /a 1
[18/09/2013 14:59:15] /a 1
[18/09/2013 14:59:15] /a 1
[18/09/2013 14:59:15] /a 1
[18/09/2013 14:59:15] /a 1
[18/09/2013 14:59:15] /a 1
[18/09/2013 14:59:15] /a 1
[18/09/2013 14:59:15] /a 1
[18/09/2013 14:59:15] /a 1
[18/09/2013 14:59:15] /a 1
[18/09/2013 14:59:15] /a 1
[18/09/2013 14:59:15] /a 1
[18/09/2013 14:59:15] /a 1
[18/09/2013 14:59:15] /a 1
[18/09/2013 14:59:15] /a 1
[18/09/2013 14:59:15] /a 1
[18/09/2013 14:59:15] /a 1
[18/09/2013 14:59:15] /a 1
[18/09/2013 14:59:15] /a 1
[18/09/2013 14:59:15] /a 1
[18/09/2013 14:59:15] /a 1
[18/09/2013 14:59:15] /a 1
[18/09/2013 14:59:15] /a 1
[18/09/2013 14:59:15] /a 1
[18/09/2013 14:59:15] /a 1
[18/09/2013 14:59:15] /a 1
[18/09/2013 14:59:15] /a 1
[18/09/2013 14:59:15] /a 1
[18/09/2013 14:59:15] /a 1
[18/09/2013 14:59:15] /a 1
[18/09/2013 14:59:15] /a 1
[18/09/2013 14:59:15] /a 1
[18/09/2013 14:59:16] /a 1
[18/09/2013 14:59:16] /a 1
[18/09/2013 14:59:16] /a 1
[18/09/2013 14:59:16] /a 1
[18/09/2013 14:59:16] /a 1
[18/09/2013 14:59:16] /a 1
[18/09/2013 14:59:16] /a 1
[18/09/2013 14:59:16] /a 1
[18/09/2013 14:59:16] /a 1
[18/09/2013 14:59:16] /a 1
[18/09/2013 14:59:16] /a 1
[18/09/2013 14:59:16] /a 1
[18/09/2013 14:59:16] /a 1
[18/09/2013 14:59:16] /a 1
[18/09/2013 14:59:16] /a 1
[18/09/2013 14:59:16] /a 1
[18/09/2013 14:59:16] /a 1
[18/09/2013 14:59:16] /a 1
[18/09/2013 14:59:16] /a 1
[18/09/2013 14:59:16] /a 1
[18/09/2013 14:59:16] /a 1
[18/09/2013 14:59:16] /a 1
[18/09/2013 14:59:16] /a 1
[18/09/2013 14:59:16] /a 1
[18/09/2013 14:59:16] /a 1
[18/09/2013 14:59:16] /a 1
[18/09/2013 14:59:16] /a 1
[18/09/2013 14:59:16] /a 1
[18/09/2013 14:59:16] /a 1
[18/09/2013 14:59:16] /a 1
[18/09/2013 14:59:16] /a 1
[18/09/2013 14:59:17] /a 1
[18/09/2013 14:59:17] /a 1
[18/09/2013 14:59:17] /a 1
[18/09/2013 14:59:17] /a 1
[18/09/2013 14:59:17] /a 1
[18/09/2013 14:59:17] /a 1
[18/09/2013 14:59:17] /a 1
[18/09/2013 14:59:17] /a 1
[18/09/2013 14:59:17] /a 1
[18/09/2013 14:59:17] /a 1
[18/09/2013 14:59:17] /a 1
[18/09/2013 14:59:17] /a 1
[18/09/2013 14:59:17] /a 1
[18/09/2013 14:59:17] /a 1
[18/09/2013 14:59:17] /a 1
[18/09/2013 14:59:17] /a 1
[18/09/2013 14:59:17] /a 1
[18/09/2013 14:59:17] /a 1
[18/09/2013 14:59:17] /a 1
[18/09/2013 14:59:17] /a 1
[18/09/2013 14:59:17] /a 1
[18/09/2013 14:59:17] /a 1
[18/09/2013 14:59:17] /a 1
[18/09/2013 14:59:17] /a 1
[18/09/2013 14:59:17] /a 1
[18/09/2013 14:59:17] /a 1
[18/09/2013 14:59:17] /a 1
[18/09/2013 14:59:17] /a 1
[18/09/2013 14:59:17] /a 1
[18/09/2013 14:59:17] /a 1
[18/09/2013 14:59:18] /a 1
[18/09/2013 14:59:18] /a 1
[18/09/2013 14:59:18] /a 1
[18/09/2013 14:59:18] /a 1
[18/09/2013 14:59:18] /a 1
[18/09/2013 14:59:18] /a 1
[18/09/2013 14:59:18] /a 1
[18/09/2013 14:59:18] /a 1
[18/09/2013 14:59:18] /a 1
[18/09/2013 14:59:18] /a 1
[18/09/2013 14:59:18] /a 1
[18/09/2013 14:59:18] /a 1
[18/09/2013 14:59:18] /a 1
[18/09/2013 14:59:18] /a 1
[18/09/2013 14:59:18] /a 1
[18/09/2013 14:59:18] /a 1
[18/09/2013 14:59:18] /a 1
[18/09/2013 14:59:18] /a 1
[18/09/2013 14:59:18] /a 1
[18/09/2013 14:59:18] /a 1
[18/09/2013 14:59:18] /a 1
[18/09/2013 14:59:18] /a 1
[18/09/2013 14:59:18] /a 1
[18/09/2013 14:59:18] /a 1
[18/09/2013 14:59:18] /a 1
[18/09/2013 14:59:18] /a 1
[18/09/2013 14:59:18] /a 1
[18/09/2013 14:59:18] /a 1
[18/09/2013 14:59:18] /a 1
[18/09/2013 14:59:19] /a 1
[18/09/2013 14:59:19] /a 1
[18/09/2013 14:59:19] /a 1
[18/09/2013 14:59:19] /a 1
[18/09/2013 14:59:19] /a 1
[18/09/2013 14:59:19] /a 1
[18/09/2013 14:59:19] /a 1
[18/09/2013 14:59:19] /a 1
[18/09/2013 14:59:25] /a 20
[18/09/2013 14:59:26] /a 20
[18/09/2013 14:59:26] /a 20
[18/09/2013 14:59:26] /a 20
[18/09/2013 14:59:26] /a 20
[18/09/2013 14:59:26] /a 20
[18/09/2013 14:59:26] /a 20
[18/09/2013 14:59:26] /a 20
[18/09/2013 14:59:26] /a 20
[18/09/2013 14:59:26] /a 20
[18/09/2013 14:59:26] /a 20
[18/09/2013 14:59:26] /a 20
[18/09/2013 14:59:26] /a 20
[18/09/2013 14:59:26] /a 20
[18/09/2013 14:59:26] /a 20
[18/09/2013 14:59:26] /a 20
[18/09/2013 14:59:26] /a 20
[18/09/2013 14:59:26] /a 20
[18/09/2013 14:59:26] /a 20
[18/09/2013 14:59:26] /a 20
[18/09/2013 14:59:31] /a 5
[18/09/2013 14:59:32] /a 5
[18/09/2013 14:59:32] /a 5
[18/09/2013 14:59:32] /a 5
[18/09/2013 14:59:32] /a 5
[18/09/2013 14:59:32] /a 5
[18/09/2013 14:59:32] /a 5
[18/09/2013 14:59:32] /a 5
[18/09/2013 14:59:32] /a 5
[18/09/2013 14:59:32] /a 5
[18/09/2013 14:59:32] /a 5
[18/09/2013 14:59:32] /a 5
[18/09/2013 14:59:32] /a 5
[18/09/2013 14:59:32] /a 5
[18/09/2013 14:59:32] /a 5
[18/09/2013 14:59:32] /a 5
[18/09/2013 14:59:32] /a 5
[18/09/2013 14:59:32] /a 5
[18/09/2013 14:59:32] /a 5
[18/09/2013 14:59:32] /a 5
[18/09/2013 14:59:32] /a 5
[18/09/2013 14:59:32] /a 5
[18/09/2013 14:59:32] /a 5
[18/09/2013 14:59:32] /a 5
[18/09/2013 14:59:32] /a 5
[18/09/2013 14:59:33] /a 5
[18/09/2013 14:59:33] /a 5
[18/09/2013 14:59:33] /a 5
[18/09/2013 14:59:33] /a 5
[18/09/2013 14:59:34] /a 1
[18/09/2013 14:59:34] /a 1
[18/09/2013 14:59:34] /a 1
[18/09/2013 14:59:34] /a 1
[18/09/2013 14:59:34] /a 1
[18/09/2013 14:59:35] /a 1
[18/09/2013 14:59:35] /a 1
[18/09/2013 14:59:35] /a 1
[18/09/2013 14:59:35] /a 1
[18/09/2013 14:59:35] /a 1
[18/09/2013 14:59:35] /a 1
[18/09/2013 14:59:35] /a 1
[18/09/2013 14:59:35] /a 1
[18/09/2013 14:59:35] /a 1
[18/09/2013 14:59:35] /a 1
[18/09/2013 14:59:35] /a 1
[18/09/2013 14:59:35] /a 1
[18/09/2013 14:59:35] /a 1
[18/09/2013 14:59:35] /a 1
[18/09/2013 14:59:35] /a 1
[18/09/2013 14:59:35] /a 1
[18/09/2013 14:59:35] /a 1
[18/09/2013 14:59:35] /a 1
[18/09/2013 14:59:35] /a 1
[18/09/2013 14:59:35] /a 1
[18/09/2013 14:59:35] /a 1
[18/09/2013 14:59:35] /a 1
[18/09/2013 14:59:35] /a 1
[18/09/2013 14:59:35] /a 1
[18/09/2013 14:59:35] /a 1
[18/09/2013 14:59:35] /a 1
[18/09/2013 14:59:35] /a 1
[18/09/2013 14:59:35] /a 1
[18/09/2013 14:59:35] /a 1
[18/09/2013 14:59:35] /a 1
[18/09/2013 14:59:35] /a 1
[18/09/2013 14:59:36] /a 1
[18/09/2013 14:59:36] /a 1
[18/09/2013 14:59:36] /a 1
[18/09/2013 14:59:36] /a 1
[18/09/2013 14:59:36] /a 1
[18/09/2013 14:59:36] /a 1
[18/09/2013 14:59:36] /a 1
[18/09/2013 14:59:36] /a 1
[18/09/2013 14:59:36] /a 1
[18/09/2013 14:59:36] /a 1
[18/09/2013 14:59:36] /a 1
[18/09/2013 14:59:36] /a 1
[18/09/2013 14:59:36] /a 1
[18/09/2013 14:59:36] /a 1
[18/09/2013 14:59:36] /a 1
[18/09/2013 14:59:36] /a 1
[18/09/2013 14:59:36] /a 1
[18/09/2013 14:59:36] /a 1
[18/09/2013 14:59:36] /a 1
[18/09/2013 14:59:36] /a 1
[18/09/2013 14:59:36] /a 1
[18/09/2013 14:59:36] /a 1
[18/09/2013 14:59:36] /a 1
[18/09/2013 14:59:36] /a 1
[18/09/2013 14:59:36] /a 1
[18/09/2013 14:59:36] /a 1
[18/09/2013 14:59:36] /a 1
[18/09/2013 14:59:36] /a 1
[18/09/2013 14:59:36] /a 1
[18/09/2013 14:59:37] /a 1
[18/09/2013 14:59:37] /a 1
[18/09/2013 14:59:37] /a 1
[18/09/2013 14:59:37] /a 1
[18/09/2013 14:59:37] /a 1
[18/09/2013 14:59:37] /a 1
[18/09/2013 14:59:37] /a 1
[18/09/2013 14:59:37] /a 1
[18/09/2013 14:59:37] /a 1
[18/09/2013 14:59:37] /a 1
[18/09/2013 14:59:37] /a 1
[18/09/2013 14:59:37] /a 1
[18/09/2013 14:59:37] /a 1
[18/09/2013 14:59:37] /a 1
[18/09/2013 14:59:37] /a 1
[18/09/2013 14:59:37] /a 1
[18/09/2013 14:59:37] /a 1
[18/09/2013 14:59:37] /a 1
[18/09/2013 14:59:37] /a 1
[18/09/2013 14:59:37] /a 1
[18/09/2013 14:59:37] /a 1
[18/09/2013 14:59:37] /a 1
[18/09/2013 14:59:37] /a 1
[18/09/2013 14:59:37] /a 1
[18/09/2013 14:59:37] /a 1
[18/09/2013 14:59:37] /a 1
[18/09/2013 14:59:37] /a 1
[18/09/2013 14:59:37] /a 1
[18/09/2013 14:59:37] /a 1
[18/09/2013 14:59:38] /a 1
[18/09/2013 14:59:38] /a 1
[18/09/2013 14:59:38] /a 1
[18/09/2013 14:59:38] /a 1
[18/09/2013 14:59:38] /a 1
[18/09/2013 14:59:38] /a 1
[18/09/2013 14:59:38] /a 1
[18/09/2013 14:59:38] /a 1
[18/09/2013 14:59:38] /a 1
[18/09/2013 14:59:38] /a 1
[18/09/2013 14:59:38] /a 1
[18/09/2013 14:59:38] /a 1
[18/09/2013 14:59:38] /a 1
[18/09/2013 14:59:38] /a 1
[18/09/2013 14:59:38] /a 1
[18/09/2013 14:59:38] /a 1
[18/09/2013 14:59:38] /a 1
[18/09/2013 14:59:38] /a 1
[18/09/2013 14:59:38] /a 1
[18/09/2013 14:59:38] /a 1
[18/09/2013 14:59:38] /a 1
[18/09/2013 14:59:38] /a 1
[18/09/2013 14:59:38] /a 1
[18/09/2013 14:59:38] /a 1
[18/09/2013 14:59:38] /a 1
[18/09/2013 14:59:38] /a 1
[18/09/2013 14:59:38] /a 1
[18/09/2013 14:59:38] /a 1
[18/09/2013 14:59:38] /a 1
[18/09/2013 14:59:38] /a 1
[18/09/2013 14:59:38] /a 1
[18/09/2013 14:59:39] /a 1
[18/09/2013 14:59:39] /a 1
[18/09/2013 14:59:39] /a 1
[18/09/2013 14:59:39] /a 1
[18/09/2013 14:59:39] /a 1
[18/09/2013 14:59:39] /a 1
[18/09/2013 14:59:39] /a 1
[18/09/2013 14:59:39] /a 1
[18/09/2013 14:59:39] /a 1
[18/09/2013 14:59:39] /a 1
[18/09/2013 14:59:39] /a 1
[18/09/2013 14:59:39] /a 1
[18/09/2013 14:59:39] /a 1
[18/09/2013 14:59:39] /a 1
[18/09/2013 14:59:39] /a 1
[18/09/2013 14:59:39] /a 1
[18/09/2013 14:59:39] /a 1
[18/09/2013 14:59:39] /a 1
[18/09/2013 14:59:39] /a 1
[18/09/2013 14:59:39] /a 1
[18/09/2013 14:59:39] /a 1
[18/09/2013 14:59:39] /a 1
[18/09/2013 14:59:39] /a 1
[18/09/2013 14:59:39] /a 1
[18/09/2013 14:59:39] /a 1
[18/09/2013 14:59:39] /a 1
[18/09/2013 14:59:39] /a 1
[18/09/2013 14:59:39] /a 1
[18/09/2013 14:59:39] /a 1
[18/09/2013 14:59:39] /a 1
[18/09/2013 14:59:39] /a 1
[18/09/2013 14:59:40] /a 1
[18/09/2013 14:59:40] /a 1
[18/09/2013 14:59:40] /a 1
[18/09/2013 14:59:40] /a 1
[18/09/2013 14:59:40] /a 1
[18/09/2013 14:59:40] /a 1
[18/09/2013 14:59:40] /a 1
[18/09/2013 14:59:40] /a 1
[18/09/2013 14:59:40] /a 1
[18/09/2013 14:59:40] /a 1
[18/09/2013 14:59:40] /a 1
[18/09/2013 14:59:40] /a 1
[18/09/2013 14:59:40] /a 1
[18/09/2013 14:59:40] /a 1
[18/09/2013 14:59:40] /a 1
[18/09/2013 14:59:40] /a 1
[18/09/2013 14:59:40] /a 1
[18/09/2013 14:59:40] /a 1
[18/09/2013 14:59:40] /a 1
[18/09/2013 14:59:40] /a 1
[18/09/2013 14:59:40] /a 1
[18/09/2013 14:59:40] /a 1
[18/09/2013 14:59:40] /a 1
[18/09/2013 14:59:40] /a 1
[18/09/2013 14:59:40] /a 1
[18/09/2013 14:59:40] /a 1
[18/09/2013 14:59:40] /a 1
[18/09/2013 14:59:40] /a 1
[18/09/2013 14:59:40] /a 1
[18/09/2013 14:59:40] /a 1
[18/09/2013 14:59:40] /a 1
[18/09/2013 14:59:41] /a 1
[18/09/2013 14:59:41] /a 1
[18/09/2013 14:59:41] /a 1
[18/09/2013 14:59:41] /a 1
[18/09/2013 14:59:41] /a 1
[18/09/2013 14:59:41] /a 1
[18/09/2013 14:59:41] /a 1
[18/09/2013 14:59:41] /a 1
[18/09/2013 14:59:41] /a 1
[18/09/2013 14:59:41] /a 1
[18/09/2013 14:59:41] /a 1
[18/09/2013 14:59:41] /a 1
[18/09/2013 14:59:41] /a 1
[18/09/2013 14:59:41] /a 1
[18/09/2013 14:59:41] /a 1
[18/09/2013 14:59:41] /a 1
[18/09/2013 14:59:41] /a 1
[18/09/2013 14:59:41] /a 1
[18/09/2013 14:59:41] /a 1
[18/09/2013 14:59:41] /a 1
[18/09/2013 14:59:41] /a 1
[18/09/2013 14:59:41] /a 1
[18/09/2013 14:59:41] /a 1
[18/09/2013 14:59:41] /a 1
[18/09/2013 14:59:41] /a 1
[18/09/2013 14:59:41] /a 1
[18/09/2013 14:59:41] /a 1
[18/09/2013 14:59:58] /a 1
[18/09/2013 14:59:58] /a 1
[18/09/2013 14:59:58] /a 1
[18/09/2013 14:59:58] /a 1
[18/09/2013 14:59:59] /a 1
[18/09/2013 14:59:59] /a 1
[18/09/2013 14:59:59] /a 1
[18/09/2013 14:59:59] /a 1
[18/09/2013 14:59:59] /a 1
[18/09/2013 14:59:59] /a 1
[18/09/2013 14:59:59] /a 1
[18/09/2013 14:59:59] /a 1
[18/09/2013 14:59:59] /a 1
[18/09/2013 14:59:59] /a 1
[18/09/2013 14:59:59] /a 1
[18/09/2013 14:59:59] /a 1
[18/09/2013 14:59:59] /a 1
[18/09/2013 14:59:59] /a 1
[18/09/2013 14:59:59] /a 1
[18/09/2013 14:59:59] /a 1
[18/09/2013 14:59:59] /a 1
[18/09/2013 14:59:59] /a 1
[18/09/2013 14:59:59] /a 1
[18/09/2013 14:59:59] /a 1
[18/09/2013 14:59:59] /a 1
[18/09/2013 14:59:59] /a 1
[18/09/2013 14:59:59] /a 1
[18/09/2013 14:59:59] /a 1
[18/09/2013 14:59:59] /a 1
[18/09/2013 14:59:59] /a 1
[18/09/2013 14:59:59] /a 1
[18/09/2013 14:59:59] /a 1
[18/09/2013 14:59:59] /a 1
[18/09/2013 14:59:59] /a 1
[18/09/2013 15:00:00] /a 1
[18/09/2013 15:00:00] /a 1
[18/09/2013 15:00:00] /a 1
[18/09/2013 15:00:00] /a 1
[18/09/2013 15:00:00] /a 1
[18/09/2013 15:00:00] /a 1
[18/09/2013 15:00:00] /a 1
[18/09/2013 15:00:00] /a 1
[18/09/2013 15:00:00] /a 1
[18/09/2013 15:00:00] /a 1
[18/09/2013 15:00:00] /a 1
[18/09/2013 15:00:00] /a 1
[18/09/2013 15:00:00] /a 1
[18/09/2013 15:00:00] /a 1
[18/09/2013 15:00:00] /a 1
[18/09/2013 15:00:00] /a 1
[18/09/2013 15:00:00] /a 1
[18/09/2013 15:00:00] /a 1
[18/09/2013 15:00:00] /a 1
[18/09/2013 15:00:00] /a 1
[18/09/2013 15:00:00] /a 1
[18/09/2013 15:00:00] /a 1
[18/09/2013 15:00:00] /a 1
[18/09/2013 15:00:00] /a 1
[18/09/2013 15:00:00] /a 1
[18/09/2013 15:00:00] /a 1
[18/09/2013 15:00:00] /a 1
[18/09/2013 15:00:00] /a 1
[18/09/2013 15:00:00] /a 1
[18/09/2013 15:00:00] /a 1
[18/09/2013 15:00:00] /a 1
[18/09/2013 15:00:01] /a 1
[18/09/2013 15:00:01] /a 1
[18/09/2013 15:00:01] /a 1
[18/09/2013 15:00:01] /a 1
[18/09/2013 15:00:01] /a 1
[18/09/2013 15:00:01] /a 1
[18/09/2013 15:00:01] /a 1
[18/09/2013 15:00:01] /a 1
[18/09/2013 15:00:01] /a 1
[18/09/2013 15:00:01] /a 1
[18/09/2013 15:00:01] /a 1
[18/09/2013 15:00:01] /a 1
[18/09/2013 15:00:01] /a 1
[18/09/2013 15:00:01] /a 1
[18/09/2013 15:00:01] /a 1
[18/09/2013 15:00:01] /a 1
[18/09/2013 15:00:01] /a 1
[18/09/2013 15:00:01] /a 1
[18/09/2013 15:00:01] /a 1
[18/09/2013 15:00:01] /a 1
[18/09/2013 15:00:01] /a 1
[18/09/2013 15:00:01] /a 1
[18/09/2013 15:00:01] /a 1
[18/09/2013 15:00:01] /a 1
[18/09/2013 15:00:01] /a 1
[18/09/2013 15:00:01] /a 1
[18/09/2013 15:00:01] /a 1
[18/09/2013 15:00:01] /a 1
[18/09/2013 15:00:01] /a 1
[18/09/2013 15:00:01] /a 1
[18/09/2013 15:00:02] /a 1
[18/09/2013 15:00:02] /a 1
[18/09/2013 15:00:02] /a 1
[18/09/2013 15:00:24] /t
[18/09/2013 15:04:38] /newtype 144
[18/09/2013 15:04:41] /newtype 143
[18/09/2013 15:04:43] /newtype 142
[18/09/2013 15:04:44] /newtype 141
[18/09/2013 15:04:46] /newtype 140
[18/09/2013 15:04:48] /newtype 139
[18/09/2013 15:04:50] /newtype 138
[18/09/2013 15:04:51] /newtype 137
[18/09/2013 15:04:52] /newtype 136
[18/09/2013 15:04:56] /newtype 20
[18/09/2013 15:04:58] /newtype 21
[18/09/2013 15:05:00] /newtype 19
[18/09/2013 15:05:02] /newtype 18
[18/09/2013 15:05:04] /newtype 17
[18/09/2013 15:05:05] /newtype 16
[18/09/2013 15:05:06] /newtype 15
[18/09/2013 15:05:08] /newtype 14
[18/09/2013 15:05:10] /newtype 13
[18/09/2013 15:05:11] /newtype 12
[18/09/2013 15:05:12] /newtype 1
[18/09/2013 15:05:17] /newtype 22
[18/09/2013 15:05:18] /newtype 23
[18/09/2013 15:05:19] /newtype 24
[18/09/2013 15:05:20] /newtype 2
[18/09/2013 15:05:24] /newtype 24
[18/09/2013 15:05:25] /newtype 26
[18/09/2013 15:05:26] /newtype 27
[18/09/2013 15:05:27] /newtype 28
[18/09/2013 15:05:28] /newtype 29
[18/09/2013 15:05:30] /newtype 30
[18/09/2013 15:05:31] /newtype 31
[18/09/2013 15:05:33] /newtype 32
[18/09/2013 15:05:34] /newtype 33
[18/09/2013 15:05:36] /newtype 34
[18/09/2013 15:05:37] /newtype 35
[18/09/2013 15:05:38] /newtype 36
[18/09/2013 15:05:39] /newtype 37
[18/09/2013 15:05:40] /newtype 38
[18/09/2013 15:05:41] /newtype 39
[18/09/2013 15:05:43] /newtype 40
[18/09/2013 15:05:45] /newtype 41
[18/09/2013 15:05:46] /newtype 42
[18/09/2013 15:05:47] /newtype 43
[18/09/2013 15:05:48] /newtype 44
[18/09/2013 15:05:49] /newtype 45
[18/09/2013 15:05:50] /newtype 46
[18/09/2013 15:05:51] /newtype 47
[18/09/2013 15:05:53] /newtype 48
[18/09/2013 15:05:55] /newtype 49
[18/09/2013 15:05:57] /newtype 50
[18/09/2013 15:06:00] /newtype 51
[18/09/2013 15:06:01] /newtype 52
[18/09/2013 15:06:02] /newtype 53
[18/09/2013 15:06:03] /newtype 54
[18/09/2013 15:06:04] /newtype 55
[18/09/2013 15:06:06] /newtype 56
[18/09/2013 15:06:07] /newtype 57
[18/09/2013 15:06:08] /newtype 58
[18/09/2013 15:06:09] /newtype 59
[18/09/2013 15:06:12] /newtype 60
[18/09/2013 15:06:13] /newtype 61
[18/09/2013 15:06:14] /newtype 62
[18/09/2013 15:06:18] /newtype 399
[18/09/2013 15:06:22] /newtype 400
[18/09/2013 15:06:23] /newtype 401
[18/09/2013 15:06:28] /newtype 398
[18/09/2013 15:06:30] /newtype 397
[18/09/2013 15:06:32] /newtype 396
[18/09/2013 15:06:34] /newtype 395
[18/09/2013 15:06:36] /newtype 394
[18/09/2013 15:06:37] /newtype 394
[18/09/2013 15:06:39] /newtype 393
[18/09/2013 15:06:40] /newtype 392
[18/09/2013 15:06:42] /newtype 391
[18/09/2013 15:06:45] /newtype 380
[18/09/2013 15:06:48] /newtype 381
[18/09/2013 15:06:49] /newtype 382
[18/09/2013 15:06:50] /newtype 383
[18/09/2013 15:06:51] /newtype 384
[18/09/2013 15:07:00] /newtype 20
[18/09/2013 15:08:42] /i itachi
[18/09/2013 15:08:47] /i killer bee
[18/09/2013 15:08:51] /i anbu
[18/09/2013 15:08:55] /i naruto
[18/09/2013 15:09:00] /i naruto
[18/09/2013 15:09:20] /i hashirama
[18/09/2013 15:09:29] /i sarutobi
[18/09/2013 15:09:34] /i raikage
[18/09/2013 15:10:57] /addskill ninjutsu, parabens pramim
[18/09/2013 15:10:57] /addskill ninjutsu, parabens pramim
[18/09/2013 15:10:58] /addskill ninjutsu, parabens pramim
[18/09/2013 15:10:59] /addskill ninjutsu, parabens pramim
[18/09/2013 15:11:06] /addskill ml, parabens pramim
[18/09/2013 15:11:13] /addskill magic, parabens pramim
[18/09/2013 15:11:19] /addskill magic, parabens pramim
[18/09/2013 15:11:20] /addskill magic, parabens pramim
[18/09/2013 15:11:20] /addskill magic, parabens pramim
[18/09/2013 15:11:21] /addskill magic, parabens pramim
[18/09/2013 15:11:21] /addskill magic, parabens pramim
[18/09/2013 15:11:56] /addskill magic, parabens pramim
[18/09/2013 15:12:03] /addskill magic, parabens pramim
[18/09/2013 15:12:04] /addskill magic, parabens pramim
[18/09/2013 15:12:08] /addskill magic, parabens pramim
[18/09/2013 15:12:16] /addskill parabens pramim, magic
[18/09/2013 15:12:19] /addskill parabens pramim, magic, 50
[18/09/2013 15:12:22] /addskill parabens pramim, magic, 50
[18/09/2013 15:12:24] /addskill parabens pramim, magic, 50
[18/09/2013 15:12:28] /addskill parabens pramim, magic
[18/09/2013 15:12:29] /addskill parabens pramim, magic
[18/09/2013 15:12:29] /addskill parabens pramim, magic
[18/09/2013 15:12:30] /addskill parabens pramim, magic
[18/09/2013 15:12:30] /addskill parabens pramim, magic
[18/09/2013 15:12:30] /addskill parabens pramim, magic
[18/09/2013 15:12:31] /addskill parabens pramim, magic
[18/09/2013 15:12:31] /addskill parabens pramim, magic
[18/09/2013 15:12:31] /addskill parabens pramim, magic
[18/09/2013 15:12:32] /addskill parabens pramim, magic
[18/09/2013 15:12:32] /addskill parabens pramim, magic
[18/09/2013 15:12:32] /addskill parabens pramim, magic
[18/09/2013 15:12:37] /addskill parabens pramim, magic
[18/09/2013 15:12:38] /addskill parabens pramim, magic
[18/09/2013 15:12:38] /addskill parabens pramim, magic
[18/09/2013 15:13:07] /addskill parabens pramim, speed, 100
[18/09/2013 15:13:14] /addskill parabens pramim, speed, 10
[18/09/2013 15:13:15] /addskill parabens pramim, speed, 10
[18/09/2013 15:13:16] /addskill parabens pramim, speed, 10
[18/09/2013 15:13:16] /addskill parabens pramim, speed, 10
[18/09/2013 15:13:16] /addskill parabens pramim, speed, 10
[18/09/2013 15:13:17] /addskill parabens pramim, speed, 10
[18/09/2013 15:13:17] /addskill parabens pramim, speed, 10
[18/09/2013 15:13:17] /addskill parabens pramim, speed, 10
[18/09/2013 15:13:18] /addskill parabens pramim, speed, 10
[18/09/2013 15:13:18] /addskill parabens pramim, speed, 10
[18/09/2013 15:13:19] /addskill parabens pramim, speed, 10
[18/09/2013 15:13:21] /addskill parabens pramim, speed, 1
[18/09/2013 15:13:21] /addskill parabens pramim, speed, 1
[18/09/2013 15:13:22] /addskill parabens pramim, speed, 1
[18/09/2013 15:13:22] /addskill parabens pramim, speed, 1
[18/09/2013 15:13:22] /addskill parabens pramim, speed, 1
[18/09/2013 15:13:23] /addskill parabens pramim, speed, 1
[18/09/2013 15:13:23] /addskill parabens pramim, speed, 1
[18/09/2013 15:13:24] /addskill parabens pramim, speed, 1
[18/09/2013 15:13:24] /addskill parabens pramim, speed, 1
[18/09/2013 15:13:36] /addskill parabens pramim, gloves, 100
[18/09/2013 15:13:39] /addskill parabens pramim, gloves, 99
[18/09/2013 15:13:42] /addskill parabens pramim, gloves, 10
[18/09/2013 15:13:42] /addskill parabens pramim, gloves, 10
[18/09/2013 15:13:43] /addskill parabens pramim, gloves, 10
[18/09/2013 15:13:43] /addskill parabens pramim, gloves, 10
[18/09/2013 15:13:49] /addskill parabens pramim, axe, 10
[18/09/2013 15:13:50] /addskill parabens pramim, axe, 10
[18/09/2013 15:13:50] /addskill parabens pramim, axe, 10
[18/09/2013 15:13:50] /addskill parabens pramim, axe, 10
[18/09/2013 15:13:51] /addskill parabens pramim, axe, 10
[18/09/2013 15:13:51] /addskill parabens pramim, axe, 10
[18/09/2013 15:13:52] /addskill parabens pramim, axe, 10
[18/09/2013 15:13:52] /addskill parabens pramim, axe, 10
[18/09/2013 15:13:52] /addskill parabens pramim, axe, 10
[18/09/2013 15:13:53] /addskill parabens pramim, axe, 10
[18/09/2013 15:13:54] /addskill parabens pramim, axe, 1
[18/09/2013 15:13:55] /addskill parabens pramim, axe, 1
[18/09/2013 15:13:55] /addskill parabens pramim, axe, 1
[18/09/2013 15:13:55] /addskill parabens pramim, axe, 1
[18/09/2013 15:13:56] /addskill parabens pramim, axe, 1
[18/09/2013 15:13:56] /addskill parabens pramim, axe, 1
[18/09/2013 15:14:27] /addskill virjaum, level, 400
[18/09/2013 15:14:56] /addskill virjaum, level, 400
[18/09/2013 15:15:02] /up
[18/09/2013 15:15:03] /up
[18/09/2013 15:15:34] /m shukaku
[18/09/2013 15:15:35] /m shukaku
[18/09/2013 15:15:35] /m shukaku
[18/09/2013 15:15:35] /m shukaku
[18/09/2013 15:15:36] /m shukaku
[18/09/2013 15:15:37] /m shukaku
[18/09/2013 15:15:38] /m shukaku
[18/09/2013 15:15:38] /m shukaku
[18/09/2013 15:15:41] /r
[18/09/2013 15:15:42] /r
[18/09/2013 15:15:44] /r
[18/09/2013 15:15:46] /r
[18/09/2013 15:16:11] /ghost
[18/09/2013 15:17:20] /addskill parabens pramim, level, 1000
[18/09/2013 15:17:22] /addskill parabens pramim, level, 1000
[18/09/2013 15:17:27] /addskill parabens pramim, level, 1000
[18/09/2013 15:17:28] /addskill parabens pramim, level, 1000
[18/09/2013 15:17:28] /addskill parabens pramim, level, 1000
[18/09/2013 15:18:42] /ghost
