[22/07/2013 01:06:31] /addskill Alex Ratazana, Level
[22/07/2013 01:06:33] /addskill Alex Ratazana, Level
[22/07/2013 01:06:34] /addskill Alex Ratazana, Level
[22/07/2013 01:06:35] /addskill Alex Ratazana, Level
[22/07/2013 01:06:54] /addskill Alex Ratazana, Level
[22/07/2013 01:06:55] /addskill Alex Ratazana, Level
[22/07/2013 01:06:55] /addskill Alex Ratazana, Level
[22/07/2013 01:06:55] /addskill Alex Ratazana, Level
[22/07/2013 01:06:55] /addskill Alex Ratazana, Level
[22/07/2013 01:06:55] /addskill Alex Ratazana, Level
[22/07/2013 01:06:55] /addskill Alex Ratazana, Level
[22/07/2013 01:06:55] /addskill Alex Ratazana, Level
[22/07/2013 01:06:55] /addskill Alex Ratazana, Level
[22/07/2013 01:06:55] /addskill Alex Ratazana, Level
[22/07/2013 01:06:55] /addskill Alex Ratazana, Level
[22/07/2013 01:06:55] /addskill Alex Ratazana, Level
[22/07/2013 01:07:01] /addskill Alex Ratazana, Level
[22/07/2013 01:07:13] /addskill renan rusha dms, level
[22/07/2013 01:07:16] /addskill renan rusha dms, level
[22/07/2013 01:07:17] /addskill renan rusha dms, level
[22/07/2013 01:07:17] /addskill renan rusha dms, level
[22/07/2013 01:07:21] /addskill Alex Ratazana, Level
[22/07/2013 01:07:22] /addskill Alex Ratazana, Level
[22/07/2013 01:07:34] /addskill alex ratazana, level
[22/07/2013 01:07:34] /addskill alex ratazana, level
[22/07/2013 01:07:41] /addskill renan rusha dms, Level
[22/07/2013 01:07:41] /addskill renan rusha dms, Level
[22/07/2013 01:07:41] /addskill renan rusha dms, Level
[22/07/2013 01:07:41] /addskill renan rusha dms, Level
[22/07/2013 01:07:42] /addskill renan rusha dms, Level
[22/07/2013 01:07:42] /addskill renan rusha dms, Level
[22/07/2013 01:07:42] /addskill renan rusha dms, Level
[22/07/2013 01:07:42] /addskill renan rusha dms, Level
[22/07/2013 01:07:42] /addskill renan rusha dms, Level
[22/07/2013 01:07:42] /addskill renan rusha dms, Level
[22/07/2013 01:07:42] /addskill renan rusha dms, Level
[22/07/2013 01:07:42] /addskill renan rusha dms, Level
[22/07/2013 01:07:45] /addskill renan rusha dms, Level
[22/07/2013 01:07:46] /addskill renan rusha dms, Level
[22/07/2013 01:07:54] /addskill renan rusha dms, level
[22/07/2013 01:07:56] /addskill renan rusha dms, level
[22/07/2013 01:07:56] /addskill renan rusha dms, level
[22/07/2013 01:07:56] /addskill renan rusha dms, level
[22/07/2013 01:07:56] /addskill renan rusha dms, level
[22/07/2013 01:08:02] /addskill renan rusha dms, level
[22/07/2013 01:08:03] /addskill renan rusha dms, level
[22/07/2013 01:08:03] /addskill renan rusha dms, level
[22/07/2013 01:08:03] /addskill renan rusha dms, level
[22/07/2013 01:08:04] /addskill renan rusha dms, level
[22/07/2013 01:08:04] /addskill renan rusha dms, level
[22/07/2013 01:08:04] /addskill renan rusha dms, level
[22/07/2013 01:08:04] /addskill renan rusha dms, level
[22/07/2013 01:08:04] /addskill renan rusha dms, level
[22/07/2013 01:08:04] /addskill renan rusha dms, level
[22/07/2013 01:08:05] /addskill renan rusha dms, level
[22/07/2013 01:08:05] /addskill renan rusha dms, level
[22/07/2013 01:08:05] /addskill renan rusha dms, level
[22/07/2013 01:08:05] /addskill renan rusha dms, level
[22/07/2013 01:08:05] /addskill renan rusha dms, level
[22/07/2013 01:08:05] /addskill renan rusha dms, level
[22/07/2013 01:08:06] /addskill renan rusha dms, level
[22/07/2013 01:08:06] /addskill renan rusha dms, level
[22/07/2013 01:08:06] /addskill renan rusha dms, level
[22/07/2013 01:08:06] /addskill renan rusha dms, level
[22/07/2013 01:08:06] /addskill renan rusha dms, level
[22/07/2013 01:08:07] /addskill renan rusha dms, level
[22/07/2013 01:08:07] /addskill renan rusha dms, level
[22/07/2013 01:08:07] /addskill renan rusha dms, level
[22/07/2013 01:08:07] /addskill renan rusha dms, level
[22/07/2013 01:08:07] /addskill renan rusha dms, level
[22/07/2013 01:08:08] /addskill renan rusha dms, level
[22/07/2013 01:08:08] /addskill renan rusha dms, level
[22/07/2013 01:08:08] /addskill renan rusha dms, level
[22/07/2013 01:08:08] /addskill renan rusha dms, level
[22/07/2013 01:08:08] /addskill renan rusha dms, level
[22/07/2013 01:08:09] /addskill renan rusha dms, level
[22/07/2013 01:08:09] /addskill renan rusha dms, level
[22/07/2013 01:08:09] /addskill renan rusha dms, level
[22/07/2013 01:08:09] /addskill renan rusha dms, level
[22/07/2013 01:08:09] /addskill renan rusha dms, level
[22/07/2013 01:08:09] /addskill renan rusha dms, level
[22/07/2013 01:08:10] /addskill renan rusha dms, level
[22/07/2013 01:08:10] /addskill renan rusha dms, level
[22/07/2013 01:08:10] /addskill renan rusha dms, level
[22/07/2013 01:08:10] /addskill renan rusha dms, level
[22/07/2013 01:08:11] /addskill renan rusha dms, level
[22/07/2013 01:08:11] /addskill renan rusha dms, level
[22/07/2013 01:08:11] /addskill renan rusha dms, level
[22/07/2013 01:08:12] /addskill renan rusha dms, level
[22/07/2013 01:08:12] /addskill renan rusha dms, level
[22/07/2013 01:08:12] /addskill renan rusha dms, level
[22/07/2013 01:08:13] /addskill renan rusha dms, level
[22/07/2013 01:08:13] /addskill renan rusha dms, level
[22/07/2013 01:08:13] /addskill renan rusha dms, level
[22/07/2013 01:08:14] /addskill renan rusha dms, level
[22/07/2013 01:08:14] /addskill renan rusha dms, level
[22/07/2013 01:08:14] /addskill renan rusha dms, level
[22/07/2013 01:08:15] /addskill renan rusha dms, level
[22/07/2013 01:08:15] /addskill renan rusha dms, level
[22/07/2013 01:08:15] /addskill renan rusha dms, level
[22/07/2013 01:08:15] /addskill renan rusha dms, level
[22/07/2013 01:08:15] /addskill renan rusha dms, level
[22/07/2013 01:08:15] /addskill renan rusha dms, level
[22/07/2013 01:08:16] /addskill renan rusha dms, level
[22/07/2013 01:08:17] /addskill renan rusha dms, level
[22/07/2013 01:08:17] /addskill renan rusha dms, level
[22/07/2013 01:08:17] /addskill renan rusha dms, level
[22/07/2013 01:08:18] /addskill renan rusha dms, level
[22/07/2013 01:08:18] /addskill renan rusha dms, level
[22/07/2013 01:08:18] /addskill renan rusha dms, level
[22/07/2013 01:08:18] /addskill renan rusha dms, level
[22/07/2013 01:08:19] /addskill renan rusha dms, level
[22/07/2013 01:08:19] /addskill renan rusha dms, level
[22/07/2013 01:08:19] /addskill renan rusha dms, level
[22/07/2013 01:08:19] /addskill renan rusha dms, level
[22/07/2013 01:08:20] /addskill renan rusha dms, level
[22/07/2013 01:08:20] /addskill renan rusha dms, level
[22/07/2013 01:08:20] /addskill renan rusha dms, level
[22/07/2013 01:08:20] /addskill renan rusha dms, level
[22/07/2013 01:08:20] /addskill renan rusha dms, level
[22/07/2013 01:08:20] /addskill renan rusha dms, level
[22/07/2013 01:08:21] /addskill renan rusha dms, level
[22/07/2013 01:08:21] /addskill renan rusha dms, level
[22/07/2013 01:08:21] /addskill renan rusha dms, level
[22/07/2013 01:08:21] /addskill renan rusha dms, level
[22/07/2013 01:08:21] /addskill renan rusha dms, level
[22/07/2013 01:08:21] /addskill renan rusha dms, level
[22/07/2013 01:08:22] /addskill renan rusha dms, level
[22/07/2013 01:08:22] /addskill renan rusha dms, level
[22/07/2013 01:08:22] /addskill renan rusha dms, level
[22/07/2013 01:08:22] /addskill renan rusha dms, level
[22/07/2013 01:08:22] /addskill renan rusha dms, level
[22/07/2013 01:08:24] /addskill renan rusha dms, level
[22/07/2013 01:08:24] /addskill renan rusha dms, level
[22/07/2013 01:08:24] /addskill renan rusha dms, level
[22/07/2013 01:08:24] /addskill renan rusha dms, level
[22/07/2013 01:08:51] /addskill renan rusha dms, level
[22/07/2013 01:08:51] /addskill renan rusha dms, level
[22/07/2013 01:08:52] /addskill renan rusha dms, level
[22/07/2013 01:08:52] /addskill renan rusha dms, level
[22/07/2013 01:08:52] /addskill renan rusha dms, level
[22/07/2013 01:08:52] /addskill renan rusha dms, level
[22/07/2013 01:08:53] /addskill renan rusha dms, level
[22/07/2013 01:08:53] /addskill renan rusha dms, level
[22/07/2013 01:08:53] /addskill renan rusha dms, level
[22/07/2013 01:08:53] /addskill renan rusha dms, level
[22/07/2013 01:08:54] /addskill renan rusha dms, level
[22/07/2013 01:08:54] /addskill renan rusha dms, level
[22/07/2013 01:08:54] /addskill renan rusha dms, level
[22/07/2013 01:08:54] /addskill renan rusha dms, level
[22/07/2013 01:08:55] /addskill renan rusha dms, level
[22/07/2013 01:08:55] /addskill renan rusha dms, level
[22/07/2013 01:08:55] /addskill renan rusha dms, level
[22/07/2013 01:08:55] /addskill renan rusha dms, level
[22/07/2013 01:08:56] /addskill renan rusha dms, level
[22/07/2013 01:08:56] /addskill renan rusha dms, level
[22/07/2013 01:08:56] /addskill renan rusha dms, level
[22/07/2013 01:08:56] /addskill renan rusha dms, level
[22/07/2013 01:08:57] /addskill renan rusha dms, level
[22/07/2013 01:08:57] /addskill renan rusha dms, level
[22/07/2013 01:08:58] /addskill renan rusha dms, level
[22/07/2013 01:08:58] /addskill renan rusha dms, level
[22/07/2013 01:08:58] /addskill renan rusha dms, level
[22/07/2013 01:08:58] /addskill renan rusha dms, level
[22/07/2013 01:08:58] /addskill renan rusha dms, level
[22/07/2013 01:08:59] /addskill renan rusha dms, level
[22/07/2013 01:08:59] /addskill renan rusha dms, level
[22/07/2013 01:08:59] /addskill renan rusha dms, level
[22/07/2013 01:08:59] /addskill renan rusha dms, level
[22/07/2013 01:09:00] /addskill renan rusha dms, level
[22/07/2013 01:09:00] /addskill renan rusha dms, level
[22/07/2013 01:09:00] /addskill renan rusha dms, level
[22/07/2013 01:09:01] /addskill renan rusha dms, level
[22/07/2013 01:09:02] /addskill renan rusha dms, level
[22/07/2013 01:09:02] /addskill renan rusha dms, level
[22/07/2013 01:09:02] /addskill renan rusha dms, level
[22/07/2013 01:09:03] /addskill renan rusha dms, level
[22/07/2013 01:09:03] /addskill renan rusha dms, level
[22/07/2013 01:09:03] /addskill renan rusha dms, level
[22/07/2013 01:09:05] /addskill renan rusha dms, level
[22/07/2013 01:09:05] /addskill renan rusha dms, level
[22/07/2013 01:09:05] /addskill renan rusha dms, level
[22/07/2013 01:09:06] /addskill renan rusha dms, level
[22/07/2013 01:09:06] /addskill renan rusha dms, level
[22/07/2013 01:09:07] /addskill renan rusha dms, level
[22/07/2013 01:09:07] /addskill renan rusha dms, level
[22/07/2013 01:09:07] /addskill renan rusha dms, level
[22/07/2013 01:09:07] /addskill renan rusha dms, level
[22/07/2013 01:09:07] /addskill renan rusha dms, level
[22/07/2013 01:09:08] /addskill renan rusha dms, level
[22/07/2013 01:09:08] /addskill renan rusha dms, level
[22/07/2013 01:09:08] /addskill renan rusha dms, level
[22/07/2013 01:09:08] /addskill renan rusha dms, level
[22/07/2013 01:09:08] /addskill renan rusha dms, level
[22/07/2013 01:09:08] /addskill renan rusha dms, level
[22/07/2013 01:09:09] /addskill renan rusha dms, level
[22/07/2013 01:09:09] /addskill renan rusha dms, level
[22/07/2013 01:09:09] /addskill renan rusha dms, level
[22/07/2013 01:09:09] /addskill renan rusha dms, level
[22/07/2013 01:09:10] /addskill renan rusha dms, level
[22/07/2013 01:09:10] /addskill renan rusha dms, level
[22/07/2013 01:09:10] /addskill renan rusha dms, level
[22/07/2013 01:09:10] /addskill renan rusha dms, level
[22/07/2013 01:09:10] /addskill renan rusha dms, level
[22/07/2013 01:09:11] /addskill renan rusha dms, level
[22/07/2013 01:09:11] /addskill renan rusha dms, level
[22/07/2013 01:09:11] /addskill renan rusha dms, level
[22/07/2013 01:09:12] /addskill renan rusha dms, level
[22/07/2013 01:09:12] /addskill renan rusha dms, level
[22/07/2013 01:09:12] /addskill renan rusha dms, level
[22/07/2013 01:09:12] /addskill renan rusha dms, level
[22/07/2013 01:09:13] /addskill renan rusha dms, level
[22/07/2013 01:09:13] /addskill renan rusha dms, level
[22/07/2013 01:09:13] /addskill renan rusha dms, level
[22/07/2013 01:09:13] /addskill renan rusha dms, level
[22/07/2013 01:09:14] /addskill renan rusha dms, level
[22/07/2013 01:09:14] /addskill renan rusha dms, level
[22/07/2013 01:09:14] /addskill renan rusha dms, level
[22/07/2013 01:09:15] /addskill renan rusha dms, level
[22/07/2013 01:09:15] /addskill renan rusha dms, level
[22/07/2013 01:09:15] /addskill renan rusha dms, level
[22/07/2013 01:09:16] /addskill renan rusha dms, level
[22/07/2013 01:09:22] /addskill renan rusha dms, level
[22/07/2013 01:09:23] /addskill renan rusha dms, level
[22/07/2013 01:09:24] /addskill renan rusha dms, level
[22/07/2013 01:09:24] /addskill renan rusha dms, level
[22/07/2013 01:09:25] /addskill renan rusha dms, level
[22/07/2013 01:09:25] /addskill renan rusha dms, level
[22/07/2013 01:09:25] /addskill renan rusha dms, level
[22/07/2013 01:09:26] /addskill renan rusha dms, level
[22/07/2013 01:09:26] /addskill renan rusha dms, level
[22/07/2013 01:09:26] /addskill renan rusha dms, level
[22/07/2013 01:09:27] /addskill renan rusha dms, level
[22/07/2013 01:09:27] /addskill renan rusha dms, level
[22/07/2013 01:09:28] /addskill renan rusha dms, level
[22/07/2013 01:09:28] /addskill renan rusha dms, level
[22/07/2013 01:09:29] /addskill renan rusha dms, level
[22/07/2013 01:09:29] /addskill renan rusha dms, level
[22/07/2013 01:09:30] /addskill renan rusha dms, level
[22/07/2013 01:09:30] /addskill renan rusha dms, level
[22/07/2013 01:09:32] /addskill renan rusha dms, level
[22/07/2013 01:09:32] /addskill renan rusha dms, level
[22/07/2013 01:09:33] /addskill renan rusha dms, level
[22/07/2013 01:09:33] /addskill renan rusha dms, level
[22/07/2013 01:09:34] /addskill renan rusha dms, level
[22/07/2013 01:09:34] /addskill renan rusha dms, level
[22/07/2013 01:09:35] /addskill renan rusha dms, level
[22/07/2013 01:09:35] /addskill renan rusha dms, level
[22/07/2013 01:09:35] /addskill renan rusha dms, level
[22/07/2013 01:09:36] /addskill renan rusha dms, level
[22/07/2013 01:09:36] /addskill renan rusha dms, level
[22/07/2013 01:09:36] /addskill renan rusha dms, level
[22/07/2013 01:09:36] /addskill renan rusha dms, level
[22/07/2013 01:09:36] /addskill renan rusha dms, level
[22/07/2013 01:09:37] /addskill renan rusha dms, level
[22/07/2013 01:09:37] /addskill renan rusha dms, level
[22/07/2013 01:09:37] /addskill renan rusha dms, level
[22/07/2013 01:09:37] /addskill renan rusha dms, level
[22/07/2013 01:09:37] /addskill renan rusha dms, level
[22/07/2013 01:09:38] /addskill renan rusha dms, level
[22/07/2013 01:09:38] /addskill renan rusha dms, level
[22/07/2013 01:09:38] /addskill renan rusha dms, level
[22/07/2013 01:09:38] /addskill renan rusha dms, level
[22/07/2013 01:09:38] /addskill renan rusha dms, level
[22/07/2013 01:09:39] /addskill renan rusha dms, level
[22/07/2013 01:09:40] /addskill renan rusha dms, level
[22/07/2013 01:09:41] /addskill renan rusha dms, level
[22/07/2013 01:09:41] /addskill renan rusha dms, level
[22/07/2013 01:09:41] /addskill renan rusha dms, level
[22/07/2013 01:09:41] /addskill renan rusha dms, level
[22/07/2013 01:09:42] /addskill renan rusha dms, level
[22/07/2013 01:09:43] /addskill renan rusha dms, level
[22/07/2013 01:09:43] /addskill renan rusha dms, level
[22/07/2013 01:09:44] /addskill renan rusha dms, level
[22/07/2013 01:09:44] /addskill renan rusha dms, level
[22/07/2013 01:09:44] /addskill renan rusha dms, level
[22/07/2013 01:09:45] /addskill renan rusha dms, level
[22/07/2013 01:09:45] /addskill renan rusha dms, level
[22/07/2013 01:09:45] /addskill renan rusha dms, level
[22/07/2013 01:09:45] /addskill renan rusha dms, level
[22/07/2013 01:09:45] /addskill renan rusha dms, level
[22/07/2013 01:09:46] /addskill renan rusha dms, level
[22/07/2013 01:09:46] /addskill renan rusha dms, level
[22/07/2013 01:09:46] /addskill renan rusha dms, level
[22/07/2013 01:09:47] /addskill renan rusha dms, level
[22/07/2013 01:09:47] /addskill renan rusha dms, level
[22/07/2013 01:09:47] /addskill renan rusha dms, level
[22/07/2013 01:09:47] /addskill renan rusha dms, level
[22/07/2013 01:09:48] /addskill renan rusha dms, level
[22/07/2013 01:09:48] /addskill renan rusha dms, level
[22/07/2013 01:09:48] /addskill renan rusha dms, level
[22/07/2013 01:09:48] /addskill renan rusha dms, level
[22/07/2013 01:09:49] /addskill renan rusha dms, level
[22/07/2013 01:09:49] /addskill renan rusha dms, level
[22/07/2013 01:09:49] /addskill renan rusha dms, level
[22/07/2013 01:09:49] /addskill renan rusha dms, level
[22/07/2013 01:09:50] /addskill renan rusha dms, level
[22/07/2013 01:09:50] /addskill renan rusha dms, level
[22/07/2013 01:09:50] /addskill renan rusha dms, level
[22/07/2013 01:09:50] /addskill renan rusha dms, level
[22/07/2013 01:09:51] /addskill renan rusha dms, level
[22/07/2013 01:09:51] /addskill renan rusha dms, level
[22/07/2013 01:09:51] /addskill renan rusha dms, level
[22/07/2013 01:09:51] /addskill renan rusha dms, level
[22/07/2013 01:09:51] /addskill renan rusha dms, level
[22/07/2013 01:09:52] /addskill renan rusha dms, level
[22/07/2013 01:09:52] /addskill renan rusha dms, level
[22/07/2013 01:09:52] /addskill renan rusha dms, level
[22/07/2013 01:09:52] /addskill renan rusha dms, level
[22/07/2013 01:09:53] /addskill renan rusha dms, level
[22/07/2013 01:09:53] /addskill renan rusha dms, level
[22/07/2013 01:09:53] /addskill renan rusha dms, level
[22/07/2013 01:09:53] /addskill renan rusha dms, level
[22/07/2013 01:09:54] /addskill renan rusha dms, level
[22/07/2013 01:09:55] /addskill renan rusha dms, level
[22/07/2013 01:09:55] /addskill renan rusha dms, level
[22/07/2013 01:09:56] /addskill renan rusha dms, level
[22/07/2013 01:09:56] /addskill renan rusha dms, level
[22/07/2013 01:09:56] /addskill renan rusha dms, level
[22/07/2013 01:09:56] /addskill renan rusha dms, level
[22/07/2013 01:09:57] /addskill renan rusha dms, level
[22/07/2013 01:09:57] /addskill renan rusha dms, level
[22/07/2013 01:09:57] /addskill renan rusha dms, level
[22/07/2013 01:09:58] /addskill renan rusha dms, level
[22/07/2013 01:09:58] /addskill renan rusha dms, level
[22/07/2013 01:09:58] /addskill renan rusha dms, level
[22/07/2013 01:09:58] /addskill renan rusha dms, level
[22/07/2013 01:09:59] /addskill renan rusha dms, level
[22/07/2013 01:09:59] /addskill renan rusha dms, level
[22/07/2013 01:10:00] /addskill renan rusha dms, level
[22/07/2013 01:10:01] /addskill renan rusha dms, level
[22/07/2013 01:10:02] /addskill renan rusha dms, level
[22/07/2013 01:10:02] /addskill renan rusha dms, level
[22/07/2013 01:10:02] /addskill renan rusha dms, level
[22/07/2013 01:10:02] /addskill renan rusha dms, level
[22/07/2013 01:10:03] /addskill renan rusha dms, level
[22/07/2013 01:10:03] /addskill renan rusha dms, level
[22/07/2013 01:10:04] /addskill renan rusha dms, level
[22/07/2013 01:10:04] /addskill renan rusha dms, level
[22/07/2013 01:10:04] /addskill renan rusha dms, level
[22/07/2013 01:10:04] /addskill renan rusha dms, level
[22/07/2013 01:10:05] /addskill renan rusha dms, level
[22/07/2013 01:10:05] /addskill renan rusha dms, level
[22/07/2013 01:10:05] /addskill renan rusha dms, level
[22/07/2013 01:10:05] /addskill renan rusha dms, level
[22/07/2013 01:10:05] /addskill renan rusha dms, level
[22/07/2013 01:10:06] /addskill renan rusha dms, level
[22/07/2013 01:10:06] /addskill renan rusha dms, level
[22/07/2013 01:10:06] /addskill renan rusha dms, level
[22/07/2013 01:10:06] /addskill renan rusha dms, level
[22/07/2013 01:10:06] /addskill renan rusha dms, level
[22/07/2013 01:10:07] /addskill renan rusha dms, level
[22/07/2013 01:10:07] /addskill renan rusha dms, level
[22/07/2013 01:10:07] /addskill renan rusha dms, level
[22/07/2013 01:10:07] /addskill renan rusha dms, level
[22/07/2013 01:10:08] /addskill renan rusha dms, level
[22/07/2013 01:10:15] /addskill Lucas, level
[22/07/2013 01:10:16] /addskill Lucas, level
[22/07/2013 01:10:17] /addskill Lucas, level
[22/07/2013 01:10:18] /addskill Lucas, level
[22/07/2013 01:10:18] /addskill Lucas, level
[22/07/2013 01:10:18] /addskill Lucas, level
[22/07/2013 01:10:18] /addskill Lucas, level
[22/07/2013 01:10:18] /addskill Lucas, level
[22/07/2013 01:10:18] /addskill Lucas, level
[22/07/2013 01:10:19] /addskill Lucas, level
[22/07/2013 01:10:19] /addskill Lucas, level
[22/07/2013 01:10:19] /addskill Lucas, level
[22/07/2013 01:10:19] /addskill Lucas, level
[22/07/2013 01:10:19] /addskill Lucas, level
[22/07/2013 01:10:20] /addskill Lucas, level
[22/07/2013 01:10:20] /addskill Lucas, level
[22/07/2013 01:10:20] /addskill Lucas, level
[22/07/2013 01:10:20] /addskill Lucas, level
[22/07/2013 01:10:20] /addskill Lucas, level
[22/07/2013 01:10:20] /addskill Lucas, level
[22/07/2013 01:10:21] /addskill Lucas, level
[22/07/2013 01:10:21] /addskill Lucas, level
[22/07/2013 01:10:21] /addskill Lucas, level
[22/07/2013 01:10:21] /addskill Lucas, level
[22/07/2013 01:10:21] /addskill Lucas, level
[22/07/2013 01:10:22] /addskill Lucas, level
[22/07/2013 01:10:22] /addskill Lucas, level
[22/07/2013 01:10:22] /addskill Lucas, level
[22/07/2013 01:10:22] /addskill Lucas, level
[22/07/2013 01:10:22] /addskill Lucas, level
[22/07/2013 01:10:23] /addskill Lucas, level
[22/07/2013 01:10:23] /addskill Lucas, level
[22/07/2013 01:10:23] /addskill Lucas, level
[22/07/2013 01:10:23] /addskill Lucas, level
[22/07/2013 01:10:23] /addskill Lucas, level
[22/07/2013 01:10:24] /addskill Lucas, level
[22/07/2013 01:10:24] /addskill Lucas, level
[22/07/2013 01:10:24] /addskill Lucas, level
[22/07/2013 01:10:24] /addskill Lucas, level
[22/07/2013 01:10:24] /addskill Lucas, level
[22/07/2013 01:10:25] /addskill Lucas, level
[22/07/2013 01:10:25] /addskill Lucas, level
[22/07/2013 01:10:25] /addskill Lucas, level
[22/07/2013 01:10:27] /addskill Lucas, level
[22/07/2013 01:10:27] /addskill Lucas, level
[22/07/2013 01:10:27] /addskill Lucas, level
[22/07/2013 01:10:27] /addskill Lucas, level
[22/07/2013 01:10:28] /addskill Lucas, level
[22/07/2013 01:10:28] /addskill Lucas, level
[22/07/2013 01:10:28] /addskill Lucas, level
[22/07/2013 01:10:28] /addskill Lucas, level
[22/07/2013 01:10:29] /addskill Lucas, level
[22/07/2013 01:10:29] /addskill Lucas, level
[22/07/2013 01:10:29] /addskill Lucas, level
[22/07/2013 01:10:29] /addskill Lucas, level
[22/07/2013 01:10:30] /addskill Lucas, level
[22/07/2013 01:10:30] /addskill Lucas, level
[22/07/2013 01:10:30] /addskill Lucas, level
[22/07/2013 01:10:30] /addskill Lucas, level
[22/07/2013 01:10:31] /addskill Lucas, level
[22/07/2013 01:10:31] /addskill Lucas, level
[22/07/2013 01:10:31] /addskill Lucas, level
[22/07/2013 01:10:31] /addskill Lucas, level
[22/07/2013 01:10:32] /addskill Lucas, level
[22/07/2013 01:10:32] /addskill Lucas, level
[22/07/2013 01:10:32] /addskill Lucas, level
[22/07/2013 01:10:32] /addskill Lucas, level
[22/07/2013 01:10:32] /addskill Lucas, level
[22/07/2013 01:10:33] /addskill Lucas, level
[22/07/2013 01:10:33] /addskill Lucas, level
[22/07/2013 01:10:33] /addskill Lucas, level
[22/07/2013 01:10:33] /addskill Lucas, level
[22/07/2013 01:10:34] /addskill Lucas, level
[22/07/2013 01:10:34] /addskill Lucas, level
[22/07/2013 01:10:34] /addskill Lucas, level
[22/07/2013 01:10:34] /addskill Lucas, level
[22/07/2013 01:10:35] /addskill Lucas, level
[22/07/2013 01:10:35] /addskill Lucas, level
[22/07/2013 01:10:35] /addskill Lucas, level
[22/07/2013 01:10:35] /addskill Lucas, level
[22/07/2013 01:10:35] /addskill Lucas, level
[22/07/2013 01:10:36] /addskill Lucas, level
[22/07/2013 01:10:36] /addskill Lucas, level
[22/07/2013 01:10:36] /addskill Lucas, level
[22/07/2013 01:10:36] /addskill Lucas, level
[22/07/2013 01:10:37] /addskill Lucas, level
[22/07/2013 01:10:37] /addskill Lucas, level
[22/07/2013 01:10:37] /addskill Lucas, level
[22/07/2013 01:10:37] /addskill Lucas, level
[22/07/2013 01:10:38] /addskill Lucas, level
[22/07/2013 01:10:38] /addskill Lucas, level
[22/07/2013 01:10:38] /addskill Lucas, level
[22/07/2013 01:10:38] /addskill Lucas, level
[22/07/2013 01:10:38] /addskill Lucas, level
[22/07/2013 01:10:39] /addskill Lucas, level
[22/07/2013 01:10:39] /addskill Lucas, level
[22/07/2013 01:10:39] /addskill Lucas, level
[22/07/2013 01:10:39] /addskill Lucas, level
[22/07/2013 01:10:40] /addskill Lucas, level
[22/07/2013 01:10:40] /addskill Lucas, level
[22/07/2013 01:10:40] /addskill Lucas, level
[22/07/2013 01:10:40] /addskill Lucas, level
[22/07/2013 01:10:41] /addskill Lucas, level
[22/07/2013 01:10:41] /addskill Lucas, level
[22/07/2013 01:10:41] /addskill Lucas, level
[22/07/2013 01:10:41] /addskill Lucas, level
[22/07/2013 01:10:41] /addskill Lucas, level
[22/07/2013 01:10:42] /addskill Lucas, level
[22/07/2013 01:10:42] /addskill Lucas, level
[22/07/2013 01:10:42] /addskill Lucas, level
[22/07/2013 01:10:42] /addskill Lucas, level
[22/07/2013 01:10:43] /addskill Lucas, level
[22/07/2013 01:10:43] /addskill Lucas, level
[22/07/2013 01:10:43] /addskill Lucas, level
[22/07/2013 01:10:43] /addskill Lucas, level
[22/07/2013 01:10:43] /addskill Lucas, level
[22/07/2013 01:10:44] /addskill Lucas, level
[22/07/2013 01:10:44] /addskill Lucas, level
[22/07/2013 01:10:44] /addskill Lucas, level
[22/07/2013 01:10:44] /addskill Lucas, level
[22/07/2013 01:10:45] /addskill Lucas, level
[22/07/2013 01:10:45] /addskill Lucas, level
[22/07/2013 01:10:45] /addskill Lucas, level
[22/07/2013 01:10:45] /addskill Lucas, level
[22/07/2013 01:10:46] /addskill Lucas, level
[22/07/2013 01:10:46] /addskill Lucas, level
[22/07/2013 01:10:46] /addskill Lucas, level
[22/07/2013 01:10:46] /addskill Lucas, level
[22/07/2013 01:10:46] /addskill Lucas, level
[22/07/2013 01:10:47] /addskill Lucas, level
[22/07/2013 01:10:47] /addskill Lucas, level
[22/07/2013 01:10:47] /addskill Lucas, level
[22/07/2013 01:10:48] /addskill Lucas, level
[22/07/2013 01:10:48] /addskill Lucas, level
[22/07/2013 01:10:48] /addskill Lucas, level
[22/07/2013 01:10:48] /addskill Lucas, level
[22/07/2013 01:10:48] /addskill Lucas, level
[22/07/2013 01:10:49] /addskill Lucas, level
[22/07/2013 01:10:49] /addskill Lucas, level
[22/07/2013 01:10:49] /addskill Lucas, level
[22/07/2013 01:10:50] /addskill Lucas, level
[22/07/2013 01:10:50] /addskill Lucas, level
[22/07/2013 01:10:50] /addskill Lucas, level
[22/07/2013 01:10:51] /addskill Lucas, level
[22/07/2013 01:10:51] /addskill Lucas, level
[22/07/2013 01:10:51] /addskill Lucas, level
[22/07/2013 01:10:52] /addskill Lucas, level
[22/07/2013 01:10:52] /addskill Lucas, level
[22/07/2013 01:10:52] /addskill Lucas, level
[22/07/2013 01:10:52] /addskill Lucas, level
[22/07/2013 01:10:53] /addskill Lucas, level
[22/07/2013 01:10:53] /addskill Lucas, level
[22/07/2013 01:10:53] /addskill Lucas, level
[22/07/2013 01:10:54] /addskill Lucas, level
[22/07/2013 01:10:54] /addskill Lucas, level
[22/07/2013 01:10:54] /addskill Lucas, level
[22/07/2013 01:10:54] /addskill Lucas, level
[22/07/2013 01:10:54] /addskill Lucas, level
[22/07/2013 01:10:55] /addskill Lucas, level
[22/07/2013 01:10:55] /addskill Lucas, level
[22/07/2013 01:10:55] /addskill Lucas, level
[22/07/2013 01:10:55] /addskill Lucas, level
[22/07/2013 01:10:55] /addskill Lucas, level
[22/07/2013 01:10:55] /addskill Lucas, level
[22/07/2013 01:10:56] /addskill Lucas, level
[22/07/2013 01:10:56] /addskill Lucas, level
[22/07/2013 01:10:56] /addskill Lucas, level
[22/07/2013 01:10:56] /addskill Lucas, level
[22/07/2013 01:10:56] /addskill Lucas, level
[22/07/2013 01:10:57] /addskill Lucas, level
[22/07/2013 01:10:57] /addskill Lucas, level
[22/07/2013 01:10:57] /addskill Lucas, level
[22/07/2013 01:10:57] /addskill Lucas, level
[22/07/2013 01:10:57] /addskill Lucas, level
[22/07/2013 01:10:57] /addskill Lucas, level
[22/07/2013 01:10:57] /addskill Lucas, level
[22/07/2013 01:10:58] /addskill Lucas, level
[22/07/2013 01:10:58] /addskill Lucas, level
[22/07/2013 01:10:58] /addskill Lucas, level
[22/07/2013 01:10:59] /addskill Lucas, level
[22/07/2013 01:11:00] /addskill Lucas, level
[22/07/2013 01:11:01] /addskill Lucas, level
[22/07/2013 01:11:17] /addskill Lucas, level
[22/07/2013 01:11:17] /addskill Lucas, level
[22/07/2013 01:11:18] /addskill Lucas, level
[22/07/2013 01:11:18] /addskill Lucas, level
[22/07/2013 01:11:18] /addskill Lucas, level
[22/07/2013 01:11:19] /addskill Lucas, level
[22/07/2013 01:11:19] /addskill Lucas, level
[22/07/2013 01:11:19] /addskill Lucas, level
[22/07/2013 01:11:20] /addskill Lucas, level
[22/07/2013 01:11:20] /addskill Lucas, level
[22/07/2013 01:11:20] /addskill Lucas, level
[22/07/2013 01:11:21] /addskill Lucas, level
[22/07/2013 01:11:21] /addskill Lucas, level
[22/07/2013 01:11:21] /addskill Lucas, level
[22/07/2013 01:11:22] /addskill Lucas, level
[22/07/2013 01:11:22] /addskill Lucas, level
[22/07/2013 01:11:22] /addskill Lucas, level
[22/07/2013 01:11:23] /addskill Lucas, level
[22/07/2013 01:11:23] /addskill Lucas, level
[22/07/2013 01:11:23] /addskill Lucas, level
[22/07/2013 01:11:24] /addskill Lucas, level
[22/07/2013 01:11:24] /addskill Lucas, level
[22/07/2013 01:11:25] /addskill Lucas, level
[22/07/2013 01:11:25] /addskill Lucas, level
[22/07/2013 01:11:25] /addskill Lucas, level
[22/07/2013 01:11:25] /addskill Lucas, level
[22/07/2013 01:11:26] /addskill Lucas, level
[22/07/2013 01:11:26] /addskill Lucas, level
[22/07/2013 01:11:26] /addskill Lucas, level
[22/07/2013 01:11:27] /addskill Lucas, level
[22/07/2013 01:11:27] /addskill Lucas, level
[22/07/2013 01:11:28] /addskill Lucas, level
[22/07/2013 01:11:28] /addskill Lucas, level
[22/07/2013 01:11:29] /addskill Lucas, level
[22/07/2013 01:11:29] /addskill Lucas, level
[22/07/2013 01:11:30] /addskill Lucas, level
[22/07/2013 01:11:31] /addskill Lucas, level
[22/07/2013 01:11:31] /addskill Lucas, level
[22/07/2013 01:11:32] /addskill Lucas, level
[22/07/2013 01:11:32] /addskill Lucas, level
[22/07/2013 01:11:33] /addskill Lucas, level
[22/07/2013 01:11:34] /addskill Lucas, level
[22/07/2013 01:11:35] /addskill Lucas, level
[22/07/2013 01:11:35] /addskill Lucas, level
[22/07/2013 01:11:36] /addskill Lucas, level
[22/07/2013 01:11:37] /addskill Lucas, level
[22/07/2013 01:11:37] /addskill Lucas, level
[22/07/2013 01:11:37] /addskill Lucas, level
[22/07/2013 01:11:38] /addskill Lucas, level
[22/07/2013 01:11:38] /addskill Lucas, level
[22/07/2013 01:11:38] /addskill Lucas, level
[22/07/2013 01:11:38] /addskill Lucas, level
[22/07/2013 01:11:39] /addskill Lucas, level
[22/07/2013 01:11:39] /addskill Lucas, level
[22/07/2013 01:11:39] /addskill Lucas, level
[22/07/2013 01:11:39] /addskill Lucas, level
[22/07/2013 01:11:39] /addskill Lucas, level
[22/07/2013 01:11:39] /addskill Lucas, level
[22/07/2013 01:11:40] /addskill Lucas, level
