[18/09/2013 15:34:56] /addskill nickiss, level, 350
[18/09/2013 15:35:15] /addskill to namorando, level, 100
[18/09/2013 15:35:31] /addskill repicao, level, 120
[18/09/2013 15:35:41] /addskill repicao, level, 20
[18/09/2013 15:35:43] /addskill repicao, level, 20
[18/09/2013 15:35:57] /addskill nickiss, level, 70
[18/09/2013 15:36:09] /addskill to namorando, level, 60
[18/09/2013 15:36:18] /kick to namorando
[18/09/2013 15:36:19] /kick to namorando
[18/09/2013 15:36:19] /kick to namorando
[18/09/2013 15:36:20] /kick to namorando
[18/09/2013 15:36:20] /kick to namorando
[18/09/2013 15:36:21] /kick to namorando
[18/09/2013 15:36:21] /kick to namorando
[18/09/2013 15:36:21] /kick to namorando
[18/09/2013 15:36:22] /kick to namorando
[18/09/2013 15:36:22] /kick to namorando
[18/09/2013 15:36:27] /kick to namorando
[18/09/2013 15:36:32] /kick to namorando
[18/09/2013 15:36:36] /m shukaku
[18/09/2013 15:36:36] /m shukaku
[18/09/2013 15:36:36] /m shukaku
[18/09/2013 15:36:37] /m shukaku
[18/09/2013 15:36:37] /m shukaku
[18/09/2013 15:36:37] /m shukaku
[18/09/2013 15:36:43] /r
[18/09/2013 15:36:44] /r
[18/09/2013 15:36:44] /r
[18/09/2013 15:36:45] /r
[18/09/2013 15:36:45] /r
[18/09/2013 15:36:49] /r
[18/09/2013 15:36:52] /r
[18/09/2013 15:36:54] /r
[18/09/2013 15:36:58] /r
[18/09/2013 15:37:01] /r
[18/09/2013 15:37:02] /r
[18/09/2013 15:37:03] /r
[18/09/2013 15:37:05] /r
[18/09/2013 15:37:07] /r
[18/09/2013 15:37:10] /r
[18/09/2013 15:37:13] /r
[18/09/2013 15:37:20] /i itachi
[18/09/2013 15:37:24] /i backpack
[18/09/2013 15:37:28] /i killer bee
[18/09/2013 15:37:31] /i anbu
[18/09/2013 15:37:41] /i obito tunic
[18/09/2013 15:37:45] /i obito legs
[18/09/2013 15:37:54] /i amulet of loss
[18/09/2013 15:37:59] /i jashin amulet
[18/09/2013 15:38:01] /i jashin amulet
[18/09/2013 15:38:18] /addskill to namorando, magic, 157
[18/09/2013 15:38:23] /addskill to namorando, magic, 150
[18/09/2013 15:38:26] /addskill to namorando, magic, 150
[18/09/2013 15:38:36] /addskill nickiss, magic, 150
[18/09/2013 15:38:44] /addskill nickiss, magic, 150
[18/09/2013 15:38:51] /addskill repicao, magic, 150
[18/09/2013 15:38:58] /addskill repicao, magic, 150
[18/09/2013 15:39:05] /i protect amulet
[18/09/2013 15:39:09] /c max]
[18/09/2013 15:39:11] /c max
[18/09/2013 15:39:16] /c max
[18/09/2013 15:39:19] /t max
[18/09/2013 15:39:22] /c Max
[18/09/2013 15:39:26] /n max
[18/09/2013 15:39:27] /n max
[18/09/2013 15:39:36] /i 1644
[18/09/2013 15:39:37] /i 1644
[18/09/2013 15:39:39] /i 1644
[18/09/2013 15:39:41] /i 1644
[18/09/2013 15:39:42] /i 1644
[18/09/2013 15:39:47] /i 1644
[18/09/2013 15:39:48] /i 1644
[18/09/2013 15:39:51] /i 1644
[18/09/2013 15:39:58] /r
[18/09/2013 15:40:01] /i gold bar
[18/09/2013 15:40:02] /i gold bar
[18/09/2013 15:40:02] /i gold bar
[18/09/2013 15:40:03] /i gold bar
[18/09/2013 15:40:03] /i gold bar
[18/09/2013 15:40:03] /i gold bar
[18/09/2013 15:40:04] /i gold bar
[18/09/2013 15:40:04] /i gold bar
[18/09/2013 15:40:04] /i gold bar
[18/09/2013 15:40:05] /i gold bar
[18/09/2013 15:40:05] /i gold bar
[18/09/2013 15:40:05] /i gold bar
[18/09/2013 15:41:04] /i protection amulet
[18/09/2013 15:41:05] /i protection amulet
[18/09/2013 15:41:06] /i protection amulet
[18/09/2013 15:41:06] /i protection amulet
[18/09/2013 15:41:06] /i protection amulet
[18/09/2013 15:41:06] /i protection amulet
[18/09/2013 15:41:38] /i gold bar
[18/09/2013 15:41:39] /i gold bar
[18/09/2013 15:41:39] /i gold bar
[18/09/2013 15:41:39] /i gold bar
[18/09/2013 15:41:40] /i gold bar
[18/09/2013 15:41:40] /i gold bar
[18/09/2013 15:41:44] /i soldado phil
[18/09/2013 15:41:46] /i soldado phill
[18/09/2013 15:41:46] /i soldado phill
[18/09/2013 15:41:47] /i soldado phill
[18/09/2013 15:41:47] /i soldado phill
[18/09/2013 15:41:47] /i soldado phill
[18/09/2013 15:41:57] /i obito tunic
[18/09/2013 15:42:04] /i obito legs
[18/09/2013 15:42:07] /i obito legs
[18/09/2013 15:42:10] /i obito tunic
[18/09/2013 15:42:16] /i obito mask
[18/09/2013 15:42:17] /i obito mask
[18/09/2013 15:42:18] /i obito mask
[18/09/2013 15:42:27] /i madara boots
[18/09/2013 15:42:43] /i madara gloves
[18/09/2013 15:42:47] /i madara glove
[18/09/2013 15:42:52] /i kage shuriken
[18/09/2013 15:42:57] /i big shuriken
[18/09/2013 15:43:00] /i big shuriken
[18/09/2013 15:43:07] /i big shuriken
[18/09/2013 15:43:08] /i big shuriken
[18/09/2013 15:43:14] /i big shuriken
[18/09/2013 15:43:16] /i big shuriken
[18/09/2013 15:43:16] /i big shuriken
[18/09/2013 15:43:51] /addskill repicao, axe
[18/09/2013 15:43:52] /addskill repicao, axe
[18/09/2013 15:43:52] /addskill repicao, axe
[18/09/2013 15:43:52] /addskill repicao, axe
[18/09/2013 15:43:54] /addskill repicao, axe
[18/09/2013 15:43:54] /addskill repicao, axe
[18/09/2013 15:43:55] /addskill repicao, axe
[18/09/2013 15:43:55] /addskill repicao, axe
[18/09/2013 15:43:55] /addskill repicao, axe
[18/09/2013 15:43:56] /addskill repicao, axe
[18/09/2013 15:43:56] /addskill repicao, axe
[18/09/2013 15:43:57] /addskill repicao, axe
[18/09/2013 15:43:57] /addskill repicao, axe
[18/09/2013 15:43:57] /addskill repicao, axe
[18/09/2013 15:43:58] /addskill repicao, axe
[18/09/2013 15:43:58] /addskill repicao, axe
[18/09/2013 15:43:59] /addskill repicao, axe
[18/09/2013 15:43:59] /addskill repicao, axe
[18/09/2013 15:44:00] /addskill repicao, axe
[18/09/2013 15:44:00] /addskill repicao, axe
[18/09/2013 15:44:00] /addskill repicao, axe
[18/09/2013 15:44:01] /addskill repicao, axe
[18/09/2013 15:44:01] /addskill repicao, axe
[18/09/2013 15:44:02] /addskill repicao, axe
[18/09/2013 15:44:02] /addskill repicao, axe
[18/09/2013 15:44:02] /addskill repicao, axe
[18/09/2013 15:44:03] /addskill repicao, axe
[18/09/2013 15:44:03] /addskill repicao, axe
[18/09/2013 15:44:04] /addskill repicao, axe
[18/09/2013 15:44:04] /addskill repicao, axe
[18/09/2013 15:44:05] /addskill repicao, axe
[18/09/2013 15:44:05] /addskill repicao, axe
[18/09/2013 15:44:06] /addskill repicao, axe
[18/09/2013 15:44:06] /addskill repicao, axe
[18/09/2013 15:44:07] /addskill repicao, axe
[18/09/2013 15:44:07] /addskill repicao, axe
[18/09/2013 15:44:08] /addskill repicao, axe
[18/09/2013 15:44:08] /addskill repicao, axe
[18/09/2013 15:44:09] /addskill repicao, axe
[18/09/2013 15:44:09] /addskill repicao, axe
[18/09/2013 15:44:10] /addskill repicao, axe
[18/09/2013 15:44:11] /addskill repicao, axe
[18/09/2013 15:44:11] /addskill repicao, axe
[18/09/2013 15:44:12] /addskill repicao, axe
[18/09/2013 15:44:12] /addskill repicao, axe
[18/09/2013 15:44:13] /addskill repicao, axe
[18/09/2013 15:44:16] /addskill repicao, axe
[18/09/2013 15:44:16] /addskill repicao, axe
[18/09/2013 15:44:19] /addskill repicao, axe
[18/09/2013 15:44:20] /addskill repicao, axe
[18/09/2013 15:44:31] /addskill to namorando, distance
[18/09/2013 15:44:31] /addskill to namorando, distance
[18/09/2013 15:44:32] /addskill to namorando, distance
[18/09/2013 15:44:32] /addskill to namorando, distance
[18/09/2013 15:44:32] /addskill to namorando, distance
[18/09/2013 15:44:33] /addskill to namorando, distance
[18/09/2013 15:44:45] /addskill to namorando, distance
[18/09/2013 15:44:45] /addskill to namorando, distance
[18/09/2013 15:44:45] /addskill to namorando, distance
[18/09/2013 15:44:46] /addskill to namorando, distance
[18/09/2013 15:44:46] /addskill to namorando, distance
[18/09/2013 15:44:46] /addskill to namorando, distance
[18/09/2013 15:44:46] /addskill to namorando, distance
[18/09/2013 15:44:47] /addskill to namorando, distance
[18/09/2013 15:44:47] /addskill to namorando, distance
[18/09/2013 15:44:47] /addskill to namorando, distance
[18/09/2013 15:44:47] /addskill to namorando, distance
[18/09/2013 15:44:47] /addskill to namorando, distance
[18/09/2013 15:44:48] /addskill to namorando, distance
[18/09/2013 15:44:48] /addskill to namorando, distance
[18/09/2013 15:44:48] /addskill to namorando, distance
[18/09/2013 15:44:48] /addskill to namorando, distance
[18/09/2013 15:44:49] /addskill to namorando, distance
[18/09/2013 15:44:49] /addskill to namorando, distance
[18/09/2013 15:44:49] /addskill to namorando, distance
[18/09/2013 15:44:49] /addskill to namorando, distance
[18/09/2013 15:44:49] /addskill to namorando, distance
[18/09/2013 15:44:50] /addskill to namorando, distance
[18/09/2013 15:44:50] /addskill to namorando, distance
[18/09/2013 15:44:50] /addskill to namorando, distance
[18/09/2013 15:44:50] /addskill to namorando, distance
[18/09/2013 15:44:50] /addskill to namorando, distance
[18/09/2013 15:44:50] /addskill to namorando, distance
[18/09/2013 15:44:51] /addskill to namorando, distance
[18/09/2013 15:44:51] /addskill to namorando, distance
[18/09/2013 15:44:51] /addskill to namorando, distance
[18/09/2013 15:44:51] /addskill to namorando, distance
[18/09/2013 15:44:51] /addskill to namorando, distance
[18/09/2013 15:44:52] /addskill to namorando, distance
[18/09/2013 15:44:52] /addskill to namorando, distance
[18/09/2013 15:44:52] /addskill to namorando, distance
[18/09/2013 15:44:52] /addskill to namorando, distance
[18/09/2013 15:44:52] /addskill to namorando, distance
[18/09/2013 15:44:53] /addskill to namorando, distance
[18/09/2013 15:44:53] /addskill to namorando, distance
[18/09/2013 15:44:53] /addskill to namorando, distance
[18/09/2013 15:44:53] /addskill to namorando, distance
[18/09/2013 15:44:53] /addskill to namorando, distance
[18/09/2013 15:44:54] /addskill to namorando, distance
[18/09/2013 15:44:54] /addskill to namorando, distance
[18/09/2013 15:45:10] /addskill to namorando, distance
[18/09/2013 15:45:17] /addskill to nickiss, sword
[18/09/2013 15:45:19] /addskill to nickiss, sword
[18/09/2013 15:45:19] /addskill to nickiss, sword
[18/09/2013 15:45:29] /addskill to nickiss, sword
[18/09/2013 15:45:30] /addskill to nickiss, sword
[18/09/2013 15:45:30] /addskill to nickiss, sword
[18/09/2013 15:45:30] /addskill to nickiss, sword
[18/09/2013 15:45:31] /addskill to nickiss, sword
[18/09/2013 15:45:31] /addskill to nickiss, sword
[18/09/2013 15:45:31] /addskill to nickiss, sword
[18/09/2013 15:45:32] /addskill to nickiss, sword
[18/09/2013 15:45:32] /addskill to nickiss, sword
[18/09/2013 15:45:32] /addskill to nickiss, sword
[18/09/2013 15:45:32] /addskill to nickiss, sword
[18/09/2013 15:45:33] /addskill to nickiss, sword
[18/09/2013 15:45:33] /addskill to nickiss, sword
[18/09/2013 15:45:33] /addskill to nickiss, sword
[18/09/2013 15:45:51] /addskill nickiss, sword
[18/09/2013 15:45:51] /addskill nickiss, sword
[18/09/2013 15:45:51] /addskill nickiss, sword
[18/09/2013 15:45:51] /addskill nickiss, sword
[18/09/2013 15:45:52] /addskill nickiss, sword
[18/09/2013 15:45:52] /addskill nickiss, sword
[18/09/2013 15:45:52] /addskill nickiss, sword
[18/09/2013 15:45:52] /addskill nickiss, sword
[18/09/2013 15:45:52] /addskill nickiss, sword
[18/09/2013 15:45:53] /addskill nickiss, sword
[18/09/2013 15:45:53] /addskill nickiss, sword
[18/09/2013 15:45:53] /addskill nickiss, sword
[18/09/2013 15:45:53] /addskill nickiss, sword
[18/09/2013 15:45:53] /addskill nickiss, sword
[18/09/2013 15:45:53] /addskill nickiss, sword
[18/09/2013 15:45:53] /addskill nickiss, sword
[18/09/2013 15:45:53] /addskill nickiss, sword
[18/09/2013 15:45:54] /addskill nickiss, sword
[18/09/2013 15:45:54] /addskill nickiss, sword
[18/09/2013 15:45:54] /addskill nickiss, sword
[18/09/2013 15:45:54] /addskill nickiss, sword
[18/09/2013 15:45:54] /addskill nickiss, sword
[18/09/2013 15:45:55] /addskill nickiss, sword
[18/09/2013 15:45:55] /addskill nickiss, sword
[18/09/2013 15:45:55] /addskill nickiss, sword
[18/09/2013 15:45:55] /addskill nickiss, sword
[18/09/2013 15:46:00] /a 50
[18/09/2013 15:46:08] /addskill repicao, axe
[18/09/2013 15:46:09] /addskill repicao, axe
[18/09/2013 15:46:09] /addskill repicao, axe
[18/09/2013 15:46:09] /addskill repicao, axe
[18/09/2013 15:46:10] /addskill repicao, axe
[18/09/2013 15:46:10] /addskill repicao, axe
[18/09/2013 15:46:10] /addskill repicao, axe
[18/09/2013 15:46:11] /addskill repicao, axe
[18/09/2013 15:46:11] /addskill repicao, axe
[18/09/2013 15:46:12] /addskill repicao, axe
[18/09/2013 15:46:12] /addskill repicao, axe
[18/09/2013 15:46:12] /addskill repicao, axe
[18/09/2013 15:46:13] /addskill repicao, axe
[18/09/2013 15:46:13] /addskill repicao, axe
[18/09/2013 15:46:14] /addskill repicao, axe
[18/09/2013 15:46:14] /t
[18/09/2013 15:55:24] /addskill nickiss, magic
[18/09/2013 15:55:25] /addskill nickiss, magic
[18/09/2013 15:55:27] /addskill nickiss, magic
[18/09/2013 15:55:27] /addskill nickiss, magic
[18/09/2013 15:55:28] /addskill nickiss, magic
[18/09/2013 15:55:28] /addskill nickiss, magic
[18/09/2013 15:55:28] /addskill nickiss, magic
[18/09/2013 15:55:29] /addskill nickiss, magic
[18/09/2013 15:55:29] /addskill nickiss, magic
[18/09/2013 15:55:34] /addskill nickiss, distance
[18/09/2013 15:55:34] /addskill nickiss, distance
[18/09/2013 15:55:35] /addskill nickiss, distance
[18/09/2013 15:55:35] /addskill nickiss, distance
[18/09/2013 15:55:35] /addskill nickiss, distance
[18/09/2013 15:55:36] /addskill nickiss, distance
[18/09/2013 15:55:36] /addskill nickiss, distance
[18/09/2013 15:55:37] /addskill nickiss, distance
[18/09/2013 15:55:46] /addskill nickiss, distance
[18/09/2013 15:55:46] /addskill nickiss, distance
[18/09/2013 15:55:46] /addskill nickiss, distance
[18/09/2013 15:55:46] /addskill nickiss, distance
[18/09/2013 15:55:46] /addskill nickiss, distance
[18/09/2013 15:55:46] /addskill nickiss, distance
[18/09/2013 15:55:46] /addskill nickiss, distance
[18/09/2013 15:55:47] /addskill nickiss, distance
[18/09/2013 15:55:47] /addskill nickiss, distance
[18/09/2013 15:55:47] /addskill nickiss, distance
[18/09/2013 15:55:47] /addskill nickiss, distance
[18/09/2013 15:55:47] /addskill nickiss, distance
[18/09/2013 15:55:47] /addskill nickiss, distance
[18/09/2013 15:55:47] /addskill nickiss, distance
[18/09/2013 15:55:47] /addskill nickiss, distance
[18/09/2013 15:55:48] /addskill nickiss, distance
[18/09/2013 15:55:48] /addskill nickiss, distance
[18/09/2013 15:55:48] /addskill nickiss, distance
[18/09/2013 15:55:48] /addskill nickiss, distance
[18/09/2013 15:55:48] /addskill nickiss, distance
[18/09/2013 15:55:48] /addskill nickiss, distance
[18/09/2013 15:55:48] /addskill nickiss, distance
[18/09/2013 15:55:49] /addskill nickiss, distance
[18/09/2013 15:55:49] /addskill nickiss, distance
[18/09/2013 15:55:49] /addskill nickiss, distance
[18/09/2013 15:55:49] /addskill nickiss, distance
[18/09/2013 15:55:49] /addskill nickiss, distance
[18/09/2013 15:55:49] /addskill nickiss, distance
[18/09/2013 15:55:49] /addskill nickiss, distance
[18/09/2013 15:55:50] /addskill nickiss, distance
[18/09/2013 15:55:51] /addskill nickiss, distance
[18/09/2013 15:55:52] /addskill nickiss, distance
[18/09/2013 15:55:52] /addskill nickiss, distance
[18/09/2013 15:55:52] /addskill nickiss, distance
[18/09/2013 15:55:52] /addskill nickiss, distance
[18/09/2013 15:55:52] /addskill nickiss, distance
[18/09/2013 15:55:53] /addskill nickiss, distance
[18/09/2013 15:55:53] /addskill nickiss, distance
[18/09/2013 15:55:53] /addskill nickiss, distance
[18/09/2013 15:55:53] /addskill nickiss, distance
[18/09/2013 15:55:53] /addskill nickiss, distance
[18/09/2013 15:55:53] /addskill nickiss, distance
[18/09/2013 15:55:54] /addskill nickiss, distance
[18/09/2013 15:55:54] /addskill nickiss, distance
[18/09/2013 15:55:54] /addskill nickiss, distance
[18/09/2013 15:55:58] /a 20
[18/09/2013 15:56:04] /addskill repicao, distance
[18/09/2013 15:56:04] /addskill repicao, distance
[18/09/2013 15:56:05] /addskill repicao, distance
[18/09/2013 15:56:05] /addskill repicao, distance
[18/09/2013 15:56:05] /addskill repicao, distance
[18/09/2013 15:56:06] /addskill repicao, distance
[18/09/2013 15:56:06] /addskill repicao, distance
[18/09/2013 15:56:06] /addskill repicao, distance
[18/09/2013 15:56:07] /addskill repicao, distance
[18/09/2013 15:56:07] /addskill repicao, distance
[18/09/2013 15:56:08] /addskill repicao, distance
[18/09/2013 15:56:08] /addskill repicao, distance
[18/09/2013 15:56:09] /t
[18/09/2013 15:56:10] /down
[18/09/2013 15:56:57] /r
[18/09/2013 15:57:00] /r
[18/09/2013 15:57:00] /r
[18/09/2013 15:57:00] /r
[18/09/2013 15:57:01] /r
[18/09/2013 15:57:01] /r
[18/09/2013 15:57:01] /r
[18/09/2013 15:57:02] /r
[18/09/2013 15:57:02] /r
[18/09/2013 15:57:03] /r
[18/09/2013 15:57:03] /r
[18/09/2013 15:57:04] /r
[18/09/2013 15:57:04] /r
[18/09/2013 15:57:04] /r
[18/09/2013 15:57:05] /r
[18/09/2013 15:57:05] /r
[18/09/2013 15:57:06] /r
[18/09/2013 15:57:06] /r
[18/09/2013 15:57:07] /r
[18/09/2013 15:57:07] /r
[18/09/2013 15:57:08] /r
[18/09/2013 15:57:08] /r
[18/09/2013 15:57:22] /i big shuriken
[18/09/2013 15:57:22] /i big shuriken
[18/09/2013 15:57:23] /i big shuriken
[18/09/2013 15:57:23] /i big shuriken
[18/09/2013 15:57:23] /i big shuriken
[18/09/2013 15:57:24] /i big shuriken
[18/09/2013 15:57:26] /i big shuriken
[18/09/2013 15:57:26] /i big shuriken
[18/09/2013 15:57:27] /i big shuriken
[18/09/2013 15:57:27] /i big shuriken
[18/09/2013 15:57:38] /i backpack
[18/09/2013 15:57:47] /i big shuriken
[18/09/2013 15:57:48] /i big shuriken
[18/09/2013 15:57:48] /i big shuriken
[18/09/2013 15:57:48] /i big shuriken
[18/09/2013 15:57:49] /i big shuriken
[18/09/2013 15:57:49] /i big shuriken
[18/09/2013 15:57:49] /i big shuriken
[18/09/2013 15:58:03] /i backpack
[18/09/2013 15:58:12] /i big shuriken
[18/09/2013 15:58:12] /i big shuriken
[18/09/2013 15:58:13] /i big shuriken
[18/09/2013 15:58:13] /i big shuriken
[18/09/2013 15:58:14] /i big shuriken
[18/09/2013 15:58:14] /i big shuriken
[18/09/2013 15:58:16] /i big shuriken
[18/09/2013 15:58:16] /i big shuriken
[18/09/2013 15:58:17] /i big shuriken
[18/09/2013 15:58:17] /i big shuriken
[18/09/2013 15:58:18] /i big shuriken
[18/09/2013 15:58:18] /i big shuriken
[18/09/2013 15:58:19] /i big shuriken
[18/09/2013 15:58:19] /i big shuriken
[18/09/2013 15:58:20] /i big shuriken
[18/09/2013 15:58:20] /i big shuriken
[18/09/2013 15:58:20] /i big shuriken
[18/09/2013 15:58:21] /i big shuriken
[18/09/2013 15:58:21] /i big shuriken
[18/09/2013 15:58:22] /i big shuriken
[18/09/2013 15:58:22] /i big shuriken
[18/09/2013 15:58:22] /i big shuriken
[18/09/2013 15:58:23] /i big shuriken
[18/09/2013 15:58:23] /i big shuriken
[18/09/2013 15:58:24] /i big shuriken
[18/09/2013 15:58:24] /i big shuriken
[18/09/2013 16:11:57] /addskill to namorando, level, 420
