[01/02/2012 23:07:32] /m full power
[01/02/2012 23:08:00] /goto unknow
[01/02/2012 23:11:38] /newtype 200
[01/02/2012 23:11:48] /newtype 160
[01/02/2012 23:11:52] /newtype 159
[01/02/2012 23:11:55] /newtype 158
[01/02/2012 23:11:57] /newtype 75
[01/02/2012 23:12:34] /newtype 2
[01/02/2012 23:13:04] /newtype 3
[01/02/2012 23:13:07] /newtype 4
[01/02/2012 23:13:17] /newtype 5
[01/02/2012 23:13:19] /newtype 6
[01/02/2012 23:13:22] /newtype 7
[01/02/2012 23:13:23] /newtype 8
[01/02/2012 23:13:25] /newtype 9
[01/02/2012 23:13:27] /newtype 10
[01/02/2012 23:13:29] /newtype 11
[01/02/2012 23:13:30] /newtype 12
[01/02/2012 23:13:32] /newtype 13
[01/02/2012 23:13:33] /newtype 14
[01/02/2012 23:13:35] /newtype 15
[01/02/2012 23:13:55] /newtype 16
[01/02/2012 23:13:57] /newtype 17
[01/02/2012 23:13:58] /newtype 18
[01/02/2012 23:14:00] /newtype 19
[01/02/2012 23:14:01] /newtype 20
[01/02/2012 23:14:04] /newtype 21
[01/02/2012 23:14:08] /newtype 22
[01/02/2012 23:14:10] /newtype 23
[01/02/2012 23:14:12] /newtype 24
[01/02/2012 23:14:13] /newtype 25
[01/02/2012 23:15:26] /newtype 35
[01/02/2012 23:15:28] /newtype 36
[01/02/2012 23:15:30] /newtype 37
[01/02/2012 23:16:11] /newtype 36
[01/02/2012 23:16:23] /newtype 37
[01/02/2012 23:16:25] /newtype 38
[01/02/2012 23:16:27] /newtype 39
[01/02/2012 23:16:46] /newtype 40
[01/02/2012 23:16:48] /newtype 41
[01/02/2012 23:16:49] /newtype 42
[01/02/2012 23:16:52] /newtype 43
[01/02/2012 23:16:58] /newtype 434
[01/02/2012 23:17:01] /newtype 44
[01/02/2012 23:17:06] /newtype 45
[01/02/2012 23:17:09] /newtype 44
[01/02/2012 23:17:15] /goto [adm] chapadio
[01/02/2012 23:17:16] /goto [adm] chapado
[01/02/2012 23:17:32] /newtype 46
[01/02/2012 23:17:34] /newtype 47
[01/02/2012 23:17:35] /newtype 48
[01/02/2012 23:17:37] /newtype 49
[01/02/2012 23:17:39] /newtype 50
[01/02/2012 23:17:41] /newtype 51
[01/02/2012 23:18:21] /newtype 52
[01/02/2012 23:18:23] /newtype 53
[01/02/2012 23:18:26] /newtype 54
[01/02/2012 23:18:28] /newtype 55
[01/02/2012 23:18:29] /newtype 56
[01/02/2012 23:18:31] /newtype 57
[01/02/2012 23:18:44] /newtype 58
[01/02/2012 23:18:49] /newtype 59
[01/02/2012 23:18:52] /newtype 60
[01/02/2012 23:18:55] /newtype 61
[01/02/2012 23:19:09] /newtype 62
[01/02/2012 23:19:36] /newtype 63
[01/02/2012 23:19:38] /newtype 64
[01/02/2012 23:19:40] /newtype 65
[01/02/2012 23:19:42] /newtype 66
[01/02/2012 23:19:44] /newtype 67
[01/02/2012 23:19:45] /newtype 68
[01/02/2012 23:19:47] /newtype 69
[01/02/2012 23:19:52] /newtype 70
[01/02/2012 23:19:55] /newtype 71
[01/02/2012 23:19:57] /newtype 72
[01/02/2012 23:20:01] /newtype 73
[01/02/2012 23:20:11] /newtype 74
[01/02/2012 23:20:13] /newtype 75
[01/02/2012 23:20:14] /newtype 76
[01/02/2012 23:20:47] /newtype 77
[01/02/2012 23:20:49] /newtype 78
[01/02/2012 23:20:51] /newtype 79
[01/02/2012 23:20:55] /newtype 80
[01/02/2012 23:20:57] /newtype 81
[01/02/2012 23:21:00] /newtype 130
[01/02/2012 23:21:33] /newtype 131
[01/02/2012 23:22:14] /newtype 132
[01/02/2012 23:22:16] /newtype 133
[01/02/2012 23:22:18] /newtype 134
[01/02/2012 23:22:30] /newtype 135
[01/02/2012 23:22:35] /newtype 136
[01/02/2012 23:22:38] /newtype 137
[01/02/2012 23:22:43] /newtype 138
[01/02/2012 23:22:44] /newtype 139
[01/02/2012 23:22:49] /newtype 140
[01/02/2012 23:23:28] /newtype 141
[01/02/2012 23:23:31] /newtype 142
[01/02/2012 23:23:33] /newtype 143
[01/02/2012 23:23:37] /newtype 144
[01/02/2012 23:23:38] /newtype 145
[01/02/2012 23:23:41] /newtype 146
[01/02/2012 23:23:48] /goto [adm] chapado
[01/02/2012 23:24:09] /newtype 147
[01/02/2012 23:24:12] /newtype 148
[01/02/2012 23:24:16] /newtype 149
[01/02/2012 23:24:26] /newtype 150
[01/02/2012 23:24:36] /newtype 151
[01/02/2012 23:24:42] /newtype 152
[01/02/2012 23:24:49] /newtype 153
[01/02/2012 23:24:51] /newtype 154
[01/02/2012 23:24:55] /newtype 155
[01/02/2012 23:25:03] /goto adm rokage
[01/02/2012 23:25:23] /newtype 157
[01/02/2012 23:25:46] /m sasuke boss
[01/02/2012 23:26:23] /newtype 158
[01/02/2012 23:26:26] /newtype 159
[01/02/2012 23:26:29] /newtype 160
[01/02/2012 23:26:31] /newtype 161
[01/02/2012 23:26:34] /newtype 76
[01/02/2012 23:27:52] /b :o
[01/02/2012 23:28:05] /i raikage gloves
[01/02/2012 23:30:12] /m sasuke boss
[01/02/2012 23:31:07] /m black snake
[01/02/2012 23:31:15] /m kyuubi
[01/02/2012 23:32:14] /a
[01/02/2012 23:32:37] /a
[01/02/2012 23:32:39] /a
[01/02/2012 23:32:39] /a
[01/02/2012 23:32:40] /a
[01/02/2012 23:32:43] /a
[01/02/2012 23:32:43] /a
[01/02/2012 23:32:44] /a
[01/02/2012 23:32:44] /a
[01/02/2012 23:32:47] /a
[01/02/2012 23:32:55] /a
[01/02/2012 23:40:14] /goto adm rokage
