[26/04/2012 18:00:44] /m
[26/04/2012 18:00:47] /m itachi
[26/04/2012 18:00:52] /m yondaime
[26/04/2012 18:01:03] /i 2532
[26/04/2012 18:01:44] /i 2160
[26/04/2012 18:02:10] /i 2129
[26/04/2012 20:05:13] /m madara
[26/04/2012 20:05:19] /m pain
[26/04/2012 20:05:28] /m pain boss
[26/04/2012 20:06:46] /i 2429
[26/04/2012 20:06:57] /i 2129
[26/04/2012 20:10:03] /m kisame boss
[26/04/2012 20:13:23] /attr group 4 naruto uzumaki
[26/04/2012 20:14:30] /attr group 4 naruto uzumaki
[26/04/2012 20:14:45] /attr group 4 naruto uzumaki
[26/04/2012 20:19:07] /i
[26/04/2012 20:19:10] /t
[26/04/2012 20:19:11] /r
[26/04/2012 20:19:13] /r
[26/04/2012 20:19:50] /ghost
[26/04/2012 20:19:56] /ghost
[26/04/2012 20:20:35] /attr vocation 25 Tobiii
[26/04/2012 20:30:24] /m yondaime
[26/04/2012 20:30:37] /m konan boss
[26/04/2012 20:30:45] /m pain boss
[26/04/2012 20:30:52] /m kisame boss
[26/04/2012 20:30:57] /m sasori boss
[26/04/2012 20:31:09] /m deidara boss
[26/04/2012 20:31:17] /m kakuzu boss
[26/04/2012 20:31:26] /m hidan boss
[26/04/2012 20:31:35] /m hidam boss
[26/04/2012 20:31:39] /m hidan boss
[26/04/2012 20:31:52] /m tobi boss
[26/04/2012 20:31:56] /m sasuke boss
[26/04/2012 20:32:02] /m kakashi boss
[26/04/2012 20:32:14] /m orochimaru boss
[26/04/2012 20:32:26] /m kabuto boss
[26/04/2012 20:32:34] /m itachi boss
[26/04/2012 20:32:52] /m gaara boss
[26/04/2012 20:32:59] /m shukaku
[26/04/2012 20:42:32] /attr group 4 Oni Oni
[26/04/2012 20:43:04] /attr group 7 Oni Oni
[26/04/2012 20:43:51] /attr group 7 Oni Oni
[26/04/2012 20:44:23] /attr group 7 oni oni
[26/04/2012 20:44:30] /attr group 7 oni oni
[26/04/2012 20:44:34] /attr group 7 oni oni
[26/04/2012 20:44:42] /attr group 6 oni oni
[26/04/2012 21:07:15] /m kyuuby
[26/04/2012 21:07:20] /m kyuubi
[26/04/2012 21:16:44] /attr group 6 Gabi Batistha
[26/04/2012 21:17:01] /attr group 6 Gabi Batistha
[26/04/2012 21:21:44] /m hachibi
[26/04/2012 21:21:53] /m nibi
[26/04/2012 21:22:00] /m nibi
[26/04/2012 21:22:05] /m sasuke boss
[26/04/2012 21:23:37] /attr group 6 japa
[26/04/2012 21:23:47] /attr group 6 japa
[26/04/2012 21:24:01] /a
[26/04/2012 21:24:04] /a
[26/04/2012 21:31:26] /m konan boss
[26/04/2012 21:32:43] /m sasori boss
[26/04/2012 21:37:46] /a 3
[26/04/2012 21:37:57] /a 20
[26/04/2012 21:38:02] /c oni oni
[26/04/2012 21:39:26] /c oni oni
[26/04/2012 21:44:48] /b willian da lvl 250 pra mim manuuuuuuuuuuuuuu
[26/04/2012 21:51:53] /m itachi boss
[26/04/2012 21:52:21] /m sasori boss
[26/04/2012 21:52:54] /m kisame boss
[26/04/2012 21:53:30] /n itachi gloves
[26/04/2012 22:04:48] /a
[26/04/2012 22:04:52] /a
[26/04/2012 22:04:58] /a
[26/04/2012 22:04:59] /a
[26/04/2012 22:04:59] /a
[26/04/2012 22:05:03] /a
[26/04/2012 22:05:03] /a
[26/04/2012 22:05:04] /a
[26/04/2012 22:13:09] /m konan boss
