[28/10/2012 17:36:18] /b iai galera
[28/10/2012 17:36:37] /b novo tutor aqui vou esclarecer suas duvidas
[28/10/2012 17:36:48] /b vai ter evento pvp
[28/10/2012 17:37:28] /b creio que vai ser hj o evento pvp
[28/10/2012 17:37:50] /b Oq eu falei :)
[28/10/2012 17:40:13] /b afk ja volto vo participa do evento :D
[28/10/2012 17:40:23] /b afk aki
[28/10/2012 18:17:46] /b iai galera suave voltei para alegria de todos
[28/10/2012 18:31:08] /b miojoo uchiha podem matar hunted do tutor :D
[28/10/2012 18:56:48] /b galera vou pra festa do niver do adm
[28/10/2012 18:56:54] /b amanha eu volto
[28/10/2012 21:07:22] /b Boa noite galera
[28/10/2012 21:18:52] /b duvidas
[28/10/2012 21:19:02] /b estou no help
[28/10/2012 21:45:20] /b blue Iai galera
[28/10/2012 21:45:28] /b puts nao fico azul
[09/11/2012 14:51:41] /b iai galera gostaram da invasao rapidinha que teve
[09/11/2012 15:05:17] /b Bom dia
[09/11/2012 15:08:41] /b vo fica off
[09/11/2012 15:08:48] /b dois segundos
[09/11/2012 15:15:14] /b vou sair galera afk
[09/11/2012 18:29:49] /b saiam todos do dp
[09/11/2012 18:29:56] /b agr
