[27/10/2013 16:56:41] /b fala ae galera
[27/10/2013 16:56:50] /b duvidas help
[27/10/2013 16:57:42] /b sem pms
[27/10/2013 17:10:10] /b no map do site esta todas hunts e boss olhem la
[27/10/2013 17:14:59] /b galera vo toma banho qtalvez bate um soqete(ZOA) jaja to devolta
[28/10/2013 12:31:35] /b Eae Galera
[28/10/2013 12:33:42] /b Duvidas Help
[28/10/2013 12:38:02] /b Cade O Movimento no Help?
[28/10/2013 13:01:50] /b sem pms
[28/10/2013 13:09:13] /baninfo
[28/10/2013 13:09:30] /pos
[28/10/2013 19:13:52] /b Eaws Galera
[28/10/2013 19:14:00] /b Duvidas Help
[28/10/2013 19:17:20] /b O qe Acharam da Nova Konoha?
[28/10/2013 19:17:53] /b Sem Pms
[28/10/2013 19:43:38] /b Sem Pms
[28/10/2013 19:48:27] /b Espera Tem Nego Ainda Pra Vir
[28/10/2013 19:48:28] /b Espera Tem Nego Ainda Pra Vir
[28/10/2013 19:48:29] /b Espera Tem Nego Ainda Pra Vir
[28/10/2013 19:48:29] /b Espera Tem Nego Ainda Pra Vir
[28/10/2013 19:48:30] /b Espera Tem Nego Ainda Pra Vir
[28/10/2013 19:48:30] /b Espera Tem Nego Ainda Pra Vir
[28/10/2013 19:59:23] /b morri AHUSHAUSHAUHSUA
[28/10/2013 20:11:00] /b Duvidas Help
[28/10/2013 20:30:13] /b help ta sem movimento qe tedio
[28/10/2013 20:36:11] /b mario ja vi uns 2
[28/10/2013 20:37:28] /b nao lembro nick se nao te passava
[28/10/2013 20:39:07] /b kakashi e temari rushando um bee aqi HAUSHUAHSUAHSU
[29/10/2013 16:15:28] /b Eaws Galera Duvidas Help
[29/10/2013 16:16:24] /b 16:15 Infinity Lizard [304]: VC E MUITO SEXY 16:15 Infinity Lizard [304]: S2
[29/10/2013 16:16:27] /b HAUHSUAHSUAHSUA
[29/10/2013 16:37:35] /b ja volto
[29/10/2013 17:01:43] /b voltei amores
[29/10/2013 17:02:18] /b sem pms
[29/10/2013 17:11:59] /b vo dar mais um saida dps volto flws
[30/10/2013 12:30:48] /b Eaws Galera Duvidas Help
[30/10/2013 12:31:29] /b Sem Pms
[30/10/2013 17:49:38] /b Fala Ai Galera Duvidas Help
[30/10/2013 17:50:54] /b Um Bj na Bunda Do Infinity Lizard Minha Putinha
[30/10/2013 18:12:10] /b Qe Negada Pk Eim :D
[30/10/2013 18:14:29] /b Sem Pms
[30/10/2013 20:22:03] /b Eaws Galera Tudo + ou - ?
[30/10/2013 20:23:13] /b Sem Pms
[30/10/2013 20:26:16] /b Sem Pms
[30/10/2013 20:27:15] /b Ja Pedi Sem Pms
[01/11/2013 14:02:07] /b Eae Galera
[01/11/2013 14:02:51] /b Duvidas Help
[01/11/2013 14:24:13] /b niii ta ae?
[03/11/2013 11:25:12] /b Eaws Galera Duvidas Help
[03/11/2013 11:30:24] /b Eaws Nii
[03/11/2013 11:35:59] /b Vo ter qe sair aqi mais dps volto flws galera
[03/11/2013 14:23:11] /b Eaws Gente do Mal
[03/11/2013 14:23:30] /b Infinity e Gay
[03/11/2013 14:26:50] /b 14:40 Guhleo [285]: sou gay msm e dai?
[03/11/2013 14:26:54] /b HAUSHAUHSUAHSUA
[15/11/2013 20:55:08] /b fala ai galera voltei
[29/11/2013 19:12:02] /b Nii Ta Ai Preciso Flalar Com Vc Urgente
