[16/04/2012 21:50:11] /r 100000000000000000000
[16/04/2012 21:51:14] /a 1
[16/04/2012 21:52:19] /a 1
[16/04/2012 21:52:19] /a 1
[16/04/2012 21:52:19] /a 1
[16/04/2012 21:52:19] /a 1
[16/04/2012 21:52:19] /a 1
[16/04/2012 21:52:21] /a 1
[16/04/2012 21:53:05] /a 1
[16/04/2012 21:53:20] /r 100000000000000000000
[16/04/2012 21:56:41] /r 100000000000000000000
[16/04/2012 21:57:03] /a 1
[16/04/2012 21:57:12] /b adm
[16/04/2012 21:57:17] /b adm
[16/04/2012 21:57:30] /b adm
[16/04/2012 21:57:32] /a 1
[16/04/2012 21:57:33] /a 1
[16/04/2012 21:57:45] /b ADMMMMMMMMMMM 
[16/04/2012 21:57:46] /a 1
[16/04/2012 21:57:46] /a 1
[16/04/2012 21:57:47] /a 1
[16/04/2012 21:57:47] /r 100000000000000000000
[16/04/2012 21:57:47] /r 100000000000000000000
[16/04/2012 21:57:50] /a 1
[16/04/2012 21:57:50] /a 1
[16/04/2012 21:57:50] /a 1
[16/04/2012 21:57:50] /a 1
[16/04/2012 21:57:50] /a 1
[16/04/2012 21:57:50] /a 1
[16/04/2012 21:57:51] /a 1
[16/04/2012 21:57:51] /a 1
[16/04/2012 21:57:51] /a 1
[16/04/2012 21:57:51] /a 1
[16/04/2012 21:57:51] /a 1
[16/04/2012 21:57:51] /a 1
[16/04/2012 21:57:51] /a 1
[16/04/2012 21:57:51] /a 1
[16/04/2012 21:57:51] /a 1
[16/04/2012 21:57:51] /a 1
[16/04/2012 21:57:51] /a 1
[16/04/2012 21:57:51] /a 1
[16/04/2012 21:57:51] /a 1
[16/04/2012 21:57:51] /a 1
[16/04/2012 21:57:51] /a 1
[16/04/2012 21:57:51] /a 1
[16/04/2012 21:57:51] /a 1
[16/04/2012 21:59:13] /r 100000000000000000000
[16/04/2012 21:59:13] /r 100000000000000000000
[16/04/2012 21:59:13] /r 100000000000000000000
[16/04/2012 21:59:14] /r 100000000000000000000
[16/04/2012 21:59:14] /r 100000000000000000000
[16/04/2012 21:59:14] /r 100000000000000000000
[16/04/2012 21:59:16] /r 100000000000000000000
[16/04/2012 21:59:18] /r 100000000000000000000
[16/04/2012 21:59:18] /r 100000000000000000000
[16/04/2012 21:59:19] /r 100000000000000000000
[16/04/2012 21:59:19] /r 100000000000000000000
[16/04/2012 21:59:46] /a 1
[16/04/2012 21:59:46] /a 1
[16/04/2012 21:59:47] /a 1
[16/04/2012 21:59:51] /r 100000000000000000000
[16/04/2012 22:00:02] /b adm
[16/04/2012 22:00:04] /b adm
[16/04/2012 22:00:06] /b adm
[16/04/2012 22:00:13] /t
[16/04/2012 22:00:26] /a 1
[16/04/2012 22:00:27] /a 1
[16/04/2012 22:00:27] /a 1
[16/04/2012 22:00:27] /a 1
[16/04/2012 22:00:27] /a 1
[16/04/2012 22:00:27] /a 1
[16/04/2012 22:00:27] /a 1
[16/04/2012 22:00:27] /a 1
[16/04/2012 22:00:27] /a 1
[16/04/2012 22:00:27] /a 1
[16/04/2012 22:00:27] /a 1
[16/04/2012 22:00:27] /a 1
[16/04/2012 22:00:27] /a 1
[16/04/2012 22:00:27] /a 1
[16/04/2012 22:00:27] /a 1
[16/04/2012 22:00:27] /a 1
[16/04/2012 22:00:27] /a 1
[16/04/2012 22:00:27] /a 1
[16/04/2012 22:00:27] /a 1
[16/04/2012 22:00:27] /a 1
[16/04/2012 22:00:27] /a 1
[16/04/2012 22:00:28] /a 1
[16/04/2012 22:00:28] /a 1
[16/04/2012 22:00:28] /a 1
[16/04/2012 22:00:28] /a 1
[16/04/2012 22:00:31] /a 1
[16/04/2012 22:00:31] /a 1
[16/04/2012 22:00:31] /a 1
[16/04/2012 22:00:31] /a 1
[16/04/2012 22:00:31] /a 1
[16/04/2012 22:00:31] /a 1
[16/04/2012 22:00:31] /a 1
[16/04/2012 22:00:31] /a 1
[16/04/2012 22:00:31] /a 1
[16/04/2012 22:00:31] /a 1
[16/04/2012 22:00:31] /a 1
[16/04/2012 22:00:31] /a 1
[16/04/2012 22:00:31] /a 1
[16/04/2012 22:00:31] /a 1
[16/04/2012 22:00:31] /a 1
[16/04/2012 22:00:31] /a 1
[16/04/2012 22:00:31] /a 1
[16/04/2012 22:00:31] /a 1
[16/04/2012 22:00:31] /a 1
[16/04/2012 22:00:32] /a 1
[16/04/2012 22:00:33] /a 1
[16/04/2012 22:00:33] /a 1
[16/04/2012 22:00:33] /a 1
[16/04/2012 22:00:33] /a 1
[16/04/2012 22:00:33] /a 1
[16/04/2012 22:00:33] /a 1
[16/04/2012 22:00:33] /a 1
[16/04/2012 22:00:33] /a 1
[16/04/2012 22:00:33] /a 1
[16/04/2012 22:00:33] /a 1
[16/04/2012 22:00:37] /a 1
[16/04/2012 22:00:37] /a 1
[16/04/2012 22:00:37] /a 1
[16/04/2012 22:00:38] /a 1
[16/04/2012 22:00:38] /a 1
[16/04/2012 22:01:05] /b oo eu si fazer tudo mas eu fico em ritadoe faso cagada
[16/04/2012 22:01:07] /b oo eu si fazer tudo mas eu fico em ritadoe faso cagada tu nao emtende eu
[16/04/2012 22:01:21] /b mas medehca de god se seu fazer uma merda tu me bane
[16/04/2012 22:01:32] /b mas medehca de god se seu fazer uma merda tu me bane                                                     OKKKKKKKKK
[16/04/2012 22:01:42] /b OKKKKKKK
[16/04/2012 22:01:47] /b OKKKKKKK
[16/04/2012 22:01:49] /b OKKKKKKK
[16/04/2012 22:01:59] /a 1
[16/04/2012 22:02:00] /r 100000000000000000000
