[18/09/2013 16:10:13] /addskill Nickiss,level 100
[18/09/2013 16:10:15] /addskill Nickiss,level 100
[18/09/2013 16:10:16] /addskill Nickiss,level 100
[18/09/2013 16:10:20] /addskill Nickiss,level 
[18/09/2013 16:10:27] /addskill Nickiss,level, 355
[18/09/2013 16:10:31] /addskill Nickiss,level, 40
[18/09/2013 16:10:36] /addskill Nickiss,level, 20
[18/09/2013 16:11:31] /attr group 6
[18/09/2013 16:11:32] /r
[18/09/2013 16:12:06] /attr group 1
[18/09/2013 16:12:07] /r
[18/09/2013 16:15:06] /addskill Nickiss,level,420
[18/09/2013 16:15:17] /attr skull 3
[18/09/2013 16:15:30] /attr skull 3
[18/09/2013 16:15:31] /attr skull 3
[18/09/2013 16:15:39] /attr skull 3
[18/09/2013 16:16:01] /attr life -99999
[18/09/2013 16:16:02] /attr life -99999
[18/09/2013 16:16:08] /attr set life -9999
[18/09/2013 16:16:09] /attr set life -9999
[18/09/2013 16:16:10] /attr set life -9999
[18/09/2013 16:16:18] /attr set health -8888
[18/09/2013 16:16:22] /attr set health -8888
[18/09/2013 16:16:31] /attr set health -8888
[18/09/2013 16:16:31] /attr set health -8888
[18/09/2013 16:16:44] /attr set health -909099999
[18/09/2013 16:16:49] /attr set health -909099999
[18/09/2013 16:16:49] /attr set health -909099999
[18/09/2013 16:16:50] /attr set health -909099999
[18/09/2013 16:16:51] /attr set health -909099999
[18/09/2013 16:16:52] /a 1
[18/09/2013 16:16:53] /attr set health -909099999
[18/09/2013 16:16:54] /attr set health -909099999
[18/09/2013 16:17:02] /attr set skull 3
[18/09/2013 16:17:04] /attr set skull 3
[18/09/2013 16:17:07] /a 2
[18/09/2013 16:17:09] /attr set skull 3
[18/09/2013 16:17:10] /attr set skull 3
[18/09/2013 16:32:55] /i newtype 25
[18/09/2013 16:33:00] /newtype 25
[18/09/2013 16:33:04] /newtype 26
[18/09/2013 16:33:06] /newtype 23
[18/09/2013 16:33:07] /newtype 22
[18/09/2013 16:33:08] /newtype 24
[18/09/2013 16:33:45] /a -1
[18/09/2013 16:33:47] /a -4
[18/09/2013 16:33:53] /a -4
[18/09/2013 16:33:55] /a -2
[18/09/2013 16:34:03] /a -2
[18/09/2013 16:34:03] /a -2
[18/09/2013 16:34:03] /a -2
[18/09/2013 16:34:04] /a -2
[18/09/2013 16:34:10] /a -2
[18/09/2013 16:34:11] /a -2
[18/09/2013 16:34:11] /a -2
[18/09/2013 16:34:11] /a -2
[18/09/2013 16:34:14] /s 1
[18/09/2013 16:34:16] /s 4
[22/09/2013 21:33:55] /a 2
[22/09/2013 21:33:56] /a 2
[22/09/2013 21:33:57] /a 2
[22/09/2013 21:33:59] /r
[22/09/2013 21:34:02] /r
[22/09/2013 21:35:09] /i raikage glove
[22/09/2013 21:38:31] /i enchanted glove
[22/09/2013 21:38:36] /i lee glove
[22/09/2013 21:39:59] /i gaara sand
[22/09/2013 21:40:21] /newtype 25
[22/09/2013 21:40:49] /newtype 26
[22/09/2013 21:40:53] /newtype 40
[22/09/2013 21:40:58] /newtype 70
[22/09/2013 21:41:01] /newtype 60
[22/09/2013 21:41:02] /newtype 62
[22/09/2013 21:41:03] /newtype 64
[22/09/2013 21:41:11] /newtype 100
[22/09/2013 21:41:14] /newtype 102
[22/09/2013 21:41:16] /newtype 100
[22/09/2013 21:41:17] /newtype 101
[22/09/2013 21:41:32] /newtype 108
[22/09/2013 21:41:38] /newtype 101
[22/09/2013 21:41:43] /i wafer
[22/09/2013 21:41:53] /i wafer extreme
[22/09/2013 21:42:02] /i sasuke sword
[22/09/2013 21:42:12] /i sword
[22/09/2013 21:42:23] /i katana
[22/09/2013 21:42:27] /i eletric katana
[22/09/2013 21:43:16] /i jounin glove
[22/09/2013 21:44:15] /i newtype 302
[22/09/2013 21:44:18] /i newtype 300
[22/09/2013 21:44:20] /i newtype 290
[22/09/2013 21:44:22] /i newtype 250
[22/09/2013 21:44:24] /i newtype 220
[22/09/2013 21:44:28] /i newtype 150
[22/09/2013 21:44:30] /i newtype 1560
[22/09/2013 21:44:32] /i newtype 160
[22/09/2013 21:44:33] /i newtype 161
[22/09/2013 21:44:35] /i newtype 1
[22/09/2013 21:44:37] /i newtype 5
[22/09/2013 21:44:39] /i newtype 8
[22/09/2013 21:44:41] /i newtype 102
[22/09/2013 21:44:46] /newtype 302
[22/09/2013 21:44:51] /newtype 306
[22/09/2013 21:44:54] /newtype 301
[22/09/2013 21:45:00] /newtype 250
[22/09/2013 21:45:07] /newtype 251
[22/09/2013 21:45:17] /newtype 252
[22/09/2013 21:45:19] /newtype 253
[22/09/2013 21:45:22] /newtype 254
[22/09/2013 21:45:31] /newtype 255
[22/09/2013 21:45:32] /newtype 257
[22/09/2013 21:45:34] /newtype 259
[22/09/2013 21:45:42] /i madara armor
[22/09/2013 21:45:48] /i yondaime tunic
[22/09/2013 21:45:52] /i yondaime armor
[22/09/2013 21:46:02] /i gaara coat
[22/09/2013 21:46:12] /i chackra armor
[22/09/2013 21:46:17] /i chacara armor
[22/09/2013 21:46:31] /i yondaime
[22/09/2013 21:46:47] /i chakra legs
[22/09/2013 21:46:57] /newtype 305
[22/09/2013 21:47:14] /newtype 307
[22/09/2013 21:47:17] /newtype 306
[22/09/2013 21:47:21] /newtype 370
[22/09/2013 21:47:27] /newtype 371
[22/09/2013 21:47:33] /newtype 372
[22/09/2013 21:47:34] /newtype 373
[22/09/2013 21:47:35] /newtype 375
[22/09/2013 21:47:37] /newtype 376
[22/09/2013 21:47:37] /newtype 378
[22/09/2013 21:47:39] /newtype 379
[22/09/2013 21:47:43] /newtype 390
[22/09/2013 21:47:48] /newtype 400
[22/09/2013 21:47:56] /newtype 402
[22/09/2013 21:47:57] /newtype 401
[22/09/2013 21:48:03] /newtype 300
[22/09/2013 21:48:04] /newtype 305
[22/09/2013 21:48:07] /newtype 3080
[22/09/2013 21:48:09] /newtype 360
[22/09/2013 21:48:18] /newtype 361
[22/09/2013 21:48:23] /newtype 32
[22/09/2013 21:48:25] /newtype 35
[22/09/2013 21:48:31] /newtype 350
[22/09/2013 21:48:34] /newtype 360
[22/09/2013 21:48:36] /newtype 363
[22/09/2013 21:48:37] /newtype 364
[22/09/2013 21:48:38] /newtype 365
[22/09/2013 21:48:39] /newtype 366
[22/09/2013 21:48:40] /newtype 368
[22/09/2013 21:48:47] /newtype 22
[22/09/2013 21:48:48] /newtype 21
[22/09/2013 21:48:50] /newtype 20
[22/09/2013 21:49:22] /a 4
[22/09/2013 21:49:23] /a 4
[22/09/2013 21:49:27] /a -2
[22/09/2013 21:49:30] /a 2
[22/09/2013 21:50:08] /a -2 -4
[22/09/2013 21:50:12] /a -2 
[22/09/2013 21:50:14] /a -2  2
[22/09/2013 21:50:46] /i sasuke legrobe
[22/09/2013 21:52:06] /i sennin legs
[22/09/2013 21:53:53] /i yondaime armor
[22/09/2013 21:53:56] /i yondaime tunic
[22/09/2013 21:55:16] /i kage boots
[22/09/2013 21:55:31] /i sennin boots
[22/09/2013 21:55:44] /i vital boots
[22/09/2013 21:55:54] /i speed boots
[22/09/2013 21:56:01] /i speed boots
[22/09/2013 21:56:02] /i vital boots
[22/09/2013 21:56:05] /i sennin boots
[22/09/2013 21:56:13] /i kage boots
[22/09/2013 21:59:44] /i hiruzen helmet
[22/09/2013 21:59:51] /i obito mask
[22/09/2013 21:59:55] /i obito helmet
[22/09/2013 22:00:05] /r
[22/09/2013 22:00:38] /i hokage helmet
[22/09/2013 22:00:43] /i hokage hat
[22/09/2013 22:00:53] /i false hokage hat
[22/09/2013 22:04:36] /i obito legs
[22/09/2013 22:04:41] /i obito tunic
[22/09/2013 22:04:45] /i kage boots
[22/09/2013 22:04:57] /i enchanted glove
[22/09/2013 22:05:03] /i encanted glove
[22/09/2013 22:05:11] /i enchant glove
[22/09/2013 22:05:50] /i enchanted glove
[22/09/2013 22:06:14] /i enchanted gloves
[22/09/2013 22:06:16] /i enchanted gloves
[22/09/2013 22:06:20] /i enchanted glove
[22/09/2013 22:06:28] /i enchanted 
[22/09/2013 22:07:47] /newtype 25
[22/09/2013 22:07:52] /newtype 20
[22/09/2013 22:08:11] /i dual slayers
[22/09/2013 22:08:13] /i dual slayers
[22/09/2013 22:08:22] /i zabuza sword
[22/09/2013 22:08:45] /i third scythe
[22/09/2013 22:08:54] /i sealed sword
[22/09/2013 22:10:10] /i sand shuriken
[22/09/2013 22:10:18] /i needle
[22/09/2013 22:10:26] /i shukaku spear
[22/09/2013 22:10:38] /i explosive paper
[22/09/2013 22:12:18] /down
[22/09/2013 22:12:19] /down
[22/09/2013 22:13:39] /i sennin boots
[22/09/2013 22:14:06] /a -2
[22/09/2013 22:14:18] /a 50
[22/09/2013 22:14:20] /a 50
[22/09/2013 22:14:22] /a 23
[22/09/2013 22:14:24] /a 23
[22/09/2013 22:14:25] /a 23
[22/09/2013 22:14:28] /a 23
[22/09/2013 22:14:29] /a 23
[22/09/2013 22:14:30] /a 23
[22/09/2013 22:15:01] /t
[22/09/2013 22:15:10] /m kakashi boss
[22/09/2013 22:15:22] /r
[22/09/2013 22:17:01] /i 30
[22/09/2013 22:17:06] /newtype 30
[22/09/2013 22:17:07] /newtype 32
[22/09/2013 22:17:08] /newtype 34
[22/09/2013 22:17:09] /newtype 36
[22/09/2013 22:17:10] /newtype 34
[22/09/2013 22:17:19] /newtype 37
[22/09/2013 22:17:20] /newtype 38
[22/09/2013 22:17:26] /newtype 39
[22/09/2013 22:17:28] /newtype 40
[22/09/2013 22:17:29] /newtype 44
[22/09/2013 22:17:36] /newtype 45
[22/09/2013 22:17:37] /newtype 46
[22/09/2013 22:17:38] /newtype 48
[22/09/2013 22:17:39] /newtype 49
[22/09/2013 22:17:48] /newtype 200
[22/09/2013 22:19:00] /i orochimaru armor
[22/09/2013 22:19:02] /i orochimaru tunic
[22/09/2013 22:19:20] /i gaara cat
[22/09/2013 22:19:22] /i gaara coat
[22/09/2013 22:19:34] /i nindaime armor
[22/09/2013 22:19:39] /i nidaime armor
[22/09/2013 22:20:58] /i yondaime boss
[22/09/2013 22:21:06] /m yondaime boss
[22/09/2013 22:21:17] /r
[22/09/2013 22:21:27] /newtype 40
[22/09/2013 22:21:29] /newtype 20
[22/09/2013 22:21:57] /i backpack
[22/09/2013 22:22:08] /i backpack
[22/09/2013 22:22:24] /i backpack
[22/09/2013 22:22:28] /i backpack
[22/09/2013 22:23:11] /i backpack
[22/09/2013 22:23:55] /i backpack
[22/09/2013 22:24:37] /i backpack
[22/09/2013 22:26:47] /up
[22/09/2013 22:26:48] /up
[22/09/2013 22:26:51] /a 2
[22/09/2013 22:26:51] /a 2
[22/09/2013 22:26:52] /a 2
[22/09/2013 22:26:55] /down
[22/09/2013 22:26:57] /a 2
[23/09/2013 13:07:01] /i 2126
