[17/11/2017 22:23:7] /a 2
[17/11/2017 22:23:33] /a 2
[17/11/2017 22:23:34] /a 2/a 2
[17/11/2017 22:23:35] /a 2
[17/11/2017 22:23:36] /a 2
[17/11/2017 22:23:37] /a 2
[17/11/2017 22:23:43] /a 5
[17/11/2017 22:23:49] /a 5
[17/11/2017 22:24:23] /a 10
[17/11/2017 22:24:28] /a 10
[17/11/2017 22:25:25] /goto viper
[17/11/2017 22:25:58] /goto [GM] Viper
[17/11/2017 22:26:52] /goto [GM] Viper
[17/11/2017 22:27:59] /goto [GM] Viper
[17/11/2017 22:30:0] /goto [GM] Viper
[17/11/2017 22:31:36] /goto [gm] viper
[17/11/2017 22:31:42] /goto [gm] viper
[17/11/2017 22:32:11] /goto [gm] viper.
[17/11/2017 22:32:56] /goto [GM] Viper.
[17/11/2017 22:34:15] /goto [GM] Viper.
[17/11/2017 22:34:19] /goto [GM] Viper.
[17/11/2017 22:34:36] /ghost
[17/11/2017 22:38:10] /goto [GM] Viper.
[17/11/2017 22:38:56] /goto [GM] Viper.
[17/11/2017 22:41:0] /goto [GM] Viper.
[17/11/2017 22:44:48] /ghost
