[15/04/2012 19:34:26] /bc não se esqueção de usa comando transformar ao entrar no server!!
[15/04/2012 19:34:51] /newtype 73
[15/04/2012 19:34:54] /newtype 72
[15/04/2012 19:34:57] /newtype 71
[15/04/2012 19:35:02] /newtype 75
[15/04/2012 19:35:06] /newtype 76
[15/04/2012 19:35:07] /newtype 77
[15/04/2012 19:35:09] /newtype 78
[15/04/2012 19:35:28] /newtype 79
[15/04/2012 19:35:33] /newtype 80
[15/04/2012 19:35:35] /newtype 81
[15/04/2012 19:35:37] /newtype 82
[15/04/2012 19:35:43] /newtype 80
[15/04/2012 19:35:51] /newtype 60
[15/04/2012 19:35:54] /newtype 61
[15/04/2012 19:35:57] /newtype 62
[15/04/2012 19:35:58] /newtype 63
[15/04/2012 19:36:00] /newtype 64
[15/04/2012 19:36:03] /newtype 65
[15/04/2012 19:36:06] /newtype 66
[15/04/2012 19:36:07] /newtype 67
[15/04/2012 19:36:08] /newtype 68
[15/04/2012 19:36:11] /newtype 69
[15/04/2012 19:36:13] /newtype 70
[15/04/2012 19:36:15] /newtype 71
[15/04/2012 19:36:16] /newtype 72
[15/04/2012 19:36:20] /newtype 50
[15/04/2012 19:36:24] /newtype 51
[15/04/2012 19:36:24] /newtype 52
[15/04/2012 19:36:29] /newtype 53
[15/04/2012 19:36:30] /newtype 54
[15/04/2012 19:36:32] /newtype 55
[15/04/2012 19:36:34] /newtype 5
[15/04/2012 19:36:37] /newtype 56
[15/04/2012 19:36:41] /newtype 57
[15/04/2012 19:36:43] /newtype 58
[15/04/2012 19:36:45] /newtype 58
[15/04/2012 19:36:48] /newtype 58
[15/04/2012 19:36:52] /newtype 59
[15/04/2012 19:36:54] /newtype 60
[15/04/2012 19:36:56] /newtype 61
[15/04/2012 19:37:41] /attr group 3
[15/04/2012 19:37:48] /name lolsinho, Ten ten
[15/04/2012 19:37:54] /name Lolsinho, Ten ten
[15/04/2012 19:38:41] /newtype 100
[15/04/2012 19:38:53] /newtype 377
[15/04/2012 19:39:08] /newtype 375
[15/04/2012 19:39:33] /ghost
[15/04/2012 19:39:46] /i backpack
[15/04/2012 19:41:12] /i strong shuriken
[15/04/2012 19:42:45] /i fuuma shuriken
[15/04/2012 19:44:01] /i shuriken
[15/04/2012 19:44:16] /i sand shuriken
[15/04/2012 19:44:57] /i suna shuriken
[15/04/2012 19:46:12] /t
[15/04/2012 19:53:15] /b vo ve o monstro la
[15/04/2012 19:53:32] /addskill chief anbu, level, 14
[15/04/2012 19:54:32] /s Bandit Sword
[15/04/2012 19:57:20] /goto chi'
[15/04/2012 19:57:22] /goto chi!
[15/04/2012 19:57:24] /goto chi~
[15/04/2012 19:57:28] /i backpack
[15/04/2012 19:57:36] /goto ten~
[15/04/2012 19:58:07] /c t~
[15/04/2012 19:58:59] /reload monster
[15/04/2012 19:59:03] /b arrumei
[15/04/2012 19:59:11] /s bandit sword
[15/04/2012 20:00:22] /reload monster
[15/04/2012 20:00:27] /s bandit swor
[15/04/2012 20:00:28] /s bandit sword
[15/04/2012 20:01:08] /goto ten ten
[15/04/2012 20:02:04] /b vo desloga rapidao
[16/04/2012 13:35:26] /ghost
[16/04/2012 13:35:27] /t
[16/04/2012 14:32:25] /ghost
[16/04/2012 14:32:25] /ghost
[16/04/2012 14:33:39] /bc dúvidas apenas no help
[16/04/2012 14:33:45] /bc dúvidas dúvidas apenas no help
[16/04/2012 14:34:54] /goto gaara~
[16/04/2012 14:34:59] /ghost
[16/04/2012 14:35:01] /c ga~
[16/04/2012 14:35:06] /t
[16/04/2012 14:35:07] /c ga~
[16/04/2012 14:35:25] /newtype 145
[16/04/2012 14:37:48] /t
[16/04/2012 14:38:25] /goto chief~
[16/04/2012 14:40:04] /addskill chief anbu, level, 1
[16/04/2012 14:40:21] /b afk rapidao
[16/04/2012 14:41:33] /b afk rapidao
[16/04/2012 20:32:25] /ghost
[16/04/2012 20:47:08] /goto legends
[16/04/2012 20:51:57] /b jaja ajudo vcs pera 1 poco to arrumando umas magias de kisame
[16/04/2012 20:52:04] /goto lu~
[16/04/2012 20:53:08] /reload spells
[16/04/2012 20:54:04] /b vo da uma deslogada rapidao pra vê 1 coisa
[16/04/2012 20:57:09] /t
[16/04/2012 20:58:38] /newtype 76
[16/04/2012 20:58:47] /newtype 77
[16/04/2012 20:58:50] /newtype 78
[16/04/2012 20:58:51] /newtype 79
[16/04/2012 20:58:54] /newtype 248
[16/04/2012 20:58:59] /newtype 249
[16/04/2012 20:59:33] /b ae vo edita as magias de shikamaru q tinha esquecido hehehe
[16/04/2012 21:00:40] /goto ri~
[16/04/2012 21:03:47] /t
[16/04/2012 21:04:46] /newtype 299
[16/04/2012 21:05:39] /goto le~
[16/04/2012 21:05:58] /ghost
[16/04/2012 21:07:19] /clean
[16/04/2012 21:07:39] /c le~
[16/04/2012 21:08:35] /newtype 320
[16/04/2012 21:09:21] /t
[16/04/2012 21:10:17] /newtype 95
[16/04/2012 21:13:32] /goto ri~
[16/04/2012 21:14:28] /ghost
[16/04/2012 21:14:33] /goto lucas zika
[16/04/2012 21:15:16] /goto legen~
[16/04/2012 21:15:24] /s unknow akatsuki
[16/04/2012 21:19:23] /goto uchiha'
[16/04/2012 21:19:30] /goto uchiha~
[16/04/2012 21:21:50] /reload spells
[16/04/2012 21:23:22] /c uchiha~
[16/04/2012 21:23:57] /s akamaru
[16/04/2012 21:24:02] /s akamaru
[16/04/2012 21:24:38] /c uchi~
[16/04/2012 21:26:49] /goto le~
[16/04/2012 21:27:02] /m bandit sword
[16/04/2012 21:27:05] /m bandit sword
[16/04/2012 21:28:29] /i strong shuriken
[16/04/2012 21:28:51] /ghost
[16/04/2012 21:29:20] /ghost
[16/04/2012 21:29:30] /i soldado pil
[16/04/2012 21:29:50] /a
[16/04/2012 21:30:20] /a
[16/04/2012 21:30:39] /t
[16/04/2012 21:33:31] /goto uch~
[16/04/2012 21:36:32] /goto lucas zika
[16/04/2012 21:36:35] /i chakra armor
[16/04/2012 21:37:35] /t
[16/04/2012 21:38:04] /goto hoster
[16/04/2012 21:38:07] /attr group 5
[16/04/2012 21:38:17] /kick hoster
[16/04/2012 21:43:45] /goto lucas~
[16/04/2012 21:44:12] /goto lucas~
[16/04/2012 21:44:30] /c hoster
[16/04/2012 21:44:37] /attr group 1
[16/04/2012 21:44:42] /attr group 1
[16/04/2012 21:44:47] /attr group 1
[16/04/2012 21:45:27] /ghost
[16/04/2012 21:45:28] /ghost
[16/04/2012 21:45:38] /b itachi é vocação free agora!
[16/04/2012 21:45:40] /goto lucas~
[16/04/2012 21:45:45] /attr group 3
[16/04/2012 21:45:59] /name lucas zika, [Tutor] Lucas zika
[16/04/2012 21:46:13] /name Lucas zika, [Tutor] Lucas zika
[16/04/2012 21:46:56] /goto lu~
[16/04/2012 21:47:01] /goto lucas~
[16/04/2012 21:47:21] /name Lucas Zika, [Tutor] Lucas Zika
[16/04/2012 21:47:32] /r
[16/04/2012 21:47:47] /goto legen~
[16/04/2012 21:47:59] /b novo tutor [Tutor] Lucas Zika!!
[16/04/2012 21:48:11] /b pk lv 75+
[16/04/2012 21:48:33] /b acabaram todas as vagas do server !
[16/04/2012 21:48:35] /goto [Tutor] Lucas Zika
[16/04/2012 21:49:08] /goto naruto sannin
[16/04/2012 21:49:26] /goto naruto sennin
[16/04/2012 21:49:42] /a 2
[16/04/2012 21:49:51] /c naru~
[16/04/2012 21:49:56] /attr group 5
[16/04/2012 21:50:01] /c vini
[16/04/2012 21:50:04] /attr group 5
[16/04/2012 21:50:05] /r
[16/04/2012 21:50:08] /r
[16/04/2012 21:52:47] /ghost
[16/04/2012 21:52:56] /ghost
[16/04/2012 21:54:18] /b vo desloga aqui 1 poco rapidao
[16/04/2012 22:00:37] /bc vini vini eu já falei vc n vai se god se persisti vai se banido!
[16/04/2012 22:01:56] /attr groyp 1
[16/04/2012 22:02:02] /attr group 1
[16/04/2012 22:02:36] /ghost
[16/04/2012 22:02:38] /ghost
[16/04/2012 22:05:59] /goto lege~
[16/04/2012 22:06:12] /goto [Tutor] Lucas Zika
[16/04/2012 22:06:37] /goto [Tutor] Lucas Zika
[16/04/2012 22:06:53] /i gaara coat
[16/04/2012 22:13:23] /b top do server Rinnegan level = [62] !
[16/04/2012 22:13:51] /t
[16/04/2012 22:14:09] /b quém é lv 30+ e qué sabe onde upa vem dp!
[16/04/2012 22:14:11] /ghost
[16/04/2012 22:14:41] /b quém é lv 30+ e qué sabe onde upa vem dp!
[16/04/2012 22:14:52] /b quém é lv 30+ e qué sabe onde upa vem dp (aonde começa aqui)!
[16/04/2012 22:17:31] /s sasuke akatsuki
[16/04/2012 22:18:09] /s sasuke akatsuki
[16/04/2012 22:18:43] /t
[16/04/2012 22:19:34] /goto vini~
[16/04/2012 22:19:42] /t vi~
[16/04/2012 22:19:46] /t
[16/04/2012 22:22:23] /b os jutsus são mais fortes com ninjutsu mais alto! como upar ninjutsu? basta dizer powerdown!
[16/04/2012 22:22:25] /b os jutsus são mais fortes com ninjutsu mais alto! como upar ninjutsu? basta dizer powerdown!
[16/04/2012 22:24:29] /t
[16/04/2012 22:27:52] /goto ri~
[16/04/2012 22:28:07] /b quem deleto as portas do trainer?
[16/04/2012 22:28:20] /b quem deleto as portas do trainer?
[16/04/2012 22:28:35] /b se ninguém se manifesta vo tira o cm de todos
[16/04/2012 22:29:11] /kick ri~
[16/04/2012 22:29:47] /goto naru~
[16/04/2012 22:29:57] /attr group 1
[16/04/2012 22:30:06] /b eu avisei
[16/04/2012 22:30:38] /goto susa~
[16/04/2012 22:31:04] /goto lu~
[16/04/2012 22:31:06] /goto lu~
[16/04/2012 22:31:17] /a
[16/04/2012 22:31:22] /a 20
[16/04/2012 22:31:25] /a 20
[16/04/2012 22:31:25] /a 20
[16/04/2012 22:31:26] /a 20
[16/04/2012 22:31:27] /a 20
[16/04/2012 22:31:28] /a 20
[16/04/2012 22:31:29] /a 20
[16/04/2012 22:32:11] /c Uchiha Itachi
[16/04/2012 22:32:23] /c jorj~
[16/04/2012 22:32:29] /c jor~
[16/04/2012 22:33:30] /reload spells
[16/04/2012 22:33:50] /b nova magia de lv 20 de itachi - katon daiedan
[16/04/2012 22:35:40] /reload spells
[16/04/2012 22:36:59] /reload spells
[16/04/2012 22:37:18] /goto [Tutor] Lucas Zika
[16/04/2012 22:37:23] /i explosion kunnai
[16/04/2012 22:37:40] /ghost
[16/04/2012 22:37:41] /ghost
[16/04/2012 22:38:13] /i sameada
[16/04/2012 22:38:19] /i samehada
[16/04/2012 22:45:15] /n mag
[16/04/2012 22:45:15] /n mad
[16/04/2012 22:45:54] /n itens distance
[16/04/2012 22:46:48] /reload talkactions
[16/04/2012 22:47:08] /b coloquei !rank
[16/04/2012 22:47:37] /t
[16/04/2012 22:47:52] /n Killer Bee
[16/04/2012 22:49:00] /goto ]'
[16/04/2012 22:49:18] /goto 
[16/04/2012 22:49:20] /goto [Tutor] Lucas Zika
[16/04/2012 22:52:30] /r
[16/04/2012 22:52:51] /n ezequiel
[16/04/2012 22:53:31] /goto susa'
[16/04/2012 22:53:34] /goto susa~
[16/04/2012 22:53:52] /a 50
[16/04/2012 22:54:12] /m trainer
[16/04/2012 22:54:43] /r
[16/04/2012 22:54:48] /a
[16/04/2012 22:54:49] /a
[16/04/2012 22:54:49] /a
[16/04/2012 22:54:49] /a
[16/04/2012 22:54:49] /a
[16/04/2012 22:54:49] /a
[16/04/2012 22:54:49] /a
[16/04/2012 22:54:49] /a
[16/04/2012 22:54:49] /a
[16/04/2012 22:54:49] /a
[16/04/2012 22:54:49] /a
[16/04/2012 22:54:49] /a
[16/04/2012 22:54:49] /a
[16/04/2012 22:54:50] /a
[16/04/2012 22:54:50] /a
[16/04/2012 22:54:50] /a
[16/04/2012 22:54:50] /a
[16/04/2012 22:54:50] /a
[16/04/2012 22:54:50] /a
[16/04/2012 22:54:50] /a
[16/04/2012 22:54:50] /a
[16/04/2012 22:54:50] /a
[16/04/2012 22:54:50] /a
[16/04/2012 22:54:50] /a
[16/04/2012 22:54:50] /a
[16/04/2012 22:54:50] /a
[16/04/2012 22:54:50] /a
[16/04/2012 22:54:50] /a
[16/04/2012 22:54:50] /a
[16/04/2012 22:54:50] /a
[16/04/2012 22:54:50] /a
[16/04/2012 22:54:50] /a
[16/04/2012 22:54:50] /a
[16/04/2012 22:54:50] /a
[16/04/2012 22:54:51] /a
[16/04/2012 22:54:51] /a
[16/04/2012 22:54:51] /a
[16/04/2012 22:54:51] /a
[16/04/2012 22:54:51] /a
[16/04/2012 22:54:51] /a
[16/04/2012 22:54:51] /a
[16/04/2012 22:54:51] /a
[16/04/2012 22:54:51] /a
[16/04/2012 22:54:51] /a
[16/04/2012 22:54:51] /a
[16/04/2012 22:54:51] /a
[16/04/2012 22:54:51] /a
[16/04/2012 22:54:51] /a
[16/04/2012 22:54:51] /a
[16/04/2012 22:54:51] /a
[16/04/2012 22:54:51] /a
[16/04/2012 22:54:51] /a
[16/04/2012 22:54:51] /a
[16/04/2012 22:54:51] /a
[16/04/2012 22:54:52] /a
[16/04/2012 22:54:52] /a
[16/04/2012 22:54:52] /a
[16/04/2012 22:54:52] /a
[16/04/2012 22:54:52] /a
[16/04/2012 22:54:52] /a
[16/04/2012 22:54:52] /a
[16/04/2012 22:54:52] /a
[16/04/2012 22:54:52] /a
[16/04/2012 22:54:52] /a
[16/04/2012 22:54:52] /a
[16/04/2012 22:54:52] /a
[16/04/2012 22:54:52] /a
[16/04/2012 22:54:52] /a
[16/04/2012 22:54:52] /a
[16/04/2012 22:54:52] /a
[16/04/2012 22:54:52] /a
[16/04/2012 22:54:52] /a
[16/04/2012 22:54:52] /a
[16/04/2012 22:54:55] /a
[16/04/2012 22:54:55] /a
[16/04/2012 22:54:55] /a
[16/04/2012 22:54:55] /a
[16/04/2012 22:54:55] /a
[16/04/2012 22:54:56] /a
[16/04/2012 22:54:56] /a
[16/04/2012 22:54:56] /a
[16/04/2012 22:54:56] /a
[16/04/2012 22:54:56] /a
[16/04/2012 22:54:56] /a
[16/04/2012 22:54:56] /a
[16/04/2012 22:54:56] /a
[16/04/2012 22:54:56] /a
[16/04/2012 22:54:56] /a
[16/04/2012 22:54:56] /a
[16/04/2012 22:54:56] /a
[16/04/2012 22:54:57] /a
[16/04/2012 22:54:57] /a
[16/04/2012 22:54:57] /a
[16/04/2012 22:54:57] /a
[16/04/2012 22:54:57] /a
[16/04/2012 22:54:57] /a
[16/04/2012 22:54:57] /a
[16/04/2012 22:54:57] /a
[16/04/2012 22:54:57] /a
[16/04/2012 22:54:57] /a
[16/04/2012 22:54:57] /a
[16/04/2012 22:54:57] /a
[16/04/2012 22:54:57] /a
[16/04/2012 22:54:57] /a
[16/04/2012 22:54:57] /a
[16/04/2012 22:54:57] /a
[16/04/2012 22:54:57] /a
[16/04/2012 22:54:57] /a
[16/04/2012 22:54:57] /a
[16/04/2012 22:54:57] /a
[16/04/2012 22:54:58] /a
[16/04/2012 22:54:58] /a
[16/04/2012 22:54:58] /a
[16/04/2012 22:54:58] /a
[16/04/2012 22:54:58] /a
[16/04/2012 22:54:58] /a
[16/04/2012 22:54:58] /a
[16/04/2012 22:54:58] /a
[16/04/2012 22:54:58] /a
[16/04/2012 22:54:58] /a
[16/04/2012 22:54:58] /a
[16/04/2012 22:54:58] /a
[16/04/2012 22:54:58] /a
[16/04/2012 22:54:58] /a
[16/04/2012 22:54:58] /a
[16/04/2012 22:54:58] /a
[16/04/2012 22:54:58] /a
[16/04/2012 22:54:58] /a
[16/04/2012 22:54:59] /a
[16/04/2012 22:54:59] /a
[16/04/2012 22:54:59] /a
[16/04/2012 22:54:59] /a
[16/04/2012 22:54:59] /a
[16/04/2012 22:54:59] /a
[16/04/2012 22:54:59] /a
[16/04/2012 22:54:59] /a
[16/04/2012 22:54:59] /a
[16/04/2012 22:54:59] /a
[16/04/2012 22:54:59] /a
[16/04/2012 22:54:59] /a
[16/04/2012 22:54:59] /a
[16/04/2012 22:54:59] /a
[16/04/2012 22:54:59] /a
[16/04/2012 22:54:59] /a
[16/04/2012 22:54:59] /a
[16/04/2012 22:55:08] /c su~
[16/04/2012 22:55:23] /a
[16/04/2012 22:55:44] /a
[16/04/2012 22:57:06] /b o server vai reinicia para arrumar a skill de glove q ta upando rapido demais
[16/04/2012 22:57:19] /b uns 3 minuto e ta on
[16/04/2012 22:57:20] /b rapidao
[16/04/2012 22:57:24] /save
[16/04/2012 23:11:49] /goto [Tutor] Lucas Zika
[16/04/2012 23:12:45] /m trainer
[16/04/2012 23:15:16] /reload spells
[16/04/2012 23:16:46] /newtype 377
[16/04/2012 23:18:12] /t
[16/04/2012 23:18:27] /owner † {ÐØNØ} Høkage †
[17/04/2012 13:09:15] /goto leg~
[17/04/2012 13:09:24] /ghost
[17/04/2012 13:09:31] /b vo sai do msn
[17/04/2012 13:09:38] /goto nbee
[17/04/2012 13:20:46] /t
[17/04/2012 13:21:03] /name nbee, [Tutor] Nbee
[17/04/2012 13:21:08] /name Nbee, [Tutor] Nbee
[17/04/2012 13:22:59] /owner † {ÐØNØ} Høkage †
[17/04/2012 13:23:02] /save
[17/04/2012 13:23:34] /r
[17/04/2012 13:23:43] /i yondaime coat
[17/04/2012 13:23:46] /i yondaime coat
[17/04/2012 13:23:47] /i yondaime coat
[17/04/2012 13:23:51] /i sasuke legs
[17/04/2012 13:23:51] /i sasuke legs
[17/04/2012 13:23:57] /i kasekage helmet
[17/04/2012 13:23:58] /i kasekage helmet
[17/04/2012 13:24:04] /i backpack
[17/04/2012 13:24:05] /i backpack
[17/04/2012 13:24:16] /i big shuriken
[17/04/2012 13:24:18] /i big shuriken
[17/04/2012 13:24:22] /i big shuriken
[17/04/2012 13:24:22] /i big shuriken
[17/04/2012 13:24:22] /i big shuriken
[17/04/2012 13:24:22] /i big shuriken
[17/04/2012 13:24:23] /i big shuriken
[17/04/2012 13:24:23] /i big shuriken
[17/04/2012 13:24:23] /i big shuriken
[17/04/2012 13:24:23] /i big shuriken
[17/04/2012 13:24:23] /i big shuriken
[17/04/2012 13:24:23] /i big shuriken
[17/04/2012 13:24:23] /i big shuriken
[17/04/2012 13:24:23] /i big shuriken
[17/04/2012 13:24:23] /i big shuriken
[17/04/2012 13:24:24] /i big shuriken
[17/04/2012 13:24:24] /i big shuriken
[17/04/2012 13:24:24] /i big shuriken
[17/04/2012 13:24:24] /i big shuriken
[17/04/2012 13:24:24] /i big shuriken
[17/04/2012 13:24:24] /i big shuriken
[17/04/2012 13:24:24] /i big shuriken
[17/04/2012 13:24:24] /i big shuriken
[17/04/2012 13:24:24] /i big shuriken
[17/04/2012 13:24:27] /i big shuriken
[17/04/2012 13:24:27] /i big shuriken
[17/04/2012 13:24:27] /i big shuriken
[17/04/2012 13:24:27] /i big shuriken
[17/04/2012 13:24:28] /i big shuriken
[17/04/2012 13:24:28] /i big shuriken
[17/04/2012 13:24:28] /i big shuriken
[17/04/2012 13:24:28] /i big shuriken
[17/04/2012 13:24:30] /i big shuriken
[17/04/2012 13:24:30] /i big shuriken
[17/04/2012 13:24:31] /i big shuriken
[17/04/2012 13:24:31] /i big shuriken
[17/04/2012 13:24:32] /i big shuriken
[17/04/2012 13:24:32] /i big shuriken
[17/04/2012 13:24:32] /i big shuriken
[22/04/2012 23:29:37] /t
[22/04/2012 23:31:01] /newtype 375
[22/04/2012 23:31:04] /newtype 376
[22/04/2012 23:31:05] /newtype 377
[22/04/2012 23:31:07] /newtype 375
[22/04/2012 23:34:52] /reload npc
[22/04/2012 23:35:04] /n killer bee promo
[22/04/2012 23:35:56] /i 2160
[22/04/2012 23:36:05] /i 2160
[22/04/2012 23:36:05] /i 2160
[22/04/2012 23:36:05] /i 2160
[22/04/2012 23:36:06] /i 2160
[22/04/2012 23:36:06] /i 2160
[22/04/2012 23:36:06] /i 2160
[22/04/2012 23:36:06] /i 2160
[22/04/2012 23:36:06] /i 2160
[22/04/2012 23:36:06] /i 2160
[22/04/2012 23:36:06] /i 2160
[22/04/2012 23:36:06] /i 2160
[22/04/2012 23:36:06] /i 2160
[22/04/2012 23:36:06] /i 2160
[22/04/2012 23:36:06] /i 2160
[22/04/2012 23:36:06] /i 2160
[22/04/2012 23:36:07] /i 2160
[22/04/2012 23:36:07] /i 2160
[22/04/2012 23:36:07] /i 2160
[22/04/2012 23:36:07] /i 2160
[22/04/2012 23:37:57] /i backpack
[22/04/2012 23:37:58] /i 2160
[22/04/2012 23:37:59] /i 2160
[22/04/2012 23:37:59] /i 2160
[22/04/2012 23:37:59] /i 2160
[22/04/2012 23:37:59] /i 2160
[22/04/2012 23:37:59] /i 2160
[22/04/2012 23:37:59] /i 2160
[22/04/2012 23:37:59] /i 2160
[22/04/2012 23:37:59] /i 2160
[22/04/2012 23:37:59] /i 2160
[22/04/2012 23:37:59] /i 2160
[22/04/2012 23:37:59] /i 2160
[22/04/2012 23:37:59] /i 2160
[22/04/2012 23:37:59] /i 2160
[22/04/2012 23:38:00] /i 2160
[22/04/2012 23:38:00] /i 2160
[22/04/2012 23:38:00] /i 2160
[22/04/2012 23:38:00] /i 2160
[22/04/2012 23:38:00] /i 2160
[22/04/2012 23:38:00] /i 2160
[22/04/2012 23:38:00] /i 2160
[22/04/2012 23:38:00] /i 2160
[22/04/2012 23:38:00] /i 2160
[22/04/2012 23:38:00] /i 2160
[22/04/2012 23:38:00] /i 2160
[22/04/2012 23:38:00] /i 2160
[22/04/2012 23:38:00] /i 2160
[22/04/2012 23:38:00] /i 2160
[22/04/2012 23:38:00] /i 2160
[22/04/2012 23:38:00] /i 2160
[22/04/2012 23:38:00] /i 2160
[22/04/2012 23:38:00] /i 2160
[22/04/2012 23:38:02] /clean
[22/04/2012 23:38:02] /i 2160
[22/04/2012 23:38:02] /i 2160
[22/04/2012 23:38:04] /clean
[22/04/2012 23:38:08] /reload npc
[23/04/2012 14:12:31] /reload spells
[23/04/2012 14:13:00] /reload spells
[23/04/2012 14:18:32] /reload spells
[24/04/2012 13:39:22] /t
[24/04/2012 13:45:16] /reload global events
[24/04/2012 13:48:16] /reload global events
[24/04/2012 13:50:51] /reload global events
[24/04/2012 13:51:28] /reload global events
[24/04/2012 13:53:58] /reload global events
[24/04/2012 13:59:35] /reload global events
[24/04/2012 14:02:22] /reload global events
[24/04/2012 14:03:24] /reload global events
[24/04/2012 14:05:48] /reload global events
[24/04/2012 14:06:13] /reload global events
[24/04/2012 14:07:39] /reload global events
[24/04/2012 14:09:35] /reload global events
[24/04/2012 14:10:14] /reload global events
[24/04/2012 14:10:36] /t
[24/04/2012 14:15:45] /m trainer
[24/04/2012 14:17:18] /reload global events
[24/04/2012 14:17:42] /reload global events
[24/04/2012 14:18:06] /reload global events
[24/04/2012 14:22:59] /reload global events
[24/04/2012 14:28:30] /reload global events
[24/04/2012 14:35:40] /reload monster
[24/04/2012 14:35:47] /m trainer itachi
[24/04/2012 14:35:52] /m trainer lee
[24/04/2012 14:36:18] /newtype 193
[24/04/2012 14:58:20] /reload global events
[24/04/2012 14:59:04] /reload global events
[24/04/2012 14:59:49] /reload global events
[24/04/2012 15:00:22] /reload global events
[24/04/2012 15:07:04] /reload global events
[24/04/2012 15:07:58] /reload global events
[24/04/2012 15:09:00] /reload global events
[24/04/2012 15:11:11] /reload global events
[24/04/2012 15:11:31] /reload global events
[24/04/2012 15:13:08] /reload global events
[24/04/2012 15:13:51] /reload global events
[24/04/2012 19:21:43] /reload spells
[24/04/2012 19:22:27] /reload spells
[24/04/2012 19:23:23] /reload spells
[24/04/2012 19:23:48] /reload spells
[24/04/2012 19:24:09] /reload spells
[24/04/2012 19:25:11] /reload spells
[24/04/2012 19:27:08] /reload spells
[24/04/2012 19:29:06] /reload spells
[24/04/2012 19:30:17] /reload spells
[24/04/2012 19:31:11] /i 6839
[24/04/2012 19:31:18] /i 6839
[24/04/2012 19:31:18] /i 6839
[24/04/2012 19:31:28] /i 6839
[24/04/2012 19:31:32] /i 6839
[24/04/2012 19:31:32] /i 6839
[24/04/2012 19:31:32] /i 6839
[24/04/2012 19:31:33] /i 6839
[24/04/2012 19:31:33] /i 6839
[24/04/2012 19:31:36] /i 6839
[24/04/2012 19:31:37] /i 6839
[24/04/2012 19:31:41] /r
[24/04/2012 19:31:42] /i 6839
[24/04/2012 19:31:43] /i 6839
[24/04/2012 19:31:43] /i 6839
[24/04/2012 19:31:44] /i 6839
[24/04/2012 19:31:44] /i 6839
[24/04/2012 19:32:23] /reload spells
[24/04/2012 19:34:00] /reload spells
[24/04/2012 19:35:41] /reload spells
[24/04/2012 19:36:16] /reload spells
[24/04/2012 19:37:32] /reload spells
[24/04/2012 19:37:57] /r
[24/04/2012 19:38:01] /r 10
[24/04/2012 19:38:13] /addskill † {ÐØNØ} Høkage †, level, 250
[24/04/2012 19:38:22] /addskill † {ÐØNØ} Høkage †, magic level, 250
[24/04/2012 19:41:52] /reload spells
[24/04/2012 19:43:13] /attr set attack 99999999
[24/04/2012 19:44:28] /reload spells
[24/04/2012 19:48:16] /reload spells
[24/04/2012 19:49:51] /reload spells
[24/04/2012 19:50:40] /reload spells
[24/04/2012 19:51:55] /reload spells
[24/04/2012 19:52:33] /r
[24/04/2012 19:52:34] /r
[24/04/2012 19:52:39] /r
[24/04/2012 21:01:03] /t
[24/04/2012 21:01:06] !buyvip
